[2024-10-02T17:28:57.838+0000] {local_task_job_runner.py:120} INFO - ::group::Pre task execution logs
[2024-10-02T17:28:57.866+0000] {taskinstance.py:2076} INFO - Dependencies all met for dep_context=non-requeueable deps ti=<TaskInstance: etl_covid_europa_pipeline.extrair scheduled__2024-04-26T00:00:00+00:00 [queued]>
[2024-10-02T17:28:57.878+0000] {taskinstance.py:2076} INFO - Dependencies all met for dep_context=requeueable deps ti=<TaskInstance: etl_covid_europa_pipeline.extrair scheduled__2024-04-26T00:00:00+00:00 [queued]>
[2024-10-02T17:28:57.879+0000] {taskinstance.py:2306} INFO - Starting attempt 1 of 1
[2024-10-02T17:28:58.169+0000] {taskinstance.py:2330} INFO - Executing <Task(PythonOperator): extrair> on 2024-04-26 00:00:00+00:00
[2024-10-02T17:28:58.176+0000] {warnings.py:112} WARNING - /home/***/.local/lib/python3.12/site-packages/***/task/task_runner/standard_task_runner.py:61: DeprecationWarning: This process (pid=2290) is multi-threaded, use of fork() may lead to deadlocks in the child.
  pid = os.fork()

[2024-10-02T17:28:58.177+0000] {standard_task_runner.py:63} INFO - Started process 2311 to run task
[2024-10-02T17:28:58.177+0000] {standard_task_runner.py:90} INFO - Running: ['***', 'tasks', 'run', 'etl_covid_europa_pipeline', 'extrair', 'scheduled__2024-04-26T00:00:00+00:00', '--job-id', '365', '--raw', '--subdir', 'DAGS_FOLDER/etl_pipeline.py', '--cfg-path', '/tmp/tmpn48c91sh']
[2024-10-02T17:28:58.180+0000] {standard_task_runner.py:91} INFO - Job 365: Subtask extrair
[2024-10-02T17:28:58.233+0000] {task_command.py:426} INFO - Running <TaskInstance: etl_covid_europa_pipeline.extrair scheduled__2024-04-26T00:00:00+00:00 [running]> on host 99de7dfc3871
[2024-10-02T17:28:58.328+0000] {taskinstance.py:2648} INFO - Exporting env vars: AIRFLOW_CTX_DAG_OWNER='***' AIRFLOW_CTX_DAG_ID='etl_covid_europa_pipeline' AIRFLOW_CTX_TASK_ID='extrair' AIRFLOW_CTX_EXECUTION_DATE='2024-04-26T00:00:00+00:00' AIRFLOW_CTX_TRY_NUMBER='1' AIRFLOW_CTX_DAG_RUN_ID='scheduled__2024-04-26T00:00:00+00:00'
[2024-10-02T17:28:58.330+0000] {taskinstance.py:430} INFO - ::endgroup::
[2024-10-02T17:29:05.052+0000] {python.py:237} INFO - Done. Returned value was: None
[2024-10-02T17:29:05.052+0000] {taskinstance.py:441} INFO - ::group::Post task execution logs
[2024-10-02T17:29:05.063+0000] {taskinstance.py:1206} INFO - Marking task as SUCCESS. dag_id=etl_covid_europa_pipeline, task_id=extrair, run_id=scheduled__2024-04-26T00:00:00+00:00, execution_date=20240426T000000, start_date=20241002T172857, end_date=20241002T172905
[2024-10-02T17:29:05.085+0000] {local_task_job_runner.py:240} INFO - Task exited with return code 0
[2024-10-02T17:29:05.115+0000] {taskinstance.py:3503} INFO - 1 downstream tasks scheduled from follow-on schedule check
[2024-10-02T17:29:05.117+0000] {local_task_job_runner.py:222} INFO - ::endgroup::
[2024-10-02T19:01:36.371+0000] {local_task_job_runner.py:120} INFO - ::group::Pre task execution logs
[2024-10-02T19:01:36.402+0000] {taskinstance.py:2076} INFO - Dependencies all met for dep_context=non-requeueable deps ti=<TaskInstance: etl_covid_europa_pipeline.extrair scheduled__2024-04-26T00:00:00+00:00 [queued]>
[2024-10-02T19:01:36.414+0000] {taskinstance.py:2076} INFO - Dependencies all met for dep_context=requeueable deps ti=<TaskInstance: etl_covid_europa_pipeline.extrair scheduled__2024-04-26T00:00:00+00:00 [queued]>
[2024-10-02T19:01:36.415+0000] {taskinstance.py:2306} INFO - Starting attempt 1 of 1
[2024-10-02T19:01:36.775+0000] {taskinstance.py:2330} INFO - Executing <Task(PythonOperator): extrair> on 2024-04-26 00:00:00+00:00
[2024-10-02T19:01:36.785+0000] {warnings.py:112} WARNING - /home/***/.local/lib/python3.12/site-packages/***/task/task_runner/standard_task_runner.py:61: DeprecationWarning: This process (pid=7073) is multi-threaded, use of fork() may lead to deadlocks in the child.
  pid = os.fork()

[2024-10-02T19:01:36.787+0000] {standard_task_runner.py:63} INFO - Started process 7089 to run task
[2024-10-02T19:01:36.786+0000] {standard_task_runner.py:90} INFO - Running: ['***', 'tasks', 'run', 'etl_covid_europa_pipeline', 'extrair', 'scheduled__2024-04-26T00:00:00+00:00', '--job-id', '1558', '--raw', '--subdir', 'DAGS_FOLDER/etl_pipeline.py', '--cfg-path', '/tmp/tmp49bbesub']
[2024-10-02T19:01:36.796+0000] {standard_task_runner.py:91} INFO - Job 1558: Subtask extrair
[2024-10-02T19:01:36.857+0000] {task_command.py:426} INFO - Running <TaskInstance: etl_covid_europa_pipeline.extrair scheduled__2024-04-26T00:00:00+00:00 [running]> on host 99de7dfc3871
[2024-10-02T19:01:36.985+0000] {taskinstance.py:2648} INFO - Exporting env vars: AIRFLOW_CTX_DAG_OWNER='***' AIRFLOW_CTX_DAG_ID='etl_covid_europa_pipeline' AIRFLOW_CTX_TASK_ID='extrair' AIRFLOW_CTX_EXECUTION_DATE='2024-04-26T00:00:00+00:00' AIRFLOW_CTX_TRY_NUMBER='1' AIRFLOW_CTX_DAG_RUN_ID='scheduled__2024-04-26T00:00:00+00:00'
[2024-10-02T19:01:36.986+0000] {taskinstance.py:430} INFO - ::endgroup::
[2024-10-02T19:01:43.052+0000] {python.py:237} INFO - Done. Returned value was: None
[2024-10-02T19:01:43.053+0000] {taskinstance.py:441} INFO - ::group::Post task execution logs
[2024-10-02T19:01:43.063+0000] {taskinstance.py:1206} INFO - Marking task as SUCCESS. dag_id=etl_covid_europa_pipeline, task_id=extrair, run_id=scheduled__2024-04-26T00:00:00+00:00, execution_date=20240426T000000, start_date=20241002T190136, end_date=20241002T190143
[2024-10-02T19:01:43.107+0000] {local_task_job_runner.py:240} INFO - Task exited with return code 0
[2024-10-02T19:01:43.143+0000] {taskinstance.py:3503} INFO - 1 downstream tasks scheduled from follow-on schedule check
[2024-10-02T19:01:43.145+0000] {local_task_job_runner.py:222} INFO - ::endgroup::
[2024-10-02T19:27:44.458+0000] {local_task_job_runner.py:120} INFO - ::group::Pre task execution logs
[2024-10-02T19:27:44.487+0000] {taskinstance.py:2076} INFO - Dependencies all met for dep_context=non-requeueable deps ti=<TaskInstance: etl_covid_europa_pipeline.extrair scheduled__2024-04-26T00:00:00+00:00 [queued]>
[2024-10-02T19:27:44.498+0000] {taskinstance.py:2076} INFO - Dependencies all met for dep_context=requeueable deps ti=<TaskInstance: etl_covid_europa_pipeline.extrair scheduled__2024-04-26T00:00:00+00:00 [queued]>
[2024-10-02T19:27:44.499+0000] {taskinstance.py:2306} INFO - Starting attempt 1 of 1
[2024-10-02T19:27:44.514+0000] {taskinstance.py:2330} INFO - Executing <Task(PythonOperator): extrair> on 2024-04-26 00:00:00+00:00
[2024-10-02T19:27:44.521+0000] {warnings.py:112} WARNING - /home/***/.local/lib/python3.12/site-packages/***/task/task_runner/standard_task_runner.py:61: DeprecationWarning: This process (pid=10504) is multi-threaded, use of fork() may lead to deadlocks in the child.
  pid = os.fork()

[2024-10-02T19:27:44.522+0000] {standard_task_runner.py:63} INFO - Started process 10517 to run task
[2024-10-02T19:27:44.522+0000] {standard_task_runner.py:90} INFO - Running: ['***', 'tasks', 'run', 'etl_covid_europa_pipeline', 'extrair', 'scheduled__2024-04-26T00:00:00+00:00', '--job-id', '2590', '--raw', '--subdir', 'DAGS_FOLDER/etl_pipeline_agrupar_continente.py', '--cfg-path', '/tmp/tmpyzptpeot']
[2024-10-02T19:27:44.524+0000] {standard_task_runner.py:91} INFO - Job 2590: Subtask extrair
[2024-10-02T19:27:44.814+0000] {task_command.py:426} INFO - Running <TaskInstance: etl_covid_europa_pipeline.extrair scheduled__2024-04-26T00:00:00+00:00 [running]> on host 99de7dfc3871
[2024-10-02T19:27:45.004+0000] {taskinstance.py:2648} INFO - Exporting env vars: AIRFLOW_CTX_DAG_OWNER='***' AIRFLOW_CTX_DAG_ID='etl_covid_europa_pipeline' AIRFLOW_CTX_TASK_ID='extrair' AIRFLOW_CTX_EXECUTION_DATE='2024-04-26T00:00:00+00:00' AIRFLOW_CTX_TRY_NUMBER='1' AIRFLOW_CTX_DAG_RUN_ID='scheduled__2024-04-26T00:00:00+00:00'
[2024-10-02T19:27:45.006+0000] {taskinstance.py:430} INFO - ::endgroup::
[2024-10-02T19:27:52.195+0000] {python.py:237} INFO - Done. Returned value was: None
[2024-10-02T19:27:52.196+0000] {taskinstance.py:441} INFO - ::group::Post task execution logs
[2024-10-02T19:27:52.208+0000] {taskinstance.py:1206} INFO - Marking task as SUCCESS. dag_id=etl_covid_europa_pipeline, task_id=extrair, run_id=scheduled__2024-04-26T00:00:00+00:00, execution_date=20240426T000000, start_date=20241002T192744, end_date=20241002T192752
[2024-10-02T19:27:52.245+0000] {local_task_job_runner.py:240} INFO - Task exited with return code 0
[2024-10-02T19:27:52.277+0000] {taskinstance.py:3503} INFO - 1 downstream tasks scheduled from follow-on schedule check
[2024-10-02T19:27:52.280+0000] {local_task_job_runner.py:222} INFO - ::endgroup::
