[2024-10-02T19:00:08.224+0000] {local_task_job_runner.py:120} INFO - ::group::Pre task execution logs
[2024-10-02T19:00:08.581+0000] {taskinstance.py:2076} INFO - Dependencies all met for dep_context=non-requeueable deps ti=<TaskInstance: etl_covid_europa_pipeline.transformar scheduled__2024-02-13T00:00:00+00:00 [queued]>
[2024-10-02T19:00:08.600+0000] {taskinstance.py:2076} INFO - Dependencies all met for dep_context=requeueable deps ti=<TaskInstance: etl_covid_europa_pipeline.transformar scheduled__2024-02-13T00:00:00+00:00 [queued]>
[2024-10-02T19:00:08.601+0000] {taskinstance.py:2306} INFO - Starting attempt 1 of 1
[2024-10-02T19:00:08.623+0000] {taskinstance.py:2330} INFO - Executing <Task(PythonOperator): transformar> on 2024-02-13 00:00:00+00:00
[2024-10-02T19:00:08.632+0000] {warnings.py:112} WARNING - /home/***/.local/lib/python3.12/site-packages/***/task/task_runner/standard_task_runner.py:61: DeprecationWarning: This process (pid=6476) is multi-threaded, use of fork() may lead to deadlocks in the child.
  pid = os.fork()

[2024-10-02T19:00:08.635+0000] {standard_task_runner.py:63} INFO - Started process 6488 to run task
[2024-10-02T19:00:08.634+0000] {standard_task_runner.py:90} INFO - Running: ['***', 'tasks', 'run', 'etl_covid_europa_pipeline', 'transformar', 'scheduled__2024-02-13T00:00:00+00:00', '--job-id', '1365', '--raw', '--subdir', 'DAGS_FOLDER/etl_pipeline.py', '--cfg-path', '/tmp/tmpvtsb7ajq']
[2024-10-02T19:00:08.645+0000] {standard_task_runner.py:91} INFO - Job 1365: Subtask transformar
[2024-10-02T19:00:08.738+0000] {task_command.py:426} INFO - Running <TaskInstance: etl_covid_europa_pipeline.transformar scheduled__2024-02-13T00:00:00+00:00 [running]> on host 99de7dfc3871
[2024-10-02T19:00:08.888+0000] {taskinstance.py:2648} INFO - Exporting env vars: AIRFLOW_CTX_DAG_OWNER='***' AIRFLOW_CTX_DAG_ID='etl_covid_europa_pipeline' AIRFLOW_CTX_TASK_ID='transformar' AIRFLOW_CTX_EXECUTION_DATE='2024-02-13T00:00:00+00:00' AIRFLOW_CTX_TRY_NUMBER='1' AIRFLOW_CTX_DAG_RUN_ID='scheduled__2024-02-13T00:00:00+00:00'
[2024-10-02T19:00:08.890+0000] {taskinstance.py:430} INFO - ::endgroup::
[2024-10-02T19:00:09.128+0000] {python.py:237} INFO - Done. Returned value was: None
[2024-10-02T19:00:09.130+0000] {taskinstance.py:441} INFO - ::group::Post task execution logs
[2024-10-02T19:00:09.149+0000] {taskinstance.py:1206} INFO - Marking task as SUCCESS. dag_id=etl_covid_europa_pipeline, task_id=transformar, run_id=scheduled__2024-02-13T00:00:00+00:00, execution_date=20240213T000000, start_date=20241002T190008, end_date=20241002T190009
[2024-10-02T19:00:09.222+0000] {local_task_job_runner.py:240} INFO - Task exited with return code 0
[2024-10-02T19:00:09.256+0000] {taskinstance.py:3503} INFO - 1 downstream tasks scheduled from follow-on schedule check
[2024-10-02T19:00:09.266+0000] {local_task_job_runner.py:222} INFO - ::endgroup::
[2024-10-02T19:26:11.699+0000] {local_task_job_runner.py:120} INFO - ::group::Pre task execution logs
[2024-10-02T19:26:11.729+0000] {taskinstance.py:2076} INFO - Dependencies all met for dep_context=non-requeueable deps ti=<TaskInstance: etl_covid_europa_pipeline.transformar scheduled__2024-02-13T00:00:00+00:00 [queued]>
[2024-10-02T19:26:12.047+0000] {taskinstance.py:2076} INFO - Dependencies all met for dep_context=requeueable deps ti=<TaskInstance: etl_covid_europa_pipeline.transformar scheduled__2024-02-13T00:00:00+00:00 [queued]>
[2024-10-02T19:26:12.047+0000] {taskinstance.py:2306} INFO - Starting attempt 1 of 1
[2024-10-02T19:26:12.063+0000] {taskinstance.py:2330} INFO - Executing <Task(PythonOperator): transformar> on 2024-02-13 00:00:00+00:00
[2024-10-02T19:26:12.074+0000] {warnings.py:112} WARNING - /home/***/.local/lib/python3.12/site-packages/***/task/task_runner/standard_task_runner.py:61: DeprecationWarning: This process (pid=9856) is multi-threaded, use of fork() may lead to deadlocks in the child.
  pid = os.fork()

[2024-10-02T19:26:12.076+0000] {standard_task_runner.py:63} INFO - Started process 9879 to run task
[2024-10-02T19:26:12.076+0000] {standard_task_runner.py:90} INFO - Running: ['***', 'tasks', 'run', 'etl_covid_europa_pipeline', 'transformar', 'scheduled__2024-02-13T00:00:00+00:00', '--job-id', '2384', '--raw', '--subdir', 'DAGS_FOLDER/etl_pipeline.py', '--cfg-path', '/tmp/tmpw8lb_vk4']
[2024-10-02T19:26:12.080+0000] {standard_task_runner.py:91} INFO - Job 2384: Subtask transformar
[2024-10-02T19:26:12.142+0000] {task_command.py:426} INFO - Running <TaskInstance: etl_covid_europa_pipeline.transformar scheduled__2024-02-13T00:00:00+00:00 [running]> on host 99de7dfc3871
[2024-10-02T19:26:12.265+0000] {taskinstance.py:2648} INFO - Exporting env vars: AIRFLOW_CTX_DAG_OWNER='***' AIRFLOW_CTX_DAG_ID='etl_covid_europa_pipeline' AIRFLOW_CTX_TASK_ID='transformar' AIRFLOW_CTX_EXECUTION_DATE='2024-02-13T00:00:00+00:00' AIRFLOW_CTX_TRY_NUMBER='1' AIRFLOW_CTX_DAG_RUN_ID='scheduled__2024-02-13T00:00:00+00:00'
[2024-10-02T19:26:12.270+0000] {taskinstance.py:430} INFO - ::endgroup::
[2024-10-02T19:26:12.453+0000] {python.py:237} INFO - Done. Returned value was: None
[2024-10-02T19:26:12.455+0000] {taskinstance.py:441} INFO - ::group::Post task execution logs
[2024-10-02T19:26:12.466+0000] {taskinstance.py:1206} INFO - Marking task as SUCCESS. dag_id=etl_covid_europa_pipeline, task_id=transformar, run_id=scheduled__2024-02-13T00:00:00+00:00, execution_date=20240213T000000, start_date=20241002T192611, end_date=20241002T192612
[2024-10-02T19:26:12.532+0000] {local_task_job_runner.py:240} INFO - Task exited with return code 0
[2024-10-02T19:26:12.542+0000] {local_task_job_runner.py:222} INFO - ::endgroup::
