[2024-10-02T18:55:13.858+0000] {local_task_job_runner.py:120} INFO - ::group::Pre task execution logs
[2024-10-02T18:55:13.888+0000] {taskinstance.py:2076} INFO - Dependencies all met for dep_context=non-requeueable deps ti=<TaskInstance: etl_covid_europa_pipeline.carregar scheduled__2024-08-20T00:00:00+00:00 [queued]>
[2024-10-02T18:55:14.116+0000] {taskinstance.py:2076} INFO - Dependencies all met for dep_context=requeueable deps ti=<TaskInstance: etl_covid_europa_pipeline.carregar scheduled__2024-08-20T00:00:00+00:00 [queued]>
[2024-10-02T18:55:14.117+0000] {taskinstance.py:2306} INFO - Starting attempt 1 of 1
[2024-10-02T18:55:14.134+0000] {taskinstance.py:2330} INFO - Executing <Task(PythonOperator): carregar> on 2024-08-20 00:00:00+00:00
[2024-10-02T18:55:14.143+0000] {warnings.py:112} WARNING - /home/***/.local/lib/python3.12/site-packages/***/task/task_runner/standard_task_runner.py:61: DeprecationWarning: This process (pid=4869) is multi-threaded, use of fork() may lead to deadlocks in the child.
  pid = os.fork()

[2024-10-02T18:55:14.146+0000] {standard_task_runner.py:63} INFO - Started process 4890 to run task
[2024-10-02T18:55:14.144+0000] {standard_task_runner.py:90} INFO - Running: ['***', 'tasks', 'run', 'etl_covid_europa_pipeline', 'carregar', 'scheduled__2024-08-20T00:00:00+00:00', '--job-id', '854', '--raw', '--subdir', 'DAGS_FOLDER/etl_pipeline.py', '--cfg-path', '/tmp/tmpsui1zanf']
[2024-10-02T18:55:14.148+0000] {standard_task_runner.py:91} INFO - Job 854: Subtask carregar
[2024-10-02T18:55:14.203+0000] {task_command.py:426} INFO - Running <TaskInstance: etl_covid_europa_pipeline.carregar scheduled__2024-08-20T00:00:00+00:00 [running]> on host 99de7dfc3871
[2024-10-02T18:55:14.338+0000] {taskinstance.py:2648} INFO - Exporting env vars: AIRFLOW_CTX_DAG_OWNER='***' AIRFLOW_CTX_DAG_ID='etl_covid_europa_pipeline' AIRFLOW_CTX_TASK_ID='carregar' AIRFLOW_CTX_EXECUTION_DATE='2024-08-20T00:00:00+00:00' AIRFLOW_CTX_TRY_NUMBER='1' AIRFLOW_CTX_DAG_RUN_ID='scheduled__2024-08-20T00:00:00+00:00'
[2024-10-02T18:55:14.340+0000] {taskinstance.py:430} INFO - ::endgroup::
[2024-10-02T18:55:14.420+0000] {python.py:237} INFO - Done. Returned value was: None
[2024-10-02T18:55:14.421+0000] {taskinstance.py:441} INFO - ::group::Post task execution logs
[2024-10-02T18:55:14.433+0000] {taskinstance.py:1206} INFO - Marking task as SUCCESS. dag_id=etl_covid_europa_pipeline, task_id=carregar, run_id=scheduled__2024-08-20T00:00:00+00:00, execution_date=20240820T000000, start_date=20241002T185513, end_date=20241002T185514
[2024-10-02T18:55:14.526+0000] {local_task_job_runner.py:240} INFO - Task exited with return code 0
[2024-10-02T18:55:14.540+0000] {local_task_job_runner.py:222} INFO - ::endgroup::
[2024-10-02T19:04:13.360+0000] {local_task_job_runner.py:120} INFO - ::group::Pre task execution logs
[2024-10-02T19:04:13.392+0000] {taskinstance.py:2076} INFO - Dependencies all met for dep_context=non-requeueable deps ti=<TaskInstance: etl_covid_europa_pipeline.carregar scheduled__2024-08-20T00:00:00+00:00 [queued]>
[2024-10-02T19:04:13.680+0000] {taskinstance.py:2076} INFO - Dependencies all met for dep_context=requeueable deps ti=<TaskInstance: etl_covid_europa_pipeline.carregar scheduled__2024-08-20T00:00:00+00:00 [queued]>
[2024-10-02T19:04:13.682+0000] {taskinstance.py:2306} INFO - Starting attempt 1 of 1
[2024-10-02T19:04:13.703+0000] {taskinstance.py:2330} INFO - Executing <Task(PythonOperator): carregar> on 2024-08-20 00:00:00+00:00
[2024-10-02T19:04:13.711+0000] {warnings.py:112} WARNING - /home/***/.local/lib/python3.12/site-packages/***/task/task_runner/standard_task_runner.py:61: DeprecationWarning: This process (pid=8162) is multi-threaded, use of fork() may lead to deadlocks in the child.
  pid = os.fork()

[2024-10-02T19:04:13.713+0000] {standard_task_runner.py:63} INFO - Started process 8184 to run task
[2024-10-02T19:04:13.715+0000] {standard_task_runner.py:90} INFO - Running: ['***', 'tasks', 'run', 'etl_covid_europa_pipeline', 'carregar', 'scheduled__2024-08-20T00:00:00+00:00', '--job-id', '1910', '--raw', '--subdir', 'DAGS_FOLDER/etl_pipeline.py', '--cfg-path', '/tmp/tmpk3g55_3z']
[2024-10-02T19:04:13.718+0000] {standard_task_runner.py:91} INFO - Job 1910: Subtask carregar
[2024-10-02T19:04:13.787+0000] {task_command.py:426} INFO - Running <TaskInstance: etl_covid_europa_pipeline.carregar scheduled__2024-08-20T00:00:00+00:00 [running]> on host 99de7dfc3871
[2024-10-02T19:04:13.936+0000] {taskinstance.py:2648} INFO - Exporting env vars: AIRFLOW_CTX_DAG_OWNER='***' AIRFLOW_CTX_DAG_ID='etl_covid_europa_pipeline' AIRFLOW_CTX_TASK_ID='carregar' AIRFLOW_CTX_EXECUTION_DATE='2024-08-20T00:00:00+00:00' AIRFLOW_CTX_TRY_NUMBER='1' AIRFLOW_CTX_DAG_RUN_ID='scheduled__2024-08-20T00:00:00+00:00'
[2024-10-02T19:04:13.937+0000] {taskinstance.py:430} INFO - ::endgroup::
[2024-10-02T19:04:14.005+0000] {python.py:237} INFO - Done. Returned value was: None
[2024-10-02T19:04:14.006+0000] {taskinstance.py:441} INFO - ::group::Post task execution logs
[2024-10-02T19:04:14.017+0000] {taskinstance.py:1206} INFO - Marking task as SUCCESS. dag_id=etl_covid_europa_pipeline, task_id=carregar, run_id=scheduled__2024-08-20T00:00:00+00:00, execution_date=20240820T000000, start_date=20241002T190413, end_date=20241002T190414
[2024-10-02T19:04:14.049+0000] {local_task_job_runner.py:240} INFO - Task exited with return code 0
[2024-10-02T19:04:14.070+0000] {taskinstance.py:3503} INFO - 0 downstream tasks scheduled from follow-on schedule check
[2024-10-02T19:04:14.074+0000] {local_task_job_runner.py:222} INFO - ::endgroup::
