[2024-10-02T17:26:34.972+0000] {local_task_job_runner.py:120} INFO - ::group::Pre task execution logs
[2024-10-02T17:26:34.998+0000] {taskinstance.py:2076} INFO - Dependencies all met for dep_context=non-requeueable deps ti=<TaskInstance: etl_covid_europa_pipeline.transformar scheduled__2023-12-20T00:00:00+00:00 [queued]>
[2024-10-02T17:26:35.007+0000] {taskinstance.py:2076} INFO - Dependencies all met for dep_context=requeueable deps ti=<TaskInstance: etl_covid_europa_pipeline.transformar scheduled__2023-12-20T00:00:00+00:00 [queued]>
[2024-10-02T17:26:35.007+0000] {taskinstance.py:2306} INFO - Starting attempt 1 of 1
[2024-10-02T17:26:35.256+0000] {taskinstance.py:2330} INFO - Executing <Task(PythonOperator): transformar> on 2023-12-20 00:00:00+00:00
[2024-10-02T17:26:35.264+0000] {warnings.py:112} WARNING - /home/***/.local/lib/python3.12/site-packages/***/task/task_runner/standard_task_runner.py:61: DeprecationWarning: This process (pid=1652) is multi-threaded, use of fork() may lead to deadlocks in the child.
  pid = os.fork()

[2024-10-02T17:26:35.266+0000] {standard_task_runner.py:63} INFO - Started process 1662 to run task
[2024-10-02T17:26:35.266+0000] {standard_task_runner.py:90} INFO - Running: ['***', 'tasks', 'run', 'etl_covid_europa_pipeline', 'transformar', 'scheduled__2023-12-20T00:00:00+00:00', '--job-id', '161', '--raw', '--subdir', 'DAGS_FOLDER/etl_pipeline.py', '--cfg-path', '/tmp/tmp6gss6rev']
[2024-10-02T17:26:35.269+0000] {standard_task_runner.py:91} INFO - Job 161: Subtask transformar
[2024-10-02T17:26:35.324+0000] {task_command.py:426} INFO - Running <TaskInstance: etl_covid_europa_pipeline.transformar scheduled__2023-12-20T00:00:00+00:00 [running]> on host 99de7dfc3871
[2024-10-02T17:26:35.426+0000] {taskinstance.py:2648} INFO - Exporting env vars: AIRFLOW_CTX_DAG_OWNER='***' AIRFLOW_CTX_DAG_ID='etl_covid_europa_pipeline' AIRFLOW_CTX_TASK_ID='transformar' AIRFLOW_CTX_EXECUTION_DATE='2023-12-20T00:00:00+00:00' AIRFLOW_CTX_TRY_NUMBER='1' AIRFLOW_CTX_DAG_RUN_ID='scheduled__2023-12-20T00:00:00+00:00'
[2024-10-02T17:26:35.427+0000] {taskinstance.py:430} INFO - ::endgroup::
[2024-10-02T17:26:35.647+0000] {taskinstance.py:441} INFO - ::group::Post task execution logs
[2024-10-02T17:26:35.648+0000] {taskinstance.py:2905} ERROR - Task failed with exception
Traceback (most recent call last):
  File "/home/airflow/.local/lib/python3.12/site-packages/airflow/models/taskinstance.py", line 465, in _execute_task
    result = _execute_callable(context=context, **execute_callable_kwargs)
             ^^^^^^^^^^^^^^^^^^^^^^^^^^^^^^^^^^^^^^^^^^^^^^^^^^^^^^^^^^^^^
  File "/home/airflow/.local/lib/python3.12/site-packages/airflow/models/taskinstance.py", line 432, in _execute_callable
    return execute_callable(context=context, **execute_callable_kwargs)
           ^^^^^^^^^^^^^^^^^^^^^^^^^^^^^^^^^^^^^^^^^^^^^^^^^^^^^^^^^^^^
  File "/home/airflow/.local/lib/python3.12/site-packages/airflow/models/baseoperator.py", line 401, in wrapper
    return func(self, *args, **kwargs)
           ^^^^^^^^^^^^^^^^^^^^^^^^^^^
  File "/home/airflow/.local/lib/python3.12/site-packages/airflow/operators/python.py", line 235, in execute
    return_value = self.execute_callable()
                   ^^^^^^^^^^^^^^^^^^^^^^^
  File "/home/airflow/.local/lib/python3.12/site-packages/airflow/operators/python.py", line 252, in execute_callable
    return self.python_callable(*self.op_args, **self.op_kwargs)
           ^^^^^^^^^^^^^^^^^^^^^^^^^^^^^^^^^^^^^^^^^^^^^^^^^^^^^
  File "/opt/airflow/dags/etl_pipeline.py", line 17, in transformar
    df_agrupada = df.groupby('ContinentExp')[['cases', 'deaths']].sum().reset_index()
                  ^^^^^^^^^^^^^^^^^^^^^^^^^^
  File "/home/airflow/.local/lib/python3.12/site-packages/pandas/core/frame.py", line 8869, in groupby
    return DataFrameGroupBy(
           ^^^^^^^^^^^^^^^^^
  File "/home/airflow/.local/lib/python3.12/site-packages/pandas/core/groupby/groupby.py", line 1278, in __init__
    grouper, exclusions, obj = get_grouper(
                               ^^^^^^^^^^^^
  File "/home/airflow/.local/lib/python3.12/site-packages/pandas/core/groupby/grouper.py", line 1009, in get_grouper
    raise KeyError(gpr)
KeyError: 'ContinentExp'
[2024-10-02T17:26:35.662+0000] {taskinstance.py:1206} INFO - Marking task as FAILED. dag_id=etl_covid_europa_pipeline, task_id=transformar, run_id=scheduled__2023-12-20T00:00:00+00:00, execution_date=20231220T000000, start_date=20241002T172634, end_date=20241002T172635
[2024-10-02T17:26:35.684+0000] {standard_task_runner.py:110} ERROR - Failed to execute job 161 for task transformar ('ContinentExp'; 1662)
[2024-10-02T17:26:35.726+0000] {local_task_job_runner.py:240} INFO - Task exited with return code 1
[2024-10-02T17:26:35.747+0000] {taskinstance.py:3503} INFO - 0 downstream tasks scheduled from follow-on schedule check
[2024-10-02T17:26:35.753+0000] {local_task_job_runner.py:222} INFO - ::endgroup::
[2024-10-02T18:58:37.165+0000] {local_task_job_runner.py:120} INFO - ::group::Pre task execution logs
[2024-10-02T18:58:37.189+0000] {taskinstance.py:2076} INFO - Dependencies all met for dep_context=non-requeueable deps ti=<TaskInstance: etl_covid_europa_pipeline.transformar scheduled__2023-12-20T00:00:00+00:00 [queued]>
[2024-10-02T18:58:37.358+0000] {taskinstance.py:2076} INFO - Dependencies all met for dep_context=requeueable deps ti=<TaskInstance: etl_covid_europa_pipeline.transformar scheduled__2023-12-20T00:00:00+00:00 [queued]>
[2024-10-02T18:58:37.358+0000] {taskinstance.py:2306} INFO - Starting attempt 1 of 1
[2024-10-02T18:58:37.370+0000] {taskinstance.py:2330} INFO - Executing <Task(PythonOperator): transformar> on 2023-12-20 00:00:00+00:00
[2024-10-02T18:58:37.376+0000] {warnings.py:112} WARNING - /home/***/.local/lib/python3.12/site-packages/***/task/task_runner/standard_task_runner.py:61: DeprecationWarning: This process (pid=5941) is multi-threaded, use of fork() may lead to deadlocks in the child.
  pid = os.fork()

[2024-10-02T18:58:37.378+0000] {standard_task_runner.py:63} INFO - Started process 5950 to run task
[2024-10-02T18:58:37.378+0000] {standard_task_runner.py:90} INFO - Running: ['***', 'tasks', 'run', 'etl_covid_europa_pipeline', 'transformar', 'scheduled__2023-12-20T00:00:00+00:00', '--job-id', '1194', '--raw', '--subdir', 'DAGS_FOLDER/etl_pipeline.py', '--cfg-path', '/tmp/tmpir94fspf']
[2024-10-02T18:58:37.380+0000] {standard_task_runner.py:91} INFO - Job 1194: Subtask transformar
[2024-10-02T18:58:37.419+0000] {task_command.py:426} INFO - Running <TaskInstance: etl_covid_europa_pipeline.transformar scheduled__2023-12-20T00:00:00+00:00 [running]> on host 99de7dfc3871
[2024-10-02T18:58:37.489+0000] {taskinstance.py:2648} INFO - Exporting env vars: AIRFLOW_CTX_DAG_OWNER='***' AIRFLOW_CTX_DAG_ID='etl_covid_europa_pipeline' AIRFLOW_CTX_TASK_ID='transformar' AIRFLOW_CTX_EXECUTION_DATE='2023-12-20T00:00:00+00:00' AIRFLOW_CTX_TRY_NUMBER='1' AIRFLOW_CTX_DAG_RUN_ID='scheduled__2023-12-20T00:00:00+00:00'
[2024-10-02T18:58:37.492+0000] {taskinstance.py:430} INFO - ::endgroup::
[2024-10-02T18:58:37.620+0000] {python.py:237} INFO - Done. Returned value was: None
[2024-10-02T18:58:37.621+0000] {taskinstance.py:441} INFO - ::group::Post task execution logs
[2024-10-02T18:58:37.631+0000] {taskinstance.py:1206} INFO - Marking task as SUCCESS. dag_id=etl_covid_europa_pipeline, task_id=transformar, run_id=scheduled__2023-12-20T00:00:00+00:00, execution_date=20231220T000000, start_date=20241002T185837, end_date=20241002T185837
[2024-10-02T18:58:37.672+0000] {local_task_job_runner.py:240} INFO - Task exited with return code 0
[2024-10-02T18:58:37.702+0000] {taskinstance.py:3503} INFO - 1 downstream tasks scheduled from follow-on schedule check
[2024-10-02T18:58:37.704+0000] {local_task_job_runner.py:222} INFO - ::endgroup::
[2024-10-02T19:24:55.473+0000] {local_task_job_runner.py:120} INFO - ::group::Pre task execution logs
[2024-10-02T19:24:55.512+0000] {taskinstance.py:2076} INFO - Dependencies all met for dep_context=non-requeueable deps ti=<TaskInstance: etl_covid_europa_pipeline.transformar scheduled__2023-12-20T00:00:00+00:00 [queued]>
[2024-10-02T19:24:55.927+0000] {taskinstance.py:2076} INFO - Dependencies all met for dep_context=requeueable deps ti=<TaskInstance: etl_covid_europa_pipeline.transformar scheduled__2023-12-20T00:00:00+00:00 [queued]>
[2024-10-02T19:24:55.928+0000] {taskinstance.py:2306} INFO - Starting attempt 1 of 1
[2024-10-02T19:24:55.955+0000] {taskinstance.py:2330} INFO - Executing <Task(PythonOperator): transformar> on 2023-12-20 00:00:00+00:00
[2024-10-02T19:24:55.978+0000] {warnings.py:112} WARNING - /home/***/.local/lib/python3.12/site-packages/***/task/task_runner/standard_task_runner.py:61: DeprecationWarning: This process (pid=9307) is multi-threaded, use of fork() may lead to deadlocks in the child.
  pid = os.fork()

[2024-10-02T19:24:55.980+0000] {standard_task_runner.py:63} INFO - Started process 9329 to run task
[2024-10-02T19:24:55.983+0000] {standard_task_runner.py:90} INFO - Running: ['***', 'tasks', 'run', 'etl_covid_europa_pipeline', 'transformar', 'scheduled__2023-12-20T00:00:00+00:00', '--job-id', '2205', '--raw', '--subdir', 'DAGS_FOLDER/etl_pipeline.py', '--cfg-path', '/tmp/tmpu611jfaz']
[2024-10-02T19:24:55.985+0000] {standard_task_runner.py:91} INFO - Job 2205: Subtask transformar
[2024-10-02T19:24:56.085+0000] {task_command.py:426} INFO - Running <TaskInstance: etl_covid_europa_pipeline.transformar scheduled__2023-12-20T00:00:00+00:00 [running]> on host 99de7dfc3871
[2024-10-02T19:24:56.248+0000] {taskinstance.py:2648} INFO - Exporting env vars: AIRFLOW_CTX_DAG_OWNER='***' AIRFLOW_CTX_DAG_ID='etl_covid_europa_pipeline' AIRFLOW_CTX_TASK_ID='transformar' AIRFLOW_CTX_EXECUTION_DATE='2023-12-20T00:00:00+00:00' AIRFLOW_CTX_TRY_NUMBER='1' AIRFLOW_CTX_DAG_RUN_ID='scheduled__2023-12-20T00:00:00+00:00'
[2024-10-02T19:24:56.252+0000] {taskinstance.py:430} INFO - ::endgroup::
[2024-10-02T19:24:56.468+0000] {python.py:237} INFO - Done. Returned value was: None
[2024-10-02T19:24:56.469+0000] {taskinstance.py:441} INFO - ::group::Post task execution logs
[2024-10-02T19:24:56.482+0000] {taskinstance.py:1206} INFO - Marking task as SUCCESS. dag_id=etl_covid_europa_pipeline, task_id=transformar, run_id=scheduled__2023-12-20T00:00:00+00:00, execution_date=20231220T000000, start_date=20241002T192455, end_date=20241002T192456
[2024-10-02T19:24:56.531+0000] {local_task_job_runner.py:240} INFO - Task exited with return code 0
[2024-10-02T19:24:56.563+0000] {taskinstance.py:3503} INFO - 1 downstream tasks scheduled from follow-on schedule check
[2024-10-02T19:24:56.566+0000] {local_task_job_runner.py:222} INFO - ::endgroup::
