[2024-10-02T18:54:55.098+0000] {local_task_job_runner.py:120} INFO - ::group::Pre task execution logs
[2024-10-02T18:54:55.133+0000] {taskinstance.py:2076} INFO - Dependencies all met for dep_context=non-requeueable deps ti=<TaskInstance: etl_covid_europa_pipeline.carregar scheduled__2024-08-03T00:00:00+00:00 [queued]>
[2024-10-02T18:54:55.490+0000] {taskinstance.py:2076} INFO - Dependencies all met for dep_context=requeueable deps ti=<TaskInstance: etl_covid_europa_pipeline.carregar scheduled__2024-08-03T00:00:00+00:00 [queued]>
[2024-10-02T18:54:55.490+0000] {taskinstance.py:2306} INFO - Starting attempt 1 of 1
[2024-10-02T18:54:55.508+0000] {taskinstance.py:2330} INFO - Executing <Task(PythonOperator): carregar> on 2024-08-03 00:00:00+00:00
[2024-10-02T18:54:55.515+0000] {warnings.py:112} WARNING - /home/***/.local/lib/python3.12/site-packages/***/task/task_runner/standard_task_runner.py:61: DeprecationWarning: This process (pid=4706) is multi-threaded, use of fork() may lead to deadlocks in the child.
  pid = os.fork()

[2024-10-02T18:54:55.517+0000] {standard_task_runner.py:63} INFO - Started process 4724 to run task
[2024-10-02T18:54:55.517+0000] {standard_task_runner.py:90} INFO - Running: ['***', 'tasks', 'run', 'etl_covid_europa_pipeline', 'carregar', 'scheduled__2024-08-03T00:00:00+00:00', '--job-id', '800', '--raw', '--subdir', 'DAGS_FOLDER/etl_pipeline.py', '--cfg-path', '/tmp/tmpr82aak_1']
[2024-10-02T18:54:55.519+0000] {standard_task_runner.py:91} INFO - Job 800: Subtask carregar
[2024-10-02T18:54:55.588+0000] {task_command.py:426} INFO - Running <TaskInstance: etl_covid_europa_pipeline.carregar scheduled__2024-08-03T00:00:00+00:00 [running]> on host 99de7dfc3871
[2024-10-02T18:54:55.691+0000] {taskinstance.py:2648} INFO - Exporting env vars: AIRFLOW_CTX_DAG_OWNER='***' AIRFLOW_CTX_DAG_ID='etl_covid_europa_pipeline' AIRFLOW_CTX_TASK_ID='carregar' AIRFLOW_CTX_EXECUTION_DATE='2024-08-03T00:00:00+00:00' AIRFLOW_CTX_TRY_NUMBER='1' AIRFLOW_CTX_DAG_RUN_ID='scheduled__2024-08-03T00:00:00+00:00'
[2024-10-02T18:54:55.694+0000] {taskinstance.py:430} INFO - ::endgroup::
[2024-10-02T18:54:55.758+0000] {python.py:237} INFO - Done. Returned value was: None
[2024-10-02T18:54:55.759+0000] {taskinstance.py:441} INFO - ::group::Post task execution logs
[2024-10-02T18:54:55.770+0000] {taskinstance.py:1206} INFO - Marking task as SUCCESS. dag_id=etl_covid_europa_pipeline, task_id=carregar, run_id=scheduled__2024-08-03T00:00:00+00:00, execution_date=20240803T000000, start_date=20241002T185455, end_date=20241002T185455
[2024-10-02T18:54:55.811+0000] {local_task_job_runner.py:240} INFO - Task exited with return code 0
[2024-10-02T18:54:55.828+0000] {taskinstance.py:3503} INFO - 0 downstream tasks scheduled from follow-on schedule check
[2024-10-02T18:54:55.831+0000] {local_task_job_runner.py:222} INFO - ::endgroup::
[2024-10-02T19:03:52.379+0000] {local_task_job_runner.py:120} INFO - ::group::Pre task execution logs
[2024-10-02T19:03:52.731+0000] {taskinstance.py:2076} INFO - Dependencies all met for dep_context=non-requeueable deps ti=<TaskInstance: etl_covid_europa_pipeline.carregar scheduled__2024-08-03T00:00:00+00:00 [queued]>
[2024-10-02T19:03:52.746+0000] {taskinstance.py:2076} INFO - Dependencies all met for dep_context=requeueable deps ti=<TaskInstance: etl_covid_europa_pipeline.carregar scheduled__2024-08-03T00:00:00+00:00 [queued]>
[2024-10-02T19:03:52.747+0000] {taskinstance.py:2306} INFO - Starting attempt 1 of 1
[2024-10-02T19:03:52.875+0000] {taskinstance.py:2330} INFO - Executing <Task(PythonOperator): carregar> on 2024-08-03 00:00:00+00:00
[2024-10-02T19:03:52.883+0000] {warnings.py:112} WARNING - /home/***/.local/lib/python3.12/site-packages/***/task/task_runner/standard_task_runner.py:61: DeprecationWarning: This process (pid=8007) is multi-threaded, use of fork() may lead to deadlocks in the child.
  pid = os.fork()

[2024-10-02T19:03:52.888+0000] {standard_task_runner.py:63} INFO - Started process 8032 to run task
[2024-10-02T19:03:52.885+0000] {standard_task_runner.py:90} INFO - Running: ['***', 'tasks', 'run', 'etl_covid_europa_pipeline', 'carregar', 'scheduled__2024-08-03T00:00:00+00:00', '--job-id', '1860', '--raw', '--subdir', 'DAGS_FOLDER/etl_pipeline.py', '--cfg-path', '/tmp/tmp905944e9']
[2024-10-02T19:03:52.903+0000] {standard_task_runner.py:91} INFO - Job 1860: Subtask carregar
[2024-10-02T19:03:53.010+0000] {task_command.py:426} INFO - Running <TaskInstance: etl_covid_europa_pipeline.carregar scheduled__2024-08-03T00:00:00+00:00 [running]> on host 99de7dfc3871
[2024-10-02T19:03:53.205+0000] {taskinstance.py:2648} INFO - Exporting env vars: AIRFLOW_CTX_DAG_OWNER='***' AIRFLOW_CTX_DAG_ID='etl_covid_europa_pipeline' AIRFLOW_CTX_TASK_ID='carregar' AIRFLOW_CTX_EXECUTION_DATE='2024-08-03T00:00:00+00:00' AIRFLOW_CTX_TRY_NUMBER='1' AIRFLOW_CTX_DAG_RUN_ID='scheduled__2024-08-03T00:00:00+00:00'
[2024-10-02T19:03:53.213+0000] {taskinstance.py:430} INFO - ::endgroup::
[2024-10-02T19:03:53.354+0000] {python.py:237} INFO - Done. Returned value was: None
[2024-10-02T19:03:53.357+0000] {taskinstance.py:441} INFO - ::group::Post task execution logs
[2024-10-02T19:03:53.371+0000] {taskinstance.py:1206} INFO - Marking task as SUCCESS. dag_id=etl_covid_europa_pipeline, task_id=carregar, run_id=scheduled__2024-08-03T00:00:00+00:00, execution_date=20240803T000000, start_date=20241002T190352, end_date=20241002T190353
[2024-10-02T19:03:53.439+0000] {local_task_job_runner.py:240} INFO - Task exited with return code 0
[2024-10-02T19:03:53.465+0000] {taskinstance.py:3503} INFO - 0 downstream tasks scheduled from follow-on schedule check
[2024-10-02T19:03:53.473+0000] {local_task_job_runner.py:222} INFO - ::endgroup::
