[2024-10-02T17:27:28.443+0000] {local_task_job_runner.py:120} INFO - ::group::Pre task execution logs
[2024-10-02T17:27:28.469+0000] {taskinstance.py:2076} INFO - Dependencies all met for dep_context=non-requeueable deps ti=<TaskInstance: etl_covid_europa_pipeline.extrair scheduled__2024-02-09T00:00:00+00:00 [queued]>
[2024-10-02T17:27:28.477+0000] {taskinstance.py:2076} INFO - Dependencies all met for dep_context=requeueable deps ti=<TaskInstance: etl_covid_europa_pipeline.extrair scheduled__2024-02-09T00:00:00+00:00 [queued]>
[2024-10-02T17:27:28.477+0000] {taskinstance.py:2306} INFO - Starting attempt 1 of 1
[2024-10-02T17:27:28.724+0000] {taskinstance.py:2330} INFO - Executing <Task(PythonOperator): extrair> on 2024-02-09 00:00:00+00:00
[2024-10-02T17:27:28.733+0000] {warnings.py:112} WARNING - /home/***/.local/lib/python3.12/site-packages/***/task/task_runner/standard_task_runner.py:61: DeprecationWarning: This process (pid=1858) is multi-threaded, use of fork() may lead to deadlocks in the child.
  pid = os.fork()

[2024-10-02T17:27:28.735+0000] {standard_task_runner.py:63} INFO - Started process 1874 to run task
[2024-10-02T17:27:28.734+0000] {standard_task_runner.py:90} INFO - Running: ['***', 'tasks', 'run', 'etl_covid_europa_pipeline', 'extrair', 'scheduled__2024-02-09T00:00:00+00:00', '--job-id', '227', '--raw', '--subdir', 'DAGS_FOLDER/etl_pipeline.py', '--cfg-path', '/tmp/tmpg7fv4fdw']
[2024-10-02T17:27:28.737+0000] {standard_task_runner.py:91} INFO - Job 227: Subtask extrair
[2024-10-02T17:27:28.792+0000] {task_command.py:426} INFO - Running <TaskInstance: etl_covid_europa_pipeline.extrair scheduled__2024-02-09T00:00:00+00:00 [running]> on host 99de7dfc3871
[2024-10-02T17:27:28.894+0000] {taskinstance.py:2648} INFO - Exporting env vars: AIRFLOW_CTX_DAG_OWNER='***' AIRFLOW_CTX_DAG_ID='etl_covid_europa_pipeline' AIRFLOW_CTX_TASK_ID='extrair' AIRFLOW_CTX_EXECUTION_DATE='2024-02-09T00:00:00+00:00' AIRFLOW_CTX_TRY_NUMBER='1' AIRFLOW_CTX_DAG_RUN_ID='scheduled__2024-02-09T00:00:00+00:00'
[2024-10-02T17:27:28.895+0000] {taskinstance.py:430} INFO - ::endgroup::
[2024-10-02T17:27:34.956+0000] {taskinstance.py:441} INFO - ::group::Post task execution logs
[2024-10-02T17:27:34.957+0000] {taskinstance.py:2905} ERROR - Task failed with exception
Traceback (most recent call last):
  File "/home/airflow/.local/lib/python3.12/site-packages/airflow/models/taskinstance.py", line 465, in _execute_task
    result = _execute_callable(context=context, **execute_callable_kwargs)
             ^^^^^^^^^^^^^^^^^^^^^^^^^^^^^^^^^^^^^^^^^^^^^^^^^^^^^^^^^^^^^
  File "/home/airflow/.local/lib/python3.12/site-packages/airflow/models/taskinstance.py", line 432, in _execute_callable
    return execute_callable(context=context, **execute_callable_kwargs)
           ^^^^^^^^^^^^^^^^^^^^^^^^^^^^^^^^^^^^^^^^^^^^^^^^^^^^^^^^^^^^
  File "/home/airflow/.local/lib/python3.12/site-packages/airflow/models/baseoperator.py", line 401, in wrapper
    return func(self, *args, **kwargs)
           ^^^^^^^^^^^^^^^^^^^^^^^^^^^
  File "/home/airflow/.local/lib/python3.12/site-packages/airflow/operators/python.py", line 235, in execute
    return_value = self.execute_callable()
                   ^^^^^^^^^^^^^^^^^^^^^^^
  File "/home/airflow/.local/lib/python3.12/site-packages/airflow/operators/python.py", line 252, in execute_callable
    return self.python_callable(*self.op_args, **self.op_kwargs)
           ^^^^^^^^^^^^^^^^^^^^^^^^^^^^^^^^^^^^^^^^^^^^^^^^^^^^^
  File "/opt/airflow/dags/etl_pipeline.py", line 10, in extrair
    df.to_csv('data/dados_covid_extraidos.csv', sep=';', index=False)
    ^^^^^^^^^^^^^^^^^^^^^^^^^^^^^^^^^^^^^^^^^^^^^^^^^^^^^^^^
  File "/home/airflow/.local/lib/python3.12/site-packages/pandas/core/generic.py", line 3902, in to_csv
    return DataFrameRenderer(formatter).to_csv(
           ^^^^^^^^^^^^^^^^^^^^^^^^^^^^^^^^^^^^
  File "/home/airflow/.local/lib/python3.12/site-packages/pandas/io/formats/format.py", line 1152, in to_csv
    csv_formatter.save()
  File "/home/airflow/.local/lib/python3.12/site-packages/pandas/io/formats/csvs.py", line 247, in save
    with get_handle(
         ^^^^^^^^^^^
  File "/home/airflow/.local/lib/python3.12/site-packages/pandas/io/common.py", line 863, in get_handle
    handle = open(
             ^^^^^
PermissionError: [Errno 13] Permission denied: 'data/dados_covid_extraidos.csv'
[2024-10-02T17:27:34.982+0000] {taskinstance.py:1206} INFO - Marking task as FAILED. dag_id=etl_covid_europa_pipeline, task_id=extrair, run_id=scheduled__2024-02-09T00:00:00+00:00, execution_date=20240209T000000, start_date=20241002T172728, end_date=20241002T172734
[2024-10-02T17:27:34.995+0000] {standard_task_runner.py:110} ERROR - Failed to execute job 227 for task extrair ([Errno 13] Permission denied: 'data/dados_covid_extraidos.csv'; 1874)
[2024-10-02T17:27:35.041+0000] {local_task_job_runner.py:240} INFO - Task exited with return code 1
[2024-10-02T17:27:35.060+0000] {taskinstance.py:3503} INFO - 0 downstream tasks scheduled from follow-on schedule check
[2024-10-02T17:27:35.066+0000] {local_task_job_runner.py:222} INFO - ::endgroup::
[2024-10-02T18:59:42.408+0000] {local_task_job_runner.py:120} INFO - ::group::Pre task execution logs
[2024-10-02T18:59:42.436+0000] {taskinstance.py:2076} INFO - Dependencies all met for dep_context=non-requeueable deps ti=<TaskInstance: etl_covid_europa_pipeline.extrair scheduled__2024-02-09T00:00:00+00:00 [queued]>
[2024-10-02T18:59:42.664+0000] {taskinstance.py:2076} INFO - Dependencies all met for dep_context=requeueable deps ti=<TaskInstance: etl_covid_europa_pipeline.extrair scheduled__2024-02-09T00:00:00+00:00 [queued]>
[2024-10-02T18:59:42.666+0000] {taskinstance.py:2306} INFO - Starting attempt 1 of 1
[2024-10-02T18:59:42.684+0000] {taskinstance.py:2330} INFO - Executing <Task(PythonOperator): extrair> on 2024-02-09 00:00:00+00:00
[2024-10-02T18:59:42.691+0000] {warnings.py:112} WARNING - /home/***/.local/lib/python3.12/site-packages/***/task/task_runner/standard_task_runner.py:61: DeprecationWarning: This process (pid=6367) is multi-threaded, use of fork() may lead to deadlocks in the child.
  pid = os.fork()

[2024-10-02T18:59:42.693+0000] {standard_task_runner.py:63} INFO - Started process 6391 to run task
[2024-10-02T18:59:42.693+0000] {standard_task_runner.py:90} INFO - Running: ['***', 'tasks', 'run', 'etl_covid_europa_pipeline', 'extrair', 'scheduled__2024-02-09T00:00:00+00:00', '--job-id', '1334', '--raw', '--subdir', 'DAGS_FOLDER/etl_pipeline.py', '--cfg-path', '/tmp/tmp6aa5gy99']
[2024-10-02T18:59:42.696+0000] {standard_task_runner.py:91} INFO - Job 1334: Subtask extrair
[2024-10-02T18:59:42.741+0000] {task_command.py:426} INFO - Running <TaskInstance: etl_covid_europa_pipeline.extrair scheduled__2024-02-09T00:00:00+00:00 [running]> on host 99de7dfc3871
[2024-10-02T18:59:42.834+0000] {taskinstance.py:2648} INFO - Exporting env vars: AIRFLOW_CTX_DAG_OWNER='***' AIRFLOW_CTX_DAG_ID='etl_covid_europa_pipeline' AIRFLOW_CTX_TASK_ID='extrair' AIRFLOW_CTX_EXECUTION_DATE='2024-02-09T00:00:00+00:00' AIRFLOW_CTX_TRY_NUMBER='1' AIRFLOW_CTX_DAG_RUN_ID='scheduled__2024-02-09T00:00:00+00:00'
[2024-10-02T18:59:42.837+0000] {taskinstance.py:430} INFO - ::endgroup::
[2024-10-02T18:59:53.814+0000] {taskinstance.py:441} INFO - ::group::Post task execution logs
[2024-10-02T18:59:53.815+0000] {taskinstance.py:2905} ERROR - Task failed with exception
Traceback (most recent call last):
  File "/home/airflow/.local/lib/python3.12/site-packages/airflow/models/taskinstance.py", line 465, in _execute_task
    result = _execute_callable(context=context, **execute_callable_kwargs)
             ^^^^^^^^^^^^^^^^^^^^^^^^^^^^^^^^^^^^^^^^^^^^^^^^^^^^^^^^^^^^^
  File "/home/airflow/.local/lib/python3.12/site-packages/airflow/models/taskinstance.py", line 432, in _execute_callable
    return execute_callable(context=context, **execute_callable_kwargs)
           ^^^^^^^^^^^^^^^^^^^^^^^^^^^^^^^^^^^^^^^^^^^^^^^^^^^^^^^^^^^^
  File "/home/airflow/.local/lib/python3.12/site-packages/airflow/models/baseoperator.py", line 401, in wrapper
    return func(self, *args, **kwargs)
           ^^^^^^^^^^^^^^^^^^^^^^^^^^^
  File "/home/airflow/.local/lib/python3.12/site-packages/airflow/operators/python.py", line 235, in execute
    return_value = self.execute_callable()
                   ^^^^^^^^^^^^^^^^^^^^^^^
  File "/home/airflow/.local/lib/python3.12/site-packages/airflow/operators/python.py", line 252, in execute_callable
    return self.python_callable(*self.op_args, **self.op_kwargs)
           ^^^^^^^^^^^^^^^^^^^^^^^^^^^^^^^^^^^^^^^^^^^^^^^^^^^^^
  File "/opt/airflow/dags/etl_pipeline.py", line 9, in extrair
    df = pd.read_csv(url)
         ^^^^^^^^^^^^^^^^
  File "/home/airflow/.local/lib/python3.12/site-packages/pandas/io/parsers/readers.py", line 948, in read_csv
    return _read(filepath_or_buffer, kwds)
           ^^^^^^^^^^^^^^^^^^^^^^^^^^^^^^^
  File "/home/airflow/.local/lib/python3.12/site-packages/pandas/io/parsers/readers.py", line 611, in _read
    parser = TextFileReader(filepath_or_buffer, **kwds)
             ^^^^^^^^^^^^^^^^^^^^^^^^^^^^^^^^^^^^^^^^^^
  File "/home/airflow/.local/lib/python3.12/site-packages/pandas/io/parsers/readers.py", line 1448, in __init__
    self._engine = self._make_engine(f, self.engine)
                   ^^^^^^^^^^^^^^^^^^^^^^^^^^^^^^^^^
  File "/home/airflow/.local/lib/python3.12/site-packages/pandas/io/parsers/readers.py", line 1705, in _make_engine
    self.handles = get_handle(
                   ^^^^^^^^^^^
  File "/home/airflow/.local/lib/python3.12/site-packages/pandas/io/common.py", line 718, in get_handle
    ioargs = _get_filepath_or_buffer(
             ^^^^^^^^^^^^^^^^^^^^^^^^
  File "/home/airflow/.local/lib/python3.12/site-packages/pandas/io/common.py", line 377, in _get_filepath_or_buffer
    reader = BytesIO(req.read())
                     ^^^^^^^^^^
  File "/usr/local/lib/python3.12/http/client.py", line 495, in read
    s = self._safe_read(self.length)
        ^^^^^^^^^^^^^^^^^^^^^^^^^^^^
  File "/usr/local/lib/python3.12/http/client.py", line 642, in _safe_read
    raise IncompleteRead(data, amt-len(data))
http.client.IncompleteRead: IncompleteRead(1941183 bytes read, 2366119 more expected)
[2024-10-02T18:59:53.828+0000] {taskinstance.py:1206} INFO - Marking task as FAILED. dag_id=etl_covid_europa_pipeline, task_id=extrair, run_id=scheduled__2024-02-09T00:00:00+00:00, execution_date=20240209T000000, start_date=20241002T185942, end_date=20241002T185953
[2024-10-02T18:59:53.838+0000] {standard_task_runner.py:110} ERROR - Failed to execute job 1334 for task extrair (IncompleteRead(1941183 bytes read, 2366119 more expected); 6391)
[2024-10-02T18:59:53.871+0000] {local_task_job_runner.py:240} INFO - Task exited with return code 1
[2024-10-02T18:59:53.891+0000] {taskinstance.py:3503} INFO - 0 downstream tasks scheduled from follow-on schedule check
[2024-10-02T18:59:53.897+0000] {local_task_job_runner.py:222} INFO - ::endgroup::
[2024-10-02T19:26:00.914+0000] {local_task_job_runner.py:120} INFO - ::group::Pre task execution logs
[2024-10-02T19:26:00.952+0000] {taskinstance.py:2076} INFO - Dependencies all met for dep_context=non-requeueable deps ti=<TaskInstance: etl_covid_europa_pipeline.extrair scheduled__2024-02-09T00:00:00+00:00 [queued]>
[2024-10-02T19:26:01.202+0000] {taskinstance.py:2076} INFO - Dependencies all met for dep_context=requeueable deps ti=<TaskInstance: etl_covid_europa_pipeline.extrair scheduled__2024-02-09T00:00:00+00:00 [queued]>
[2024-10-02T19:26:01.203+0000] {taskinstance.py:2306} INFO - Starting attempt 1 of 1
[2024-10-02T19:26:01.246+0000] {taskinstance.py:2330} INFO - Executing <Task(PythonOperator): extrair> on 2024-02-09 00:00:00+00:00
[2024-10-02T19:26:01.254+0000] {warnings.py:112} WARNING - /home/***/.local/lib/python3.12/site-packages/***/task/task_runner/standard_task_runner.py:61: DeprecationWarning: This process (pid=9771) is multi-threaded, use of fork() may lead to deadlocks in the child.
  pid = os.fork()

[2024-10-02T19:26:01.255+0000] {standard_task_runner.py:63} INFO - Started process 9790 to run task
[2024-10-02T19:26:01.255+0000] {standard_task_runner.py:90} INFO - Running: ['***', 'tasks', 'run', 'etl_covid_europa_pipeline', 'extrair', 'scheduled__2024-02-09T00:00:00+00:00', '--job-id', '2354', '--raw', '--subdir', 'DAGS_FOLDER/etl_pipeline.py', '--cfg-path', '/tmp/tmptb1knpbo']
[2024-10-02T19:26:01.262+0000] {standard_task_runner.py:91} INFO - Job 2354: Subtask extrair
[2024-10-02T19:26:01.312+0000] {task_command.py:426} INFO - Running <TaskInstance: etl_covid_europa_pipeline.extrair scheduled__2024-02-09T00:00:00+00:00 [running]> on host 99de7dfc3871
[2024-10-02T19:26:01.425+0000] {taskinstance.py:2648} INFO - Exporting env vars: AIRFLOW_CTX_DAG_OWNER='***' AIRFLOW_CTX_DAG_ID='etl_covid_europa_pipeline' AIRFLOW_CTX_TASK_ID='extrair' AIRFLOW_CTX_EXECUTION_DATE='2024-02-09T00:00:00+00:00' AIRFLOW_CTX_TRY_NUMBER='1' AIRFLOW_CTX_DAG_RUN_ID='scheduled__2024-02-09T00:00:00+00:00'
[2024-10-02T19:26:01.429+0000] {taskinstance.py:430} INFO - ::endgroup::
[2024-10-02T19:26:06.591+0000] {python.py:237} INFO - Done. Returned value was: None
[2024-10-02T19:26:06.592+0000] {taskinstance.py:441} INFO - ::group::Post task execution logs
[2024-10-02T19:26:06.604+0000] {taskinstance.py:1206} INFO - Marking task as SUCCESS. dag_id=etl_covid_europa_pipeline, task_id=extrair, run_id=scheduled__2024-02-09T00:00:00+00:00, execution_date=20240209T000000, start_date=20241002T192600, end_date=20241002T192606
[2024-10-02T19:26:06.646+0000] {local_task_job_runner.py:240} INFO - Task exited with return code 0
[2024-10-02T19:26:06.670+0000] {taskinstance.py:3503} INFO - 1 downstream tasks scheduled from follow-on schedule check
[2024-10-02T19:26:06.672+0000] {local_task_job_runner.py:222} INFO - ::endgroup::
