[2024-10-02T17:28:59.550+0000] {local_task_job_runner.py:120} INFO - ::group::Pre task execution logs
[2024-10-02T17:28:59.576+0000] {taskinstance.py:2076} INFO - Dependencies all met for dep_context=non-requeueable deps ti=<TaskInstance: etl_covid_europa_pipeline.extrair scheduled__2024-05-06T00:00:00+00:00 [queued]>
[2024-10-02T17:28:59.584+0000] {taskinstance.py:2076} INFO - Dependencies all met for dep_context=requeueable deps ti=<TaskInstance: etl_covid_europa_pipeline.extrair scheduled__2024-05-06T00:00:00+00:00 [queued]>
[2024-10-02T17:28:59.584+0000] {taskinstance.py:2306} INFO - Starting attempt 1 of 1
[2024-10-02T17:28:59.855+0000] {taskinstance.py:2330} INFO - Executing <Task(PythonOperator): extrair> on 2024-05-06 00:00:00+00:00
[2024-10-02T17:28:59.861+0000] {warnings.py:112} WARNING - /home/***/.local/lib/python3.12/site-packages/***/task/task_runner/standard_task_runner.py:61: DeprecationWarning: This process (pid=2321) is multi-threaded, use of fork() may lead to deadlocks in the child.
  pid = os.fork()

[2024-10-02T17:28:59.862+0000] {standard_task_runner.py:63} INFO - Started process 2336 to run task
[2024-10-02T17:28:59.862+0000] {standard_task_runner.py:90} INFO - Running: ['***', 'tasks', 'run', 'etl_covid_europa_pipeline', 'extrair', 'scheduled__2024-05-06T00:00:00+00:00', '--job-id', '375', '--raw', '--subdir', 'DAGS_FOLDER/etl_pipeline.py', '--cfg-path', '/tmp/tmp0a4j0psv']
[2024-10-02T17:28:59.864+0000] {standard_task_runner.py:91} INFO - Job 375: Subtask extrair
[2024-10-02T17:28:59.905+0000] {task_command.py:426} INFO - Running <TaskInstance: etl_covid_europa_pipeline.extrair scheduled__2024-05-06T00:00:00+00:00 [running]> on host 99de7dfc3871
[2024-10-02T17:28:59.991+0000] {taskinstance.py:2648} INFO - Exporting env vars: AIRFLOW_CTX_DAG_OWNER='***' AIRFLOW_CTX_DAG_ID='etl_covid_europa_pipeline' AIRFLOW_CTX_TASK_ID='extrair' AIRFLOW_CTX_EXECUTION_DATE='2024-05-06T00:00:00+00:00' AIRFLOW_CTX_TRY_NUMBER='1' AIRFLOW_CTX_DAG_RUN_ID='scheduled__2024-05-06T00:00:00+00:00'
[2024-10-02T17:28:59.992+0000] {taskinstance.py:430} INFO - ::endgroup::
[2024-10-02T17:29:06.303+0000] {python.py:237} INFO - Done. Returned value was: None
[2024-10-02T17:29:06.304+0000] {taskinstance.py:441} INFO - ::group::Post task execution logs
[2024-10-02T17:29:06.319+0000] {taskinstance.py:1206} INFO - Marking task as SUCCESS. dag_id=etl_covid_europa_pipeline, task_id=extrair, run_id=scheduled__2024-05-06T00:00:00+00:00, execution_date=20240506T000000, start_date=20241002T172859, end_date=20241002T172906
[2024-10-02T17:29:06.373+0000] {local_task_job_runner.py:240} INFO - Task exited with return code 0
[2024-10-02T17:29:06.401+0000] {taskinstance.py:3503} INFO - 1 downstream tasks scheduled from follow-on schedule check
[2024-10-02T17:29:06.403+0000] {local_task_job_runner.py:222} INFO - ::endgroup::
[2024-10-02T19:01:38.337+0000] {local_task_job_runner.py:120} INFO - ::group::Pre task execution logs
[2024-10-02T19:01:38.378+0000] {taskinstance.py:2076} INFO - Dependencies all met for dep_context=non-requeueable deps ti=<TaskInstance: etl_covid_europa_pipeline.extrair scheduled__2024-05-06T00:00:00+00:00 [queued]>
[2024-10-02T19:01:38.569+0000] {taskinstance.py:2076} INFO - Dependencies all met for dep_context=requeueable deps ti=<TaskInstance: etl_covid_europa_pipeline.extrair scheduled__2024-05-06T00:00:00+00:00 [queued]>
[2024-10-02T19:01:38.570+0000] {taskinstance.py:2306} INFO - Starting attempt 1 of 1
[2024-10-02T19:01:38.584+0000] {taskinstance.py:2330} INFO - Executing <Task(PythonOperator): extrair> on 2024-05-06 00:00:00+00:00
[2024-10-02T19:01:38.590+0000] {warnings.py:112} WARNING - /home/***/.local/lib/python3.12/site-packages/***/task/task_runner/standard_task_runner.py:61: DeprecationWarning: This process (pid=7101) is multi-threaded, use of fork() may lead to deadlocks in the child.
  pid = os.fork()

[2024-10-02T19:01:38.592+0000] {standard_task_runner.py:63} INFO - Started process 7114 to run task
[2024-10-02T19:01:38.592+0000] {standard_task_runner.py:90} INFO - Running: ['***', 'tasks', 'run', 'etl_covid_europa_pipeline', 'extrair', 'scheduled__2024-05-06T00:00:00+00:00', '--job-id', '1568', '--raw', '--subdir', 'DAGS_FOLDER/etl_pipeline.py', '--cfg-path', '/tmp/tmpu53d4xvw']
[2024-10-02T19:01:38.594+0000] {standard_task_runner.py:91} INFO - Job 1568: Subtask extrair
[2024-10-02T19:01:38.639+0000] {task_command.py:426} INFO - Running <TaskInstance: etl_covid_europa_pipeline.extrair scheduled__2024-05-06T00:00:00+00:00 [running]> on host 99de7dfc3871
[2024-10-02T19:01:38.721+0000] {taskinstance.py:2648} INFO - Exporting env vars: AIRFLOW_CTX_DAG_OWNER='***' AIRFLOW_CTX_DAG_ID='etl_covid_europa_pipeline' AIRFLOW_CTX_TASK_ID='extrair' AIRFLOW_CTX_EXECUTION_DATE='2024-05-06T00:00:00+00:00' AIRFLOW_CTX_TRY_NUMBER='1' AIRFLOW_CTX_DAG_RUN_ID='scheduled__2024-05-06T00:00:00+00:00'
[2024-10-02T19:01:38.724+0000] {taskinstance.py:430} INFO - ::endgroup::
[2024-10-02T19:01:43.826+0000] {python.py:237} INFO - Done. Returned value was: None
[2024-10-02T19:01:43.827+0000] {taskinstance.py:441} INFO - ::group::Post task execution logs
[2024-10-02T19:01:43.838+0000] {taskinstance.py:1206} INFO - Marking task as SUCCESS. dag_id=etl_covid_europa_pipeline, task_id=extrair, run_id=scheduled__2024-05-06T00:00:00+00:00, execution_date=20240506T000000, start_date=20241002T190138, end_date=20241002T190143
[2024-10-02T19:01:43.901+0000] {local_task_job_runner.py:240} INFO - Task exited with return code 0
[2024-10-02T19:01:43.929+0000] {taskinstance.py:3503} INFO - 1 downstream tasks scheduled from follow-on schedule check
[2024-10-02T19:01:43.941+0000] {local_task_job_runner.py:222} INFO - ::endgroup::
[2024-10-02T19:27:46.278+0000] {local_task_job_runner.py:120} INFO - ::group::Pre task execution logs
[2024-10-02T19:27:46.514+0000] {taskinstance.py:2076} INFO - Dependencies all met for dep_context=non-requeueable deps ti=<TaskInstance: etl_covid_europa_pipeline.extrair scheduled__2024-05-06T00:00:00+00:00 [queued]>
[2024-10-02T19:27:46.532+0000] {taskinstance.py:2076} INFO - Dependencies all met for dep_context=requeueable deps ti=<TaskInstance: etl_covid_europa_pipeline.extrair scheduled__2024-05-06T00:00:00+00:00 [queued]>
[2024-10-02T19:27:46.533+0000] {taskinstance.py:2306} INFO - Starting attempt 1 of 1
[2024-10-02T19:27:46.550+0000] {taskinstance.py:2330} INFO - Executing <Task(PythonOperator): extrair> on 2024-05-06 00:00:00+00:00
[2024-10-02T19:27:46.556+0000] {warnings.py:112} WARNING - /home/***/.local/lib/python3.12/site-packages/***/task/task_runner/standard_task_runner.py:61: DeprecationWarning: This process (pid=10532) is multi-threaded, use of fork() may lead to deadlocks in the child.
  pid = os.fork()

[2024-10-02T19:27:46.558+0000] {standard_task_runner.py:63} INFO - Started process 10545 to run task
[2024-10-02T19:27:46.558+0000] {standard_task_runner.py:90} INFO - Running: ['***', 'tasks', 'run', 'etl_covid_europa_pipeline', 'extrair', 'scheduled__2024-05-06T00:00:00+00:00', '--job-id', '2600', '--raw', '--subdir', 'DAGS_FOLDER/etl_pipeline_agrupar_continente.py', '--cfg-path', '/tmp/tmpnilnyjmx']
[2024-10-02T19:27:46.560+0000] {standard_task_runner.py:91} INFO - Job 2600: Subtask extrair
[2024-10-02T19:27:46.619+0000] {task_command.py:426} INFO - Running <TaskInstance: etl_covid_europa_pipeline.extrair scheduled__2024-05-06T00:00:00+00:00 [running]> on host 99de7dfc3871
[2024-10-02T19:27:46.737+0000] {taskinstance.py:2648} INFO - Exporting env vars: AIRFLOW_CTX_DAG_OWNER='***' AIRFLOW_CTX_DAG_ID='etl_covid_europa_pipeline' AIRFLOW_CTX_TASK_ID='extrair' AIRFLOW_CTX_EXECUTION_DATE='2024-05-06T00:00:00+00:00' AIRFLOW_CTX_TRY_NUMBER='1' AIRFLOW_CTX_DAG_RUN_ID='scheduled__2024-05-06T00:00:00+00:00'
[2024-10-02T19:27:46.738+0000] {taskinstance.py:430} INFO - ::endgroup::
[2024-10-02T19:27:52.428+0000] {python.py:237} INFO - Done. Returned value was: None
[2024-10-02T19:27:52.429+0000] {taskinstance.py:441} INFO - ::group::Post task execution logs
[2024-10-02T19:27:52.437+0000] {taskinstance.py:1206} INFO - Marking task as SUCCESS. dag_id=etl_covid_europa_pipeline, task_id=extrair, run_id=scheduled__2024-05-06T00:00:00+00:00, execution_date=20240506T000000, start_date=20241002T192746, end_date=20241002T192752
[2024-10-02T19:27:52.516+0000] {local_task_job_runner.py:240} INFO - Task exited with return code 0
[2024-10-02T19:27:52.546+0000] {taskinstance.py:3503} INFO - 1 downstream tasks scheduled from follow-on schedule check
[2024-10-02T19:27:52.548+0000] {local_task_job_runner.py:222} INFO - ::endgroup::
