[2024-10-02T17:31:54.723+0000] {local_task_job_runner.py:120} INFO - ::group::Pre task execution logs
[2024-10-02T17:31:54.751+0000] {taskinstance.py:2076} INFO - Dependencies all met for dep_context=non-requeueable deps ti=<TaskInstance: etl_covid_europa_pipeline.extrair scheduled__2024-09-20T00:00:00+00:00 [queued]>
[2024-10-02T17:31:54.760+0000] {taskinstance.py:2076} INFO - Dependencies all met for dep_context=requeueable deps ti=<TaskInstance: etl_covid_europa_pipeline.extrair scheduled__2024-09-20T00:00:00+00:00 [queued]>
[2024-10-02T17:31:54.761+0000] {taskinstance.py:2306} INFO - Starting attempt 1 of 1
[2024-10-02T17:31:54.978+0000] {taskinstance.py:2330} INFO - Executing <Task(PythonOperator): extrair> on 2024-09-20 00:00:00+00:00
[2024-10-02T17:31:54.986+0000] {warnings.py:112} WARNING - /home/***/.local/lib/python3.12/site-packages/***/task/task_runner/standard_task_runner.py:61: DeprecationWarning: This process (pid=3156) is multi-threaded, use of fork() may lead to deadlocks in the child.
  pid = os.fork()

[2024-10-02T17:31:54.988+0000] {standard_task_runner.py:63} INFO - Started process 3171 to run task
[2024-10-02T17:31:54.988+0000] {standard_task_runner.py:90} INFO - Running: ['***', 'tasks', 'run', 'etl_covid_europa_pipeline', 'extrair', 'scheduled__2024-09-20T00:00:00+00:00', '--job-id', '641', '--raw', '--subdir', 'DAGS_FOLDER/etl_pipeline.py', '--cfg-path', '/tmp/tmpqagdx78t']
[2024-10-02T17:31:54.989+0000] {standard_task_runner.py:91} INFO - Job 641: Subtask extrair
[2024-10-02T17:31:55.036+0000] {task_command.py:426} INFO - Running <TaskInstance: etl_covid_europa_pipeline.extrair scheduled__2024-09-20T00:00:00+00:00 [running]> on host 99de7dfc3871
[2024-10-02T17:31:55.133+0000] {taskinstance.py:2648} INFO - Exporting env vars: AIRFLOW_CTX_DAG_OWNER='***' AIRFLOW_CTX_DAG_ID='etl_covid_europa_pipeline' AIRFLOW_CTX_TASK_ID='extrair' AIRFLOW_CTX_EXECUTION_DATE='2024-09-20T00:00:00+00:00' AIRFLOW_CTX_TRY_NUMBER='1' AIRFLOW_CTX_DAG_RUN_ID='scheduled__2024-09-20T00:00:00+00:00'
[2024-10-02T17:31:55.135+0000] {taskinstance.py:430} INFO - ::endgroup::
[2024-10-02T17:32:01.053+0000] {python.py:237} INFO - Done. Returned value was: None
[2024-10-02T17:32:01.054+0000] {taskinstance.py:441} INFO - ::group::Post task execution logs
[2024-10-02T17:32:01.064+0000] {taskinstance.py:1206} INFO - Marking task as SUCCESS. dag_id=etl_covid_europa_pipeline, task_id=extrair, run_id=scheduled__2024-09-20T00:00:00+00:00, execution_date=20240920T000000, start_date=20241002T173154, end_date=20241002T173201
[2024-10-02T17:32:01.088+0000] {local_task_job_runner.py:240} INFO - Task exited with return code 0
[2024-10-02T17:32:01.120+0000] {taskinstance.py:3503} INFO - 1 downstream tasks scheduled from follow-on schedule check
[2024-10-02T17:32:01.124+0000] {local_task_job_runner.py:222} INFO - ::endgroup::
[2024-10-02T18:55:36.429+0000] {local_task_job_runner.py:120} INFO - ::group::Pre task execution logs
[2024-10-02T18:55:36.455+0000] {taskinstance.py:2076} INFO - Dependencies all met for dep_context=non-requeueable deps ti=<TaskInstance: etl_covid_europa_pipeline.extrair scheduled__2024-09-20T00:00:00+00:00 [queued]>
[2024-10-02T18:55:36.651+0000] {taskinstance.py:2076} INFO - Dependencies all met for dep_context=requeueable deps ti=<TaskInstance: etl_covid_europa_pipeline.extrair scheduled__2024-09-20T00:00:00+00:00 [queued]>
[2024-10-02T18:55:36.652+0000] {taskinstance.py:2306} INFO - Starting attempt 1 of 1
[2024-10-02T18:55:36.670+0000] {taskinstance.py:2330} INFO - Executing <Task(PythonOperator): extrair> on 2024-09-20 00:00:00+00:00
[2024-10-02T18:55:36.676+0000] {warnings.py:112} WARNING - /home/***/.local/lib/python3.12/site-packages/***/task/task_runner/standard_task_runner.py:61: DeprecationWarning: This process (pid=5065) is multi-threaded, use of fork() may lead to deadlocks in the child.
  pid = os.fork()

[2024-10-02T18:55:36.678+0000] {standard_task_runner.py:63} INFO - Started process 5083 to run task
[2024-10-02T18:55:36.678+0000] {standard_task_runner.py:90} INFO - Running: ['***', 'tasks', 'run', 'etl_covid_europa_pipeline', 'extrair', 'scheduled__2024-09-20T00:00:00+00:00', '--job-id', '916', '--raw', '--subdir', 'DAGS_FOLDER/etl_pipeline.py', '--cfg-path', '/tmp/tmp604evabi']
[2024-10-02T18:55:36.681+0000] {standard_task_runner.py:91} INFO - Job 916: Subtask extrair
[2024-10-02T18:55:36.728+0000] {task_command.py:426} INFO - Running <TaskInstance: etl_covid_europa_pipeline.extrair scheduled__2024-09-20T00:00:00+00:00 [running]> on host 99de7dfc3871
[2024-10-02T18:55:36.815+0000] {taskinstance.py:2648} INFO - Exporting env vars: AIRFLOW_CTX_DAG_OWNER='***' AIRFLOW_CTX_DAG_ID='etl_covid_europa_pipeline' AIRFLOW_CTX_TASK_ID='extrair' AIRFLOW_CTX_EXECUTION_DATE='2024-09-20T00:00:00+00:00' AIRFLOW_CTX_TRY_NUMBER='1' AIRFLOW_CTX_DAG_RUN_ID='scheduled__2024-09-20T00:00:00+00:00'
[2024-10-02T18:55:36.818+0000] {taskinstance.py:430} INFO - ::endgroup::
[2024-10-02T18:55:42.374+0000] {python.py:237} INFO - Done. Returned value was: None
[2024-10-02T18:55:42.375+0000] {taskinstance.py:441} INFO - ::group::Post task execution logs
[2024-10-02T18:55:42.385+0000] {taskinstance.py:1206} INFO - Marking task as SUCCESS. dag_id=etl_covid_europa_pipeline, task_id=extrair, run_id=scheduled__2024-09-20T00:00:00+00:00, execution_date=20240920T000000, start_date=20241002T185536, end_date=20241002T185542
[2024-10-02T18:55:42.421+0000] {local_task_job_runner.py:240} INFO - Task exited with return code 0
[2024-10-02T18:55:42.450+0000] {taskinstance.py:3503} INFO - 1 downstream tasks scheduled from follow-on schedule check
[2024-10-02T18:55:42.453+0000] {local_task_job_runner.py:222} INFO - ::endgroup::
[2024-10-02T19:04:35.302+0000] {local_task_job_runner.py:120} INFO - ::group::Pre task execution logs
[2024-10-02T19:04:35.503+0000] {taskinstance.py:2076} INFO - Dependencies all met for dep_context=non-requeueable deps ti=<TaskInstance: etl_covid_europa_pipeline.extrair scheduled__2024-09-20T00:00:00+00:00 [queued]>
[2024-10-02T19:04:35.511+0000] {taskinstance.py:2076} INFO - Dependencies all met for dep_context=requeueable deps ti=<TaskInstance: etl_covid_europa_pipeline.extrair scheduled__2024-09-20T00:00:00+00:00 [queued]>
[2024-10-02T19:04:35.511+0000] {taskinstance.py:2306} INFO - Starting attempt 1 of 1
[2024-10-02T19:04:35.522+0000] {taskinstance.py:2330} INFO - Executing <Task(PythonOperator): extrair> on 2024-09-20 00:00:00+00:00
[2024-10-02T19:04:35.529+0000] {warnings.py:112} WARNING - /home/***/.local/lib/python3.12/site-packages/***/task/task_runner/standard_task_runner.py:61: DeprecationWarning: This process (pid=8317) is multi-threaded, use of fork() may lead to deadlocks in the child.
  pid = os.fork()

[2024-10-02T19:04:35.530+0000] {standard_task_runner.py:63} INFO - Started process 8329 to run task
[2024-10-02T19:04:35.530+0000] {standard_task_runner.py:90} INFO - Running: ['***', 'tasks', 'run', 'etl_covid_europa_pipeline', 'extrair', 'scheduled__2024-09-20T00:00:00+00:00', '--job-id', '1962', '--raw', '--subdir', 'DAGS_FOLDER/etl_pipeline.py', '--cfg-path', '/tmp/tmpa2tezd4q']
[2024-10-02T19:04:35.532+0000] {standard_task_runner.py:91} INFO - Job 1962: Subtask extrair
[2024-10-02T19:04:35.581+0000] {task_command.py:426} INFO - Running <TaskInstance: etl_covid_europa_pipeline.extrair scheduled__2024-09-20T00:00:00+00:00 [running]> on host 99de7dfc3871
[2024-10-02T19:04:35.670+0000] {taskinstance.py:2648} INFO - Exporting env vars: AIRFLOW_CTX_DAG_OWNER='***' AIRFLOW_CTX_DAG_ID='etl_covid_europa_pipeline' AIRFLOW_CTX_TASK_ID='extrair' AIRFLOW_CTX_EXECUTION_DATE='2024-09-20T00:00:00+00:00' AIRFLOW_CTX_TRY_NUMBER='1' AIRFLOW_CTX_DAG_RUN_ID='scheduled__2024-09-20T00:00:00+00:00'
[2024-10-02T19:04:35.671+0000] {taskinstance.py:430} INFO - ::endgroup::
[2024-10-02T19:04:41.075+0000] {python.py:237} INFO - Done. Returned value was: None
[2024-10-02T19:04:41.076+0000] {taskinstance.py:441} INFO - ::group::Post task execution logs
[2024-10-02T19:04:41.084+0000] {taskinstance.py:1206} INFO - Marking task as SUCCESS. dag_id=etl_covid_europa_pipeline, task_id=extrair, run_id=scheduled__2024-09-20T00:00:00+00:00, execution_date=20240920T000000, start_date=20241002T190435, end_date=20241002T190441
[2024-10-02T19:04:41.111+0000] {local_task_job_runner.py:240} INFO - Task exited with return code 0
[2024-10-02T19:04:41.130+0000] {taskinstance.py:3503} INFO - 1 downstream tasks scheduled from follow-on schedule check
[2024-10-02T19:04:41.132+0000] {local_task_job_runner.py:222} INFO - ::endgroup::
