[2024-10-02T17:26:55.149+0000] {local_task_job_runner.py:120} INFO - ::group::Pre task execution logs
[2024-10-02T17:26:55.172+0000] {taskinstance.py:2076} INFO - Dependencies all met for dep_context=non-requeueable deps ti=<TaskInstance: etl_covid_europa_pipeline.extrair scheduled__2024-01-16T00:00:00+00:00 [queued]>
[2024-10-02T17:26:55.178+0000] {taskinstance.py:2076} INFO - Dependencies all met for dep_context=requeueable deps ti=<TaskInstance: etl_covid_europa_pipeline.extrair scheduled__2024-01-16T00:00:00+00:00 [queued]>
[2024-10-02T17:26:55.179+0000] {taskinstance.py:2306} INFO - Starting attempt 1 of 1
[2024-10-02T17:26:55.342+0000] {taskinstance.py:2330} INFO - Executing <Task(PythonOperator): extrair> on 2024-01-16 00:00:00+00:00
[2024-10-02T17:26:55.347+0000] {warnings.py:112} WARNING - /home/***/.local/lib/python3.12/site-packages/***/task/task_runner/standard_task_runner.py:61: DeprecationWarning: This process (pid=1779) is multi-threaded, use of fork() may lead to deadlocks in the child.
  pid = os.fork()

[2024-10-02T17:26:55.348+0000] {standard_task_runner.py:63} INFO - Started process 1789 to run task
[2024-10-02T17:26:55.348+0000] {standard_task_runner.py:90} INFO - Running: ['***', 'tasks', 'run', 'etl_covid_europa_pipeline', 'extrair', 'scheduled__2024-01-16T00:00:00+00:00', '--job-id', '203', '--raw', '--subdir', 'DAGS_FOLDER/etl_pipeline.py', '--cfg-path', '/tmp/tmpyd18ib60']
[2024-10-02T17:26:55.350+0000] {standard_task_runner.py:91} INFO - Job 203: Subtask extrair
[2024-10-02T17:26:55.393+0000] {task_command.py:426} INFO - Running <TaskInstance: etl_covid_europa_pipeline.extrair scheduled__2024-01-16T00:00:00+00:00 [running]> on host 99de7dfc3871
[2024-10-02T17:26:55.465+0000] {taskinstance.py:2648} INFO - Exporting env vars: AIRFLOW_CTX_DAG_OWNER='***' AIRFLOW_CTX_DAG_ID='etl_covid_europa_pipeline' AIRFLOW_CTX_TASK_ID='extrair' AIRFLOW_CTX_EXECUTION_DATE='2024-01-16T00:00:00+00:00' AIRFLOW_CTX_TRY_NUMBER='1' AIRFLOW_CTX_DAG_RUN_ID='scheduled__2024-01-16T00:00:00+00:00'
[2024-10-02T17:26:55.466+0000] {taskinstance.py:430} INFO - ::endgroup::
[2024-10-02T17:27:02.108+0000] {taskinstance.py:441} INFO - ::group::Post task execution logs
[2024-10-02T17:27:02.108+0000] {taskinstance.py:2905} ERROR - Task failed with exception
Traceback (most recent call last):
  File "/home/airflow/.local/lib/python3.12/site-packages/airflow/models/taskinstance.py", line 465, in _execute_task
    result = _execute_callable(context=context, **execute_callable_kwargs)
             ^^^^^^^^^^^^^^^^^^^^^^^^^^^^^^^^^^^^^^^^^^^^^^^^^^^^^^^^^^^^^
  File "/home/airflow/.local/lib/python3.12/site-packages/airflow/models/taskinstance.py", line 432, in _execute_callable
    return execute_callable(context=context, **execute_callable_kwargs)
           ^^^^^^^^^^^^^^^^^^^^^^^^^^^^^^^^^^^^^^^^^^^^^^^^^^^^^^^^^^^^
  File "/home/airflow/.local/lib/python3.12/site-packages/airflow/models/baseoperator.py", line 401, in wrapper
    return func(self, *args, **kwargs)
           ^^^^^^^^^^^^^^^^^^^^^^^^^^^
  File "/home/airflow/.local/lib/python3.12/site-packages/airflow/operators/python.py", line 235, in execute
    return_value = self.execute_callable()
                   ^^^^^^^^^^^^^^^^^^^^^^^
  File "/home/airflow/.local/lib/python3.12/site-packages/airflow/operators/python.py", line 252, in execute_callable
    return self.python_callable(*self.op_args, **self.op_kwargs)
           ^^^^^^^^^^^^^^^^^^^^^^^^^^^^^^^^^^^^^^^^^^^^^^^^^^^^^
  File "/opt/airflow/dags/etl_pipeline.py", line 10, in extrair
    df.to_csv('data/dados_covid_extraidos.csv', index=False)
  File "/home/airflow/.local/lib/python3.12/site-packages/pandas/core/generic.py", line 3902, in to_csv
    return DataFrameRenderer(formatter).to_csv(
           ^^^^^^^^^^^^^^^^^^^^^^^^^^^^^^^^^^^^
  File "/home/airflow/.local/lib/python3.12/site-packages/pandas/io/formats/format.py", line 1152, in to_csv
    csv_formatter.save()
  File "/home/airflow/.local/lib/python3.12/site-packages/pandas/io/formats/csvs.py", line 247, in save
    with get_handle(
         ^^^^^^^^^^^
  File "/home/airflow/.local/lib/python3.12/site-packages/pandas/io/common.py", line 863, in get_handle
    handle = open(
             ^^^^^
PermissionError: [Errno 13] Permission denied: 'data/dados_covid_extraidos.csv'
[2024-10-02T17:27:02.120+0000] {taskinstance.py:1206} INFO - Marking task as FAILED. dag_id=etl_covid_europa_pipeline, task_id=extrair, run_id=scheduled__2024-01-16T00:00:00+00:00, execution_date=20240116T000000, start_date=20241002T172655, end_date=20241002T172702
[2024-10-02T17:27:02.187+0000] {standard_task_runner.py:110} ERROR - Failed to execute job 203 for task extrair ([Errno 13] Permission denied: 'data/dados_covid_extraidos.csv'; 1789)
[2024-10-02T17:27:02.218+0000] {local_task_job_runner.py:240} INFO - Task exited with return code 1
[2024-10-02T17:27:02.235+0000] {taskinstance.py:3503} INFO - 0 downstream tasks scheduled from follow-on schedule check
[2024-10-02T17:27:02.240+0000] {local_task_job_runner.py:222} INFO - ::endgroup::
[2024-10-02T18:59:05.413+0000] {local_task_job_runner.py:120} INFO - ::group::Pre task execution logs
[2024-10-02T18:59:05.445+0000] {taskinstance.py:2076} INFO - Dependencies all met for dep_context=non-requeueable deps ti=<TaskInstance: etl_covid_europa_pipeline.extrair scheduled__2024-01-16T00:00:00+00:00 [queued]>
[2024-10-02T18:59:05.682+0000] {taskinstance.py:2076} INFO - Dependencies all met for dep_context=requeueable deps ti=<TaskInstance: etl_covid_europa_pipeline.extrair scheduled__2024-01-16T00:00:00+00:00 [queued]>
[2024-10-02T18:59:05.683+0000] {taskinstance.py:2306} INFO - Starting attempt 1 of 1
[2024-10-02T18:59:05.714+0000] {taskinstance.py:2330} INFO - Executing <Task(PythonOperator): extrair> on 2024-01-16 00:00:00+00:00
[2024-10-02T18:59:05.723+0000] {warnings.py:112} WARNING - /home/***/.local/lib/python3.12/site-packages/***/task/task_runner/standard_task_runner.py:61: DeprecationWarning: This process (pid=6143) is multi-threaded, use of fork() may lead to deadlocks in the child.
  pid = os.fork()

[2024-10-02T18:59:05.726+0000] {standard_task_runner.py:63} INFO - Started process 6158 to run task
[2024-10-02T18:59:05.728+0000] {standard_task_runner.py:90} INFO - Running: ['***', 'tasks', 'run', 'etl_covid_europa_pipeline', 'extrair', 'scheduled__2024-01-16T00:00:00+00:00', '--job-id', '1261', '--raw', '--subdir', 'DAGS_FOLDER/etl_pipeline.py', '--cfg-path', '/tmp/tmp49e05tvh']
[2024-10-02T18:59:05.730+0000] {standard_task_runner.py:91} INFO - Job 1261: Subtask extrair
[2024-10-02T18:59:05.791+0000] {task_command.py:426} INFO - Running <TaskInstance: etl_covid_europa_pipeline.extrair scheduled__2024-01-16T00:00:00+00:00 [running]> on host 99de7dfc3871
[2024-10-02T18:59:05.931+0000] {taskinstance.py:2648} INFO - Exporting env vars: AIRFLOW_CTX_DAG_OWNER='***' AIRFLOW_CTX_DAG_ID='etl_covid_europa_pipeline' AIRFLOW_CTX_TASK_ID='extrair' AIRFLOW_CTX_EXECUTION_DATE='2024-01-16T00:00:00+00:00' AIRFLOW_CTX_TRY_NUMBER='1' AIRFLOW_CTX_DAG_RUN_ID='scheduled__2024-01-16T00:00:00+00:00'
[2024-10-02T18:59:05.936+0000] {taskinstance.py:430} INFO - ::endgroup::
[2024-10-02T18:59:11.919+0000] {python.py:237} INFO - Done. Returned value was: None
[2024-10-02T18:59:11.920+0000] {taskinstance.py:441} INFO - ::group::Post task execution logs
[2024-10-02T18:59:11.951+0000] {taskinstance.py:1206} INFO - Marking task as SUCCESS. dag_id=etl_covid_europa_pipeline, task_id=extrair, run_id=scheduled__2024-01-16T00:00:00+00:00, execution_date=20240116T000000, start_date=20241002T185905, end_date=20241002T185911
[2024-10-02T18:59:12.012+0000] {local_task_job_runner.py:240} INFO - Task exited with return code 0
[2024-10-02T18:59:12.045+0000] {taskinstance.py:3503} INFO - 1 downstream tasks scheduled from follow-on schedule check
[2024-10-02T18:59:12.048+0000] {local_task_job_runner.py:222} INFO - ::endgroup::
[2024-10-02T19:25:22.615+0000] {local_task_job_runner.py:120} INFO - ::group::Pre task execution logs
[2024-10-02T19:25:22.635+0000] {taskinstance.py:2076} INFO - Dependencies all met for dep_context=non-requeueable deps ti=<TaskInstance: etl_covid_europa_pipeline.extrair scheduled__2024-01-16T00:00:00+00:00 [queued]>
[2024-10-02T19:25:22.779+0000] {taskinstance.py:2076} INFO - Dependencies all met for dep_context=requeueable deps ti=<TaskInstance: etl_covid_europa_pipeline.extrair scheduled__2024-01-16T00:00:00+00:00 [queued]>
[2024-10-02T19:25:22.779+0000] {taskinstance.py:2306} INFO - Starting attempt 1 of 1
[2024-10-02T19:25:22.792+0000] {taskinstance.py:2330} INFO - Executing <Task(PythonOperator): extrair> on 2024-01-16 00:00:00+00:00
[2024-10-02T19:25:22.798+0000] {warnings.py:112} WARNING - /home/***/.local/lib/python3.12/site-packages/***/task/task_runner/standard_task_runner.py:61: DeprecationWarning: This process (pid=9504) is multi-threaded, use of fork() may lead to deadlocks in the child.
  pid = os.fork()

[2024-10-02T19:25:22.799+0000] {standard_task_runner.py:63} INFO - Started process 9510 to run task
[2024-10-02T19:25:22.799+0000] {standard_task_runner.py:90} INFO - Running: ['***', 'tasks', 'run', 'etl_covid_europa_pipeline', 'extrair', 'scheduled__2024-01-16T00:00:00+00:00', '--job-id', '2266', '--raw', '--subdir', 'DAGS_FOLDER/etl_pipeline.py', '--cfg-path', '/tmp/tmpmo82v7jv']
[2024-10-02T19:25:22.800+0000] {standard_task_runner.py:91} INFO - Job 2266: Subtask extrair
[2024-10-02T19:25:22.836+0000] {task_command.py:426} INFO - Running <TaskInstance: etl_covid_europa_pipeline.extrair scheduled__2024-01-16T00:00:00+00:00 [running]> on host 99de7dfc3871
[2024-10-02T19:25:22.909+0000] {taskinstance.py:2648} INFO - Exporting env vars: AIRFLOW_CTX_DAG_OWNER='***' AIRFLOW_CTX_DAG_ID='etl_covid_europa_pipeline' AIRFLOW_CTX_TASK_ID='extrair' AIRFLOW_CTX_EXECUTION_DATE='2024-01-16T00:00:00+00:00' AIRFLOW_CTX_TRY_NUMBER='1' AIRFLOW_CTX_DAG_RUN_ID='scheduled__2024-01-16T00:00:00+00:00'
[2024-10-02T19:25:22.912+0000] {taskinstance.py:430} INFO - ::endgroup::
[2024-10-02T19:25:28.669+0000] {python.py:237} INFO - Done. Returned value was: None
[2024-10-02T19:25:28.670+0000] {taskinstance.py:441} INFO - ::group::Post task execution logs
[2024-10-02T19:25:28.680+0000] {taskinstance.py:1206} INFO - Marking task as SUCCESS. dag_id=etl_covid_europa_pipeline, task_id=extrair, run_id=scheduled__2024-01-16T00:00:00+00:00, execution_date=20240116T000000, start_date=20241002T192522, end_date=20241002T192528
[2024-10-02T19:25:28.726+0000] {local_task_job_runner.py:240} INFO - Task exited with return code 0
[2024-10-02T19:25:28.761+0000] {taskinstance.py:3503} INFO - 1 downstream tasks scheduled from follow-on schedule check
[2024-10-02T19:25:28.764+0000] {local_task_job_runner.py:222} INFO - ::endgroup::
