[2024-10-02T18:58:36.919+0000] {local_task_job_runner.py:120} INFO - ::group::Pre task execution logs
[2024-10-02T18:58:36.954+0000] {taskinstance.py:2076} INFO - Dependencies all met for dep_context=non-requeueable deps ti=<TaskInstance: etl_covid_europa_pipeline.carregar scheduled__2023-12-09T00:00:00+00:00 [queued]>
[2024-10-02T18:58:37.148+0000] {taskinstance.py:2076} INFO - Dependencies all met for dep_context=requeueable deps ti=<TaskInstance: etl_covid_europa_pipeline.carregar scheduled__2023-12-09T00:00:00+00:00 [queued]>
[2024-10-02T18:58:37.148+0000] {taskinstance.py:2306} INFO - Starting attempt 1 of 1
[2024-10-02T18:58:37.162+0000] {taskinstance.py:2330} INFO - Executing <Task(PythonOperator): carregar> on 2023-12-09 00:00:00+00:00
[2024-10-02T18:58:37.168+0000] {warnings.py:112} WARNING - /home/***/.local/lib/python3.12/site-packages/***/task/task_runner/standard_task_runner.py:61: DeprecationWarning: This process (pid=5937) is multi-threaded, use of fork() may lead to deadlocks in the child.
  pid = os.fork()

[2024-10-02T18:58:37.170+0000] {standard_task_runner.py:63} INFO - Started process 5949 to run task
[2024-10-02T18:58:37.170+0000] {standard_task_runner.py:90} INFO - Running: ['***', 'tasks', 'run', 'etl_covid_europa_pipeline', 'carregar', 'scheduled__2023-12-09T00:00:00+00:00', '--job-id', '1193', '--raw', '--subdir', 'DAGS_FOLDER/etl_pipeline.py', '--cfg-path', '/tmp/tmp2lw6rut1']
[2024-10-02T18:58:37.172+0000] {standard_task_runner.py:91} INFO - Job 1193: Subtask carregar
[2024-10-02T18:58:37.215+0000] {task_command.py:426} INFO - Running <TaskInstance: etl_covid_europa_pipeline.carregar scheduled__2023-12-09T00:00:00+00:00 [running]> on host 99de7dfc3871
[2024-10-02T18:58:37.297+0000] {taskinstance.py:2648} INFO - Exporting env vars: AIRFLOW_CTX_DAG_OWNER='***' AIRFLOW_CTX_DAG_ID='etl_covid_europa_pipeline' AIRFLOW_CTX_TASK_ID='carregar' AIRFLOW_CTX_EXECUTION_DATE='2023-12-09T00:00:00+00:00' AIRFLOW_CTX_TRY_NUMBER='1' AIRFLOW_CTX_DAG_RUN_ID='scheduled__2023-12-09T00:00:00+00:00'
[2024-10-02T18:58:37.300+0000] {taskinstance.py:430} INFO - ::endgroup::
[2024-10-02T18:58:37.358+0000] {python.py:237} INFO - Done. Returned value was: None
[2024-10-02T18:58:37.359+0000] {taskinstance.py:441} INFO - ::group::Post task execution logs
[2024-10-02T18:58:37.368+0000] {taskinstance.py:1206} INFO - Marking task as SUCCESS. dag_id=etl_covid_europa_pipeline, task_id=carregar, run_id=scheduled__2023-12-09T00:00:00+00:00, execution_date=20231209T000000, start_date=20241002T185836, end_date=20241002T185837
[2024-10-02T18:58:37.423+0000] {local_task_job_runner.py:240} INFO - Task exited with return code 0
[2024-10-02T18:58:37.436+0000] {taskinstance.py:3503} INFO - 0 downstream tasks scheduled from follow-on schedule check
[2024-10-02T18:58:37.438+0000] {local_task_job_runner.py:222} INFO - ::endgroup::
[2024-10-02T19:24:55.532+0000] {local_task_job_runner.py:120} INFO - ::group::Pre task execution logs
[2024-10-02T19:24:55.594+0000] {taskinstance.py:2076} INFO - Dependencies all met for dep_context=non-requeueable deps ti=<TaskInstance: etl_covid_europa_pipeline.carregar scheduled__2023-12-09T00:00:00+00:00 [queued]>
[2024-10-02T19:24:56.042+0000] {taskinstance.py:2076} INFO - Dependencies all met for dep_context=requeueable deps ti=<TaskInstance: etl_covid_europa_pipeline.carregar scheduled__2023-12-09T00:00:00+00:00 [queued]>
[2024-10-02T19:24:56.058+0000] {taskinstance.py:2306} INFO - Starting attempt 1 of 1
[2024-10-02T19:24:56.093+0000] {taskinstance.py:2330} INFO - Executing <Task(PythonOperator): carregar> on 2023-12-09 00:00:00+00:00
[2024-10-02T19:24:56.105+0000] {warnings.py:112} WARNING - /home/***/.local/lib/python3.12/site-packages/***/task/task_runner/standard_task_runner.py:61: DeprecationWarning: This process (pid=9308) is multi-threaded, use of fork() may lead to deadlocks in the child.
  pid = os.fork()

[2024-10-02T19:24:56.105+0000] {standard_task_runner.py:90} INFO - Running: ['***', 'tasks', 'run', 'etl_covid_europa_pipeline', 'carregar', 'scheduled__2023-12-09T00:00:00+00:00', '--job-id', '2207', '--raw', '--subdir', 'DAGS_FOLDER/etl_pipeline.py', '--cfg-path', '/tmp/tmprmh3mlcf']
[2024-10-02T19:24:56.108+0000] {standard_task_runner.py:63} INFO - Started process 9336 to run task
[2024-10-02T19:24:56.109+0000] {standard_task_runner.py:91} INFO - Job 2207: Subtask carregar
[2024-10-02T19:24:56.193+0000] {task_command.py:426} INFO - Running <TaskInstance: etl_covid_europa_pipeline.carregar scheduled__2023-12-09T00:00:00+00:00 [running]> on host 99de7dfc3871
[2024-10-02T19:24:56.338+0000] {taskinstance.py:2648} INFO - Exporting env vars: AIRFLOW_CTX_DAG_OWNER='***' AIRFLOW_CTX_DAG_ID='etl_covid_europa_pipeline' AIRFLOW_CTX_TASK_ID='carregar' AIRFLOW_CTX_EXECUTION_DATE='2023-12-09T00:00:00+00:00' AIRFLOW_CTX_TRY_NUMBER='1' AIRFLOW_CTX_DAG_RUN_ID='scheduled__2023-12-09T00:00:00+00:00'
[2024-10-02T19:24:56.342+0000] {taskinstance.py:430} INFO - ::endgroup::
[2024-10-02T19:24:56.430+0000] {python.py:237} INFO - Done. Returned value was: None
[2024-10-02T19:24:56.431+0000] {taskinstance.py:441} INFO - ::group::Post task execution logs
[2024-10-02T19:24:56.443+0000] {taskinstance.py:1206} INFO - Marking task as SUCCESS. dag_id=etl_covid_europa_pipeline, task_id=carregar, run_id=scheduled__2023-12-09T00:00:00+00:00, execution_date=20231209T000000, start_date=20241002T192455, end_date=20241002T192456
[2024-10-02T19:24:56.492+0000] {local_task_job_runner.py:240} INFO - Task exited with return code 0
[2024-10-02T19:24:56.512+0000] {taskinstance.py:3503} INFO - 0 downstream tasks scheduled from follow-on schedule check
[2024-10-02T19:24:56.518+0000] {local_task_job_runner.py:222} INFO - ::endgroup::
