[2024-10-02T17:26:03.191+0000] {local_task_job_runner.py:120} INFO - ::group::Pre task execution logs
[2024-10-02T17:26:03.211+0000] {taskinstance.py:2076} INFO - Dependencies all met for dep_context=non-requeueable deps ti=<TaskInstance: etl_covid_europa_pipeline.transformar scheduled__2023-11-20T00:00:00+00:00 [queued]>
[2024-10-02T17:26:03.217+0000] {taskinstance.py:2076} INFO - Dependencies all met for dep_context=requeueable deps ti=<TaskInstance: etl_covid_europa_pipeline.transformar scheduled__2023-11-20T00:00:00+00:00 [queued]>
[2024-10-02T17:26:03.218+0000] {taskinstance.py:2306} INFO - Starting attempt 1 of 1
[2024-10-02T17:26:03.372+0000] {taskinstance.py:2330} INFO - Executing <Task(PythonOperator): transformar> on 2023-11-20 00:00:00+00:00
[2024-10-02T17:26:03.378+0000] {warnings.py:112} WARNING - /home/***/.local/lib/python3.12/site-packages/***/task/task_runner/standard_task_runner.py:61: DeprecationWarning: This process (pid=1473) is multi-threaded, use of fork() may lead to deadlocks in the child.
  pid = os.fork()

[2024-10-02T17:26:03.379+0000] {standard_task_runner.py:63} INFO - Started process 1477 to run task
[2024-10-02T17:26:03.379+0000] {standard_task_runner.py:90} INFO - Running: ['***', 'tasks', 'run', 'etl_covid_europa_pipeline', 'transformar', 'scheduled__2023-11-20T00:00:00+00:00', '--job-id', '105', '--raw', '--subdir', 'DAGS_FOLDER/etl_pipeline.py', '--cfg-path', '/tmp/tmp8gv6qm9k']
[2024-10-02T17:26:03.380+0000] {standard_task_runner.py:91} INFO - Job 105: Subtask transformar
[2024-10-02T17:26:03.419+0000] {task_command.py:426} INFO - Running <TaskInstance: etl_covid_europa_pipeline.transformar scheduled__2023-11-20T00:00:00+00:00 [running]> on host 99de7dfc3871
[2024-10-02T17:26:03.485+0000] {taskinstance.py:2648} INFO - Exporting env vars: AIRFLOW_CTX_DAG_OWNER='***' AIRFLOW_CTX_DAG_ID='etl_covid_europa_pipeline' AIRFLOW_CTX_TASK_ID='transformar' AIRFLOW_CTX_EXECUTION_DATE='2023-11-20T00:00:00+00:00' AIRFLOW_CTX_TRY_NUMBER='1' AIRFLOW_CTX_DAG_RUN_ID='scheduled__2023-11-20T00:00:00+00:00'
[2024-10-02T17:26:03.485+0000] {taskinstance.py:430} INFO - ::endgroup::
[2024-10-02T17:26:03.587+0000] {taskinstance.py:441} INFO - ::group::Post task execution logs
[2024-10-02T17:26:03.588+0000] {taskinstance.py:2905} ERROR - Task failed with exception
Traceback (most recent call last):
  File "/home/airflow/.local/lib/python3.12/site-packages/airflow/models/taskinstance.py", line 465, in _execute_task
    result = _execute_callable(context=context, **execute_callable_kwargs)
             ^^^^^^^^^^^^^^^^^^^^^^^^^^^^^^^^^^^^^^^^^^^^^^^^^^^^^^^^^^^^^
  File "/home/airflow/.local/lib/python3.12/site-packages/airflow/models/taskinstance.py", line 432, in _execute_callable
    return execute_callable(context=context, **execute_callable_kwargs)
           ^^^^^^^^^^^^^^^^^^^^^^^^^^^^^^^^^^^^^^^^^^^^^^^^^^^^^^^^^^^^
  File "/home/airflow/.local/lib/python3.12/site-packages/airflow/models/baseoperator.py", line 401, in wrapper
    return func(self, *args, **kwargs)
           ^^^^^^^^^^^^^^^^^^^^^^^^^^^
  File "/home/airflow/.local/lib/python3.12/site-packages/airflow/operators/python.py", line 235, in execute
    return_value = self.execute_callable()
                   ^^^^^^^^^^^^^^^^^^^^^^^
  File "/home/airflow/.local/lib/python3.12/site-packages/airflow/operators/python.py", line 252, in execute_callable
    return self.python_callable(*self.op_args, **self.op_kwargs)
           ^^^^^^^^^^^^^^^^^^^^^^^^^^^^^^^^^^^^^^^^^^^^^^^^^^^^^
  File "/opt/airflow/dags/etl_pipeline.py", line 17, in transformar
    df_agrupada = df.groupby('ContinentExp')[['cases', 'deaths']].sum().reset_index()
                  ^^^^^^^^^^^^^^^^^^^^^^^^^^
  File "/home/airflow/.local/lib/python3.12/site-packages/pandas/core/frame.py", line 8869, in groupby
    return DataFrameGroupBy(
           ^^^^^^^^^^^^^^^^^
  File "/home/airflow/.local/lib/python3.12/site-packages/pandas/core/groupby/groupby.py", line 1278, in __init__
    grouper, exclusions, obj = get_grouper(
                               ^^^^^^^^^^^^
  File "/home/airflow/.local/lib/python3.12/site-packages/pandas/core/groupby/grouper.py", line 1009, in get_grouper
    raise KeyError(gpr)
KeyError: 'ContinentExp'
[2024-10-02T17:26:03.600+0000] {taskinstance.py:1206} INFO - Marking task as FAILED. dag_id=etl_covid_europa_pipeline, task_id=transformar, run_id=scheduled__2023-11-20T00:00:00+00:00, execution_date=20231120T000000, start_date=20241002T172603, end_date=20241002T172603
[2024-10-02T17:26:03.614+0000] {standard_task_runner.py:110} ERROR - Failed to execute job 105 for task transformar ('ContinentExp'; 1477)
[2024-10-02T17:26:03.633+0000] {local_task_job_runner.py:240} INFO - Task exited with return code 1
[2024-10-02T17:26:03.652+0000] {taskinstance.py:3503} INFO - 0 downstream tasks scheduled from follow-on schedule check
[2024-10-02T17:26:03.656+0000] {local_task_job_runner.py:222} INFO - ::endgroup::
[2024-10-02T18:58:18.947+0000] {local_task_job_runner.py:120} INFO - ::group::Pre task execution logs
[2024-10-02T18:58:18.995+0000] {taskinstance.py:2076} INFO - Dependencies all met for dep_context=non-requeueable deps ti=<TaskInstance: etl_covid_europa_pipeline.transformar scheduled__2023-11-20T00:00:00+00:00 [queued]>
[2024-10-02T18:58:19.018+0000] {taskinstance.py:2076} INFO - Dependencies all met for dep_context=requeueable deps ti=<TaskInstance: etl_covid_europa_pipeline.transformar scheduled__2023-11-20T00:00:00+00:00 [queued]>
[2024-10-02T18:58:19.022+0000] {taskinstance.py:2306} INFO - Starting attempt 1 of 1
[2024-10-02T18:58:19.366+0000] {taskinstance.py:2330} INFO - Executing <Task(PythonOperator): transformar> on 2023-11-20 00:00:00+00:00
[2024-10-02T18:58:19.383+0000] {warnings.py:112} WARNING - /home/***/.local/lib/python3.12/site-packages/***/task/task_runner/standard_task_runner.py:61: DeprecationWarning: This process (pid=5755) is multi-threaded, use of fork() may lead to deadlocks in the child.
  pid = os.fork()

[2024-10-02T18:58:19.388+0000] {standard_task_runner.py:63} INFO - Started process 5775 to run task
[2024-10-02T18:58:19.389+0000] {standard_task_runner.py:90} INFO - Running: ['***', 'tasks', 'run', 'etl_covid_europa_pipeline', 'transformar', 'scheduled__2023-11-20T00:00:00+00:00', '--job-id', '1134', '--raw', '--subdir', 'DAGS_FOLDER/etl_pipeline.py', '--cfg-path', '/tmp/tmpak2hgpu1']
[2024-10-02T18:58:19.392+0000] {standard_task_runner.py:91} INFO - Job 1134: Subtask transformar
[2024-10-02T18:58:19.537+0000] {task_command.py:426} INFO - Running <TaskInstance: etl_covid_europa_pipeline.transformar scheduled__2023-11-20T00:00:00+00:00 [running]> on host 99de7dfc3871
[2024-10-02T18:58:19.766+0000] {taskinstance.py:2648} INFO - Exporting env vars: AIRFLOW_CTX_DAG_OWNER='***' AIRFLOW_CTX_DAG_ID='etl_covid_europa_pipeline' AIRFLOW_CTX_TASK_ID='transformar' AIRFLOW_CTX_EXECUTION_DATE='2023-11-20T00:00:00+00:00' AIRFLOW_CTX_TRY_NUMBER='1' AIRFLOW_CTX_DAG_RUN_ID='scheduled__2023-11-20T00:00:00+00:00'
[2024-10-02T18:58:19.768+0000] {taskinstance.py:430} INFO - ::endgroup::
[2024-10-02T18:58:20.072+0000] {python.py:237} INFO - Done. Returned value was: None
[2024-10-02T18:58:20.073+0000] {taskinstance.py:441} INFO - ::group::Post task execution logs
[2024-10-02T18:58:20.085+0000] {taskinstance.py:1206} INFO - Marking task as SUCCESS. dag_id=etl_covid_europa_pipeline, task_id=transformar, run_id=scheduled__2023-11-20T00:00:00+00:00, execution_date=20231120T000000, start_date=20241002T185819, end_date=20241002T185820
[2024-10-02T18:58:20.143+0000] {local_task_job_runner.py:240} INFO - Task exited with return code 0
[2024-10-02T18:58:20.168+0000] {taskinstance.py:3503} INFO - 1 downstream tasks scheduled from follow-on schedule check
[2024-10-02T18:58:20.171+0000] {local_task_job_runner.py:222} INFO - ::endgroup::
[2024-10-02T19:24:29.552+0000] {local_task_job_runner.py:120} INFO - ::group::Pre task execution logs
[2024-10-02T19:24:29.713+0000] {taskinstance.py:2076} INFO - Dependencies all met for dep_context=non-requeueable deps ti=<TaskInstance: etl_covid_europa_pipeline.transformar scheduled__2023-11-20T00:00:00+00:00 [queued]>
[2024-10-02T19:24:29.721+0000] {taskinstance.py:2076} INFO - Dependencies all met for dep_context=requeueable deps ti=<TaskInstance: etl_covid_europa_pipeline.transformar scheduled__2023-11-20T00:00:00+00:00 [queued]>
[2024-10-02T19:24:29.721+0000] {taskinstance.py:2306} INFO - Starting attempt 1 of 1
[2024-10-02T19:24:29.733+0000] {taskinstance.py:2330} INFO - Executing <Task(PythonOperator): transformar> on 2023-11-20 00:00:00+00:00
[2024-10-02T19:24:29.740+0000] {warnings.py:112} WARNING - /home/***/.local/lib/python3.12/site-packages/***/task/task_runner/standard_task_runner.py:61: DeprecationWarning: This process (pid=9119) is multi-threaded, use of fork() may lead to deadlocks in the child.
  pid = os.fork()

[2024-10-02T19:24:29.741+0000] {standard_task_runner.py:63} INFO - Started process 9121 to run task
[2024-10-02T19:24:29.741+0000] {standard_task_runner.py:90} INFO - Running: ['***', 'tasks', 'run', 'etl_covid_europa_pipeline', 'transformar', 'scheduled__2023-11-20T00:00:00+00:00', '--job-id', '2141', '--raw', '--subdir', 'DAGS_FOLDER/etl_pipeline.py', '--cfg-path', '/tmp/tmpeo0vpq0a']
[2024-10-02T19:24:29.744+0000] {standard_task_runner.py:91} INFO - Job 2141: Subtask transformar
[2024-10-02T19:24:29.783+0000] {task_command.py:426} INFO - Running <TaskInstance: etl_covid_europa_pipeline.transformar scheduled__2023-11-20T00:00:00+00:00 [running]> on host 99de7dfc3871
[2024-10-02T19:24:29.864+0000] {taskinstance.py:2648} INFO - Exporting env vars: AIRFLOW_CTX_DAG_OWNER='***' AIRFLOW_CTX_DAG_ID='etl_covid_europa_pipeline' AIRFLOW_CTX_TASK_ID='transformar' AIRFLOW_CTX_EXECUTION_DATE='2023-11-20T00:00:00+00:00' AIRFLOW_CTX_TRY_NUMBER='1' AIRFLOW_CTX_DAG_RUN_ID='scheduled__2023-11-20T00:00:00+00:00'
[2024-10-02T19:24:29.866+0000] {taskinstance.py:430} INFO - ::endgroup::
[2024-10-02T19:24:29.930+0000] {python.py:237} INFO - Done. Returned value was: None
[2024-10-02T19:24:29.930+0000] {taskinstance.py:441} INFO - ::group::Post task execution logs
[2024-10-02T19:24:29.939+0000] {taskinstance.py:1206} INFO - Marking task as SUCCESS. dag_id=etl_covid_europa_pipeline, task_id=transformar, run_id=scheduled__2023-11-20T00:00:00+00:00, execution_date=20231120T000000, start_date=20241002T192429, end_date=20241002T192429
[2024-10-02T19:24:29.995+0000] {local_task_job_runner.py:240} INFO - Task exited with return code 0
[2024-10-02T19:24:30.014+0000] {taskinstance.py:3503} INFO - 1 downstream tasks scheduled from follow-on schedule check
[2024-10-02T19:24:30.016+0000] {local_task_job_runner.py:222} INFO - ::endgroup::
