[2024-10-02T17:30:28.481+0000] {local_task_job_runner.py:120} INFO - ::group::Pre task execution logs
[2024-10-02T17:30:28.505+0000] {taskinstance.py:2076} INFO - Dependencies all met for dep_context=non-requeueable deps ti=<TaskInstance: etl_covid_europa_pipeline.extrair scheduled__2024-07-15T00:00:00+00:00 [queued]>
[2024-10-02T17:30:28.512+0000] {taskinstance.py:2076} INFO - Dependencies all met for dep_context=requeueable deps ti=<TaskInstance: etl_covid_europa_pipeline.extrair scheduled__2024-07-15T00:00:00+00:00 [queued]>
[2024-10-02T17:30:28.513+0000] {taskinstance.py:2306} INFO - Starting attempt 1 of 1
[2024-10-02T17:30:28.684+0000] {taskinstance.py:2330} INFO - Executing <Task(PythonOperator): extrair> on 2024-07-15 00:00:00+00:00
[2024-10-02T17:30:28.688+0000] {warnings.py:112} WARNING - /home/***/.local/lib/python3.12/site-packages/***/task/task_runner/standard_task_runner.py:61: DeprecationWarning: This process (pid=2715) is multi-threaded, use of fork() may lead to deadlocks in the child.
  pid = os.fork()

[2024-10-02T17:30:28.690+0000] {standard_task_runner.py:63} INFO - Started process 2725 to run task
[2024-10-02T17:30:28.690+0000] {standard_task_runner.py:90} INFO - Running: ['***', 'tasks', 'run', 'etl_covid_europa_pipeline', 'extrair', 'scheduled__2024-07-15T00:00:00+00:00', '--job-id', '501', '--raw', '--subdir', 'DAGS_FOLDER/etl_pipeline.py', '--cfg-path', '/tmp/tmp1lir3irg']
[2024-10-02T17:30:28.691+0000] {standard_task_runner.py:91} INFO - Job 501: Subtask extrair
[2024-10-02T17:30:28.730+0000] {task_command.py:426} INFO - Running <TaskInstance: etl_covid_europa_pipeline.extrair scheduled__2024-07-15T00:00:00+00:00 [running]> on host 99de7dfc3871
[2024-10-02T17:30:28.803+0000] {taskinstance.py:2648} INFO - Exporting env vars: AIRFLOW_CTX_DAG_OWNER='***' AIRFLOW_CTX_DAG_ID='etl_covid_europa_pipeline' AIRFLOW_CTX_TASK_ID='extrair' AIRFLOW_CTX_EXECUTION_DATE='2024-07-15T00:00:00+00:00' AIRFLOW_CTX_TRY_NUMBER='1' AIRFLOW_CTX_DAG_RUN_ID='scheduled__2024-07-15T00:00:00+00:00'
[2024-10-02T17:30:28.804+0000] {taskinstance.py:430} INFO - ::endgroup::
[2024-10-02T17:30:35.401+0000] {python.py:237} INFO - Done. Returned value was: None
[2024-10-02T17:30:35.402+0000] {taskinstance.py:441} INFO - ::group::Post task execution logs
[2024-10-02T17:30:35.421+0000] {taskinstance.py:1206} INFO - Marking task as SUCCESS. dag_id=etl_covid_europa_pipeline, task_id=extrair, run_id=scheduled__2024-07-15T00:00:00+00:00, execution_date=20240715T000000, start_date=20241002T173028, end_date=20241002T173035
[2024-10-02T17:30:35.485+0000] {local_task_job_runner.py:240} INFO - Task exited with return code 0
[2024-10-02T17:30:35.525+0000] {taskinstance.py:3503} INFO - 1 downstream tasks scheduled from follow-on schedule check
[2024-10-02T17:30:35.541+0000] {local_task_job_runner.py:222} INFO - ::endgroup::
[2024-10-02T18:54:21.112+0000] {local_task_job_runner.py:120} INFO - ::group::Pre task execution logs
[2024-10-02T18:54:21.136+0000] {taskinstance.py:2076} INFO - Dependencies all met for dep_context=non-requeueable deps ti=<TaskInstance: etl_covid_europa_pipeline.extrair scheduled__2024-07-15T00:00:00+00:00 [queued]>
[2024-10-02T18:54:21.320+0000] {taskinstance.py:2076} INFO - Dependencies all met for dep_context=requeueable deps ti=<TaskInstance: etl_covid_europa_pipeline.extrair scheduled__2024-07-15T00:00:00+00:00 [queued]>
[2024-10-02T18:54:21.321+0000] {taskinstance.py:2306} INFO - Starting attempt 1 of 1
[2024-10-02T18:54:21.421+0000] {taskinstance.py:2330} INFO - Executing <Task(PythonOperator): extrair> on 2024-07-15 00:00:00+00:00
[2024-10-02T18:54:21.426+0000] {warnings.py:112} WARNING - /home/***/.local/lib/python3.12/site-packages/***/task/task_runner/standard_task_runner.py:61: DeprecationWarning: This process (pid=4477) is multi-threaded, use of fork() may lead to deadlocks in the child.
  pid = os.fork()

[2024-10-02T18:54:21.427+0000] {standard_task_runner.py:63} INFO - Started process 4495 to run task
[2024-10-02T18:54:21.428+0000] {standard_task_runner.py:90} INFO - Running: ['***', 'tasks', 'run', 'etl_covid_europa_pipeline', 'extrair', 'scheduled__2024-07-15T00:00:00+00:00', '--job-id', '725', '--raw', '--subdir', 'DAGS_FOLDER/etl_pipeline.py', '--cfg-path', '/tmp/tmpmlhndwhb']
[2024-10-02T18:54:21.430+0000] {standard_task_runner.py:91} INFO - Job 725: Subtask extrair
[2024-10-02T18:54:21.477+0000] {task_command.py:426} INFO - Running <TaskInstance: etl_covid_europa_pipeline.extrair scheduled__2024-07-15T00:00:00+00:00 [running]> on host 99de7dfc3871
[2024-10-02T18:54:21.561+0000] {taskinstance.py:2648} INFO - Exporting env vars: AIRFLOW_CTX_DAG_OWNER='***' AIRFLOW_CTX_DAG_ID='etl_covid_europa_pipeline' AIRFLOW_CTX_TASK_ID='extrair' AIRFLOW_CTX_EXECUTION_DATE='2024-07-15T00:00:00+00:00' AIRFLOW_CTX_TRY_NUMBER='1' AIRFLOW_CTX_DAG_RUN_ID='scheduled__2024-07-15T00:00:00+00:00'
[2024-10-02T18:54:21.564+0000] {taskinstance.py:430} INFO - ::endgroup::
[2024-10-02T18:54:27.908+0000] {python.py:237} INFO - Done. Returned value was: None
[2024-10-02T18:54:27.908+0000] {taskinstance.py:441} INFO - ::group::Post task execution logs
[2024-10-02T18:54:27.917+0000] {taskinstance.py:1206} INFO - Marking task as SUCCESS. dag_id=etl_covid_europa_pipeline, task_id=extrair, run_id=scheduled__2024-07-15T00:00:00+00:00, execution_date=20240715T000000, start_date=20241002T185421, end_date=20241002T185427
[2024-10-02T18:54:28.011+0000] {local_task_job_runner.py:240} INFO - Task exited with return code 0
[2024-10-02T18:54:28.053+0000] {taskinstance.py:3503} INFO - 1 downstream tasks scheduled from follow-on schedule check
[2024-10-02T18:54:28.064+0000] {local_task_job_runner.py:222} INFO - ::endgroup::
[2024-10-02T19:03:08.531+0000] {local_task_job_runner.py:120} INFO - ::group::Pre task execution logs
[2024-10-02T19:03:08.557+0000] {taskinstance.py:2076} INFO - Dependencies all met for dep_context=non-requeueable deps ti=<TaskInstance: etl_covid_europa_pipeline.extrair scheduled__2024-07-15T00:00:00+00:00 [queued]>
[2024-10-02T19:03:08.719+0000] {taskinstance.py:2076} INFO - Dependencies all met for dep_context=requeueable deps ti=<TaskInstance: etl_covid_europa_pipeline.extrair scheduled__2024-07-15T00:00:00+00:00 [queued]>
[2024-10-02T19:03:08.719+0000] {taskinstance.py:2306} INFO - Starting attempt 1 of 1
[2024-10-02T19:03:08.732+0000] {taskinstance.py:2330} INFO - Executing <Task(PythonOperator): extrair> on 2024-07-15 00:00:00+00:00
[2024-10-02T19:03:08.739+0000] {warnings.py:112} WARNING - /home/***/.local/lib/python3.12/site-packages/***/task/task_runner/standard_task_runner.py:61: DeprecationWarning: This process (pid=7669) is multi-threaded, use of fork() may lead to deadlocks in the child.
  pid = os.fork()

[2024-10-02T19:03:08.740+0000] {standard_task_runner.py:63} INFO - Started process 7679 to run task
[2024-10-02T19:03:08.741+0000] {standard_task_runner.py:90} INFO - Running: ['***', 'tasks', 'run', 'etl_covid_europa_pipeline', 'extrair', 'scheduled__2024-07-15T00:00:00+00:00', '--job-id', '1750', '--raw', '--subdir', 'DAGS_FOLDER/etl_pipeline.py', '--cfg-path', '/tmp/tmpddeqh110']
[2024-10-02T19:03:08.742+0000] {standard_task_runner.py:91} INFO - Job 1750: Subtask extrair
[2024-10-02T19:03:08.782+0000] {task_command.py:426} INFO - Running <TaskInstance: etl_covid_europa_pipeline.extrair scheduled__2024-07-15T00:00:00+00:00 [running]> on host 99de7dfc3871
[2024-10-02T19:03:08.865+0000] {taskinstance.py:2648} INFO - Exporting env vars: AIRFLOW_CTX_DAG_OWNER='***' AIRFLOW_CTX_DAG_ID='etl_covid_europa_pipeline' AIRFLOW_CTX_TASK_ID='extrair' AIRFLOW_CTX_EXECUTION_DATE='2024-07-15T00:00:00+00:00' AIRFLOW_CTX_TRY_NUMBER='1' AIRFLOW_CTX_DAG_RUN_ID='scheduled__2024-07-15T00:00:00+00:00'
[2024-10-02T19:03:08.868+0000] {taskinstance.py:430} INFO - ::endgroup::
[2024-10-02T19:03:15.264+0000] {python.py:237} INFO - Done. Returned value was: None
[2024-10-02T19:03:15.270+0000] {taskinstance.py:441} INFO - ::group::Post task execution logs
[2024-10-02T19:03:15.284+0000] {taskinstance.py:1206} INFO - Marking task as SUCCESS. dag_id=etl_covid_europa_pipeline, task_id=extrair, run_id=scheduled__2024-07-15T00:00:00+00:00, execution_date=20240715T000000, start_date=20241002T190308, end_date=20241002T190315
[2024-10-02T19:03:15.373+0000] {local_task_job_runner.py:240} INFO - Task exited with return code 0
[2024-10-02T19:03:15.408+0000] {taskinstance.py:3503} INFO - 1 downstream tasks scheduled from follow-on schedule check
[2024-10-02T19:03:15.413+0000] {local_task_job_runner.py:222} INFO - ::endgroup::
