[2024-10-02T17:26:54.088+0000] {local_task_job_runner.py:120} INFO - ::group::Pre task execution logs
[2024-10-02T17:26:54.115+0000] {taskinstance.py:2076} INFO - Dependencies all met for dep_context=non-requeueable deps ti=<TaskInstance: etl_covid_europa_pipeline.extrair scheduled__2024-01-11T00:00:00+00:00 [queued]>
[2024-10-02T17:26:54.124+0000] {taskinstance.py:2076} INFO - Dependencies all met for dep_context=requeueable deps ti=<TaskInstance: etl_covid_europa_pipeline.extrair scheduled__2024-01-11T00:00:00+00:00 [queued]>
[2024-10-02T17:26:54.125+0000] {taskinstance.py:2306} INFO - Starting attempt 1 of 1
[2024-10-02T17:26:54.410+0000] {taskinstance.py:2330} INFO - Executing <Task(PythonOperator): extrair> on 2024-01-11 00:00:00+00:00
[2024-10-02T17:26:54.419+0000] {warnings.py:112} WARNING - /home/***/.local/lib/python3.12/site-packages/***/task/task_runner/standard_task_runner.py:61: DeprecationWarning: This process (pid=1762) is multi-threaded, use of fork() may lead to deadlocks in the child.
  pid = os.fork()

[2024-10-02T17:26:54.421+0000] {standard_task_runner.py:63} INFO - Started process 1777 to run task
[2024-10-02T17:26:54.422+0000] {standard_task_runner.py:90} INFO - Running: ['***', 'tasks', 'run', 'etl_covid_europa_pipeline', 'extrair', 'scheduled__2024-01-11T00:00:00+00:00', '--job-id', '198', '--raw', '--subdir', 'DAGS_FOLDER/etl_pipeline.py', '--cfg-path', '/tmp/tmpsb1xs6sc']
[2024-10-02T17:26:54.424+0000] {standard_task_runner.py:91} INFO - Job 198: Subtask extrair
[2024-10-02T17:26:54.474+0000] {task_command.py:426} INFO - Running <TaskInstance: etl_covid_europa_pipeline.extrair scheduled__2024-01-11T00:00:00+00:00 [running]> on host 99de7dfc3871
[2024-10-02T17:26:54.556+0000] {taskinstance.py:2648} INFO - Exporting env vars: AIRFLOW_CTX_DAG_OWNER='***' AIRFLOW_CTX_DAG_ID='etl_covid_europa_pipeline' AIRFLOW_CTX_TASK_ID='extrair' AIRFLOW_CTX_EXECUTION_DATE='2024-01-11T00:00:00+00:00' AIRFLOW_CTX_TRY_NUMBER='1' AIRFLOW_CTX_DAG_RUN_ID='scheduled__2024-01-11T00:00:00+00:00'
[2024-10-02T17:26:54.557+0000] {taskinstance.py:430} INFO - ::endgroup::
[2024-10-02T17:27:00.412+0000] {taskinstance.py:441} INFO - ::group::Post task execution logs
[2024-10-02T17:27:00.413+0000] {taskinstance.py:2905} ERROR - Task failed with exception
Traceback (most recent call last):
  File "/home/airflow/.local/lib/python3.12/site-packages/airflow/models/taskinstance.py", line 465, in _execute_task
    result = _execute_callable(context=context, **execute_callable_kwargs)
             ^^^^^^^^^^^^^^^^^^^^^^^^^^^^^^^^^^^^^^^^^^^^^^^^^^^^^^^^^^^^^
  File "/home/airflow/.local/lib/python3.12/site-packages/airflow/models/taskinstance.py", line 432, in _execute_callable
    return execute_callable(context=context, **execute_callable_kwargs)
           ^^^^^^^^^^^^^^^^^^^^^^^^^^^^^^^^^^^^^^^^^^^^^^^^^^^^^^^^^^^^
  File "/home/airflow/.local/lib/python3.12/site-packages/airflow/models/baseoperator.py", line 401, in wrapper
    return func(self, *args, **kwargs)
           ^^^^^^^^^^^^^^^^^^^^^^^^^^^
  File "/home/airflow/.local/lib/python3.12/site-packages/airflow/operators/python.py", line 235, in execute
    return_value = self.execute_callable()
                   ^^^^^^^^^^^^^^^^^^^^^^^
  File "/home/airflow/.local/lib/python3.12/site-packages/airflow/operators/python.py", line 252, in execute_callable
    return self.python_callable(*self.op_args, **self.op_kwargs)
           ^^^^^^^^^^^^^^^^^^^^^^^^^^^^^^^^^^^^^^^^^^^^^^^^^^^^^
  File "/opt/airflow/dags/etl_pipeline.py", line 10, in extrair
    df.to_csv('data/dados_covid_extraidos.csv', index=False)
  File "/home/airflow/.local/lib/python3.12/site-packages/pandas/core/generic.py", line 3902, in to_csv
    return DataFrameRenderer(formatter).to_csv(
           ^^^^^^^^^^^^^^^^^^^^^^^^^^^^^^^^^^^^
  File "/home/airflow/.local/lib/python3.12/site-packages/pandas/io/formats/format.py", line 1152, in to_csv
    csv_formatter.save()
  File "/home/airflow/.local/lib/python3.12/site-packages/pandas/io/formats/csvs.py", line 247, in save
    with get_handle(
         ^^^^^^^^^^^
  File "/home/airflow/.local/lib/python3.12/site-packages/pandas/io/common.py", line 863, in get_handle
    handle = open(
             ^^^^^
PermissionError: [Errno 13] Permission denied: 'data/dados_covid_extraidos.csv'
[2024-10-02T17:27:00.433+0000] {taskinstance.py:1206} INFO - Marking task as FAILED. dag_id=etl_covid_europa_pipeline, task_id=extrair, run_id=scheduled__2024-01-11T00:00:00+00:00, execution_date=20240111T000000, start_date=20241002T172654, end_date=20241002T172700
[2024-10-02T17:27:00.461+0000] {standard_task_runner.py:110} ERROR - Failed to execute job 198 for task extrair ([Errno 13] Permission denied: 'data/dados_covid_extraidos.csv'; 1777)
[2024-10-02T17:27:00.488+0000] {local_task_job_runner.py:240} INFO - Task exited with return code 1
[2024-10-02T17:27:00.515+0000] {taskinstance.py:3503} INFO - 0 downstream tasks scheduled from follow-on schedule check
[2024-10-02T17:27:00.521+0000] {local_task_job_runner.py:222} INFO - ::endgroup::
[2024-10-02T18:59:04.063+0000] {local_task_job_runner.py:120} INFO - ::group::Pre task execution logs
[2024-10-02T18:59:04.095+0000] {taskinstance.py:2076} INFO - Dependencies all met for dep_context=non-requeueable deps ti=<TaskInstance: etl_covid_europa_pipeline.extrair scheduled__2024-01-11T00:00:00+00:00 [queued]>
[2024-10-02T18:59:04.325+0000] {taskinstance.py:2076} INFO - Dependencies all met for dep_context=requeueable deps ti=<TaskInstance: etl_covid_europa_pipeline.extrair scheduled__2024-01-11T00:00:00+00:00 [queued]>
[2024-10-02T18:59:04.326+0000] {taskinstance.py:2306} INFO - Starting attempt 1 of 1
[2024-10-02T18:59:04.347+0000] {taskinstance.py:2330} INFO - Executing <Task(PythonOperator): extrair> on 2024-01-11 00:00:00+00:00
[2024-10-02T18:59:04.358+0000] {warnings.py:112} WARNING - /home/***/.local/lib/python3.12/site-packages/***/task/task_runner/standard_task_runner.py:61: DeprecationWarning: This process (pid=6128) is multi-threaded, use of fork() may lead to deadlocks in the child.
  pid = os.fork()

[2024-10-02T18:59:04.360+0000] {standard_task_runner.py:63} INFO - Started process 6145 to run task
[2024-10-02T18:59:04.359+0000] {standard_task_runner.py:90} INFO - Running: ['***', 'tasks', 'run', 'etl_covid_europa_pipeline', 'extrair', 'scheduled__2024-01-11T00:00:00+00:00', '--job-id', '1256', '--raw', '--subdir', 'DAGS_FOLDER/etl_pipeline.py', '--cfg-path', '/tmp/tmpj0xmbof_']
[2024-10-02T18:59:04.362+0000] {standard_task_runner.py:91} INFO - Job 1256: Subtask extrair
[2024-10-02T18:59:04.443+0000] {task_command.py:426} INFO - Running <TaskInstance: etl_covid_europa_pipeline.extrair scheduled__2024-01-11T00:00:00+00:00 [running]> on host 99de7dfc3871
[2024-10-02T18:59:04.573+0000] {taskinstance.py:2648} INFO - Exporting env vars: AIRFLOW_CTX_DAG_OWNER='***' AIRFLOW_CTX_DAG_ID='etl_covid_europa_pipeline' AIRFLOW_CTX_TASK_ID='extrair' AIRFLOW_CTX_EXECUTION_DATE='2024-01-11T00:00:00+00:00' AIRFLOW_CTX_TRY_NUMBER='1' AIRFLOW_CTX_DAG_RUN_ID='scheduled__2024-01-11T00:00:00+00:00'
[2024-10-02T18:59:04.577+0000] {taskinstance.py:430} INFO - ::endgroup::
[2024-10-02T18:59:10.464+0000] {python.py:237} INFO - Done. Returned value was: None
[2024-10-02T18:59:10.465+0000] {taskinstance.py:441} INFO - ::group::Post task execution logs
[2024-10-02T18:59:10.475+0000] {taskinstance.py:1206} INFO - Marking task as SUCCESS. dag_id=etl_covid_europa_pipeline, task_id=extrair, run_id=scheduled__2024-01-11T00:00:00+00:00, execution_date=20240111T000000, start_date=20241002T185904, end_date=20241002T185910
[2024-10-02T18:59:10.519+0000] {local_task_job_runner.py:240} INFO - Task exited with return code 0
[2024-10-02T18:59:10.529+0000] {local_task_job_runner.py:222} INFO - ::endgroup::
[2024-10-02T19:25:21.642+0000] {local_task_job_runner.py:120} INFO - ::group::Pre task execution logs
[2024-10-02T19:25:21.666+0000] {taskinstance.py:2076} INFO - Dependencies all met for dep_context=non-requeueable deps ti=<TaskInstance: etl_covid_europa_pipeline.extrair scheduled__2024-01-11T00:00:00+00:00 [queued]>
[2024-10-02T19:25:21.852+0000] {taskinstance.py:2076} INFO - Dependencies all met for dep_context=requeueable deps ti=<TaskInstance: etl_covid_europa_pipeline.extrair scheduled__2024-01-11T00:00:00+00:00 [queued]>
[2024-10-02T19:25:21.854+0000] {taskinstance.py:2306} INFO - Starting attempt 1 of 1
[2024-10-02T19:25:21.933+0000] {taskinstance.py:2330} INFO - Executing <Task(PythonOperator): extrair> on 2024-01-11 00:00:00+00:00
[2024-10-02T19:25:21.939+0000] {warnings.py:112} WARNING - /home/***/.local/lib/python3.12/site-packages/***/task/task_runner/standard_task_runner.py:61: DeprecationWarning: This process (pid=9487) is multi-threaded, use of fork() may lead to deadlocks in the child.
  pid = os.fork()

[2024-10-02T19:25:21.940+0000] {standard_task_runner.py:63} INFO - Started process 9502 to run task
[2024-10-02T19:25:21.940+0000] {standard_task_runner.py:90} INFO - Running: ['***', 'tasks', 'run', 'etl_covid_europa_pipeline', 'extrair', 'scheduled__2024-01-11T00:00:00+00:00', '--job-id', '2261', '--raw', '--subdir', 'DAGS_FOLDER/etl_pipeline.py', '--cfg-path', '/tmp/tmpg084nupj']
[2024-10-02T19:25:21.942+0000] {standard_task_runner.py:91} INFO - Job 2261: Subtask extrair
[2024-10-02T19:25:21.984+0000] {task_command.py:426} INFO - Running <TaskInstance: etl_covid_europa_pipeline.extrair scheduled__2024-01-11T00:00:00+00:00 [running]> on host 99de7dfc3871
[2024-10-02T19:25:22.077+0000] {taskinstance.py:2648} INFO - Exporting env vars: AIRFLOW_CTX_DAG_OWNER='***' AIRFLOW_CTX_DAG_ID='etl_covid_europa_pipeline' AIRFLOW_CTX_TASK_ID='extrair' AIRFLOW_CTX_EXECUTION_DATE='2024-01-11T00:00:00+00:00' AIRFLOW_CTX_TRY_NUMBER='1' AIRFLOW_CTX_DAG_RUN_ID='scheduled__2024-01-11T00:00:00+00:00'
[2024-10-02T19:25:22.080+0000] {taskinstance.py:430} INFO - ::endgroup::
[2024-10-02T19:25:28.738+0000] {python.py:237} INFO - Done. Returned value was: None
[2024-10-02T19:25:28.739+0000] {taskinstance.py:441} INFO - ::group::Post task execution logs
[2024-10-02T19:25:28.751+0000] {taskinstance.py:1206} INFO - Marking task as SUCCESS. dag_id=etl_covid_europa_pipeline, task_id=extrair, run_id=scheduled__2024-01-11T00:00:00+00:00, execution_date=20240111T000000, start_date=20241002T192521, end_date=20241002T192528
[2024-10-02T19:25:28.816+0000] {local_task_job_runner.py:240} INFO - Task exited with return code 0
[2024-10-02T19:25:28.827+0000] {local_task_job_runner.py:222} INFO - ::endgroup::
