[2024-10-02T17:30:28.312+0000] {local_task_job_runner.py:120} INFO - ::group::Pre task execution logs
[2024-10-02T17:30:28.334+0000] {taskinstance.py:2076} INFO - Dependencies all met for dep_context=non-requeueable deps ti=<TaskInstance: etl_covid_europa_pipeline.extrair scheduled__2024-07-14T00:00:00+00:00 [queued]>
[2024-10-02T17:30:28.341+0000] {taskinstance.py:2076} INFO - Dependencies all met for dep_context=requeueable deps ti=<TaskInstance: etl_covid_europa_pipeline.extrair scheduled__2024-07-14T00:00:00+00:00 [queued]>
[2024-10-02T17:30:28.341+0000] {taskinstance.py:2306} INFO - Starting attempt 1 of 1
[2024-10-02T17:30:28.520+0000] {taskinstance.py:2330} INFO - Executing <Task(PythonOperator): extrair> on 2024-07-14 00:00:00+00:00
[2024-10-02T17:30:28.526+0000] {warnings.py:112} WARNING - /home/***/.local/lib/python3.12/site-packages/***/task/task_runner/standard_task_runner.py:61: DeprecationWarning: This process (pid=2711) is multi-threaded, use of fork() may lead to deadlocks in the child.
  pid = os.fork()

[2024-10-02T17:30:28.528+0000] {standard_task_runner.py:63} INFO - Started process 2724 to run task
[2024-10-02T17:30:28.528+0000] {standard_task_runner.py:90} INFO - Running: ['***', 'tasks', 'run', 'etl_covid_europa_pipeline', 'extrair', 'scheduled__2024-07-14T00:00:00+00:00', '--job-id', '500', '--raw', '--subdir', 'DAGS_FOLDER/etl_pipeline.py', '--cfg-path', '/tmp/tmps9pcuzub']
[2024-10-02T17:30:28.530+0000] {standard_task_runner.py:91} INFO - Job 500: Subtask extrair
[2024-10-02T17:30:28.574+0000] {task_command.py:426} INFO - Running <TaskInstance: etl_covid_europa_pipeline.extrair scheduled__2024-07-14T00:00:00+00:00 [running]> on host 99de7dfc3871
[2024-10-02T17:30:28.654+0000] {taskinstance.py:2648} INFO - Exporting env vars: AIRFLOW_CTX_DAG_OWNER='***' AIRFLOW_CTX_DAG_ID='etl_covid_europa_pipeline' AIRFLOW_CTX_TASK_ID='extrair' AIRFLOW_CTX_EXECUTION_DATE='2024-07-14T00:00:00+00:00' AIRFLOW_CTX_TRY_NUMBER='1' AIRFLOW_CTX_DAG_RUN_ID='scheduled__2024-07-14T00:00:00+00:00'
[2024-10-02T17:30:28.655+0000] {taskinstance.py:430} INFO - ::endgroup::
[2024-10-02T17:30:34.199+0000] {python.py:237} INFO - Done. Returned value was: None
[2024-10-02T17:30:34.200+0000] {taskinstance.py:441} INFO - ::group::Post task execution logs
[2024-10-02T17:30:34.209+0000] {taskinstance.py:1206} INFO - Marking task as SUCCESS. dag_id=etl_covid_europa_pipeline, task_id=extrair, run_id=scheduled__2024-07-14T00:00:00+00:00, execution_date=20240714T000000, start_date=20241002T173028, end_date=20241002T173034
[2024-10-02T17:30:34.271+0000] {local_task_job_runner.py:240} INFO - Task exited with return code 0
[2024-10-02T17:30:34.282+0000] {local_task_job_runner.py:222} INFO - ::endgroup::
[2024-10-02T18:54:20.934+0000] {local_task_job_runner.py:120} INFO - ::group::Pre task execution logs
[2024-10-02T18:54:20.960+0000] {taskinstance.py:2076} INFO - Dependencies all met for dep_context=non-requeueable deps ti=<TaskInstance: etl_covid_europa_pipeline.extrair scheduled__2024-07-14T00:00:00+00:00 [queued]>
[2024-10-02T18:54:21.136+0000] {taskinstance.py:2076} INFO - Dependencies all met for dep_context=requeueable deps ti=<TaskInstance: etl_covid_europa_pipeline.extrair scheduled__2024-07-14T00:00:00+00:00 [queued]>
[2024-10-02T18:54:21.136+0000] {taskinstance.py:2306} INFO - Starting attempt 1 of 1
[2024-10-02T18:54:21.231+0000] {taskinstance.py:2330} INFO - Executing <Task(PythonOperator): extrair> on 2024-07-14 00:00:00+00:00
[2024-10-02T18:54:21.237+0000] {warnings.py:112} WARNING - /home/***/.local/lib/python3.12/site-packages/***/task/task_runner/standard_task_runner.py:61: DeprecationWarning: This process (pid=4475) is multi-threaded, use of fork() may lead to deadlocks in the child.
  pid = os.fork()

[2024-10-02T18:54:21.238+0000] {standard_task_runner.py:63} INFO - Started process 4492 to run task
[2024-10-02T18:54:21.239+0000] {standard_task_runner.py:90} INFO - Running: ['***', 'tasks', 'run', 'etl_covid_europa_pipeline', 'extrair', 'scheduled__2024-07-14T00:00:00+00:00', '--job-id', '724', '--raw', '--subdir', 'DAGS_FOLDER/etl_pipeline.py', '--cfg-path', '/tmp/tmpye0aoulk']
[2024-10-02T18:54:21.241+0000] {standard_task_runner.py:91} INFO - Job 724: Subtask extrair
[2024-10-02T18:54:21.287+0000] {task_command.py:426} INFO - Running <TaskInstance: etl_covid_europa_pipeline.extrair scheduled__2024-07-14T00:00:00+00:00 [running]> on host 99de7dfc3871
[2024-10-02T18:54:21.371+0000] {taskinstance.py:2648} INFO - Exporting env vars: AIRFLOW_CTX_DAG_OWNER='***' AIRFLOW_CTX_DAG_ID='etl_covid_europa_pipeline' AIRFLOW_CTX_TASK_ID='extrair' AIRFLOW_CTX_EXECUTION_DATE='2024-07-14T00:00:00+00:00' AIRFLOW_CTX_TRY_NUMBER='1' AIRFLOW_CTX_DAG_RUN_ID='scheduled__2024-07-14T00:00:00+00:00'
[2024-10-02T18:54:21.374+0000] {taskinstance.py:430} INFO - ::endgroup::
[2024-10-02T18:54:28.029+0000] {python.py:237} INFO - Done. Returned value was: None
[2024-10-02T18:54:28.030+0000] {taskinstance.py:441} INFO - ::group::Post task execution logs
[2024-10-02T18:54:28.042+0000] {taskinstance.py:1206} INFO - Marking task as SUCCESS. dag_id=etl_covid_europa_pipeline, task_id=extrair, run_id=scheduled__2024-07-14T00:00:00+00:00, execution_date=20240714T000000, start_date=20241002T185420, end_date=20241002T185428
[2024-10-02T18:54:28.100+0000] {local_task_job_runner.py:240} INFO - Task exited with return code 0
[2024-10-02T18:54:28.115+0000] {local_task_job_runner.py:222} INFO - ::endgroup::
[2024-10-02T19:03:08.283+0000] {local_task_job_runner.py:120} INFO - ::group::Pre task execution logs
[2024-10-02T19:03:08.308+0000] {taskinstance.py:2076} INFO - Dependencies all met for dep_context=non-requeueable deps ti=<TaskInstance: etl_covid_europa_pipeline.extrair scheduled__2024-07-14T00:00:00+00:00 [queued]>
[2024-10-02T19:03:08.497+0000] {taskinstance.py:2076} INFO - Dependencies all met for dep_context=requeueable deps ti=<TaskInstance: etl_covid_europa_pipeline.extrair scheduled__2024-07-14T00:00:00+00:00 [queued]>
[2024-10-02T19:03:08.497+0000] {taskinstance.py:2306} INFO - Starting attempt 1 of 1
[2024-10-02T19:03:08.513+0000] {taskinstance.py:2330} INFO - Executing <Task(PythonOperator): extrair> on 2024-07-14 00:00:00+00:00
[2024-10-02T19:03:08.519+0000] {warnings.py:112} WARNING - /home/***/.local/lib/python3.12/site-packages/***/task/task_runner/standard_task_runner.py:61: DeprecationWarning: This process (pid=7664) is multi-threaded, use of fork() may lead to deadlocks in the child.
  pid = os.fork()

[2024-10-02T19:03:08.521+0000] {standard_task_runner.py:63} INFO - Started process 7678 to run task
[2024-10-02T19:03:08.520+0000] {standard_task_runner.py:90} INFO - Running: ['***', 'tasks', 'run', 'etl_covid_europa_pipeline', 'extrair', 'scheduled__2024-07-14T00:00:00+00:00', '--job-id', '1749', '--raw', '--subdir', 'DAGS_FOLDER/etl_pipeline.py', '--cfg-path', '/tmp/tmpubh4onl9']
[2024-10-02T19:03:08.523+0000] {standard_task_runner.py:91} INFO - Job 1749: Subtask extrair
[2024-10-02T19:03:08.561+0000] {task_command.py:426} INFO - Running <TaskInstance: etl_covid_europa_pipeline.extrair scheduled__2024-07-14T00:00:00+00:00 [running]> on host 99de7dfc3871
[2024-10-02T19:03:08.647+0000] {taskinstance.py:2648} INFO - Exporting env vars: AIRFLOW_CTX_DAG_OWNER='***' AIRFLOW_CTX_DAG_ID='etl_covid_europa_pipeline' AIRFLOW_CTX_TASK_ID='extrair' AIRFLOW_CTX_EXECUTION_DATE='2024-07-14T00:00:00+00:00' AIRFLOW_CTX_TRY_NUMBER='1' AIRFLOW_CTX_DAG_RUN_ID='scheduled__2024-07-14T00:00:00+00:00'
[2024-10-02T19:03:08.649+0000] {taskinstance.py:430} INFO - ::endgroup::
[2024-10-02T19:03:15.184+0000] {python.py:237} INFO - Done. Returned value was: None
[2024-10-02T19:03:15.185+0000] {taskinstance.py:441} INFO - ::group::Post task execution logs
[2024-10-02T19:03:15.204+0000] {taskinstance.py:1206} INFO - Marking task as SUCCESS. dag_id=etl_covid_europa_pipeline, task_id=extrair, run_id=scheduled__2024-07-14T00:00:00+00:00, execution_date=20240714T000000, start_date=20241002T190308, end_date=20241002T190315
[2024-10-02T19:03:15.275+0000] {local_task_job_runner.py:240} INFO - Task exited with return code 0
[2024-10-02T19:03:15.326+0000] {taskinstance.py:3503} INFO - 1 downstream tasks scheduled from follow-on schedule check
[2024-10-02T19:03:15.344+0000] {local_task_job_runner.py:222} INFO - ::endgroup::
