[2024-10-02T17:26:34.970+0000] {local_task_job_runner.py:120} INFO - ::group::Pre task execution logs
[2024-10-02T17:26:34.996+0000] {taskinstance.py:2076} INFO - Dependencies all met for dep_context=non-requeueable deps ti=<TaskInstance: etl_covid_europa_pipeline.transformar scheduled__2023-12-21T00:00:00+00:00 [queued]>
[2024-10-02T17:26:35.005+0000] {taskinstance.py:2076} INFO - Dependencies all met for dep_context=requeueable deps ti=<TaskInstance: etl_covid_europa_pipeline.transformar scheduled__2023-12-21T00:00:00+00:00 [queued]>
[2024-10-02T17:26:35.006+0000] {taskinstance.py:2306} INFO - Starting attempt 1 of 1
[2024-10-02T17:26:35.258+0000] {taskinstance.py:2330} INFO - Executing <Task(PythonOperator): transformar> on 2023-12-21 00:00:00+00:00
[2024-10-02T17:26:35.271+0000] {warnings.py:112} WARNING - /home/***/.local/lib/python3.12/site-packages/***/task/task_runner/standard_task_runner.py:61: DeprecationWarning: This process (pid=1648) is multi-threaded, use of fork() may lead to deadlocks in the child.
  pid = os.fork()

[2024-10-02T17:26:35.273+0000] {standard_task_runner.py:63} INFO - Started process 1664 to run task
[2024-10-02T17:26:35.273+0000] {standard_task_runner.py:90} INFO - Running: ['***', 'tasks', 'run', 'etl_covid_europa_pipeline', 'transformar', 'scheduled__2023-12-21T00:00:00+00:00', '--job-id', '165', '--raw', '--subdir', 'DAGS_FOLDER/etl_pipeline.py', '--cfg-path', '/tmp/tmpu72jhh6d']
[2024-10-02T17:26:35.276+0000] {standard_task_runner.py:91} INFO - Job 165: Subtask transformar
[2024-10-02T17:26:35.325+0000] {task_command.py:426} INFO - Running <TaskInstance: etl_covid_europa_pipeline.transformar scheduled__2023-12-21T00:00:00+00:00 [running]> on host 99de7dfc3871
[2024-10-02T17:26:35.424+0000] {taskinstance.py:2648} INFO - Exporting env vars: AIRFLOW_CTX_DAG_OWNER='***' AIRFLOW_CTX_DAG_ID='etl_covid_europa_pipeline' AIRFLOW_CTX_TASK_ID='transformar' AIRFLOW_CTX_EXECUTION_DATE='2023-12-21T00:00:00+00:00' AIRFLOW_CTX_TRY_NUMBER='1' AIRFLOW_CTX_DAG_RUN_ID='scheduled__2023-12-21T00:00:00+00:00'
[2024-10-02T17:26:35.426+0000] {taskinstance.py:430} INFO - ::endgroup::
[2024-10-02T17:26:35.641+0000] {taskinstance.py:441} INFO - ::group::Post task execution logs
[2024-10-02T17:26:35.642+0000] {taskinstance.py:2905} ERROR - Task failed with exception
Traceback (most recent call last):
  File "/home/airflow/.local/lib/python3.12/site-packages/airflow/models/taskinstance.py", line 465, in _execute_task
    result = _execute_callable(context=context, **execute_callable_kwargs)
             ^^^^^^^^^^^^^^^^^^^^^^^^^^^^^^^^^^^^^^^^^^^^^^^^^^^^^^^^^^^^^
  File "/home/airflow/.local/lib/python3.12/site-packages/airflow/models/taskinstance.py", line 432, in _execute_callable
    return execute_callable(context=context, **execute_callable_kwargs)
           ^^^^^^^^^^^^^^^^^^^^^^^^^^^^^^^^^^^^^^^^^^^^^^^^^^^^^^^^^^^^
  File "/home/airflow/.local/lib/python3.12/site-packages/airflow/models/baseoperator.py", line 401, in wrapper
    return func(self, *args, **kwargs)
           ^^^^^^^^^^^^^^^^^^^^^^^^^^^
  File "/home/airflow/.local/lib/python3.12/site-packages/airflow/operators/python.py", line 235, in execute
    return_value = self.execute_callable()
                   ^^^^^^^^^^^^^^^^^^^^^^^
  File "/home/airflow/.local/lib/python3.12/site-packages/airflow/operators/python.py", line 252, in execute_callable
    return self.python_callable(*self.op_args, **self.op_kwargs)
           ^^^^^^^^^^^^^^^^^^^^^^^^^^^^^^^^^^^^^^^^^^^^^^^^^^^^^
  File "/opt/airflow/dags/etl_pipeline.py", line 17, in transformar
    df_agrupada = df.groupby('ContinentExp')[['cases', 'deaths']].sum().reset_index()
                  ^^^^^^^^^^^^^^^^^^^^^^^^^^
  File "/home/airflow/.local/lib/python3.12/site-packages/pandas/core/frame.py", line 8869, in groupby
    return DataFrameGroupBy(
           ^^^^^^^^^^^^^^^^^
  File "/home/airflow/.local/lib/python3.12/site-packages/pandas/core/groupby/groupby.py", line 1278, in __init__
    grouper, exclusions, obj = get_grouper(
                               ^^^^^^^^^^^^
  File "/home/airflow/.local/lib/python3.12/site-packages/pandas/core/groupby/grouper.py", line 1009, in get_grouper
    raise KeyError(gpr)
KeyError: 'ContinentExp'
[2024-10-02T17:26:35.657+0000] {taskinstance.py:1206} INFO - Marking task as FAILED. dag_id=etl_covid_europa_pipeline, task_id=transformar, run_id=scheduled__2023-12-21T00:00:00+00:00, execution_date=20231221T000000, start_date=20241002T172634, end_date=20241002T172635
[2024-10-02T17:26:35.682+0000] {standard_task_runner.py:110} ERROR - Failed to execute job 165 for task transformar ('ContinentExp'; 1664)
[2024-10-02T17:26:35.728+0000] {local_task_job_runner.py:240} INFO - Task exited with return code 1
[2024-10-02T17:26:35.751+0000] {taskinstance.py:3503} INFO - 0 downstream tasks scheduled from follow-on schedule check
[2024-10-02T17:26:35.756+0000] {local_task_job_runner.py:222} INFO - ::endgroup::
[2024-10-02T18:58:46.612+0000] {local_task_job_runner.py:120} INFO - ::group::Pre task execution logs
[2024-10-02T18:58:46.648+0000] {taskinstance.py:2076} INFO - Dependencies all met for dep_context=non-requeueable deps ti=<TaskInstance: etl_covid_europa_pipeline.transformar scheduled__2023-12-21T00:00:00+00:00 [queued]>
[2024-10-02T18:58:46.842+0000] {taskinstance.py:2076} INFO - Dependencies all met for dep_context=requeueable deps ti=<TaskInstance: etl_covid_europa_pipeline.transformar scheduled__2023-12-21T00:00:00+00:00 [queued]>
[2024-10-02T18:58:46.843+0000] {taskinstance.py:2306} INFO - Starting attempt 1 of 1
[2024-10-02T18:58:46.869+0000] {taskinstance.py:2330} INFO - Executing <Task(PythonOperator): transformar> on 2023-12-21 00:00:00+00:00
[2024-10-02T18:58:46.876+0000] {warnings.py:112} WARNING - /home/***/.local/lib/python3.12/site-packages/***/task/task_runner/standard_task_runner.py:61: DeprecationWarning: This process (pid=5999) is multi-threaded, use of fork() may lead to deadlocks in the child.
  pid = os.fork()

[2024-10-02T18:58:46.877+0000] {standard_task_runner.py:63} INFO - Started process 6011 to run task
[2024-10-02T18:58:46.877+0000] {standard_task_runner.py:90} INFO - Running: ['***', 'tasks', 'run', 'etl_covid_europa_pipeline', 'transformar', 'scheduled__2023-12-21T00:00:00+00:00', '--job-id', '1211', '--raw', '--subdir', 'DAGS_FOLDER/etl_pipeline.py', '--cfg-path', '/tmp/tmphod1c_ai']
[2024-10-02T18:58:46.879+0000] {standard_task_runner.py:91} INFO - Job 1211: Subtask transformar
[2024-10-02T18:58:46.924+0000] {task_command.py:426} INFO - Running <TaskInstance: etl_covid_europa_pipeline.transformar scheduled__2023-12-21T00:00:00+00:00 [running]> on host 99de7dfc3871
[2024-10-02T18:58:47.024+0000] {taskinstance.py:2648} INFO - Exporting env vars: AIRFLOW_CTX_DAG_OWNER='***' AIRFLOW_CTX_DAG_ID='etl_covid_europa_pipeline' AIRFLOW_CTX_TASK_ID='transformar' AIRFLOW_CTX_EXECUTION_DATE='2023-12-21T00:00:00+00:00' AIRFLOW_CTX_TRY_NUMBER='1' AIRFLOW_CTX_DAG_RUN_ID='scheduled__2023-12-21T00:00:00+00:00'
[2024-10-02T18:58:47.027+0000] {taskinstance.py:430} INFO - ::endgroup::
[2024-10-02T18:58:47.231+0000] {python.py:237} INFO - Done. Returned value was: None
[2024-10-02T18:58:47.232+0000] {taskinstance.py:441} INFO - ::group::Post task execution logs
[2024-10-02T18:58:47.257+0000] {taskinstance.py:1206} INFO - Marking task as SUCCESS. dag_id=etl_covid_europa_pipeline, task_id=transformar, run_id=scheduled__2023-12-21T00:00:00+00:00, execution_date=20231221T000000, start_date=20241002T185846, end_date=20241002T185847
[2024-10-02T18:58:47.415+0000] {local_task_job_runner.py:240} INFO - Task exited with return code 0
[2024-10-02T18:58:47.446+0000] {taskinstance.py:3503} INFO - 1 downstream tasks scheduled from follow-on schedule check
[2024-10-02T18:58:47.448+0000] {local_task_job_runner.py:222} INFO - ::endgroup::
[2024-10-02T19:24:56.382+0000] {local_task_job_runner.py:120} INFO - ::group::Pre task execution logs
[2024-10-02T19:24:56.416+0000] {taskinstance.py:2076} INFO - Dependencies all met for dep_context=non-requeueable deps ti=<TaskInstance: etl_covid_europa_pipeline.transformar scheduled__2023-12-21T00:00:00+00:00 [queued]>
[2024-10-02T19:24:56.680+0000] {taskinstance.py:2076} INFO - Dependencies all met for dep_context=requeueable deps ti=<TaskInstance: etl_covid_europa_pipeline.transformar scheduled__2023-12-21T00:00:00+00:00 [queued]>
[2024-10-02T19:24:56.680+0000] {taskinstance.py:2306} INFO - Starting attempt 1 of 1
[2024-10-02T19:24:56.695+0000] {taskinstance.py:2330} INFO - Executing <Task(PythonOperator): transformar> on 2023-12-21 00:00:00+00:00
[2024-10-02T19:24:56.700+0000] {warnings.py:112} WARNING - /home/***/.local/lib/python3.12/site-packages/***/task/task_runner/standard_task_runner.py:61: DeprecationWarning: This process (pid=9319) is multi-threaded, use of fork() may lead to deadlocks in the child.
  pid = os.fork()

[2024-10-02T19:24:56.701+0000] {standard_task_runner.py:63} INFO - Started process 9337 to run task
[2024-10-02T19:24:56.702+0000] {standard_task_runner.py:90} INFO - Running: ['***', 'tasks', 'run', 'etl_covid_europa_pipeline', 'transformar', 'scheduled__2023-12-21T00:00:00+00:00', '--job-id', '2210', '--raw', '--subdir', 'DAGS_FOLDER/etl_pipeline.py', '--cfg-path', '/tmp/tmpyns1po18']
[2024-10-02T19:24:56.704+0000] {standard_task_runner.py:91} INFO - Job 2210: Subtask transformar
[2024-10-02T19:24:56.748+0000] {task_command.py:426} INFO - Running <TaskInstance: etl_covid_europa_pipeline.transformar scheduled__2023-12-21T00:00:00+00:00 [running]> on host 99de7dfc3871
[2024-10-02T19:24:56.841+0000] {taskinstance.py:2648} INFO - Exporting env vars: AIRFLOW_CTX_DAG_OWNER='***' AIRFLOW_CTX_DAG_ID='etl_covid_europa_pipeline' AIRFLOW_CTX_TASK_ID='transformar' AIRFLOW_CTX_EXECUTION_DATE='2023-12-21T00:00:00+00:00' AIRFLOW_CTX_TRY_NUMBER='1' AIRFLOW_CTX_DAG_RUN_ID='scheduled__2023-12-21T00:00:00+00:00'
[2024-10-02T19:24:56.844+0000] {taskinstance.py:430} INFO - ::endgroup::
[2024-10-02T19:24:56.980+0000] {python.py:237} INFO - Done. Returned value was: None
[2024-10-02T19:24:56.981+0000] {taskinstance.py:441} INFO - ::group::Post task execution logs
[2024-10-02T19:24:56.988+0000] {taskinstance.py:1206} INFO - Marking task as SUCCESS. dag_id=etl_covid_europa_pipeline, task_id=transformar, run_id=scheduled__2023-12-21T00:00:00+00:00, execution_date=20231221T000000, start_date=20241002T192456, end_date=20241002T192456
[2024-10-02T19:24:57.035+0000] {local_task_job_runner.py:240} INFO - Task exited with return code 0
[2024-10-02T19:24:57.062+0000] {taskinstance.py:3503} INFO - 1 downstream tasks scheduled from follow-on schedule check
[2024-10-02T19:24:57.070+0000] {local_task_job_runner.py:222} INFO - ::endgroup::
