[2024-10-02T17:26:15.911+0000] {local_task_job_runner.py:120} INFO - ::group::Pre task execution logs
[2024-10-02T17:26:15.939+0000] {taskinstance.py:2076} INFO - Dependencies all met for dep_context=non-requeueable deps ti=<TaskInstance: etl_covid_europa_pipeline.transformar scheduled__2023-11-29T00:00:00+00:00 [queued]>
[2024-10-02T17:26:15.949+0000] {taskinstance.py:2076} INFO - Dependencies all met for dep_context=requeueable deps ti=<TaskInstance: etl_covid_europa_pipeline.transformar scheduled__2023-11-29T00:00:00+00:00 [queued]>
[2024-10-02T17:26:15.952+0000] {taskinstance.py:2306} INFO - Starting attempt 1 of 1
[2024-10-02T17:26:16.235+0000] {taskinstance.py:2330} INFO - Executing <Task(PythonOperator): transformar> on 2023-11-29 00:00:00+00:00
[2024-10-02T17:26:16.242+0000] {warnings.py:112} WARNING - /home/***/.local/lib/python3.12/site-packages/***/task/task_runner/standard_task_runner.py:61: DeprecationWarning: This process (pid=1552) is multi-threaded, use of fork() may lead to deadlocks in the child.
  pid = os.fork()

[2024-10-02T17:26:16.243+0000] {standard_task_runner.py:63} INFO - Started process 1567 to run task
[2024-10-02T17:26:16.244+0000] {standard_task_runner.py:90} INFO - Running: ['***', 'tasks', 'run', 'etl_covid_europa_pipeline', 'transformar', 'scheduled__2023-11-29T00:00:00+00:00', '--job-id', '130', '--raw', '--subdir', 'DAGS_FOLDER/etl_pipeline.py', '--cfg-path', '/tmp/tmp9sdyo1z4']
[2024-10-02T17:26:16.246+0000] {standard_task_runner.py:91} INFO - Job 130: Subtask transformar
[2024-10-02T17:26:16.303+0000] {task_command.py:426} INFO - Running <TaskInstance: etl_covid_europa_pipeline.transformar scheduled__2023-11-29T00:00:00+00:00 [running]> on host 99de7dfc3871
[2024-10-02T17:26:16.399+0000] {taskinstance.py:2648} INFO - Exporting env vars: AIRFLOW_CTX_DAG_OWNER='***' AIRFLOW_CTX_DAG_ID='etl_covid_europa_pipeline' AIRFLOW_CTX_TASK_ID='transformar' AIRFLOW_CTX_EXECUTION_DATE='2023-11-29T00:00:00+00:00' AIRFLOW_CTX_TRY_NUMBER='1' AIRFLOW_CTX_DAG_RUN_ID='scheduled__2023-11-29T00:00:00+00:00'
[2024-10-02T17:26:16.400+0000] {taskinstance.py:430} INFO - ::endgroup::
[2024-10-02T17:26:16.545+0000] {taskinstance.py:441} INFO - ::group::Post task execution logs
[2024-10-02T17:26:16.545+0000] {taskinstance.py:2905} ERROR - Task failed with exception
Traceback (most recent call last):
  File "/home/airflow/.local/lib/python3.12/site-packages/airflow/models/taskinstance.py", line 465, in _execute_task
    result = _execute_callable(context=context, **execute_callable_kwargs)
             ^^^^^^^^^^^^^^^^^^^^^^^^^^^^^^^^^^^^^^^^^^^^^^^^^^^^^^^^^^^^^
  File "/home/airflow/.local/lib/python3.12/site-packages/airflow/models/taskinstance.py", line 432, in _execute_callable
    return execute_callable(context=context, **execute_callable_kwargs)
           ^^^^^^^^^^^^^^^^^^^^^^^^^^^^^^^^^^^^^^^^^^^^^^^^^^^^^^^^^^^^
  File "/home/airflow/.local/lib/python3.12/site-packages/airflow/models/baseoperator.py", line 401, in wrapper
    return func(self, *args, **kwargs)
           ^^^^^^^^^^^^^^^^^^^^^^^^^^^
  File "/home/airflow/.local/lib/python3.12/site-packages/airflow/operators/python.py", line 235, in execute
    return_value = self.execute_callable()
                   ^^^^^^^^^^^^^^^^^^^^^^^
  File "/home/airflow/.local/lib/python3.12/site-packages/airflow/operators/python.py", line 252, in execute_callable
    return self.python_callable(*self.op_args, **self.op_kwargs)
           ^^^^^^^^^^^^^^^^^^^^^^^^^^^^^^^^^^^^^^^^^^^^^^^^^^^^^
  File "/opt/airflow/dags/etl_pipeline.py", line 17, in transformar
    df_agrupada = df.groupby('ContinentExp')[['cases', 'deaths']].sum().reset_index()
                  ^^^^^^^^^^^^^^^^^^^^^^^^^^
  File "/home/airflow/.local/lib/python3.12/site-packages/pandas/core/frame.py", line 8869, in groupby
    return DataFrameGroupBy(
           ^^^^^^^^^^^^^^^^^
  File "/home/airflow/.local/lib/python3.12/site-packages/pandas/core/groupby/groupby.py", line 1278, in __init__
    grouper, exclusions, obj = get_grouper(
                               ^^^^^^^^^^^^
  File "/home/airflow/.local/lib/python3.12/site-packages/pandas/core/groupby/grouper.py", line 1009, in get_grouper
    raise KeyError(gpr)
KeyError: 'ContinentExp'
[2024-10-02T17:26:16.559+0000] {taskinstance.py:1206} INFO - Marking task as FAILED. dag_id=etl_covid_europa_pipeline, task_id=transformar, run_id=scheduled__2023-11-29T00:00:00+00:00, execution_date=20231129T000000, start_date=20241002T172615, end_date=20241002T172616
[2024-10-02T17:26:16.572+0000] {standard_task_runner.py:110} ERROR - Failed to execute job 130 for task transformar ('ContinentExp'; 1567)
[2024-10-02T17:26:16.617+0000] {local_task_job_runner.py:240} INFO - Task exited with return code 1
[2024-10-02T17:26:16.638+0000] {taskinstance.py:3503} INFO - 0 downstream tasks scheduled from follow-on schedule check
[2024-10-02T17:26:16.643+0000] {local_task_job_runner.py:222} INFO - ::endgroup::
[2024-10-02T18:58:22.081+0000] {local_task_job_runner.py:120} INFO - ::group::Pre task execution logs
[2024-10-02T18:58:22.126+0000] {taskinstance.py:2076} INFO - Dependencies all met for dep_context=non-requeueable deps ti=<TaskInstance: etl_covid_europa_pipeline.transformar scheduled__2023-11-29T00:00:00+00:00 [queued]>
[2024-10-02T18:58:22.513+0000] {taskinstance.py:2076} INFO - Dependencies all met for dep_context=requeueable deps ti=<TaskInstance: etl_covid_europa_pipeline.transformar scheduled__2023-11-29T00:00:00+00:00 [queued]>
[2024-10-02T18:58:22.519+0000] {taskinstance.py:2306} INFO - Starting attempt 1 of 1
[2024-10-02T18:58:22.572+0000] {taskinstance.py:2330} INFO - Executing <Task(PythonOperator): transformar> on 2023-11-29 00:00:00+00:00
[2024-10-02T18:58:22.588+0000] {warnings.py:112} WARNING - /home/***/.local/lib/python3.12/site-packages/***/task/task_runner/standard_task_runner.py:61: DeprecationWarning: This process (pid=5782) is multi-threaded, use of fork() may lead to deadlocks in the child.
  pid = os.fork()

[2024-10-02T18:58:22.589+0000] {standard_task_runner.py:63} INFO - Started process 5808 to run task
[2024-10-02T18:58:22.589+0000] {standard_task_runner.py:90} INFO - Running: ['***', 'tasks', 'run', 'etl_covid_europa_pipeline', 'transformar', 'scheduled__2023-11-29T00:00:00+00:00', '--job-id', '1143', '--raw', '--subdir', 'DAGS_FOLDER/etl_pipeline.py', '--cfg-path', '/tmp/tmpbo_har6h']
[2024-10-02T18:58:22.592+0000] {standard_task_runner.py:91} INFO - Job 1143: Subtask transformar
[2024-10-02T18:58:22.700+0000] {task_command.py:426} INFO - Running <TaskInstance: etl_covid_europa_pipeline.transformar scheduled__2023-11-29T00:00:00+00:00 [running]> on host 99de7dfc3871
[2024-10-02T18:58:22.840+0000] {taskinstance.py:2648} INFO - Exporting env vars: AIRFLOW_CTX_DAG_OWNER='***' AIRFLOW_CTX_DAG_ID='etl_covid_europa_pipeline' AIRFLOW_CTX_TASK_ID='transformar' AIRFLOW_CTX_EXECUTION_DATE='2023-11-29T00:00:00+00:00' AIRFLOW_CTX_TRY_NUMBER='1' AIRFLOW_CTX_DAG_RUN_ID='scheduled__2023-11-29T00:00:00+00:00'
[2024-10-02T18:58:22.846+0000] {taskinstance.py:430} INFO - ::endgroup::
[2024-10-02T18:58:23.151+0000] {python.py:237} INFO - Done. Returned value was: None
[2024-10-02T18:58:23.156+0000] {taskinstance.py:441} INFO - ::group::Post task execution logs
[2024-10-02T18:58:23.177+0000] {taskinstance.py:1206} INFO - Marking task as SUCCESS. dag_id=etl_covid_europa_pipeline, task_id=transformar, run_id=scheduled__2023-11-29T00:00:00+00:00, execution_date=20231129T000000, start_date=20241002T185822, end_date=20241002T185823
[2024-10-02T18:58:23.262+0000] {local_task_job_runner.py:240} INFO - Task exited with return code 0
[2024-10-02T18:58:23.293+0000] {taskinstance.py:3503} INFO - 1 downstream tasks scheduled from follow-on schedule check
[2024-10-02T18:58:23.296+0000] {local_task_job_runner.py:222} INFO - ::endgroup::
[2024-10-02T19:24:31.612+0000] {local_task_job_runner.py:120} INFO - ::group::Pre task execution logs
[2024-10-02T19:24:31.640+0000] {taskinstance.py:2076} INFO - Dependencies all met for dep_context=non-requeueable deps ti=<TaskInstance: etl_covid_europa_pipeline.transformar scheduled__2023-11-29T00:00:00+00:00 [queued]>
[2024-10-02T19:24:31.910+0000] {taskinstance.py:2076} INFO - Dependencies all met for dep_context=requeueable deps ti=<TaskInstance: etl_covid_europa_pipeline.transformar scheduled__2023-11-29T00:00:00+00:00 [queued]>
[2024-10-02T19:24:31.910+0000] {taskinstance.py:2306} INFO - Starting attempt 1 of 1
[2024-10-02T19:24:31.927+0000] {taskinstance.py:2330} INFO - Executing <Task(PythonOperator): transformar> on 2023-11-29 00:00:00+00:00
[2024-10-02T19:24:31.937+0000] {warnings.py:112} WARNING - /home/***/.local/lib/python3.12/site-packages/***/task/task_runner/standard_task_runner.py:61: DeprecationWarning: This process (pid=9136) is multi-threaded, use of fork() may lead to deadlocks in the child.
  pid = os.fork()

[2024-10-02T19:24:31.939+0000] {standard_task_runner.py:63} INFO - Started process 9147 to run task
[2024-10-02T19:24:31.937+0000] {standard_task_runner.py:90} INFO - Running: ['***', 'tasks', 'run', 'etl_covid_europa_pipeline', 'transformar', 'scheduled__2023-11-29T00:00:00+00:00', '--job-id', '2149', '--raw', '--subdir', 'DAGS_FOLDER/etl_pipeline.py', '--cfg-path', '/tmp/tmp4vvu4rpz']
[2024-10-02T19:24:31.940+0000] {standard_task_runner.py:91} INFO - Job 2149: Subtask transformar
[2024-10-02T19:24:31.993+0000] {task_command.py:426} INFO - Running <TaskInstance: etl_covid_europa_pipeline.transformar scheduled__2023-11-29T00:00:00+00:00 [running]> on host 99de7dfc3871
[2024-10-02T19:24:32.092+0000] {taskinstance.py:2648} INFO - Exporting env vars: AIRFLOW_CTX_DAG_OWNER='***' AIRFLOW_CTX_DAG_ID='etl_covid_europa_pipeline' AIRFLOW_CTX_TASK_ID='transformar' AIRFLOW_CTX_EXECUTION_DATE='2023-11-29T00:00:00+00:00' AIRFLOW_CTX_TRY_NUMBER='1' AIRFLOW_CTX_DAG_RUN_ID='scheduled__2023-11-29T00:00:00+00:00'
[2024-10-02T19:24:32.095+0000] {taskinstance.py:430} INFO - ::endgroup::
[2024-10-02T19:24:32.232+0000] {python.py:237} INFO - Done. Returned value was: None
[2024-10-02T19:24:32.233+0000] {taskinstance.py:441} INFO - ::group::Post task execution logs
[2024-10-02T19:24:32.243+0000] {taskinstance.py:1206} INFO - Marking task as SUCCESS. dag_id=etl_covid_europa_pipeline, task_id=transformar, run_id=scheduled__2023-11-29T00:00:00+00:00, execution_date=20231129T000000, start_date=20241002T192431, end_date=20241002T192432
[2024-10-02T19:24:32.273+0000] {local_task_job_runner.py:240} INFO - Task exited with return code 0
[2024-10-02T19:24:32.283+0000] {local_task_job_runner.py:222} INFO - ::endgroup::
