[2024-10-02T17:29:40.527+0000] {local_task_job_runner.py:120} INFO - ::group::Pre task execution logs
[2024-10-02T17:29:40.550+0000] {taskinstance.py:2076} INFO - Dependencies all met for dep_context=non-requeueable deps ti=<TaskInstance: etl_covid_europa_pipeline.extrair scheduled__2024-05-31T00:00:00+00:00 [queued]>
[2024-10-02T17:29:40.558+0000] {taskinstance.py:2076} INFO - Dependencies all met for dep_context=requeueable deps ti=<TaskInstance: etl_covid_europa_pipeline.extrair scheduled__2024-05-31T00:00:00+00:00 [queued]>
[2024-10-02T17:29:40.558+0000] {taskinstance.py:2306} INFO - Starting attempt 1 of 1
[2024-10-02T17:29:40.830+0000] {taskinstance.py:2330} INFO - Executing <Task(PythonOperator): extrair> on 2024-05-31 00:00:00+00:00
[2024-10-02T17:29:40.836+0000] {warnings.py:112} WARNING - /home/***/.local/lib/python3.12/site-packages/***/task/task_runner/standard_task_runner.py:61: DeprecationWarning: This process (pid=2493) is multi-threaded, use of fork() may lead to deadlocks in the child.
  pid = os.fork()

[2024-10-02T17:29:40.838+0000] {standard_task_runner.py:63} INFO - Started process 2507 to run task
[2024-10-02T17:29:40.839+0000] {standard_task_runner.py:90} INFO - Running: ['***', 'tasks', 'run', 'etl_covid_europa_pipeline', 'extrair', 'scheduled__2024-05-31T00:00:00+00:00', '--job-id', '428', '--raw', '--subdir', 'DAGS_FOLDER/etl_pipeline.py', '--cfg-path', '/tmp/tmp8e7pehiv']
[2024-10-02T17:29:40.841+0000] {standard_task_runner.py:91} INFO - Job 428: Subtask extrair
[2024-10-02T17:29:40.894+0000] {task_command.py:426} INFO - Running <TaskInstance: etl_covid_europa_pipeline.extrair scheduled__2024-05-31T00:00:00+00:00 [running]> on host 99de7dfc3871
[2024-10-02T17:29:40.978+0000] {taskinstance.py:2648} INFO - Exporting env vars: AIRFLOW_CTX_DAG_OWNER='***' AIRFLOW_CTX_DAG_ID='etl_covid_europa_pipeline' AIRFLOW_CTX_TASK_ID='extrair' AIRFLOW_CTX_EXECUTION_DATE='2024-05-31T00:00:00+00:00' AIRFLOW_CTX_TRY_NUMBER='1' AIRFLOW_CTX_DAG_RUN_ID='scheduled__2024-05-31T00:00:00+00:00'
[2024-10-02T17:29:40.979+0000] {taskinstance.py:430} INFO - ::endgroup::
[2024-10-02T17:29:47.379+0000] {python.py:237} INFO - Done. Returned value was: None
[2024-10-02T17:29:47.380+0000] {taskinstance.py:441} INFO - ::group::Post task execution logs
[2024-10-02T17:29:47.387+0000] {taskinstance.py:1206} INFO - Marking task as SUCCESS. dag_id=etl_covid_europa_pipeline, task_id=extrair, run_id=scheduled__2024-05-31T00:00:00+00:00, execution_date=20240531T000000, start_date=20241002T172940, end_date=20241002T172947
[2024-10-02T17:29:47.421+0000] {local_task_job_runner.py:240} INFO - Task exited with return code 0
[2024-10-02T17:29:47.452+0000] {taskinstance.py:3503} INFO - 1 downstream tasks scheduled from follow-on schedule check
[2024-10-02T17:29:47.455+0000] {local_task_job_runner.py:222} INFO - ::endgroup::
[2024-10-02T19:02:22.726+0000] {local_task_job_runner.py:120} INFO - ::group::Pre task execution logs
[2024-10-02T19:02:22.969+0000] {taskinstance.py:2076} INFO - Dependencies all met for dep_context=non-requeueable deps ti=<TaskInstance: etl_covid_europa_pipeline.extrair scheduled__2024-05-31T00:00:00+00:00 [queued]>
[2024-10-02T19:02:22.980+0000] {taskinstance.py:2076} INFO - Dependencies all met for dep_context=requeueable deps ti=<TaskInstance: etl_covid_europa_pipeline.extrair scheduled__2024-05-31T00:00:00+00:00 [queued]>
[2024-10-02T19:02:22.981+0000] {taskinstance.py:2306} INFO - Starting attempt 1 of 1
[2024-10-02T19:02:23.001+0000] {taskinstance.py:2330} INFO - Executing <Task(PythonOperator): extrair> on 2024-05-31 00:00:00+00:00
[2024-10-02T19:02:23.009+0000] {warnings.py:112} WARNING - /home/***/.local/lib/python3.12/site-packages/***/task/task_runner/standard_task_runner.py:61: DeprecationWarning: This process (pid=7410) is multi-threaded, use of fork() may lead to deadlocks in the child.
  pid = os.fork()

[2024-10-02T19:02:23.011+0000] {standard_task_runner.py:63} INFO - Started process 7424 to run task
[2024-10-02T19:02:23.011+0000] {standard_task_runner.py:90} INFO - Running: ['***', 'tasks', 'run', 'etl_covid_europa_pipeline', 'extrair', 'scheduled__2024-05-31T00:00:00+00:00', '--job-id', '1667', '--raw', '--subdir', 'DAGS_FOLDER/etl_pipeline.py', '--cfg-path', '/tmp/tmp1_3mbg6_']
[2024-10-02T19:02:23.013+0000] {standard_task_runner.py:91} INFO - Job 1667: Subtask extrair
[2024-10-02T19:02:23.077+0000] {task_command.py:426} INFO - Running <TaskInstance: etl_covid_europa_pipeline.extrair scheduled__2024-05-31T00:00:00+00:00 [running]> on host 99de7dfc3871
[2024-10-02T19:02:23.205+0000] {taskinstance.py:2648} INFO - Exporting env vars: AIRFLOW_CTX_DAG_OWNER='***' AIRFLOW_CTX_DAG_ID='etl_covid_europa_pipeline' AIRFLOW_CTX_TASK_ID='extrair' AIRFLOW_CTX_EXECUTION_DATE='2024-05-31T00:00:00+00:00' AIRFLOW_CTX_TRY_NUMBER='1' AIRFLOW_CTX_DAG_RUN_ID='scheduled__2024-05-31T00:00:00+00:00'
[2024-10-02T19:02:23.206+0000] {taskinstance.py:430} INFO - ::endgroup::
[2024-10-02T19:02:32.716+0000] {python.py:237} INFO - Done. Returned value was: None
[2024-10-02T19:02:32.717+0000] {taskinstance.py:441} INFO - ::group::Post task execution logs
[2024-10-02T19:02:32.724+0000] {taskinstance.py:1206} INFO - Marking task as SUCCESS. dag_id=etl_covid_europa_pipeline, task_id=extrair, run_id=scheduled__2024-05-31T00:00:00+00:00, execution_date=20240531T000000, start_date=20241002T190222, end_date=20241002T190232
[2024-10-02T19:02:32.769+0000] {local_task_job_runner.py:240} INFO - Task exited with return code 0
[2024-10-02T19:02:32.789+0000] {taskinstance.py:3503} INFO - 1 downstream tasks scheduled from follow-on schedule check
[2024-10-02T19:02:32.792+0000] {local_task_job_runner.py:222} INFO - ::endgroup::
