[2024-10-02T17:31:56.173+0000] {local_task_job_runner.py:120} INFO - ::group::Pre task execution logs
[2024-10-02T17:31:56.196+0000] {taskinstance.py:2076} INFO - Dependencies all met for dep_context=non-requeueable deps ti=<TaskInstance: etl_covid_europa_pipeline.extrair scheduled__2024-09-28T00:00:00+00:00 [queued]>
[2024-10-02T17:31:56.205+0000] {taskinstance.py:2076} INFO - Dependencies all met for dep_context=requeueable deps ti=<TaskInstance: etl_covid_europa_pipeline.extrair scheduled__2024-09-28T00:00:00+00:00 [queued]>
[2024-10-02T17:31:56.205+0000] {taskinstance.py:2306} INFO - Starting attempt 1 of 1
[2024-10-02T17:31:56.385+0000] {taskinstance.py:2330} INFO - Executing <Task(PythonOperator): extrair> on 2024-09-28 00:00:00+00:00
[2024-10-02T17:31:56.392+0000] {warnings.py:112} WARNING - /home/***/.local/lib/python3.12/site-packages/***/task/task_runner/standard_task_runner.py:61: DeprecationWarning: This process (pid=3178) is multi-threaded, use of fork() may lead to deadlocks in the child.
  pid = os.fork()

[2024-10-02T17:31:56.393+0000] {standard_task_runner.py:63} INFO - Started process 3192 to run task
[2024-10-02T17:31:56.393+0000] {standard_task_runner.py:90} INFO - Running: ['***', 'tasks', 'run', 'etl_covid_europa_pipeline', 'extrair', 'scheduled__2024-09-28T00:00:00+00:00', '--job-id', '649', '--raw', '--subdir', 'DAGS_FOLDER/etl_pipeline.py', '--cfg-path', '/tmp/tmptp43brdq']
[2024-10-02T17:31:56.395+0000] {standard_task_runner.py:91} INFO - Job 649: Subtask extrair
[2024-10-02T17:31:56.438+0000] {task_command.py:426} INFO - Running <TaskInstance: etl_covid_europa_pipeline.extrair scheduled__2024-09-28T00:00:00+00:00 [running]> on host 99de7dfc3871
[2024-10-02T17:31:56.511+0000] {taskinstance.py:2648} INFO - Exporting env vars: AIRFLOW_CTX_DAG_OWNER='***' AIRFLOW_CTX_DAG_ID='etl_covid_europa_pipeline' AIRFLOW_CTX_TASK_ID='extrair' AIRFLOW_CTX_EXECUTION_DATE='2024-09-28T00:00:00+00:00' AIRFLOW_CTX_TRY_NUMBER='1' AIRFLOW_CTX_DAG_RUN_ID='scheduled__2024-09-28T00:00:00+00:00'
[2024-10-02T17:31:56.512+0000] {taskinstance.py:430} INFO - ::endgroup::
[2024-10-02T17:32:02.929+0000] {python.py:237} INFO - Done. Returned value was: None
[2024-10-02T17:32:02.930+0000] {taskinstance.py:441} INFO - ::group::Post task execution logs
[2024-10-02T17:32:02.942+0000] {taskinstance.py:1206} INFO - Marking task as SUCCESS. dag_id=etl_covid_europa_pipeline, task_id=extrair, run_id=scheduled__2024-09-28T00:00:00+00:00, execution_date=20240928T000000, start_date=20241002T173156, end_date=20241002T173202
[2024-10-02T17:32:03.015+0000] {local_task_job_runner.py:240} INFO - Task exited with return code 0
[2024-10-02T17:32:03.048+0000] {taskinstance.py:3503} INFO - 1 downstream tasks scheduled from follow-on schedule check
[2024-10-02T17:32:03.051+0000] {local_task_job_runner.py:222} INFO - ::endgroup::
[2024-10-02T18:55:54.194+0000] {local_task_job_runner.py:120} INFO - ::group::Pre task execution logs
[2024-10-02T18:55:54.235+0000] {taskinstance.py:2076} INFO - Dependencies all met for dep_context=non-requeueable deps ti=<TaskInstance: etl_covid_europa_pipeline.extrair scheduled__2024-09-28T00:00:00+00:00 [queued]>
[2024-10-02T18:55:54.422+0000] {taskinstance.py:2076} INFO - Dependencies all met for dep_context=requeueable deps ti=<TaskInstance: etl_covid_europa_pipeline.extrair scheduled__2024-09-28T00:00:00+00:00 [queued]>
[2024-10-02T18:55:54.423+0000] {taskinstance.py:2306} INFO - Starting attempt 1 of 1
[2024-10-02T18:55:54.436+0000] {taskinstance.py:2330} INFO - Executing <Task(PythonOperator): extrair> on 2024-09-28 00:00:00+00:00
[2024-10-02T18:55:54.441+0000] {warnings.py:112} WARNING - /home/***/.local/lib/python3.12/site-packages/***/task/task_runner/standard_task_runner.py:61: DeprecationWarning: This process (pid=5193) is multi-threaded, use of fork() may lead to deadlocks in the child.
  pid = os.fork()

[2024-10-02T18:55:54.443+0000] {standard_task_runner.py:63} INFO - Started process 5201 to run task
[2024-10-02T18:55:54.443+0000] {standard_task_runner.py:90} INFO - Running: ['***', 'tasks', 'run', 'etl_covid_europa_pipeline', 'extrair', 'scheduled__2024-09-28T00:00:00+00:00', '--job-id', '954', '--raw', '--subdir', 'DAGS_FOLDER/etl_pipeline.py', '--cfg-path', '/tmp/tmp8xtipqsr']
[2024-10-02T18:55:54.446+0000] {standard_task_runner.py:91} INFO - Job 954: Subtask extrair
[2024-10-02T18:55:54.484+0000] {task_command.py:426} INFO - Running <TaskInstance: etl_covid_europa_pipeline.extrair scheduled__2024-09-28T00:00:00+00:00 [running]> on host 99de7dfc3871
[2024-10-02T18:55:54.565+0000] {taskinstance.py:2648} INFO - Exporting env vars: AIRFLOW_CTX_DAG_OWNER='***' AIRFLOW_CTX_DAG_ID='etl_covid_europa_pipeline' AIRFLOW_CTX_TASK_ID='extrair' AIRFLOW_CTX_EXECUTION_DATE='2024-09-28T00:00:00+00:00' AIRFLOW_CTX_TRY_NUMBER='1' AIRFLOW_CTX_DAG_RUN_ID='scheduled__2024-09-28T00:00:00+00:00'
[2024-10-02T18:55:54.569+0000] {taskinstance.py:430} INFO - ::endgroup::
[2024-10-02T18:56:00.360+0000] {python.py:237} INFO - Done. Returned value was: None
[2024-10-02T18:56:00.361+0000] {taskinstance.py:441} INFO - ::group::Post task execution logs
[2024-10-02T18:56:00.369+0000] {taskinstance.py:1206} INFO - Marking task as SUCCESS. dag_id=etl_covid_europa_pipeline, task_id=extrair, run_id=scheduled__2024-09-28T00:00:00+00:00, execution_date=20240928T000000, start_date=20241002T185554, end_date=20241002T185600
[2024-10-02T18:56:00.423+0000] {local_task_job_runner.py:240} INFO - Task exited with return code 0
[2024-10-02T18:56:00.442+0000] {taskinstance.py:3503} INFO - 1 downstream tasks scheduled from follow-on schedule check
[2024-10-02T18:56:00.444+0000] {local_task_job_runner.py:222} INFO - ::endgroup::
[2024-10-02T19:04:44.757+0000] {local_task_job_runner.py:120} INFO - ::group::Pre task execution logs
[2024-10-02T19:04:44.924+0000] {taskinstance.py:2076} INFO - Dependencies all met for dep_context=non-requeueable deps ti=<TaskInstance: etl_covid_europa_pipeline.extrair scheduled__2024-09-28T00:00:00+00:00 [queued]>
[2024-10-02T19:04:44.930+0000] {taskinstance.py:2076} INFO - Dependencies all met for dep_context=requeueable deps ti=<TaskInstance: etl_covid_europa_pipeline.extrair scheduled__2024-09-28T00:00:00+00:00 [queued]>
[2024-10-02T19:04:44.931+0000] {taskinstance.py:2306} INFO - Starting attempt 1 of 1
[2024-10-02T19:04:44.942+0000] {taskinstance.py:2330} INFO - Executing <Task(PythonOperator): extrair> on 2024-09-28 00:00:00+00:00
[2024-10-02T19:04:44.946+0000] {warnings.py:112} WARNING - /home/***/.local/lib/python3.12/site-packages/***/task/task_runner/standard_task_runner.py:61: DeprecationWarning: This process (pid=8385) is multi-threaded, use of fork() may lead to deadlocks in the child.
  pid = os.fork()

[2024-10-02T19:04:44.947+0000] {standard_task_runner.py:63} INFO - Started process 8392 to run task
[2024-10-02T19:04:44.948+0000] {standard_task_runner.py:90} INFO - Running: ['***', 'tasks', 'run', 'etl_covid_europa_pipeline', 'extrair', 'scheduled__2024-09-28T00:00:00+00:00', '--job-id', '1982', '--raw', '--subdir', 'DAGS_FOLDER/etl_pipeline.py', '--cfg-path', '/tmp/tmpjhhaj_vc']
[2024-10-02T19:04:44.950+0000] {standard_task_runner.py:91} INFO - Job 1982: Subtask extrair
[2024-10-02T19:04:44.985+0000] {task_command.py:426} INFO - Running <TaskInstance: etl_covid_europa_pipeline.extrair scheduled__2024-09-28T00:00:00+00:00 [running]> on host 99de7dfc3871
[2024-10-02T19:04:45.058+0000] {taskinstance.py:2648} INFO - Exporting env vars: AIRFLOW_CTX_DAG_OWNER='***' AIRFLOW_CTX_DAG_ID='etl_covid_europa_pipeline' AIRFLOW_CTX_TASK_ID='extrair' AIRFLOW_CTX_EXECUTION_DATE='2024-09-28T00:00:00+00:00' AIRFLOW_CTX_TRY_NUMBER='1' AIRFLOW_CTX_DAG_RUN_ID='scheduled__2024-09-28T00:00:00+00:00'
[2024-10-02T19:04:45.059+0000] {taskinstance.py:430} INFO - ::endgroup::
[2024-10-02T19:04:50.079+0000] {python.py:237} INFO - Done. Returned value was: None
[2024-10-02T19:04:50.080+0000] {taskinstance.py:441} INFO - ::group::Post task execution logs
[2024-10-02T19:04:50.089+0000] {taskinstance.py:1206} INFO - Marking task as SUCCESS. dag_id=etl_covid_europa_pipeline, task_id=extrair, run_id=scheduled__2024-09-28T00:00:00+00:00, execution_date=20240928T000000, start_date=20241002T190444, end_date=20241002T190450
[2024-10-02T19:04:50.185+0000] {local_task_job_runner.py:240} INFO - Task exited with return code 0
[2024-10-02T19:04:50.212+0000] {taskinstance.py:3503} INFO - 1 downstream tasks scheduled from follow-on schedule check
[2024-10-02T19:04:50.215+0000] {local_task_job_runner.py:222} INFO - ::endgroup::
