[2024-10-02T18:55:47.764+0000] {local_task_job_runner.py:120} INFO - ::group::Pre task execution logs
[2024-10-02T18:55:47.799+0000] {taskinstance.py:2076} INFO - Dependencies all met for dep_context=non-requeueable deps ti=<TaskInstance: etl_covid_europa_pipeline.carregar scheduled__2024-09-23T00:00:00+00:00 [queued]>
[2024-10-02T18:55:48.105+0000] {taskinstance.py:2076} INFO - Dependencies all met for dep_context=requeueable deps ti=<TaskInstance: etl_covid_europa_pipeline.carregar scheduled__2024-09-23T00:00:00+00:00 [queued]>
[2024-10-02T18:55:48.106+0000] {taskinstance.py:2306} INFO - Starting attempt 1 of 1
[2024-10-02T18:55:48.134+0000] {taskinstance.py:2330} INFO - Executing <Task(PythonOperator): carregar> on 2024-09-23 00:00:00+00:00
[2024-10-02T18:55:48.146+0000] {warnings.py:112} WARNING - /home/***/.local/lib/python3.12/site-packages/***/task/task_runner/standard_task_runner.py:61: DeprecationWarning: This process (pid=5159) is multi-threaded, use of fork() may lead to deadlocks in the child.
  pid = os.fork()

[2024-10-02T18:55:48.149+0000] {standard_task_runner.py:63} INFO - Started process 5178 to run task
[2024-10-02T18:55:48.147+0000] {standard_task_runner.py:90} INFO - Running: ['***', 'tasks', 'run', 'etl_covid_europa_pipeline', 'carregar', 'scheduled__2024-09-23T00:00:00+00:00', '--job-id', '948', '--raw', '--subdir', 'DAGS_FOLDER/etl_pipeline.py', '--cfg-path', '/tmp/tmp0zw9v2sq']
[2024-10-02T18:55:48.150+0000] {standard_task_runner.py:91} INFO - Job 948: Subtask carregar
[2024-10-02T18:55:48.232+0000] {task_command.py:426} INFO - Running <TaskInstance: etl_covid_europa_pipeline.carregar scheduled__2024-09-23T00:00:00+00:00 [running]> on host 99de7dfc3871
[2024-10-02T18:55:48.359+0000] {taskinstance.py:2648} INFO - Exporting env vars: AIRFLOW_CTX_DAG_OWNER='***' AIRFLOW_CTX_DAG_ID='etl_covid_europa_pipeline' AIRFLOW_CTX_TASK_ID='carregar' AIRFLOW_CTX_EXECUTION_DATE='2024-09-23T00:00:00+00:00' AIRFLOW_CTX_TRY_NUMBER='1' AIRFLOW_CTX_DAG_RUN_ID='scheduled__2024-09-23T00:00:00+00:00'
[2024-10-02T18:55:48.363+0000] {taskinstance.py:430} INFO - ::endgroup::
[2024-10-02T18:55:48.490+0000] {python.py:237} INFO - Done. Returned value was: None
[2024-10-02T18:55:48.491+0000] {taskinstance.py:441} INFO - ::group::Post task execution logs
[2024-10-02T18:55:48.503+0000] {taskinstance.py:1206} INFO - Marking task as SUCCESS. dag_id=etl_covid_europa_pipeline, task_id=carregar, run_id=scheduled__2024-09-23T00:00:00+00:00, execution_date=20240923T000000, start_date=20241002T185547, end_date=20241002T185548
[2024-10-02T18:55:48.564+0000] {local_task_job_runner.py:240} INFO - Task exited with return code 0
[2024-10-02T18:55:48.583+0000] {taskinstance.py:3503} INFO - 0 downstream tasks scheduled from follow-on schedule check
[2024-10-02T18:55:48.585+0000] {local_task_job_runner.py:222} INFO - ::endgroup::
[2024-10-02T19:04:52.490+0000] {local_task_job_runner.py:120} INFO - ::group::Pre task execution logs
[2024-10-02T19:04:52.516+0000] {taskinstance.py:2076} INFO - Dependencies all met for dep_context=non-requeueable deps ti=<TaskInstance: etl_covid_europa_pipeline.carregar scheduled__2024-09-23T00:00:00+00:00 [queued]>
[2024-10-02T19:04:52.800+0000] {taskinstance.py:2076} INFO - Dependencies all met for dep_context=requeueable deps ti=<TaskInstance: etl_covid_europa_pipeline.carregar scheduled__2024-09-23T00:00:00+00:00 [queued]>
[2024-10-02T19:04:52.801+0000] {taskinstance.py:2306} INFO - Starting attempt 1 of 1
[2024-10-02T19:04:52.822+0000] {taskinstance.py:2330} INFO - Executing <Task(PythonOperator): carregar> on 2024-09-23 00:00:00+00:00
[2024-10-02T19:04:52.830+0000] {warnings.py:112} WARNING - /home/***/.local/lib/python3.12/site-packages/***/task/task_runner/standard_task_runner.py:61: DeprecationWarning: This process (pid=8425) is multi-threaded, use of fork() may lead to deadlocks in the child.
  pid = os.fork()

[2024-10-02T19:04:52.832+0000] {standard_task_runner.py:63} INFO - Started process 8437 to run task
[2024-10-02T19:04:52.832+0000] {standard_task_runner.py:90} INFO - Running: ['***', 'tasks', 'run', 'etl_covid_europa_pipeline', 'carregar', 'scheduled__2024-09-23T00:00:00+00:00', '--job-id', '1993', '--raw', '--subdir', 'DAGS_FOLDER/etl_pipeline.py', '--cfg-path', '/tmp/tmpktjjer2f']
[2024-10-02T19:04:52.834+0000] {standard_task_runner.py:91} INFO - Job 1993: Subtask carregar
[2024-10-02T19:04:52.881+0000] {task_command.py:426} INFO - Running <TaskInstance: etl_covid_europa_pipeline.carregar scheduled__2024-09-23T00:00:00+00:00 [running]> on host 99de7dfc3871
[2024-10-02T19:04:52.976+0000] {taskinstance.py:2648} INFO - Exporting env vars: AIRFLOW_CTX_DAG_OWNER='***' AIRFLOW_CTX_DAG_ID='etl_covid_europa_pipeline' AIRFLOW_CTX_TASK_ID='carregar' AIRFLOW_CTX_EXECUTION_DATE='2024-09-23T00:00:00+00:00' AIRFLOW_CTX_TRY_NUMBER='1' AIRFLOW_CTX_DAG_RUN_ID='scheduled__2024-09-23T00:00:00+00:00'
[2024-10-02T19:04:52.980+0000] {taskinstance.py:430} INFO - ::endgroup::
[2024-10-02T19:04:53.037+0000] {python.py:237} INFO - Done. Returned value was: None
[2024-10-02T19:04:53.038+0000] {taskinstance.py:441} INFO - ::group::Post task execution logs
[2024-10-02T19:04:53.047+0000] {taskinstance.py:1206} INFO - Marking task as SUCCESS. dag_id=etl_covid_europa_pipeline, task_id=carregar, run_id=scheduled__2024-09-23T00:00:00+00:00, execution_date=20240923T000000, start_date=20241002T190452, end_date=20241002T190453
[2024-10-02T19:04:53.086+0000] {local_task_job_runner.py:240} INFO - Task exited with return code 0
[2024-10-02T19:04:53.103+0000] {taskinstance.py:3503} INFO - 0 downstream tasks scheduled from follow-on schedule check
[2024-10-02T19:04:53.106+0000] {local_task_job_runner.py:222} INFO - ::endgroup::
