[2024-10-02T18:54:16.637+0000] {local_task_job_runner.py:120} INFO - ::group::Pre task execution logs
[2024-10-02T18:54:16.659+0000] {taskinstance.py:2076} INFO - Dependencies all met for dep_context=non-requeueable deps ti=<TaskInstance: etl_covid_europa_pipeline.carregar scheduled__2024-07-08T00:00:00+00:00 [queued]>
[2024-10-02T18:54:16.815+0000] {taskinstance.py:2076} INFO - Dependencies all met for dep_context=requeueable deps ti=<TaskInstance: etl_covid_europa_pipeline.carregar scheduled__2024-07-08T00:00:00+00:00 [queued]>
[2024-10-02T18:54:16.815+0000] {taskinstance.py:2306} INFO - Starting attempt 1 of 1
[2024-10-02T18:54:16.826+0000] {taskinstance.py:2330} INFO - Executing <Task(PythonOperator): carregar> on 2024-07-08 00:00:00+00:00
[2024-10-02T18:54:16.832+0000] {warnings.py:112} WARNING - /home/***/.local/lib/python3.12/site-packages/***/task/task_runner/standard_task_runner.py:61: DeprecationWarning: This process (pid=4458) is multi-threaded, use of fork() may lead to deadlocks in the child.
  pid = os.fork()

[2024-10-02T18:54:16.833+0000] {standard_task_runner.py:63} INFO - Started process 4464 to run task
[2024-10-02T18:54:16.833+0000] {standard_task_runner.py:90} INFO - Running: ['***', 'tasks', 'run', 'etl_covid_europa_pipeline', 'carregar', 'scheduled__2024-07-08T00:00:00+00:00', '--job-id', '717', '--raw', '--subdir', 'DAGS_FOLDER/etl_pipeline.py', '--cfg-path', '/tmp/tmp1p5pjknr']
[2024-10-02T18:54:16.835+0000] {standard_task_runner.py:91} INFO - Job 717: Subtask carregar
[2024-10-02T18:54:16.872+0000] {task_command.py:426} INFO - Running <TaskInstance: etl_covid_europa_pipeline.carregar scheduled__2024-07-08T00:00:00+00:00 [running]> on host 99de7dfc3871
[2024-10-02T18:54:16.943+0000] {taskinstance.py:2648} INFO - Exporting env vars: AIRFLOW_CTX_DAG_OWNER='***' AIRFLOW_CTX_DAG_ID='etl_covid_europa_pipeline' AIRFLOW_CTX_TASK_ID='carregar' AIRFLOW_CTX_EXECUTION_DATE='2024-07-08T00:00:00+00:00' AIRFLOW_CTX_TRY_NUMBER='1' AIRFLOW_CTX_DAG_RUN_ID='scheduled__2024-07-08T00:00:00+00:00'
[2024-10-02T18:54:16.946+0000] {taskinstance.py:430} INFO - ::endgroup::
[2024-10-02T18:54:16.999+0000] {python.py:237} INFO - Done. Returned value was: None
[2024-10-02T18:54:17.000+0000] {taskinstance.py:441} INFO - ::group::Post task execution logs
[2024-10-02T18:54:17.007+0000] {taskinstance.py:1206} INFO - Marking task as SUCCESS. dag_id=etl_covid_europa_pipeline, task_id=carregar, run_id=scheduled__2024-07-08T00:00:00+00:00, execution_date=20240708T000000, start_date=20241002T185416, end_date=20241002T185417
[2024-10-02T18:54:17.047+0000] {local_task_job_runner.py:240} INFO - Task exited with return code 0
[2024-10-02T18:54:17.059+0000] {taskinstance.py:3503} INFO - 0 downstream tasks scheduled from follow-on schedule check
[2024-10-02T18:54:17.061+0000] {local_task_job_runner.py:222} INFO - ::endgroup::
[2024-10-02T19:03:16.902+0000] {local_task_job_runner.py:120} INFO - ::group::Pre task execution logs
[2024-10-02T19:03:16.966+0000] {taskinstance.py:2076} INFO - Dependencies all met for dep_context=non-requeueable deps ti=<TaskInstance: etl_covid_europa_pipeline.carregar scheduled__2024-07-08T00:00:00+00:00 [queued]>
[2024-10-02T19:03:17.406+0000] {taskinstance.py:2076} INFO - Dependencies all met for dep_context=requeueable deps ti=<TaskInstance: etl_covid_europa_pipeline.carregar scheduled__2024-07-08T00:00:00+00:00 [queued]>
[2024-10-02T19:03:17.407+0000] {taskinstance.py:2306} INFO - Starting attempt 1 of 1
[2024-10-02T19:03:17.437+0000] {taskinstance.py:2330} INFO - Executing <Task(PythonOperator): carregar> on 2024-07-08 00:00:00+00:00
[2024-10-02T19:03:17.447+0000] {warnings.py:112} WARNING - /home/***/.local/lib/python3.12/site-packages/***/task/task_runner/standard_task_runner.py:61: DeprecationWarning: This process (pid=7722) is multi-threaded, use of fork() may lead to deadlocks in the child.
  pid = os.fork()

[2024-10-02T19:03:17.449+0000] {standard_task_runner.py:63} INFO - Started process 7753 to run task
[2024-10-02T19:03:17.449+0000] {standard_task_runner.py:90} INFO - Running: ['***', 'tasks', 'run', 'etl_covid_europa_pipeline', 'carregar', 'scheduled__2024-07-08T00:00:00+00:00', '--job-id', '1770', '--raw', '--subdir', 'DAGS_FOLDER/etl_pipeline.py', '--cfg-path', '/tmp/tmp5imigikl']
[2024-10-02T19:03:17.451+0000] {standard_task_runner.py:91} INFO - Job 1770: Subtask carregar
[2024-10-02T19:03:17.524+0000] {task_command.py:426} INFO - Running <TaskInstance: etl_covid_europa_pipeline.carregar scheduled__2024-07-08T00:00:00+00:00 [running]> on host 99de7dfc3871
[2024-10-02T19:03:17.672+0000] {taskinstance.py:2648} INFO - Exporting env vars: AIRFLOW_CTX_DAG_OWNER='***' AIRFLOW_CTX_DAG_ID='etl_covid_europa_pipeline' AIRFLOW_CTX_TASK_ID='carregar' AIRFLOW_CTX_EXECUTION_DATE='2024-07-08T00:00:00+00:00' AIRFLOW_CTX_TRY_NUMBER='1' AIRFLOW_CTX_DAG_RUN_ID='scheduled__2024-07-08T00:00:00+00:00'
[2024-10-02T19:03:17.677+0000] {taskinstance.py:430} INFO - ::endgroup::
[2024-10-02T19:03:17.787+0000] {python.py:237} INFO - Done. Returned value was: None
[2024-10-02T19:03:17.788+0000] {taskinstance.py:441} INFO - ::group::Post task execution logs
[2024-10-02T19:03:17.799+0000] {taskinstance.py:1206} INFO - Marking task as SUCCESS. dag_id=etl_covid_europa_pipeline, task_id=carregar, run_id=scheduled__2024-07-08T00:00:00+00:00, execution_date=20240708T000000, start_date=20241002T190316, end_date=20241002T190317
[2024-10-02T19:03:17.866+0000] {local_task_job_runner.py:240} INFO - Task exited with return code 0
[2024-10-02T19:03:17.889+0000] {taskinstance.py:3503} INFO - 0 downstream tasks scheduled from follow-on schedule check
[2024-10-02T19:03:17.891+0000] {local_task_job_runner.py:222} INFO - ::endgroup::
