[2024-10-02T17:25:26.711+0000] {local_task_job_runner.py:120} INFO - ::group::Pre task execution logs
[2024-10-02T17:25:26.739+0000] {taskinstance.py:2076} INFO - Dependencies all met for dep_context=non-requeueable deps ti=<TaskInstance: etl_covid_europa_pipeline.extrair scheduled__2023-10-28T00:00:00+00:00 [queued]>
[2024-10-02T17:25:26.746+0000] {taskinstance.py:2076} INFO - Dependencies all met for dep_context=requeueable deps ti=<TaskInstance: etl_covid_europa_pipeline.extrair scheduled__2023-10-28T00:00:00+00:00 [queued]>
[2024-10-02T17:25:26.747+0000] {taskinstance.py:2306} INFO - Starting attempt 1 of 1
[2024-10-02T17:25:27.030+0000] {taskinstance.py:2330} INFO - Executing <Task(PythonOperator): extrair> on 2023-10-28 00:00:00+00:00
[2024-10-02T17:25:27.036+0000] {warnings.py:112} WARNING - /home/***/.local/lib/python3.12/site-packages/***/task/task_runner/standard_task_runner.py:61: DeprecationWarning: This process (pid=1294) is multi-threaded, use of fork() may lead to deadlocks in the child.
  pid = os.fork()

[2024-10-02T17:25:27.038+0000] {standard_task_runner.py:63} INFO - Started process 1309 to run task
[2024-10-02T17:25:27.037+0000] {standard_task_runner.py:90} INFO - Running: ['***', 'tasks', 'run', 'etl_covid_europa_pipeline', 'extrair', 'scheduled__2023-10-28T00:00:00+00:00', '--job-id', '49', '--raw', '--subdir', 'DAGS_FOLDER/etl_pipeline.py', '--cfg-path', '/tmp/tmpw8ysh9n3']
[2024-10-02T17:25:27.039+0000] {standard_task_runner.py:91} INFO - Job 49: Subtask extrair
[2024-10-02T17:25:27.079+0000] {task_command.py:426} INFO - Running <TaskInstance: etl_covid_europa_pipeline.extrair scheduled__2023-10-28T00:00:00+00:00 [running]> on host 99de7dfc3871
[2024-10-02T17:25:27.151+0000] {taskinstance.py:2648} INFO - Exporting env vars: AIRFLOW_CTX_DAG_OWNER='***' AIRFLOW_CTX_DAG_ID='etl_covid_europa_pipeline' AIRFLOW_CTX_TASK_ID='extrair' AIRFLOW_CTX_EXECUTION_DATE='2023-10-28T00:00:00+00:00' AIRFLOW_CTX_TRY_NUMBER='1' AIRFLOW_CTX_DAG_RUN_ID='scheduled__2023-10-28T00:00:00+00:00'
[2024-10-02T17:25:27.152+0000] {taskinstance.py:430} INFO - ::endgroup::
[2024-10-02T17:25:33.645+0000] {python.py:237} INFO - Done. Returned value was: None
[2024-10-02T17:25:33.654+0000] {taskinstance.py:441} INFO - ::group::Post task execution logs
[2024-10-02T17:25:33.671+0000] {taskinstance.py:1206} INFO - Marking task as SUCCESS. dag_id=etl_covid_europa_pipeline, task_id=extrair, run_id=scheduled__2023-10-28T00:00:00+00:00, execution_date=20231028T000000, start_date=20241002T172526, end_date=20241002T172533
[2024-10-02T17:25:33.712+0000] {local_task_job_runner.py:240} INFO - Task exited with return code 0
[2024-10-02T17:25:33.759+0000] {taskinstance.py:3503} INFO - 1 downstream tasks scheduled from follow-on schedule check
[2024-10-02T17:25:33.761+0000] {local_task_job_runner.py:222} INFO - ::endgroup::
[2024-10-02T18:57:27.250+0000] {local_task_job_runner.py:120} INFO - ::group::Pre task execution logs
[2024-10-02T18:57:27.277+0000] {taskinstance.py:2076} INFO - Dependencies all met for dep_context=non-requeueable deps ti=<TaskInstance: etl_covid_europa_pipeline.extrair scheduled__2023-10-28T00:00:00+00:00 [queued]>
[2024-10-02T18:57:27.466+0000] {taskinstance.py:2076} INFO - Dependencies all met for dep_context=requeueable deps ti=<TaskInstance: etl_covid_europa_pipeline.extrair scheduled__2023-10-28T00:00:00+00:00 [queued]>
[2024-10-02T18:57:27.466+0000] {taskinstance.py:2306} INFO - Starting attempt 1 of 1
[2024-10-02T18:57:27.577+0000] {taskinstance.py:2330} INFO - Executing <Task(PythonOperator): extrair> on 2023-10-28 00:00:00+00:00
[2024-10-02T18:57:27.583+0000] {warnings.py:112} WARNING - /home/***/.local/lib/python3.12/site-packages/***/task/task_runner/standard_task_runner.py:61: DeprecationWarning: This process (pid=5417) is multi-threaded, use of fork() may lead to deadlocks in the child.
  pid = os.fork()

[2024-10-02T18:57:27.584+0000] {standard_task_runner.py:63} INFO - Started process 5431 to run task
[2024-10-02T18:57:27.584+0000] {standard_task_runner.py:90} INFO - Running: ['***', 'tasks', 'run', 'etl_covid_europa_pipeline', 'extrair', 'scheduled__2023-10-28T00:00:00+00:00', '--job-id', '1026', '--raw', '--subdir', 'DAGS_FOLDER/etl_pipeline.py', '--cfg-path', '/tmp/tmpc5q2pslg']
[2024-10-02T18:57:27.586+0000] {standard_task_runner.py:91} INFO - Job 1026: Subtask extrair
[2024-10-02T18:57:27.635+0000] {task_command.py:426} INFO - Running <TaskInstance: etl_covid_europa_pipeline.extrair scheduled__2023-10-28T00:00:00+00:00 [running]> on host 99de7dfc3871
[2024-10-02T18:57:27.726+0000] {taskinstance.py:2648} INFO - Exporting env vars: AIRFLOW_CTX_DAG_OWNER='***' AIRFLOW_CTX_DAG_ID='etl_covid_europa_pipeline' AIRFLOW_CTX_TASK_ID='extrair' AIRFLOW_CTX_EXECUTION_DATE='2023-10-28T00:00:00+00:00' AIRFLOW_CTX_TRY_NUMBER='1' AIRFLOW_CTX_DAG_RUN_ID='scheduled__2023-10-28T00:00:00+00:00'
[2024-10-02T18:57:27.729+0000] {taskinstance.py:430} INFO - ::endgroup::
[2024-10-02T18:57:36.768+0000] {python.py:237} INFO - Done. Returned value was: None
[2024-10-02T18:57:36.774+0000] {taskinstance.py:441} INFO - ::group::Post task execution logs
[2024-10-02T18:57:36.790+0000] {taskinstance.py:1206} INFO - Marking task as SUCCESS. dag_id=etl_covid_europa_pipeline, task_id=extrair, run_id=scheduled__2023-10-28T00:00:00+00:00, execution_date=20231028T000000, start_date=20241002T185727, end_date=20241002T185736
[2024-10-02T18:57:36.876+0000] {local_task_job_runner.py:240} INFO - Task exited with return code 0
[2024-10-02T18:57:36.922+0000] {taskinstance.py:3503} INFO - 1 downstream tasks scheduled from follow-on schedule check
[2024-10-02T18:57:36.930+0000] {local_task_job_runner.py:222} INFO - ::endgroup::
[2024-10-02T19:23:37.984+0000] {local_task_job_runner.py:120} INFO - ::group::Pre task execution logs
[2024-10-02T19:23:38.182+0000] {taskinstance.py:2076} INFO - Dependencies all met for dep_context=non-requeueable deps ti=<TaskInstance: etl_covid_europa_pipeline.extrair scheduled__2023-10-28T00:00:00+00:00 [queued]>
[2024-10-02T19:23:38.191+0000] {taskinstance.py:2076} INFO - Dependencies all met for dep_context=requeueable deps ti=<TaskInstance: etl_covid_europa_pipeline.extrair scheduled__2023-10-28T00:00:00+00:00 [queued]>
[2024-10-02T19:23:38.192+0000] {taskinstance.py:2306} INFO - Starting attempt 1 of 1
[2024-10-02T19:23:38.205+0000] {taskinstance.py:2330} INFO - Executing <Task(PythonOperator): extrair> on 2023-10-28 00:00:00+00:00
[2024-10-02T19:23:38.213+0000] {warnings.py:112} WARNING - /home/***/.local/lib/python3.12/site-packages/***/task/task_runner/standard_task_runner.py:61: DeprecationWarning: This process (pid=8797) is multi-threaded, use of fork() may lead to deadlocks in the child.
  pid = os.fork()

[2024-10-02T19:23:38.215+0000] {standard_task_runner.py:63} INFO - Started process 8805 to run task
[2024-10-02T19:23:38.215+0000] {standard_task_runner.py:90} INFO - Running: ['***', 'tasks', 'run', 'etl_covid_europa_pipeline', 'extrair', 'scheduled__2023-10-28T00:00:00+00:00', '--job-id', '2038', '--raw', '--subdir', 'DAGS_FOLDER/etl_pipeline.py', '--cfg-path', '/tmp/tmpmbrm8_8_']
[2024-10-02T19:23:38.217+0000] {standard_task_runner.py:91} INFO - Job 2038: Subtask extrair
[2024-10-02T19:23:38.267+0000] {task_command.py:426} INFO - Running <TaskInstance: etl_covid_europa_pipeline.extrair scheduled__2023-10-28T00:00:00+00:00 [running]> on host 99de7dfc3871
[2024-10-02T19:23:38.345+0000] {taskinstance.py:2648} INFO - Exporting env vars: AIRFLOW_CTX_DAG_OWNER='***' AIRFLOW_CTX_DAG_ID='etl_covid_europa_pipeline' AIRFLOW_CTX_TASK_ID='extrair' AIRFLOW_CTX_EXECUTION_DATE='2023-10-28T00:00:00+00:00' AIRFLOW_CTX_TRY_NUMBER='1' AIRFLOW_CTX_DAG_RUN_ID='scheduled__2023-10-28T00:00:00+00:00'
[2024-10-02T19:23:38.347+0000] {taskinstance.py:430} INFO - ::endgroup::
[2024-10-02T19:23:43.836+0000] {python.py:237} INFO - Done. Returned value was: None
[2024-10-02T19:23:43.836+0000] {taskinstance.py:441} INFO - ::group::Post task execution logs
[2024-10-02T19:23:43.844+0000] {taskinstance.py:1206} INFO - Marking task as SUCCESS. dag_id=etl_covid_europa_pipeline, task_id=extrair, run_id=scheduled__2023-10-28T00:00:00+00:00, execution_date=20231028T000000, start_date=20241002T192338, end_date=20241002T192343
[2024-10-02T19:23:43.877+0000] {local_task_job_runner.py:240} INFO - Task exited with return code 0
[2024-10-02T19:23:43.899+0000] {taskinstance.py:3503} INFO - 1 downstream tasks scheduled from follow-on schedule check
[2024-10-02T19:23:43.902+0000] {local_task_job_runner.py:222} INFO - ::endgroup::
