[2024-10-02T19:00:55.900+0000] {local_task_job_runner.py:120} INFO - ::group::Pre task execution logs
[2024-10-02T19:00:55.929+0000] {taskinstance.py:2076} INFO - Dependencies all met for dep_context=non-requeueable deps ti=<TaskInstance: etl_covid_europa_pipeline.carregar scheduled__2024-03-29T00:00:00+00:00 [queued]>
[2024-10-02T19:00:56.130+0000] {taskinstance.py:2076} INFO - Dependencies all met for dep_context=requeueable deps ti=<TaskInstance: etl_covid_europa_pipeline.carregar scheduled__2024-03-29T00:00:00+00:00 [queued]>
[2024-10-02T19:00:56.131+0000] {taskinstance.py:2306} INFO - Starting attempt 1 of 1
[2024-10-02T19:00:56.147+0000] {taskinstance.py:2330} INFO - Executing <Task(PythonOperator): carregar> on 2024-03-29 00:00:00+00:00
[2024-10-02T19:00:56.152+0000] {warnings.py:112} WARNING - /home/***/.local/lib/python3.12/site-packages/***/task/task_runner/standard_task_runner.py:61: DeprecationWarning: This process (pid=6832) is multi-threaded, use of fork() may lead to deadlocks in the child.
  pid = os.fork()

[2024-10-02T19:00:56.154+0000] {standard_task_runner.py:63} INFO - Started process 6843 to run task
[2024-10-02T19:00:56.154+0000] {standard_task_runner.py:90} INFO - Running: ['***', 'tasks', 'run', 'etl_covid_europa_pipeline', 'carregar', 'scheduled__2024-03-29T00:00:00+00:00', '--job-id', '1482', '--raw', '--subdir', 'DAGS_FOLDER/etl_pipeline.py', '--cfg-path', '/tmp/tmppuvb2kd2']
[2024-10-02T19:00:56.156+0000] {standard_task_runner.py:91} INFO - Job 1482: Subtask carregar
[2024-10-02T19:00:56.206+0000] {task_command.py:426} INFO - Running <TaskInstance: etl_covid_europa_pipeline.carregar scheduled__2024-03-29T00:00:00+00:00 [running]> on host 99de7dfc3871
[2024-10-02T19:00:56.281+0000] {taskinstance.py:2648} INFO - Exporting env vars: AIRFLOW_CTX_DAG_OWNER='***' AIRFLOW_CTX_DAG_ID='etl_covid_europa_pipeline' AIRFLOW_CTX_TASK_ID='carregar' AIRFLOW_CTX_EXECUTION_DATE='2024-03-29T00:00:00+00:00' AIRFLOW_CTX_TRY_NUMBER='1' AIRFLOW_CTX_DAG_RUN_ID='scheduled__2024-03-29T00:00:00+00:00'
[2024-10-02T19:00:56.283+0000] {taskinstance.py:430} INFO - ::endgroup::
[2024-10-02T19:00:56.333+0000] {python.py:237} INFO - Done. Returned value was: None
[2024-10-02T19:00:56.334+0000] {taskinstance.py:441} INFO - ::group::Post task execution logs
[2024-10-02T19:00:56.342+0000] {taskinstance.py:1206} INFO - Marking task as SUCCESS. dag_id=etl_covid_europa_pipeline, task_id=carregar, run_id=scheduled__2024-03-29T00:00:00+00:00, execution_date=20240329T000000, start_date=20241002T190055, end_date=20241002T190056
[2024-10-02T19:00:56.368+0000] {local_task_job_runner.py:240} INFO - Task exited with return code 0
[2024-10-02T19:00:56.376+0000] {local_task_job_runner.py:222} INFO - ::endgroup::
[2024-10-02T19:27:21.751+0000] {local_task_job_runner.py:120} INFO - ::group::Pre task execution logs
[2024-10-02T19:27:21.992+0000] {taskinstance.py:2076} INFO - Dependencies all met for dep_context=non-requeueable deps ti=<TaskInstance: etl_covid_europa_pipeline.carregar scheduled__2024-03-29T00:00:00+00:00 [queued]>
[2024-10-02T19:27:22.003+0000] {taskinstance.py:2076} INFO - Dependencies all met for dep_context=requeueable deps ti=<TaskInstance: etl_covid_europa_pipeline.carregar scheduled__2024-03-29T00:00:00+00:00 [queued]>
[2024-10-02T19:27:22.004+0000] {taskinstance.py:2306} INFO - Starting attempt 1 of 1
[2024-10-02T19:27:22.020+0000] {taskinstance.py:2330} INFO - Executing <Task(PythonOperator): carregar> on 2024-03-29 00:00:00+00:00
[2024-10-02T19:27:22.028+0000] {warnings.py:112} WARNING - /home/***/.local/lib/python3.12/site-packages/***/task/task_runner/standard_task_runner.py:61: DeprecationWarning: This process (pid=10322) is multi-threaded, use of fork() may lead to deadlocks in the child.
  pid = os.fork()

[2024-10-02T19:27:22.030+0000] {standard_task_runner.py:63} INFO - Started process 10345 to run task
[2024-10-02T19:27:22.030+0000] {standard_task_runner.py:90} INFO - Running: ['***', 'tasks', 'run', 'etl_covid_europa_pipeline', 'carregar', 'scheduled__2024-03-29T00:00:00+00:00', '--job-id', '2534', '--raw', '--subdir', 'DAGS_FOLDER/etl_pipeline_agrupar_continente.py', '--cfg-path', '/tmp/tmp9gsjkzyz']
[2024-10-02T19:27:22.032+0000] {standard_task_runner.py:91} INFO - Job 2534: Subtask carregar
[2024-10-02T19:27:22.081+0000] {task_command.py:426} INFO - Running <TaskInstance: etl_covid_europa_pipeline.carregar scheduled__2024-03-29T00:00:00+00:00 [running]> on host 99de7dfc3871
[2024-10-02T19:27:22.181+0000] {taskinstance.py:2648} INFO - Exporting env vars: AIRFLOW_CTX_DAG_OWNER='***' AIRFLOW_CTX_DAG_ID='etl_covid_europa_pipeline' AIRFLOW_CTX_TASK_ID='carregar' AIRFLOW_CTX_EXECUTION_DATE='2024-03-29T00:00:00+00:00' AIRFLOW_CTX_TRY_NUMBER='1' AIRFLOW_CTX_DAG_RUN_ID='scheduled__2024-03-29T00:00:00+00:00'
[2024-10-02T19:27:22.182+0000] {taskinstance.py:430} INFO - ::endgroup::
[2024-10-02T19:27:22.247+0000] {python.py:237} INFO - Done. Returned value was: None
[2024-10-02T19:27:22.248+0000] {taskinstance.py:441} INFO - ::group::Post task execution logs
[2024-10-02T19:27:22.261+0000] {taskinstance.py:1206} INFO - Marking task as SUCCESS. dag_id=etl_covid_europa_pipeline, task_id=carregar, run_id=scheduled__2024-03-29T00:00:00+00:00, execution_date=20240329T000000, start_date=20241002T192721, end_date=20241002T192722
[2024-10-02T19:27:22.324+0000] {local_task_job_runner.py:240} INFO - Task exited with return code 0
[2024-10-02T19:27:22.340+0000] {taskinstance.py:3503} INFO - 0 downstream tasks scheduled from follow-on schedule check
[2024-10-02T19:27:22.344+0000] {local_task_job_runner.py:222} INFO - ::endgroup::
