[2024-10-02T18:57:54.415+0000] {local_task_job_runner.py:120} INFO - ::group::Pre task execution logs
[2024-10-02T18:57:54.490+0000] {taskinstance.py:2076} INFO - Dependencies all met for dep_context=non-requeueable deps ti=<TaskInstance: etl_covid_europa_pipeline.carregar scheduled__2023-11-04T00:00:00+00:00 [queued]>
[2024-10-02T18:57:54.953+0000] {taskinstance.py:2076} INFO - Dependencies all met for dep_context=requeueable deps ti=<TaskInstance: etl_covid_europa_pipeline.carregar scheduled__2023-11-04T00:00:00+00:00 [queued]>
[2024-10-02T18:57:54.954+0000] {taskinstance.py:2306} INFO - Starting attempt 1 of 1
[2024-10-02T18:57:54.981+0000] {taskinstance.py:2330} INFO - Executing <Task(PythonOperator): carregar> on 2023-11-04 00:00:00+00:00
[2024-10-02T18:57:54.992+0000] {warnings.py:112} WARNING - /home/***/.local/lib/python3.12/site-packages/***/task/task_runner/standard_task_runner.py:61: DeprecationWarning: This process (pid=5633) is multi-threaded, use of fork() may lead to deadlocks in the child.
  pid = os.fork()

[2024-10-02T18:57:54.998+0000] {standard_task_runner.py:63} INFO - Started process 5668 to run task
[2024-10-02T18:57:55.000+0000] {standard_task_runner.py:90} INFO - Running: ['***', 'tasks', 'run', 'etl_covid_europa_pipeline', 'carregar', 'scheduled__2023-11-04T00:00:00+00:00', '--job-id', '1099', '--raw', '--subdir', 'DAGS_FOLDER/etl_pipeline.py', '--cfg-path', '/tmp/tmpkid0_3ro']
[2024-10-02T18:57:55.003+0000] {standard_task_runner.py:91} INFO - Job 1099: Subtask carregar
[2024-10-02T18:57:55.089+0000] {task_command.py:426} INFO - Running <TaskInstance: etl_covid_europa_pipeline.carregar scheduled__2023-11-04T00:00:00+00:00 [running]> on host 99de7dfc3871
[2024-10-02T18:57:55.258+0000] {taskinstance.py:2648} INFO - Exporting env vars: AIRFLOW_CTX_DAG_OWNER='***' AIRFLOW_CTX_DAG_ID='etl_covid_europa_pipeline' AIRFLOW_CTX_TASK_ID='carregar' AIRFLOW_CTX_EXECUTION_DATE='2023-11-04T00:00:00+00:00' AIRFLOW_CTX_TRY_NUMBER='1' AIRFLOW_CTX_DAG_RUN_ID='scheduled__2023-11-04T00:00:00+00:00'
[2024-10-02T18:57:55.267+0000] {taskinstance.py:430} INFO - ::endgroup::
[2024-10-02T18:57:55.467+0000] {python.py:237} INFO - Done. Returned value was: None
[2024-10-02T18:57:55.468+0000] {taskinstance.py:441} INFO - ::group::Post task execution logs
[2024-10-02T18:57:55.484+0000] {taskinstance.py:1206} INFO - Marking task as SUCCESS. dag_id=etl_covid_europa_pipeline, task_id=carregar, run_id=scheduled__2023-11-04T00:00:00+00:00, execution_date=20231104T000000, start_date=20241002T185754, end_date=20241002T185755
[2024-10-02T18:57:55.548+0000] {local_task_job_runner.py:240} INFO - Task exited with return code 0
[2024-10-02T18:57:55.573+0000] {taskinstance.py:3503} INFO - 0 downstream tasks scheduled from follow-on schedule check
[2024-10-02T18:57:55.575+0000] {local_task_job_runner.py:222} INFO - ::endgroup::
[2024-10-02T19:24:11.621+0000] {local_task_job_runner.py:120} INFO - ::group::Pre task execution logs
[2024-10-02T19:24:11.669+0000] {taskinstance.py:2076} INFO - Dependencies all met for dep_context=non-requeueable deps ti=<TaskInstance: etl_covid_europa_pipeline.carregar scheduled__2023-11-04T00:00:00+00:00 [queued]>
[2024-10-02T19:24:11.693+0000] {taskinstance.py:2076} INFO - Dependencies all met for dep_context=requeueable deps ti=<TaskInstance: etl_covid_europa_pipeline.carregar scheduled__2023-11-04T00:00:00+00:00 [queued]>
[2024-10-02T19:24:11.694+0000] {taskinstance.py:2306} INFO - Starting attempt 1 of 1
[2024-10-02T19:24:12.042+0000] {taskinstance.py:2330} INFO - Executing <Task(PythonOperator): carregar> on 2023-11-04 00:00:00+00:00
[2024-10-02T19:24:12.056+0000] {warnings.py:112} WARNING - /home/***/.local/lib/python3.12/site-packages/***/task/task_runner/standard_task_runner.py:61: DeprecationWarning: This process (pid=9001) is multi-threaded, use of fork() may lead to deadlocks in the child.
  pid = os.fork()

[2024-10-02T19:24:12.058+0000] {standard_task_runner.py:63} INFO - Started process 9030 to run task
[2024-10-02T19:24:12.058+0000] {standard_task_runner.py:90} INFO - Running: ['***', 'tasks', 'run', 'etl_covid_europa_pipeline', 'carregar', 'scheduled__2023-11-04T00:00:00+00:00', '--job-id', '2110', '--raw', '--subdir', 'DAGS_FOLDER/etl_pipeline.py', '--cfg-path', '/tmp/tmpg_z7w84g']
[2024-10-02T19:24:12.060+0000] {standard_task_runner.py:91} INFO - Job 2110: Subtask carregar
[2024-10-02T19:24:12.158+0000] {task_command.py:426} INFO - Running <TaskInstance: etl_covid_europa_pipeline.carregar scheduled__2023-11-04T00:00:00+00:00 [running]> on host 99de7dfc3871
[2024-10-02T19:24:12.296+0000] {taskinstance.py:2648} INFO - Exporting env vars: AIRFLOW_CTX_DAG_OWNER='***' AIRFLOW_CTX_DAG_ID='etl_covid_europa_pipeline' AIRFLOW_CTX_TASK_ID='carregar' AIRFLOW_CTX_EXECUTION_DATE='2023-11-04T00:00:00+00:00' AIRFLOW_CTX_TRY_NUMBER='1' AIRFLOW_CTX_DAG_RUN_ID='scheduled__2023-11-04T00:00:00+00:00'
[2024-10-02T19:24:12.300+0000] {taskinstance.py:430} INFO - ::endgroup::
[2024-10-02T19:24:12.473+0000] {python.py:237} INFO - Done. Returned value was: None
[2024-10-02T19:24:12.474+0000] {taskinstance.py:441} INFO - ::group::Post task execution logs
[2024-10-02T19:24:12.485+0000] {taskinstance.py:1206} INFO - Marking task as SUCCESS. dag_id=etl_covid_europa_pipeline, task_id=carregar, run_id=scheduled__2023-11-04T00:00:00+00:00, execution_date=20231104T000000, start_date=20241002T192411, end_date=20241002T192412
[2024-10-02T19:24:12.518+0000] {local_task_job_runner.py:240} INFO - Task exited with return code 0
[2024-10-02T19:24:12.528+0000] {local_task_job_runner.py:222} INFO - ::endgroup::
