[2024-10-02T17:30:10.046+0000] {local_task_job_runner.py:120} INFO - ::group::Pre task execution logs
[2024-10-02T17:30:10.070+0000] {taskinstance.py:2076} INFO - Dependencies all met for dep_context=non-requeueable deps ti=<TaskInstance: etl_covid_europa_pipeline.extrair scheduled__2024-06-25T00:00:00+00:00 [queued]>
[2024-10-02T17:30:10.077+0000] {taskinstance.py:2076} INFO - Dependencies all met for dep_context=requeueable deps ti=<TaskInstance: etl_covid_europa_pipeline.extrair scheduled__2024-06-25T00:00:00+00:00 [queued]>
[2024-10-02T17:30:10.077+0000] {taskinstance.py:2306} INFO - Starting attempt 1 of 1
[2024-10-02T17:30:10.318+0000] {taskinstance.py:2330} INFO - Executing <Task(PythonOperator): extrair> on 2024-06-25 00:00:00+00:00
[2024-10-02T17:30:10.324+0000] {warnings.py:112} WARNING - /home/***/.local/lib/python3.12/site-packages/***/task/task_runner/standard_task_runner.py:61: DeprecationWarning: This process (pid=2616) is multi-threaded, use of fork() may lead to deadlocks in the child.
  pid = os.fork()

[2024-10-02T17:30:10.326+0000] {standard_task_runner.py:63} INFO - Started process 2632 to run task
[2024-10-02T17:30:10.326+0000] {standard_task_runner.py:90} INFO - Running: ['***', 'tasks', 'run', 'etl_covid_europa_pipeline', 'extrair', 'scheduled__2024-06-25T00:00:00+00:00', '--job-id', '469', '--raw', '--subdir', 'DAGS_FOLDER/etl_pipeline.py', '--cfg-path', '/tmp/tmpprxbq_3x']
[2024-10-02T17:30:10.329+0000] {standard_task_runner.py:91} INFO - Job 469: Subtask extrair
[2024-10-02T17:30:10.382+0000] {task_command.py:426} INFO - Running <TaskInstance: etl_covid_europa_pipeline.extrair scheduled__2024-06-25T00:00:00+00:00 [running]> on host 99de7dfc3871
[2024-10-02T17:30:10.471+0000] {taskinstance.py:2648} INFO - Exporting env vars: AIRFLOW_CTX_DAG_OWNER='***' AIRFLOW_CTX_DAG_ID='etl_covid_europa_pipeline' AIRFLOW_CTX_TASK_ID='extrair' AIRFLOW_CTX_EXECUTION_DATE='2024-06-25T00:00:00+00:00' AIRFLOW_CTX_TRY_NUMBER='1' AIRFLOW_CTX_DAG_RUN_ID='scheduled__2024-06-25T00:00:00+00:00'
[2024-10-02T17:30:10.472+0000] {taskinstance.py:430} INFO - ::endgroup::
[2024-10-02T17:30:16.995+0000] {python.py:237} INFO - Done. Returned value was: None
[2024-10-02T17:30:16.996+0000] {taskinstance.py:441} INFO - ::group::Post task execution logs
[2024-10-02T17:30:17.006+0000] {taskinstance.py:1206} INFO - Marking task as SUCCESS. dag_id=etl_covid_europa_pipeline, task_id=extrair, run_id=scheduled__2024-06-25T00:00:00+00:00, execution_date=20240625T000000, start_date=20241002T173010, end_date=20241002T173017
[2024-10-02T17:30:17.071+0000] {local_task_job_runner.py:240} INFO - Task exited with return code 0
[2024-10-02T17:30:17.101+0000] {taskinstance.py:3503} INFO - 1 downstream tasks scheduled from follow-on schedule check
[2024-10-02T17:30:17.104+0000] {local_task_job_runner.py:222} INFO - ::endgroup::
[2024-10-02T18:54:03.113+0000] {local_task_job_runner.py:120} INFO - ::group::Pre task execution logs
[2024-10-02T18:54:03.139+0000] {taskinstance.py:2076} INFO - Dependencies all met for dep_context=non-requeueable deps ti=<TaskInstance: etl_covid_europa_pipeline.extrair scheduled__2024-06-25T00:00:00+00:00 [queued]>
[2024-10-02T18:54:03.147+0000] {taskinstance.py:2076} INFO - Dependencies all met for dep_context=requeueable deps ti=<TaskInstance: etl_covid_europa_pipeline.extrair scheduled__2024-06-25T00:00:00+00:00 [queued]>
[2024-10-02T18:54:03.147+0000] {taskinstance.py:2306} INFO - Starting attempt 1 of 1
[2024-10-02T18:54:03.232+0000] {taskinstance.py:2330} INFO - Executing <Task(PythonOperator): extrair> on 2024-06-25 00:00:00+00:00
[2024-10-02T18:54:03.239+0000] {warnings.py:112} WARNING - /home/***/.local/lib/python3.12/site-packages/***/task/task_runner/standard_task_runner.py:61: DeprecationWarning: This process (pid=4318) is multi-threaded, use of fork() may lead to deadlocks in the child.
  pid = os.fork()

[2024-10-02T18:54:03.242+0000] {standard_task_runner.py:63} INFO - Started process 4332 to run task
[2024-10-02T18:54:03.240+0000] {standard_task_runner.py:90} INFO - Running: ['***', 'tasks', 'run', 'etl_covid_europa_pipeline', 'extrair', 'scheduled__2024-06-25T00:00:00+00:00', '--job-id', '673', '--raw', '--subdir', 'DAGS_FOLDER/etl_pipeline.py', '--cfg-path', '/tmp/tmpayaf03hd']
[2024-10-02T18:54:03.243+0000] {standard_task_runner.py:91} INFO - Job 673: Subtask extrair
[2024-10-02T18:54:03.576+0000] {task_command.py:426} INFO - Running <TaskInstance: etl_covid_europa_pipeline.extrair scheduled__2024-06-25T00:00:00+00:00 [running]> on host 99de7dfc3871
[2024-10-02T18:54:03.669+0000] {taskinstance.py:2648} INFO - Exporting env vars: AIRFLOW_CTX_DAG_OWNER='***' AIRFLOW_CTX_DAG_ID='etl_covid_europa_pipeline' AIRFLOW_CTX_TASK_ID='extrair' AIRFLOW_CTX_EXECUTION_DATE='2024-06-25T00:00:00+00:00' AIRFLOW_CTX_TRY_NUMBER='1' AIRFLOW_CTX_DAG_RUN_ID='scheduled__2024-06-25T00:00:00+00:00'
[2024-10-02T18:54:03.670+0000] {taskinstance.py:430} INFO - ::endgroup::
[2024-10-02T18:54:10.295+0000] {python.py:237} INFO - Done. Returned value was: None
[2024-10-02T18:54:10.296+0000] {taskinstance.py:441} INFO - ::group::Post task execution logs
[2024-10-02T18:54:10.304+0000] {taskinstance.py:1206} INFO - Marking task as SUCCESS. dag_id=etl_covid_europa_pipeline, task_id=extrair, run_id=scheduled__2024-06-25T00:00:00+00:00, execution_date=20240625T000000, start_date=20241002T185403, end_date=20241002T185410
[2024-10-02T18:54:10.351+0000] {local_task_job_runner.py:240} INFO - Task exited with return code 0
[2024-10-02T18:54:10.375+0000] {taskinstance.py:3503} INFO - 1 downstream tasks scheduled from follow-on schedule check
[2024-10-02T18:54:10.377+0000] {local_task_job_runner.py:222} INFO - ::endgroup::
[2024-10-02T19:02:41.971+0000] {local_task_job_runner.py:120} INFO - ::group::Pre task execution logs
[2024-10-02T19:02:41.995+0000] {taskinstance.py:2076} INFO - Dependencies all met for dep_context=non-requeueable deps ti=<TaskInstance: etl_covid_europa_pipeline.extrair scheduled__2024-06-25T00:00:00+00:00 [queued]>
[2024-10-02T19:02:42.170+0000] {taskinstance.py:2076} INFO - Dependencies all met for dep_context=requeueable deps ti=<TaskInstance: etl_covid_europa_pipeline.extrair scheduled__2024-06-25T00:00:00+00:00 [queued]>
[2024-10-02T19:02:42.171+0000] {taskinstance.py:2306} INFO - Starting attempt 1 of 1
[2024-10-02T19:02:42.191+0000] {taskinstance.py:2330} INFO - Executing <Task(PythonOperator): extrair> on 2024-06-25 00:00:00+00:00
[2024-10-02T19:02:42.196+0000] {warnings.py:112} WARNING - /home/***/.local/lib/python3.12/site-packages/***/task/task_runner/standard_task_runner.py:61: DeprecationWarning: This process (pid=7509) is multi-threaded, use of fork() may lead to deadlocks in the child.
  pid = os.fork()

[2024-10-02T19:02:42.198+0000] {standard_task_runner.py:63} INFO - Started process 7525 to run task
[2024-10-02T19:02:42.198+0000] {standard_task_runner.py:90} INFO - Running: ['***', 'tasks', 'run', 'etl_covid_europa_pipeline', 'extrair', 'scheduled__2024-06-25T00:00:00+00:00', '--job-id', '1700', '--raw', '--subdir', 'DAGS_FOLDER/etl_pipeline.py', '--cfg-path', '/tmp/tmpvbabulhg']
[2024-10-02T19:02:42.201+0000] {standard_task_runner.py:91} INFO - Job 1700: Subtask extrair
[2024-10-02T19:02:42.245+0000] {task_command.py:426} INFO - Running <TaskInstance: etl_covid_europa_pipeline.extrair scheduled__2024-06-25T00:00:00+00:00 [running]> on host 99de7dfc3871
[2024-10-02T19:02:42.328+0000] {taskinstance.py:2648} INFO - Exporting env vars: AIRFLOW_CTX_DAG_OWNER='***' AIRFLOW_CTX_DAG_ID='etl_covid_europa_pipeline' AIRFLOW_CTX_TASK_ID='extrair' AIRFLOW_CTX_EXECUTION_DATE='2024-06-25T00:00:00+00:00' AIRFLOW_CTX_TRY_NUMBER='1' AIRFLOW_CTX_DAG_RUN_ID='scheduled__2024-06-25T00:00:00+00:00'
[2024-10-02T19:02:42.332+0000] {taskinstance.py:430} INFO - ::endgroup::
[2024-10-02T19:02:47.677+0000] {python.py:237} INFO - Done. Returned value was: None
[2024-10-02T19:02:47.678+0000] {taskinstance.py:441} INFO - ::group::Post task execution logs
[2024-10-02T19:02:47.687+0000] {taskinstance.py:1206} INFO - Marking task as SUCCESS. dag_id=etl_covid_europa_pipeline, task_id=extrair, run_id=scheduled__2024-06-25T00:00:00+00:00, execution_date=20240625T000000, start_date=20241002T190241, end_date=20241002T190247
[2024-10-02T19:02:47.738+0000] {local_task_job_runner.py:240} INFO - Task exited with return code 0
[2024-10-02T19:02:47.746+0000] {local_task_job_runner.py:222} INFO - ::endgroup::
