[2024-10-02T17:30:27.094+0000] {local_task_job_runner.py:120} INFO - ::group::Pre task execution logs
[2024-10-02T17:30:27.121+0000] {taskinstance.py:2076} INFO - Dependencies all met for dep_context=non-requeueable deps ti=<TaskInstance: etl_covid_europa_pipeline.extrair scheduled__2024-07-08T00:00:00+00:00 [queued]>
[2024-10-02T17:30:27.130+0000] {taskinstance.py:2076} INFO - Dependencies all met for dep_context=requeueable deps ti=<TaskInstance: etl_covid_europa_pipeline.extrair scheduled__2024-07-08T00:00:00+00:00 [queued]>
[2024-10-02T17:30:27.131+0000] {taskinstance.py:2306} INFO - Starting attempt 1 of 1
[2024-10-02T17:30:27.328+0000] {taskinstance.py:2330} INFO - Executing <Task(PythonOperator): extrair> on 2024-07-08 00:00:00+00:00
[2024-10-02T17:30:27.335+0000] {warnings.py:112} WARNING - /home/***/.local/lib/python3.12/site-packages/***/task/task_runner/standard_task_runner.py:61: DeprecationWarning: This process (pid=2691) is multi-threaded, use of fork() may lead to deadlocks in the child.
  pid = os.fork()

[2024-10-02T17:30:27.336+0000] {standard_task_runner.py:63} INFO - Started process 2708 to run task
[2024-10-02T17:30:27.336+0000] {standard_task_runner.py:90} INFO - Running: ['***', 'tasks', 'run', 'etl_covid_europa_pipeline', 'extrair', 'scheduled__2024-07-08T00:00:00+00:00', '--job-id', '494', '--raw', '--subdir', 'DAGS_FOLDER/etl_pipeline.py', '--cfg-path', '/tmp/tmpv6ejxvei']
[2024-10-02T17:30:27.339+0000] {standard_task_runner.py:91} INFO - Job 494: Subtask extrair
[2024-10-02T17:30:27.389+0000] {task_command.py:426} INFO - Running <TaskInstance: etl_covid_europa_pipeline.extrair scheduled__2024-07-08T00:00:00+00:00 [running]> on host 99de7dfc3871
[2024-10-02T17:30:27.470+0000] {taskinstance.py:2648} INFO - Exporting env vars: AIRFLOW_CTX_DAG_OWNER='***' AIRFLOW_CTX_DAG_ID='etl_covid_europa_pipeline' AIRFLOW_CTX_TASK_ID='extrair' AIRFLOW_CTX_EXECUTION_DATE='2024-07-08T00:00:00+00:00' AIRFLOW_CTX_TRY_NUMBER='1' AIRFLOW_CTX_DAG_RUN_ID='scheduled__2024-07-08T00:00:00+00:00'
[2024-10-02T17:30:27.472+0000] {taskinstance.py:430} INFO - ::endgroup::
[2024-10-02T17:30:33.130+0000] {python.py:237} INFO - Done. Returned value was: None
[2024-10-02T17:30:33.132+0000] {taskinstance.py:441} INFO - ::group::Post task execution logs
[2024-10-02T17:30:33.144+0000] {taskinstance.py:1206} INFO - Marking task as SUCCESS. dag_id=etl_covid_europa_pipeline, task_id=extrair, run_id=scheduled__2024-07-08T00:00:00+00:00, execution_date=20240708T000000, start_date=20241002T173027, end_date=20241002T173033
[2024-10-02T17:30:33.198+0000] {local_task_job_runner.py:240} INFO - Task exited with return code 0
[2024-10-02T17:30:33.230+0000] {taskinstance.py:3503} INFO - 1 downstream tasks scheduled from follow-on schedule check
[2024-10-02T17:30:33.233+0000] {local_task_job_runner.py:222} INFO - ::endgroup::
[2024-10-02T18:54:05.429+0000] {local_task_job_runner.py:120} INFO - ::group::Pre task execution logs
[2024-10-02T18:54:05.451+0000] {taskinstance.py:2076} INFO - Dependencies all met for dep_context=non-requeueable deps ti=<TaskInstance: etl_covid_europa_pipeline.extrair scheduled__2024-07-08T00:00:00+00:00 [queued]>
[2024-10-02T18:54:05.459+0000] {taskinstance.py:2076} INFO - Dependencies all met for dep_context=requeueable deps ti=<TaskInstance: etl_covid_europa_pipeline.extrair scheduled__2024-07-08T00:00:00+00:00 [queued]>
[2024-10-02T18:54:05.459+0000] {taskinstance.py:2306} INFO - Starting attempt 1 of 1
[2024-10-02T18:54:05.614+0000] {taskinstance.py:2330} INFO - Executing <Task(PythonOperator): extrair> on 2024-07-08 00:00:00+00:00
[2024-10-02T18:54:05.619+0000] {warnings.py:112} WARNING - /home/***/.local/lib/python3.12/site-packages/***/task/task_runner/standard_task_runner.py:61: DeprecationWarning: This process (pid=4356) is multi-threaded, use of fork() may lead to deadlocks in the child.
  pid = os.fork()

[2024-10-02T18:54:05.621+0000] {standard_task_runner.py:63} INFO - Started process 4362 to run task
[2024-10-02T18:54:05.621+0000] {standard_task_runner.py:90} INFO - Running: ['***', 'tasks', 'run', 'etl_covid_europa_pipeline', 'extrair', 'scheduled__2024-07-08T00:00:00+00:00', '--job-id', '686', '--raw', '--subdir', 'DAGS_FOLDER/etl_pipeline.py', '--cfg-path', '/tmp/tmp4ko_2nr6']
[2024-10-02T18:54:05.622+0000] {standard_task_runner.py:91} INFO - Job 686: Subtask extrair
[2024-10-02T18:54:05.661+0000] {task_command.py:426} INFO - Running <TaskInstance: etl_covid_europa_pipeline.extrair scheduled__2024-07-08T00:00:00+00:00 [running]> on host 99de7dfc3871
[2024-10-02T18:54:05.735+0000] {taskinstance.py:2648} INFO - Exporting env vars: AIRFLOW_CTX_DAG_OWNER='***' AIRFLOW_CTX_DAG_ID='etl_covid_europa_pipeline' AIRFLOW_CTX_TASK_ID='extrair' AIRFLOW_CTX_EXECUTION_DATE='2024-07-08T00:00:00+00:00' AIRFLOW_CTX_TRY_NUMBER='1' AIRFLOW_CTX_DAG_RUN_ID='scheduled__2024-07-08T00:00:00+00:00'
[2024-10-02T18:54:05.737+0000] {taskinstance.py:430} INFO - ::endgroup::
[2024-10-02T18:54:12.685+0000] {python.py:237} INFO - Done. Returned value was: None
[2024-10-02T18:54:12.690+0000] {taskinstance.py:441} INFO - ::group::Post task execution logs
[2024-10-02T18:54:12.711+0000] {taskinstance.py:1206} INFO - Marking task as SUCCESS. dag_id=etl_covid_europa_pipeline, task_id=extrair, run_id=scheduled__2024-07-08T00:00:00+00:00, execution_date=20240708T000000, start_date=20241002T185405, end_date=20241002T185412
[2024-10-02T18:54:12.777+0000] {local_task_job_runner.py:240} INFO - Task exited with return code 0
[2024-10-02T18:54:12.820+0000] {taskinstance.py:3503} INFO - 1 downstream tasks scheduled from follow-on schedule check
[2024-10-02T18:54:12.829+0000] {local_task_job_runner.py:222} INFO - ::endgroup::
[2024-10-02T19:03:07.075+0000] {local_task_job_runner.py:120} INFO - ::group::Pre task execution logs
[2024-10-02T19:03:07.103+0000] {taskinstance.py:2076} INFO - Dependencies all met for dep_context=non-requeueable deps ti=<TaskInstance: etl_covid_europa_pipeline.extrair scheduled__2024-07-08T00:00:00+00:00 [queued]>
[2024-10-02T19:03:07.309+0000] {taskinstance.py:2076} INFO - Dependencies all met for dep_context=requeueable deps ti=<TaskInstance: etl_covid_europa_pipeline.extrair scheduled__2024-07-08T00:00:00+00:00 [queued]>
[2024-10-02T19:03:07.310+0000] {taskinstance.py:2306} INFO - Starting attempt 1 of 1
[2024-10-02T19:03:07.454+0000] {taskinstance.py:2330} INFO - Executing <Task(PythonOperator): extrair> on 2024-07-08 00:00:00+00:00
[2024-10-02T19:03:07.461+0000] {warnings.py:112} WARNING - /home/***/.local/lib/python3.12/site-packages/***/task/task_runner/standard_task_runner.py:61: DeprecationWarning: This process (pid=7645) is multi-threaded, use of fork() may lead to deadlocks in the child.
  pid = os.fork()

[2024-10-02T19:03:07.462+0000] {standard_task_runner.py:63} INFO - Started process 7663 to run task
[2024-10-02T19:03:07.462+0000] {standard_task_runner.py:90} INFO - Running: ['***', 'tasks', 'run', 'etl_covid_europa_pipeline', 'extrair', 'scheduled__2024-07-08T00:00:00+00:00', '--job-id', '1743', '--raw', '--subdir', 'DAGS_FOLDER/etl_pipeline.py', '--cfg-path', '/tmp/tmpabprv8dp']
[2024-10-02T19:03:07.464+0000] {standard_task_runner.py:91} INFO - Job 1743: Subtask extrair
[2024-10-02T19:03:07.521+0000] {task_command.py:426} INFO - Running <TaskInstance: etl_covid_europa_pipeline.extrair scheduled__2024-07-08T00:00:00+00:00 [running]> on host 99de7dfc3871
[2024-10-02T19:03:07.653+0000] {taskinstance.py:2648} INFO - Exporting env vars: AIRFLOW_CTX_DAG_OWNER='***' AIRFLOW_CTX_DAG_ID='etl_covid_europa_pipeline' AIRFLOW_CTX_TASK_ID='extrair' AIRFLOW_CTX_EXECUTION_DATE='2024-07-08T00:00:00+00:00' AIRFLOW_CTX_TRY_NUMBER='1' AIRFLOW_CTX_DAG_RUN_ID='scheduled__2024-07-08T00:00:00+00:00'
[2024-10-02T19:03:07.657+0000] {taskinstance.py:430} INFO - ::endgroup::
[2024-10-02T19:03:12.883+0000] {python.py:237} INFO - Done. Returned value was: None
[2024-10-02T19:03:12.884+0000] {taskinstance.py:441} INFO - ::group::Post task execution logs
[2024-10-02T19:03:12.895+0000] {taskinstance.py:1206} INFO - Marking task as SUCCESS. dag_id=etl_covid_europa_pipeline, task_id=extrair, run_id=scheduled__2024-07-08T00:00:00+00:00, execution_date=20240708T000000, start_date=20241002T190307, end_date=20241002T190312
[2024-10-02T19:03:12.949+0000] {local_task_job_runner.py:240} INFO - Task exited with return code 0
[2024-10-02T19:03:12.976+0000] {taskinstance.py:3503} INFO - 1 downstream tasks scheduled from follow-on schedule check
[2024-10-02T19:03:12.979+0000] {local_task_job_runner.py:222} INFO - ::endgroup::
