[2024-10-02T18:57:38.711+0000] {local_task_job_runner.py:120} INFO - ::group::Pre task execution logs
[2024-10-02T18:57:38.734+0000] {taskinstance.py:2076} INFO - Dependencies all met for dep_context=non-requeueable deps ti=<TaskInstance: etl_covid_europa_pipeline.carregar scheduled__2023-10-31T00:00:00+00:00 [queued]>
[2024-10-02T18:57:38.966+0000] {taskinstance.py:2076} INFO - Dependencies all met for dep_context=requeueable deps ti=<TaskInstance: etl_covid_europa_pipeline.carregar scheduled__2023-10-31T00:00:00+00:00 [queued]>
[2024-10-02T18:57:38.966+0000] {taskinstance.py:2306} INFO - Starting attempt 1 of 1
[2024-10-02T18:57:38.982+0000] {taskinstance.py:2330} INFO - Executing <Task(PythonOperator): carregar> on 2023-10-31 00:00:00+00:00
[2024-10-02T18:57:38.990+0000] {warnings.py:112} WARNING - /home/***/.local/lib/python3.12/site-packages/***/task/task_runner/standard_task_runner.py:61: DeprecationWarning: This process (pid=5521) is multi-threaded, use of fork() may lead to deadlocks in the child.
  pid = os.fork()

[2024-10-02T18:57:38.991+0000] {standard_task_runner.py:63} INFO - Started process 5532 to run task
[2024-10-02T18:57:38.992+0000] {standard_task_runner.py:90} INFO - Running: ['***', 'tasks', 'run', 'etl_covid_europa_pipeline', 'carregar', 'scheduled__2023-10-31T00:00:00+00:00', '--job-id', '1058', '--raw', '--subdir', 'DAGS_FOLDER/etl_pipeline.py', '--cfg-path', '/tmp/tmp0pucrb_1']
[2024-10-02T18:57:38.994+0000] {standard_task_runner.py:91} INFO - Job 1058: Subtask carregar
[2024-10-02T18:57:39.056+0000] {task_command.py:426} INFO - Running <TaskInstance: etl_covid_europa_pipeline.carregar scheduled__2023-10-31T00:00:00+00:00 [running]> on host 99de7dfc3871
[2024-10-02T18:57:39.142+0000] {taskinstance.py:2648} INFO - Exporting env vars: AIRFLOW_CTX_DAG_OWNER='***' AIRFLOW_CTX_DAG_ID='etl_covid_europa_pipeline' AIRFLOW_CTX_TASK_ID='carregar' AIRFLOW_CTX_EXECUTION_DATE='2023-10-31T00:00:00+00:00' AIRFLOW_CTX_TRY_NUMBER='1' AIRFLOW_CTX_DAG_RUN_ID='scheduled__2023-10-31T00:00:00+00:00'
[2024-10-02T18:57:39.145+0000] {taskinstance.py:430} INFO - ::endgroup::
[2024-10-02T18:57:39.214+0000] {python.py:237} INFO - Done. Returned value was: None
[2024-10-02T18:57:39.216+0000] {taskinstance.py:441} INFO - ::group::Post task execution logs
[2024-10-02T18:57:39.227+0000] {taskinstance.py:1206} INFO - Marking task as SUCCESS. dag_id=etl_covid_europa_pipeline, task_id=carregar, run_id=scheduled__2023-10-31T00:00:00+00:00, execution_date=20231031T000000, start_date=20241002T185738, end_date=20241002T185739
[2024-10-02T18:57:39.285+0000] {local_task_job_runner.py:240} INFO - Task exited with return code 0
[2024-10-02T18:57:39.302+0000] {taskinstance.py:3503} INFO - 0 downstream tasks scheduled from follow-on schedule check
[2024-10-02T18:57:39.304+0000] {local_task_job_runner.py:222} INFO - ::endgroup::
[2024-10-02T19:23:56.007+0000] {local_task_job_runner.py:120} INFO - ::group::Pre task execution logs
[2024-10-02T19:23:56.184+0000] {taskinstance.py:2076} INFO - Dependencies all met for dep_context=non-requeueable deps ti=<TaskInstance: etl_covid_europa_pipeline.carregar scheduled__2023-10-31T00:00:00+00:00 [queued]>
[2024-10-02T19:23:56.191+0000] {taskinstance.py:2076} INFO - Dependencies all met for dep_context=requeueable deps ti=<TaskInstance: etl_covid_europa_pipeline.carregar scheduled__2023-10-31T00:00:00+00:00 [queued]>
[2024-10-02T19:23:56.192+0000] {taskinstance.py:2306} INFO - Starting attempt 1 of 1
[2024-10-02T19:23:56.202+0000] {taskinstance.py:2330} INFO - Executing <Task(PythonOperator): carregar> on 2023-10-31 00:00:00+00:00
[2024-10-02T19:23:56.208+0000] {warnings.py:112} WARNING - /home/***/.local/lib/python3.12/site-packages/***/task/task_runner/standard_task_runner.py:61: DeprecationWarning: This process (pid=8899) is multi-threaded, use of fork() may lead to deadlocks in the child.
  pid = os.fork()

[2024-10-02T19:23:56.210+0000] {standard_task_runner.py:63} INFO - Started process 8905 to run task
[2024-10-02T19:23:56.210+0000] {standard_task_runner.py:90} INFO - Running: ['***', 'tasks', 'run', 'etl_covid_europa_pipeline', 'carregar', 'scheduled__2023-10-31T00:00:00+00:00', '--job-id', '2072', '--raw', '--subdir', 'DAGS_FOLDER/etl_pipeline.py', '--cfg-path', '/tmp/tmpasvxqt5b']
[2024-10-02T19:23:56.212+0000] {standard_task_runner.py:91} INFO - Job 2072: Subtask carregar
[2024-10-02T19:23:56.249+0000] {task_command.py:426} INFO - Running <TaskInstance: etl_covid_europa_pipeline.carregar scheduled__2023-10-31T00:00:00+00:00 [running]> on host 99de7dfc3871
[2024-10-02T19:23:56.325+0000] {taskinstance.py:2648} INFO - Exporting env vars: AIRFLOW_CTX_DAG_OWNER='***' AIRFLOW_CTX_DAG_ID='etl_covid_europa_pipeline' AIRFLOW_CTX_TASK_ID='carregar' AIRFLOW_CTX_EXECUTION_DATE='2023-10-31T00:00:00+00:00' AIRFLOW_CTX_TRY_NUMBER='1' AIRFLOW_CTX_DAG_RUN_ID='scheduled__2023-10-31T00:00:00+00:00'
[2024-10-02T19:23:56.326+0000] {taskinstance.py:430} INFO - ::endgroup::
[2024-10-02T19:23:56.377+0000] {python.py:237} INFO - Done. Returned value was: None
[2024-10-02T19:23:56.378+0000] {taskinstance.py:441} INFO - ::group::Post task execution logs
[2024-10-02T19:23:56.385+0000] {taskinstance.py:1206} INFO - Marking task as SUCCESS. dag_id=etl_covid_europa_pipeline, task_id=carregar, run_id=scheduled__2023-10-31T00:00:00+00:00, execution_date=20231031T000000, start_date=20241002T192356, end_date=20241002T192356
[2024-10-02T19:23:56.424+0000] {local_task_job_runner.py:240} INFO - Task exited with return code 0
[2024-10-02T19:23:56.436+0000] {taskinstance.py:3503} INFO - 0 downstream tasks scheduled from follow-on schedule check
[2024-10-02T19:23:56.439+0000] {local_task_job_runner.py:222} INFO - ::endgroup::
