[2024-10-02T17:31:10.978+0000] {local_task_job_runner.py:120} INFO - ::group::Pre task execution logs
[2024-10-02T17:31:11.002+0000] {taskinstance.py:2076} INFO - Dependencies all met for dep_context=non-requeueable deps ti=<TaskInstance: etl_covid_europa_pipeline.transformar scheduled__2024-08-14T00:00:00+00:00 [queued]>
[2024-10-02T17:31:11.008+0000] {taskinstance.py:2076} INFO - Dependencies all met for dep_context=requeueable deps ti=<TaskInstance: etl_covid_europa_pipeline.transformar scheduled__2024-08-14T00:00:00+00:00 [queued]>
[2024-10-02T17:31:11.009+0000] {taskinstance.py:2306} INFO - Starting attempt 1 of 1
[2024-10-02T17:31:11.023+0000] {taskinstance.py:2330} INFO - Executing <Task(PythonOperator): transformar> on 2024-08-14 00:00:00+00:00
[2024-10-02T17:31:11.028+0000] {warnings.py:112} WARNING - /home/***/.local/lib/python3.12/site-packages/***/task/task_runner/standard_task_runner.py:61: DeprecationWarning: This process (pid=2943) is multi-threaded, use of fork() may lead to deadlocks in the child.
  pid = os.fork()

[2024-10-02T17:31:11.030+0000] {standard_task_runner.py:63} INFO - Started process 2945 to run task
[2024-10-02T17:31:11.030+0000] {standard_task_runner.py:90} INFO - Running: ['***', 'tasks', 'run', 'etl_covid_europa_pipeline', 'transformar', 'scheduled__2024-08-14T00:00:00+00:00', '--job-id', '571', '--raw', '--subdir', 'DAGS_FOLDER/etl_pipeline.py', '--cfg-path', '/tmp/tmp30j8gc2k']
[2024-10-02T17:31:11.032+0000] {standard_task_runner.py:91} INFO - Job 571: Subtask transformar
[2024-10-02T17:31:11.245+0000] {task_command.py:426} INFO - Running <TaskInstance: etl_covid_europa_pipeline.transformar scheduled__2024-08-14T00:00:00+00:00 [running]> on host 99de7dfc3871
[2024-10-02T17:31:11.309+0000] {taskinstance.py:2648} INFO - Exporting env vars: AIRFLOW_CTX_DAG_OWNER='***' AIRFLOW_CTX_DAG_ID='etl_covid_europa_pipeline' AIRFLOW_CTX_TASK_ID='transformar' AIRFLOW_CTX_EXECUTION_DATE='2024-08-14T00:00:00+00:00' AIRFLOW_CTX_TRY_NUMBER='1' AIRFLOW_CTX_DAG_RUN_ID='scheduled__2024-08-14T00:00:00+00:00'
[2024-10-02T17:31:11.310+0000] {taskinstance.py:430} INFO - ::endgroup::
[2024-10-02T17:31:11.326+0000] {taskinstance.py:441} INFO - ::group::Post task execution logs
[2024-10-02T17:31:11.327+0000] {taskinstance.py:2905} ERROR - Task failed with exception
Traceback (most recent call last):
  File "/home/airflow/.local/lib/python3.12/site-packages/airflow/models/taskinstance.py", line 465, in _execute_task
    result = _execute_callable(context=context, **execute_callable_kwargs)
             ^^^^^^^^^^^^^^^^^^^^^^^^^^^^^^^^^^^^^^^^^^^^^^^^^^^^^^^^^^^^^
  File "/home/airflow/.local/lib/python3.12/site-packages/airflow/models/taskinstance.py", line 432, in _execute_callable
    return execute_callable(context=context, **execute_callable_kwargs)
           ^^^^^^^^^^^^^^^^^^^^^^^^^^^^^^^^^^^^^^^^^^^^^^^^^^^^^^^^^^^^
  File "/home/airflow/.local/lib/python3.12/site-packages/airflow/models/baseoperator.py", line 401, in wrapper
    return func(self, *args, **kwargs)
           ^^^^^^^^^^^^^^^^^^^^^^^^^^^
  File "/home/airflow/.local/lib/python3.12/site-packages/airflow/operators/python.py", line 235, in execute
    return_value = self.execute_callable()
                   ^^^^^^^^^^^^^^^^^^^^^^^
  File "/home/airflow/.local/lib/python3.12/site-packages/airflow/operators/python.py", line 252, in execute_callable
    return self.python_callable(*self.op_args, **self.op_kwargs)
           ^^^^^^^^^^^^^^^^^^^^^^^^^^^^^^^^^^^^^^^^^^^^^^^^^^^^^
  File "/opt/airflow/dags/etl_pipeline.py", line 13, in transformar
    df = pd.read_csv('data/dados_covid_extraidos.csv')
         ^^^^^^^^^^^^^^^^^^^^^^^^^^^^^^^^^^^^^^^^^^^^^
  File "/home/airflow/.local/lib/python3.12/site-packages/pandas/io/parsers/readers.py", line 948, in read_csv
    return _read(filepath_or_buffer, kwds)
           ^^^^^^^^^^^^^^^^^^^^^^^^^^^^^^^
  File "/home/airflow/.local/lib/python3.12/site-packages/pandas/io/parsers/readers.py", line 617, in _read
    return parser.read(nrows)
           ^^^^^^^^^^^^^^^^^^
  File "/home/airflow/.local/lib/python3.12/site-packages/pandas/io/parsers/readers.py", line 1748, in read
    ) = self._engine.read(  # type: ignore[attr-defined]
        ^^^^^^^^^^^^^^^^^^^^^^^^^^^^^^^^^^^^^^^^^^^^^^^^
  File "/home/airflow/.local/lib/python3.12/site-packages/pandas/io/parsers/c_parser_wrapper.py", line 234, in read
    chunks = self._reader.read_low_memory(nrows)
             ^^^^^^^^^^^^^^^^^^^^^^^^^^^^^^^^^^^
  File "parsers.pyx", line 843, in pandas._libs.parsers.TextReader.read_low_memory
  File "parsers.pyx", line 904, in pandas._libs.parsers.TextReader._read_rows
  File "parsers.pyx", line 879, in pandas._libs.parsers.TextReader._tokenize_rows
  File "parsers.pyx", line 890, in pandas._libs.parsers.TextReader._check_tokenize_status
  File "parsers.pyx", line 2058, in pandas._libs.parsers.raise_parser_error
pandas.errors.ParserError: Error tokenizing data. C error: Expected 1 fields in line 7201, saw 2

[2024-10-02T17:31:11.337+0000] {taskinstance.py:1206} INFO - Marking task as FAILED. dag_id=etl_covid_europa_pipeline, task_id=transformar, run_id=scheduled__2024-08-14T00:00:00+00:00, execution_date=20240814T000000, start_date=20241002T173111, end_date=20241002T173111
[2024-10-02T17:31:11.346+0000] {standard_task_runner.py:110} ERROR - Failed to execute job 571 for task transformar (Error tokenizing data. C error: Expected 1 fields in line 7201, saw 2
; 2945)
[2024-10-02T17:31:11.364+0000] {local_task_job_runner.py:240} INFO - Task exited with return code 1
[2024-10-02T17:31:11.533+0000] {taskinstance.py:3503} INFO - 0 downstream tasks scheduled from follow-on schedule check
[2024-10-02T17:31:11.537+0000] {local_task_job_runner.py:222} INFO - ::endgroup::
[2024-10-02T18:55:11.507+0000] {local_task_job_runner.py:120} INFO - ::group::Pre task execution logs
[2024-10-02T18:55:11.549+0000] {taskinstance.py:2076} INFO - Dependencies all met for dep_context=non-requeueable deps ti=<TaskInstance: etl_covid_europa_pipeline.transformar scheduled__2024-08-14T00:00:00+00:00 [queued]>
[2024-10-02T18:55:11.898+0000] {taskinstance.py:2076} INFO - Dependencies all met for dep_context=requeueable deps ti=<TaskInstance: etl_covid_europa_pipeline.transformar scheduled__2024-08-14T00:00:00+00:00 [queued]>
[2024-10-02T18:55:11.899+0000] {taskinstance.py:2306} INFO - Starting attempt 1 of 1
[2024-10-02T18:55:11.922+0000] {taskinstance.py:2330} INFO - Executing <Task(PythonOperator): transformar> on 2024-08-14 00:00:00+00:00
[2024-10-02T18:55:11.935+0000] {warnings.py:112} WARNING - /home/***/.local/lib/python3.12/site-packages/***/task/task_runner/standard_task_runner.py:61: DeprecationWarning: This process (pid=4829) is multi-threaded, use of fork() may lead to deadlocks in the child.
  pid = os.fork()

[2024-10-02T18:55:11.937+0000] {standard_task_runner.py:90} INFO - Running: ['***', 'tasks', 'run', 'etl_covid_europa_pipeline', 'transformar', 'scheduled__2024-08-14T00:00:00+00:00', '--job-id', '837', '--raw', '--subdir', 'DAGS_FOLDER/etl_pipeline.py', '--cfg-path', '/tmp/tmpc4njv3nc']
[2024-10-02T18:55:11.939+0000] {standard_task_runner.py:63} INFO - Started process 4855 to run task
[2024-10-02T18:55:11.943+0000] {standard_task_runner.py:91} INFO - Job 837: Subtask transformar
[2024-10-02T18:55:12.028+0000] {task_command.py:426} INFO - Running <TaskInstance: etl_covid_europa_pipeline.transformar scheduled__2024-08-14T00:00:00+00:00 [running]> on host 99de7dfc3871
[2024-10-02T18:55:12.179+0000] {taskinstance.py:2648} INFO - Exporting env vars: AIRFLOW_CTX_DAG_OWNER='***' AIRFLOW_CTX_DAG_ID='etl_covid_europa_pipeline' AIRFLOW_CTX_TASK_ID='transformar' AIRFLOW_CTX_EXECUTION_DATE='2024-08-14T00:00:00+00:00' AIRFLOW_CTX_TRY_NUMBER='1' AIRFLOW_CTX_DAG_RUN_ID='scheduled__2024-08-14T00:00:00+00:00'
[2024-10-02T18:55:12.185+0000] {taskinstance.py:430} INFO - ::endgroup::
[2024-10-02T18:55:12.488+0000] {python.py:237} INFO - Done. Returned value was: None
[2024-10-02T18:55:12.489+0000] {taskinstance.py:441} INFO - ::group::Post task execution logs
[2024-10-02T18:55:12.509+0000] {taskinstance.py:1206} INFO - Marking task as SUCCESS. dag_id=etl_covid_europa_pipeline, task_id=transformar, run_id=scheduled__2024-08-14T00:00:00+00:00, execution_date=20240814T000000, start_date=20241002T185511, end_date=20241002T185512
[2024-10-02T18:55:12.570+0000] {local_task_job_runner.py:240} INFO - Task exited with return code 0
[2024-10-02T18:55:12.592+0000] {taskinstance.py:3503} INFO - 1 downstream tasks scheduled from follow-on schedule check
[2024-10-02T18:55:12.596+0000] {local_task_job_runner.py:222} INFO - ::endgroup::
[2024-10-02T19:03:51.592+0000] {local_task_job_runner.py:120} INFO - ::group::Pre task execution logs
[2024-10-02T19:03:51.618+0000] {taskinstance.py:2076} INFO - Dependencies all met for dep_context=non-requeueable deps ti=<TaskInstance: etl_covid_europa_pipeline.transformar scheduled__2024-08-14T00:00:00+00:00 [queued]>
[2024-10-02T19:03:51.899+0000] {taskinstance.py:2076} INFO - Dependencies all met for dep_context=requeueable deps ti=<TaskInstance: etl_covid_europa_pipeline.transformar scheduled__2024-08-14T00:00:00+00:00 [queued]>
[2024-10-02T19:03:51.900+0000] {taskinstance.py:2306} INFO - Starting attempt 1 of 1
[2024-10-02T19:03:51.928+0000] {taskinstance.py:2330} INFO - Executing <Task(PythonOperator): transformar> on 2024-08-14 00:00:00+00:00
[2024-10-02T19:03:51.946+0000] {warnings.py:112} WARNING - /home/***/.local/lib/python3.12/site-packages/***/task/task_runner/standard_task_runner.py:61: DeprecationWarning: This process (pid=7995) is multi-threaded, use of fork() may lead to deadlocks in the child.
  pid = os.fork()

[2024-10-02T19:03:51.951+0000] {standard_task_runner.py:63} INFO - Started process 8019 to run task
[2024-10-02T19:03:51.953+0000] {standard_task_runner.py:90} INFO - Running: ['***', 'tasks', 'run', 'etl_covid_europa_pipeline', 'transformar', 'scheduled__2024-08-14T00:00:00+00:00', '--job-id', '1858', '--raw', '--subdir', 'DAGS_FOLDER/etl_pipeline.py', '--cfg-path', '/tmp/tmpk09ye619']
[2024-10-02T19:03:51.959+0000] {standard_task_runner.py:91} INFO - Job 1858: Subtask transformar
[2024-10-02T19:03:52.027+0000] {task_command.py:426} INFO - Running <TaskInstance: etl_covid_europa_pipeline.transformar scheduled__2024-08-14T00:00:00+00:00 [running]> on host 99de7dfc3871
[2024-10-02T19:03:52.196+0000] {taskinstance.py:2648} INFO - Exporting env vars: AIRFLOW_CTX_DAG_OWNER='***' AIRFLOW_CTX_DAG_ID='etl_covid_europa_pipeline' AIRFLOW_CTX_TASK_ID='transformar' AIRFLOW_CTX_EXECUTION_DATE='2024-08-14T00:00:00+00:00' AIRFLOW_CTX_TRY_NUMBER='1' AIRFLOW_CTX_DAG_RUN_ID='scheduled__2024-08-14T00:00:00+00:00'
[2024-10-02T19:03:52.200+0000] {taskinstance.py:430} INFO - ::endgroup::
[2024-10-02T19:03:52.470+0000] {python.py:237} INFO - Done. Returned value was: None
[2024-10-02T19:03:52.471+0000] {taskinstance.py:441} INFO - ::group::Post task execution logs
[2024-10-02T19:03:52.487+0000] {taskinstance.py:1206} INFO - Marking task as SUCCESS. dag_id=etl_covid_europa_pipeline, task_id=transformar, run_id=scheduled__2024-08-14T00:00:00+00:00, execution_date=20240814T000000, start_date=20241002T190351, end_date=20241002T190352
[2024-10-02T19:03:52.588+0000] {local_task_job_runner.py:240} INFO - Task exited with return code 0
[2024-10-02T19:03:52.623+0000] {taskinstance.py:3503} INFO - 1 downstream tasks scheduled from follow-on schedule check
[2024-10-02T19:03:52.635+0000] {local_task_job_runner.py:222} INFO - ::endgroup::
