[2024-10-02T17:26:13.853+0000] {local_task_job_runner.py:120} INFO - ::group::Pre task execution logs
[2024-10-02T17:26:13.879+0000] {taskinstance.py:2076} INFO - Dependencies all met for dep_context=non-requeueable deps ti=<TaskInstance: etl_covid_europa_pipeline.transformar scheduled__2023-11-21T00:00:00+00:00 [queued]>
[2024-10-02T17:26:13.888+0000] {taskinstance.py:2076} INFO - Dependencies all met for dep_context=requeueable deps ti=<TaskInstance: etl_covid_europa_pipeline.transformar scheduled__2023-11-21T00:00:00+00:00 [queued]>
[2024-10-02T17:26:13.889+0000] {taskinstance.py:2306} INFO - Starting attempt 1 of 1
[2024-10-02T17:26:14.087+0000] {taskinstance.py:2330} INFO - Executing <Task(PythonOperator): transformar> on 2023-11-21 00:00:00+00:00
[2024-10-02T17:26:14.095+0000] {warnings.py:112} WARNING - /home/***/.local/lib/python3.12/site-packages/***/task/task_runner/standard_task_runner.py:61: DeprecationWarning: This process (pid=1534) is multi-threaded, use of fork() may lead to deadlocks in the child.
  pid = os.fork()

[2024-10-02T17:26:14.096+0000] {standard_task_runner.py:63} INFO - Started process 1540 to run task
[2024-10-02T17:26:14.096+0000] {standard_task_runner.py:90} INFO - Running: ['***', 'tasks', 'run', 'etl_covid_europa_pipeline', 'transformar', 'scheduled__2023-11-21T00:00:00+00:00', '--job-id', '123', '--raw', '--subdir', 'DAGS_FOLDER/etl_pipeline.py', '--cfg-path', '/tmp/tmpurnf2hts']
[2024-10-02T17:26:14.099+0000] {standard_task_runner.py:91} INFO - Job 123: Subtask transformar
[2024-10-02T17:26:14.169+0000] {task_command.py:426} INFO - Running <TaskInstance: etl_covid_europa_pipeline.transformar scheduled__2023-11-21T00:00:00+00:00 [running]> on host 99de7dfc3871
[2024-10-02T17:26:14.279+0000] {taskinstance.py:2648} INFO - Exporting env vars: AIRFLOW_CTX_DAG_OWNER='***' AIRFLOW_CTX_DAG_ID='etl_covid_europa_pipeline' AIRFLOW_CTX_TASK_ID='transformar' AIRFLOW_CTX_EXECUTION_DATE='2023-11-21T00:00:00+00:00' AIRFLOW_CTX_TRY_NUMBER='1' AIRFLOW_CTX_DAG_RUN_ID='scheduled__2023-11-21T00:00:00+00:00'
[2024-10-02T17:26:14.281+0000] {taskinstance.py:430} INFO - ::endgroup::
[2024-10-02T17:26:14.402+0000] {taskinstance.py:441} INFO - ::group::Post task execution logs
[2024-10-02T17:26:14.403+0000] {taskinstance.py:2905} ERROR - Task failed with exception
Traceback (most recent call last):
  File "/home/airflow/.local/lib/python3.12/site-packages/airflow/models/taskinstance.py", line 465, in _execute_task
    result = _execute_callable(context=context, **execute_callable_kwargs)
             ^^^^^^^^^^^^^^^^^^^^^^^^^^^^^^^^^^^^^^^^^^^^^^^^^^^^^^^^^^^^^
  File "/home/airflow/.local/lib/python3.12/site-packages/airflow/models/taskinstance.py", line 432, in _execute_callable
    return execute_callable(context=context, **execute_callable_kwargs)
           ^^^^^^^^^^^^^^^^^^^^^^^^^^^^^^^^^^^^^^^^^^^^^^^^^^^^^^^^^^^^
  File "/home/airflow/.local/lib/python3.12/site-packages/airflow/models/baseoperator.py", line 401, in wrapper
    return func(self, *args, **kwargs)
           ^^^^^^^^^^^^^^^^^^^^^^^^^^^
  File "/home/airflow/.local/lib/python3.12/site-packages/airflow/operators/python.py", line 235, in execute
    return_value = self.execute_callable()
                   ^^^^^^^^^^^^^^^^^^^^^^^
  File "/home/airflow/.local/lib/python3.12/site-packages/airflow/operators/python.py", line 252, in execute_callable
    return self.python_callable(*self.op_args, **self.op_kwargs)
           ^^^^^^^^^^^^^^^^^^^^^^^^^^^^^^^^^^^^^^^^^^^^^^^^^^^^^
  File "/opt/airflow/dags/etl_pipeline.py", line 17, in transformar
    df_agrupada = df.groupby('ContinentExp')[['cases', 'deaths']].sum().reset_index()
                  ^^^^^^^^^^^^^^^^^^^^^^^^^^
  File "/home/airflow/.local/lib/python3.12/site-packages/pandas/core/frame.py", line 8869, in groupby
    return DataFrameGroupBy(
           ^^^^^^^^^^^^^^^^^
  File "/home/airflow/.local/lib/python3.12/site-packages/pandas/core/groupby/groupby.py", line 1278, in __init__
    grouper, exclusions, obj = get_grouper(
                               ^^^^^^^^^^^^
  File "/home/airflow/.local/lib/python3.12/site-packages/pandas/core/groupby/grouper.py", line 1009, in get_grouper
    raise KeyError(gpr)
KeyError: 'ContinentExp'
[2024-10-02T17:26:14.418+0000] {taskinstance.py:1206} INFO - Marking task as FAILED. dag_id=etl_covid_europa_pipeline, task_id=transformar, run_id=scheduled__2023-11-21T00:00:00+00:00, execution_date=20231121T000000, start_date=20241002T172613, end_date=20241002T172614
[2024-10-02T17:26:14.430+0000] {standard_task_runner.py:110} ERROR - Failed to execute job 123 for task transformar ('ContinentExp'; 1540)
[2024-10-02T17:26:14.471+0000] {local_task_job_runner.py:240} INFO - Task exited with return code 1
[2024-10-02T17:26:14.499+0000] {taskinstance.py:3503} INFO - 0 downstream tasks scheduled from follow-on schedule check
[2024-10-02T17:26:14.504+0000] {local_task_job_runner.py:222} INFO - ::endgroup::
[2024-10-02T18:58:18.928+0000] {local_task_job_runner.py:120} INFO - ::group::Pre task execution logs
[2024-10-02T18:58:18.981+0000] {taskinstance.py:2076} INFO - Dependencies all met for dep_context=non-requeueable deps ti=<TaskInstance: etl_covid_europa_pipeline.transformar scheduled__2023-11-21T00:00:00+00:00 [queued]>
[2024-10-02T18:58:19.328+0000] {taskinstance.py:2076} INFO - Dependencies all met for dep_context=requeueable deps ti=<TaskInstance: etl_covid_europa_pipeline.transformar scheduled__2023-11-21T00:00:00+00:00 [queued]>
[2024-10-02T18:58:19.329+0000] {taskinstance.py:2306} INFO - Starting attempt 1 of 1
[2024-10-02T18:58:19.366+0000] {taskinstance.py:2330} INFO - Executing <Task(PythonOperator): transformar> on 2023-11-21 00:00:00+00:00
[2024-10-02T18:58:19.378+0000] {warnings.py:112} WARNING - /home/***/.local/lib/python3.12/site-packages/***/task/task_runner/standard_task_runner.py:61: DeprecationWarning: This process (pid=5754) is multi-threaded, use of fork() may lead to deadlocks in the child.
  pid = os.fork()

[2024-10-02T18:58:19.382+0000] {standard_task_runner.py:63} INFO - Started process 5774 to run task
[2024-10-02T18:58:19.384+0000] {standard_task_runner.py:90} INFO - Running: ['***', 'tasks', 'run', 'etl_covid_europa_pipeline', 'transformar', 'scheduled__2023-11-21T00:00:00+00:00', '--job-id', '1133', '--raw', '--subdir', 'DAGS_FOLDER/etl_pipeline.py', '--cfg-path', '/tmp/tmpqggjacm1']
[2024-10-02T18:58:19.392+0000] {standard_task_runner.py:91} INFO - Job 1133: Subtask transformar
[2024-10-02T18:58:19.511+0000] {task_command.py:426} INFO - Running <TaskInstance: etl_covid_europa_pipeline.transformar scheduled__2023-11-21T00:00:00+00:00 [running]> on host 99de7dfc3871
[2024-10-02T18:58:19.712+0000] {taskinstance.py:2648} INFO - Exporting env vars: AIRFLOW_CTX_DAG_OWNER='***' AIRFLOW_CTX_DAG_ID='etl_covid_europa_pipeline' AIRFLOW_CTX_TASK_ID='transformar' AIRFLOW_CTX_EXECUTION_DATE='2023-11-21T00:00:00+00:00' AIRFLOW_CTX_TRY_NUMBER='1' AIRFLOW_CTX_DAG_RUN_ID='scheduled__2023-11-21T00:00:00+00:00'
[2024-10-02T18:58:19.731+0000] {taskinstance.py:430} INFO - ::endgroup::
[2024-10-02T18:58:20.071+0000] {python.py:237} INFO - Done. Returned value was: None
[2024-10-02T18:58:20.072+0000] {taskinstance.py:441} INFO - ::group::Post task execution logs
[2024-10-02T18:58:20.083+0000] {taskinstance.py:1206} INFO - Marking task as SUCCESS. dag_id=etl_covid_europa_pipeline, task_id=transformar, run_id=scheduled__2023-11-21T00:00:00+00:00, execution_date=20231121T000000, start_date=20241002T185818, end_date=20241002T185820
[2024-10-02T18:58:20.139+0000] {local_task_job_runner.py:240} INFO - Task exited with return code 0
[2024-10-02T18:58:20.169+0000] {taskinstance.py:3503} INFO - 1 downstream tasks scheduled from follow-on schedule check
[2024-10-02T18:58:20.173+0000] {local_task_job_runner.py:222} INFO - ::endgroup::
[2024-10-02T19:24:31.152+0000] {local_task_job_runner.py:120} INFO - ::group::Pre task execution logs
[2024-10-02T19:24:31.472+0000] {taskinstance.py:2076} INFO - Dependencies all met for dep_context=non-requeueable deps ti=<TaskInstance: etl_covid_europa_pipeline.transformar scheduled__2023-11-21T00:00:00+00:00 [queued]>
[2024-10-02T19:24:31.480+0000] {taskinstance.py:2076} INFO - Dependencies all met for dep_context=requeueable deps ti=<TaskInstance: etl_covid_europa_pipeline.transformar scheduled__2023-11-21T00:00:00+00:00 [queued]>
[2024-10-02T19:24:31.481+0000] {taskinstance.py:2306} INFO - Starting attempt 1 of 1
[2024-10-02T19:24:31.500+0000] {taskinstance.py:2330} INFO - Executing <Task(PythonOperator): transformar> on 2023-11-21 00:00:00+00:00
[2024-10-02T19:24:31.511+0000] {warnings.py:112} WARNING - /home/***/.local/lib/python3.12/site-packages/***/task/task_runner/standard_task_runner.py:61: DeprecationWarning: This process (pid=9122) is multi-threaded, use of fork() may lead to deadlocks in the child.
  pid = os.fork()

[2024-10-02T19:24:31.512+0000] {standard_task_runner.py:63} INFO - Started process 9145 to run task
[2024-10-02T19:24:31.513+0000] {standard_task_runner.py:90} INFO - Running: ['***', 'tasks', 'run', 'etl_covid_europa_pipeline', 'transformar', 'scheduled__2023-11-21T00:00:00+00:00', '--job-id', '2146', '--raw', '--subdir', 'DAGS_FOLDER/etl_pipeline.py', '--cfg-path', '/tmp/tmpqdfwg7d8']
[2024-10-02T19:24:31.520+0000] {standard_task_runner.py:91} INFO - Job 2146: Subtask transformar
[2024-10-02T19:24:31.578+0000] {task_command.py:426} INFO - Running <TaskInstance: etl_covid_europa_pipeline.transformar scheduled__2023-11-21T00:00:00+00:00 [running]> on host 99de7dfc3871
[2024-10-02T19:24:31.696+0000] {taskinstance.py:2648} INFO - Exporting env vars: AIRFLOW_CTX_DAG_OWNER='***' AIRFLOW_CTX_DAG_ID='etl_covid_europa_pipeline' AIRFLOW_CTX_TASK_ID='transformar' AIRFLOW_CTX_EXECUTION_DATE='2023-11-21T00:00:00+00:00' AIRFLOW_CTX_TRY_NUMBER='1' AIRFLOW_CTX_DAG_RUN_ID='scheduled__2023-11-21T00:00:00+00:00'
[2024-10-02T19:24:31.697+0000] {taskinstance.py:430} INFO - ::endgroup::
[2024-10-02T19:24:31.932+0000] {python.py:237} INFO - Done. Returned value was: None
[2024-10-02T19:24:31.933+0000] {taskinstance.py:441} INFO - ::group::Post task execution logs
[2024-10-02T19:24:31.946+0000] {taskinstance.py:1206} INFO - Marking task as SUCCESS. dag_id=etl_covid_europa_pipeline, task_id=transformar, run_id=scheduled__2023-11-21T00:00:00+00:00, execution_date=20231121T000000, start_date=20241002T192431, end_date=20241002T192431
[2024-10-02T19:24:32.008+0000] {local_task_job_runner.py:240} INFO - Task exited with return code 0
[2024-10-02T19:24:32.031+0000] {taskinstance.py:3503} INFO - 1 downstream tasks scheduled from follow-on schedule check
[2024-10-02T19:24:32.034+0000] {local_task_job_runner.py:222} INFO - ::endgroup::
