[2024-10-02T18:58:56.555+0000] {local_task_job_runner.py:120} INFO - ::group::Pre task execution logs
[2024-10-02T18:58:56.591+0000] {taskinstance.py:2076} INFO - Dependencies all met for dep_context=non-requeueable deps ti=<TaskInstance: etl_covid_europa_pipeline.carregar scheduled__2023-12-29T00:00:00+00:00 [queued]>
[2024-10-02T18:58:56.874+0000] {taskinstance.py:2076} INFO - Dependencies all met for dep_context=requeueable deps ti=<TaskInstance: etl_covid_europa_pipeline.carregar scheduled__2023-12-29T00:00:00+00:00 [queued]>
[2024-10-02T18:58:56.874+0000] {taskinstance.py:2306} INFO - Starting attempt 1 of 1
[2024-10-02T18:58:56.897+0000] {taskinstance.py:2330} INFO - Executing <Task(PythonOperator): carregar> on 2023-12-29 00:00:00+00:00
[2024-10-02T18:58:56.906+0000] {warnings.py:112} WARNING - /home/***/.local/lib/python3.12/site-packages/***/task/task_runner/standard_task_runner.py:61: DeprecationWarning: This process (pid=6077) is multi-threaded, use of fork() may lead to deadlocks in the child.
  pid = os.fork()

[2024-10-02T18:58:56.908+0000] {standard_task_runner.py:63} INFO - Started process 6094 to run task
[2024-10-02T18:58:56.911+0000] {standard_task_runner.py:90} INFO - Running: ['***', 'tasks', 'run', 'etl_covid_europa_pipeline', 'carregar', 'scheduled__2023-12-29T00:00:00+00:00', '--job-id', '1241', '--raw', '--subdir', 'DAGS_FOLDER/etl_pipeline.py', '--cfg-path', '/tmp/tmp3nc52bxo']
[2024-10-02T18:58:56.915+0000] {standard_task_runner.py:91} INFO - Job 1241: Subtask carregar
[2024-10-02T18:58:56.975+0000] {task_command.py:426} INFO - Running <TaskInstance: etl_covid_europa_pipeline.carregar scheduled__2023-12-29T00:00:00+00:00 [running]> on host 99de7dfc3871
[2024-10-02T18:58:57.076+0000] {taskinstance.py:2648} INFO - Exporting env vars: AIRFLOW_CTX_DAG_OWNER='***' AIRFLOW_CTX_DAG_ID='etl_covid_europa_pipeline' AIRFLOW_CTX_TASK_ID='carregar' AIRFLOW_CTX_EXECUTION_DATE='2023-12-29T00:00:00+00:00' AIRFLOW_CTX_TRY_NUMBER='1' AIRFLOW_CTX_DAG_RUN_ID='scheduled__2023-12-29T00:00:00+00:00'
[2024-10-02T18:58:57.080+0000] {taskinstance.py:430} INFO - ::endgroup::
[2024-10-02T18:58:57.142+0000] {python.py:237} INFO - Done. Returned value was: None
[2024-10-02T18:58:57.143+0000] {taskinstance.py:441} INFO - ::group::Post task execution logs
[2024-10-02T18:58:57.155+0000] {taskinstance.py:1206} INFO - Marking task as SUCCESS. dag_id=etl_covid_europa_pipeline, task_id=carregar, run_id=scheduled__2023-12-29T00:00:00+00:00, execution_date=20231229T000000, start_date=20241002T185856, end_date=20241002T185857
[2024-10-02T18:58:57.206+0000] {local_task_job_runner.py:240} INFO - Task exited with return code 0
[2024-10-02T18:58:57.219+0000] {local_task_job_runner.py:222} INFO - ::endgroup::
[2024-10-02T19:25:16.151+0000] {local_task_job_runner.py:120} INFO - ::group::Pre task execution logs
[2024-10-02T19:25:16.174+0000] {taskinstance.py:2076} INFO - Dependencies all met for dep_context=non-requeueable deps ti=<TaskInstance: etl_covid_europa_pipeline.carregar scheduled__2023-12-29T00:00:00+00:00 [queued]>
[2024-10-02T19:25:16.354+0000] {taskinstance.py:2076} INFO - Dependencies all met for dep_context=requeueable deps ti=<TaskInstance: etl_covid_europa_pipeline.carregar scheduled__2023-12-29T00:00:00+00:00 [queued]>
[2024-10-02T19:25:16.354+0000] {taskinstance.py:2306} INFO - Starting attempt 1 of 1
[2024-10-02T19:25:16.368+0000] {taskinstance.py:2330} INFO - Executing <Task(PythonOperator): carregar> on 2023-12-29 00:00:00+00:00
[2024-10-02T19:25:16.375+0000] {warnings.py:112} WARNING - /home/***/.local/lib/python3.12/site-packages/***/task/task_runner/standard_task_runner.py:61: DeprecationWarning: This process (pid=9447) is multi-threaded, use of fork() may lead to deadlocks in the child.
  pid = os.fork()

[2024-10-02T19:25:16.376+0000] {standard_task_runner.py:63} INFO - Started process 9461 to run task
[2024-10-02T19:25:16.376+0000] {standard_task_runner.py:90} INFO - Running: ['***', 'tasks', 'run', 'etl_covid_europa_pipeline', 'carregar', 'scheduled__2023-12-29T00:00:00+00:00', '--job-id', '2248', '--raw', '--subdir', 'DAGS_FOLDER/etl_pipeline.py', '--cfg-path', '/tmp/tmpjyg8dkjn']
[2024-10-02T19:25:16.379+0000] {standard_task_runner.py:91} INFO - Job 2248: Subtask carregar
[2024-10-02T19:25:16.419+0000] {task_command.py:426} INFO - Running <TaskInstance: etl_covid_europa_pipeline.carregar scheduled__2023-12-29T00:00:00+00:00 [running]> on host 99de7dfc3871
[2024-10-02T19:25:16.498+0000] {taskinstance.py:2648} INFO - Exporting env vars: AIRFLOW_CTX_DAG_OWNER='***' AIRFLOW_CTX_DAG_ID='etl_covid_europa_pipeline' AIRFLOW_CTX_TASK_ID='carregar' AIRFLOW_CTX_EXECUTION_DATE='2023-12-29T00:00:00+00:00' AIRFLOW_CTX_TRY_NUMBER='1' AIRFLOW_CTX_DAG_RUN_ID='scheduled__2023-12-29T00:00:00+00:00'
[2024-10-02T19:25:16.501+0000] {taskinstance.py:430} INFO - ::endgroup::
[2024-10-02T19:25:16.563+0000] {python.py:237} INFO - Done. Returned value was: None
[2024-10-02T19:25:16.563+0000] {taskinstance.py:441} INFO - ::group::Post task execution logs
[2024-10-02T19:25:16.570+0000] {taskinstance.py:1206} INFO - Marking task as SUCCESS. dag_id=etl_covid_europa_pipeline, task_id=carregar, run_id=scheduled__2023-12-29T00:00:00+00:00, execution_date=20231229T000000, start_date=20241002T192516, end_date=20241002T192516
[2024-10-02T19:25:16.630+0000] {local_task_job_runner.py:240} INFO - Task exited with return code 0
[2024-10-02T19:25:16.645+0000] {taskinstance.py:3503} INFO - 0 downstream tasks scheduled from follow-on schedule check
[2024-10-02T19:25:16.647+0000] {local_task_job_runner.py:222} INFO - ::endgroup::
