[2024-10-02T17:26:19.786+0000] {local_task_job_runner.py:120} INFO - ::group::Pre task execution logs
[2024-10-02T17:26:19.808+0000] {taskinstance.py:2076} INFO - Dependencies all met for dep_context=non-requeueable deps ti=<TaskInstance: etl_covid_europa_pipeline.transformar scheduled__2023-12-04T00:00:00+00:00 [queued]>
[2024-10-02T17:26:19.815+0000] {taskinstance.py:2076} INFO - Dependencies all met for dep_context=requeueable deps ti=<TaskInstance: etl_covid_europa_pipeline.transformar scheduled__2023-12-04T00:00:00+00:00 [queued]>
[2024-10-02T17:26:19.815+0000] {taskinstance.py:2306} INFO - Starting attempt 1 of 1
[2024-10-02T17:26:19.993+0000] {taskinstance.py:2330} INFO - Executing <Task(PythonOperator): transformar> on 2023-12-04 00:00:00+00:00
[2024-10-02T17:26:20.000+0000] {warnings.py:112} WARNING - /home/***/.local/lib/python3.12/site-packages/***/task/task_runner/standard_task_runner.py:61: DeprecationWarning: This process (pid=1572) is multi-threaded, use of fork() may lead to deadlocks in the child.
  pid = os.fork()

[2024-10-02T17:26:20.002+0000] {standard_task_runner.py:63} INFO - Started process 1579 to run task
[2024-10-02T17:26:20.001+0000] {standard_task_runner.py:90} INFO - Running: ['***', 'tasks', 'run', 'etl_covid_europa_pipeline', 'transformar', 'scheduled__2023-12-04T00:00:00+00:00', '--job-id', '136', '--raw', '--subdir', 'DAGS_FOLDER/etl_pipeline.py', '--cfg-path', '/tmp/tmpfe8c7sw4']
[2024-10-02T17:26:20.004+0000] {standard_task_runner.py:91} INFO - Job 136: Subtask transformar
[2024-10-02T17:26:20.047+0000] {task_command.py:426} INFO - Running <TaskInstance: etl_covid_europa_pipeline.transformar scheduled__2023-12-04T00:00:00+00:00 [running]> on host 99de7dfc3871
[2024-10-02T17:26:20.117+0000] {taskinstance.py:2648} INFO - Exporting env vars: AIRFLOW_CTX_DAG_OWNER='***' AIRFLOW_CTX_DAG_ID='etl_covid_europa_pipeline' AIRFLOW_CTX_TASK_ID='transformar' AIRFLOW_CTX_EXECUTION_DATE='2023-12-04T00:00:00+00:00' AIRFLOW_CTX_TRY_NUMBER='1' AIRFLOW_CTX_DAG_RUN_ID='scheduled__2023-12-04T00:00:00+00:00'
[2024-10-02T17:26:20.118+0000] {taskinstance.py:430} INFO - ::endgroup::
[2024-10-02T17:26:20.222+0000] {taskinstance.py:441} INFO - ::group::Post task execution logs
[2024-10-02T17:26:20.223+0000] {taskinstance.py:2905} ERROR - Task failed with exception
Traceback (most recent call last):
  File "/home/airflow/.local/lib/python3.12/site-packages/airflow/models/taskinstance.py", line 465, in _execute_task
    result = _execute_callable(context=context, **execute_callable_kwargs)
             ^^^^^^^^^^^^^^^^^^^^^^^^^^^^^^^^^^^^^^^^^^^^^^^^^^^^^^^^^^^^^
  File "/home/airflow/.local/lib/python3.12/site-packages/airflow/models/taskinstance.py", line 432, in _execute_callable
    return execute_callable(context=context, **execute_callable_kwargs)
           ^^^^^^^^^^^^^^^^^^^^^^^^^^^^^^^^^^^^^^^^^^^^^^^^^^^^^^^^^^^^
  File "/home/airflow/.local/lib/python3.12/site-packages/airflow/models/baseoperator.py", line 401, in wrapper
    return func(self, *args, **kwargs)
           ^^^^^^^^^^^^^^^^^^^^^^^^^^^
  File "/home/airflow/.local/lib/python3.12/site-packages/airflow/operators/python.py", line 235, in execute
    return_value = self.execute_callable()
                   ^^^^^^^^^^^^^^^^^^^^^^^
  File "/home/airflow/.local/lib/python3.12/site-packages/airflow/operators/python.py", line 252, in execute_callable
    return self.python_callable(*self.op_args, **self.op_kwargs)
           ^^^^^^^^^^^^^^^^^^^^^^^^^^^^^^^^^^^^^^^^^^^^^^^^^^^^^
  File "/opt/airflow/dags/etl_pipeline.py", line 17, in transformar
    df_agrupada = df.groupby('ContinentExp')[['cases', 'deaths']].sum().reset_index()
                  ^^^^^^^^^^^^^^^^^^^^^^^^^^
  File "/home/airflow/.local/lib/python3.12/site-packages/pandas/core/frame.py", line 8869, in groupby
    return DataFrameGroupBy(
           ^^^^^^^^^^^^^^^^^
  File "/home/airflow/.local/lib/python3.12/site-packages/pandas/core/groupby/groupby.py", line 1278, in __init__
    grouper, exclusions, obj = get_grouper(
                               ^^^^^^^^^^^^
  File "/home/airflow/.local/lib/python3.12/site-packages/pandas/core/groupby/grouper.py", line 1009, in get_grouper
    raise KeyError(gpr)
KeyError: 'ContinentExp'
[2024-10-02T17:26:20.234+0000] {taskinstance.py:1206} INFO - Marking task as FAILED. dag_id=etl_covid_europa_pipeline, task_id=transformar, run_id=scheduled__2023-12-04T00:00:00+00:00, execution_date=20231204T000000, start_date=20241002T172619, end_date=20241002T172620
[2024-10-02T17:26:20.243+0000] {standard_task_runner.py:110} ERROR - Failed to execute job 136 for task transformar ('ContinentExp'; 1579)
[2024-10-02T17:26:20.256+0000] {local_task_job_runner.py:240} INFO - Task exited with return code 1
[2024-10-02T17:26:20.273+0000] {taskinstance.py:3503} INFO - 0 downstream tasks scheduled from follow-on schedule check
[2024-10-02T17:26:20.276+0000] {local_task_job_runner.py:222} INFO - ::endgroup::
[2024-10-02T18:58:22.128+0000] {local_task_job_runner.py:120} INFO - ::group::Pre task execution logs
[2024-10-02T18:58:22.174+0000] {taskinstance.py:2076} INFO - Dependencies all met for dep_context=non-requeueable deps ti=<TaskInstance: etl_covid_europa_pipeline.transformar scheduled__2023-12-04T00:00:00+00:00 [queued]>
[2024-10-02T18:58:22.564+0000] {taskinstance.py:2076} INFO - Dependencies all met for dep_context=requeueable deps ti=<TaskInstance: etl_covid_europa_pipeline.transformar scheduled__2023-12-04T00:00:00+00:00 [queued]>
[2024-10-02T18:58:22.564+0000] {taskinstance.py:2306} INFO - Starting attempt 1 of 1
[2024-10-02T18:58:22.623+0000] {taskinstance.py:2330} INFO - Executing <Task(PythonOperator): transformar> on 2023-12-04 00:00:00+00:00
[2024-10-02T18:58:22.633+0000] {warnings.py:112} WARNING - /home/***/.local/lib/python3.12/site-packages/***/task/task_runner/standard_task_runner.py:61: DeprecationWarning: This process (pid=5785) is multi-threaded, use of fork() may lead to deadlocks in the child.
  pid = os.fork()

[2024-10-02T18:58:22.638+0000] {standard_task_runner.py:63} INFO - Started process 5810 to run task
[2024-10-02T18:58:22.634+0000] {standard_task_runner.py:90} INFO - Running: ['***', 'tasks', 'run', 'etl_covid_europa_pipeline', 'transformar', 'scheduled__2023-12-04T00:00:00+00:00', '--job-id', '1145', '--raw', '--subdir', 'DAGS_FOLDER/etl_pipeline.py', '--cfg-path', '/tmp/tmpp_u2aop5']
[2024-10-02T18:58:22.644+0000] {standard_task_runner.py:91} INFO - Job 1145: Subtask transformar
[2024-10-02T18:58:22.723+0000] {task_command.py:426} INFO - Running <TaskInstance: etl_covid_europa_pipeline.transformar scheduled__2023-12-04T00:00:00+00:00 [running]> on host 99de7dfc3871
[2024-10-02T18:58:22.884+0000] {taskinstance.py:2648} INFO - Exporting env vars: AIRFLOW_CTX_DAG_OWNER='***' AIRFLOW_CTX_DAG_ID='etl_covid_europa_pipeline' AIRFLOW_CTX_TASK_ID='transformar' AIRFLOW_CTX_EXECUTION_DATE='2023-12-04T00:00:00+00:00' AIRFLOW_CTX_TRY_NUMBER='1' AIRFLOW_CTX_DAG_RUN_ID='scheduled__2023-12-04T00:00:00+00:00'
[2024-10-02T18:58:22.889+0000] {taskinstance.py:430} INFO - ::endgroup::
[2024-10-02T18:58:23.228+0000] {python.py:237} INFO - Done. Returned value was: None
[2024-10-02T18:58:23.229+0000] {taskinstance.py:441} INFO - ::group::Post task execution logs
[2024-10-02T18:58:23.245+0000] {taskinstance.py:1206} INFO - Marking task as SUCCESS. dag_id=etl_covid_europa_pipeline, task_id=transformar, run_id=scheduled__2023-12-04T00:00:00+00:00, execution_date=20231204T000000, start_date=20241002T185822, end_date=20241002T185823
[2024-10-02T18:58:23.301+0000] {local_task_job_runner.py:240} INFO - Task exited with return code 0
[2024-10-02T18:58:23.333+0000] {taskinstance.py:3503} INFO - 1 downstream tasks scheduled from follow-on schedule check
[2024-10-02T18:58:23.342+0000] {local_task_job_runner.py:222} INFO - ::endgroup::
[2024-10-02T19:24:33.365+0000] {local_task_job_runner.py:120} INFO - ::group::Pre task execution logs
[2024-10-02T19:24:33.407+0000] {taskinstance.py:2076} INFO - Dependencies all met for dep_context=non-requeueable deps ti=<TaskInstance: etl_covid_europa_pipeline.transformar scheduled__2023-12-04T00:00:00+00:00 [queued]>
[2024-10-02T19:24:33.434+0000] {taskinstance.py:2076} INFO - Dependencies all met for dep_context=requeueable deps ti=<TaskInstance: etl_covid_europa_pipeline.transformar scheduled__2023-12-04T00:00:00+00:00 [queued]>
[2024-10-02T19:24:33.435+0000] {taskinstance.py:2306} INFO - Starting attempt 1 of 1
[2024-10-02T19:24:33.571+0000] {taskinstance.py:2330} INFO - Executing <Task(PythonOperator): transformar> on 2023-12-04 00:00:00+00:00
[2024-10-02T19:24:33.581+0000] {warnings.py:112} WARNING - /home/***/.local/lib/python3.12/site-packages/***/task/task_runner/standard_task_runner.py:61: DeprecationWarning: This process (pid=9151) is multi-threaded, use of fork() may lead to deadlocks in the child.
  pid = os.fork()

[2024-10-02T19:24:33.588+0000] {standard_task_runner.py:63} INFO - Started process 9172 to run task
[2024-10-02T19:24:33.584+0000] {standard_task_runner.py:90} INFO - Running: ['***', 'tasks', 'run', 'etl_covid_europa_pipeline', 'transformar', 'scheduled__2023-12-04T00:00:00+00:00', '--job-id', '2157', '--raw', '--subdir', 'DAGS_FOLDER/etl_pipeline.py', '--cfg-path', '/tmp/tmpzjr6hdao']
[2024-10-02T19:24:33.592+0000] {standard_task_runner.py:91} INFO - Job 2157: Subtask transformar
[2024-10-02T19:24:33.962+0000] {task_command.py:426} INFO - Running <TaskInstance: etl_covid_europa_pipeline.transformar scheduled__2023-12-04T00:00:00+00:00 [running]> on host 99de7dfc3871
[2024-10-02T19:24:34.075+0000] {taskinstance.py:2648} INFO - Exporting env vars: AIRFLOW_CTX_DAG_OWNER='***' AIRFLOW_CTX_DAG_ID='etl_covid_europa_pipeline' AIRFLOW_CTX_TASK_ID='transformar' AIRFLOW_CTX_EXECUTION_DATE='2023-12-04T00:00:00+00:00' AIRFLOW_CTX_TRY_NUMBER='1' AIRFLOW_CTX_DAG_RUN_ID='scheduled__2023-12-04T00:00:00+00:00'
[2024-10-02T19:24:34.077+0000] {taskinstance.py:430} INFO - ::endgroup::
[2024-10-02T19:24:34.278+0000] {python.py:237} INFO - Done. Returned value was: None
[2024-10-02T19:24:34.278+0000] {taskinstance.py:441} INFO - ::group::Post task execution logs
[2024-10-02T19:24:34.289+0000] {taskinstance.py:1206} INFO - Marking task as SUCCESS. dag_id=etl_covid_europa_pipeline, task_id=transformar, run_id=scheduled__2023-12-04T00:00:00+00:00, execution_date=20231204T000000, start_date=20241002T192433, end_date=20241002T192434
[2024-10-02T19:24:34.329+0000] {local_task_job_runner.py:240} INFO - Task exited with return code 0
[2024-10-02T19:24:34.538+0000] {taskinstance.py:3503} INFO - 1 downstream tasks scheduled from follow-on schedule check
[2024-10-02T19:24:34.540+0000] {local_task_job_runner.py:222} INFO - ::endgroup::
