[2024-10-02T17:28:08.397+0000] {local_task_job_runner.py:120} INFO - ::group::Pre task execution logs
[2024-10-02T17:28:08.420+0000] {taskinstance.py:2076} INFO - Dependencies all met for dep_context=non-requeueable deps ti=<TaskInstance: etl_covid_europa_pipeline.extrair scheduled__2024-03-18T00:00:00+00:00 [queued]>
[2024-10-02T17:28:08.429+0000] {taskinstance.py:2076} INFO - Dependencies all met for dep_context=requeueable deps ti=<TaskInstance: etl_covid_europa_pipeline.extrair scheduled__2024-03-18T00:00:00+00:00 [queued]>
[2024-10-02T17:28:08.429+0000] {taskinstance.py:2306} INFO - Starting attempt 1 of 1
[2024-10-02T17:28:08.659+0000] {taskinstance.py:2330} INFO - Executing <Task(PythonOperator): extrair> on 2024-03-18 00:00:00+00:00
[2024-10-02T17:28:08.666+0000] {warnings.py:112} WARNING - /home/***/.local/lib/python3.12/site-packages/***/task/task_runner/standard_task_runner.py:61: DeprecationWarning: This process (pid=2021) is multi-threaded, use of fork() may lead to deadlocks in the child.
  pid = os.fork()

[2024-10-02T17:28:08.668+0000] {standard_task_runner.py:63} INFO - Started process 2038 to run task
[2024-10-02T17:28:08.668+0000] {standard_task_runner.py:90} INFO - Running: ['***', 'tasks', 'run', 'etl_covid_europa_pipeline', 'extrair', 'scheduled__2024-03-18T00:00:00+00:00', '--job-id', '280', '--raw', '--subdir', 'DAGS_FOLDER/etl_pipeline.py', '--cfg-path', '/tmp/tmpkoanj62m']
[2024-10-02T17:28:08.670+0000] {standard_task_runner.py:91} INFO - Job 280: Subtask extrair
[2024-10-02T17:28:08.718+0000] {task_command.py:426} INFO - Running <TaskInstance: etl_covid_europa_pipeline.extrair scheduled__2024-03-18T00:00:00+00:00 [running]> on host 99de7dfc3871
[2024-10-02T17:28:08.805+0000] {taskinstance.py:2648} INFO - Exporting env vars: AIRFLOW_CTX_DAG_OWNER='***' AIRFLOW_CTX_DAG_ID='etl_covid_europa_pipeline' AIRFLOW_CTX_TASK_ID='extrair' AIRFLOW_CTX_EXECUTION_DATE='2024-03-18T00:00:00+00:00' AIRFLOW_CTX_TRY_NUMBER='1' AIRFLOW_CTX_DAG_RUN_ID='scheduled__2024-03-18T00:00:00+00:00'
[2024-10-02T17:28:08.806+0000] {taskinstance.py:430} INFO - ::endgroup::
[2024-10-02T17:28:15.267+0000] {python.py:237} INFO - Done. Returned value was: None
[2024-10-02T17:28:15.268+0000] {taskinstance.py:441} INFO - ::group::Post task execution logs
[2024-10-02T17:28:15.276+0000] {taskinstance.py:1206} INFO - Marking task as SUCCESS. dag_id=etl_covid_europa_pipeline, task_id=extrair, run_id=scheduled__2024-03-18T00:00:00+00:00, execution_date=20240318T000000, start_date=20241002T172808, end_date=20241002T172815
[2024-10-02T17:28:15.338+0000] {local_task_job_runner.py:240} INFO - Task exited with return code 0
[2024-10-02T17:28:15.359+0000] {taskinstance.py:3503} INFO - 1 downstream tasks scheduled from follow-on schedule check
[2024-10-02T17:28:15.361+0000] {local_task_job_runner.py:222} INFO - ::endgroup::
[2024-10-02T19:00:43.728+0000] {local_task_job_runner.py:120} INFO - ::group::Pre task execution logs
[2024-10-02T19:00:43.752+0000] {taskinstance.py:2076} INFO - Dependencies all met for dep_context=non-requeueable deps ti=<TaskInstance: etl_covid_europa_pipeline.extrair scheduled__2024-03-18T00:00:00+00:00 [queued]>
[2024-10-02T19:00:43.947+0000] {taskinstance.py:2076} INFO - Dependencies all met for dep_context=requeueable deps ti=<TaskInstance: etl_covid_europa_pipeline.extrair scheduled__2024-03-18T00:00:00+00:00 [queued]>
[2024-10-02T19:00:43.948+0000] {taskinstance.py:2306} INFO - Starting attempt 1 of 1
[2024-10-02T19:00:43.968+0000] {taskinstance.py:2330} INFO - Executing <Task(PythonOperator): extrair> on 2024-03-18 00:00:00+00:00
[2024-10-02T19:00:43.975+0000] {warnings.py:112} WARNING - /home/***/.local/lib/python3.12/site-packages/***/task/task_runner/standard_task_runner.py:61: DeprecationWarning: This process (pid=6706) is multi-threaded, use of fork() may lead to deadlocks in the child.
  pid = os.fork()

[2024-10-02T19:00:43.976+0000] {standard_task_runner.py:63} INFO - Started process 6722 to run task
[2024-10-02T19:00:43.976+0000] {standard_task_runner.py:90} INFO - Running: ['***', 'tasks', 'run', 'etl_covid_europa_pipeline', 'extrair', 'scheduled__2024-03-18T00:00:00+00:00', '--job-id', '1441', '--raw', '--subdir', 'DAGS_FOLDER/etl_pipeline.py', '--cfg-path', '/tmp/tmp3j9wccil']
[2024-10-02T19:00:43.979+0000] {standard_task_runner.py:91} INFO - Job 1441: Subtask extrair
[2024-10-02T19:00:44.037+0000] {task_command.py:426} INFO - Running <TaskInstance: etl_covid_europa_pipeline.extrair scheduled__2024-03-18T00:00:00+00:00 [running]> on host 99de7dfc3871
[2024-10-02T19:00:44.125+0000] {taskinstance.py:2648} INFO - Exporting env vars: AIRFLOW_CTX_DAG_OWNER='***' AIRFLOW_CTX_DAG_ID='etl_covid_europa_pipeline' AIRFLOW_CTX_TASK_ID='extrair' AIRFLOW_CTX_EXECUTION_DATE='2024-03-18T00:00:00+00:00' AIRFLOW_CTX_TRY_NUMBER='1' AIRFLOW_CTX_DAG_RUN_ID='scheduled__2024-03-18T00:00:00+00:00'
[2024-10-02T19:00:44.128+0000] {taskinstance.py:430} INFO - ::endgroup::
[2024-10-02T19:00:49.208+0000] {python.py:237} INFO - Done. Returned value was: None
[2024-10-02T19:00:49.209+0000] {taskinstance.py:441} INFO - ::group::Post task execution logs
[2024-10-02T19:00:49.217+0000] {taskinstance.py:1206} INFO - Marking task as SUCCESS. dag_id=etl_covid_europa_pipeline, task_id=extrair, run_id=scheduled__2024-03-18T00:00:00+00:00, execution_date=20240318T000000, start_date=20241002T190043, end_date=20241002T190049
[2024-10-02T19:00:49.279+0000] {local_task_job_runner.py:240} INFO - Task exited with return code 0
[2024-10-02T19:00:49.300+0000] {taskinstance.py:3503} INFO - 1 downstream tasks scheduled from follow-on schedule check
[2024-10-02T19:00:49.302+0000] {local_task_job_runner.py:222} INFO - ::endgroup::
[2024-10-02T19:26:44.965+0000] {local_task_job_runner.py:120} INFO - ::group::Pre task execution logs
[2024-10-02T19:26:45.129+0000] {taskinstance.py:2076} INFO - Dependencies all met for dep_context=non-requeueable deps ti=<TaskInstance: etl_covid_europa_pipeline.extrair scheduled__2024-03-18T00:00:00+00:00 [queued]>
[2024-10-02T19:26:45.136+0000] {taskinstance.py:2076} INFO - Dependencies all met for dep_context=requeueable deps ti=<TaskInstance: etl_covid_europa_pipeline.extrair scheduled__2024-03-18T00:00:00+00:00 [queued]>
[2024-10-02T19:26:45.136+0000] {taskinstance.py:2306} INFO - Starting attempt 1 of 1
[2024-10-02T19:26:45.147+0000] {taskinstance.py:2330} INFO - Executing <Task(PythonOperator): extrair> on 2024-03-18 00:00:00+00:00
[2024-10-02T19:26:45.152+0000] {warnings.py:112} WARNING - /home/***/.local/lib/python3.12/site-packages/***/task/task_runner/standard_task_runner.py:61: DeprecationWarning: This process (pid=10083) is multi-threaded, use of fork() may lead to deadlocks in the child.
  pid = os.fork()

[2024-10-02T19:26:45.153+0000] {standard_task_runner.py:63} INFO - Started process 10095 to run task
[2024-10-02T19:26:45.153+0000] {standard_task_runner.py:90} INFO - Running: ['***', 'tasks', 'run', 'etl_covid_europa_pipeline', 'extrair', 'scheduled__2024-03-18T00:00:00+00:00', '--job-id', '2455', '--raw', '--subdir', 'DAGS_FOLDER/etl_pipeline_agrupar_continente.py', '--cfg-path', '/tmp/tmp_og40o3d']
[2024-10-02T19:26:45.155+0000] {standard_task_runner.py:91} INFO - Job 2455: Subtask extrair
[2024-10-02T19:26:45.190+0000] {task_command.py:426} INFO - Running <TaskInstance: etl_covid_europa_pipeline.extrair scheduled__2024-03-18T00:00:00+00:00 [running]> on host 99de7dfc3871
[2024-10-02T19:26:45.275+0000] {taskinstance.py:2648} INFO - Exporting env vars: AIRFLOW_CTX_DAG_OWNER='***' AIRFLOW_CTX_DAG_ID='etl_covid_europa_pipeline' AIRFLOW_CTX_TASK_ID='extrair' AIRFLOW_CTX_EXECUTION_DATE='2024-03-18T00:00:00+00:00' AIRFLOW_CTX_TRY_NUMBER='1' AIRFLOW_CTX_DAG_RUN_ID='scheduled__2024-03-18T00:00:00+00:00'
[2024-10-02T19:26:45.276+0000] {taskinstance.py:430} INFO - ::endgroup::
[2024-10-02T19:26:51.228+0000] {python.py:237} INFO - Done. Returned value was: None
[2024-10-02T19:26:51.228+0000] {taskinstance.py:441} INFO - ::group::Post task execution logs
[2024-10-02T19:26:51.237+0000] {taskinstance.py:1206} INFO - Marking task as SUCCESS. dag_id=etl_covid_europa_pipeline, task_id=extrair, run_id=scheduled__2024-03-18T00:00:00+00:00, execution_date=20240318T000000, start_date=20241002T192645, end_date=20241002T192651
[2024-10-02T19:26:51.320+0000] {local_task_job_runner.py:240} INFO - Task exited with return code 0
[2024-10-02T19:26:51.351+0000] {taskinstance.py:3503} INFO - 1 downstream tasks scheduled from follow-on schedule check
[2024-10-02T19:26:51.355+0000] {local_task_job_runner.py:222} INFO - ::endgroup::
