[2024-10-02T17:31:34.120+0000] {local_task_job_runner.py:120} INFO - ::group::Pre task execution logs
[2024-10-02T17:31:34.144+0000] {taskinstance.py:2076} INFO - Dependencies all met for dep_context=non-requeueable deps ti=<TaskInstance: etl_covid_europa_pipeline.extrair scheduled__2024-09-02T00:00:00+00:00 [queued]>
[2024-10-02T17:31:34.152+0000] {taskinstance.py:2076} INFO - Dependencies all met for dep_context=requeueable deps ti=<TaskInstance: etl_covid_europa_pipeline.extrair scheduled__2024-09-02T00:00:00+00:00 [queued]>
[2024-10-02T17:31:34.153+0000] {taskinstance.py:2306} INFO - Starting attempt 1 of 1
[2024-10-02T17:31:34.168+0000] {taskinstance.py:2330} INFO - Executing <Task(PythonOperator): extrair> on 2024-09-02 00:00:00+00:00
[2024-10-02T17:31:34.174+0000] {warnings.py:112} WARNING - /home/***/.local/lib/python3.12/site-packages/***/task/task_runner/standard_task_runner.py:61: DeprecationWarning: This process (pid=3048) is multi-threaded, use of fork() may lead to deadlocks in the child.
  pid = os.fork()

[2024-10-02T17:31:34.176+0000] {standard_task_runner.py:63} INFO - Started process 3061 to run task
[2024-10-02T17:31:34.176+0000] {standard_task_runner.py:90} INFO - Running: ['***', 'tasks', 'run', 'etl_covid_europa_pipeline', 'extrair', 'scheduled__2024-09-02T00:00:00+00:00', '--job-id', '607', '--raw', '--subdir', 'DAGS_FOLDER/etl_pipeline.py', '--cfg-path', '/tmp/tmpxlx06579']
[2024-10-02T17:31:34.177+0000] {standard_task_runner.py:91} INFO - Job 607: Subtask extrair
[2024-10-02T17:31:34.438+0000] {task_command.py:426} INFO - Running <TaskInstance: etl_covid_europa_pipeline.extrair scheduled__2024-09-02T00:00:00+00:00 [running]> on host 99de7dfc3871
[2024-10-02T17:31:34.520+0000] {taskinstance.py:2648} INFO - Exporting env vars: AIRFLOW_CTX_DAG_OWNER='***' AIRFLOW_CTX_DAG_ID='etl_covid_europa_pipeline' AIRFLOW_CTX_TASK_ID='extrair' AIRFLOW_CTX_EXECUTION_DATE='2024-09-02T00:00:00+00:00' AIRFLOW_CTX_TRY_NUMBER='1' AIRFLOW_CTX_DAG_RUN_ID='scheduled__2024-09-02T00:00:00+00:00'
[2024-10-02T17:31:34.521+0000] {taskinstance.py:430} INFO - ::endgroup::
[2024-10-02T17:31:40.894+0000] {python.py:237} INFO - Done. Returned value was: None
[2024-10-02T17:31:40.895+0000] {taskinstance.py:441} INFO - ::group::Post task execution logs
[2024-10-02T17:31:40.904+0000] {taskinstance.py:1206} INFO - Marking task as SUCCESS. dag_id=etl_covid_europa_pipeline, task_id=extrair, run_id=scheduled__2024-09-02T00:00:00+00:00, execution_date=20240902T000000, start_date=20241002T173134, end_date=20241002T173140
[2024-10-02T17:31:40.976+0000] {local_task_job_runner.py:240} INFO - Task exited with return code 0
[2024-10-02T17:31:41.009+0000] {taskinstance.py:3503} INFO - 1 downstream tasks scheduled from follow-on schedule check
[2024-10-02T17:31:41.012+0000] {local_task_job_runner.py:222} INFO - ::endgroup::
[2024-10-02T18:55:17.627+0000] {local_task_job_runner.py:120} INFO - ::group::Pre task execution logs
[2024-10-02T18:55:17.652+0000] {taskinstance.py:2076} INFO - Dependencies all met for dep_context=non-requeueable deps ti=<TaskInstance: etl_covid_europa_pipeline.extrair scheduled__2024-09-02T00:00:00+00:00 [queued]>
[2024-10-02T18:55:17.840+0000] {taskinstance.py:2076} INFO - Dependencies all met for dep_context=requeueable deps ti=<TaskInstance: etl_covid_europa_pipeline.extrair scheduled__2024-09-02T00:00:00+00:00 [queued]>
[2024-10-02T18:55:17.841+0000] {taskinstance.py:2306} INFO - Starting attempt 1 of 1
[2024-10-02T18:55:17.857+0000] {taskinstance.py:2330} INFO - Executing <Task(PythonOperator): extrair> on 2024-09-02 00:00:00+00:00
[2024-10-02T18:55:17.864+0000] {warnings.py:112} WARNING - /home/***/.local/lib/python3.12/site-packages/***/task/task_runner/standard_task_runner.py:61: DeprecationWarning: This process (pid=4908) is multi-threaded, use of fork() may lead to deadlocks in the child.
  pid = os.fork()

[2024-10-02T18:55:17.866+0000] {standard_task_runner.py:63} INFO - Started process 4926 to run task
[2024-10-02T18:55:17.866+0000] {standard_task_runner.py:90} INFO - Running: ['***', 'tasks', 'run', 'etl_covid_europa_pipeline', 'extrair', 'scheduled__2024-09-02T00:00:00+00:00', '--job-id', '866', '--raw', '--subdir', 'DAGS_FOLDER/etl_pipeline.py', '--cfg-path', '/tmp/tmpvu56zj9j']
[2024-10-02T18:55:17.868+0000] {standard_task_runner.py:91} INFO - Job 866: Subtask extrair
[2024-10-02T18:55:17.916+0000] {task_command.py:426} INFO - Running <TaskInstance: etl_covid_europa_pipeline.extrair scheduled__2024-09-02T00:00:00+00:00 [running]> on host 99de7dfc3871
[2024-10-02T18:55:18.039+0000] {taskinstance.py:2648} INFO - Exporting env vars: AIRFLOW_CTX_DAG_OWNER='***' AIRFLOW_CTX_DAG_ID='etl_covid_europa_pipeline' AIRFLOW_CTX_TASK_ID='extrair' AIRFLOW_CTX_EXECUTION_DATE='2024-09-02T00:00:00+00:00' AIRFLOW_CTX_TRY_NUMBER='1' AIRFLOW_CTX_DAG_RUN_ID='scheduled__2024-09-02T00:00:00+00:00'
[2024-10-02T18:55:18.045+0000] {taskinstance.py:430} INFO - ::endgroup::
[2024-10-02T18:55:24.076+0000] {python.py:237} INFO - Done. Returned value was: None
[2024-10-02T18:55:24.077+0000] {taskinstance.py:441} INFO - ::group::Post task execution logs
[2024-10-02T18:55:24.084+0000] {taskinstance.py:1206} INFO - Marking task as SUCCESS. dag_id=etl_covid_europa_pipeline, task_id=extrair, run_id=scheduled__2024-09-02T00:00:00+00:00, execution_date=20240902T000000, start_date=20241002T185517, end_date=20241002T185524
[2024-10-02T18:55:24.250+0000] {local_task_job_runner.py:240} INFO - Task exited with return code 0
[2024-10-02T18:55:24.281+0000] {taskinstance.py:3503} INFO - 1 downstream tasks scheduled from follow-on schedule check
[2024-10-02T18:55:24.284+0000] {local_task_job_runner.py:222} INFO - ::endgroup::
[2024-10-02T19:04:05.134+0000] {local_task_job_runner.py:120} INFO - ::group::Pre task execution logs
[2024-10-02T19:04:05.157+0000] {taskinstance.py:2076} INFO - Dependencies all met for dep_context=non-requeueable deps ti=<TaskInstance: etl_covid_europa_pipeline.extrair scheduled__2024-09-02T00:00:00+00:00 [queued]>
[2024-10-02T19:04:05.323+0000] {taskinstance.py:2076} INFO - Dependencies all met for dep_context=requeueable deps ti=<TaskInstance: etl_covid_europa_pipeline.extrair scheduled__2024-09-02T00:00:00+00:00 [queued]>
[2024-10-02T19:04:05.323+0000] {taskinstance.py:2306} INFO - Starting attempt 1 of 1
[2024-10-02T19:04:05.337+0000] {taskinstance.py:2330} INFO - Executing <Task(PythonOperator): extrair> on 2024-09-02 00:00:00+00:00
[2024-10-02T19:04:05.344+0000] {warnings.py:112} WARNING - /home/***/.local/lib/python3.12/site-packages/***/task/task_runner/standard_task_runner.py:61: DeprecationWarning: This process (pid=8102) is multi-threaded, use of fork() may lead to deadlocks in the child.
  pid = os.fork()

[2024-10-02T19:04:05.345+0000] {standard_task_runner.py:63} INFO - Started process 8110 to run task
[2024-10-02T19:04:05.345+0000] {standard_task_runner.py:90} INFO - Running: ['***', 'tasks', 'run', 'etl_covid_europa_pipeline', 'extrair', 'scheduled__2024-09-02T00:00:00+00:00', '--job-id', '1892', '--raw', '--subdir', 'DAGS_FOLDER/etl_pipeline.py', '--cfg-path', '/tmp/tmp2bxjyg0l']
[2024-10-02T19:04:05.347+0000] {standard_task_runner.py:91} INFO - Job 1892: Subtask extrair
[2024-10-02T19:04:05.383+0000] {task_command.py:426} INFO - Running <TaskInstance: etl_covid_europa_pipeline.extrair scheduled__2024-09-02T00:00:00+00:00 [running]> on host 99de7dfc3871
[2024-10-02T19:04:05.461+0000] {taskinstance.py:2648} INFO - Exporting env vars: AIRFLOW_CTX_DAG_OWNER='***' AIRFLOW_CTX_DAG_ID='etl_covid_europa_pipeline' AIRFLOW_CTX_TASK_ID='extrair' AIRFLOW_CTX_EXECUTION_DATE='2024-09-02T00:00:00+00:00' AIRFLOW_CTX_TRY_NUMBER='1' AIRFLOW_CTX_DAG_RUN_ID='scheduled__2024-09-02T00:00:00+00:00'
[2024-10-02T19:04:05.464+0000] {taskinstance.py:430} INFO - ::endgroup::
[2024-10-02T19:04:11.266+0000] {python.py:237} INFO - Done. Returned value was: None
[2024-10-02T19:04:11.267+0000] {taskinstance.py:441} INFO - ::group::Post task execution logs
[2024-10-02T19:04:11.282+0000] {taskinstance.py:1206} INFO - Marking task as SUCCESS. dag_id=etl_covid_europa_pipeline, task_id=extrair, run_id=scheduled__2024-09-02T00:00:00+00:00, execution_date=20240902T000000, start_date=20241002T190405, end_date=20241002T190411
[2024-10-02T19:04:11.549+0000] {local_task_job_runner.py:240} INFO - Task exited with return code 0
[2024-10-02T19:04:11.584+0000] {taskinstance.py:3503} INFO - 1 downstream tasks scheduled from follow-on schedule check
[2024-10-02T19:04:11.586+0000] {local_task_job_runner.py:222} INFO - ::endgroup::
