[2024-10-02T17:31:53.036+0000] {local_task_job_runner.py:120} INFO - ::group::Pre task execution logs
[2024-10-02T17:31:53.056+0000] {taskinstance.py:2076} INFO - Dependencies all met for dep_context=non-requeueable deps ti=<TaskInstance: etl_covid_europa_pipeline.transformar scheduled__2024-09-16T00:00:00+00:00 [queued]>
[2024-10-02T17:31:53.062+0000] {taskinstance.py:2076} INFO - Dependencies all met for dep_context=requeueable deps ti=<TaskInstance: etl_covid_europa_pipeline.transformar scheduled__2024-09-16T00:00:00+00:00 [queued]>
[2024-10-02T17:31:53.062+0000] {taskinstance.py:2306} INFO - Starting attempt 1 of 1
[2024-10-02T17:31:53.216+0000] {taskinstance.py:2330} INFO - Executing <Task(PythonOperator): transformar> on 2024-09-16 00:00:00+00:00
[2024-10-02T17:31:53.221+0000] {warnings.py:112} WARNING - /home/***/.local/lib/python3.12/site-packages/***/task/task_runner/standard_task_runner.py:61: DeprecationWarning: This process (pid=3148) is multi-threaded, use of fork() may lead to deadlocks in the child.
  pid = os.fork()

[2024-10-02T17:31:53.222+0000] {standard_task_runner.py:63} INFO - Started process 3150 to run task
[2024-10-02T17:31:53.223+0000] {standard_task_runner.py:90} INFO - Running: ['***', 'tasks', 'run', 'etl_covid_europa_pipeline', 'transformar', 'scheduled__2024-09-16T00:00:00+00:00', '--job-id', '637', '--raw', '--subdir', 'DAGS_FOLDER/etl_pipeline.py', '--cfg-path', '/tmp/tmpc35dtt4e']
[2024-10-02T17:31:53.224+0000] {standard_task_runner.py:91} INFO - Job 637: Subtask transformar
[2024-10-02T17:31:53.260+0000] {task_command.py:426} INFO - Running <TaskInstance: etl_covid_europa_pipeline.transformar scheduled__2024-09-16T00:00:00+00:00 [running]> on host 99de7dfc3871
[2024-10-02T17:31:53.324+0000] {taskinstance.py:2648} INFO - Exporting env vars: AIRFLOW_CTX_DAG_OWNER='***' AIRFLOW_CTX_DAG_ID='etl_covid_europa_pipeline' AIRFLOW_CTX_TASK_ID='transformar' AIRFLOW_CTX_EXECUTION_DATE='2024-09-16T00:00:00+00:00' AIRFLOW_CTX_TRY_NUMBER='1' AIRFLOW_CTX_DAG_RUN_ID='scheduled__2024-09-16T00:00:00+00:00'
[2024-10-02T17:31:53.325+0000] {taskinstance.py:430} INFO - ::endgroup::
[2024-10-02T17:31:53.344+0000] {taskinstance.py:441} INFO - ::group::Post task execution logs
[2024-10-02T17:31:53.345+0000] {taskinstance.py:2905} ERROR - Task failed with exception
Traceback (most recent call last):
  File "/home/airflow/.local/lib/python3.12/site-packages/airflow/models/taskinstance.py", line 465, in _execute_task
    result = _execute_callable(context=context, **execute_callable_kwargs)
             ^^^^^^^^^^^^^^^^^^^^^^^^^^^^^^^^^^^^^^^^^^^^^^^^^^^^^^^^^^^^^
  File "/home/airflow/.local/lib/python3.12/site-packages/airflow/models/taskinstance.py", line 432, in _execute_callable
    return execute_callable(context=context, **execute_callable_kwargs)
           ^^^^^^^^^^^^^^^^^^^^^^^^^^^^^^^^^^^^^^^^^^^^^^^^^^^^^^^^^^^^
  File "/home/airflow/.local/lib/python3.12/site-packages/airflow/models/baseoperator.py", line 401, in wrapper
    return func(self, *args, **kwargs)
           ^^^^^^^^^^^^^^^^^^^^^^^^^^^
  File "/home/airflow/.local/lib/python3.12/site-packages/airflow/operators/python.py", line 235, in execute
    return_value = self.execute_callable()
                   ^^^^^^^^^^^^^^^^^^^^^^^
  File "/home/airflow/.local/lib/python3.12/site-packages/airflow/operators/python.py", line 252, in execute_callable
    return self.python_callable(*self.op_args, **self.op_kwargs)
           ^^^^^^^^^^^^^^^^^^^^^^^^^^^^^^^^^^^^^^^^^^^^^^^^^^^^^
  File "/opt/airflow/dags/etl_pipeline.py", line 13, in transformar
    df = pd.read_csv('data/dados_covid_extraidos.csv')
         ^^^^^^^^^^^^^^^^^^^^^^^^^^^^^^^^^^^^^^^^^^^^^
  File "/home/airflow/.local/lib/python3.12/site-packages/pandas/io/parsers/readers.py", line 948, in read_csv
    return _read(filepath_or_buffer, kwds)
           ^^^^^^^^^^^^^^^^^^^^^^^^^^^^^^^
  File "/home/airflow/.local/lib/python3.12/site-packages/pandas/io/parsers/readers.py", line 617, in _read
    return parser.read(nrows)
           ^^^^^^^^^^^^^^^^^^
  File "/home/airflow/.local/lib/python3.12/site-packages/pandas/io/parsers/readers.py", line 1748, in read
    ) = self._engine.read(  # type: ignore[attr-defined]
        ^^^^^^^^^^^^^^^^^^^^^^^^^^^^^^^^^^^^^^^^^^^^^^^^
  File "/home/airflow/.local/lib/python3.12/site-packages/pandas/io/parsers/c_parser_wrapper.py", line 234, in read
    chunks = self._reader.read_low_memory(nrows)
             ^^^^^^^^^^^^^^^^^^^^^^^^^^^^^^^^^^^
  File "parsers.pyx", line 843, in pandas._libs.parsers.TextReader.read_low_memory
  File "parsers.pyx", line 904, in pandas._libs.parsers.TextReader._read_rows
  File "parsers.pyx", line 879, in pandas._libs.parsers.TextReader._tokenize_rows
  File "parsers.pyx", line 890, in pandas._libs.parsers.TextReader._check_tokenize_status
  File "parsers.pyx", line 2058, in pandas._libs.parsers.raise_parser_error
pandas.errors.ParserError: Error tokenizing data. C error: Expected 1 fields in line 7201, saw 2

[2024-10-02T17:31:53.355+0000] {taskinstance.py:1206} INFO - Marking task as FAILED. dag_id=etl_covid_europa_pipeline, task_id=transformar, run_id=scheduled__2024-09-16T00:00:00+00:00, execution_date=20240916T000000, start_date=20241002T173153, end_date=20241002T173153
[2024-10-02T17:31:53.365+0000] {standard_task_runner.py:110} ERROR - Failed to execute job 637 for task transformar (Error tokenizing data. C error: Expected 1 fields in line 7201, saw 2
; 3150)
[2024-10-02T17:31:53.395+0000] {local_task_job_runner.py:240} INFO - Task exited with return code 1
[2024-10-02T17:31:53.413+0000] {taskinstance.py:3503} INFO - 0 downstream tasks scheduled from follow-on schedule check
[2024-10-02T17:31:53.418+0000] {local_task_job_runner.py:222} INFO - ::endgroup::
[2024-10-02T18:55:45.182+0000] {local_task_job_runner.py:120} INFO - ::group::Pre task execution logs
[2024-10-02T18:55:45.224+0000] {taskinstance.py:2076} INFO - Dependencies all met for dep_context=non-requeueable deps ti=<TaskInstance: etl_covid_europa_pipeline.transformar scheduled__2024-09-16T00:00:00+00:00 [queued]>
[2024-10-02T18:55:45.650+0000] {taskinstance.py:2076} INFO - Dependencies all met for dep_context=requeueable deps ti=<TaskInstance: etl_covid_europa_pipeline.transformar scheduled__2024-09-16T00:00:00+00:00 [queued]>
[2024-10-02T18:55:45.657+0000] {taskinstance.py:2306} INFO - Starting attempt 1 of 1
[2024-10-02T18:55:45.686+0000] {taskinstance.py:2330} INFO - Executing <Task(PythonOperator): transformar> on 2024-09-16 00:00:00+00:00
[2024-10-02T18:55:45.698+0000] {warnings.py:112} WARNING - /home/***/.local/lib/python3.12/site-packages/***/task/task_runner/standard_task_runner.py:61: DeprecationWarning: This process (pid=5115) is multi-threaded, use of fork() may lead to deadlocks in the child.
  pid = os.fork()

[2024-10-02T18:55:45.699+0000] {standard_task_runner.py:90} INFO - Running: ['***', 'tasks', 'run', 'etl_covid_europa_pipeline', 'transformar', 'scheduled__2024-09-16T00:00:00+00:00', '--job-id', '929', '--raw', '--subdir', 'DAGS_FOLDER/etl_pipeline.py', '--cfg-path', '/tmp/tmp8zm7iejw']
[2024-10-02T18:55:45.702+0000] {standard_task_runner.py:63} INFO - Started process 5138 to run task
[2024-10-02T18:55:45.705+0000] {standard_task_runner.py:91} INFO - Job 929: Subtask transformar
[2024-10-02T18:55:45.797+0000] {task_command.py:426} INFO - Running <TaskInstance: etl_covid_europa_pipeline.transformar scheduled__2024-09-16T00:00:00+00:00 [running]> on host 99de7dfc3871
[2024-10-02T18:55:45.931+0000] {taskinstance.py:2648} INFO - Exporting env vars: AIRFLOW_CTX_DAG_OWNER='***' AIRFLOW_CTX_DAG_ID='etl_covid_europa_pipeline' AIRFLOW_CTX_TASK_ID='transformar' AIRFLOW_CTX_EXECUTION_DATE='2024-09-16T00:00:00+00:00' AIRFLOW_CTX_TRY_NUMBER='1' AIRFLOW_CTX_DAG_RUN_ID='scheduled__2024-09-16T00:00:00+00:00'
[2024-10-02T18:55:45.934+0000] {taskinstance.py:430} INFO - ::endgroup::
[2024-10-02T18:55:46.161+0000] {python.py:237} INFO - Done. Returned value was: None
[2024-10-02T18:55:46.163+0000] {taskinstance.py:441} INFO - ::group::Post task execution logs
[2024-10-02T18:55:46.178+0000] {taskinstance.py:1206} INFO - Marking task as SUCCESS. dag_id=etl_covid_europa_pipeline, task_id=transformar, run_id=scheduled__2024-09-16T00:00:00+00:00, execution_date=20240916T000000, start_date=20241002T185545, end_date=20241002T185546
[2024-10-02T18:55:46.247+0000] {local_task_job_runner.py:240} INFO - Task exited with return code 0
[2024-10-02T18:55:46.285+0000] {taskinstance.py:3503} INFO - 1 downstream tasks scheduled from follow-on schedule check
[2024-10-02T18:55:46.291+0000] {local_task_job_runner.py:222} INFO - ::endgroup::
[2024-10-02T19:04:41.848+0000] {local_task_job_runner.py:120} INFO - ::group::Pre task execution logs
[2024-10-02T19:04:41.869+0000] {taskinstance.py:2076} INFO - Dependencies all met for dep_context=non-requeueable deps ti=<TaskInstance: etl_covid_europa_pipeline.transformar scheduled__2024-09-16T00:00:00+00:00 [queued]>
[2024-10-02T19:04:41.879+0000] {taskinstance.py:2076} INFO - Dependencies all met for dep_context=requeueable deps ti=<TaskInstance: etl_covid_europa_pipeline.transformar scheduled__2024-09-16T00:00:00+00:00 [queued]>
[2024-10-02T19:04:41.880+0000] {taskinstance.py:2306} INFO - Starting attempt 1 of 1
[2024-10-02T19:04:42.074+0000] {taskinstance.py:2330} INFO - Executing <Task(PythonOperator): transformar> on 2024-09-16 00:00:00+00:00
[2024-10-02T19:04:42.080+0000] {warnings.py:112} WARNING - /home/***/.local/lib/python3.12/site-packages/***/task/task_runner/standard_task_runner.py:61: DeprecationWarning: This process (pid=8342) is multi-threaded, use of fork() may lead to deadlocks in the child.
  pid = os.fork()

[2024-10-02T19:04:42.082+0000] {standard_task_runner.py:63} INFO - Started process 8349 to run task
[2024-10-02T19:04:42.082+0000] {standard_task_runner.py:90} INFO - Running: ['***', 'tasks', 'run', 'etl_covid_europa_pipeline', 'transformar', 'scheduled__2024-09-16T00:00:00+00:00', '--job-id', '1967', '--raw', '--subdir', 'DAGS_FOLDER/etl_pipeline.py', '--cfg-path', '/tmp/tmpfnvj_2dt']
[2024-10-02T19:04:42.084+0000] {standard_task_runner.py:91} INFO - Job 1967: Subtask transformar
[2024-10-02T19:04:42.126+0000] {task_command.py:426} INFO - Running <TaskInstance: etl_covid_europa_pipeline.transformar scheduled__2024-09-16T00:00:00+00:00 [running]> on host 99de7dfc3871
[2024-10-02T19:04:42.219+0000] {taskinstance.py:2648} INFO - Exporting env vars: AIRFLOW_CTX_DAG_OWNER='***' AIRFLOW_CTX_DAG_ID='etl_covid_europa_pipeline' AIRFLOW_CTX_TASK_ID='transformar' AIRFLOW_CTX_EXECUTION_DATE='2024-09-16T00:00:00+00:00' AIRFLOW_CTX_TRY_NUMBER='1' AIRFLOW_CTX_DAG_RUN_ID='scheduled__2024-09-16T00:00:00+00:00'
[2024-10-02T19:04:42.220+0000] {taskinstance.py:430} INFO - ::endgroup::
[2024-10-02T19:04:42.354+0000] {python.py:237} INFO - Done. Returned value was: None
[2024-10-02T19:04:42.355+0000] {taskinstance.py:441} INFO - ::group::Post task execution logs
[2024-10-02T19:04:42.365+0000] {taskinstance.py:1206} INFO - Marking task as SUCCESS. dag_id=etl_covid_europa_pipeline, task_id=transformar, run_id=scheduled__2024-09-16T00:00:00+00:00, execution_date=20240916T000000, start_date=20241002T190441, end_date=20241002T190442
[2024-10-02T19:04:42.416+0000] {local_task_job_runner.py:240} INFO - Task exited with return code 0
[2024-10-02T19:04:42.435+0000] {taskinstance.py:3503} INFO - 1 downstream tasks scheduled from follow-on schedule check
[2024-10-02T19:04:42.438+0000] {local_task_job_runner.py:222} INFO - ::endgroup::
