[2024-10-02T18:59:28.771+0000] {local_task_job_runner.py:120} INFO - ::group::Pre task execution logs
[2024-10-02T18:59:28.792+0000] {taskinstance.py:2076} INFO - Dependencies all met for dep_context=non-requeueable deps ti=<TaskInstance: etl_covid_europa_pipeline.carregar scheduled__2024-01-23T00:00:00+00:00 [queued]>
[2024-10-02T18:59:28.800+0000] {taskinstance.py:2076} INFO - Dependencies all met for dep_context=requeueable deps ti=<TaskInstance: etl_covid_europa_pipeline.carregar scheduled__2024-01-23T00:00:00+00:00 [queued]>
[2024-10-02T18:59:28.801+0000] {taskinstance.py:2306} INFO - Starting attempt 1 of 1
[2024-10-02T18:59:29.017+0000] {taskinstance.py:2330} INFO - Executing <Task(PythonOperator): carregar> on 2024-01-23 00:00:00+00:00
[2024-10-02T18:59:29.025+0000] {warnings.py:112} WARNING - /home/***/.local/lib/python3.12/site-packages/***/task/task_runner/standard_task_runner.py:61: DeprecationWarning: This process (pid=6288) is multi-threaded, use of fork() may lead to deadlocks in the child.
  pid = os.fork()

[2024-10-02T18:59:29.027+0000] {standard_task_runner.py:63} INFO - Started process 6293 to run task
[2024-10-02T18:59:29.027+0000] {standard_task_runner.py:90} INFO - Running: ['***', 'tasks', 'run', 'etl_covid_europa_pipeline', 'carregar', 'scheduled__2024-01-23T00:00:00+00:00', '--job-id', '1306', '--raw', '--subdir', 'DAGS_FOLDER/etl_pipeline.py', '--cfg-path', '/tmp/tmpgletie_2']
[2024-10-02T18:59:29.029+0000] {standard_task_runner.py:91} INFO - Job 1306: Subtask carregar
[2024-10-02T18:59:29.076+0000] {task_command.py:426} INFO - Running <TaskInstance: etl_covid_europa_pipeline.carregar scheduled__2024-01-23T00:00:00+00:00 [running]> on host 99de7dfc3871
[2024-10-02T18:59:29.171+0000] {taskinstance.py:2648} INFO - Exporting env vars: AIRFLOW_CTX_DAG_OWNER='***' AIRFLOW_CTX_DAG_ID='etl_covid_europa_pipeline' AIRFLOW_CTX_TASK_ID='carregar' AIRFLOW_CTX_EXECUTION_DATE='2024-01-23T00:00:00+00:00' AIRFLOW_CTX_TRY_NUMBER='1' AIRFLOW_CTX_DAG_RUN_ID='scheduled__2024-01-23T00:00:00+00:00'
[2024-10-02T18:59:29.172+0000] {taskinstance.py:430} INFO - ::endgroup::
[2024-10-02T18:59:29.225+0000] {python.py:237} INFO - Done. Returned value was: None
[2024-10-02T18:59:29.226+0000] {taskinstance.py:441} INFO - ::group::Post task execution logs
[2024-10-02T18:59:29.233+0000] {taskinstance.py:1206} INFO - Marking task as SUCCESS. dag_id=etl_covid_europa_pipeline, task_id=carregar, run_id=scheduled__2024-01-23T00:00:00+00:00, execution_date=20240123T000000, start_date=20241002T185928, end_date=20241002T185929
[2024-10-02T18:59:29.281+0000] {local_task_job_runner.py:240} INFO - Task exited with return code 0
[2024-10-02T18:59:29.293+0000] {taskinstance.py:3503} INFO - 0 downstream tasks scheduled from follow-on schedule check
[2024-10-02T18:59:29.295+0000] {local_task_job_runner.py:222} INFO - ::endgroup::
[2024-10-02T19:25:51.093+0000] {local_task_job_runner.py:120} INFO - ::group::Pre task execution logs
[2024-10-02T19:25:51.130+0000] {taskinstance.py:2076} INFO - Dependencies all met for dep_context=non-requeueable deps ti=<TaskInstance: etl_covid_europa_pipeline.carregar scheduled__2024-01-23T00:00:00+00:00 [queued]>
[2024-10-02T19:25:51.489+0000] {taskinstance.py:2076} INFO - Dependencies all met for dep_context=requeueable deps ti=<TaskInstance: etl_covid_europa_pipeline.carregar scheduled__2024-01-23T00:00:00+00:00 [queued]>
[2024-10-02T19:25:51.490+0000] {taskinstance.py:2306} INFO - Starting attempt 1 of 1
[2024-10-02T19:25:51.529+0000] {taskinstance.py:2330} INFO - Executing <Task(PythonOperator): carregar> on 2024-01-23 00:00:00+00:00
[2024-10-02T19:25:51.539+0000] {warnings.py:112} WARNING - /home/***/.local/lib/python3.12/site-packages/***/task/task_runner/standard_task_runner.py:61: DeprecationWarning: This process (pid=9732) is multi-threaded, use of fork() may lead to deadlocks in the child.
  pid = os.fork()

[2024-10-02T19:25:51.542+0000] {standard_task_runner.py:63} INFO - Started process 9753 to run task
[2024-10-02T19:25:51.543+0000] {standard_task_runner.py:90} INFO - Running: ['***', 'tasks', 'run', 'etl_covid_europa_pipeline', 'carregar', 'scheduled__2024-01-23T00:00:00+00:00', '--job-id', '2343', '--raw', '--subdir', 'DAGS_FOLDER/etl_pipeline.py', '--cfg-path', '/tmp/tmphk5ltjfc']
[2024-10-02T19:25:51.551+0000] {standard_task_runner.py:91} INFO - Job 2343: Subtask carregar
[2024-10-02T19:25:51.629+0000] {task_command.py:426} INFO - Running <TaskInstance: etl_covid_europa_pipeline.carregar scheduled__2024-01-23T00:00:00+00:00 [running]> on host 99de7dfc3871
[2024-10-02T19:25:51.755+0000] {taskinstance.py:2648} INFO - Exporting env vars: AIRFLOW_CTX_DAG_OWNER='***' AIRFLOW_CTX_DAG_ID='etl_covid_europa_pipeline' AIRFLOW_CTX_TASK_ID='carregar' AIRFLOW_CTX_EXECUTION_DATE='2024-01-23T00:00:00+00:00' AIRFLOW_CTX_TRY_NUMBER='1' AIRFLOW_CTX_DAG_RUN_ID='scheduled__2024-01-23T00:00:00+00:00'
[2024-10-02T19:25:51.759+0000] {taskinstance.py:430} INFO - ::endgroup::
[2024-10-02T19:25:51.838+0000] {python.py:237} INFO - Done. Returned value was: None
[2024-10-02T19:25:51.839+0000] {taskinstance.py:441} INFO - ::group::Post task execution logs
[2024-10-02T19:25:51.848+0000] {taskinstance.py:1206} INFO - Marking task as SUCCESS. dag_id=etl_covid_europa_pipeline, task_id=carregar, run_id=scheduled__2024-01-23T00:00:00+00:00, execution_date=20240123T000000, start_date=20241002T192551, end_date=20241002T192551
[2024-10-02T19:25:51.887+0000] {local_task_job_runner.py:240} INFO - Task exited with return code 0
[2024-10-02T19:25:51.904+0000] {taskinstance.py:3503} INFO - 0 downstream tasks scheduled from follow-on schedule check
[2024-10-02T19:25:51.907+0000] {local_task_job_runner.py:222} INFO - ::endgroup::
