[2024-10-02T17:28:34.808+0000] {local_task_job_runner.py:120} INFO - ::group::Pre task execution logs
[2024-10-02T17:28:34.834+0000] {taskinstance.py:2076} INFO - Dependencies all met for dep_context=non-requeueable deps ti=<TaskInstance: etl_covid_europa_pipeline.transformar scheduled__2024-04-01T00:00:00+00:00 [queued]>
[2024-10-02T17:28:34.843+0000] {taskinstance.py:2076} INFO - Dependencies all met for dep_context=requeueable deps ti=<TaskInstance: etl_covid_europa_pipeline.transformar scheduled__2024-04-01T00:00:00+00:00 [queued]>
[2024-10-02T17:28:34.843+0000] {taskinstance.py:2306} INFO - Starting attempt 1 of 1
[2024-10-02T17:28:35.007+0000] {taskinstance.py:2330} INFO - Executing <Task(PythonOperator): transformar> on 2024-04-01 00:00:00+00:00
[2024-10-02T17:28:35.011+0000] {warnings.py:112} WARNING - /home/***/.local/lib/python3.12/site-packages/***/task/task_runner/standard_task_runner.py:61: DeprecationWarning: This process (pid=2185) is multi-threaded, use of fork() may lead to deadlocks in the child.
  pid = os.fork()

[2024-10-02T17:28:35.012+0000] {standard_task_runner.py:63} INFO - Started process 2187 to run task
[2024-10-02T17:28:35.012+0000] {standard_task_runner.py:90} INFO - Running: ['***', 'tasks', 'run', 'etl_covid_europa_pipeline', 'transformar', 'scheduled__2024-04-01T00:00:00+00:00', '--job-id', '330', '--raw', '--subdir', 'DAGS_FOLDER/etl_pipeline.py', '--cfg-path', '/tmp/tmppfb8mtki']
[2024-10-02T17:28:35.014+0000] {standard_task_runner.py:91} INFO - Job 330: Subtask transformar
[2024-10-02T17:28:35.049+0000] {task_command.py:426} INFO - Running <TaskInstance: etl_covid_europa_pipeline.transformar scheduled__2024-04-01T00:00:00+00:00 [running]> on host 99de7dfc3871
[2024-10-02T17:28:35.116+0000] {taskinstance.py:2648} INFO - Exporting env vars: AIRFLOW_CTX_DAG_OWNER='***' AIRFLOW_CTX_DAG_ID='etl_covid_europa_pipeline' AIRFLOW_CTX_TASK_ID='transformar' AIRFLOW_CTX_EXECUTION_DATE='2024-04-01T00:00:00+00:00' AIRFLOW_CTX_TRY_NUMBER='1' AIRFLOW_CTX_DAG_RUN_ID='scheduled__2024-04-01T00:00:00+00:00'
[2024-10-02T17:28:35.117+0000] {taskinstance.py:430} INFO - ::endgroup::
[2024-10-02T17:28:35.138+0000] {taskinstance.py:441} INFO - ::group::Post task execution logs
[2024-10-02T17:28:35.138+0000] {taskinstance.py:2905} ERROR - Task failed with exception
Traceback (most recent call last):
  File "/home/airflow/.local/lib/python3.12/site-packages/airflow/models/taskinstance.py", line 465, in _execute_task
    result = _execute_callable(context=context, **execute_callable_kwargs)
             ^^^^^^^^^^^^^^^^^^^^^^^^^^^^^^^^^^^^^^^^^^^^^^^^^^^^^^^^^^^^^
  File "/home/airflow/.local/lib/python3.12/site-packages/airflow/models/taskinstance.py", line 432, in _execute_callable
    return execute_callable(context=context, **execute_callable_kwargs)
           ^^^^^^^^^^^^^^^^^^^^^^^^^^^^^^^^^^^^^^^^^^^^^^^^^^^^^^^^^^^^
  File "/home/airflow/.local/lib/python3.12/site-packages/airflow/models/baseoperator.py", line 401, in wrapper
    return func(self, *args, **kwargs)
           ^^^^^^^^^^^^^^^^^^^^^^^^^^^
  File "/home/airflow/.local/lib/python3.12/site-packages/airflow/operators/python.py", line 235, in execute
    return_value = self.execute_callable()
                   ^^^^^^^^^^^^^^^^^^^^^^^
  File "/home/airflow/.local/lib/python3.12/site-packages/airflow/operators/python.py", line 252, in execute_callable
    return self.python_callable(*self.op_args, **self.op_kwargs)
           ^^^^^^^^^^^^^^^^^^^^^^^^^^^^^^^^^^^^^^^^^^^^^^^^^^^^^
  File "/opt/airflow/dags/etl_pipeline.py", line 13, in transformar
    df = pd.read_csv('data/dados_covid_extraidos.csv')
         ^^^^^^^^^^^^^^^^^^^^^^^^^^^^^^^^^^^^^^^^^^^^^
  File "/home/airflow/.local/lib/python3.12/site-packages/pandas/io/parsers/readers.py", line 948, in read_csv
    return _read(filepath_or_buffer, kwds)
           ^^^^^^^^^^^^^^^^^^^^^^^^^^^^^^^
  File "/home/airflow/.local/lib/python3.12/site-packages/pandas/io/parsers/readers.py", line 617, in _read
    return parser.read(nrows)
           ^^^^^^^^^^^^^^^^^^
  File "/home/airflow/.local/lib/python3.12/site-packages/pandas/io/parsers/readers.py", line 1748, in read
    ) = self._engine.read(  # type: ignore[attr-defined]
        ^^^^^^^^^^^^^^^^^^^^^^^^^^^^^^^^^^^^^^^^^^^^^^^^
  File "/home/airflow/.local/lib/python3.12/site-packages/pandas/io/parsers/c_parser_wrapper.py", line 234, in read
    chunks = self._reader.read_low_memory(nrows)
             ^^^^^^^^^^^^^^^^^^^^^^^^^^^^^^^^^^^
  File "parsers.pyx", line 843, in pandas._libs.parsers.TextReader.read_low_memory
  File "parsers.pyx", line 904, in pandas._libs.parsers.TextReader._read_rows
  File "parsers.pyx", line 879, in pandas._libs.parsers.TextReader._tokenize_rows
  File "parsers.pyx", line 890, in pandas._libs.parsers.TextReader._check_tokenize_status
  File "parsers.pyx", line 2058, in pandas._libs.parsers.raise_parser_error
pandas.errors.ParserError: Error tokenizing data. C error: Expected 1 fields in line 7201, saw 2

[2024-10-02T17:28:35.148+0000] {taskinstance.py:1206} INFO - Marking task as FAILED. dag_id=etl_covid_europa_pipeline, task_id=transformar, run_id=scheduled__2024-04-01T00:00:00+00:00, execution_date=20240401T000000, start_date=20241002T172834, end_date=20241002T172835
[2024-10-02T17:28:35.157+0000] {standard_task_runner.py:110} ERROR - Failed to execute job 330 for task transformar (Error tokenizing data. C error: Expected 1 fields in line 7201, saw 2
; 2187)
[2024-10-02T17:28:35.186+0000] {local_task_job_runner.py:240} INFO - Task exited with return code 1
[2024-10-02T17:28:35.204+0000] {taskinstance.py:3503} INFO - 0 downstream tasks scheduled from follow-on schedule check
[2024-10-02T17:28:35.208+0000] {local_task_job_runner.py:222} INFO - ::endgroup::
[2024-10-02T19:01:06.522+0000] {local_task_job_runner.py:120} INFO - ::group::Pre task execution logs
[2024-10-02T19:01:06.544+0000] {taskinstance.py:2076} INFO - Dependencies all met for dep_context=non-requeueable deps ti=<TaskInstance: etl_covid_europa_pipeline.transformar scheduled__2024-04-01T00:00:00+00:00 [queued]>
[2024-10-02T19:01:06.554+0000] {taskinstance.py:2076} INFO - Dependencies all met for dep_context=requeueable deps ti=<TaskInstance: etl_covid_europa_pipeline.transformar scheduled__2024-04-01T00:00:00+00:00 [queued]>
[2024-10-02T19:01:06.555+0000] {taskinstance.py:2306} INFO - Starting attempt 1 of 1
[2024-10-02T19:01:06.779+0000] {taskinstance.py:2330} INFO - Executing <Task(PythonOperator): transformar> on 2024-04-01 00:00:00+00:00
[2024-10-02T19:01:06.787+0000] {warnings.py:112} WARNING - /home/***/.local/lib/python3.12/site-packages/***/task/task_runner/standard_task_runner.py:61: DeprecationWarning: This process (pid=6881) is multi-threaded, use of fork() may lead to deadlocks in the child.
  pid = os.fork()

[2024-10-02T19:01:06.788+0000] {standard_task_runner.py:63} INFO - Started process 6896 to run task
[2024-10-02T19:01:06.788+0000] {standard_task_runner.py:90} INFO - Running: ['***', 'tasks', 'run', 'etl_covid_europa_pipeline', 'transformar', 'scheduled__2024-04-01T00:00:00+00:00', '--job-id', '1497', '--raw', '--subdir', 'DAGS_FOLDER/etl_pipeline.py', '--cfg-path', '/tmp/tmpsocm0btz']
[2024-10-02T19:01:06.790+0000] {standard_task_runner.py:91} INFO - Job 1497: Subtask transformar
[2024-10-02T19:01:06.837+0000] {task_command.py:426} INFO - Running <TaskInstance: etl_covid_europa_pipeline.transformar scheduled__2024-04-01T00:00:00+00:00 [running]> on host 99de7dfc3871
[2024-10-02T19:01:06.928+0000] {taskinstance.py:2648} INFO - Exporting env vars: AIRFLOW_CTX_DAG_OWNER='***' AIRFLOW_CTX_DAG_ID='etl_covid_europa_pipeline' AIRFLOW_CTX_TASK_ID='transformar' AIRFLOW_CTX_EXECUTION_DATE='2024-04-01T00:00:00+00:00' AIRFLOW_CTX_TRY_NUMBER='1' AIRFLOW_CTX_DAG_RUN_ID='scheduled__2024-04-01T00:00:00+00:00'
[2024-10-02T19:01:06.930+0000] {taskinstance.py:430} INFO - ::endgroup::
[2024-10-02T19:01:07.090+0000] {python.py:237} INFO - Done. Returned value was: None
[2024-10-02T19:01:07.091+0000] {taskinstance.py:441} INFO - ::group::Post task execution logs
[2024-10-02T19:01:07.100+0000] {taskinstance.py:1206} INFO - Marking task as SUCCESS. dag_id=etl_covid_europa_pipeline, task_id=transformar, run_id=scheduled__2024-04-01T00:00:00+00:00, execution_date=20240401T000000, start_date=20241002T190106, end_date=20241002T190107
[2024-10-02T19:01:07.163+0000] {local_task_job_runner.py:240} INFO - Task exited with return code 0
[2024-10-02T19:01:07.183+0000] {taskinstance.py:3503} INFO - 1 downstream tasks scheduled from follow-on schedule check
[2024-10-02T19:01:07.186+0000] {local_task_job_runner.py:222} INFO - ::endgroup::
[2024-10-02T19:27:18.050+0000] {local_task_job_runner.py:120} INFO - ::group::Pre task execution logs
[2024-10-02T19:27:18.497+0000] {taskinstance.py:2076} INFO - Dependencies all met for dep_context=non-requeueable deps ti=<TaskInstance: etl_covid_europa_pipeline.transformar scheduled__2024-04-01T00:00:00+00:00 [queued]>
[2024-10-02T19:27:18.523+0000] {taskinstance.py:2076} INFO - Dependencies all met for dep_context=requeueable deps ti=<TaskInstance: etl_covid_europa_pipeline.transformar scheduled__2024-04-01T00:00:00+00:00 [queued]>
[2024-10-02T19:27:18.524+0000] {taskinstance.py:2306} INFO - Starting attempt 1 of 1
[2024-10-02T19:27:18.602+0000] {taskinstance.py:2330} INFO - Executing <Task(PythonOperator): transformar> on 2024-04-01 00:00:00+00:00
[2024-10-02T19:27:18.615+0000] {standard_task_runner.py:90} INFO - Running: ['***', 'tasks', 'run', 'etl_covid_europa_pipeline', 'transformar', 'scheduled__2024-04-01T00:00:00+00:00', '--job-id', '2518', '--raw', '--subdir', 'DAGS_FOLDER/etl_pipeline_agrupar_continente.py', '--cfg-path', '/tmp/tmpvf5ss72o']
[2024-10-02T19:27:18.622+0000] {warnings.py:112} WARNING - /home/***/.local/lib/python3.12/site-packages/***/task/task_runner/standard_task_runner.py:61: DeprecationWarning: This process (pid=10279) is multi-threaded, use of fork() may lead to deadlocks in the child.
  pid = os.fork()

[2024-10-02T19:27:18.629+0000] {standard_task_runner.py:63} INFO - Started process 10294 to run task
[2024-10-02T19:27:18.618+0000] {standard_task_runner.py:91} INFO - Job 2518: Subtask transformar
[2024-10-02T19:27:18.794+0000] {task_command.py:426} INFO - Running <TaskInstance: etl_covid_europa_pipeline.transformar scheduled__2024-04-01T00:00:00+00:00 [running]> on host 99de7dfc3871
[2024-10-02T19:27:18.922+0000] {taskinstance.py:2648} INFO - Exporting env vars: AIRFLOW_CTX_DAG_OWNER='***' AIRFLOW_CTX_DAG_ID='etl_covid_europa_pipeline' AIRFLOW_CTX_TASK_ID='transformar' AIRFLOW_CTX_EXECUTION_DATE='2024-04-01T00:00:00+00:00' AIRFLOW_CTX_TRY_NUMBER='1' AIRFLOW_CTX_DAG_RUN_ID='scheduled__2024-04-01T00:00:00+00:00'
[2024-10-02T19:27:18.923+0000] {taskinstance.py:430} INFO - ::endgroup::
[2024-10-02T19:27:19.147+0000] {python.py:237} INFO - Done. Returned value was: None
[2024-10-02T19:27:19.148+0000] {taskinstance.py:441} INFO - ::group::Post task execution logs
[2024-10-02T19:27:19.161+0000] {taskinstance.py:1206} INFO - Marking task as SUCCESS. dag_id=etl_covid_europa_pipeline, task_id=transformar, run_id=scheduled__2024-04-01T00:00:00+00:00, execution_date=20240401T000000, start_date=20241002T192718, end_date=20241002T192719
[2024-10-02T19:27:19.231+0000] {local_task_job_runner.py:240} INFO - Task exited with return code 0
[2024-10-02T19:27:19.265+0000] {taskinstance.py:3503} INFO - 1 downstream tasks scheduled from follow-on schedule check
[2024-10-02T19:27:19.268+0000] {local_task_job_runner.py:222} INFO - ::endgroup::
