[2024-10-02T19:00:10.696+0000] {local_task_job_runner.py:120} INFO - ::group::Pre task execution logs
[2024-10-02T19:00:10.725+0000] {taskinstance.py:2076} INFO - Dependencies all met for dep_context=non-requeueable deps ti=<TaskInstance: etl_covid_europa_pipeline.carregar scheduled__2024-02-14T00:00:00+00:00 [queued]>
[2024-10-02T19:00:10.743+0000] {taskinstance.py:2076} INFO - Dependencies all met for dep_context=requeueable deps ti=<TaskInstance: etl_covid_europa_pipeline.carregar scheduled__2024-02-14T00:00:00+00:00 [queued]>
[2024-10-02T19:00:10.744+0000] {taskinstance.py:2306} INFO - Starting attempt 1 of 1
[2024-10-02T19:00:11.064+0000] {taskinstance.py:2330} INFO - Executing <Task(PythonOperator): carregar> on 2024-02-14 00:00:00+00:00
[2024-10-02T19:00:11.076+0000] {standard_task_runner.py:90} INFO - Running: ['***', 'tasks', 'run', 'etl_covid_europa_pipeline', 'carregar', 'scheduled__2024-02-14T00:00:00+00:00', '--job-id', '1377', '--raw', '--subdir', 'DAGS_FOLDER/etl_pipeline.py', '--cfg-path', '/tmp/tmptvnu8bqs']
[2024-10-02T19:00:11.080+0000] {standard_task_runner.py:91} INFO - Job 1377: Subtask carregar
[2024-10-02T19:00:11.080+0000] {warnings.py:112} WARNING - /home/***/.local/lib/python3.12/site-packages/***/task/task_runner/standard_task_runner.py:61: DeprecationWarning: This process (pid=6506) is multi-threaded, use of fork() may lead to deadlocks in the child.
  pid = os.fork()

[2024-10-02T19:00:11.081+0000] {standard_task_runner.py:63} INFO - Started process 6527 to run task
[2024-10-02T19:00:11.152+0000] {task_command.py:426} INFO - Running <TaskInstance: etl_covid_europa_pipeline.carregar scheduled__2024-02-14T00:00:00+00:00 [running]> on host 99de7dfc3871
[2024-10-02T19:00:11.296+0000] {taskinstance.py:2648} INFO - Exporting env vars: AIRFLOW_CTX_DAG_OWNER='***' AIRFLOW_CTX_DAG_ID='etl_covid_europa_pipeline' AIRFLOW_CTX_TASK_ID='carregar' AIRFLOW_CTX_EXECUTION_DATE='2024-02-14T00:00:00+00:00' AIRFLOW_CTX_TRY_NUMBER='1' AIRFLOW_CTX_DAG_RUN_ID='scheduled__2024-02-14T00:00:00+00:00'
[2024-10-02T19:00:11.298+0000] {taskinstance.py:430} INFO - ::endgroup::
[2024-10-02T19:00:11.399+0000] {python.py:237} INFO - Done. Returned value was: None
[2024-10-02T19:00:11.401+0000] {taskinstance.py:441} INFO - ::group::Post task execution logs
[2024-10-02T19:00:11.412+0000] {taskinstance.py:1206} INFO - Marking task as SUCCESS. dag_id=etl_covid_europa_pipeline, task_id=carregar, run_id=scheduled__2024-02-14T00:00:00+00:00, execution_date=20240214T000000, start_date=20241002T190010, end_date=20241002T190011
[2024-10-02T19:00:11.458+0000] {local_task_job_runner.py:240} INFO - Task exited with return code 0
[2024-10-02T19:00:11.486+0000] {taskinstance.py:3503} INFO - 0 downstream tasks scheduled from follow-on schedule check
[2024-10-02T19:00:11.490+0000] {local_task_job_runner.py:222} INFO - ::endgroup::
[2024-10-02T19:26:11.699+0000] {local_task_job_runner.py:120} INFO - ::group::Pre task execution logs
[2024-10-02T19:26:11.726+0000] {taskinstance.py:2076} INFO - Dependencies all met for dep_context=non-requeueable deps ti=<TaskInstance: etl_covid_europa_pipeline.carregar scheduled__2024-02-14T00:00:00+00:00 [queued]>
[2024-10-02T19:26:12.046+0000] {taskinstance.py:2076} INFO - Dependencies all met for dep_context=requeueable deps ti=<TaskInstance: etl_covid_europa_pipeline.carregar scheduled__2024-02-14T00:00:00+00:00 [queued]>
[2024-10-02T19:26:12.046+0000] {taskinstance.py:2306} INFO - Starting attempt 1 of 1
[2024-10-02T19:26:12.064+0000] {taskinstance.py:2330} INFO - Executing <Task(PythonOperator): carregar> on 2024-02-14 00:00:00+00:00
[2024-10-02T19:26:12.074+0000] {warnings.py:112} WARNING - /home/***/.local/lib/python3.12/site-packages/***/task/task_runner/standard_task_runner.py:61: DeprecationWarning: This process (pid=9864) is multi-threaded, use of fork() may lead to deadlocks in the child.
  pid = os.fork()

[2024-10-02T19:26:12.076+0000] {standard_task_runner.py:63} INFO - Started process 9878 to run task
[2024-10-02T19:26:12.075+0000] {standard_task_runner.py:90} INFO - Running: ['***', 'tasks', 'run', 'etl_covid_europa_pipeline', 'carregar', 'scheduled__2024-02-14T00:00:00+00:00', '--job-id', '2385', '--raw', '--subdir', 'DAGS_FOLDER/etl_pipeline.py', '--cfg-path', '/tmp/tmplx1fg8vz']
[2024-10-02T19:26:12.079+0000] {standard_task_runner.py:91} INFO - Job 2385: Subtask carregar
[2024-10-02T19:26:12.141+0000] {task_command.py:426} INFO - Running <TaskInstance: etl_covid_europa_pipeline.carregar scheduled__2024-02-14T00:00:00+00:00 [running]> on host 99de7dfc3871
[2024-10-02T19:26:12.256+0000] {taskinstance.py:2648} INFO - Exporting env vars: AIRFLOW_CTX_DAG_OWNER='***' AIRFLOW_CTX_DAG_ID='etl_covid_europa_pipeline' AIRFLOW_CTX_TASK_ID='carregar' AIRFLOW_CTX_EXECUTION_DATE='2024-02-14T00:00:00+00:00' AIRFLOW_CTX_TRY_NUMBER='1' AIRFLOW_CTX_DAG_RUN_ID='scheduled__2024-02-14T00:00:00+00:00'
[2024-10-02T19:26:12.262+0000] {taskinstance.py:430} INFO - ::endgroup::
[2024-10-02T19:26:12.336+0000] {python.py:237} INFO - Done. Returned value was: None
[2024-10-02T19:26:12.337+0000] {taskinstance.py:441} INFO - ::group::Post task execution logs
[2024-10-02T19:26:12.345+0000] {taskinstance.py:1206} INFO - Marking task as SUCCESS. dag_id=etl_covid_europa_pipeline, task_id=carregar, run_id=scheduled__2024-02-14T00:00:00+00:00, execution_date=20240214T000000, start_date=20241002T192611, end_date=20241002T192612
[2024-10-02T19:26:12.371+0000] {local_task_job_runner.py:240} INFO - Task exited with return code 0
[2024-10-02T19:26:12.393+0000] {taskinstance.py:3503} INFO - 0 downstream tasks scheduled from follow-on schedule check
[2024-10-02T19:26:12.397+0000] {local_task_job_runner.py:222} INFO - ::endgroup::
