[2024-10-02T17:27:06.755+0000] {local_task_job_runner.py:120} INFO - ::group::Pre task execution logs
[2024-10-02T17:27:06.785+0000] {taskinstance.py:2076} INFO - Dependencies all met for dep_context=non-requeueable deps ti=<TaskInstance: etl_covid_europa_pipeline.extrair scheduled__2024-01-21T00:00:00+00:00 [queued]>
[2024-10-02T17:27:06.794+0000] {taskinstance.py:2076} INFO - Dependencies all met for dep_context=requeueable deps ti=<TaskInstance: etl_covid_europa_pipeline.extrair scheduled__2024-01-21T00:00:00+00:00 [queued]>
[2024-10-02T17:27:06.795+0000] {taskinstance.py:2306} INFO - Starting attempt 1 of 1
[2024-10-02T17:27:06.812+0000] {taskinstance.py:2330} INFO - Executing <Task(PythonOperator): extrair> on 2024-01-21 00:00:00+00:00
[2024-10-02T17:27:06.819+0000] {warnings.py:112} WARNING - /home/***/.local/lib/python3.12/site-packages/***/task/task_runner/standard_task_runner.py:61: DeprecationWarning: This process (pid=1796) is multi-threaded, use of fork() may lead to deadlocks in the child.
  pid = os.fork()

[2024-10-02T17:27:06.820+0000] {standard_task_runner.py:63} INFO - Started process 1808 to run task
[2024-10-02T17:27:06.820+0000] {standard_task_runner.py:90} INFO - Running: ['***', 'tasks', 'run', 'etl_covid_europa_pipeline', 'extrair', 'scheduled__2024-01-21T00:00:00+00:00', '--job-id', '208', '--raw', '--subdir', 'DAGS_FOLDER/etl_pipeline.py', '--cfg-path', '/tmp/tmp4b2xamg6']
[2024-10-02T17:27:06.823+0000] {standard_task_runner.py:91} INFO - Job 208: Subtask extrair
[2024-10-02T17:27:07.071+0000] {task_command.py:426} INFO - Running <TaskInstance: etl_covid_europa_pipeline.extrair scheduled__2024-01-21T00:00:00+00:00 [running]> on host 99de7dfc3871
[2024-10-02T17:27:07.163+0000] {taskinstance.py:2648} INFO - Exporting env vars: AIRFLOW_CTX_DAG_OWNER='***' AIRFLOW_CTX_DAG_ID='etl_covid_europa_pipeline' AIRFLOW_CTX_TASK_ID='extrair' AIRFLOW_CTX_EXECUTION_DATE='2024-01-21T00:00:00+00:00' AIRFLOW_CTX_TRY_NUMBER='1' AIRFLOW_CTX_DAG_RUN_ID='scheduled__2024-01-21T00:00:00+00:00'
[2024-10-02T17:27:07.164+0000] {taskinstance.py:430} INFO - ::endgroup::
[2024-10-02T17:27:12.986+0000] {taskinstance.py:441} INFO - ::group::Post task execution logs
[2024-10-02T17:27:12.987+0000] {taskinstance.py:2905} ERROR - Task failed with exception
Traceback (most recent call last):
  File "/home/airflow/.local/lib/python3.12/site-packages/airflow/models/taskinstance.py", line 465, in _execute_task
    result = _execute_callable(context=context, **execute_callable_kwargs)
             ^^^^^^^^^^^^^^^^^^^^^^^^^^^^^^^^^^^^^^^^^^^^^^^^^^^^^^^^^^^^^
  File "/home/airflow/.local/lib/python3.12/site-packages/airflow/models/taskinstance.py", line 432, in _execute_callable
    return execute_callable(context=context, **execute_callable_kwargs)
           ^^^^^^^^^^^^^^^^^^^^^^^^^^^^^^^^^^^^^^^^^^^^^^^^^^^^^^^^^^^^
  File "/home/airflow/.local/lib/python3.12/site-packages/airflow/models/baseoperator.py", line 401, in wrapper
    return func(self, *args, **kwargs)
           ^^^^^^^^^^^^^^^^^^^^^^^^^^^
  File "/home/airflow/.local/lib/python3.12/site-packages/airflow/operators/python.py", line 235, in execute
    return_value = self.execute_callable()
                   ^^^^^^^^^^^^^^^^^^^^^^^
  File "/home/airflow/.local/lib/python3.12/site-packages/airflow/operators/python.py", line 252, in execute_callable
    return self.python_callable(*self.op_args, **self.op_kwargs)
           ^^^^^^^^^^^^^^^^^^^^^^^^^^^^^^^^^^^^^^^^^^^^^^^^^^^^^
  File "/opt/airflow/dags/etl_pipeline.py", line 10, in extrair
    df.to_csv('data/dados_covid_extraidos.csv', index=False)
  File "/home/airflow/.local/lib/python3.12/site-packages/pandas/core/generic.py", line 3902, in to_csv
    return DataFrameRenderer(formatter).to_csv(
           ^^^^^^^^^^^^^^^^^^^^^^^^^^^^^^^^^^^^
  File "/home/airflow/.local/lib/python3.12/site-packages/pandas/io/formats/format.py", line 1152, in to_csv
    csv_formatter.save()
  File "/home/airflow/.local/lib/python3.12/site-packages/pandas/io/formats/csvs.py", line 247, in save
    with get_handle(
         ^^^^^^^^^^^
  File "/home/airflow/.local/lib/python3.12/site-packages/pandas/io/common.py", line 863, in get_handle
    handle = open(
             ^^^^^
PermissionError: [Errno 13] Permission denied: 'data/dados_covid_extraidos.csv'
[2024-10-02T17:27:13.002+0000] {taskinstance.py:1206} INFO - Marking task as FAILED. dag_id=etl_covid_europa_pipeline, task_id=extrair, run_id=scheduled__2024-01-21T00:00:00+00:00, execution_date=20240121T000000, start_date=20241002T172706, end_date=20241002T172713
[2024-10-02T17:27:13.018+0000] {standard_task_runner.py:110} ERROR - Failed to execute job 208 for task extrair ([Errno 13] Permission denied: 'data/dados_covid_extraidos.csv'; 1808)
[2024-10-02T17:27:13.041+0000] {local_task_job_runner.py:240} INFO - Task exited with return code 1
[2024-10-02T17:27:13.057+0000] {taskinstance.py:3503} INFO - 0 downstream tasks scheduled from follow-on schedule check
[2024-10-02T17:27:13.060+0000] {local_task_job_runner.py:222} INFO - ::endgroup::
[2024-10-02T18:59:06.860+0000] {local_task_job_runner.py:120} INFO - ::group::Pre task execution logs
[2024-10-02T18:59:06.882+0000] {taskinstance.py:2076} INFO - Dependencies all met for dep_context=non-requeueable deps ti=<TaskInstance: etl_covid_europa_pipeline.extrair scheduled__2024-01-21T00:00:00+00:00 [queued]>
[2024-10-02T18:59:07.111+0000] {taskinstance.py:2076} INFO - Dependencies all met for dep_context=requeueable deps ti=<TaskInstance: etl_covid_europa_pipeline.extrair scheduled__2024-01-21T00:00:00+00:00 [queued]>
[2024-10-02T18:59:07.112+0000] {taskinstance.py:2306} INFO - Starting attempt 1 of 1
[2024-10-02T18:59:07.128+0000] {taskinstance.py:2330} INFO - Executing <Task(PythonOperator): extrair> on 2024-01-21 00:00:00+00:00
[2024-10-02T18:59:07.133+0000] {warnings.py:112} WARNING - /home/***/.local/lib/python3.12/site-packages/***/task/task_runner/standard_task_runner.py:61: DeprecationWarning: This process (pid=6160) is multi-threaded, use of fork() may lead to deadlocks in the child.
  pid = os.fork()

[2024-10-02T18:59:07.135+0000] {standard_task_runner.py:63} INFO - Started process 6166 to run task
[2024-10-02T18:59:07.134+0000] {standard_task_runner.py:90} INFO - Running: ['***', 'tasks', 'run', 'etl_covid_europa_pipeline', 'extrair', 'scheduled__2024-01-21T00:00:00+00:00', '--job-id', '1266', '--raw', '--subdir', 'DAGS_FOLDER/etl_pipeline.py', '--cfg-path', '/tmp/tmpnm07tb6g']
[2024-10-02T18:59:07.137+0000] {standard_task_runner.py:91} INFO - Job 1266: Subtask extrair
[2024-10-02T18:59:07.179+0000] {task_command.py:426} INFO - Running <TaskInstance: etl_covid_europa_pipeline.extrair scheduled__2024-01-21T00:00:00+00:00 [running]> on host 99de7dfc3871
[2024-10-02T18:59:07.265+0000] {taskinstance.py:2648} INFO - Exporting env vars: AIRFLOW_CTX_DAG_OWNER='***' AIRFLOW_CTX_DAG_ID='etl_covid_europa_pipeline' AIRFLOW_CTX_TASK_ID='extrair' AIRFLOW_CTX_EXECUTION_DATE='2024-01-21T00:00:00+00:00' AIRFLOW_CTX_TRY_NUMBER='1' AIRFLOW_CTX_DAG_RUN_ID='scheduled__2024-01-21T00:00:00+00:00'
[2024-10-02T18:59:07.269+0000] {taskinstance.py:430} INFO - ::endgroup::
[2024-10-02T18:59:13.759+0000] {python.py:237} INFO - Done. Returned value was: None
[2024-10-02T18:59:13.761+0000] {taskinstance.py:441} INFO - ::group::Post task execution logs
[2024-10-02T18:59:13.777+0000] {taskinstance.py:1206} INFO - Marking task as SUCCESS. dag_id=etl_covid_europa_pipeline, task_id=extrair, run_id=scheduled__2024-01-21T00:00:00+00:00, execution_date=20240121T000000, start_date=20241002T185906, end_date=20241002T185913
[2024-10-02T18:59:13.831+0000] {local_task_job_runner.py:240} INFO - Task exited with return code 0
[2024-10-02T18:59:13.865+0000] {taskinstance.py:3503} INFO - 1 downstream tasks scheduled from follow-on schedule check
[2024-10-02T18:59:13.869+0000] {local_task_job_runner.py:222} INFO - ::endgroup::
[2024-10-02T19:25:38.064+0000] {local_task_job_runner.py:120} INFO - ::group::Pre task execution logs
[2024-10-02T19:25:38.092+0000] {taskinstance.py:2076} INFO - Dependencies all met for dep_context=non-requeueable deps ti=<TaskInstance: etl_covid_europa_pipeline.extrair scheduled__2024-01-21T00:00:00+00:00 [queued]>
[2024-10-02T19:25:38.320+0000] {taskinstance.py:2076} INFO - Dependencies all met for dep_context=requeueable deps ti=<TaskInstance: etl_covid_europa_pipeline.extrair scheduled__2024-01-21T00:00:00+00:00 [queued]>
[2024-10-02T19:25:38.321+0000] {taskinstance.py:2306} INFO - Starting attempt 1 of 1
[2024-10-02T19:25:38.398+0000] {taskinstance.py:2330} INFO - Executing <Task(PythonOperator): extrair> on 2024-01-21 00:00:00+00:00
[2024-10-02T19:25:38.406+0000] {warnings.py:112} WARNING - /home/***/.local/lib/python3.12/site-packages/***/task/task_runner/standard_task_runner.py:61: DeprecationWarning: This process (pid=9614) is multi-threaded, use of fork() may lead to deadlocks in the child.
  pid = os.fork()

[2024-10-02T19:25:38.409+0000] {standard_task_runner.py:63} INFO - Started process 9630 to run task
[2024-10-02T19:25:38.410+0000] {standard_task_runner.py:90} INFO - Running: ['***', 'tasks', 'run', 'etl_covid_europa_pipeline', 'extrair', 'scheduled__2024-01-21T00:00:00+00:00', '--job-id', '2303', '--raw', '--subdir', 'DAGS_FOLDER/etl_pipeline.py', '--cfg-path', '/tmp/tmpdw9z1c_r']
[2024-10-02T19:25:38.414+0000] {standard_task_runner.py:91} INFO - Job 2303: Subtask extrair
[2024-10-02T19:25:38.461+0000] {task_command.py:426} INFO - Running <TaskInstance: etl_covid_europa_pipeline.extrair scheduled__2024-01-21T00:00:00+00:00 [running]> on host 99de7dfc3871
[2024-10-02T19:25:38.551+0000] {taskinstance.py:2648} INFO - Exporting env vars: AIRFLOW_CTX_DAG_OWNER='***' AIRFLOW_CTX_DAG_ID='etl_covid_europa_pipeline' AIRFLOW_CTX_TASK_ID='extrair' AIRFLOW_CTX_EXECUTION_DATE='2024-01-21T00:00:00+00:00' AIRFLOW_CTX_TRY_NUMBER='1' AIRFLOW_CTX_DAG_RUN_ID='scheduled__2024-01-21T00:00:00+00:00'
[2024-10-02T19:25:38.554+0000] {taskinstance.py:430} INFO - ::endgroup::
[2024-10-02T19:25:43.963+0000] {python.py:237} INFO - Done. Returned value was: None
[2024-10-02T19:25:43.963+0000] {taskinstance.py:441} INFO - ::group::Post task execution logs
[2024-10-02T19:25:43.970+0000] {taskinstance.py:1206} INFO - Marking task as SUCCESS. dag_id=etl_covid_europa_pipeline, task_id=extrair, run_id=scheduled__2024-01-21T00:00:00+00:00, execution_date=20240121T000000, start_date=20241002T192538, end_date=20241002T192543
[2024-10-02T19:25:43.992+0000] {local_task_job_runner.py:240} INFO - Task exited with return code 0
[2024-10-02T19:25:44.015+0000] {taskinstance.py:3503} INFO - 1 downstream tasks scheduled from follow-on schedule check
[2024-10-02T19:25:44.017+0000] {local_task_job_runner.py:222} INFO - ::endgroup::
