[2024-10-02T18:59:14.810+0000] {local_task_job_runner.py:120} INFO - ::group::Pre task execution logs
[2024-10-02T18:59:14.869+0000] {taskinstance.py:2076} INFO - Dependencies all met for dep_context=non-requeueable deps ti=<TaskInstance: etl_covid_europa_pipeline.carregar scheduled__2024-01-12T00:00:00+00:00 [queued]>
[2024-10-02T18:59:15.273+0000] {taskinstance.py:2076} INFO - Dependencies all met for dep_context=requeueable deps ti=<TaskInstance: etl_covid_europa_pipeline.carregar scheduled__2024-01-12T00:00:00+00:00 [queued]>
[2024-10-02T18:59:15.275+0000] {taskinstance.py:2306} INFO - Starting attempt 1 of 1
[2024-10-02T18:59:15.302+0000] {taskinstance.py:2330} INFO - Executing <Task(PythonOperator): carregar> on 2024-01-12 00:00:00+00:00
[2024-10-02T18:59:15.315+0000] {warnings.py:112} WARNING - /home/***/.local/lib/python3.12/site-packages/***/task/task_runner/standard_task_runner.py:61: DeprecationWarning: This process (pid=6207) is multi-threaded, use of fork() may lead to deadlocks in the child.
  pid = os.fork()

[2024-10-02T18:59:15.318+0000] {standard_task_runner.py:63} INFO - Started process 6223 to run task
[2024-10-02T18:59:15.316+0000] {standard_task_runner.py:90} INFO - Running: ['***', 'tasks', 'run', 'etl_covid_europa_pipeline', 'carregar', 'scheduled__2024-01-12T00:00:00+00:00', '--job-id', '1281', '--raw', '--subdir', 'DAGS_FOLDER/etl_pipeline.py', '--cfg-path', '/tmp/tmp8h6tpnxy']
[2024-10-02T18:59:15.320+0000] {standard_task_runner.py:91} INFO - Job 1281: Subtask carregar
[2024-10-02T18:59:15.389+0000] {task_command.py:426} INFO - Running <TaskInstance: etl_covid_europa_pipeline.carregar scheduled__2024-01-12T00:00:00+00:00 [running]> on host 99de7dfc3871
[2024-10-02T18:59:15.503+0000] {taskinstance.py:2648} INFO - Exporting env vars: AIRFLOW_CTX_DAG_OWNER='***' AIRFLOW_CTX_DAG_ID='etl_covid_europa_pipeline' AIRFLOW_CTX_TASK_ID='carregar' AIRFLOW_CTX_EXECUTION_DATE='2024-01-12T00:00:00+00:00' AIRFLOW_CTX_TRY_NUMBER='1' AIRFLOW_CTX_DAG_RUN_ID='scheduled__2024-01-12T00:00:00+00:00'
[2024-10-02T18:59:15.508+0000] {taskinstance.py:430} INFO - ::endgroup::
[2024-10-02T18:59:15.601+0000] {python.py:237} INFO - Done. Returned value was: None
[2024-10-02T18:59:15.601+0000] {taskinstance.py:441} INFO - ::group::Post task execution logs
[2024-10-02T18:59:15.613+0000] {taskinstance.py:1206} INFO - Marking task as SUCCESS. dag_id=etl_covid_europa_pipeline, task_id=carregar, run_id=scheduled__2024-01-12T00:00:00+00:00, execution_date=20240112T000000, start_date=20241002T185914, end_date=20241002T185915
[2024-10-02T18:59:15.653+0000] {local_task_job_runner.py:240} INFO - Task exited with return code 0
[2024-10-02T18:59:15.664+0000] {local_task_job_runner.py:222} INFO - ::endgroup::
[2024-10-02T19:25:33.083+0000] {local_task_job_runner.py:120} INFO - ::group::Pre task execution logs
[2024-10-02T19:25:33.114+0000] {taskinstance.py:2076} INFO - Dependencies all met for dep_context=non-requeueable deps ti=<TaskInstance: etl_covid_europa_pipeline.carregar scheduled__2024-01-12T00:00:00+00:00 [queued]>
[2024-10-02T19:25:33.399+0000] {taskinstance.py:2076} INFO - Dependencies all met for dep_context=requeueable deps ti=<TaskInstance: etl_covid_europa_pipeline.carregar scheduled__2024-01-12T00:00:00+00:00 [queued]>
[2024-10-02T19:25:33.401+0000] {taskinstance.py:2306} INFO - Starting attempt 1 of 1
[2024-10-02T19:25:33.447+0000] {taskinstance.py:2330} INFO - Executing <Task(PythonOperator): carregar> on 2024-01-12 00:00:00+00:00
[2024-10-02T19:25:33.458+0000] {warnings.py:112} WARNING - /home/***/.local/lib/python3.12/site-packages/***/task/task_runner/standard_task_runner.py:61: DeprecationWarning: This process (pid=9582) is multi-threaded, use of fork() may lead to deadlocks in the child.
  pid = os.fork()

[2024-10-02T19:25:33.460+0000] {standard_task_runner.py:63} INFO - Started process 9601 to run task
[2024-10-02T19:25:33.460+0000] {standard_task_runner.py:90} INFO - Running: ['***', 'tasks', 'run', 'etl_covid_europa_pipeline', 'carregar', 'scheduled__2024-01-12T00:00:00+00:00', '--job-id', '2294', '--raw', '--subdir', 'DAGS_FOLDER/etl_pipeline.py', '--cfg-path', '/tmp/tmpjb0s2ugv']
[2024-10-02T19:25:33.463+0000] {standard_task_runner.py:91} INFO - Job 2294: Subtask carregar
[2024-10-02T19:25:33.542+0000] {task_command.py:426} INFO - Running <TaskInstance: etl_covid_europa_pipeline.carregar scheduled__2024-01-12T00:00:00+00:00 [running]> on host 99de7dfc3871
[2024-10-02T19:25:33.686+0000] {taskinstance.py:2648} INFO - Exporting env vars: AIRFLOW_CTX_DAG_OWNER='***' AIRFLOW_CTX_DAG_ID='etl_covid_europa_pipeline' AIRFLOW_CTX_TASK_ID='carregar' AIRFLOW_CTX_EXECUTION_DATE='2024-01-12T00:00:00+00:00' AIRFLOW_CTX_TRY_NUMBER='1' AIRFLOW_CTX_DAG_RUN_ID='scheduled__2024-01-12T00:00:00+00:00'
[2024-10-02T19:25:33.699+0000] {taskinstance.py:430} INFO - ::endgroup::
[2024-10-02T19:25:33.950+0000] {python.py:237} INFO - Done. Returned value was: None
[2024-10-02T19:25:33.952+0000] {taskinstance.py:441} INFO - ::group::Post task execution logs
[2024-10-02T19:25:33.971+0000] {taskinstance.py:1206} INFO - Marking task as SUCCESS. dag_id=etl_covid_europa_pipeline, task_id=carregar, run_id=scheduled__2024-01-12T00:00:00+00:00, execution_date=20240112T000000, start_date=20241002T192533, end_date=20241002T192533
[2024-10-02T19:25:34.038+0000] {local_task_job_runner.py:240} INFO - Task exited with return code 0
[2024-10-02T19:25:34.058+0000] {taskinstance.py:3503} INFO - 0 downstream tasks scheduled from follow-on schedule check
[2024-10-02T19:25:34.062+0000] {local_task_job_runner.py:222} INFO - ::endgroup::
