[2024-10-02T17:26:13.627+0000] {local_task_job_runner.py:120} INFO - ::group::Pre task execution logs
[2024-10-02T17:26:13.655+0000] {taskinstance.py:2076} INFO - Dependencies all met for dep_context=non-requeueable deps ti=<TaskInstance: etl_covid_europa_pipeline.transformar scheduled__2023-11-24T00:00:00+00:00 [queued]>
[2024-10-02T17:26:13.669+0000] {taskinstance.py:2076} INFO - Dependencies all met for dep_context=requeueable deps ti=<TaskInstance: etl_covid_europa_pipeline.transformar scheduled__2023-11-24T00:00:00+00:00 [queued]>
[2024-10-02T17:26:13.670+0000] {taskinstance.py:2306} INFO - Starting attempt 1 of 1
[2024-10-02T17:26:13.689+0000] {taskinstance.py:2330} INFO - Executing <Task(PythonOperator): transformar> on 2023-11-24 00:00:00+00:00
[2024-10-02T17:26:13.695+0000] {warnings.py:112} WARNING - /home/***/.local/lib/python3.12/site-packages/***/task/task_runner/standard_task_runner.py:61: DeprecationWarning: This process (pid=1533) is multi-threaded, use of fork() may lead to deadlocks in the child.
  pid = os.fork()

[2024-10-02T17:26:13.697+0000] {standard_task_runner.py:63} INFO - Started process 1539 to run task
[2024-10-02T17:26:13.697+0000] {standard_task_runner.py:90} INFO - Running: ['***', 'tasks', 'run', 'etl_covid_europa_pipeline', 'transformar', 'scheduled__2023-11-24T00:00:00+00:00', '--job-id', '122', '--raw', '--subdir', 'DAGS_FOLDER/etl_pipeline.py', '--cfg-path', '/tmp/tmptq2olj17']
[2024-10-02T17:26:13.699+0000] {standard_task_runner.py:91} INFO - Job 122: Subtask transformar
[2024-10-02T17:26:13.952+0000] {task_command.py:426} INFO - Running <TaskInstance: etl_covid_europa_pipeline.transformar scheduled__2023-11-24T00:00:00+00:00 [running]> on host 99de7dfc3871
[2024-10-02T17:26:14.041+0000] {taskinstance.py:2648} INFO - Exporting env vars: AIRFLOW_CTX_DAG_OWNER='***' AIRFLOW_CTX_DAG_ID='etl_covid_europa_pipeline' AIRFLOW_CTX_TASK_ID='transformar' AIRFLOW_CTX_EXECUTION_DATE='2023-11-24T00:00:00+00:00' AIRFLOW_CTX_TRY_NUMBER='1' AIRFLOW_CTX_DAG_RUN_ID='scheduled__2023-11-24T00:00:00+00:00'
[2024-10-02T17:26:14.042+0000] {taskinstance.py:430} INFO - ::endgroup::
[2024-10-02T17:26:14.235+0000] {taskinstance.py:441} INFO - ::group::Post task execution logs
[2024-10-02T17:26:14.236+0000] {taskinstance.py:2905} ERROR - Task failed with exception
Traceback (most recent call last):
  File "/home/airflow/.local/lib/python3.12/site-packages/airflow/models/taskinstance.py", line 465, in _execute_task
    result = _execute_callable(context=context, **execute_callable_kwargs)
             ^^^^^^^^^^^^^^^^^^^^^^^^^^^^^^^^^^^^^^^^^^^^^^^^^^^^^^^^^^^^^
  File "/home/airflow/.local/lib/python3.12/site-packages/airflow/models/taskinstance.py", line 432, in _execute_callable
    return execute_callable(context=context, **execute_callable_kwargs)
           ^^^^^^^^^^^^^^^^^^^^^^^^^^^^^^^^^^^^^^^^^^^^^^^^^^^^^^^^^^^^
  File "/home/airflow/.local/lib/python3.12/site-packages/airflow/models/baseoperator.py", line 401, in wrapper
    return func(self, *args, **kwargs)
           ^^^^^^^^^^^^^^^^^^^^^^^^^^^
  File "/home/airflow/.local/lib/python3.12/site-packages/airflow/operators/python.py", line 235, in execute
    return_value = self.execute_callable()
                   ^^^^^^^^^^^^^^^^^^^^^^^
  File "/home/airflow/.local/lib/python3.12/site-packages/airflow/operators/python.py", line 252, in execute_callable
    return self.python_callable(*self.op_args, **self.op_kwargs)
           ^^^^^^^^^^^^^^^^^^^^^^^^^^^^^^^^^^^^^^^^^^^^^^^^^^^^^
  File "/opt/airflow/dags/etl_pipeline.py", line 17, in transformar
    df_agrupada = df.groupby('ContinentExp')[['cases', 'deaths']].sum().reset_index()
                  ^^^^^^^^^^^^^^^^^^^^^^^^^^
  File "/home/airflow/.local/lib/python3.12/site-packages/pandas/core/frame.py", line 8869, in groupby
    return DataFrameGroupBy(
           ^^^^^^^^^^^^^^^^^
  File "/home/airflow/.local/lib/python3.12/site-packages/pandas/core/groupby/groupby.py", line 1278, in __init__
    grouper, exclusions, obj = get_grouper(
                               ^^^^^^^^^^^^
  File "/home/airflow/.local/lib/python3.12/site-packages/pandas/core/groupby/grouper.py", line 1009, in get_grouper
    raise KeyError(gpr)
KeyError: 'ContinentExp'
[2024-10-02T17:26:14.252+0000] {taskinstance.py:1206} INFO - Marking task as FAILED. dag_id=etl_covid_europa_pipeline, task_id=transformar, run_id=scheduled__2023-11-24T00:00:00+00:00, execution_date=20231124T000000, start_date=20241002T172613, end_date=20241002T172614
[2024-10-02T17:26:14.266+0000] {standard_task_runner.py:110} ERROR - Failed to execute job 122 for task transformar ('ContinentExp'; 1539)
[2024-10-02T17:26:14.313+0000] {local_task_job_runner.py:240} INFO - Task exited with return code 1
[2024-10-02T17:26:14.537+0000] {taskinstance.py:3503} INFO - 0 downstream tasks scheduled from follow-on schedule check
[2024-10-02T17:26:14.542+0000] {local_task_job_runner.py:222} INFO - ::endgroup::
[2024-10-02T18:58:19.733+0000] {local_task_job_runner.py:120} INFO - ::group::Pre task execution logs
[2024-10-02T18:58:19.776+0000] {taskinstance.py:2076} INFO - Dependencies all met for dep_context=non-requeueable deps ti=<TaskInstance: etl_covid_europa_pipeline.transformar scheduled__2023-11-24T00:00:00+00:00 [queued]>
[2024-10-02T18:58:20.106+0000] {taskinstance.py:2076} INFO - Dependencies all met for dep_context=requeueable deps ti=<TaskInstance: etl_covid_europa_pipeline.transformar scheduled__2023-11-24T00:00:00+00:00 [queued]>
[2024-10-02T18:58:20.107+0000] {taskinstance.py:2306} INFO - Starting attempt 1 of 1
[2024-10-02T18:58:20.125+0000] {taskinstance.py:2330} INFO - Executing <Task(PythonOperator): transformar> on 2023-11-24 00:00:00+00:00
[2024-10-02T18:58:20.133+0000] {warnings.py:112} WARNING - /home/***/.local/lib/python3.12/site-packages/***/task/task_runner/standard_task_runner.py:61: DeprecationWarning: This process (pid=5764) is multi-threaded, use of fork() may lead to deadlocks in the child.
  pid = os.fork()

[2024-10-02T18:58:20.134+0000] {standard_task_runner.py:63} INFO - Started process 5778 to run task
[2024-10-02T18:58:20.134+0000] {standard_task_runner.py:90} INFO - Running: ['***', 'tasks', 'run', 'etl_covid_europa_pipeline', 'transformar', 'scheduled__2023-11-24T00:00:00+00:00', '--job-id', '1137', '--raw', '--subdir', 'DAGS_FOLDER/etl_pipeline.py', '--cfg-path', '/tmp/tmpwpsbkk5i']
[2024-10-02T18:58:20.136+0000] {standard_task_runner.py:91} INFO - Job 1137: Subtask transformar
[2024-10-02T18:58:20.201+0000] {task_command.py:426} INFO - Running <TaskInstance: etl_covid_europa_pipeline.transformar scheduled__2023-11-24T00:00:00+00:00 [running]> on host 99de7dfc3871
[2024-10-02T18:58:20.332+0000] {taskinstance.py:2648} INFO - Exporting env vars: AIRFLOW_CTX_DAG_OWNER='***' AIRFLOW_CTX_DAG_ID='etl_covid_europa_pipeline' AIRFLOW_CTX_TASK_ID='transformar' AIRFLOW_CTX_EXECUTION_DATE='2023-11-24T00:00:00+00:00' AIRFLOW_CTX_TRY_NUMBER='1' AIRFLOW_CTX_DAG_RUN_ID='scheduled__2023-11-24T00:00:00+00:00'
[2024-10-02T18:58:20.337+0000] {taskinstance.py:430} INFO - ::endgroup::
[2024-10-02T18:58:20.647+0000] {python.py:237} INFO - Done. Returned value was: None
[2024-10-02T18:58:20.654+0000] {taskinstance.py:441} INFO - ::group::Post task execution logs
[2024-10-02T18:58:20.684+0000] {taskinstance.py:1206} INFO - Marking task as SUCCESS. dag_id=etl_covid_europa_pipeline, task_id=transformar, run_id=scheduled__2023-11-24T00:00:00+00:00, execution_date=20231124T000000, start_date=20241002T185819, end_date=20241002T185820
[2024-10-02T18:58:20.765+0000] {local_task_job_runner.py:240} INFO - Task exited with return code 0
[2024-10-02T18:58:20.837+0000] {taskinstance.py:3503} INFO - 1 downstream tasks scheduled from follow-on schedule check
[2024-10-02T18:58:20.843+0000] {local_task_job_runner.py:222} INFO - ::endgroup::
[2024-10-02T19:24:31.135+0000] {local_task_job_runner.py:120} INFO - ::group::Pre task execution logs
[2024-10-02T19:24:31.166+0000] {taskinstance.py:2076} INFO - Dependencies all met for dep_context=non-requeueable deps ti=<TaskInstance: etl_covid_europa_pipeline.transformar scheduled__2023-11-24T00:00:00+00:00 [queued]>
[2024-10-02T19:24:31.461+0000] {taskinstance.py:2076} INFO - Dependencies all met for dep_context=requeueable deps ti=<TaskInstance: etl_covid_europa_pipeline.transformar scheduled__2023-11-24T00:00:00+00:00 [queued]>
[2024-10-02T19:24:31.462+0000] {taskinstance.py:2306} INFO - Starting attempt 1 of 1
[2024-10-02T19:24:31.488+0000] {taskinstance.py:2330} INFO - Executing <Task(PythonOperator): transformar> on 2023-11-24 00:00:00+00:00
[2024-10-02T19:24:31.496+0000] {warnings.py:112} WARNING - /home/***/.local/lib/python3.12/site-packages/***/task/task_runner/standard_task_runner.py:61: DeprecationWarning: This process (pid=9127) is multi-threaded, use of fork() may lead to deadlocks in the child.
  pid = os.fork()

[2024-10-02T19:24:31.498+0000] {standard_task_runner.py:90} INFO - Running: ['***', 'tasks', 'run', 'etl_covid_europa_pipeline', 'transformar', 'scheduled__2023-11-24T00:00:00+00:00', '--job-id', '2145', '--raw', '--subdir', 'DAGS_FOLDER/etl_pipeline.py', '--cfg-path', '/tmp/tmpn3crqc30']
[2024-10-02T19:24:31.500+0000] {standard_task_runner.py:91} INFO - Job 2145: Subtask transformar
[2024-10-02T19:24:31.500+0000] {standard_task_runner.py:63} INFO - Started process 9142 to run task
[2024-10-02T19:24:31.564+0000] {task_command.py:426} INFO - Running <TaskInstance: etl_covid_europa_pipeline.transformar scheduled__2023-11-24T00:00:00+00:00 [running]> on host 99de7dfc3871
[2024-10-02T19:24:31.678+0000] {taskinstance.py:2648} INFO - Exporting env vars: AIRFLOW_CTX_DAG_OWNER='***' AIRFLOW_CTX_DAG_ID='etl_covid_europa_pipeline' AIRFLOW_CTX_TASK_ID='transformar' AIRFLOW_CTX_EXECUTION_DATE='2023-11-24T00:00:00+00:00' AIRFLOW_CTX_TRY_NUMBER='1' AIRFLOW_CTX_DAG_RUN_ID='scheduled__2023-11-24T00:00:00+00:00'
[2024-10-02T19:24:31.682+0000] {taskinstance.py:430} INFO - ::endgroup::
[2024-10-02T19:24:31.911+0000] {python.py:237} INFO - Done. Returned value was: None
[2024-10-02T19:24:31.912+0000] {taskinstance.py:441} INFO - ::group::Post task execution logs
[2024-10-02T19:24:31.923+0000] {taskinstance.py:1206} INFO - Marking task as SUCCESS. dag_id=etl_covid_europa_pipeline, task_id=transformar, run_id=scheduled__2023-11-24T00:00:00+00:00, execution_date=20231124T000000, start_date=20241002T192431, end_date=20241002T192431
[2024-10-02T19:24:31.961+0000] {local_task_job_runner.py:240} INFO - Task exited with return code 0
[2024-10-02T19:24:31.984+0000] {taskinstance.py:3503} INFO - 1 downstream tasks scheduled from follow-on schedule check
[2024-10-02T19:24:31.989+0000] {local_task_job_runner.py:222} INFO - ::endgroup::
