[2024-10-02T19:00:11.115+0000] {local_task_job_runner.py:120} INFO - ::group::Pre task execution logs
[2024-10-02T19:00:11.158+0000] {taskinstance.py:2076} INFO - Dependencies all met for dep_context=non-requeueable deps ti=<TaskInstance: etl_covid_europa_pipeline.carregar scheduled__2024-02-11T00:00:00+00:00 [queued]>
[2024-10-02T19:00:11.449+0000] {taskinstance.py:2076} INFO - Dependencies all met for dep_context=requeueable deps ti=<TaskInstance: etl_covid_europa_pipeline.carregar scheduled__2024-02-11T00:00:00+00:00 [queued]>
[2024-10-02T19:00:11.450+0000] {taskinstance.py:2306} INFO - Starting attempt 1 of 1
[2024-10-02T19:00:11.472+0000] {taskinstance.py:2330} INFO - Executing <Task(PythonOperator): carregar> on 2024-02-11 00:00:00+00:00
[2024-10-02T19:00:11.483+0000] {warnings.py:112} WARNING - /home/***/.local/lib/python3.12/site-packages/***/task/task_runner/standard_task_runner.py:61: DeprecationWarning: This process (pid=6511) is multi-threaded, use of fork() may lead to deadlocks in the child.
  pid = os.fork()

[2024-10-02T19:00:11.485+0000] {standard_task_runner.py:63} INFO - Started process 6534 to run task
[2024-10-02T19:00:11.486+0000] {standard_task_runner.py:90} INFO - Running: ['***', 'tasks', 'run', 'etl_covid_europa_pipeline', 'carregar', 'scheduled__2024-02-11T00:00:00+00:00', '--job-id', '1380', '--raw', '--subdir', 'DAGS_FOLDER/etl_pipeline.py', '--cfg-path', '/tmp/tmpfmmj1v66']
[2024-10-02T19:00:11.489+0000] {standard_task_runner.py:91} INFO - Job 1380: Subtask carregar
[2024-10-02T19:00:11.560+0000] {task_command.py:426} INFO - Running <TaskInstance: etl_covid_europa_pipeline.carregar scheduled__2024-02-11T00:00:00+00:00 [running]> on host 99de7dfc3871
[2024-10-02T19:00:11.669+0000] {taskinstance.py:2648} INFO - Exporting env vars: AIRFLOW_CTX_DAG_OWNER='***' AIRFLOW_CTX_DAG_ID='etl_covid_europa_pipeline' AIRFLOW_CTX_TASK_ID='carregar' AIRFLOW_CTX_EXECUTION_DATE='2024-02-11T00:00:00+00:00' AIRFLOW_CTX_TRY_NUMBER='1' AIRFLOW_CTX_DAG_RUN_ID='scheduled__2024-02-11T00:00:00+00:00'
[2024-10-02T19:00:11.673+0000] {taskinstance.py:430} INFO - ::endgroup::
[2024-10-02T19:00:11.747+0000] {python.py:237} INFO - Done. Returned value was: None
[2024-10-02T19:00:11.748+0000] {taskinstance.py:441} INFO - ::group::Post task execution logs
[2024-10-02T19:00:11.758+0000] {taskinstance.py:1206} INFO - Marking task as SUCCESS. dag_id=etl_covid_europa_pipeline, task_id=carregar, run_id=scheduled__2024-02-11T00:00:00+00:00, execution_date=20240211T000000, start_date=20241002T190011, end_date=20241002T190011
[2024-10-02T19:00:11.824+0000] {local_task_job_runner.py:240} INFO - Task exited with return code 0
[2024-10-02T19:00:11.848+0000] {taskinstance.py:3503} INFO - 0 downstream tasks scheduled from follow-on schedule check
[2024-10-02T19:00:11.852+0000] {local_task_job_runner.py:222} INFO - ::endgroup::
[2024-10-02T19:26:11.698+0000] {local_task_job_runner.py:120} INFO - ::group::Pre task execution logs
[2024-10-02T19:26:11.724+0000] {taskinstance.py:2076} INFO - Dependencies all met for dep_context=non-requeueable deps ti=<TaskInstance: etl_covid_europa_pipeline.carregar scheduled__2024-02-11T00:00:00+00:00 [queued]>
[2024-10-02T19:26:11.740+0000] {taskinstance.py:2076} INFO - Dependencies all met for dep_context=requeueable deps ti=<TaskInstance: etl_covid_europa_pipeline.carregar scheduled__2024-02-11T00:00:00+00:00 [queued]>
[2024-10-02T19:26:11.741+0000] {taskinstance.py:2306} INFO - Starting attempt 1 of 1
[2024-10-02T19:26:12.065+0000] {taskinstance.py:2330} INFO - Executing <Task(PythonOperator): carregar> on 2024-02-11 00:00:00+00:00
[2024-10-02T19:26:12.078+0000] {warnings.py:112} WARNING - /home/***/.local/lib/python3.12/site-packages/***/task/task_runner/standard_task_runner.py:61: DeprecationWarning: This process (pid=9859) is multi-threaded, use of fork() may lead to deadlocks in the child.
  pid = os.fork()

[2024-10-02T19:26:12.080+0000] {standard_task_runner.py:63} INFO - Started process 9880 to run task
[2024-10-02T19:26:12.080+0000] {standard_task_runner.py:90} INFO - Running: ['***', 'tasks', 'run', 'etl_covid_europa_pipeline', 'carregar', 'scheduled__2024-02-11T00:00:00+00:00', '--job-id', '2380', '--raw', '--subdir', 'DAGS_FOLDER/etl_pipeline.py', '--cfg-path', '/tmp/tmp9bgc6mjk']
[2024-10-02T19:26:12.083+0000] {standard_task_runner.py:91} INFO - Job 2380: Subtask carregar
[2024-10-02T19:26:12.142+0000] {task_command.py:426} INFO - Running <TaskInstance: etl_covid_europa_pipeline.carregar scheduled__2024-02-11T00:00:00+00:00 [running]> on host 99de7dfc3871
[2024-10-02T19:26:12.256+0000] {taskinstance.py:2648} INFO - Exporting env vars: AIRFLOW_CTX_DAG_OWNER='***' AIRFLOW_CTX_DAG_ID='etl_covid_europa_pipeline' AIRFLOW_CTX_TASK_ID='carregar' AIRFLOW_CTX_EXECUTION_DATE='2024-02-11T00:00:00+00:00' AIRFLOW_CTX_TRY_NUMBER='1' AIRFLOW_CTX_DAG_RUN_ID='scheduled__2024-02-11T00:00:00+00:00'
[2024-10-02T19:26:12.258+0000] {taskinstance.py:430} INFO - ::endgroup::
[2024-10-02T19:26:12.345+0000] {python.py:237} INFO - Done. Returned value was: None
[2024-10-02T19:26:12.346+0000] {taskinstance.py:441} INFO - ::group::Post task execution logs
[2024-10-02T19:26:12.356+0000] {taskinstance.py:1206} INFO - Marking task as SUCCESS. dag_id=etl_covid_europa_pipeline, task_id=carregar, run_id=scheduled__2024-02-11T00:00:00+00:00, execution_date=20240211T000000, start_date=20241002T192611, end_date=20241002T192612
[2024-10-02T19:26:12.416+0000] {local_task_job_runner.py:240} INFO - Task exited with return code 0
[2024-10-02T19:26:12.439+0000] {local_task_job_runner.py:222} INFO - ::endgroup::
