[2024-10-02T18:55:47.734+0000] {local_task_job_runner.py:120} INFO - ::group::Pre task execution logs
[2024-10-02T18:55:47.766+0000] {taskinstance.py:2076} INFO - Dependencies all met for dep_context=non-requeueable deps ti=<TaskInstance: etl_covid_europa_pipeline.carregar scheduled__2024-09-27T00:00:00+00:00 [queued]>
[2024-10-02T18:55:48.061+0000] {taskinstance.py:2076} INFO - Dependencies all met for dep_context=requeueable deps ti=<TaskInstance: etl_covid_europa_pipeline.carregar scheduled__2024-09-27T00:00:00+00:00 [queued]>
[2024-10-02T18:55:48.061+0000] {taskinstance.py:2306} INFO - Starting attempt 1 of 1
[2024-10-02T18:55:48.080+0000] {taskinstance.py:2330} INFO - Executing <Task(PythonOperator): carregar> on 2024-09-27 00:00:00+00:00
[2024-10-02T18:55:48.092+0000] {warnings.py:112} WARNING - /home/***/.local/lib/python3.12/site-packages/***/task/task_runner/standard_task_runner.py:61: DeprecationWarning: This process (pid=5158) is multi-threaded, use of fork() may lead to deadlocks in the child.
  pid = os.fork()

[2024-10-02T18:55:48.095+0000] {standard_task_runner.py:63} INFO - Started process 5174 to run task
[2024-10-02T18:55:48.094+0000] {standard_task_runner.py:90} INFO - Running: ['***', 'tasks', 'run', 'etl_covid_europa_pipeline', 'carregar', 'scheduled__2024-09-27T00:00:00+00:00', '--job-id', '945', '--raw', '--subdir', 'DAGS_FOLDER/etl_pipeline.py', '--cfg-path', '/tmp/tmpi4cun8z1']
[2024-10-02T18:55:48.103+0000] {standard_task_runner.py:91} INFO - Job 945: Subtask carregar
[2024-10-02T18:55:48.183+0000] {task_command.py:426} INFO - Running <TaskInstance: etl_covid_europa_pipeline.carregar scheduled__2024-09-27T00:00:00+00:00 [running]> on host 99de7dfc3871
[2024-10-02T18:55:48.317+0000] {taskinstance.py:2648} INFO - Exporting env vars: AIRFLOW_CTX_DAG_OWNER='***' AIRFLOW_CTX_DAG_ID='etl_covid_europa_pipeline' AIRFLOW_CTX_TASK_ID='carregar' AIRFLOW_CTX_EXECUTION_DATE='2024-09-27T00:00:00+00:00' AIRFLOW_CTX_TRY_NUMBER='1' AIRFLOW_CTX_DAG_RUN_ID='scheduled__2024-09-27T00:00:00+00:00'
[2024-10-02T18:55:48.323+0000] {taskinstance.py:430} INFO - ::endgroup::
[2024-10-02T18:55:48.414+0000] {python.py:237} INFO - Done. Returned value was: None
[2024-10-02T18:55:48.415+0000] {taskinstance.py:441} INFO - ::group::Post task execution logs
[2024-10-02T18:55:48.427+0000] {taskinstance.py:1206} INFO - Marking task as SUCCESS. dag_id=etl_covid_europa_pipeline, task_id=carregar, run_id=scheduled__2024-09-27T00:00:00+00:00, execution_date=20240927T000000, start_date=20241002T185547, end_date=20241002T185548
[2024-10-02T18:55:48.476+0000] {local_task_job_runner.py:240} INFO - Task exited with return code 0
[2024-10-02T18:55:48.497+0000] {taskinstance.py:3503} INFO - 0 downstream tasks scheduled from follow-on schedule check
[2024-10-02T18:55:48.499+0000] {local_task_job_runner.py:222} INFO - ::endgroup::
[2024-10-02T19:04:57.497+0000] {local_task_job_runner.py:120} INFO - ::group::Pre task execution logs
[2024-10-02T19:04:57.690+0000] {taskinstance.py:2076} INFO - Dependencies all met for dep_context=non-requeueable deps ti=<TaskInstance: etl_covid_europa_pipeline.carregar scheduled__2024-09-27T00:00:00+00:00 [queued]>
[2024-10-02T19:04:57.700+0000] {taskinstance.py:2076} INFO - Dependencies all met for dep_context=requeueable deps ti=<TaskInstance: etl_covid_europa_pipeline.carregar scheduled__2024-09-27T00:00:00+00:00 [queued]>
[2024-10-02T19:04:57.701+0000] {taskinstance.py:2306} INFO - Starting attempt 1 of 1
[2024-10-02T19:04:57.713+0000] {taskinstance.py:2330} INFO - Executing <Task(PythonOperator): carregar> on 2024-09-27 00:00:00+00:00
[2024-10-02T19:04:57.718+0000] {warnings.py:112} WARNING - /home/***/.local/lib/python3.12/site-packages/***/task/task_runner/standard_task_runner.py:61: DeprecationWarning: This process (pid=8453) is multi-threaded, use of fork() may lead to deadlocks in the child.
  pid = os.fork()

[2024-10-02T19:04:57.719+0000] {standard_task_runner.py:63} INFO - Started process 8461 to run task
[2024-10-02T19:04:57.719+0000] {standard_task_runner.py:90} INFO - Running: ['***', 'tasks', 'run', 'etl_covid_europa_pipeline', 'carregar', 'scheduled__2024-09-27T00:00:00+00:00', '--job-id', '2003', '--raw', '--subdir', 'DAGS_FOLDER/etl_pipeline.py', '--cfg-path', '/tmp/tmphe_ljwxb']
[2024-10-02T19:04:57.721+0000] {standard_task_runner.py:91} INFO - Job 2003: Subtask carregar
[2024-10-02T19:04:57.759+0000] {task_command.py:426} INFO - Running <TaskInstance: etl_covid_europa_pipeline.carregar scheduled__2024-09-27T00:00:00+00:00 [running]> on host 99de7dfc3871
[2024-10-02T19:04:57.843+0000] {taskinstance.py:2648} INFO - Exporting env vars: AIRFLOW_CTX_DAG_OWNER='***' AIRFLOW_CTX_DAG_ID='etl_covid_europa_pipeline' AIRFLOW_CTX_TASK_ID='carregar' AIRFLOW_CTX_EXECUTION_DATE='2024-09-27T00:00:00+00:00' AIRFLOW_CTX_TRY_NUMBER='1' AIRFLOW_CTX_DAG_RUN_ID='scheduled__2024-09-27T00:00:00+00:00'
[2024-10-02T19:04:57.845+0000] {taskinstance.py:430} INFO - ::endgroup::
[2024-10-02T19:04:57.899+0000] {python.py:237} INFO - Done. Returned value was: None
[2024-10-02T19:04:57.900+0000] {taskinstance.py:441} INFO - ::group::Post task execution logs
[2024-10-02T19:04:57.906+0000] {taskinstance.py:1206} INFO - Marking task as SUCCESS. dag_id=etl_covid_europa_pipeline, task_id=carregar, run_id=scheduled__2024-09-27T00:00:00+00:00, execution_date=20240927T000000, start_date=20241002T190457, end_date=20241002T190457
[2024-10-02T19:04:57.932+0000] {local_task_job_runner.py:240} INFO - Task exited with return code 0
[2024-10-02T19:04:57.946+0000] {taskinstance.py:3503} INFO - 0 downstream tasks scheduled from follow-on schedule check
[2024-10-02T19:04:57.949+0000] {local_task_job_runner.py:222} INFO - ::endgroup::
