[2024-10-02T18:56:02.506+0000] {local_task_job_runner.py:120} INFO - ::group::Pre task execution logs
[2024-10-02T18:56:02.529+0000] {taskinstance.py:2076} INFO - Dependencies all met for dep_context=non-requeueable deps ti=<TaskInstance: etl_covid_europa_pipeline.carregar scheduled__2024-10-01T00:00:00+00:00 [queued]>
[2024-10-02T18:56:02.539+0000] {taskinstance.py:2076} INFO - Dependencies all met for dep_context=requeueable deps ti=<TaskInstance: etl_covid_europa_pipeline.carregar scheduled__2024-10-01T00:00:00+00:00 [queued]>
[2024-10-02T18:56:02.540+0000] {taskinstance.py:2306} INFO - Starting attempt 1 of 1
[2024-10-02T18:56:02.736+0000] {taskinstance.py:2330} INFO - Executing <Task(PythonOperator): carregar> on 2024-10-01 00:00:00+00:00
[2024-10-02T18:56:02.741+0000] {warnings.py:112} WARNING - /home/***/.local/lib/python3.12/site-packages/***/task/task_runner/standard_task_runner.py:61: DeprecationWarning: This process (pid=5226) is multi-threaded, use of fork() may lead to deadlocks in the child.
  pid = os.fork()

[2024-10-02T18:56:02.742+0000] {standard_task_runner.py:63} INFO - Started process 5234 to run task
[2024-10-02T18:56:02.742+0000] {standard_task_runner.py:90} INFO - Running: ['***', 'tasks', 'run', 'etl_covid_europa_pipeline', 'carregar', 'scheduled__2024-10-01T00:00:00+00:00', '--job-id', '967', '--raw', '--subdir', 'DAGS_FOLDER/etl_pipeline.py', '--cfg-path', '/tmp/tmpwwsgj5e6']
[2024-10-02T18:56:02.744+0000] {standard_task_runner.py:91} INFO - Job 967: Subtask carregar
[2024-10-02T18:56:02.783+0000] {task_command.py:426} INFO - Running <TaskInstance: etl_covid_europa_pipeline.carregar scheduled__2024-10-01T00:00:00+00:00 [running]> on host 99de7dfc3871
[2024-10-02T18:56:02.858+0000] {taskinstance.py:2648} INFO - Exporting env vars: AIRFLOW_CTX_DAG_OWNER='***' AIRFLOW_CTX_DAG_ID='etl_covid_europa_pipeline' AIRFLOW_CTX_TASK_ID='carregar' AIRFLOW_CTX_EXECUTION_DATE='2024-10-01T00:00:00+00:00' AIRFLOW_CTX_TRY_NUMBER='1' AIRFLOW_CTX_DAG_RUN_ID='scheduled__2024-10-01T00:00:00+00:00'
[2024-10-02T18:56:02.859+0000] {taskinstance.py:430} INFO - ::endgroup::
[2024-10-02T18:56:02.910+0000] {python.py:237} INFO - Done. Returned value was: None
[2024-10-02T18:56:02.911+0000] {taskinstance.py:441} INFO - ::group::Post task execution logs
[2024-10-02T18:56:02.918+0000] {taskinstance.py:1206} INFO - Marking task as SUCCESS. dag_id=etl_covid_europa_pipeline, task_id=carregar, run_id=scheduled__2024-10-01T00:00:00+00:00, execution_date=20241001T000000, start_date=20241002T185602, end_date=20241002T185602
[2024-10-02T18:56:02.956+0000] {local_task_job_runner.py:240} INFO - Task exited with return code 0
[2024-10-02T18:56:02.969+0000] {taskinstance.py:3503} INFO - 0 downstream tasks scheduled from follow-on schedule check
[2024-10-02T18:56:02.971+0000] {local_task_job_runner.py:222} INFO - ::endgroup::
[2024-10-02T19:04:57.525+0000] {local_task_job_runner.py:120} INFO - ::group::Pre task execution logs
[2024-10-02T19:04:57.548+0000] {taskinstance.py:2076} INFO - Dependencies all met for dep_context=non-requeueable deps ti=<TaskInstance: etl_covid_europa_pipeline.carregar scheduled__2024-10-01T00:00:00+00:00 [queued]>
[2024-10-02T19:04:57.557+0000] {taskinstance.py:2076} INFO - Dependencies all met for dep_context=requeueable deps ti=<TaskInstance: etl_covid_europa_pipeline.carregar scheduled__2024-10-01T00:00:00+00:00 [queued]>
[2024-10-02T19:04:57.557+0000] {taskinstance.py:2306} INFO - Starting attempt 1 of 1
[2024-10-02T19:04:57.740+0000] {taskinstance.py:2330} INFO - Executing <Task(PythonOperator): carregar> on 2024-10-01 00:00:00+00:00
[2024-10-02T19:04:57.748+0000] {warnings.py:112} WARNING - /home/***/.local/lib/python3.12/site-packages/***/task/task_runner/standard_task_runner.py:61: DeprecationWarning: This process (pid=8454) is multi-threaded, use of fork() may lead to deadlocks in the child.
  pid = os.fork()

[2024-10-02T19:04:57.749+0000] {standard_task_runner.py:63} INFO - Started process 8463 to run task
[2024-10-02T19:04:57.749+0000] {standard_task_runner.py:90} INFO - Running: ['***', 'tasks', 'run', 'etl_covid_europa_pipeline', 'carregar', 'scheduled__2024-10-01T00:00:00+00:00', '--job-id', '2006', '--raw', '--subdir', 'DAGS_FOLDER/etl_pipeline.py', '--cfg-path', '/tmp/tmpmnqy4h3i']
[2024-10-02T19:04:57.751+0000] {standard_task_runner.py:91} INFO - Job 2006: Subtask carregar
[2024-10-02T19:04:57.791+0000] {task_command.py:426} INFO - Running <TaskInstance: etl_covid_europa_pipeline.carregar scheduled__2024-10-01T00:00:00+00:00 [running]> on host 99de7dfc3871
[2024-10-02T19:04:57.871+0000] {taskinstance.py:2648} INFO - Exporting env vars: AIRFLOW_CTX_DAG_OWNER='***' AIRFLOW_CTX_DAG_ID='etl_covid_europa_pipeline' AIRFLOW_CTX_TASK_ID='carregar' AIRFLOW_CTX_EXECUTION_DATE='2024-10-01T00:00:00+00:00' AIRFLOW_CTX_TRY_NUMBER='1' AIRFLOW_CTX_DAG_RUN_ID='scheduled__2024-10-01T00:00:00+00:00'
[2024-10-02T19:04:57.872+0000] {taskinstance.py:430} INFO - ::endgroup::
[2024-10-02T19:04:57.930+0000] {python.py:237} INFO - Done. Returned value was: None
[2024-10-02T19:04:57.931+0000] {taskinstance.py:441} INFO - ::group::Post task execution logs
[2024-10-02T19:04:57.939+0000] {taskinstance.py:1206} INFO - Marking task as SUCCESS. dag_id=etl_covid_europa_pipeline, task_id=carregar, run_id=scheduled__2024-10-01T00:00:00+00:00, execution_date=20241001T000000, start_date=20241002T190457, end_date=20241002T190457
[2024-10-02T19:04:57.963+0000] {local_task_job_runner.py:240} INFO - Task exited with return code 0
[2024-10-02T19:04:57.976+0000] {taskinstance.py:3503} INFO - 0 downstream tasks scheduled from follow-on schedule check
[2024-10-02T19:04:57.980+0000] {local_task_job_runner.py:222} INFO - ::endgroup::
