[2024-10-02T18:55:47.735+0000] {local_task_job_runner.py:120} INFO - ::group::Pre task execution logs
[2024-10-02T18:55:47.765+0000] {taskinstance.py:2076} INFO - Dependencies all met for dep_context=non-requeueable deps ti=<TaskInstance: etl_covid_europa_pipeline.carregar scheduled__2024-09-25T00:00:00+00:00 [queued]>
[2024-10-02T18:55:48.059+0000] {taskinstance.py:2076} INFO - Dependencies all met for dep_context=requeueable deps ti=<TaskInstance: etl_covid_europa_pipeline.carregar scheduled__2024-09-25T00:00:00+00:00 [queued]>
[2024-10-02T18:55:48.060+0000] {taskinstance.py:2306} INFO - Starting attempt 1 of 1
[2024-10-02T18:55:48.081+0000] {taskinstance.py:2330} INFO - Executing <Task(PythonOperator): carregar> on 2024-09-25 00:00:00+00:00
[2024-10-02T18:55:48.100+0000] {warnings.py:112} WARNING - /home/***/.local/lib/python3.12/site-packages/***/task/task_runner/standard_task_runner.py:61: DeprecationWarning: This process (pid=5155) is multi-threaded, use of fork() may lead to deadlocks in the child.
  pid = os.fork()

[2024-10-02T18:55:48.102+0000] {standard_task_runner.py:63} INFO - Started process 5175 to run task
[2024-10-02T18:55:48.102+0000] {standard_task_runner.py:90} INFO - Running: ['***', 'tasks', 'run', 'etl_covid_europa_pipeline', 'carregar', 'scheduled__2024-09-25T00:00:00+00:00', '--job-id', '946', '--raw', '--subdir', 'DAGS_FOLDER/etl_pipeline.py', '--cfg-path', '/tmp/tmpq20ys3b7']
[2024-10-02T18:55:48.110+0000] {standard_task_runner.py:91} INFO - Job 946: Subtask carregar
[2024-10-02T18:55:48.209+0000] {task_command.py:426} INFO - Running <TaskInstance: etl_covid_europa_pipeline.carregar scheduled__2024-09-25T00:00:00+00:00 [running]> on host 99de7dfc3871
[2024-10-02T18:55:48.334+0000] {taskinstance.py:2648} INFO - Exporting env vars: AIRFLOW_CTX_DAG_OWNER='***' AIRFLOW_CTX_DAG_ID='etl_covid_europa_pipeline' AIRFLOW_CTX_TASK_ID='carregar' AIRFLOW_CTX_EXECUTION_DATE='2024-09-25T00:00:00+00:00' AIRFLOW_CTX_TRY_NUMBER='1' AIRFLOW_CTX_DAG_RUN_ID='scheduled__2024-09-25T00:00:00+00:00'
[2024-10-02T18:55:48.337+0000] {taskinstance.py:430} INFO - ::endgroup::
[2024-10-02T18:55:48.458+0000] {python.py:237} INFO - Done. Returned value was: None
[2024-10-02T18:55:48.459+0000] {taskinstance.py:441} INFO - ::group::Post task execution logs
[2024-10-02T18:55:48.469+0000] {taskinstance.py:1206} INFO - Marking task as SUCCESS. dag_id=etl_covid_europa_pipeline, task_id=carregar, run_id=scheduled__2024-09-25T00:00:00+00:00, execution_date=20240925T000000, start_date=20241002T185547, end_date=20241002T185548
[2024-10-02T18:55:48.528+0000] {local_task_job_runner.py:240} INFO - Task exited with return code 0
[2024-10-02T18:55:48.546+0000] {taskinstance.py:3503} INFO - 0 downstream tasks scheduled from follow-on schedule check
[2024-10-02T18:55:48.550+0000] {local_task_job_runner.py:222} INFO - ::endgroup::
[2024-10-02T19:04:52.497+0000] {local_task_job_runner.py:120} INFO - ::group::Pre task execution logs
[2024-10-02T19:04:52.528+0000] {taskinstance.py:2076} INFO - Dependencies all met for dep_context=non-requeueable deps ti=<TaskInstance: etl_covid_europa_pipeline.carregar scheduled__2024-09-25T00:00:00+00:00 [queued]>
[2024-10-02T19:04:52.807+0000] {taskinstance.py:2076} INFO - Dependencies all met for dep_context=requeueable deps ti=<TaskInstance: etl_covid_europa_pipeline.carregar scheduled__2024-09-25T00:00:00+00:00 [queued]>
[2024-10-02T19:04:52.808+0000] {taskinstance.py:2306} INFO - Starting attempt 1 of 1
[2024-10-02T19:04:52.831+0000] {taskinstance.py:2330} INFO - Executing <Task(PythonOperator): carregar> on 2024-09-25 00:00:00+00:00
[2024-10-02T19:04:52.837+0000] {warnings.py:112} WARNING - /home/***/.local/lib/python3.12/site-packages/***/task/task_runner/standard_task_runner.py:61: DeprecationWarning: This process (pid=8424) is multi-threaded, use of fork() may lead to deadlocks in the child.
  pid = os.fork()

[2024-10-02T19:04:52.840+0000] {standard_task_runner.py:63} INFO - Started process 8438 to run task
[2024-10-02T19:04:52.839+0000] {standard_task_runner.py:90} INFO - Running: ['***', 'tasks', 'run', 'etl_covid_europa_pipeline', 'carregar', 'scheduled__2024-09-25T00:00:00+00:00', '--job-id', '1996', '--raw', '--subdir', 'DAGS_FOLDER/etl_pipeline.py', '--cfg-path', '/tmp/tmp3z08gb5b']
[2024-10-02T19:04:52.842+0000] {standard_task_runner.py:91} INFO - Job 1996: Subtask carregar
[2024-10-02T19:04:52.888+0000] {task_command.py:426} INFO - Running <TaskInstance: etl_covid_europa_pipeline.carregar scheduled__2024-09-25T00:00:00+00:00 [running]> on host 99de7dfc3871
[2024-10-02T19:04:52.978+0000] {taskinstance.py:2648} INFO - Exporting env vars: AIRFLOW_CTX_DAG_OWNER='***' AIRFLOW_CTX_DAG_ID='etl_covid_europa_pipeline' AIRFLOW_CTX_TASK_ID='carregar' AIRFLOW_CTX_EXECUTION_DATE='2024-09-25T00:00:00+00:00' AIRFLOW_CTX_TRY_NUMBER='1' AIRFLOW_CTX_DAG_RUN_ID='scheduled__2024-09-25T00:00:00+00:00'
[2024-10-02T19:04:52.981+0000] {taskinstance.py:430} INFO - ::endgroup::
[2024-10-02T19:04:53.048+0000] {python.py:237} INFO - Done. Returned value was: None
[2024-10-02T19:04:53.049+0000] {taskinstance.py:441} INFO - ::group::Post task execution logs
[2024-10-02T19:04:53.058+0000] {taskinstance.py:1206} INFO - Marking task as SUCCESS. dag_id=etl_covid_europa_pipeline, task_id=carregar, run_id=scheduled__2024-09-25T00:00:00+00:00, execution_date=20240925T000000, start_date=20241002T190452, end_date=20241002T190453
[2024-10-02T19:04:53.095+0000] {local_task_job_runner.py:240} INFO - Task exited with return code 0
[2024-10-02T19:04:53.115+0000] {taskinstance.py:3503} INFO - 0 downstream tasks scheduled from follow-on schedule check
[2024-10-02T19:04:53.117+0000] {local_task_job_runner.py:222} INFO - ::endgroup::
