[2024-10-02T18:57:54.371+0000] {local_task_job_runner.py:120} INFO - ::group::Pre task execution logs
[2024-10-02T18:57:54.413+0000] {taskinstance.py:2076} INFO - Dependencies all met for dep_context=non-requeueable deps ti=<TaskInstance: etl_covid_europa_pipeline.carregar scheduled__2023-11-06T00:00:00+00:00 [queued]>
[2024-10-02T18:57:54.438+0000] {taskinstance.py:2076} INFO - Dependencies all met for dep_context=requeueable deps ti=<TaskInstance: etl_covid_europa_pipeline.carregar scheduled__2023-11-06T00:00:00+00:00 [queued]>
[2024-10-02T18:57:54.439+0000] {taskinstance.py:2306} INFO - Starting attempt 1 of 1
[2024-10-02T18:57:54.960+0000] {taskinstance.py:2330} INFO - Executing <Task(PythonOperator): carregar> on 2023-11-06 00:00:00+00:00
[2024-10-02T18:57:54.972+0000] {warnings.py:112} WARNING - /home/***/.local/lib/python3.12/site-packages/***/task/task_runner/standard_task_runner.py:61: DeprecationWarning: This process (pid=5635) is multi-threaded, use of fork() may lead to deadlocks in the child.
  pid = os.fork()

[2024-10-02T18:57:54.974+0000] {standard_task_runner.py:63} INFO - Started process 5665 to run task
[2024-10-02T18:57:54.974+0000] {standard_task_runner.py:90} INFO - Running: ['***', 'tasks', 'run', 'etl_covid_europa_pipeline', 'carregar', 'scheduled__2023-11-06T00:00:00+00:00', '--job-id', '1095', '--raw', '--subdir', 'DAGS_FOLDER/etl_pipeline.py', '--cfg-path', '/tmp/tmp630g2cb8']
[2024-10-02T18:57:54.982+0000] {standard_task_runner.py:91} INFO - Job 1095: Subtask carregar
[2024-10-02T18:57:55.063+0000] {task_command.py:426} INFO - Running <TaskInstance: etl_covid_europa_pipeline.carregar scheduled__2023-11-06T00:00:00+00:00 [running]> on host 99de7dfc3871
[2024-10-02T18:57:55.248+0000] {taskinstance.py:2648} INFO - Exporting env vars: AIRFLOW_CTX_DAG_OWNER='***' AIRFLOW_CTX_DAG_ID='etl_covid_europa_pipeline' AIRFLOW_CTX_TASK_ID='carregar' AIRFLOW_CTX_EXECUTION_DATE='2023-11-06T00:00:00+00:00' AIRFLOW_CTX_TRY_NUMBER='1' AIRFLOW_CTX_DAG_RUN_ID='scheduled__2023-11-06T00:00:00+00:00'
[2024-10-02T18:57:55.251+0000] {taskinstance.py:430} INFO - ::endgroup::
[2024-10-02T18:57:55.419+0000] {python.py:237} INFO - Done. Returned value was: None
[2024-10-02T18:57:55.420+0000] {taskinstance.py:441} INFO - ::group::Post task execution logs
[2024-10-02T18:57:55.433+0000] {taskinstance.py:1206} INFO - Marking task as SUCCESS. dag_id=etl_covid_europa_pipeline, task_id=carregar, run_id=scheduled__2023-11-06T00:00:00+00:00, execution_date=20231106T000000, start_date=20241002T185754, end_date=20241002T185755
[2024-10-02T18:57:55.520+0000] {local_task_job_runner.py:240} INFO - Task exited with return code 0
[2024-10-02T18:57:55.552+0000] {taskinstance.py:3503} INFO - 0 downstream tasks scheduled from follow-on schedule check
[2024-10-02T18:57:55.555+0000] {local_task_job_runner.py:222} INFO - ::endgroup::
[2024-10-02T19:24:11.551+0000] {local_task_job_runner.py:120} INFO - ::group::Pre task execution logs
[2024-10-02T19:24:11.596+0000] {taskinstance.py:2076} INFO - Dependencies all met for dep_context=non-requeueable deps ti=<TaskInstance: etl_covid_europa_pipeline.carregar scheduled__2023-11-06T00:00:00+00:00 [queued]>
[2024-10-02T19:24:11.936+0000] {taskinstance.py:2076} INFO - Dependencies all met for dep_context=requeueable deps ti=<TaskInstance: etl_covid_europa_pipeline.carregar scheduled__2023-11-06T00:00:00+00:00 [queued]>
[2024-10-02T19:24:11.937+0000] {taskinstance.py:2306} INFO - Starting attempt 1 of 1
[2024-10-02T19:24:11.963+0000] {taskinstance.py:2330} INFO - Executing <Task(PythonOperator): carregar> on 2023-11-06 00:00:00+00:00
[2024-10-02T19:24:11.977+0000] {warnings.py:112} WARNING - /home/***/.local/lib/python3.12/site-packages/***/task/task_runner/standard_task_runner.py:61: DeprecationWarning: This process (pid=9002) is multi-threaded, use of fork() may lead to deadlocks in the child.
  pid = os.fork()

[2024-10-02T19:24:11.988+0000] {standard_task_runner.py:63} INFO - Started process 9023 to run task
[2024-10-02T19:24:11.990+0000] {standard_task_runner.py:90} INFO - Running: ['***', 'tasks', 'run', 'etl_covid_europa_pipeline', 'carregar', 'scheduled__2023-11-06T00:00:00+00:00', '--job-id', '2108', '--raw', '--subdir', 'DAGS_FOLDER/etl_pipeline.py', '--cfg-path', '/tmp/tmp1rf8fici']
[2024-10-02T19:24:11.993+0000] {standard_task_runner.py:91} INFO - Job 2108: Subtask carregar
[2024-10-02T19:24:12.095+0000] {task_command.py:426} INFO - Running <TaskInstance: etl_covid_europa_pipeline.carregar scheduled__2023-11-06T00:00:00+00:00 [running]> on host 99de7dfc3871
[2024-10-02T19:24:12.243+0000] {taskinstance.py:2648} INFO - Exporting env vars: AIRFLOW_CTX_DAG_OWNER='***' AIRFLOW_CTX_DAG_ID='etl_covid_europa_pipeline' AIRFLOW_CTX_TASK_ID='carregar' AIRFLOW_CTX_EXECUTION_DATE='2023-11-06T00:00:00+00:00' AIRFLOW_CTX_TRY_NUMBER='1' AIRFLOW_CTX_DAG_RUN_ID='scheduled__2023-11-06T00:00:00+00:00'
[2024-10-02T19:24:12.248+0000] {taskinstance.py:430} INFO - ::endgroup::
[2024-10-02T19:24:12.362+0000] {python.py:237} INFO - Done. Returned value was: None
[2024-10-02T19:24:12.366+0000] {taskinstance.py:441} INFO - ::group::Post task execution logs
[2024-10-02T19:24:12.385+0000] {taskinstance.py:1206} INFO - Marking task as SUCCESS. dag_id=etl_covid_europa_pipeline, task_id=carregar, run_id=scheduled__2023-11-06T00:00:00+00:00, execution_date=20231106T000000, start_date=20241002T192411, end_date=20241002T192412
[2024-10-02T19:24:12.581+0000] {local_task_job_runner.py:240} INFO - Task exited with return code 0
[2024-10-02T19:24:12.602+0000] {taskinstance.py:3503} INFO - 0 downstream tasks scheduled from follow-on schedule check
[2024-10-02T19:24:12.627+0000] {local_task_job_runner.py:222} INFO - ::endgroup::
