[2024-10-02T18:54:14.554+0000] {local_task_job_runner.py:120} INFO - ::group::Pre task execution logs
[2024-10-02T18:54:14.590+0000] {taskinstance.py:2076} INFO - Dependencies all met for dep_context=non-requeueable deps ti=<TaskInstance: etl_covid_europa_pipeline.carregar scheduled__2024-07-03T00:00:00+00:00 [queued]>
[2024-10-02T18:54:14.987+0000] {taskinstance.py:2076} INFO - Dependencies all met for dep_context=requeueable deps ti=<TaskInstance: etl_covid_europa_pipeline.carregar scheduled__2024-07-03T00:00:00+00:00 [queued]>
[2024-10-02T18:54:14.988+0000] {taskinstance.py:2306} INFO - Starting attempt 1 of 1
[2024-10-02T18:54:15.015+0000] {taskinstance.py:2330} INFO - Executing <Task(PythonOperator): carregar> on 2024-07-03 00:00:00+00:00
[2024-10-02T18:54:15.025+0000] {warnings.py:112} WARNING - /home/***/.local/lib/python3.12/site-packages/***/task/task_runner/standard_task_runner.py:61: DeprecationWarning: This process (pid=4414) is multi-threaded, use of fork() may lead to deadlocks in the child.
  pid = os.fork()

[2024-10-02T18:54:15.028+0000] {standard_task_runner.py:63} INFO - Started process 4453 to run task
[2024-10-02T18:54:15.029+0000] {standard_task_runner.py:90} INFO - Running: ['***', 'tasks', 'run', 'etl_covid_europa_pipeline', 'carregar', 'scheduled__2024-07-03T00:00:00+00:00', '--job-id', '709', '--raw', '--subdir', 'DAGS_FOLDER/etl_pipeline.py', '--cfg-path', '/tmp/tmpdqiq9xj2']
[2024-10-02T18:54:15.032+0000] {standard_task_runner.py:91} INFO - Job 709: Subtask carregar
[2024-10-02T18:54:15.101+0000] {task_command.py:426} INFO - Running <TaskInstance: etl_covid_europa_pipeline.carregar scheduled__2024-07-03T00:00:00+00:00 [running]> on host 99de7dfc3871
[2024-10-02T18:54:15.223+0000] {taskinstance.py:2648} INFO - Exporting env vars: AIRFLOW_CTX_DAG_OWNER='***' AIRFLOW_CTX_DAG_ID='etl_covid_europa_pipeline' AIRFLOW_CTX_TASK_ID='carregar' AIRFLOW_CTX_EXECUTION_DATE='2024-07-03T00:00:00+00:00' AIRFLOW_CTX_TRY_NUMBER='1' AIRFLOW_CTX_DAG_RUN_ID='scheduled__2024-07-03T00:00:00+00:00'
[2024-10-02T18:54:15.232+0000] {taskinstance.py:430} INFO - ::endgroup::
[2024-10-02T18:54:15.365+0000] {python.py:237} INFO - Done. Returned value was: None
[2024-10-02T18:54:15.366+0000] {taskinstance.py:441} INFO - ::group::Post task execution logs
[2024-10-02T18:54:15.380+0000] {taskinstance.py:1206} INFO - Marking task as SUCCESS. dag_id=etl_covid_europa_pipeline, task_id=carregar, run_id=scheduled__2024-07-03T00:00:00+00:00, execution_date=20240703T000000, start_date=20241002T185414, end_date=20241002T185415
[2024-10-02T18:54:15.446+0000] {local_task_job_runner.py:240} INFO - Task exited with return code 0
[2024-10-02T18:54:15.469+0000] {taskinstance.py:3503} INFO - 0 downstream tasks scheduled from follow-on schedule check
[2024-10-02T18:54:15.473+0000] {local_task_job_runner.py:222} INFO - ::endgroup::
[2024-10-02T19:03:16.972+0000] {local_task_job_runner.py:120} INFO - ::group::Pre task execution logs
[2024-10-02T19:03:17.019+0000] {taskinstance.py:2076} INFO - Dependencies all met for dep_context=non-requeueable deps ti=<TaskInstance: etl_covid_europa_pipeline.carregar scheduled__2024-07-03T00:00:00+00:00 [queued]>
[2024-10-02T19:03:17.387+0000] {taskinstance.py:2076} INFO - Dependencies all met for dep_context=requeueable deps ti=<TaskInstance: etl_covid_europa_pipeline.carregar scheduled__2024-07-03T00:00:00+00:00 [queued]>
[2024-10-02T19:03:17.388+0000] {taskinstance.py:2306} INFO - Starting attempt 1 of 1
[2024-10-02T19:03:17.410+0000] {taskinstance.py:2330} INFO - Executing <Task(PythonOperator): carregar> on 2024-07-03 00:00:00+00:00
[2024-10-02T19:03:17.425+0000] {warnings.py:112} WARNING - /home/***/.local/lib/python3.12/site-packages/***/task/task_runner/standard_task_runner.py:61: DeprecationWarning: This process (pid=7727) is multi-threaded, use of fork() may lead to deadlocks in the child.
  pid = os.fork()

[2024-10-02T19:03:17.429+0000] {standard_task_runner.py:63} INFO - Started process 7751 to run task
[2024-10-02T19:03:17.429+0000] {standard_task_runner.py:90} INFO - Running: ['***', 'tasks', 'run', 'etl_covid_europa_pipeline', 'carregar', 'scheduled__2024-07-03T00:00:00+00:00', '--job-id', '1774', '--raw', '--subdir', 'DAGS_FOLDER/etl_pipeline.py', '--cfg-path', '/tmp/tmpn4iywx5l']
[2024-10-02T19:03:17.432+0000] {standard_task_runner.py:91} INFO - Job 1774: Subtask carregar
[2024-10-02T19:03:17.508+0000] {task_command.py:426} INFO - Running <TaskInstance: etl_covid_europa_pipeline.carregar scheduled__2024-07-03T00:00:00+00:00 [running]> on host 99de7dfc3871
[2024-10-02T19:03:17.647+0000] {taskinstance.py:2648} INFO - Exporting env vars: AIRFLOW_CTX_DAG_OWNER='***' AIRFLOW_CTX_DAG_ID='etl_covid_europa_pipeline' AIRFLOW_CTX_TASK_ID='carregar' AIRFLOW_CTX_EXECUTION_DATE='2024-07-03T00:00:00+00:00' AIRFLOW_CTX_TRY_NUMBER='1' AIRFLOW_CTX_DAG_RUN_ID='scheduled__2024-07-03T00:00:00+00:00'
[2024-10-02T19:03:17.651+0000] {taskinstance.py:430} INFO - ::endgroup::
[2024-10-02T19:03:17.739+0000] {python.py:237} INFO - Done. Returned value was: None
[2024-10-02T19:03:17.740+0000] {taskinstance.py:441} INFO - ::group::Post task execution logs
[2024-10-02T19:03:17.751+0000] {taskinstance.py:1206} INFO - Marking task as SUCCESS. dag_id=etl_covid_europa_pipeline, task_id=carregar, run_id=scheduled__2024-07-03T00:00:00+00:00, execution_date=20240703T000000, start_date=20241002T190317, end_date=20241002T190317
[2024-10-02T19:03:17.806+0000] {local_task_job_runner.py:240} INFO - Task exited with return code 0
[2024-10-02T19:03:17.829+0000] {taskinstance.py:3503} INFO - 0 downstream tasks scheduled from follow-on schedule check
[2024-10-02T19:03:17.832+0000] {local_task_job_runner.py:222} INFO - ::endgroup::
