[2024-10-02T17:26:31.905+0000] {local_task_job_runner.py:120} INFO - ::group::Pre task execution logs
[2024-10-02T17:26:31.927+0000] {taskinstance.py:2076} INFO - Dependencies all met for dep_context=non-requeueable deps ti=<TaskInstance: etl_covid_europa_pipeline.transformar scheduled__2023-12-11T00:00:00+00:00 [queued]>
[2024-10-02T17:26:31.936+0000] {taskinstance.py:2076} INFO - Dependencies all met for dep_context=requeueable deps ti=<TaskInstance: etl_covid_europa_pipeline.transformar scheduled__2023-12-11T00:00:00+00:00 [queued]>
[2024-10-02T17:26:31.937+0000] {taskinstance.py:2306} INFO - Starting attempt 1 of 1
[2024-10-02T17:26:32.114+0000] {taskinstance.py:2330} INFO - Executing <Task(PythonOperator): transformar> on 2023-12-11 00:00:00+00:00
[2024-10-02T17:26:32.119+0000] {warnings.py:112} WARNING - /home/***/.local/lib/python3.12/site-packages/***/task/task_runner/standard_task_runner.py:61: DeprecationWarning: This process (pid=1629) is multi-threaded, use of fork() may lead to deadlocks in the child.
  pid = os.fork()

[2024-10-02T17:26:32.121+0000] {standard_task_runner.py:63} INFO - Started process 1633 to run task
[2024-10-02T17:26:32.121+0000] {standard_task_runner.py:90} INFO - Running: ['***', 'tasks', 'run', 'etl_covid_europa_pipeline', 'transformar', 'scheduled__2023-12-11T00:00:00+00:00', '--job-id', '154', '--raw', '--subdir', 'DAGS_FOLDER/etl_pipeline.py', '--cfg-path', '/tmp/tmp_blnsqot']
[2024-10-02T17:26:32.122+0000] {standard_task_runner.py:91} INFO - Job 154: Subtask transformar
[2024-10-02T17:26:32.165+0000] {task_command.py:426} INFO - Running <TaskInstance: etl_covid_europa_pipeline.transformar scheduled__2023-12-11T00:00:00+00:00 [running]> on host 99de7dfc3871
[2024-10-02T17:26:32.250+0000] {taskinstance.py:2648} INFO - Exporting env vars: AIRFLOW_CTX_DAG_OWNER='***' AIRFLOW_CTX_DAG_ID='etl_covid_europa_pipeline' AIRFLOW_CTX_TASK_ID='transformar' AIRFLOW_CTX_EXECUTION_DATE='2023-12-11T00:00:00+00:00' AIRFLOW_CTX_TRY_NUMBER='1' AIRFLOW_CTX_DAG_RUN_ID='scheduled__2023-12-11T00:00:00+00:00'
[2024-10-02T17:26:32.251+0000] {taskinstance.py:430} INFO - ::endgroup::
[2024-10-02T17:26:32.374+0000] {taskinstance.py:441} INFO - ::group::Post task execution logs
[2024-10-02T17:26:32.374+0000] {taskinstance.py:2905} ERROR - Task failed with exception
Traceback (most recent call last):
  File "/home/airflow/.local/lib/python3.12/site-packages/airflow/models/taskinstance.py", line 465, in _execute_task
    result = _execute_callable(context=context, **execute_callable_kwargs)
             ^^^^^^^^^^^^^^^^^^^^^^^^^^^^^^^^^^^^^^^^^^^^^^^^^^^^^^^^^^^^^
  File "/home/airflow/.local/lib/python3.12/site-packages/airflow/models/taskinstance.py", line 432, in _execute_callable
    return execute_callable(context=context, **execute_callable_kwargs)
           ^^^^^^^^^^^^^^^^^^^^^^^^^^^^^^^^^^^^^^^^^^^^^^^^^^^^^^^^^^^^
  File "/home/airflow/.local/lib/python3.12/site-packages/airflow/models/baseoperator.py", line 401, in wrapper
    return func(self, *args, **kwargs)
           ^^^^^^^^^^^^^^^^^^^^^^^^^^^
  File "/home/airflow/.local/lib/python3.12/site-packages/airflow/operators/python.py", line 235, in execute
    return_value = self.execute_callable()
                   ^^^^^^^^^^^^^^^^^^^^^^^
  File "/home/airflow/.local/lib/python3.12/site-packages/airflow/operators/python.py", line 252, in execute_callable
    return self.python_callable(*self.op_args, **self.op_kwargs)
           ^^^^^^^^^^^^^^^^^^^^^^^^^^^^^^^^^^^^^^^^^^^^^^^^^^^^^
  File "/opt/airflow/dags/etl_pipeline.py", line 17, in transformar
    df_agrupada = df.groupby('ContinentExp')[['cases', 'deaths']].sum().reset_index()
                  ^^^^^^^^^^^^^^^^^^^^^^^^^^
  File "/home/airflow/.local/lib/python3.12/site-packages/pandas/core/frame.py", line 8869, in groupby
    return DataFrameGroupBy(
           ^^^^^^^^^^^^^^^^^
  File "/home/airflow/.local/lib/python3.12/site-packages/pandas/core/groupby/groupby.py", line 1278, in __init__
    grouper, exclusions, obj = get_grouper(
                               ^^^^^^^^^^^^
  File "/home/airflow/.local/lib/python3.12/site-packages/pandas/core/groupby/grouper.py", line 1009, in get_grouper
    raise KeyError(gpr)
KeyError: 'ContinentExp'
[2024-10-02T17:26:32.388+0000] {taskinstance.py:1206} INFO - Marking task as FAILED. dag_id=etl_covid_europa_pipeline, task_id=transformar, run_id=scheduled__2023-12-11T00:00:00+00:00, execution_date=20231211T000000, start_date=20241002T172631, end_date=20241002T172632
[2024-10-02T17:26:32.399+0000] {standard_task_runner.py:110} ERROR - Failed to execute job 154 for task transformar ('ContinentExp'; 1633)
[2024-10-02T17:26:32.415+0000] {local_task_job_runner.py:240} INFO - Task exited with return code 1
[2024-10-02T17:26:32.434+0000] {taskinstance.py:3503} INFO - 0 downstream tasks scheduled from follow-on schedule check
[2024-10-02T17:26:32.439+0000] {local_task_job_runner.py:222} INFO - ::endgroup::
[2024-10-02T18:58:34.403+0000] {local_task_job_runner.py:120} INFO - ::group::Pre task execution logs
[2024-10-02T18:58:34.439+0000] {taskinstance.py:2076} INFO - Dependencies all met for dep_context=non-requeueable deps ti=<TaskInstance: etl_covid_europa_pipeline.transformar scheduled__2023-12-11T00:00:00+00:00 [queued]>
[2024-10-02T18:58:34.670+0000] {taskinstance.py:2076} INFO - Dependencies all met for dep_context=requeueable deps ti=<TaskInstance: etl_covid_europa_pipeline.transformar scheduled__2023-12-11T00:00:00+00:00 [queued]>
[2024-10-02T18:58:34.671+0000] {taskinstance.py:2306} INFO - Starting attempt 1 of 1
[2024-10-02T18:58:34.697+0000] {taskinstance.py:2330} INFO - Executing <Task(PythonOperator): transformar> on 2023-12-11 00:00:00+00:00
[2024-10-02T18:58:34.707+0000] {warnings.py:112} WARNING - /home/***/.local/lib/python3.12/site-packages/***/task/task_runner/standard_task_runner.py:61: DeprecationWarning: This process (pid=5897) is multi-threaded, use of fork() may lead to deadlocks in the child.
  pid = os.fork()

[2024-10-02T18:58:34.710+0000] {standard_task_runner.py:63} INFO - Started process 5918 to run task
[2024-10-02T18:58:34.709+0000] {standard_task_runner.py:90} INFO - Running: ['***', 'tasks', 'run', 'etl_covid_europa_pipeline', 'transformar', 'scheduled__2023-12-11T00:00:00+00:00', '--job-id', '1180', '--raw', '--subdir', 'DAGS_FOLDER/etl_pipeline.py', '--cfg-path', '/tmp/tmpiwmvnu_m']
[2024-10-02T18:58:34.713+0000] {standard_task_runner.py:91} INFO - Job 1180: Subtask transformar
[2024-10-02T18:58:34.782+0000] {task_command.py:426} INFO - Running <TaskInstance: etl_covid_europa_pipeline.transformar scheduled__2023-12-11T00:00:00+00:00 [running]> on host 99de7dfc3871
[2024-10-02T18:58:34.884+0000] {taskinstance.py:2648} INFO - Exporting env vars: AIRFLOW_CTX_DAG_OWNER='***' AIRFLOW_CTX_DAG_ID='etl_covid_europa_pipeline' AIRFLOW_CTX_TASK_ID='transformar' AIRFLOW_CTX_EXECUTION_DATE='2023-12-11T00:00:00+00:00' AIRFLOW_CTX_TRY_NUMBER='1' AIRFLOW_CTX_DAG_RUN_ID='scheduled__2023-12-11T00:00:00+00:00'
[2024-10-02T18:58:34.887+0000] {taskinstance.py:430} INFO - ::endgroup::
[2024-10-02T18:58:35.077+0000] {python.py:237} INFO - Done. Returned value was: None
[2024-10-02T18:58:35.079+0000] {taskinstance.py:441} INFO - ::group::Post task execution logs
[2024-10-02T18:58:35.097+0000] {taskinstance.py:1206} INFO - Marking task as SUCCESS. dag_id=etl_covid_europa_pipeline, task_id=transformar, run_id=scheduled__2023-12-11T00:00:00+00:00, execution_date=20231211T000000, start_date=20241002T185834, end_date=20241002T185835
[2024-10-02T18:58:35.166+0000] {local_task_job_runner.py:240} INFO - Task exited with return code 0
[2024-10-02T18:58:35.196+0000] {taskinstance.py:3503} INFO - 1 downstream tasks scheduled from follow-on schedule check
[2024-10-02T18:58:35.204+0000] {local_task_job_runner.py:222} INFO - ::endgroup::
[2024-10-02T19:24:52.520+0000] {local_task_job_runner.py:120} INFO - ::group::Pre task execution logs
[2024-10-02T19:24:52.554+0000] {taskinstance.py:2076} INFO - Dependencies all met for dep_context=non-requeueable deps ti=<TaskInstance: etl_covid_europa_pipeline.transformar scheduled__2023-12-11T00:00:00+00:00 [queued]>
[2024-10-02T19:24:52.823+0000] {taskinstance.py:2076} INFO - Dependencies all met for dep_context=requeueable deps ti=<TaskInstance: etl_covid_europa_pipeline.transformar scheduled__2023-12-11T00:00:00+00:00 [queued]>
[2024-10-02T19:24:52.825+0000] {taskinstance.py:2306} INFO - Starting attempt 1 of 1
[2024-10-02T19:24:52.847+0000] {taskinstance.py:2330} INFO - Executing <Task(PythonOperator): transformar> on 2023-12-11 00:00:00+00:00
[2024-10-02T19:24:52.856+0000] {warnings.py:112} WARNING - /home/***/.local/lib/python3.12/site-packages/***/task/task_runner/standard_task_runner.py:61: DeprecationWarning: This process (pid=9273) is multi-threaded, use of fork() may lead to deadlocks in the child.
  pid = os.fork()

[2024-10-02T19:24:52.857+0000] {standard_task_runner.py:63} INFO - Started process 9288 to run task
[2024-10-02T19:24:52.857+0000] {standard_task_runner.py:90} INFO - Running: ['***', 'tasks', 'run', 'etl_covid_europa_pipeline', 'transformar', 'scheduled__2023-12-11T00:00:00+00:00', '--job-id', '2192', '--raw', '--subdir', 'DAGS_FOLDER/etl_pipeline.py', '--cfg-path', '/tmp/tmpwbewhkia']
[2024-10-02T19:24:52.859+0000] {standard_task_runner.py:91} INFO - Job 2192: Subtask transformar
[2024-10-02T19:24:52.911+0000] {task_command.py:426} INFO - Running <TaskInstance: etl_covid_europa_pipeline.transformar scheduled__2023-12-11T00:00:00+00:00 [running]> on host 99de7dfc3871
[2024-10-02T19:24:53.105+0000] {taskinstance.py:2648} INFO - Exporting env vars: AIRFLOW_CTX_DAG_OWNER='***' AIRFLOW_CTX_DAG_ID='etl_covid_europa_pipeline' AIRFLOW_CTX_TASK_ID='transformar' AIRFLOW_CTX_EXECUTION_DATE='2023-12-11T00:00:00+00:00' AIRFLOW_CTX_TRY_NUMBER='1' AIRFLOW_CTX_DAG_RUN_ID='scheduled__2023-12-11T00:00:00+00:00'
[2024-10-02T19:24:53.110+0000] {taskinstance.py:430} INFO - ::endgroup::
[2024-10-02T19:24:53.316+0000] {python.py:237} INFO - Done. Returned value was: None
[2024-10-02T19:24:53.317+0000] {taskinstance.py:441} INFO - ::group::Post task execution logs
[2024-10-02T19:24:53.330+0000] {taskinstance.py:1206} INFO - Marking task as SUCCESS. dag_id=etl_covid_europa_pipeline, task_id=transformar, run_id=scheduled__2023-12-11T00:00:00+00:00, execution_date=20231211T000000, start_date=20241002T192452, end_date=20241002T192453
[2024-10-02T19:24:53.370+0000] {local_task_job_runner.py:240} INFO - Task exited with return code 0
[2024-10-02T19:24:53.412+0000] {taskinstance.py:3503} INFO - 1 downstream tasks scheduled from follow-on schedule check
[2024-10-02T19:24:53.432+0000] {local_task_job_runner.py:222} INFO - ::endgroup::
