[2024-10-02T18:55:27.816+0000] {local_task_job_runner.py:120} INFO - ::group::Pre task execution logs
[2024-10-02T18:55:27.868+0000] {taskinstance.py:2076} INFO - Dependencies all met for dep_context=non-requeueable deps ti=<TaskInstance: etl_covid_europa_pipeline.carregar scheduled__2024-09-03T00:00:00+00:00 [queued]>
[2024-10-02T18:55:28.311+0000] {taskinstance.py:2076} INFO - Dependencies all met for dep_context=requeueable deps ti=<TaskInstance: etl_covid_europa_pipeline.carregar scheduled__2024-09-03T00:00:00+00:00 [queued]>
[2024-10-02T18:55:28.312+0000] {taskinstance.py:2306} INFO - Starting attempt 1 of 1
[2024-10-02T18:55:28.347+0000] {taskinstance.py:2330} INFO - Executing <Task(PythonOperator): carregar> on 2024-09-03 00:00:00+00:00
[2024-10-02T18:55:28.362+0000] {warnings.py:112} WARNING - /home/***/.local/lib/python3.12/site-packages/***/task/task_runner/standard_task_runner.py:61: DeprecationWarning: This process (pid=4986) is multi-threaded, use of fork() may lead to deadlocks in the child.
  pid = os.fork()

[2024-10-02T18:55:28.365+0000] {standard_task_runner.py:63} INFO - Started process 5013 to run task
[2024-10-02T18:55:28.364+0000] {standard_task_runner.py:90} INFO - Running: ['***', 'tasks', 'run', 'etl_covid_europa_pipeline', 'carregar', 'scheduled__2024-09-03T00:00:00+00:00', '--job-id', '892', '--raw', '--subdir', 'DAGS_FOLDER/etl_pipeline.py', '--cfg-path', '/tmp/tmpbdbnk0yl']
[2024-10-02T18:55:28.367+0000] {standard_task_runner.py:91} INFO - Job 892: Subtask carregar
[2024-10-02T18:55:28.481+0000] {task_command.py:426} INFO - Running <TaskInstance: etl_covid_europa_pipeline.carregar scheduled__2024-09-03T00:00:00+00:00 [running]> on host 99de7dfc3871
[2024-10-02T18:55:28.730+0000] {taskinstance.py:2648} INFO - Exporting env vars: AIRFLOW_CTX_DAG_OWNER='***' AIRFLOW_CTX_DAG_ID='etl_covid_europa_pipeline' AIRFLOW_CTX_TASK_ID='carregar' AIRFLOW_CTX_EXECUTION_DATE='2024-09-03T00:00:00+00:00' AIRFLOW_CTX_TRY_NUMBER='1' AIRFLOW_CTX_DAG_RUN_ID='scheduled__2024-09-03T00:00:00+00:00'
[2024-10-02T18:55:28.733+0000] {taskinstance.py:430} INFO - ::endgroup::
[2024-10-02T18:55:28.901+0000] {python.py:237} INFO - Done. Returned value was: None
[2024-10-02T18:55:28.902+0000] {taskinstance.py:441} INFO - ::group::Post task execution logs
[2024-10-02T18:55:28.917+0000] {taskinstance.py:1206} INFO - Marking task as SUCCESS. dag_id=etl_covid_europa_pipeline, task_id=carregar, run_id=scheduled__2024-09-03T00:00:00+00:00, execution_date=20240903T000000, start_date=20241002T185527, end_date=20241002T185528
[2024-10-02T18:55:28.965+0000] {local_task_job_runner.py:240} INFO - Task exited with return code 0
[2024-10-02T18:55:28.996+0000] {taskinstance.py:3503} INFO - 0 downstream tasks scheduled from follow-on schedule check
[2024-10-02T18:55:29.000+0000] {local_task_job_runner.py:222} INFO - ::endgroup::
[2024-10-02T19:04:15.995+0000] {local_task_job_runner.py:120} INFO - ::group::Pre task execution logs
[2024-10-02T19:04:16.162+0000] {taskinstance.py:2076} INFO - Dependencies all met for dep_context=non-requeueable deps ti=<TaskInstance: etl_covid_europa_pipeline.carregar scheduled__2024-09-03T00:00:00+00:00 [queued]>
[2024-10-02T19:04:16.169+0000] {taskinstance.py:2076} INFO - Dependencies all met for dep_context=requeueable deps ti=<TaskInstance: etl_covid_europa_pipeline.carregar scheduled__2024-09-03T00:00:00+00:00 [queued]>
[2024-10-02T19:04:16.170+0000] {taskinstance.py:2306} INFO - Starting attempt 1 of 1
[2024-10-02T19:04:16.181+0000] {taskinstance.py:2330} INFO - Executing <Task(PythonOperator): carregar> on 2024-09-03 00:00:00+00:00
[2024-10-02T19:04:16.186+0000] {warnings.py:112} WARNING - /home/***/.local/lib/python3.12/site-packages/***/task/task_runner/standard_task_runner.py:61: DeprecationWarning: This process (pid=8201) is multi-threaded, use of fork() may lead to deadlocks in the child.
  pid = os.fork()

[2024-10-02T19:04:16.187+0000] {standard_task_runner.py:63} INFO - Started process 8204 to run task
[2024-10-02T19:04:16.187+0000] {standard_task_runner.py:90} INFO - Running: ['***', 'tasks', 'run', 'etl_covid_europa_pipeline', 'carregar', 'scheduled__2024-09-03T00:00:00+00:00', '--job-id', '1922', '--raw', '--subdir', 'DAGS_FOLDER/etl_pipeline.py', '--cfg-path', '/tmp/tmpz8ex7ic8']
[2024-10-02T19:04:16.188+0000] {standard_task_runner.py:91} INFO - Job 1922: Subtask carregar
[2024-10-02T19:04:16.227+0000] {task_command.py:426} INFO - Running <TaskInstance: etl_covid_europa_pipeline.carregar scheduled__2024-09-03T00:00:00+00:00 [running]> on host 99de7dfc3871
[2024-10-02T19:04:16.298+0000] {taskinstance.py:2648} INFO - Exporting env vars: AIRFLOW_CTX_DAG_OWNER='***' AIRFLOW_CTX_DAG_ID='etl_covid_europa_pipeline' AIRFLOW_CTX_TASK_ID='carregar' AIRFLOW_CTX_EXECUTION_DATE='2024-09-03T00:00:00+00:00' AIRFLOW_CTX_TRY_NUMBER='1' AIRFLOW_CTX_DAG_RUN_ID='scheduled__2024-09-03T00:00:00+00:00'
[2024-10-02T19:04:16.299+0000] {taskinstance.py:430} INFO - ::endgroup::
[2024-10-02T19:04:16.350+0000] {python.py:237} INFO - Done. Returned value was: None
[2024-10-02T19:04:16.351+0000] {taskinstance.py:441} INFO - ::group::Post task execution logs
[2024-10-02T19:04:16.358+0000] {taskinstance.py:1206} INFO - Marking task as SUCCESS. dag_id=etl_covid_europa_pipeline, task_id=carregar, run_id=scheduled__2024-09-03T00:00:00+00:00, execution_date=20240903T000000, start_date=20241002T190416, end_date=20241002T190416
[2024-10-02T19:04:16.400+0000] {local_task_job_runner.py:240} INFO - Task exited with return code 0
[2024-10-02T19:04:16.413+0000] {taskinstance.py:3503} INFO - 0 downstream tasks scheduled from follow-on schedule check
[2024-10-02T19:04:16.416+0000] {local_task_job_runner.py:222} INFO - ::endgroup::
