[2024-10-02T19:00:20.978+0000] {local_task_job_runner.py:120} INFO - ::group::Pre task execution logs
[2024-10-02T19:00:21.144+0000] {taskinstance.py:2076} INFO - Dependencies all met for dep_context=non-requeueable deps ti=<TaskInstance: etl_covid_europa_pipeline.carregar scheduled__2024-02-26T00:00:00+00:00 [queued]>
[2024-10-02T19:00:21.151+0000] {taskinstance.py:2076} INFO - Dependencies all met for dep_context=requeueable deps ti=<TaskInstance: etl_covid_europa_pipeline.carregar scheduled__2024-02-26T00:00:00+00:00 [queued]>
[2024-10-02T19:00:21.151+0000] {taskinstance.py:2306} INFO - Starting attempt 1 of 1
[2024-10-02T19:00:21.162+0000] {taskinstance.py:2330} INFO - Executing <Task(PythonOperator): carregar> on 2024-02-26 00:00:00+00:00
[2024-10-02T19:00:21.167+0000] {warnings.py:112} WARNING - /home/***/.local/lib/python3.12/site-packages/***/task/task_runner/standard_task_runner.py:61: DeprecationWarning: This process (pid=6567) is multi-threaded, use of fork() may lead to deadlocks in the child.
  pid = os.fork()

[2024-10-02T19:00:21.168+0000] {standard_task_runner.py:63} INFO - Started process 6569 to run task
[2024-10-02T19:00:21.168+0000] {standard_task_runner.py:90} INFO - Running: ['***', 'tasks', 'run', 'etl_covid_europa_pipeline', 'carregar', 'scheduled__2024-02-26T00:00:00+00:00', '--job-id', '1393', '--raw', '--subdir', 'DAGS_FOLDER/etl_pipeline.py', '--cfg-path', '/tmp/tmpy2iaj_fj']
[2024-10-02T19:00:21.170+0000] {standard_task_runner.py:91} INFO - Job 1393: Subtask carregar
[2024-10-02T19:00:21.206+0000] {task_command.py:426} INFO - Running <TaskInstance: etl_covid_europa_pipeline.carregar scheduled__2024-02-26T00:00:00+00:00 [running]> on host 99de7dfc3871
[2024-10-02T19:00:21.274+0000] {taskinstance.py:2648} INFO - Exporting env vars: AIRFLOW_CTX_DAG_OWNER='***' AIRFLOW_CTX_DAG_ID='etl_covid_europa_pipeline' AIRFLOW_CTX_TASK_ID='carregar' AIRFLOW_CTX_EXECUTION_DATE='2024-02-26T00:00:00+00:00' AIRFLOW_CTX_TRY_NUMBER='1' AIRFLOW_CTX_DAG_RUN_ID='scheduled__2024-02-26T00:00:00+00:00'
[2024-10-02T19:00:21.275+0000] {taskinstance.py:430} INFO - ::endgroup::
[2024-10-02T19:00:21.319+0000] {python.py:237} INFO - Done. Returned value was: None
[2024-10-02T19:00:21.319+0000] {taskinstance.py:441} INFO - ::group::Post task execution logs
[2024-10-02T19:00:21.326+0000] {taskinstance.py:1206} INFO - Marking task as SUCCESS. dag_id=etl_covid_europa_pipeline, task_id=carregar, run_id=scheduled__2024-02-26T00:00:00+00:00, execution_date=20240226T000000, start_date=20241002T190021, end_date=20241002T190021
[2024-10-02T19:00:21.382+0000] {local_task_job_runner.py:240} INFO - Task exited with return code 0
[2024-10-02T19:00:21.394+0000] {taskinstance.py:3503} INFO - 0 downstream tasks scheduled from follow-on schedule check
[2024-10-02T19:00:21.396+0000] {local_task_job_runner.py:222} INFO - ::endgroup::
[2024-10-02T19:26:32.225+0000] {local_task_job_runner.py:120} INFO - ::group::Pre task execution logs
[2024-10-02T19:26:32.619+0000] {taskinstance.py:2076} INFO - Dependencies all met for dep_context=non-requeueable deps ti=<TaskInstance: etl_covid_europa_pipeline.carregar scheduled__2024-02-26T00:00:00+00:00 [queued]>
[2024-10-02T19:26:32.630+0000] {taskinstance.py:2076} INFO - Dependencies all met for dep_context=requeueable deps ti=<TaskInstance: etl_covid_europa_pipeline.carregar scheduled__2024-02-26T00:00:00+00:00 [queued]>
[2024-10-02T19:26:32.630+0000] {taskinstance.py:2306} INFO - Starting attempt 1 of 1
[2024-10-02T19:26:32.645+0000] {taskinstance.py:2330} INFO - Executing <Task(PythonOperator): carregar> on 2024-02-26 00:00:00+00:00
[2024-10-02T19:26:32.653+0000] {warnings.py:112} WARNING - /home/***/.local/lib/python3.12/site-packages/***/task/task_runner/standard_task_runner.py:61: DeprecationWarning: This process (pid=10000) is multi-threaded, use of fork() may lead to deadlocks in the child.
  pid = os.fork()

[2024-10-02T19:26:32.655+0000] {standard_task_runner.py:63} INFO - Started process 10019 to run task
[2024-10-02T19:26:32.654+0000] {standard_task_runner.py:90} INFO - Running: ['***', 'tasks', 'run', 'etl_covid_europa_pipeline', 'carregar', 'scheduled__2024-02-26T00:00:00+00:00', '--job-id', '2431', '--raw', '--subdir', 'DAGS_FOLDER/etl_pipeline_agrupar_continente.py', '--cfg-path', '/tmp/tmp6wirnvwe']
[2024-10-02T19:26:32.656+0000] {standard_task_runner.py:91} INFO - Job 2431: Subtask carregar
[2024-10-02T19:26:32.707+0000] {task_command.py:426} INFO - Running <TaskInstance: etl_covid_europa_pipeline.carregar scheduled__2024-02-26T00:00:00+00:00 [running]> on host 99de7dfc3871
[2024-10-02T19:26:32.816+0000] {taskinstance.py:2648} INFO - Exporting env vars: AIRFLOW_CTX_DAG_OWNER='***' AIRFLOW_CTX_DAG_ID='etl_covid_europa_pipeline' AIRFLOW_CTX_TASK_ID='carregar' AIRFLOW_CTX_EXECUTION_DATE='2024-02-26T00:00:00+00:00' AIRFLOW_CTX_TRY_NUMBER='1' AIRFLOW_CTX_DAG_RUN_ID='scheduled__2024-02-26T00:00:00+00:00'
[2024-10-02T19:26:32.818+0000] {taskinstance.py:430} INFO - ::endgroup::
[2024-10-02T19:26:32.894+0000] {python.py:237} INFO - Done. Returned value was: None
[2024-10-02T19:26:32.895+0000] {taskinstance.py:441} INFO - ::group::Post task execution logs
[2024-10-02T19:26:32.905+0000] {taskinstance.py:1206} INFO - Marking task as SUCCESS. dag_id=etl_covid_europa_pipeline, task_id=carregar, run_id=scheduled__2024-02-26T00:00:00+00:00, execution_date=20240226T000000, start_date=20241002T192632, end_date=20241002T192632
[2024-10-02T19:26:32.949+0000] {local_task_job_runner.py:240} INFO - Task exited with return code 0
[2024-10-02T19:26:32.974+0000] {taskinstance.py:3503} INFO - 0 downstream tasks scheduled from follow-on schedule check
[2024-10-02T19:26:32.976+0000] {local_task_job_runner.py:222} INFO - ::endgroup::
