[2024-10-02T18:55:30.445+0000] {local_task_job_runner.py:120} INFO - ::group::Pre task execution logs
[2024-10-02T18:55:30.469+0000] {taskinstance.py:2076} INFO - Dependencies all met for dep_context=non-requeueable deps ti=<TaskInstance: etl_covid_europa_pipeline.carregar scheduled__2024-09-07T00:00:00+00:00 [queued]>
[2024-10-02T18:55:30.482+0000] {taskinstance.py:2076} INFO - Dependencies all met for dep_context=requeueable deps ti=<TaskInstance: etl_covid_europa_pipeline.carregar scheduled__2024-09-07T00:00:00+00:00 [queued]>
[2024-10-02T18:55:30.483+0000] {taskinstance.py:2306} INFO - Starting attempt 1 of 1
[2024-10-02T18:55:30.727+0000] {taskinstance.py:2330} INFO - Executing <Task(PythonOperator): carregar> on 2024-09-07 00:00:00+00:00
[2024-10-02T18:55:30.735+0000] {warnings.py:112} WARNING - /home/***/.local/lib/python3.12/site-packages/***/task/task_runner/standard_task_runner.py:61: DeprecationWarning: This process (pid=5022) is multi-threaded, use of fork() may lead to deadlocks in the child.
  pid = os.fork()

[2024-10-02T18:55:30.737+0000] {standard_task_runner.py:63} INFO - Started process 5041 to run task
[2024-10-02T18:55:30.737+0000] {standard_task_runner.py:90} INFO - Running: ['***', 'tasks', 'run', 'etl_covid_europa_pipeline', 'carregar', 'scheduled__2024-09-07T00:00:00+00:00', '--job-id', '903', '--raw', '--subdir', 'DAGS_FOLDER/etl_pipeline.py', '--cfg-path', '/tmp/tmp0g8om0hm']
[2024-10-02T18:55:30.739+0000] {standard_task_runner.py:91} INFO - Job 903: Subtask carregar
[2024-10-02T18:55:30.793+0000] {task_command.py:426} INFO - Running <TaskInstance: etl_covid_europa_pipeline.carregar scheduled__2024-09-07T00:00:00+00:00 [running]> on host 99de7dfc3871
[2024-10-02T18:55:30.881+0000] {taskinstance.py:2648} INFO - Exporting env vars: AIRFLOW_CTX_DAG_OWNER='***' AIRFLOW_CTX_DAG_ID='etl_covid_europa_pipeline' AIRFLOW_CTX_TASK_ID='carregar' AIRFLOW_CTX_EXECUTION_DATE='2024-09-07T00:00:00+00:00' AIRFLOW_CTX_TRY_NUMBER='1' AIRFLOW_CTX_DAG_RUN_ID='scheduled__2024-09-07T00:00:00+00:00'
[2024-10-02T18:55:30.883+0000] {taskinstance.py:430} INFO - ::endgroup::
[2024-10-02T18:55:30.951+0000] {python.py:237} INFO - Done. Returned value was: None
[2024-10-02T18:55:30.952+0000] {taskinstance.py:441} INFO - ::group::Post task execution logs
[2024-10-02T18:55:30.961+0000] {taskinstance.py:1206} INFO - Marking task as SUCCESS. dag_id=etl_covid_europa_pipeline, task_id=carregar, run_id=scheduled__2024-09-07T00:00:00+00:00, execution_date=20240907T000000, start_date=20241002T185530, end_date=20241002T185530
[2024-10-02T18:55:30.992+0000] {local_task_job_runner.py:240} INFO - Task exited with return code 0
[2024-10-02T18:55:31.011+0000] {taskinstance.py:3503} INFO - 0 downstream tasks scheduled from follow-on schedule check
[2024-10-02T18:55:31.013+0000] {local_task_job_runner.py:222} INFO - ::endgroup::
[2024-10-02T19:04:34.055+0000] {local_task_job_runner.py:120} INFO - ::group::Pre task execution logs
[2024-10-02T19:04:34.083+0000] {taskinstance.py:2076} INFO - Dependencies all met for dep_context=non-requeueable deps ti=<TaskInstance: etl_covid_europa_pipeline.carregar scheduled__2024-09-07T00:00:00+00:00 [queued]>
[2024-10-02T19:04:34.094+0000] {taskinstance.py:2076} INFO - Dependencies all met for dep_context=requeueable deps ti=<TaskInstance: etl_covid_europa_pipeline.carregar scheduled__2024-09-07T00:00:00+00:00 [queued]>
[2024-10-02T19:04:34.094+0000] {taskinstance.py:2306} INFO - Starting attempt 1 of 1
[2024-10-02T19:04:34.386+0000] {taskinstance.py:2330} INFO - Executing <Task(PythonOperator): carregar> on 2024-09-07 00:00:00+00:00
[2024-10-02T19:04:34.395+0000] {warnings.py:112} WARNING - /home/***/.local/lib/python3.12/site-packages/***/task/task_runner/standard_task_runner.py:61: DeprecationWarning: This process (pid=8291) is multi-threaded, use of fork() may lead to deadlocks in the child.
  pid = os.fork()

[2024-10-02T19:04:34.396+0000] {standard_task_runner.py:63} INFO - Started process 8312 to run task
[2024-10-02T19:04:34.397+0000] {standard_task_runner.py:90} INFO - Running: ['***', 'tasks', 'run', 'etl_covid_europa_pipeline', 'carregar', 'scheduled__2024-09-07T00:00:00+00:00', '--job-id', '1954', '--raw', '--subdir', 'DAGS_FOLDER/etl_pipeline.py', '--cfg-path', '/tmp/tmp_1eqia9c']
[2024-10-02T19:04:34.399+0000] {standard_task_runner.py:91} INFO - Job 1954: Subtask carregar
[2024-10-02T19:04:34.451+0000] {task_command.py:426} INFO - Running <TaskInstance: etl_covid_europa_pipeline.carregar scheduled__2024-09-07T00:00:00+00:00 [running]> on host 99de7dfc3871
[2024-10-02T19:04:34.578+0000] {taskinstance.py:2648} INFO - Exporting env vars: AIRFLOW_CTX_DAG_OWNER='***' AIRFLOW_CTX_DAG_ID='etl_covid_europa_pipeline' AIRFLOW_CTX_TASK_ID='carregar' AIRFLOW_CTX_EXECUTION_DATE='2024-09-07T00:00:00+00:00' AIRFLOW_CTX_TRY_NUMBER='1' AIRFLOW_CTX_DAG_RUN_ID='scheduled__2024-09-07T00:00:00+00:00'
[2024-10-02T19:04:34.579+0000] {taskinstance.py:430} INFO - ::endgroup::
[2024-10-02T19:04:34.661+0000] {python.py:237} INFO - Done. Returned value was: None
[2024-10-02T19:04:34.662+0000] {taskinstance.py:441} INFO - ::group::Post task execution logs
[2024-10-02T19:04:34.671+0000] {taskinstance.py:1206} INFO - Marking task as SUCCESS. dag_id=etl_covid_europa_pipeline, task_id=carregar, run_id=scheduled__2024-09-07T00:00:00+00:00, execution_date=20240907T000000, start_date=20241002T190434, end_date=20241002T190434
[2024-10-02T19:04:34.731+0000] {local_task_job_runner.py:240} INFO - Task exited with return code 0
[2024-10-02T19:04:34.742+0000] {local_task_job_runner.py:222} INFO - ::endgroup::
