[2024-10-02T17:27:08.529+0000] {local_task_job_runner.py:120} INFO - ::group::Pre task execution logs
[2024-10-02T17:27:08.555+0000] {taskinstance.py:2076} INFO - Dependencies all met for dep_context=non-requeueable deps ti=<TaskInstance: etl_covid_europa_pipeline.extrair scheduled__2024-01-31T00:00:00+00:00 [queued]>
[2024-10-02T17:27:08.569+0000] {taskinstance.py:2076} INFO - Dependencies all met for dep_context=requeueable deps ti=<TaskInstance: etl_covid_europa_pipeline.extrair scheduled__2024-01-31T00:00:00+00:00 [queued]>
[2024-10-02T17:27:08.569+0000] {taskinstance.py:2306} INFO - Starting attempt 1 of 1
[2024-10-02T17:27:08.765+0000] {taskinstance.py:2330} INFO - Executing <Task(PythonOperator): extrair> on 2024-01-31 00:00:00+00:00
[2024-10-02T17:27:08.771+0000] {warnings.py:112} WARNING - /home/***/.local/lib/python3.12/site-packages/***/task/task_runner/standard_task_runner.py:61: DeprecationWarning: This process (pid=1823) is multi-threaded, use of fork() may lead to deadlocks in the child.
  pid = os.fork()

[2024-10-02T17:27:08.772+0000] {standard_task_runner.py:63} INFO - Started process 1836 to run task
[2024-10-02T17:27:08.772+0000] {standard_task_runner.py:90} INFO - Running: ['***', 'tasks', 'run', 'etl_covid_europa_pipeline', 'extrair', 'scheduled__2024-01-31T00:00:00+00:00', '--job-id', '218', '--raw', '--subdir', 'DAGS_FOLDER/etl_pipeline.py', '--cfg-path', '/tmp/tmpynwst2w8']
[2024-10-02T17:27:08.774+0000] {standard_task_runner.py:91} INFO - Job 218: Subtask extrair
[2024-10-02T17:27:08.815+0000] {task_command.py:426} INFO - Running <TaskInstance: etl_covid_europa_pipeline.extrair scheduled__2024-01-31T00:00:00+00:00 [running]> on host 99de7dfc3871
[2024-10-02T17:27:08.898+0000] {taskinstance.py:2648} INFO - Exporting env vars: AIRFLOW_CTX_DAG_OWNER='***' AIRFLOW_CTX_DAG_ID='etl_covid_europa_pipeline' AIRFLOW_CTX_TASK_ID='extrair' AIRFLOW_CTX_EXECUTION_DATE='2024-01-31T00:00:00+00:00' AIRFLOW_CTX_TRY_NUMBER='1' AIRFLOW_CTX_DAG_RUN_ID='scheduled__2024-01-31T00:00:00+00:00'
[2024-10-02T17:27:08.899+0000] {taskinstance.py:430} INFO - ::endgroup::
[2024-10-02T17:27:17.225+0000] {taskinstance.py:441} INFO - ::group::Post task execution logs
[2024-10-02T17:27:17.225+0000] {taskinstance.py:2905} ERROR - Task failed with exception
Traceback (most recent call last):
  File "/home/airflow/.local/lib/python3.12/site-packages/airflow/models/taskinstance.py", line 465, in _execute_task
    result = _execute_callable(context=context, **execute_callable_kwargs)
             ^^^^^^^^^^^^^^^^^^^^^^^^^^^^^^^^^^^^^^^^^^^^^^^^^^^^^^^^^^^^^
  File "/home/airflow/.local/lib/python3.12/site-packages/airflow/models/taskinstance.py", line 432, in _execute_callable
    return execute_callable(context=context, **execute_callable_kwargs)
           ^^^^^^^^^^^^^^^^^^^^^^^^^^^^^^^^^^^^^^^^^^^^^^^^^^^^^^^^^^^^
  File "/home/airflow/.local/lib/python3.12/site-packages/airflow/models/baseoperator.py", line 401, in wrapper
    return func(self, *args, **kwargs)
           ^^^^^^^^^^^^^^^^^^^^^^^^^^^
  File "/home/airflow/.local/lib/python3.12/site-packages/airflow/operators/python.py", line 235, in execute
    return_value = self.execute_callable()
                   ^^^^^^^^^^^^^^^^^^^^^^^
  File "/home/airflow/.local/lib/python3.12/site-packages/airflow/operators/python.py", line 252, in execute_callable
    return self.python_callable(*self.op_args, **self.op_kwargs)
           ^^^^^^^^^^^^^^^^^^^^^^^^^^^^^^^^^^^^^^^^^^^^^^^^^^^^^
  File "/opt/airflow/dags/etl_pipeline.py", line 10, in extrair
    df.to_csv('data/dados_covid_extraidos.csv', index=False)
  File "/home/airflow/.local/lib/python3.12/site-packages/pandas/core/generic.py", line 3902, in to_csv
    return DataFrameRenderer(formatter).to_csv(
           ^^^^^^^^^^^^^^^^^^^^^^^^^^^^^^^^^^^^
  File "/home/airflow/.local/lib/python3.12/site-packages/pandas/io/formats/format.py", line 1152, in to_csv
    csv_formatter.save()
  File "/home/airflow/.local/lib/python3.12/site-packages/pandas/io/formats/csvs.py", line 247, in save
    with get_handle(
         ^^^^^^^^^^^
  File "/home/airflow/.local/lib/python3.12/site-packages/pandas/io/common.py", line 863, in get_handle
    handle = open(
             ^^^^^
PermissionError: [Errno 13] Permission denied: 'data/dados_covid_extraidos.csv'
[2024-10-02T17:27:17.241+0000] {taskinstance.py:1206} INFO - Marking task as FAILED. dag_id=etl_covid_europa_pipeline, task_id=extrair, run_id=scheduled__2024-01-31T00:00:00+00:00, execution_date=20240131T000000, start_date=20241002T172708, end_date=20241002T172717
[2024-10-02T17:27:17.253+0000] {standard_task_runner.py:110} ERROR - Failed to execute job 218 for task extrair ([Errno 13] Permission denied: 'data/dados_covid_extraidos.csv'; 1836)
[2024-10-02T17:27:17.284+0000] {local_task_job_runner.py:240} INFO - Task exited with return code 1
[2024-10-02T17:27:17.301+0000] {taskinstance.py:3503} INFO - 0 downstream tasks scheduled from follow-on schedule check
[2024-10-02T17:27:17.305+0000] {local_task_job_runner.py:222} INFO - ::endgroup::
[2024-10-02T18:59:32.677+0000] {local_task_job_runner.py:120} INFO - ::group::Pre task execution logs
[2024-10-02T18:59:32.698+0000] {taskinstance.py:2076} INFO - Dependencies all met for dep_context=non-requeueable deps ti=<TaskInstance: etl_covid_europa_pipeline.extrair scheduled__2024-01-31T00:00:00+00:00 [queued]>
[2024-10-02T18:59:32.867+0000] {taskinstance.py:2076} INFO - Dependencies all met for dep_context=requeueable deps ti=<TaskInstance: etl_covid_europa_pipeline.extrair scheduled__2024-01-31T00:00:00+00:00 [queued]>
[2024-10-02T18:59:32.868+0000] {taskinstance.py:2306} INFO - Starting attempt 1 of 1
[2024-10-02T18:59:32.880+0000] {taskinstance.py:2330} INFO - Executing <Task(PythonOperator): extrair> on 2024-01-31 00:00:00+00:00
[2024-10-02T18:59:32.885+0000] {warnings.py:112} WARNING - /home/***/.local/lib/python3.12/site-packages/***/task/task_runner/standard_task_runner.py:61: DeprecationWarning: This process (pid=6313) is multi-threaded, use of fork() may lead to deadlocks in the child.
  pid = os.fork()

[2024-10-02T18:59:32.886+0000] {standard_task_runner.py:63} INFO - Started process 6322 to run task
[2024-10-02T18:59:32.886+0000] {standard_task_runner.py:90} INFO - Running: ['***', 'tasks', 'run', 'etl_covid_europa_pipeline', 'extrair', 'scheduled__2024-01-31T00:00:00+00:00', '--job-id', '1315', '--raw', '--subdir', 'DAGS_FOLDER/etl_pipeline.py', '--cfg-path', '/tmp/tmpi6v4v9_2']
[2024-10-02T18:59:32.888+0000] {standard_task_runner.py:91} INFO - Job 1315: Subtask extrair
[2024-10-02T18:59:32.927+0000] {task_command.py:426} INFO - Running <TaskInstance: etl_covid_europa_pipeline.extrair scheduled__2024-01-31T00:00:00+00:00 [running]> on host 99de7dfc3871
[2024-10-02T18:59:33.025+0000] {taskinstance.py:2648} INFO - Exporting env vars: AIRFLOW_CTX_DAG_OWNER='***' AIRFLOW_CTX_DAG_ID='etl_covid_europa_pipeline' AIRFLOW_CTX_TASK_ID='extrair' AIRFLOW_CTX_EXECUTION_DATE='2024-01-31T00:00:00+00:00' AIRFLOW_CTX_TRY_NUMBER='1' AIRFLOW_CTX_DAG_RUN_ID='scheduled__2024-01-31T00:00:00+00:00'
[2024-10-02T18:59:33.029+0000] {taskinstance.py:430} INFO - ::endgroup::
[2024-10-02T18:59:38.808+0000] {python.py:237} INFO - Done. Returned value was: None
[2024-10-02T18:59:38.808+0000] {taskinstance.py:441} INFO - ::group::Post task execution logs
[2024-10-02T18:59:38.818+0000] {taskinstance.py:1206} INFO - Marking task as SUCCESS. dag_id=etl_covid_europa_pipeline, task_id=extrair, run_id=scheduled__2024-01-31T00:00:00+00:00, execution_date=20240131T000000, start_date=20241002T185932, end_date=20241002T185938
[2024-10-02T18:59:38.912+0000] {local_task_job_runner.py:240} INFO - Task exited with return code 0
[2024-10-02T18:59:38.941+0000] {taskinstance.py:3503} INFO - 1 downstream tasks scheduled from follow-on schedule check
[2024-10-02T18:59:38.943+0000] {local_task_job_runner.py:222} INFO - ::endgroup::
[2024-10-02T19:25:39.955+0000] {local_task_job_runner.py:120} INFO - ::group::Pre task execution logs
[2024-10-02T19:25:39.980+0000] {taskinstance.py:2076} INFO - Dependencies all met for dep_context=non-requeueable deps ti=<TaskInstance: etl_covid_europa_pipeline.extrair scheduled__2024-01-31T00:00:00+00:00 [queued]>
[2024-10-02T19:25:40.136+0000] {taskinstance.py:2076} INFO - Dependencies all met for dep_context=requeueable deps ti=<TaskInstance: etl_covid_europa_pipeline.extrair scheduled__2024-01-31T00:00:00+00:00 [queued]>
[2024-10-02T19:25:40.136+0000] {taskinstance.py:2306} INFO - Starting attempt 1 of 1
[2024-10-02T19:25:40.152+0000] {taskinstance.py:2330} INFO - Executing <Task(PythonOperator): extrair> on 2024-01-31 00:00:00+00:00
[2024-10-02T19:25:40.156+0000] {warnings.py:112} WARNING - /home/***/.local/lib/python3.12/site-packages/***/task/task_runner/standard_task_runner.py:61: DeprecationWarning: This process (pid=9645) is multi-threaded, use of fork() may lead to deadlocks in the child.
  pid = os.fork()

[2024-10-02T19:25:40.158+0000] {standard_task_runner.py:63} INFO - Started process 9653 to run task
[2024-10-02T19:25:40.158+0000] {standard_task_runner.py:90} INFO - Running: ['***', 'tasks', 'run', 'etl_covid_europa_pipeline', 'extrair', 'scheduled__2024-01-31T00:00:00+00:00', '--job-id', '2313', '--raw', '--subdir', 'DAGS_FOLDER/etl_pipeline.py', '--cfg-path', '/tmp/tmpkuv2j89h']
[2024-10-02T19:25:40.159+0000] {standard_task_runner.py:91} INFO - Job 2313: Subtask extrair
[2024-10-02T19:25:40.196+0000] {task_command.py:426} INFO - Running <TaskInstance: etl_covid_europa_pipeline.extrair scheduled__2024-01-31T00:00:00+00:00 [running]> on host 99de7dfc3871
[2024-10-02T19:25:40.270+0000] {taskinstance.py:2648} INFO - Exporting env vars: AIRFLOW_CTX_DAG_OWNER='***' AIRFLOW_CTX_DAG_ID='etl_covid_europa_pipeline' AIRFLOW_CTX_TASK_ID='extrair' AIRFLOW_CTX_EXECUTION_DATE='2024-01-31T00:00:00+00:00' AIRFLOW_CTX_TRY_NUMBER='1' AIRFLOW_CTX_DAG_RUN_ID='scheduled__2024-01-31T00:00:00+00:00'
[2024-10-02T19:25:40.274+0000] {taskinstance.py:430} INFO - ::endgroup::
[2024-10-02T19:25:46.124+0000] {python.py:237} INFO - Done. Returned value was: None
[2024-10-02T19:25:46.125+0000] {taskinstance.py:441} INFO - ::group::Post task execution logs
[2024-10-02T19:25:46.135+0000] {taskinstance.py:1206} INFO - Marking task as SUCCESS. dag_id=etl_covid_europa_pipeline, task_id=extrair, run_id=scheduled__2024-01-31T00:00:00+00:00, execution_date=20240131T000000, start_date=20241002T192539, end_date=20241002T192546
[2024-10-02T19:25:46.171+0000] {local_task_job_runner.py:240} INFO - Task exited with return code 0
[2024-10-02T19:25:46.201+0000] {taskinstance.py:3503} INFO - 1 downstream tasks scheduled from follow-on schedule check
[2024-10-02T19:25:46.204+0000] {local_task_job_runner.py:222} INFO - ::endgroup::
