[2024-10-02T17:29:26.442+0000] {local_task_job_runner.py:120} INFO - ::group::Pre task execution logs
[2024-10-02T17:29:26.466+0000] {taskinstance.py:2076} INFO - Dependencies all met for dep_context=non-requeueable deps ti=<TaskInstance: etl_covid_europa_pipeline.extrair scheduled__2024-05-26T00:00:00+00:00 [queued]>
[2024-10-02T17:29:26.474+0000] {taskinstance.py:2076} INFO - Dependencies all met for dep_context=requeueable deps ti=<TaskInstance: etl_covid_europa_pipeline.extrair scheduled__2024-05-26T00:00:00+00:00 [queued]>
[2024-10-02T17:29:26.475+0000] {taskinstance.py:2306} INFO - Starting attempt 1 of 1
[2024-10-02T17:29:26.645+0000] {taskinstance.py:2330} INFO - Executing <Task(PythonOperator): extrair> on 2024-05-26 00:00:00+00:00
[2024-10-02T17:29:26.650+0000] {warnings.py:112} WARNING - /home/***/.local/lib/python3.12/site-packages/***/task/task_runner/standard_task_runner.py:61: DeprecationWarning: This process (pid=2429) is multi-threaded, use of fork() may lead to deadlocks in the child.
  pid = os.fork()

[2024-10-02T17:29:26.651+0000] {standard_task_runner.py:63} INFO - Started process 2443 to run task
[2024-10-02T17:29:26.651+0000] {standard_task_runner.py:90} INFO - Running: ['***', 'tasks', 'run', 'etl_covid_europa_pipeline', 'extrair', 'scheduled__2024-05-26T00:00:00+00:00', '--job-id', '411', '--raw', '--subdir', 'DAGS_FOLDER/etl_pipeline.py', '--cfg-path', '/tmp/tmpxb7fyz49']
[2024-10-02T17:29:26.653+0000] {standard_task_runner.py:91} INFO - Job 411: Subtask extrair
[2024-10-02T17:29:26.696+0000] {task_command.py:426} INFO - Running <TaskInstance: etl_covid_europa_pipeline.extrair scheduled__2024-05-26T00:00:00+00:00 [running]> on host 99de7dfc3871
[2024-10-02T17:29:26.771+0000] {taskinstance.py:2648} INFO - Exporting env vars: AIRFLOW_CTX_DAG_OWNER='***' AIRFLOW_CTX_DAG_ID='etl_covid_europa_pipeline' AIRFLOW_CTX_TASK_ID='extrair' AIRFLOW_CTX_EXECUTION_DATE='2024-05-26T00:00:00+00:00' AIRFLOW_CTX_TRY_NUMBER='1' AIRFLOW_CTX_DAG_RUN_ID='scheduled__2024-05-26T00:00:00+00:00'
[2024-10-02T17:29:26.772+0000] {taskinstance.py:430} INFO - ::endgroup::
[2024-10-02T17:29:32.791+0000] {python.py:237} INFO - Done. Returned value was: None
[2024-10-02T17:29:32.792+0000] {taskinstance.py:441} INFO - ::group::Post task execution logs
[2024-10-02T17:29:32.804+0000] {taskinstance.py:1206} INFO - Marking task as SUCCESS. dag_id=etl_covid_europa_pipeline, task_id=extrair, run_id=scheduled__2024-05-26T00:00:00+00:00, execution_date=20240526T000000, start_date=20241002T172926, end_date=20241002T172932
[2024-10-02T17:29:32.875+0000] {local_task_job_runner.py:240} INFO - Task exited with return code 0
[2024-10-02T17:29:32.901+0000] {taskinstance.py:3503} INFO - 1 downstream tasks scheduled from follow-on schedule check
[2024-10-02T17:29:32.903+0000] {local_task_job_runner.py:222} INFO - ::endgroup::
[2024-10-02T19:02:08.369+0000] {local_task_job_runner.py:120} INFO - ::group::Pre task execution logs
[2024-10-02T19:02:08.393+0000] {taskinstance.py:2076} INFO - Dependencies all met for dep_context=non-requeueable deps ti=<TaskInstance: etl_covid_europa_pipeline.extrair scheduled__2024-05-26T00:00:00+00:00 [queued]>
[2024-10-02T19:02:08.575+0000] {taskinstance.py:2076} INFO - Dependencies all met for dep_context=requeueable deps ti=<TaskInstance: etl_covid_europa_pipeline.extrair scheduled__2024-05-26T00:00:00+00:00 [queued]>
[2024-10-02T19:02:08.576+0000] {taskinstance.py:2306} INFO - Starting attempt 1 of 1
[2024-10-02T19:02:08.663+0000] {taskinstance.py:2330} INFO - Executing <Task(PythonOperator): extrair> on 2024-05-26 00:00:00+00:00
[2024-10-02T19:02:08.668+0000] {warnings.py:112} WARNING - /home/***/.local/lib/python3.12/site-packages/***/task/task_runner/standard_task_runner.py:61: DeprecationWarning: This process (pid=7293) is multi-threaded, use of fork() may lead to deadlocks in the child.
  pid = os.fork()

[2024-10-02T19:02:08.670+0000] {standard_task_runner.py:63} INFO - Started process 7308 to run task
[2024-10-02T19:02:08.670+0000] {standard_task_runner.py:90} INFO - Running: ['***', 'tasks', 'run', 'etl_covid_europa_pipeline', 'extrair', 'scheduled__2024-05-26T00:00:00+00:00', '--job-id', '1630', '--raw', '--subdir', 'DAGS_FOLDER/etl_pipeline.py', '--cfg-path', '/tmp/tmpb9uukokn']
[2024-10-02T19:02:08.672+0000] {standard_task_runner.py:91} INFO - Job 1630: Subtask extrair
[2024-10-02T19:02:08.714+0000] {task_command.py:426} INFO - Running <TaskInstance: etl_covid_europa_pipeline.extrair scheduled__2024-05-26T00:00:00+00:00 [running]> on host 99de7dfc3871
[2024-10-02T19:02:08.795+0000] {taskinstance.py:2648} INFO - Exporting env vars: AIRFLOW_CTX_DAG_OWNER='***' AIRFLOW_CTX_DAG_ID='etl_covid_europa_pipeline' AIRFLOW_CTX_TASK_ID='extrair' AIRFLOW_CTX_EXECUTION_DATE='2024-05-26T00:00:00+00:00' AIRFLOW_CTX_TRY_NUMBER='1' AIRFLOW_CTX_DAG_RUN_ID='scheduled__2024-05-26T00:00:00+00:00'
[2024-10-02T19:02:08.797+0000] {taskinstance.py:430} INFO - ::endgroup::
[2024-10-02T19:02:14.805+0000] {python.py:237} INFO - Done. Returned value was: None
[2024-10-02T19:02:14.807+0000] {taskinstance.py:441} INFO - ::group::Post task execution logs
[2024-10-02T19:02:14.825+0000] {taskinstance.py:1206} INFO - Marking task as SUCCESS. dag_id=etl_covid_europa_pipeline, task_id=extrair, run_id=scheduled__2024-05-26T00:00:00+00:00, execution_date=20240526T000000, start_date=20241002T190208, end_date=20241002T190214
[2024-10-02T19:02:15.071+0000] {local_task_job_runner.py:240} INFO - Task exited with return code 0
[2024-10-02T19:02:15.106+0000] {taskinstance.py:3503} INFO - 1 downstream tasks scheduled from follow-on schedule check
[2024-10-02T19:02:15.110+0000] {local_task_job_runner.py:222} INFO - ::endgroup::
