[2024-10-02T17:26:38.159+0000] {local_task_job_runner.py:120} INFO - ::group::Pre task execution logs
[2024-10-02T17:26:38.183+0000] {taskinstance.py:2076} INFO - Dependencies all met for dep_context=non-requeueable deps ti=<TaskInstance: etl_covid_europa_pipeline.extrair scheduled__2023-12-23T00:00:00+00:00 [queued]>
[2024-10-02T17:26:38.192+0000] {taskinstance.py:2076} INFO - Dependencies all met for dep_context=requeueable deps ti=<TaskInstance: etl_covid_europa_pipeline.extrair scheduled__2023-12-23T00:00:00+00:00 [queued]>
[2024-10-02T17:26:38.193+0000] {taskinstance.py:2306} INFO - Starting attempt 1 of 1
[2024-10-02T17:26:38.450+0000] {taskinstance.py:2330} INFO - Executing <Task(PythonOperator): extrair> on 2023-12-23 00:00:00+00:00
[2024-10-02T17:26:38.458+0000] {warnings.py:112} WARNING - /home/***/.local/lib/python3.12/site-packages/***/task/task_runner/standard_task_runner.py:61: DeprecationWarning: This process (pid=1668) is multi-threaded, use of fork() may lead to deadlocks in the child.
  pid = os.fork()

[2024-10-02T17:26:38.460+0000] {standard_task_runner.py:63} INFO - Started process 1685 to run task
[2024-10-02T17:26:38.459+0000] {standard_task_runner.py:90} INFO - Running: ['***', 'tasks', 'run', 'etl_covid_europa_pipeline', 'extrair', 'scheduled__2023-12-23T00:00:00+00:00', '--job-id', '168', '--raw', '--subdir', 'DAGS_FOLDER/etl_pipeline.py', '--cfg-path', '/tmp/tmp4bmhtv3o']
[2024-10-02T17:26:38.461+0000] {standard_task_runner.py:91} INFO - Job 168: Subtask extrair
[2024-10-02T17:26:38.514+0000] {task_command.py:426} INFO - Running <TaskInstance: etl_covid_europa_pipeline.extrair scheduled__2023-12-23T00:00:00+00:00 [running]> on host 99de7dfc3871
[2024-10-02T17:26:38.616+0000] {taskinstance.py:2648} INFO - Exporting env vars: AIRFLOW_CTX_DAG_OWNER='***' AIRFLOW_CTX_DAG_ID='etl_covid_europa_pipeline' AIRFLOW_CTX_TASK_ID='extrair' AIRFLOW_CTX_EXECUTION_DATE='2023-12-23T00:00:00+00:00' AIRFLOW_CTX_TRY_NUMBER='1' AIRFLOW_CTX_DAG_RUN_ID='scheduled__2023-12-23T00:00:00+00:00'
[2024-10-02T17:26:38.617+0000] {taskinstance.py:430} INFO - ::endgroup::
[2024-10-02T17:26:44.644+0000] {python.py:237} INFO - Done. Returned value was: None
[2024-10-02T17:26:44.645+0000] {taskinstance.py:441} INFO - ::group::Post task execution logs
[2024-10-02T17:26:44.653+0000] {taskinstance.py:1206} INFO - Marking task as SUCCESS. dag_id=etl_covid_europa_pipeline, task_id=extrair, run_id=scheduled__2023-12-23T00:00:00+00:00, execution_date=20231223T000000, start_date=20241002T172638, end_date=20241002T172644
[2024-10-02T17:26:44.689+0000] {local_task_job_runner.py:240} INFO - Task exited with return code 0
[2024-10-02T17:26:44.715+0000] {taskinstance.py:3503} INFO - 1 downstream tasks scheduled from follow-on schedule check
[2024-10-02T17:26:44.719+0000] {local_task_job_runner.py:222} INFO - ::endgroup::
[2024-10-02T18:58:40.006+0000] {local_task_job_runner.py:120} INFO - ::group::Pre task execution logs
[2024-10-02T18:58:40.028+0000] {taskinstance.py:2076} INFO - Dependencies all met for dep_context=non-requeueable deps ti=<TaskInstance: etl_covid_europa_pipeline.extrair scheduled__2023-12-23T00:00:00+00:00 [queued]>
[2024-10-02T18:58:40.190+0000] {taskinstance.py:2076} INFO - Dependencies all met for dep_context=requeueable deps ti=<TaskInstance: etl_covid_europa_pipeline.extrair scheduled__2023-12-23T00:00:00+00:00 [queued]>
[2024-10-02T18:58:40.190+0000] {taskinstance.py:2306} INFO - Starting attempt 1 of 1
[2024-10-02T18:58:40.203+0000] {taskinstance.py:2330} INFO - Executing <Task(PythonOperator): extrair> on 2023-12-23 00:00:00+00:00
[2024-10-02T18:58:40.209+0000] {warnings.py:112} WARNING - /home/***/.local/lib/python3.12/site-packages/***/task/task_runner/standard_task_runner.py:61: DeprecationWarning: This process (pid=5981) is multi-threaded, use of fork() may lead to deadlocks in the child.
  pid = os.fork()

[2024-10-02T18:58:40.210+0000] {standard_task_runner.py:63} INFO - Started process 5994 to run task
[2024-10-02T18:58:40.210+0000] {standard_task_runner.py:90} INFO - Running: ['***', 'tasks', 'run', 'etl_covid_europa_pipeline', 'extrair', 'scheduled__2023-12-23T00:00:00+00:00', '--job-id', '1206', '--raw', '--subdir', 'DAGS_FOLDER/etl_pipeline.py', '--cfg-path', '/tmp/tmpf7kyavs0']
[2024-10-02T18:58:40.212+0000] {standard_task_runner.py:91} INFO - Job 1206: Subtask extrair
[2024-10-02T18:58:40.251+0000] {task_command.py:426} INFO - Running <TaskInstance: etl_covid_europa_pipeline.extrair scheduled__2023-12-23T00:00:00+00:00 [running]> on host 99de7dfc3871
[2024-10-02T18:58:40.338+0000] {taskinstance.py:2648} INFO - Exporting env vars: AIRFLOW_CTX_DAG_OWNER='***' AIRFLOW_CTX_DAG_ID='etl_covid_europa_pipeline' AIRFLOW_CTX_TASK_ID='extrair' AIRFLOW_CTX_EXECUTION_DATE='2023-12-23T00:00:00+00:00' AIRFLOW_CTX_TRY_NUMBER='1' AIRFLOW_CTX_DAG_RUN_ID='scheduled__2023-12-23T00:00:00+00:00'
[2024-10-02T18:58:40.342+0000] {taskinstance.py:430} INFO - ::endgroup::
[2024-10-02T18:58:47.635+0000] {python.py:237} INFO - Done. Returned value was: None
[2024-10-02T18:58:47.638+0000] {taskinstance.py:441} INFO - ::group::Post task execution logs
[2024-10-02T18:58:47.650+0000] {taskinstance.py:1206} INFO - Marking task as SUCCESS. dag_id=etl_covid_europa_pipeline, task_id=extrair, run_id=scheduled__2023-12-23T00:00:00+00:00, execution_date=20231223T000000, start_date=20241002T185840, end_date=20241002T185847
[2024-10-02T18:58:47.720+0000] {local_task_job_runner.py:240} INFO - Task exited with return code 0
[2024-10-02T18:58:47.751+0000] {taskinstance.py:3503} INFO - 1 downstream tasks scheduled from follow-on schedule check
[2024-10-02T18:58:47.755+0000] {local_task_job_runner.py:222} INFO - ::endgroup::
[2024-10-02T19:24:59.033+0000] {local_task_job_runner.py:120} INFO - ::group::Pre task execution logs
[2024-10-02T19:24:59.060+0000] {taskinstance.py:2076} INFO - Dependencies all met for dep_context=non-requeueable deps ti=<TaskInstance: etl_covid_europa_pipeline.extrair scheduled__2023-12-23T00:00:00+00:00 [queued]>
[2024-10-02T19:24:59.287+0000] {taskinstance.py:2076} INFO - Dependencies all met for dep_context=requeueable deps ti=<TaskInstance: etl_covid_europa_pipeline.extrair scheduled__2023-12-23T00:00:00+00:00 [queued]>
[2024-10-02T19:24:59.288+0000] {taskinstance.py:2306} INFO - Starting attempt 1 of 1
[2024-10-02T19:24:59.312+0000] {taskinstance.py:2330} INFO - Executing <Task(PythonOperator): extrair> on 2023-12-23 00:00:00+00:00
[2024-10-02T19:24:59.319+0000] {warnings.py:112} WARNING - /home/***/.local/lib/python3.12/site-packages/***/task/task_runner/standard_task_runner.py:61: DeprecationWarning: This process (pid=9359) is multi-threaded, use of fork() may lead to deadlocks in the child.
  pid = os.fork()

[2024-10-02T19:24:59.320+0000] {standard_task_runner.py:63} INFO - Started process 9378 to run task
[2024-10-02T19:24:59.320+0000] {standard_task_runner.py:90} INFO - Running: ['***', 'tasks', 'run', 'etl_covid_europa_pipeline', 'extrair', 'scheduled__2023-12-23T00:00:00+00:00', '--job-id', '2222', '--raw', '--subdir', 'DAGS_FOLDER/etl_pipeline.py', '--cfg-path', '/tmp/tmpppcg_tpg']
[2024-10-02T19:24:59.322+0000] {standard_task_runner.py:91} INFO - Job 2222: Subtask extrair
[2024-10-02T19:24:59.374+0000] {task_command.py:426} INFO - Running <TaskInstance: etl_covid_europa_pipeline.extrair scheduled__2023-12-23T00:00:00+00:00 [running]> on host 99de7dfc3871
[2024-10-02T19:24:59.466+0000] {taskinstance.py:2648} INFO - Exporting env vars: AIRFLOW_CTX_DAG_OWNER='***' AIRFLOW_CTX_DAG_ID='etl_covid_europa_pipeline' AIRFLOW_CTX_TASK_ID='extrair' AIRFLOW_CTX_EXECUTION_DATE='2023-12-23T00:00:00+00:00' AIRFLOW_CTX_TRY_NUMBER='1' AIRFLOW_CTX_DAG_RUN_ID='scheduled__2023-12-23T00:00:00+00:00'
[2024-10-02T19:24:59.470+0000] {taskinstance.py:430} INFO - ::endgroup::
[2024-10-02T19:25:04.929+0000] {python.py:237} INFO - Done. Returned value was: None
[2024-10-02T19:25:04.930+0000] {taskinstance.py:441} INFO - ::group::Post task execution logs
[2024-10-02T19:25:04.937+0000] {taskinstance.py:1206} INFO - Marking task as SUCCESS. dag_id=etl_covid_europa_pipeline, task_id=extrair, run_id=scheduled__2023-12-23T00:00:00+00:00, execution_date=20231223T000000, start_date=20241002T192459, end_date=20241002T192504
[2024-10-02T19:25:04.989+0000] {local_task_job_runner.py:240} INFO - Task exited with return code 0
[2024-10-02T19:25:05.008+0000] {taskinstance.py:3503} INFO - 1 downstream tasks scheduled from follow-on schedule check
[2024-10-02T19:25:05.011+0000] {local_task_job_runner.py:222} INFO - ::endgroup::
