[2024-10-02T17:32:02.740+0000] {local_task_job_runner.py:120} INFO - ::group::Pre task execution logs
[2024-10-02T17:32:02.770+0000] {taskinstance.py:2076} INFO - Dependencies all met for dep_context=non-requeueable deps ti=<TaskInstance: etl_covid_europa_pipeline.transformar scheduled__2024-09-24T00:00:00+00:00 [queued]>
[2024-10-02T17:32:02.779+0000] {taskinstance.py:2076} INFO - Dependencies all met for dep_context=requeueable deps ti=<TaskInstance: etl_covid_europa_pipeline.transformar scheduled__2024-09-24T00:00:00+00:00 [queued]>
[2024-10-02T17:32:02.780+0000] {taskinstance.py:2306} INFO - Starting attempt 1 of 1
[2024-10-02T17:32:03.050+0000] {taskinstance.py:2330} INFO - Executing <Task(PythonOperator): transformar> on 2024-09-24 00:00:00+00:00
[2024-10-02T17:32:03.058+0000] {warnings.py:112} WARNING - /home/***/.local/lib/python3.12/site-packages/***/task/task_runner/standard_task_runner.py:61: DeprecationWarning: This process (pid=3201) is multi-threaded, use of fork() may lead to deadlocks in the child.
  pid = os.fork()

[2024-10-02T17:32:03.060+0000] {standard_task_runner.py:63} INFO - Started process 3214 to run task
[2024-10-02T17:32:03.061+0000] {standard_task_runner.py:90} INFO - Running: ['***', 'tasks', 'run', 'etl_covid_europa_pipeline', 'transformar', 'scheduled__2024-09-24T00:00:00+00:00', '--job-id', '656', '--raw', '--subdir', 'DAGS_FOLDER/etl_pipeline.py', '--cfg-path', '/tmp/tmpww7idrw8']
[2024-10-02T17:32:03.063+0000] {standard_task_runner.py:91} INFO - Job 656: Subtask transformar
[2024-10-02T17:32:03.113+0000] {task_command.py:426} INFO - Running <TaskInstance: etl_covid_europa_pipeline.transformar scheduled__2024-09-24T00:00:00+00:00 [running]> on host 99de7dfc3871
[2024-10-02T17:32:03.206+0000] {taskinstance.py:2648} INFO - Exporting env vars: AIRFLOW_CTX_DAG_OWNER='***' AIRFLOW_CTX_DAG_ID='etl_covid_europa_pipeline' AIRFLOW_CTX_TASK_ID='transformar' AIRFLOW_CTX_EXECUTION_DATE='2024-09-24T00:00:00+00:00' AIRFLOW_CTX_TRY_NUMBER='1' AIRFLOW_CTX_DAG_RUN_ID='scheduled__2024-09-24T00:00:00+00:00'
[2024-10-02T17:32:03.208+0000] {taskinstance.py:430} INFO - ::endgroup::
[2024-10-02T17:32:03.252+0000] {taskinstance.py:441} INFO - ::group::Post task execution logs
[2024-10-02T17:32:03.256+0000] {taskinstance.py:2905} ERROR - Task failed with exception
Traceback (most recent call last):
  File "/home/airflow/.local/lib/python3.12/site-packages/airflow/models/taskinstance.py", line 465, in _execute_task
    result = _execute_callable(context=context, **execute_callable_kwargs)
             ^^^^^^^^^^^^^^^^^^^^^^^^^^^^^^^^^^^^^^^^^^^^^^^^^^^^^^^^^^^^^
  File "/home/airflow/.local/lib/python3.12/site-packages/airflow/models/taskinstance.py", line 432, in _execute_callable
    return execute_callable(context=context, **execute_callable_kwargs)
           ^^^^^^^^^^^^^^^^^^^^^^^^^^^^^^^^^^^^^^^^^^^^^^^^^^^^^^^^^^^^
  File "/home/airflow/.local/lib/python3.12/site-packages/airflow/models/baseoperator.py", line 401, in wrapper
    return func(self, *args, **kwargs)
           ^^^^^^^^^^^^^^^^^^^^^^^^^^^
  File "/home/airflow/.local/lib/python3.12/site-packages/airflow/operators/python.py", line 235, in execute
    return_value = self.execute_callable()
                   ^^^^^^^^^^^^^^^^^^^^^^^
  File "/home/airflow/.local/lib/python3.12/site-packages/airflow/operators/python.py", line 252, in execute_callable
    return self.python_callable(*self.op_args, **self.op_kwargs)
           ^^^^^^^^^^^^^^^^^^^^^^^^^^^^^^^^^^^^^^^^^^^^^^^^^^^^^
  File "/opt/airflow/dags/etl_pipeline.py", line 13, in transformar
    df = pd.read_csv('data/dados_covid_extraidos.csv')
         ^^^^^^^^^^^^^^^^^^^^^^^^^^^^^^^^^^^^^^^^^^^^^
  File "/home/airflow/.local/lib/python3.12/site-packages/pandas/io/parsers/readers.py", line 948, in read_csv
    return _read(filepath_or_buffer, kwds)
           ^^^^^^^^^^^^^^^^^^^^^^^^^^^^^^^
  File "/home/airflow/.local/lib/python3.12/site-packages/pandas/io/parsers/readers.py", line 617, in _read
    return parser.read(nrows)
           ^^^^^^^^^^^^^^^^^^
  File "/home/airflow/.local/lib/python3.12/site-packages/pandas/io/parsers/readers.py", line 1748, in read
    ) = self._engine.read(  # type: ignore[attr-defined]
        ^^^^^^^^^^^^^^^^^^^^^^^^^^^^^^^^^^^^^^^^^^^^^^^^
  File "/home/airflow/.local/lib/python3.12/site-packages/pandas/io/parsers/c_parser_wrapper.py", line 234, in read
    chunks = self._reader.read_low_memory(nrows)
             ^^^^^^^^^^^^^^^^^^^^^^^^^^^^^^^^^^^
  File "parsers.pyx", line 843, in pandas._libs.parsers.TextReader.read_low_memory
  File "parsers.pyx", line 904, in pandas._libs.parsers.TextReader._read_rows
  File "parsers.pyx", line 879, in pandas._libs.parsers.TextReader._tokenize_rows
  File "parsers.pyx", line 890, in pandas._libs.parsers.TextReader._check_tokenize_status
  File "parsers.pyx", line 2058, in pandas._libs.parsers.raise_parser_error
pandas.errors.ParserError: Error tokenizing data. C error: Expected 1 fields in line 7201, saw 2

[2024-10-02T17:32:03.271+0000] {taskinstance.py:1206} INFO - Marking task as FAILED. dag_id=etl_covid_europa_pipeline, task_id=transformar, run_id=scheduled__2024-09-24T00:00:00+00:00, execution_date=20240924T000000, start_date=20241002T173202, end_date=20241002T173203
[2024-10-02T17:32:03.289+0000] {standard_task_runner.py:110} ERROR - Failed to execute job 656 for task transformar (Error tokenizing data. C error: Expected 1 fields in line 7201, saw 2
; 3214)
[2024-10-02T17:32:03.314+0000] {local_task_job_runner.py:240} INFO - Task exited with return code 1
[2024-10-02T17:32:03.336+0000] {taskinstance.py:3503} INFO - 0 downstream tasks scheduled from follow-on schedule check
[2024-10-02T17:32:03.343+0000] {local_task_job_runner.py:222} INFO - ::endgroup::
[2024-10-02T18:55:45.199+0000] {local_task_job_runner.py:120} INFO - ::group::Pre task execution logs
[2024-10-02T18:55:45.234+0000] {taskinstance.py:2076} INFO - Dependencies all met for dep_context=non-requeueable deps ti=<TaskInstance: etl_covid_europa_pipeline.transformar scheduled__2024-09-24T00:00:00+00:00 [queued]>
[2024-10-02T18:55:45.669+0000] {taskinstance.py:2076} INFO - Dependencies all met for dep_context=requeueable deps ti=<TaskInstance: etl_covid_europa_pipeline.transformar scheduled__2024-09-24T00:00:00+00:00 [queued]>
[2024-10-02T18:55:45.670+0000] {taskinstance.py:2306} INFO - Starting attempt 1 of 1
[2024-10-02T18:55:45.697+0000] {taskinstance.py:2330} INFO - Executing <Task(PythonOperator): transformar> on 2024-09-24 00:00:00+00:00
[2024-10-02T18:55:45.705+0000] {warnings.py:112} WARNING - /home/***/.local/lib/python3.12/site-packages/***/task/task_runner/standard_task_runner.py:61: DeprecationWarning: This process (pid=5111) is multi-threaded, use of fork() may lead to deadlocks in the child.
  pid = os.fork()

[2024-10-02T18:55:45.708+0000] {standard_task_runner.py:63} INFO - Started process 5139 to run task
[2024-10-02T18:55:45.707+0000] {standard_task_runner.py:90} INFO - Running: ['***', 'tasks', 'run', 'etl_covid_europa_pipeline', 'transformar', 'scheduled__2024-09-24T00:00:00+00:00', '--job-id', '930', '--raw', '--subdir', 'DAGS_FOLDER/etl_pipeline.py', '--cfg-path', '/tmp/tmpfc06_9io']
[2024-10-02T18:55:45.714+0000] {standard_task_runner.py:91} INFO - Job 930: Subtask transformar
[2024-10-02T18:55:45.799+0000] {task_command.py:426} INFO - Running <TaskInstance: etl_covid_europa_pipeline.transformar scheduled__2024-09-24T00:00:00+00:00 [running]> on host 99de7dfc3871
[2024-10-02T18:55:45.942+0000] {taskinstance.py:2648} INFO - Exporting env vars: AIRFLOW_CTX_DAG_OWNER='***' AIRFLOW_CTX_DAG_ID='etl_covid_europa_pipeline' AIRFLOW_CTX_TASK_ID='transformar' AIRFLOW_CTX_EXECUTION_DATE='2024-09-24T00:00:00+00:00' AIRFLOW_CTX_TRY_NUMBER='1' AIRFLOW_CTX_DAG_RUN_ID='scheduled__2024-09-24T00:00:00+00:00'
[2024-10-02T18:55:45.949+0000] {taskinstance.py:430} INFO - ::endgroup::
[2024-10-02T18:55:46.218+0000] {python.py:237} INFO - Done. Returned value was: None
[2024-10-02T18:55:46.223+0000] {taskinstance.py:441} INFO - ::group::Post task execution logs
[2024-10-02T18:55:46.248+0000] {taskinstance.py:1206} INFO - Marking task as SUCCESS. dag_id=etl_covid_europa_pipeline, task_id=transformar, run_id=scheduled__2024-09-24T00:00:00+00:00, execution_date=20240924T000000, start_date=20241002T185545, end_date=20241002T185546
[2024-10-02T18:55:46.297+0000] {local_task_job_runner.py:240} INFO - Task exited with return code 0
[2024-10-02T18:55:46.328+0000] {taskinstance.py:3503} INFO - 1 downstream tasks scheduled from follow-on schedule check
[2024-10-02T18:55:46.330+0000] {local_task_job_runner.py:222} INFO - ::endgroup::
[2024-10-02T19:04:50.926+0000] {local_task_job_runner.py:120} INFO - ::group::Pre task execution logs
[2024-10-02T19:04:50.950+0000] {taskinstance.py:2076} INFO - Dependencies all met for dep_context=non-requeueable deps ti=<TaskInstance: etl_covid_europa_pipeline.transformar scheduled__2024-09-24T00:00:00+00:00 [queued]>
[2024-10-02T19:04:51.182+0000] {taskinstance.py:2076} INFO - Dependencies all met for dep_context=requeueable deps ti=<TaskInstance: etl_covid_europa_pipeline.transformar scheduled__2024-09-24T00:00:00+00:00 [queued]>
[2024-10-02T19:04:51.183+0000] {taskinstance.py:2306} INFO - Starting attempt 1 of 1
[2024-10-02T19:04:51.199+0000] {taskinstance.py:2330} INFO - Executing <Task(PythonOperator): transformar> on 2024-09-24 00:00:00+00:00
[2024-10-02T19:04:51.208+0000] {warnings.py:112} WARNING - /home/***/.local/lib/python3.12/site-packages/***/task/task_runner/standard_task_runner.py:61: DeprecationWarning: This process (pid=8405) is multi-threaded, use of fork() may lead to deadlocks in the child.
  pid = os.fork()

[2024-10-02T19:04:51.209+0000] {standard_task_runner.py:63} INFO - Started process 8420 to run task
[2024-10-02T19:04:51.209+0000] {standard_task_runner.py:90} INFO - Running: ['***', 'tasks', 'run', 'etl_covid_europa_pipeline', 'transformar', 'scheduled__2024-09-24T00:00:00+00:00', '--job-id', '1988', '--raw', '--subdir', 'DAGS_FOLDER/etl_pipeline.py', '--cfg-path', '/tmp/tmphrui__23']
[2024-10-02T19:04:51.211+0000] {standard_task_runner.py:91} INFO - Job 1988: Subtask transformar
[2024-10-02T19:04:51.260+0000] {task_command.py:426} INFO - Running <TaskInstance: etl_covid_europa_pipeline.transformar scheduled__2024-09-24T00:00:00+00:00 [running]> on host 99de7dfc3871
[2024-10-02T19:04:51.349+0000] {taskinstance.py:2648} INFO - Exporting env vars: AIRFLOW_CTX_DAG_OWNER='***' AIRFLOW_CTX_DAG_ID='etl_covid_europa_pipeline' AIRFLOW_CTX_TASK_ID='transformar' AIRFLOW_CTX_EXECUTION_DATE='2024-09-24T00:00:00+00:00' AIRFLOW_CTX_TRY_NUMBER='1' AIRFLOW_CTX_DAG_RUN_ID='scheduled__2024-09-24T00:00:00+00:00'
[2024-10-02T19:04:51.352+0000] {taskinstance.py:430} INFO - ::endgroup::
[2024-10-02T19:04:51.519+0000] {python.py:237} INFO - Done. Returned value was: None
[2024-10-02T19:04:51.520+0000] {taskinstance.py:441} INFO - ::group::Post task execution logs
[2024-10-02T19:04:51.530+0000] {taskinstance.py:1206} INFO - Marking task as SUCCESS. dag_id=etl_covid_europa_pipeline, task_id=transformar, run_id=scheduled__2024-09-24T00:00:00+00:00, execution_date=20240924T000000, start_date=20241002T190450, end_date=20241002T190451
[2024-10-02T19:04:51.583+0000] {local_task_job_runner.py:240} INFO - Task exited with return code 0
[2024-10-02T19:04:51.603+0000] {taskinstance.py:3503} INFO - 1 downstream tasks scheduled from follow-on schedule check
[2024-10-02T19:04:51.608+0000] {local_task_job_runner.py:222} INFO - ::endgroup::
