[2024-10-02T18:58:56.511+0000] {local_task_job_runner.py:120} INFO - ::group::Pre task execution logs
[2024-10-02T18:58:56.540+0000] {taskinstance.py:2076} INFO - Dependencies all met for dep_context=non-requeueable deps ti=<TaskInstance: etl_covid_europa_pipeline.carregar scheduled__2023-12-28T00:00:00+00:00 [queued]>
[2024-10-02T18:58:56.551+0000] {taskinstance.py:2076} INFO - Dependencies all met for dep_context=requeueable deps ti=<TaskInstance: etl_covid_europa_pipeline.carregar scheduled__2023-12-28T00:00:00+00:00 [queued]>
[2024-10-02T18:58:56.552+0000] {taskinstance.py:2306} INFO - Starting attempt 1 of 1
[2024-10-02T18:58:56.872+0000] {taskinstance.py:2330} INFO - Executing <Task(PythonOperator): carregar> on 2023-12-28 00:00:00+00:00
[2024-10-02T18:58:56.882+0000] {warnings.py:112} WARNING - /home/***/.local/lib/python3.12/site-packages/***/task/task_runner/standard_task_runner.py:61: DeprecationWarning: This process (pid=6072) is multi-threaded, use of fork() may lead to deadlocks in the child.
  pid = os.fork()

[2024-10-02T18:58:56.883+0000] {standard_task_runner.py:63} INFO - Started process 6090 to run task
[2024-10-02T18:58:56.883+0000] {standard_task_runner.py:90} INFO - Running: ['***', 'tasks', 'run', 'etl_covid_europa_pipeline', 'carregar', 'scheduled__2023-12-28T00:00:00+00:00', '--job-id', '1236', '--raw', '--subdir', 'DAGS_FOLDER/etl_pipeline.py', '--cfg-path', '/tmp/tmp3i8gu5xc']
[2024-10-02T18:58:56.885+0000] {standard_task_runner.py:91} INFO - Job 1236: Subtask carregar
[2024-10-02T18:58:56.950+0000] {task_command.py:426} INFO - Running <TaskInstance: etl_covid_europa_pipeline.carregar scheduled__2023-12-28T00:00:00+00:00 [running]> on host 99de7dfc3871
[2024-10-02T18:58:57.063+0000] {taskinstance.py:2648} INFO - Exporting env vars: AIRFLOW_CTX_DAG_OWNER='***' AIRFLOW_CTX_DAG_ID='etl_covid_europa_pipeline' AIRFLOW_CTX_TASK_ID='carregar' AIRFLOW_CTX_EXECUTION_DATE='2023-12-28T00:00:00+00:00' AIRFLOW_CTX_TRY_NUMBER='1' AIRFLOW_CTX_DAG_RUN_ID='scheduled__2023-12-28T00:00:00+00:00'
[2024-10-02T18:58:57.064+0000] {taskinstance.py:430} INFO - ::endgroup::
[2024-10-02T18:58:57.133+0000] {python.py:237} INFO - Done. Returned value was: None
[2024-10-02T18:58:57.134+0000] {taskinstance.py:441} INFO - ::group::Post task execution logs
[2024-10-02T18:58:57.146+0000] {taskinstance.py:1206} INFO - Marking task as SUCCESS. dag_id=etl_covid_europa_pipeline, task_id=carregar, run_id=scheduled__2023-12-28T00:00:00+00:00, execution_date=20231228T000000, start_date=20241002T185856, end_date=20241002T185857
[2024-10-02T18:58:57.182+0000] {local_task_job_runner.py:240} INFO - Task exited with return code 0
[2024-10-02T18:58:57.193+0000] {local_task_job_runner.py:222} INFO - ::endgroup::
[2024-10-02T19:25:16.148+0000] {local_task_job_runner.py:120} INFO - ::group::Pre task execution logs
[2024-10-02T19:25:16.346+0000] {taskinstance.py:2076} INFO - Dependencies all met for dep_context=non-requeueable deps ti=<TaskInstance: etl_covid_europa_pipeline.carregar scheduled__2023-12-28T00:00:00+00:00 [queued]>
[2024-10-02T19:25:16.354+0000] {taskinstance.py:2076} INFO - Dependencies all met for dep_context=requeueable deps ti=<TaskInstance: etl_covid_europa_pipeline.carregar scheduled__2023-12-28T00:00:00+00:00 [queued]>
[2024-10-02T19:25:16.354+0000] {taskinstance.py:2306} INFO - Starting attempt 1 of 1
[2024-10-02T19:25:16.368+0000] {taskinstance.py:2330} INFO - Executing <Task(PythonOperator): carregar> on 2023-12-28 00:00:00+00:00
[2024-10-02T19:25:16.375+0000] {warnings.py:112} WARNING - /home/***/.local/lib/python3.12/site-packages/***/task/task_runner/standard_task_runner.py:61: DeprecationWarning: This process (pid=9446) is multi-threaded, use of fork() may lead to deadlocks in the child.
  pid = os.fork()

[2024-10-02T19:25:16.376+0000] {standard_task_runner.py:63} INFO - Started process 9460 to run task
[2024-10-02T19:25:16.376+0000] {standard_task_runner.py:90} INFO - Running: ['***', 'tasks', 'run', 'etl_covid_europa_pipeline', 'carregar', 'scheduled__2023-12-28T00:00:00+00:00', '--job-id', '2247', '--raw', '--subdir', 'DAGS_FOLDER/etl_pipeline.py', '--cfg-path', '/tmp/tmp29o2vdzg']
[2024-10-02T19:25:16.379+0000] {standard_task_runner.py:91} INFO - Job 2247: Subtask carregar
[2024-10-02T19:25:16.419+0000] {task_command.py:426} INFO - Running <TaskInstance: etl_covid_europa_pipeline.carregar scheduled__2023-12-28T00:00:00+00:00 [running]> on host 99de7dfc3871
[2024-10-02T19:25:16.502+0000] {taskinstance.py:2648} INFO - Exporting env vars: AIRFLOW_CTX_DAG_OWNER='***' AIRFLOW_CTX_DAG_ID='etl_covid_europa_pipeline' AIRFLOW_CTX_TASK_ID='carregar' AIRFLOW_CTX_EXECUTION_DATE='2023-12-28T00:00:00+00:00' AIRFLOW_CTX_TRY_NUMBER='1' AIRFLOW_CTX_DAG_RUN_ID='scheduled__2023-12-28T00:00:00+00:00'
[2024-10-02T19:25:16.503+0000] {taskinstance.py:430} INFO - ::endgroup::
[2024-10-02T19:25:16.574+0000] {python.py:237} INFO - Done. Returned value was: None
[2024-10-02T19:25:16.575+0000] {taskinstance.py:441} INFO - ::group::Post task execution logs
[2024-10-02T19:25:16.583+0000] {taskinstance.py:1206} INFO - Marking task as SUCCESS. dag_id=etl_covid_europa_pipeline, task_id=carregar, run_id=scheduled__2023-12-28T00:00:00+00:00, execution_date=20231228T000000, start_date=20241002T192516, end_date=20241002T192516
[2024-10-02T19:25:16.630+0000] {local_task_job_runner.py:240} INFO - Task exited with return code 0
[2024-10-02T19:25:16.645+0000] {taskinstance.py:3503} INFO - 0 downstream tasks scheduled from follow-on schedule check
[2024-10-02T19:25:16.647+0000] {local_task_job_runner.py:222} INFO - ::endgroup::
