[2024-10-02T17:26:08.219+0000] {local_task_job_runner.py:120} INFO - ::group::Pre task execution logs
[2024-10-02T17:26:08.239+0000] {taskinstance.py:2076} INFO - Dependencies all met for dep_context=non-requeueable deps ti=<TaskInstance: etl_covid_europa_pipeline.extrair scheduled__2023-12-04T00:00:00+00:00 [queued]>
[2024-10-02T17:26:08.247+0000] {taskinstance.py:2076} INFO - Dependencies all met for dep_context=requeueable deps ti=<TaskInstance: etl_covid_europa_pipeline.extrair scheduled__2023-12-04T00:00:00+00:00 [queued]>
[2024-10-02T17:26:08.247+0000] {taskinstance.py:2306} INFO - Starting attempt 1 of 1
[2024-10-02T17:26:08.400+0000] {taskinstance.py:2330} INFO - Executing <Task(PythonOperator): extrair> on 2023-12-04 00:00:00+00:00
[2024-10-02T17:26:08.408+0000] {warnings.py:112} WARNING - /home/***/.local/lib/python3.12/site-packages/***/task/task_runner/standard_task_runner.py:61: DeprecationWarning: This process (pid=1513) is multi-threaded, use of fork() may lead to deadlocks in the child.
  pid = os.fork()

[2024-10-02T17:26:08.409+0000] {standard_task_runner.py:63} INFO - Started process 1523 to run task
[2024-10-02T17:26:08.409+0000] {standard_task_runner.py:90} INFO - Running: ['***', 'tasks', 'run', 'etl_covid_europa_pipeline', 'extrair', 'scheduled__2023-12-04T00:00:00+00:00', '--job-id', '119', '--raw', '--subdir', 'DAGS_FOLDER/etl_pipeline.py', '--cfg-path', '/tmp/tmp8ycgxc7l']
[2024-10-02T17:26:08.411+0000] {standard_task_runner.py:91} INFO - Job 119: Subtask extrair
[2024-10-02T17:26:08.449+0000] {task_command.py:426} INFO - Running <TaskInstance: etl_covid_europa_pipeline.extrair scheduled__2023-12-04T00:00:00+00:00 [running]> on host 99de7dfc3871
[2024-10-02T17:26:08.522+0000] {taskinstance.py:2648} INFO - Exporting env vars: AIRFLOW_CTX_DAG_OWNER='***' AIRFLOW_CTX_DAG_ID='etl_covid_europa_pipeline' AIRFLOW_CTX_TASK_ID='extrair' AIRFLOW_CTX_EXECUTION_DATE='2023-12-04T00:00:00+00:00' AIRFLOW_CTX_TRY_NUMBER='1' AIRFLOW_CTX_DAG_RUN_ID='scheduled__2023-12-04T00:00:00+00:00'
[2024-10-02T17:26:08.523+0000] {taskinstance.py:430} INFO - ::endgroup::
[2024-10-02T17:26:18.257+0000] {python.py:237} INFO - Done. Returned value was: None
[2024-10-02T17:26:18.258+0000] {taskinstance.py:441} INFO - ::group::Post task execution logs
[2024-10-02T17:26:18.265+0000] {taskinstance.py:1206} INFO - Marking task as SUCCESS. dag_id=etl_covid_europa_pipeline, task_id=extrair, run_id=scheduled__2023-12-04T00:00:00+00:00, execution_date=20231204T000000, start_date=20241002T172608, end_date=20241002T172618
[2024-10-02T17:26:18.286+0000] {local_task_job_runner.py:240} INFO - Task exited with return code 0
[2024-10-02T17:26:18.304+0000] {taskinstance.py:3503} INFO - 1 downstream tasks scheduled from follow-on schedule check
[2024-10-02T17:26:18.306+0000] {local_task_job_runner.py:222} INFO - ::endgroup::
[2024-10-02T18:58:12.386+0000] {local_task_job_runner.py:120} INFO - ::group::Pre task execution logs
[2024-10-02T18:58:12.406+0000] {taskinstance.py:2076} INFO - Dependencies all met for dep_context=non-requeueable deps ti=<TaskInstance: etl_covid_europa_pipeline.extrair scheduled__2023-12-04T00:00:00+00:00 [queued]>
[2024-10-02T18:58:12.553+0000] {taskinstance.py:2076} INFO - Dependencies all met for dep_context=requeueable deps ti=<TaskInstance: etl_covid_europa_pipeline.extrair scheduled__2023-12-04T00:00:00+00:00 [queued]>
[2024-10-02T18:58:12.553+0000] {taskinstance.py:2306} INFO - Starting attempt 1 of 1
[2024-10-02T18:58:12.565+0000] {taskinstance.py:2330} INFO - Executing <Task(PythonOperator): extrair> on 2023-12-04 00:00:00+00:00
[2024-10-02T18:58:12.569+0000] {warnings.py:112} WARNING - /home/***/.local/lib/python3.12/site-packages/***/task/task_runner/standard_task_runner.py:61: DeprecationWarning: This process (pid=5742) is multi-threaded, use of fork() may lead to deadlocks in the child.
  pid = os.fork()

[2024-10-02T18:58:12.570+0000] {standard_task_runner.py:63} INFO - Started process 5748 to run task
[2024-10-02T18:58:12.570+0000] {standard_task_runner.py:90} INFO - Running: ['***', 'tasks', 'run', 'etl_covid_europa_pipeline', 'extrair', 'scheduled__2023-12-04T00:00:00+00:00', '--job-id', '1129', '--raw', '--subdir', 'DAGS_FOLDER/etl_pipeline.py', '--cfg-path', '/tmp/tmptaqx3lai']
[2024-10-02T18:58:12.572+0000] {standard_task_runner.py:91} INFO - Job 1129: Subtask extrair
[2024-10-02T18:58:12.607+0000] {task_command.py:426} INFO - Running <TaskInstance: etl_covid_europa_pipeline.extrair scheduled__2023-12-04T00:00:00+00:00 [running]> on host 99de7dfc3871
[2024-10-02T18:58:12.681+0000] {taskinstance.py:2648} INFO - Exporting env vars: AIRFLOW_CTX_DAG_OWNER='***' AIRFLOW_CTX_DAG_ID='etl_covid_europa_pipeline' AIRFLOW_CTX_TASK_ID='extrair' AIRFLOW_CTX_EXECUTION_DATE='2023-12-04T00:00:00+00:00' AIRFLOW_CTX_TRY_NUMBER='1' AIRFLOW_CTX_DAG_RUN_ID='scheduled__2023-12-04T00:00:00+00:00'
[2024-10-02T18:58:12.684+0000] {taskinstance.py:430} INFO - ::endgroup::
[2024-10-02T18:58:19.354+0000] {python.py:237} INFO - Done. Returned value was: None
[2024-10-02T18:58:19.355+0000] {taskinstance.py:441} INFO - ::group::Post task execution logs
[2024-10-02T18:58:19.373+0000] {taskinstance.py:1206} INFO - Marking task as SUCCESS. dag_id=etl_covid_europa_pipeline, task_id=extrair, run_id=scheduled__2023-12-04T00:00:00+00:00, execution_date=20231204T000000, start_date=20241002T185812, end_date=20241002T185819
[2024-10-02T18:58:19.457+0000] {local_task_job_runner.py:240} INFO - Task exited with return code 0
[2024-10-02T18:58:19.506+0000] {taskinstance.py:3503} INFO - 1 downstream tasks scheduled from follow-on schedule check
[2024-10-02T18:58:19.516+0000] {local_task_job_runner.py:222} INFO - ::endgroup::
[2024-10-02T19:24:25.309+0000] {local_task_job_runner.py:120} INFO - ::group::Pre task execution logs
[2024-10-02T19:24:25.336+0000] {taskinstance.py:2076} INFO - Dependencies all met for dep_context=non-requeueable deps ti=<TaskInstance: etl_covid_europa_pipeline.extrair scheduled__2023-12-04T00:00:00+00:00 [queued]>
[2024-10-02T19:24:25.510+0000] {taskinstance.py:2076} INFO - Dependencies all met for dep_context=requeueable deps ti=<TaskInstance: etl_covid_europa_pipeline.extrair scheduled__2023-12-04T00:00:00+00:00 [queued]>
[2024-10-02T19:24:25.511+0000] {taskinstance.py:2306} INFO - Starting attempt 1 of 1
[2024-10-02T19:24:25.523+0000] {taskinstance.py:2330} INFO - Executing <Task(PythonOperator): extrair> on 2023-12-04 00:00:00+00:00
[2024-10-02T19:24:25.527+0000] {warnings.py:112} WARNING - /home/***/.local/lib/python3.12/site-packages/***/task/task_runner/standard_task_runner.py:61: DeprecationWarning: This process (pid=9109) is multi-threaded, use of fork() may lead to deadlocks in the child.
  pid = os.fork()

[2024-10-02T19:24:25.529+0000] {standard_task_runner.py:63} INFO - Started process 9115 to run task
[2024-10-02T19:24:25.530+0000] {standard_task_runner.py:90} INFO - Running: ['***', 'tasks', 'run', 'etl_covid_europa_pipeline', 'extrair', 'scheduled__2023-12-04T00:00:00+00:00', '--job-id', '2139', '--raw', '--subdir', 'DAGS_FOLDER/etl_pipeline.py', '--cfg-path', '/tmp/tmp11nc4pzz']
[2024-10-02T19:24:25.532+0000] {standard_task_runner.py:91} INFO - Job 2139: Subtask extrair
[2024-10-02T19:24:25.572+0000] {task_command.py:426} INFO - Running <TaskInstance: etl_covid_europa_pipeline.extrair scheduled__2023-12-04T00:00:00+00:00 [running]> on host 99de7dfc3871
[2024-10-02T19:24:25.649+0000] {taskinstance.py:2648} INFO - Exporting env vars: AIRFLOW_CTX_DAG_OWNER='***' AIRFLOW_CTX_DAG_ID='etl_covid_europa_pipeline' AIRFLOW_CTX_TASK_ID='extrair' AIRFLOW_CTX_EXECUTION_DATE='2023-12-04T00:00:00+00:00' AIRFLOW_CTX_TRY_NUMBER='1' AIRFLOW_CTX_DAG_RUN_ID='scheduled__2023-12-04T00:00:00+00:00'
[2024-10-02T19:24:25.652+0000] {taskinstance.py:430} INFO - ::endgroup::
[2024-10-02T19:24:31.401+0000] {python.py:237} INFO - Done. Returned value was: None
[2024-10-02T19:24:31.402+0000] {taskinstance.py:441} INFO - ::group::Post task execution logs
[2024-10-02T19:24:31.414+0000] {taskinstance.py:1206} INFO - Marking task as SUCCESS. dag_id=etl_covid_europa_pipeline, task_id=extrair, run_id=scheduled__2023-12-04T00:00:00+00:00, execution_date=20231204T000000, start_date=20241002T192425, end_date=20241002T192431
[2024-10-02T19:24:31.476+0000] {local_task_job_runner.py:240} INFO - Task exited with return code 0
[2024-10-02T19:24:31.510+0000] {taskinstance.py:3503} INFO - 1 downstream tasks scheduled from follow-on schedule check
[2024-10-02T19:24:31.513+0000] {local_task_job_runner.py:222} INFO - ::endgroup::
