[2024-10-02T17:31:33.995+0000] {local_task_job_runner.py:120} INFO - ::group::Pre task execution logs
[2024-10-02T17:31:34.022+0000] {taskinstance.py:2076} INFO - Dependencies all met for dep_context=non-requeueable deps ti=<TaskInstance: etl_covid_europa_pipeline.extrair scheduled__2024-09-01T00:00:00+00:00 [queued]>
[2024-10-02T17:31:34.030+0000] {taskinstance.py:2076} INFO - Dependencies all met for dep_context=requeueable deps ti=<TaskInstance: etl_covid_europa_pipeline.extrair scheduled__2024-09-01T00:00:00+00:00 [queued]>
[2024-10-02T17:31:34.030+0000] {taskinstance.py:2306} INFO - Starting attempt 1 of 1
[2024-10-02T17:31:34.262+0000] {taskinstance.py:2330} INFO - Executing <Task(PythonOperator): extrair> on 2024-09-01 00:00:00+00:00
[2024-10-02T17:31:34.270+0000] {warnings.py:112} WARNING - /home/***/.local/lib/python3.12/site-packages/***/task/task_runner/standard_task_runner.py:61: DeprecationWarning: This process (pid=3046) is multi-threaded, use of fork() may lead to deadlocks in the child.
  pid = os.fork()

[2024-10-02T17:31:34.271+0000] {standard_task_runner.py:63} INFO - Started process 3062 to run task
[2024-10-02T17:31:34.271+0000] {standard_task_runner.py:90} INFO - Running: ['***', 'tasks', 'run', 'etl_covid_europa_pipeline', 'extrair', 'scheduled__2024-09-01T00:00:00+00:00', '--job-id', '606', '--raw', '--subdir', 'DAGS_FOLDER/etl_pipeline.py', '--cfg-path', '/tmp/tmp0tvs5ipd']
[2024-10-02T17:31:34.273+0000] {standard_task_runner.py:91} INFO - Job 606: Subtask extrair
[2024-10-02T17:31:34.325+0000] {task_command.py:426} INFO - Running <TaskInstance: etl_covid_europa_pipeline.extrair scheduled__2024-09-01T00:00:00+00:00 [running]> on host 99de7dfc3871
[2024-10-02T17:31:34.409+0000] {taskinstance.py:2648} INFO - Exporting env vars: AIRFLOW_CTX_DAG_OWNER='***' AIRFLOW_CTX_DAG_ID='etl_covid_europa_pipeline' AIRFLOW_CTX_TASK_ID='extrair' AIRFLOW_CTX_EXECUTION_DATE='2024-09-01T00:00:00+00:00' AIRFLOW_CTX_TRY_NUMBER='1' AIRFLOW_CTX_DAG_RUN_ID='scheduled__2024-09-01T00:00:00+00:00'
[2024-10-02T17:31:34.411+0000] {taskinstance.py:430} INFO - ::endgroup::
[2024-10-02T17:31:40.064+0000] {python.py:237} INFO - Done. Returned value was: None
[2024-10-02T17:31:40.064+0000] {taskinstance.py:441} INFO - ::group::Post task execution logs
[2024-10-02T17:31:40.074+0000] {taskinstance.py:1206} INFO - Marking task as SUCCESS. dag_id=etl_covid_europa_pipeline, task_id=extrair, run_id=scheduled__2024-09-01T00:00:00+00:00, execution_date=20240901T000000, start_date=20241002T173134, end_date=20241002T173140
[2024-10-02T17:31:40.097+0000] {local_task_job_runner.py:240} INFO - Task exited with return code 0
[2024-10-02T17:31:40.115+0000] {taskinstance.py:3503} INFO - 1 downstream tasks scheduled from follow-on schedule check
[2024-10-02T17:31:40.117+0000] {local_task_job_runner.py:222} INFO - ::endgroup::
[2024-10-02T18:55:17.482+0000] {local_task_job_runner.py:120} INFO - ::group::Pre task execution logs
[2024-10-02T18:55:17.506+0000] {taskinstance.py:2076} INFO - Dependencies all met for dep_context=non-requeueable deps ti=<TaskInstance: etl_covid_europa_pipeline.extrair scheduled__2024-09-01T00:00:00+00:00 [queued]>
[2024-10-02T18:55:17.704+0000] {taskinstance.py:2076} INFO - Dependencies all met for dep_context=requeueable deps ti=<TaskInstance: etl_covid_europa_pipeline.extrair scheduled__2024-09-01T00:00:00+00:00 [queued]>
[2024-10-02T18:55:17.705+0000] {taskinstance.py:2306} INFO - Starting attempt 1 of 1
[2024-10-02T18:55:17.774+0000] {taskinstance.py:2330} INFO - Executing <Task(PythonOperator): extrair> on 2024-09-01 00:00:00+00:00
[2024-10-02T18:55:17.781+0000] {warnings.py:112} WARNING - /home/***/.local/lib/python3.12/site-packages/***/task/task_runner/standard_task_runner.py:61: DeprecationWarning: This process (pid=4906) is multi-threaded, use of fork() may lead to deadlocks in the child.
  pid = os.fork()

[2024-10-02T18:55:17.782+0000] {standard_task_runner.py:63} INFO - Started process 4923 to run task
[2024-10-02T18:55:17.782+0000] {standard_task_runner.py:90} INFO - Running: ['***', 'tasks', 'run', 'etl_covid_europa_pipeline', 'extrair', 'scheduled__2024-09-01T00:00:00+00:00', '--job-id', '865', '--raw', '--subdir', 'DAGS_FOLDER/etl_pipeline.py', '--cfg-path', '/tmp/tmp4ehvkvln']
[2024-10-02T18:55:17.784+0000] {standard_task_runner.py:91} INFO - Job 865: Subtask extrair
[2024-10-02T18:55:17.827+0000] {task_command.py:426} INFO - Running <TaskInstance: etl_covid_europa_pipeline.extrair scheduled__2024-09-01T00:00:00+00:00 [running]> on host 99de7dfc3871
[2024-10-02T18:55:17.922+0000] {taskinstance.py:2648} INFO - Exporting env vars: AIRFLOW_CTX_DAG_OWNER='***' AIRFLOW_CTX_DAG_ID='etl_covid_europa_pipeline' AIRFLOW_CTX_TASK_ID='extrair' AIRFLOW_CTX_EXECUTION_DATE='2024-09-01T00:00:00+00:00' AIRFLOW_CTX_TRY_NUMBER='1' AIRFLOW_CTX_DAG_RUN_ID='scheduled__2024-09-01T00:00:00+00:00'
[2024-10-02T18:55:17.925+0000] {taskinstance.py:430} INFO - ::endgroup::
[2024-10-02T18:55:24.005+0000] {python.py:237} INFO - Done. Returned value was: None
[2024-10-02T18:55:24.006+0000] {taskinstance.py:441} INFO - ::group::Post task execution logs
[2024-10-02T18:55:24.016+0000] {taskinstance.py:1206} INFO - Marking task as SUCCESS. dag_id=etl_covid_europa_pipeline, task_id=extrair, run_id=scheduled__2024-09-01T00:00:00+00:00, execution_date=20240901T000000, start_date=20241002T185517, end_date=20241002T185524
[2024-10-02T18:55:24.051+0000] {local_task_job_runner.py:240} INFO - Task exited with return code 0
[2024-10-02T18:55:24.078+0000] {taskinstance.py:3503} INFO - 1 downstream tasks scheduled from follow-on schedule check
[2024-10-02T18:55:24.080+0000] {local_task_job_runner.py:222} INFO - ::endgroup::
[2024-10-02T19:04:04.929+0000] {local_task_job_runner.py:120} INFO - ::group::Pre task execution logs
[2024-10-02T19:04:04.948+0000] {taskinstance.py:2076} INFO - Dependencies all met for dep_context=non-requeueable deps ti=<TaskInstance: etl_covid_europa_pipeline.extrair scheduled__2024-09-01T00:00:00+00:00 [queued]>
[2024-10-02T19:04:05.111+0000] {taskinstance.py:2076} INFO - Dependencies all met for dep_context=requeueable deps ti=<TaskInstance: etl_covid_europa_pipeline.extrair scheduled__2024-09-01T00:00:00+00:00 [queued]>
[2024-10-02T19:04:05.111+0000] {taskinstance.py:2306} INFO - Starting attempt 1 of 1
[2024-10-02T19:04:05.123+0000] {taskinstance.py:2330} INFO - Executing <Task(PythonOperator): extrair> on 2024-09-01 00:00:00+00:00
[2024-10-02T19:04:05.127+0000] {warnings.py:112} WARNING - /home/***/.local/lib/python3.12/site-packages/***/task/task_runner/standard_task_runner.py:61: DeprecationWarning: This process (pid=8097) is multi-threaded, use of fork() may lead to deadlocks in the child.
  pid = os.fork()

[2024-10-02T19:04:05.129+0000] {standard_task_runner.py:63} INFO - Started process 8109 to run task
[2024-10-02T19:04:05.129+0000] {standard_task_runner.py:90} INFO - Running: ['***', 'tasks', 'run', 'etl_covid_europa_pipeline', 'extrair', 'scheduled__2024-09-01T00:00:00+00:00', '--job-id', '1891', '--raw', '--subdir', 'DAGS_FOLDER/etl_pipeline.py', '--cfg-path', '/tmp/tmpp_aio_7d']
[2024-10-02T19:04:05.131+0000] {standard_task_runner.py:91} INFO - Job 1891: Subtask extrair
[2024-10-02T19:04:05.169+0000] {task_command.py:426} INFO - Running <TaskInstance: etl_covid_europa_pipeline.extrair scheduled__2024-09-01T00:00:00+00:00 [running]> on host 99de7dfc3871
[2024-10-02T19:04:05.246+0000] {taskinstance.py:2648} INFO - Exporting env vars: AIRFLOW_CTX_DAG_OWNER='***' AIRFLOW_CTX_DAG_ID='etl_covid_europa_pipeline' AIRFLOW_CTX_TASK_ID='extrair' AIRFLOW_CTX_EXECUTION_DATE='2024-09-01T00:00:00+00:00' AIRFLOW_CTX_TRY_NUMBER='1' AIRFLOW_CTX_DAG_RUN_ID='scheduled__2024-09-01T00:00:00+00:00'
[2024-10-02T19:04:05.250+0000] {taskinstance.py:430} INFO - ::endgroup::
[2024-10-02T19:04:11.115+0000] {python.py:237} INFO - Done. Returned value was: None
[2024-10-02T19:04:11.116+0000] {taskinstance.py:441} INFO - ::group::Post task execution logs
[2024-10-02T19:04:11.128+0000] {taskinstance.py:1206} INFO - Marking task as SUCCESS. dag_id=etl_covid_europa_pipeline, task_id=extrair, run_id=scheduled__2024-09-01T00:00:00+00:00, execution_date=20240901T000000, start_date=20241002T190404, end_date=20241002T190411
[2024-10-02T19:04:11.208+0000] {local_task_job_runner.py:240} INFO - Task exited with return code 0
[2024-10-02T19:04:11.236+0000] {taskinstance.py:3503} INFO - 1 downstream tasks scheduled from follow-on schedule check
[2024-10-02T19:04:11.241+0000] {local_task_job_runner.py:222} INFO - ::endgroup::
