[2024-10-02T18:58:38.610+0000] {local_task_job_runner.py:120} INFO - ::group::Pre task execution logs
[2024-10-02T18:58:38.636+0000] {taskinstance.py:2076} INFO - Dependencies all met for dep_context=non-requeueable deps ti=<TaskInstance: etl_covid_europa_pipeline.carregar scheduled__2023-12-17T00:00:00+00:00 [queued]>
[2024-10-02T18:58:38.901+0000] {taskinstance.py:2076} INFO - Dependencies all met for dep_context=requeueable deps ti=<TaskInstance: etl_covid_europa_pipeline.carregar scheduled__2023-12-17T00:00:00+00:00 [queued]>
[2024-10-02T18:58:38.901+0000] {taskinstance.py:2306} INFO - Starting attempt 1 of 1
[2024-10-02T18:58:38.919+0000] {taskinstance.py:2330} INFO - Executing <Task(PythonOperator): carregar> on 2023-12-17 00:00:00+00:00
[2024-10-02T18:58:38.929+0000] {warnings.py:112} WARNING - /home/***/.local/lib/python3.12/site-packages/***/task/task_runner/standard_task_runner.py:61: DeprecationWarning: This process (pid=5952) is multi-threaded, use of fork() may lead to deadlocks in the child.
  pid = os.fork()

[2024-10-02T18:58:38.934+0000] {standard_task_runner.py:63} INFO - Started process 5971 to run task
[2024-10-02T18:58:38.938+0000] {standard_task_runner.py:90} INFO - Running: ['***', 'tasks', 'run', 'etl_covid_europa_pipeline', 'carregar', 'scheduled__2023-12-17T00:00:00+00:00', '--job-id', '1199', '--raw', '--subdir', 'DAGS_FOLDER/etl_pipeline.py', '--cfg-path', '/tmp/tmpc6sn7ub_']
[2024-10-02T18:58:38.940+0000] {standard_task_runner.py:91} INFO - Job 1199: Subtask carregar
[2024-10-02T18:58:38.997+0000] {task_command.py:426} INFO - Running <TaskInstance: etl_covid_europa_pipeline.carregar scheduled__2023-12-17T00:00:00+00:00 [running]> on host 99de7dfc3871
[2024-10-02T18:58:39.125+0000] {taskinstance.py:2648} INFO - Exporting env vars: AIRFLOW_CTX_DAG_OWNER='***' AIRFLOW_CTX_DAG_ID='etl_covid_europa_pipeline' AIRFLOW_CTX_TASK_ID='carregar' AIRFLOW_CTX_EXECUTION_DATE='2023-12-17T00:00:00+00:00' AIRFLOW_CTX_TRY_NUMBER='1' AIRFLOW_CTX_DAG_RUN_ID='scheduled__2023-12-17T00:00:00+00:00'
[2024-10-02T18:58:39.129+0000] {taskinstance.py:430} INFO - ::endgroup::
[2024-10-02T18:58:39.212+0000] {python.py:237} INFO - Done. Returned value was: None
[2024-10-02T18:58:39.214+0000] {taskinstance.py:441} INFO - ::group::Post task execution logs
[2024-10-02T18:58:39.227+0000] {taskinstance.py:1206} INFO - Marking task as SUCCESS. dag_id=etl_covid_europa_pipeline, task_id=carregar, run_id=scheduled__2023-12-17T00:00:00+00:00, execution_date=20231217T000000, start_date=20241002T185838, end_date=20241002T185839
[2024-10-02T18:58:39.269+0000] {local_task_job_runner.py:240} INFO - Task exited with return code 0
[2024-10-02T18:58:39.295+0000] {taskinstance.py:3503} INFO - 0 downstream tasks scheduled from follow-on schedule check
[2024-10-02T18:58:39.299+0000] {local_task_job_runner.py:222} INFO - ::endgroup::
[2024-10-02T19:24:58.046+0000] {local_task_job_runner.py:120} INFO - ::group::Pre task execution logs
[2024-10-02T19:24:58.119+0000] {taskinstance.py:2076} INFO - Dependencies all met for dep_context=non-requeueable deps ti=<TaskInstance: etl_covid_europa_pipeline.carregar scheduled__2023-12-17T00:00:00+00:00 [queued]>
[2024-10-02T19:24:58.516+0000] {taskinstance.py:2076} INFO - Dependencies all met for dep_context=requeueable deps ti=<TaskInstance: etl_covid_europa_pipeline.carregar scheduled__2023-12-17T00:00:00+00:00 [queued]>
[2024-10-02T19:24:58.517+0000] {taskinstance.py:2306} INFO - Starting attempt 1 of 1
[2024-10-02T19:24:58.545+0000] {taskinstance.py:2330} INFO - Executing <Task(PythonOperator): carregar> on 2023-12-17 00:00:00+00:00
[2024-10-02T19:24:58.555+0000] {warnings.py:112} WARNING - /home/***/.local/lib/python3.12/site-packages/***/task/task_runner/standard_task_runner.py:61: DeprecationWarning: This process (pid=9345) is multi-threaded, use of fork() may lead to deadlocks in the child.
  pid = os.fork()

[2024-10-02T19:24:58.561+0000] {standard_task_runner.py:63} INFO - Started process 9369 to run task
[2024-10-02T19:24:58.564+0000] {standard_task_runner.py:90} INFO - Running: ['***', 'tasks', 'run', 'etl_covid_europa_pipeline', 'carregar', 'scheduled__2023-12-17T00:00:00+00:00', '--job-id', '2218', '--raw', '--subdir', 'DAGS_FOLDER/etl_pipeline.py', '--cfg-path', '/tmp/tmphwwlb5pw']
[2024-10-02T19:24:58.566+0000] {standard_task_runner.py:91} INFO - Job 2218: Subtask carregar
[2024-10-02T19:24:58.647+0000] {task_command.py:426} INFO - Running <TaskInstance: etl_covid_europa_pipeline.carregar scheduled__2023-12-17T00:00:00+00:00 [running]> on host 99de7dfc3871
[2024-10-02T19:24:58.840+0000] {taskinstance.py:2648} INFO - Exporting env vars: AIRFLOW_CTX_DAG_OWNER='***' AIRFLOW_CTX_DAG_ID='etl_covid_europa_pipeline' AIRFLOW_CTX_TASK_ID='carregar' AIRFLOW_CTX_EXECUTION_DATE='2023-12-17T00:00:00+00:00' AIRFLOW_CTX_TRY_NUMBER='1' AIRFLOW_CTX_DAG_RUN_ID='scheduled__2023-12-17T00:00:00+00:00'
[2024-10-02T19:24:58.848+0000] {taskinstance.py:430} INFO - ::endgroup::
[2024-10-02T19:24:58.971+0000] {python.py:237} INFO - Done. Returned value was: None
[2024-10-02T19:24:58.977+0000] {taskinstance.py:441} INFO - ::group::Post task execution logs
[2024-10-02T19:24:58.996+0000] {taskinstance.py:1206} INFO - Marking task as SUCCESS. dag_id=etl_covid_europa_pipeline, task_id=carregar, run_id=scheduled__2023-12-17T00:00:00+00:00, execution_date=20231217T000000, start_date=20241002T192458, end_date=20241002T192458
[2024-10-02T19:24:59.146+0000] {local_task_job_runner.py:240} INFO - Task exited with return code 0
[2024-10-02T19:24:59.166+0000] {taskinstance.py:3503} INFO - 0 downstream tasks scheduled from follow-on schedule check
[2024-10-02T19:24:59.169+0000] {local_task_job_runner.py:222} INFO - ::endgroup::
