[2024-10-02T17:30:09.703+0000] {local_task_job_runner.py:120} INFO - ::group::Pre task execution logs
[2024-10-02T17:30:09.728+0000] {taskinstance.py:2076} INFO - Dependencies all met for dep_context=non-requeueable deps ti=<TaskInstance: etl_covid_europa_pipeline.extrair scheduled__2024-06-23T00:00:00+00:00 [queued]>
[2024-10-02T17:30:09.737+0000] {taskinstance.py:2076} INFO - Dependencies all met for dep_context=requeueable deps ti=<TaskInstance: etl_covid_europa_pipeline.extrair scheduled__2024-06-23T00:00:00+00:00 [queued]>
[2024-10-02T17:30:09.737+0000] {taskinstance.py:2306} INFO - Starting attempt 1 of 1
[2024-10-02T17:30:09.942+0000] {taskinstance.py:2330} INFO - Executing <Task(PythonOperator): extrair> on 2024-06-23 00:00:00+00:00
[2024-10-02T17:30:09.951+0000] {warnings.py:112} WARNING - /home/***/.local/lib/python3.12/site-packages/***/task/task_runner/standard_task_runner.py:61: DeprecationWarning: This process (pid=2610) is multi-threaded, use of fork() may lead to deadlocks in the child.
  pid = os.fork()

[2024-10-02T17:30:09.952+0000] {standard_task_runner.py:63} INFO - Started process 2628 to run task
[2024-10-02T17:30:09.952+0000] {standard_task_runner.py:90} INFO - Running: ['***', 'tasks', 'run', 'etl_covid_europa_pipeline', 'extrair', 'scheduled__2024-06-23T00:00:00+00:00', '--job-id', '467', '--raw', '--subdir', 'DAGS_FOLDER/etl_pipeline.py', '--cfg-path', '/tmp/tmpl1929m77']
[2024-10-02T17:30:09.954+0000] {standard_task_runner.py:91} INFO - Job 467: Subtask extrair
[2024-10-02T17:30:10.009+0000] {task_command.py:426} INFO - Running <TaskInstance: etl_covid_europa_pipeline.extrair scheduled__2024-06-23T00:00:00+00:00 [running]> on host 99de7dfc3871
[2024-10-02T17:30:10.103+0000] {taskinstance.py:2648} INFO - Exporting env vars: AIRFLOW_CTX_DAG_OWNER='***' AIRFLOW_CTX_DAG_ID='etl_covid_europa_pipeline' AIRFLOW_CTX_TASK_ID='extrair' AIRFLOW_CTX_EXECUTION_DATE='2024-06-23T00:00:00+00:00' AIRFLOW_CTX_TRY_NUMBER='1' AIRFLOW_CTX_DAG_RUN_ID='scheduled__2024-06-23T00:00:00+00:00'
[2024-10-02T17:30:10.104+0000] {taskinstance.py:430} INFO - ::endgroup::
[2024-10-02T17:30:16.562+0000] {python.py:237} INFO - Done. Returned value was: None
[2024-10-02T17:30:16.563+0000] {taskinstance.py:441} INFO - ::group::Post task execution logs
[2024-10-02T17:30:16.575+0000] {taskinstance.py:1206} INFO - Marking task as SUCCESS. dag_id=etl_covid_europa_pipeline, task_id=extrair, run_id=scheduled__2024-06-23T00:00:00+00:00, execution_date=20240623T000000, start_date=20241002T173009, end_date=20241002T173016
[2024-10-02T17:30:16.614+0000] {local_task_job_runner.py:240} INFO - Task exited with return code 0
[2024-10-02T17:30:16.641+0000] {taskinstance.py:3503} INFO - 1 downstream tasks scheduled from follow-on schedule check
[2024-10-02T17:30:16.645+0000] {local_task_job_runner.py:222} INFO - ::endgroup::
[2024-10-02T18:54:02.836+0000] {local_task_job_runner.py:120} INFO - ::group::Pre task execution logs
[2024-10-02T18:54:02.862+0000] {taskinstance.py:2076} INFO - Dependencies all met for dep_context=non-requeueable deps ti=<TaskInstance: etl_covid_europa_pipeline.extrair scheduled__2024-06-23T00:00:00+00:00 [queued]>
[2024-10-02T18:54:02.871+0000] {taskinstance.py:2076} INFO - Dependencies all met for dep_context=requeueable deps ti=<TaskInstance: etl_covid_europa_pipeline.extrair scheduled__2024-06-23T00:00:00+00:00 [queued]>
[2024-10-02T18:54:02.872+0000] {taskinstance.py:2306} INFO - Starting attempt 1 of 1
[2024-10-02T18:54:03.100+0000] {taskinstance.py:2330} INFO - Executing <Task(PythonOperator): extrair> on 2024-06-23 00:00:00+00:00
[2024-10-02T18:54:03.107+0000] {warnings.py:112} WARNING - /home/***/.local/lib/python3.12/site-packages/***/task/task_runner/standard_task_runner.py:61: DeprecationWarning: This process (pid=4315) is multi-threaded, use of fork() may lead to deadlocks in the child.
  pid = os.fork()

[2024-10-02T18:54:03.109+0000] {standard_task_runner.py:63} INFO - Started process 4329 to run task
[2024-10-02T18:54:03.109+0000] {standard_task_runner.py:90} INFO - Running: ['***', 'tasks', 'run', 'etl_covid_europa_pipeline', 'extrair', 'scheduled__2024-06-23T00:00:00+00:00', '--job-id', '671', '--raw', '--subdir', 'DAGS_FOLDER/etl_pipeline.py', '--cfg-path', '/tmp/tmpra2v1bjz']
[2024-10-02T18:54:03.111+0000] {standard_task_runner.py:91} INFO - Job 671: Subtask extrair
[2024-10-02T18:54:03.164+0000] {task_command.py:426} INFO - Running <TaskInstance: etl_covid_europa_pipeline.extrair scheduled__2024-06-23T00:00:00+00:00 [running]> on host 99de7dfc3871
[2024-10-02T18:54:03.252+0000] {taskinstance.py:2648} INFO - Exporting env vars: AIRFLOW_CTX_DAG_OWNER='***' AIRFLOW_CTX_DAG_ID='etl_covid_europa_pipeline' AIRFLOW_CTX_TASK_ID='extrair' AIRFLOW_CTX_EXECUTION_DATE='2024-06-23T00:00:00+00:00' AIRFLOW_CTX_TRY_NUMBER='1' AIRFLOW_CTX_DAG_RUN_ID='scheduled__2024-06-23T00:00:00+00:00'
[2024-10-02T18:54:03.255+0000] {taskinstance.py:430} INFO - ::endgroup::
[2024-10-02T18:54:09.196+0000] {python.py:237} INFO - Done. Returned value was: None
[2024-10-02T18:54:09.197+0000] {taskinstance.py:441} INFO - ::group::Post task execution logs
[2024-10-02T18:54:09.208+0000] {taskinstance.py:1206} INFO - Marking task as SUCCESS. dag_id=etl_covid_europa_pipeline, task_id=extrair, run_id=scheduled__2024-06-23T00:00:00+00:00, execution_date=20240623T000000, start_date=20241002T185402, end_date=20241002T185409
[2024-10-02T18:54:09.253+0000] {local_task_job_runner.py:240} INFO - Task exited with return code 0
[2024-10-02T18:54:09.280+0000] {taskinstance.py:3503} INFO - 1 downstream tasks scheduled from follow-on schedule check
[2024-10-02T18:54:09.282+0000] {local_task_job_runner.py:222} INFO - ::endgroup::
[2024-10-02T19:02:41.638+0000] {local_task_job_runner.py:120} INFO - ::group::Pre task execution logs
[2024-10-02T19:02:41.661+0000] {taskinstance.py:2076} INFO - Dependencies all met for dep_context=non-requeueable deps ti=<TaskInstance: etl_covid_europa_pipeline.extrair scheduled__2024-06-23T00:00:00+00:00 [queued]>
[2024-10-02T19:02:41.842+0000] {taskinstance.py:2076} INFO - Dependencies all met for dep_context=requeueable deps ti=<TaskInstance: etl_covid_europa_pipeline.extrair scheduled__2024-06-23T00:00:00+00:00 [queued]>
[2024-10-02T19:02:41.842+0000] {taskinstance.py:2306} INFO - Starting attempt 1 of 1
[2024-10-02T19:02:41.858+0000] {taskinstance.py:2330} INFO - Executing <Task(PythonOperator): extrair> on 2024-06-23 00:00:00+00:00
[2024-10-02T19:02:41.866+0000] {warnings.py:112} WARNING - /home/***/.local/lib/python3.12/site-packages/***/task/task_runner/standard_task_runner.py:61: DeprecationWarning: This process (pid=7502) is multi-threaded, use of fork() may lead to deadlocks in the child.
  pid = os.fork()

[2024-10-02T19:02:41.868+0000] {standard_task_runner.py:63} INFO - Started process 7521 to run task
[2024-10-02T19:02:41.868+0000] {standard_task_runner.py:90} INFO - Running: ['***', 'tasks', 'run', 'etl_covid_europa_pipeline', 'extrair', 'scheduled__2024-06-23T00:00:00+00:00', '--job-id', '1698', '--raw', '--subdir', 'DAGS_FOLDER/etl_pipeline.py', '--cfg-path', '/tmp/tmplt68ma3b']
[2024-10-02T19:02:41.870+0000] {standard_task_runner.py:91} INFO - Job 1698: Subtask extrair
[2024-10-02T19:02:41.916+0000] {task_command.py:426} INFO - Running <TaskInstance: etl_covid_europa_pipeline.extrair scheduled__2024-06-23T00:00:00+00:00 [running]> on host 99de7dfc3871
[2024-10-02T19:02:42.005+0000] {taskinstance.py:2648} INFO - Exporting env vars: AIRFLOW_CTX_DAG_OWNER='***' AIRFLOW_CTX_DAG_ID='etl_covid_europa_pipeline' AIRFLOW_CTX_TASK_ID='extrair' AIRFLOW_CTX_EXECUTION_DATE='2024-06-23T00:00:00+00:00' AIRFLOW_CTX_TRY_NUMBER='1' AIRFLOW_CTX_DAG_RUN_ID='scheduled__2024-06-23T00:00:00+00:00'
[2024-10-02T19:02:42.008+0000] {taskinstance.py:430} INFO - ::endgroup::
[2024-10-02T19:02:47.127+0000] {python.py:237} INFO - Done. Returned value was: None
[2024-10-02T19:02:47.127+0000] {taskinstance.py:441} INFO - ::group::Post task execution logs
[2024-10-02T19:02:47.134+0000] {taskinstance.py:1206} INFO - Marking task as SUCCESS. dag_id=etl_covid_europa_pipeline, task_id=extrair, run_id=scheduled__2024-06-23T00:00:00+00:00, execution_date=20240623T000000, start_date=20241002T190241, end_date=20241002T190247
[2024-10-02T19:02:47.168+0000] {local_task_job_runner.py:240} INFO - Task exited with return code 0
[2024-10-02T19:02:47.188+0000] {taskinstance.py:3503} INFO - 1 downstream tasks scheduled from follow-on schedule check
[2024-10-02T19:02:47.191+0000] {local_task_job_runner.py:222} INFO - ::endgroup::
