[2024-10-02T17:31:01.964+0000] {local_task_job_runner.py:120} INFO - ::group::Pre task execution logs
[2024-10-02T17:31:01.990+0000] {taskinstance.py:2076} INFO - Dependencies all met for dep_context=non-requeueable deps ti=<TaskInstance: etl_covid_europa_pipeline.extrair scheduled__2024-08-08T00:00:00+00:00 [queued]>
[2024-10-02T17:31:01.997+0000] {taskinstance.py:2076} INFO - Dependencies all met for dep_context=requeueable deps ti=<TaskInstance: etl_covid_europa_pipeline.extrair scheduled__2024-08-08T00:00:00+00:00 [queued]>
[2024-10-02T17:31:01.998+0000] {taskinstance.py:2306} INFO - Starting attempt 1 of 1
[2024-10-02T17:31:02.248+0000] {taskinstance.py:2330} INFO - Executing <Task(PythonOperator): extrair> on 2024-08-08 00:00:00+00:00
[2024-10-02T17:31:02.254+0000] {warnings.py:112} WARNING - /home/***/.local/lib/python3.12/site-packages/***/task/task_runner/standard_task_runner.py:61: DeprecationWarning: This process (pid=2882) is multi-threaded, use of fork() may lead to deadlocks in the child.
  pid = os.fork()

[2024-10-02T17:31:02.256+0000] {standard_task_runner.py:63} INFO - Started process 2899 to run task
[2024-10-02T17:31:02.256+0000] {standard_task_runner.py:90} INFO - Running: ['***', 'tasks', 'run', 'etl_covid_europa_pipeline', 'extrair', 'scheduled__2024-08-08T00:00:00+00:00', '--job-id', '555', '--raw', '--subdir', 'DAGS_FOLDER/etl_pipeline.py', '--cfg-path', '/tmp/tmpfqaxmxmg']
[2024-10-02T17:31:02.258+0000] {standard_task_runner.py:91} INFO - Job 555: Subtask extrair
[2024-10-02T17:31:02.304+0000] {task_command.py:426} INFO - Running <TaskInstance: etl_covid_europa_pipeline.extrair scheduled__2024-08-08T00:00:00+00:00 [running]> on host 99de7dfc3871
[2024-10-02T17:31:02.388+0000] {taskinstance.py:2648} INFO - Exporting env vars: AIRFLOW_CTX_DAG_OWNER='***' AIRFLOW_CTX_DAG_ID='etl_covid_europa_pipeline' AIRFLOW_CTX_TASK_ID='extrair' AIRFLOW_CTX_EXECUTION_DATE='2024-08-08T00:00:00+00:00' AIRFLOW_CTX_TRY_NUMBER='1' AIRFLOW_CTX_DAG_RUN_ID='scheduled__2024-08-08T00:00:00+00:00'
[2024-10-02T17:31:02.389+0000] {taskinstance.py:430} INFO - ::endgroup::
[2024-10-02T17:31:08.351+0000] {python.py:237} INFO - Done. Returned value was: None
[2024-10-02T17:31:08.352+0000] {taskinstance.py:441} INFO - ::group::Post task execution logs
[2024-10-02T17:31:08.361+0000] {taskinstance.py:1206} INFO - Marking task as SUCCESS. dag_id=etl_covid_europa_pipeline, task_id=extrair, run_id=scheduled__2024-08-08T00:00:00+00:00, execution_date=20240808T000000, start_date=20241002T173101, end_date=20241002T173108
[2024-10-02T17:31:08.398+0000] {local_task_job_runner.py:240} INFO - Task exited with return code 0
[2024-10-02T17:31:08.422+0000] {taskinstance.py:3503} INFO - 1 downstream tasks scheduled from follow-on schedule check
[2024-10-02T17:31:08.425+0000] {local_task_job_runner.py:222} INFO - ::endgroup::
[2024-10-02T18:54:46.911+0000] {local_task_job_runner.py:120} INFO - ::group::Pre task execution logs
[2024-10-02T18:54:46.938+0000] {taskinstance.py:2076} INFO - Dependencies all met for dep_context=non-requeueable deps ti=<TaskInstance: etl_covid_europa_pipeline.extrair scheduled__2024-08-08T00:00:00+00:00 [queued]>
[2024-10-02T18:54:47.095+0000] {taskinstance.py:2076} INFO - Dependencies all met for dep_context=requeueable deps ti=<TaskInstance: etl_covid_europa_pipeline.extrair scheduled__2024-08-08T00:00:00+00:00 [queued]>
[2024-10-02T18:54:47.096+0000] {taskinstance.py:2306} INFO - Starting attempt 1 of 1
[2024-10-02T18:54:47.112+0000] {taskinstance.py:2330} INFO - Executing <Task(PythonOperator): extrair> on 2024-08-08 00:00:00+00:00
[2024-10-02T18:54:47.117+0000] {warnings.py:112} WARNING - /home/***/.local/lib/python3.12/site-packages/***/task/task_runner/standard_task_runner.py:61: DeprecationWarning: This process (pid=4661) is multi-threaded, use of fork() may lead to deadlocks in the child.
  pid = os.fork()

[2024-10-02T18:54:47.118+0000] {standard_task_runner.py:63} INFO - Started process 4672 to run task
[2024-10-02T18:54:47.118+0000] {standard_task_runner.py:90} INFO - Running: ['***', 'tasks', 'run', 'etl_covid_europa_pipeline', 'extrair', 'scheduled__2024-08-08T00:00:00+00:00', '--job-id', '783', '--raw', '--subdir', 'DAGS_FOLDER/etl_pipeline.py', '--cfg-path', '/tmp/tmpwss5mzsi']
[2024-10-02T18:54:47.120+0000] {standard_task_runner.py:91} INFO - Job 783: Subtask extrair
[2024-10-02T18:54:47.160+0000] {task_command.py:426} INFO - Running <TaskInstance: etl_covid_europa_pipeline.extrair scheduled__2024-08-08T00:00:00+00:00 [running]> on host 99de7dfc3871
[2024-10-02T18:54:47.237+0000] {taskinstance.py:2648} INFO - Exporting env vars: AIRFLOW_CTX_DAG_OWNER='***' AIRFLOW_CTX_DAG_ID='etl_covid_europa_pipeline' AIRFLOW_CTX_TASK_ID='extrair' AIRFLOW_CTX_EXECUTION_DATE='2024-08-08T00:00:00+00:00' AIRFLOW_CTX_TRY_NUMBER='1' AIRFLOW_CTX_DAG_RUN_ID='scheduled__2024-08-08T00:00:00+00:00'
[2024-10-02T18:54:47.239+0000] {taskinstance.py:430} INFO - ::endgroup::
[2024-10-02T18:54:53.369+0000] {python.py:237} INFO - Done. Returned value was: None
[2024-10-02T18:54:53.370+0000] {taskinstance.py:441} INFO - ::group::Post task execution logs
[2024-10-02T18:54:53.379+0000] {taskinstance.py:1206} INFO - Marking task as SUCCESS. dag_id=etl_covid_europa_pipeline, task_id=extrair, run_id=scheduled__2024-08-08T00:00:00+00:00, execution_date=20240808T000000, start_date=20241002T185446, end_date=20241002T185453
[2024-10-02T18:54:53.422+0000] {local_task_job_runner.py:240} INFO - Task exited with return code 0
[2024-10-02T18:54:53.460+0000] {taskinstance.py:3503} INFO - 1 downstream tasks scheduled from follow-on schedule check
[2024-10-02T18:54:53.464+0000] {local_task_job_runner.py:222} INFO - ::endgroup::
[2024-10-02T19:03:42.663+0000] {local_task_job_runner.py:120} INFO - ::group::Pre task execution logs
[2024-10-02T19:03:42.692+0000] {taskinstance.py:2076} INFO - Dependencies all met for dep_context=non-requeueable deps ti=<TaskInstance: etl_covid_europa_pipeline.extrair scheduled__2024-08-08T00:00:00+00:00 [queued]>
[2024-10-02T19:03:42.906+0000] {taskinstance.py:2076} INFO - Dependencies all met for dep_context=requeueable deps ti=<TaskInstance: etl_covid_europa_pipeline.extrair scheduled__2024-08-08T00:00:00+00:00 [queued]>
[2024-10-02T19:03:42.907+0000] {taskinstance.py:2306} INFO - Starting attempt 1 of 1
[2024-10-02T19:03:42.986+0000] {taskinstance.py:2330} INFO - Executing <Task(PythonOperator): extrair> on 2024-08-08 00:00:00+00:00
[2024-10-02T19:03:42.992+0000] {warnings.py:112} WARNING - /home/***/.local/lib/python3.12/site-packages/***/task/task_runner/standard_task_runner.py:61: DeprecationWarning: This process (pid=7935) is multi-threaded, use of fork() may lead to deadlocks in the child.
  pid = os.fork()

[2024-10-02T19:03:42.993+0000] {standard_task_runner.py:63} INFO - Started process 7952 to run task
[2024-10-02T19:03:42.993+0000] {standard_task_runner.py:90} INFO - Running: ['***', 'tasks', 'run', 'etl_covid_europa_pipeline', 'extrair', 'scheduled__2024-08-08T00:00:00+00:00', '--job-id', '1837', '--raw', '--subdir', 'DAGS_FOLDER/etl_pipeline.py', '--cfg-path', '/tmp/tmpfntyn_6j']
[2024-10-02T19:03:42.995+0000] {standard_task_runner.py:91} INFO - Job 1837: Subtask extrair
[2024-10-02T19:03:43.044+0000] {task_command.py:426} INFO - Running <TaskInstance: etl_covid_europa_pipeline.extrair scheduled__2024-08-08T00:00:00+00:00 [running]> on host 99de7dfc3871
[2024-10-02T19:03:43.141+0000] {taskinstance.py:2648} INFO - Exporting env vars: AIRFLOW_CTX_DAG_OWNER='***' AIRFLOW_CTX_DAG_ID='etl_covid_europa_pipeline' AIRFLOW_CTX_TASK_ID='extrair' AIRFLOW_CTX_EXECUTION_DATE='2024-08-08T00:00:00+00:00' AIRFLOW_CTX_TRY_NUMBER='1' AIRFLOW_CTX_DAG_RUN_ID='scheduled__2024-08-08T00:00:00+00:00'
[2024-10-02T19:03:43.145+0000] {taskinstance.py:430} INFO - ::endgroup::
[2024-10-02T19:03:48.712+0000] {python.py:237} INFO - Done. Returned value was: None
[2024-10-02T19:03:48.712+0000] {taskinstance.py:441} INFO - ::group::Post task execution logs
[2024-10-02T19:03:48.723+0000] {taskinstance.py:1206} INFO - Marking task as SUCCESS. dag_id=etl_covid_europa_pipeline, task_id=extrair, run_id=scheduled__2024-08-08T00:00:00+00:00, execution_date=20240808T000000, start_date=20241002T190342, end_date=20241002T190348
[2024-10-02T19:03:48.781+0000] {local_task_job_runner.py:240} INFO - Task exited with return code 0
[2024-10-02T19:03:48.791+0000] {local_task_job_runner.py:222} INFO - ::endgroup::
