[2024-10-02T18:54:32.941+0000] {local_task_job_runner.py:120} INFO - ::group::Pre task execution logs
[2024-10-02T18:54:32.968+0000] {taskinstance.py:2076} INFO - Dependencies all met for dep_context=non-requeueable deps ti=<TaskInstance: etl_covid_europa_pipeline.carregar scheduled__2024-07-23T00:00:00+00:00 [queued]>
[2024-10-02T18:54:33.239+0000] {taskinstance.py:2076} INFO - Dependencies all met for dep_context=requeueable deps ti=<TaskInstance: etl_covid_europa_pipeline.carregar scheduled__2024-07-23T00:00:00+00:00 [queued]>
[2024-10-02T18:54:33.239+0000] {taskinstance.py:2306} INFO - Starting attempt 1 of 1
[2024-10-02T18:54:33.255+0000] {taskinstance.py:2330} INFO - Executing <Task(PythonOperator): carregar> on 2024-07-23 00:00:00+00:00
[2024-10-02T18:54:33.263+0000] {warnings.py:112} WARNING - /home/***/.local/lib/python3.12/site-packages/***/task/task_runner/standard_task_runner.py:61: DeprecationWarning: This process (pid=4576) is multi-threaded, use of fork() may lead to deadlocks in the child.
  pid = os.fork()

[2024-10-02T18:54:33.265+0000] {standard_task_runner.py:63} INFO - Started process 4588 to run task
[2024-10-02T18:54:33.268+0000] {standard_task_runner.py:90} INFO - Running: ['***', 'tasks', 'run', 'etl_covid_europa_pipeline', 'carregar', 'scheduled__2024-07-23T00:00:00+00:00', '--job-id', '757', '--raw', '--subdir', 'DAGS_FOLDER/etl_pipeline.py', '--cfg-path', '/tmp/tmp_h7r1f63']
[2024-10-02T18:54:33.271+0000] {standard_task_runner.py:91} INFO - Job 757: Subtask carregar
[2024-10-02T18:54:33.327+0000] {task_command.py:426} INFO - Running <TaskInstance: etl_covid_europa_pipeline.carregar scheduled__2024-07-23T00:00:00+00:00 [running]> on host 99de7dfc3871
[2024-10-02T18:54:33.421+0000] {taskinstance.py:2648} INFO - Exporting env vars: AIRFLOW_CTX_DAG_OWNER='***' AIRFLOW_CTX_DAG_ID='etl_covid_europa_pipeline' AIRFLOW_CTX_TASK_ID='carregar' AIRFLOW_CTX_EXECUTION_DATE='2024-07-23T00:00:00+00:00' AIRFLOW_CTX_TRY_NUMBER='1' AIRFLOW_CTX_DAG_RUN_ID='scheduled__2024-07-23T00:00:00+00:00'
[2024-10-02T18:54:33.425+0000] {taskinstance.py:430} INFO - ::endgroup::
[2024-10-02T18:54:33.494+0000] {python.py:237} INFO - Done. Returned value was: None
[2024-10-02T18:54:33.495+0000] {taskinstance.py:441} INFO - ::group::Post task execution logs
[2024-10-02T18:54:33.504+0000] {taskinstance.py:1206} INFO - Marking task as SUCCESS. dag_id=etl_covid_europa_pipeline, task_id=carregar, run_id=scheduled__2024-07-23T00:00:00+00:00, execution_date=20240723T000000, start_date=20241002T185432, end_date=20241002T185433
[2024-10-02T18:54:33.559+0000] {local_task_job_runner.py:240} INFO - Task exited with return code 0
[2024-10-02T18:54:33.573+0000] {taskinstance.py:3503} INFO - 0 downstream tasks scheduled from follow-on schedule check
[2024-10-02T18:54:33.575+0000] {local_task_job_runner.py:222} INFO - ::endgroup::
[2024-10-02T19:03:36.350+0000] {local_task_job_runner.py:120} INFO - ::group::Pre task execution logs
[2024-10-02T19:03:36.692+0000] {taskinstance.py:2076} INFO - Dependencies all met for dep_context=non-requeueable deps ti=<TaskInstance: etl_covid_europa_pipeline.carregar scheduled__2024-07-23T00:00:00+00:00 [queued]>
[2024-10-02T19:03:36.702+0000] {taskinstance.py:2076} INFO - Dependencies all met for dep_context=requeueable deps ti=<TaskInstance: etl_covid_europa_pipeline.carregar scheduled__2024-07-23T00:00:00+00:00 [queued]>
[2024-10-02T19:03:36.703+0000] {taskinstance.py:2306} INFO - Starting attempt 1 of 1
[2024-10-02T19:03:36.724+0000] {taskinstance.py:2330} INFO - Executing <Task(PythonOperator): carregar> on 2024-07-23 00:00:00+00:00
[2024-10-02T19:03:36.733+0000] {warnings.py:112} WARNING - /home/***/.local/lib/python3.12/site-packages/***/task/task_runner/standard_task_runner.py:61: DeprecationWarning: This process (pid=7875) is multi-threaded, use of fork() may lead to deadlocks in the child.
  pid = os.fork()

[2024-10-02T19:03:36.734+0000] {standard_task_runner.py:90} INFO - Running: ['***', 'tasks', 'run', 'etl_covid_europa_pipeline', 'carregar', 'scheduled__2024-07-23T00:00:00+00:00', '--job-id', '1818', '--raw', '--subdir', 'DAGS_FOLDER/etl_pipeline.py', '--cfg-path', '/tmp/tmpiq_2_qce']
[2024-10-02T19:03:36.747+0000] {standard_task_runner.py:63} INFO - Started process 7897 to run task
[2024-10-02T19:03:36.747+0000] {standard_task_runner.py:91} INFO - Job 1818: Subtask carregar
[2024-10-02T19:03:36.811+0000] {task_command.py:426} INFO - Running <TaskInstance: etl_covid_europa_pipeline.carregar scheduled__2024-07-23T00:00:00+00:00 [running]> on host 99de7dfc3871
[2024-10-02T19:03:36.941+0000] {taskinstance.py:2648} INFO - Exporting env vars: AIRFLOW_CTX_DAG_OWNER='***' AIRFLOW_CTX_DAG_ID='etl_covid_europa_pipeline' AIRFLOW_CTX_TASK_ID='carregar' AIRFLOW_CTX_EXECUTION_DATE='2024-07-23T00:00:00+00:00' AIRFLOW_CTX_TRY_NUMBER='1' AIRFLOW_CTX_DAG_RUN_ID='scheduled__2024-07-23T00:00:00+00:00'
[2024-10-02T19:03:36.943+0000] {taskinstance.py:430} INFO - ::endgroup::
[2024-10-02T19:03:37.025+0000] {python.py:237} INFO - Done. Returned value was: None
[2024-10-02T19:03:37.027+0000] {taskinstance.py:441} INFO - ::group::Post task execution logs
[2024-10-02T19:03:37.039+0000] {taskinstance.py:1206} INFO - Marking task as SUCCESS. dag_id=etl_covid_europa_pipeline, task_id=carregar, run_id=scheduled__2024-07-23T00:00:00+00:00, execution_date=20240723T000000, start_date=20241002T190336, end_date=20241002T190337
[2024-10-02T19:03:37.089+0000] {local_task_job_runner.py:240} INFO - Task exited with return code 0
[2024-10-02T19:03:37.110+0000] {taskinstance.py:3503} INFO - 0 downstream tasks scheduled from follow-on schedule check
[2024-10-02T19:03:37.118+0000] {local_task_job_runner.py:222} INFO - ::endgroup::
