[2024-10-02T18:58:24.849+0000] {local_task_job_runner.py:120} INFO - ::group::Pre task execution logs
[2024-10-02T18:58:24.871+0000] {taskinstance.py:2076} INFO - Dependencies all met for dep_context=non-requeueable deps ti=<TaskInstance: etl_covid_europa_pipeline.carregar scheduled__2023-12-01T00:00:00+00:00 [queued]>
[2024-10-02T18:58:25.086+0000] {taskinstance.py:2076} INFO - Dependencies all met for dep_context=requeueable deps ti=<TaskInstance: etl_covid_europa_pipeline.carregar scheduled__2023-12-01T00:00:00+00:00 [queued]>
[2024-10-02T18:58:25.087+0000] {taskinstance.py:2306} INFO - Starting attempt 1 of 1
[2024-10-02T18:58:25.102+0000] {taskinstance.py:2330} INFO - Executing <Task(PythonOperator): carregar> on 2023-12-01 00:00:00+00:00
[2024-10-02T18:58:25.108+0000] {warnings.py:112} WARNING - /home/***/.local/lib/python3.12/site-packages/***/task/task_runner/standard_task_runner.py:61: DeprecationWarning: This process (pid=5825) is multi-threaded, use of fork() may lead to deadlocks in the child.
  pid = os.fork()

[2024-10-02T18:58:25.110+0000] {standard_task_runner.py:63} INFO - Started process 5833 to run task
[2024-10-02T18:58:25.109+0000] {standard_task_runner.py:90} INFO - Running: ['***', 'tasks', 'run', 'etl_covid_europa_pipeline', 'carregar', 'scheduled__2023-12-01T00:00:00+00:00', '--job-id', '1154', '--raw', '--subdir', 'DAGS_FOLDER/etl_pipeline.py', '--cfg-path', '/tmp/tmpdifh7v10']
[2024-10-02T18:58:25.111+0000] {standard_task_runner.py:91} INFO - Job 1154: Subtask carregar
[2024-10-02T18:58:25.158+0000] {task_command.py:426} INFO - Running <TaskInstance: etl_covid_europa_pipeline.carregar scheduled__2023-12-01T00:00:00+00:00 [running]> on host 99de7dfc3871
[2024-10-02T18:58:25.251+0000] {taskinstance.py:2648} INFO - Exporting env vars: AIRFLOW_CTX_DAG_OWNER='***' AIRFLOW_CTX_DAG_ID='etl_covid_europa_pipeline' AIRFLOW_CTX_TASK_ID='carregar' AIRFLOW_CTX_EXECUTION_DATE='2023-12-01T00:00:00+00:00' AIRFLOW_CTX_TRY_NUMBER='1' AIRFLOW_CTX_DAG_RUN_ID='scheduled__2023-12-01T00:00:00+00:00'
[2024-10-02T18:58:25.256+0000] {taskinstance.py:430} INFO - ::endgroup::
[2024-10-02T18:58:25.330+0000] {python.py:237} INFO - Done. Returned value was: None
[2024-10-02T18:58:25.331+0000] {taskinstance.py:441} INFO - ::group::Post task execution logs
[2024-10-02T18:58:25.340+0000] {taskinstance.py:1206} INFO - Marking task as SUCCESS. dag_id=etl_covid_europa_pipeline, task_id=carregar, run_id=scheduled__2023-12-01T00:00:00+00:00, execution_date=20231201T000000, start_date=20241002T185824, end_date=20241002T185825
[2024-10-02T18:58:25.363+0000] {local_task_job_runner.py:240} INFO - Task exited with return code 0
[2024-10-02T18:58:25.380+0000] {taskinstance.py:3503} INFO - 0 downstream tasks scheduled from follow-on schedule check
[2024-10-02T18:58:25.387+0000] {local_task_job_runner.py:222} INFO - ::endgroup::
[2024-10-02T19:24:35.488+0000] {local_task_job_runner.py:120} INFO - ::group::Pre task execution logs
[2024-10-02T19:24:35.514+0000] {taskinstance.py:2076} INFO - Dependencies all met for dep_context=non-requeueable deps ti=<TaskInstance: etl_covid_europa_pipeline.carregar scheduled__2023-12-01T00:00:00+00:00 [queued]>
[2024-10-02T19:24:35.525+0000] {taskinstance.py:2076} INFO - Dependencies all met for dep_context=requeueable deps ti=<TaskInstance: etl_covid_europa_pipeline.carregar scheduled__2023-12-01T00:00:00+00:00 [queued]>
[2024-10-02T19:24:35.525+0000] {taskinstance.py:2306} INFO - Starting attempt 1 of 1
[2024-10-02T19:24:35.542+0000] {taskinstance.py:2330} INFO - Executing <Task(PythonOperator): carregar> on 2023-12-01 00:00:00+00:00
[2024-10-02T19:24:35.549+0000] {warnings.py:112} WARNING - /home/***/.local/lib/python3.12/site-packages/***/task/task_runner/standard_task_runner.py:61: DeprecationWarning: This process (pid=9189) is multi-threaded, use of fork() may lead to deadlocks in the child.
  pid = os.fork()

[2024-10-02T19:24:35.551+0000] {standard_task_runner.py:63} INFO - Started process 9199 to run task
[2024-10-02T19:24:35.551+0000] {standard_task_runner.py:90} INFO - Running: ['***', 'tasks', 'run', 'etl_covid_europa_pipeline', 'carregar', 'scheduled__2023-12-01T00:00:00+00:00', '--job-id', '2167', '--raw', '--subdir', 'DAGS_FOLDER/etl_pipeline.py', '--cfg-path', '/tmp/tmpttwxvc6e']
[2024-10-02T19:24:35.554+0000] {standard_task_runner.py:91} INFO - Job 2167: Subtask carregar
[2024-10-02T19:24:35.816+0000] {task_command.py:426} INFO - Running <TaskInstance: etl_covid_europa_pipeline.carregar scheduled__2023-12-01T00:00:00+00:00 [running]> on host 99de7dfc3871
[2024-10-02T19:24:35.898+0000] {taskinstance.py:2648} INFO - Exporting env vars: AIRFLOW_CTX_DAG_OWNER='***' AIRFLOW_CTX_DAG_ID='etl_covid_europa_pipeline' AIRFLOW_CTX_TASK_ID='carregar' AIRFLOW_CTX_EXECUTION_DATE='2023-12-01T00:00:00+00:00' AIRFLOW_CTX_TRY_NUMBER='1' AIRFLOW_CTX_DAG_RUN_ID='scheduled__2023-12-01T00:00:00+00:00'
[2024-10-02T19:24:35.899+0000] {taskinstance.py:430} INFO - ::endgroup::
[2024-10-02T19:24:35.972+0000] {python.py:237} INFO - Done. Returned value was: None
[2024-10-02T19:24:35.973+0000] {taskinstance.py:441} INFO - ::group::Post task execution logs
[2024-10-02T19:24:35.981+0000] {taskinstance.py:1206} INFO - Marking task as SUCCESS. dag_id=etl_covid_europa_pipeline, task_id=carregar, run_id=scheduled__2023-12-01T00:00:00+00:00, execution_date=20231201T000000, start_date=20241002T192435, end_date=20241002T192435
[2024-10-02T19:24:36.008+0000] {local_task_job_runner.py:240} INFO - Task exited with return code 0
[2024-10-02T19:24:36.201+0000] {taskinstance.py:3503} INFO - 0 downstream tasks scheduled from follow-on schedule check
[2024-10-02T19:24:36.205+0000] {local_task_job_runner.py:222} INFO - ::endgroup::
