[2024-10-02T17:28:23.866+0000] {local_task_job_runner.py:120} INFO - ::group::Pre task execution logs
[2024-10-02T17:28:23.895+0000] {taskinstance.py:2076} INFO - Dependencies all met for dep_context=non-requeueable deps ti=<TaskInstance: etl_covid_europa_pipeline.extrair scheduled__2024-03-31T00:00:00+00:00 [queued]>
[2024-10-02T17:28:23.904+0000] {taskinstance.py:2076} INFO - Dependencies all met for dep_context=requeueable deps ti=<TaskInstance: etl_covid_europa_pipeline.extrair scheduled__2024-03-31T00:00:00+00:00 [queued]>
[2024-10-02T17:28:23.905+0000] {taskinstance.py:2306} INFO - Starting attempt 1 of 1
[2024-10-02T17:28:24.111+0000] {taskinstance.py:2330} INFO - Executing <Task(PythonOperator): extrair> on 2024-03-31 00:00:00+00:00
[2024-10-02T17:28:24.118+0000] {warnings.py:112} WARNING - /home/***/.local/lib/python3.12/site-packages/***/task/task_runner/standard_task_runner.py:61: DeprecationWarning: This process (pid=2106) is multi-threaded, use of fork() may lead to deadlocks in the child.
  pid = os.fork()

[2024-10-02T17:28:24.119+0000] {standard_task_runner.py:63} INFO - Started process 2123 to run task
[2024-10-02T17:28:24.119+0000] {standard_task_runner.py:90} INFO - Running: ['***', 'tasks', 'run', 'etl_covid_europa_pipeline', 'extrair', 'scheduled__2024-03-31T00:00:00+00:00', '--job-id', '308', '--raw', '--subdir', 'DAGS_FOLDER/etl_pipeline.py', '--cfg-path', '/tmp/tmpng28u1i3']
[2024-10-02T17:28:24.121+0000] {standard_task_runner.py:91} INFO - Job 308: Subtask extrair
[2024-10-02T17:28:24.172+0000] {task_command.py:426} INFO - Running <TaskInstance: etl_covid_europa_pipeline.extrair scheduled__2024-03-31T00:00:00+00:00 [running]> on host 99de7dfc3871
[2024-10-02T17:28:24.294+0000] {taskinstance.py:2648} INFO - Exporting env vars: AIRFLOW_CTX_DAG_OWNER='***' AIRFLOW_CTX_DAG_ID='etl_covid_europa_pipeline' AIRFLOW_CTX_TASK_ID='extrair' AIRFLOW_CTX_EXECUTION_DATE='2024-03-31T00:00:00+00:00' AIRFLOW_CTX_TRY_NUMBER='1' AIRFLOW_CTX_DAG_RUN_ID='scheduled__2024-03-31T00:00:00+00:00'
[2024-10-02T17:28:24.295+0000] {taskinstance.py:430} INFO - ::endgroup::
[2024-10-02T17:28:30.786+0000] {python.py:237} INFO - Done. Returned value was: None
[2024-10-02T17:28:30.787+0000] {taskinstance.py:441} INFO - ::group::Post task execution logs
[2024-10-02T17:28:30.798+0000] {taskinstance.py:1206} INFO - Marking task as SUCCESS. dag_id=etl_covid_europa_pipeline, task_id=extrair, run_id=scheduled__2024-03-31T00:00:00+00:00, execution_date=20240331T000000, start_date=20241002T172823, end_date=20241002T172830
[2024-10-02T17:28:30.863+0000] {local_task_job_runner.py:240} INFO - Task exited with return code 0
[2024-10-02T17:28:30.889+0000] {taskinstance.py:3503} INFO - 1 downstream tasks scheduled from follow-on schedule check
[2024-10-02T17:28:30.891+0000] {local_task_job_runner.py:222} INFO - ::endgroup::
[2024-10-02T19:00:59.217+0000] {local_task_job_runner.py:120} INFO - ::group::Pre task execution logs
[2024-10-02T19:00:59.241+0000] {taskinstance.py:2076} INFO - Dependencies all met for dep_context=non-requeueable deps ti=<TaskInstance: etl_covid_europa_pipeline.extrair scheduled__2024-03-31T00:00:00+00:00 [queued]>
[2024-10-02T19:00:59.251+0000] {taskinstance.py:2076} INFO - Dependencies all met for dep_context=requeueable deps ti=<TaskInstance: etl_covid_europa_pipeline.extrair scheduled__2024-03-31T00:00:00+00:00 [queued]>
[2024-10-02T19:00:59.251+0000] {taskinstance.py:2306} INFO - Starting attempt 1 of 1
[2024-10-02T19:00:59.461+0000] {taskinstance.py:2330} INFO - Executing <Task(PythonOperator): extrair> on 2024-03-31 00:00:00+00:00
[2024-10-02T19:00:59.470+0000] {warnings.py:112} WARNING - /home/***/.local/lib/python3.12/site-packages/***/task/task_runner/standard_task_runner.py:61: DeprecationWarning: This process (pid=6849) is multi-threaded, use of fork() may lead to deadlocks in the child.
  pid = os.fork()

[2024-10-02T19:00:59.472+0000] {standard_task_runner.py:63} INFO - Started process 6866 to run task
[2024-10-02T19:00:59.472+0000] {standard_task_runner.py:90} INFO - Running: ['***', 'tasks', 'run', 'etl_covid_europa_pipeline', 'extrair', 'scheduled__2024-03-31T00:00:00+00:00', '--job-id', '1486', '--raw', '--subdir', 'DAGS_FOLDER/etl_pipeline.py', '--cfg-path', '/tmp/tmphe3mscec']
[2024-10-02T19:00:59.476+0000] {standard_task_runner.py:91} INFO - Job 1486: Subtask extrair
[2024-10-02T19:00:59.530+0000] {task_command.py:426} INFO - Running <TaskInstance: etl_covid_europa_pipeline.extrair scheduled__2024-03-31T00:00:00+00:00 [running]> on host 99de7dfc3871
[2024-10-02T19:00:59.650+0000] {taskinstance.py:2648} INFO - Exporting env vars: AIRFLOW_CTX_DAG_OWNER='***' AIRFLOW_CTX_DAG_ID='etl_covid_europa_pipeline' AIRFLOW_CTX_TASK_ID='extrair' AIRFLOW_CTX_EXECUTION_DATE='2024-03-31T00:00:00+00:00' AIRFLOW_CTX_TRY_NUMBER='1' AIRFLOW_CTX_DAG_RUN_ID='scheduled__2024-03-31T00:00:00+00:00'
[2024-10-02T19:00:59.652+0000] {taskinstance.py:430} INFO - ::endgroup::
[2024-10-02T19:01:05.397+0000] {python.py:237} INFO - Done. Returned value was: None
[2024-10-02T19:01:05.398+0000] {taskinstance.py:441} INFO - ::group::Post task execution logs
[2024-10-02T19:01:05.407+0000] {taskinstance.py:1206} INFO - Marking task as SUCCESS. dag_id=etl_covid_europa_pipeline, task_id=extrair, run_id=scheduled__2024-03-31T00:00:00+00:00, execution_date=20240331T000000, start_date=20241002T190059, end_date=20241002T190105
[2024-10-02T19:01:05.454+0000] {local_task_job_runner.py:240} INFO - Task exited with return code 0
[2024-10-02T19:01:05.478+0000] {taskinstance.py:3503} INFO - 1 downstream tasks scheduled from follow-on schedule check
[2024-10-02T19:01:05.480+0000] {local_task_job_runner.py:222} INFO - ::endgroup::
[2024-10-02T19:27:10.227+0000] {local_task_job_runner.py:120} INFO - ::group::Pre task execution logs
[2024-10-02T19:27:10.448+0000] {taskinstance.py:2076} INFO - Dependencies all met for dep_context=non-requeueable deps ti=<TaskInstance: etl_covid_europa_pipeline.extrair scheduled__2024-03-31T00:00:00+00:00 [queued]>
[2024-10-02T19:27:10.458+0000] {taskinstance.py:2076} INFO - Dependencies all met for dep_context=requeueable deps ti=<TaskInstance: etl_covid_europa_pipeline.extrair scheduled__2024-03-31T00:00:00+00:00 [queued]>
[2024-10-02T19:27:10.459+0000] {taskinstance.py:2306} INFO - Starting attempt 1 of 1
[2024-10-02T19:27:10.477+0000] {taskinstance.py:2330} INFO - Executing <Task(PythonOperator): extrair> on 2024-03-31 00:00:00+00:00
[2024-10-02T19:27:10.484+0000] {warnings.py:112} WARNING - /home/***/.local/lib/python3.12/site-packages/***/task/task_runner/standard_task_runner.py:61: DeprecationWarning: This process (pid=10235) is multi-threaded, use of fork() may lead to deadlocks in the child.
  pid = os.fork()

[2024-10-02T19:27:10.486+0000] {standard_task_runner.py:63} INFO - Started process 10253 to run task
[2024-10-02T19:27:10.486+0000] {standard_task_runner.py:90} INFO - Running: ['***', 'tasks', 'run', 'etl_covid_europa_pipeline', 'extrair', 'scheduled__2024-03-31T00:00:00+00:00', '--job-id', '2504', '--raw', '--subdir', 'DAGS_FOLDER/etl_pipeline_agrupar_continente.py', '--cfg-path', '/tmp/tmpu_57pnsr']
[2024-10-02T19:27:10.488+0000] {standard_task_runner.py:91} INFO - Job 2504: Subtask extrair
[2024-10-02T19:27:10.533+0000] {task_command.py:426} INFO - Running <TaskInstance: etl_covid_europa_pipeline.extrair scheduled__2024-03-31T00:00:00+00:00 [running]> on host 99de7dfc3871
[2024-10-02T19:27:10.623+0000] {taskinstance.py:2648} INFO - Exporting env vars: AIRFLOW_CTX_DAG_OWNER='***' AIRFLOW_CTX_DAG_ID='etl_covid_europa_pipeline' AIRFLOW_CTX_TASK_ID='extrair' AIRFLOW_CTX_EXECUTION_DATE='2024-03-31T00:00:00+00:00' AIRFLOW_CTX_TRY_NUMBER='1' AIRFLOW_CTX_DAG_RUN_ID='scheduled__2024-03-31T00:00:00+00:00'
[2024-10-02T19:27:10.624+0000] {taskinstance.py:430} INFO - ::endgroup::
[2024-10-02T19:27:17.676+0000] {python.py:237} INFO - Done. Returned value was: None
[2024-10-02T19:27:17.677+0000] {taskinstance.py:441} INFO - ::group::Post task execution logs
[2024-10-02T19:27:17.689+0000] {taskinstance.py:1206} INFO - Marking task as SUCCESS. dag_id=etl_covid_europa_pipeline, task_id=extrair, run_id=scheduled__2024-03-31T00:00:00+00:00, execution_date=20240331T000000, start_date=20241002T192710, end_date=20241002T192717
[2024-10-02T19:27:17.838+0000] {local_task_job_runner.py:240} INFO - Task exited with return code 0
[2024-10-02T19:27:17.875+0000] {taskinstance.py:3503} INFO - 1 downstream tasks scheduled from follow-on schedule check
[2024-10-02T19:27:17.880+0000] {local_task_job_runner.py:222} INFO - ::endgroup::
