[2024-10-02T17:30:18.675+0000] {local_task_job_runner.py:120} INFO - ::group::Pre task execution logs
[2024-10-02T17:30:18.700+0000] {taskinstance.py:2076} INFO - Dependencies all met for dep_context=non-requeueable deps ti=<TaskInstance: etl_covid_europa_pipeline.transformar scheduled__2024-06-28T00:00:00+00:00 [queued]>
[2024-10-02T17:30:18.711+0000] {taskinstance.py:2076} INFO - Dependencies all met for dep_context=requeueable deps ti=<TaskInstance: etl_covid_europa_pipeline.transformar scheduled__2024-06-28T00:00:00+00:00 [queued]>
[2024-10-02T17:30:18.712+0000] {taskinstance.py:2306} INFO - Starting attempt 1 of 1
[2024-10-02T17:30:18.944+0000] {taskinstance.py:2330} INFO - Executing <Task(PythonOperator): transformar> on 2024-06-28 00:00:00+00:00
[2024-10-02T17:30:18.950+0000] {warnings.py:112} WARNING - /home/***/.local/lib/python3.12/site-packages/***/task/task_runner/standard_task_runner.py:61: DeprecationWarning: This process (pid=2659) is multi-threaded, use of fork() may lead to deadlocks in the child.
  pid = os.fork()

[2024-10-02T17:30:18.952+0000] {standard_task_runner.py:63} INFO - Started process 2671 to run task
[2024-10-02T17:30:18.952+0000] {standard_task_runner.py:90} INFO - Running: ['***', 'tasks', 'run', 'etl_covid_europa_pipeline', 'transformar', 'scheduled__2024-06-28T00:00:00+00:00', '--job-id', '482', '--raw', '--subdir', 'DAGS_FOLDER/etl_pipeline.py', '--cfg-path', '/tmp/tmp8ihsu3k7']
[2024-10-02T17:30:18.954+0000] {standard_task_runner.py:91} INFO - Job 482: Subtask transformar
[2024-10-02T17:30:19.000+0000] {task_command.py:426} INFO - Running <TaskInstance: etl_covid_europa_pipeline.transformar scheduled__2024-06-28T00:00:00+00:00 [running]> on host 99de7dfc3871
[2024-10-02T17:30:19.079+0000] {taskinstance.py:2648} INFO - Exporting env vars: AIRFLOW_CTX_DAG_OWNER='***' AIRFLOW_CTX_DAG_ID='etl_covid_europa_pipeline' AIRFLOW_CTX_TASK_ID='transformar' AIRFLOW_CTX_EXECUTION_DATE='2024-06-28T00:00:00+00:00' AIRFLOW_CTX_TRY_NUMBER='1' AIRFLOW_CTX_DAG_RUN_ID='scheduled__2024-06-28T00:00:00+00:00'
[2024-10-02T17:30:19.080+0000] {taskinstance.py:430} INFO - ::endgroup::
[2024-10-02T17:30:19.105+0000] {taskinstance.py:441} INFO - ::group::Post task execution logs
[2024-10-02T17:30:19.106+0000] {taskinstance.py:2905} ERROR - Task failed with exception
Traceback (most recent call last):
  File "/home/airflow/.local/lib/python3.12/site-packages/airflow/models/taskinstance.py", line 465, in _execute_task
    result = _execute_callable(context=context, **execute_callable_kwargs)
             ^^^^^^^^^^^^^^^^^^^^^^^^^^^^^^^^^^^^^^^^^^^^^^^^^^^^^^^^^^^^^
  File "/home/airflow/.local/lib/python3.12/site-packages/airflow/models/taskinstance.py", line 432, in _execute_callable
    return execute_callable(context=context, **execute_callable_kwargs)
           ^^^^^^^^^^^^^^^^^^^^^^^^^^^^^^^^^^^^^^^^^^^^^^^^^^^^^^^^^^^^
  File "/home/airflow/.local/lib/python3.12/site-packages/airflow/models/baseoperator.py", line 401, in wrapper
    return func(self, *args, **kwargs)
           ^^^^^^^^^^^^^^^^^^^^^^^^^^^
  File "/home/airflow/.local/lib/python3.12/site-packages/airflow/operators/python.py", line 235, in execute
    return_value = self.execute_callable()
                   ^^^^^^^^^^^^^^^^^^^^^^^
  File "/home/airflow/.local/lib/python3.12/site-packages/airflow/operators/python.py", line 252, in execute_callable
    return self.python_callable(*self.op_args, **self.op_kwargs)
           ^^^^^^^^^^^^^^^^^^^^^^^^^^^^^^^^^^^^^^^^^^^^^^^^^^^^^
  File "/opt/airflow/dags/etl_pipeline.py", line 13, in transformar
    df = pd.read_csv('data/dados_covid_extraidos.csv')
         ^^^^^^^^^^^^^^^^^^^^^^^^^^^^^^^^^^^^^^^^^^^^^
  File "/home/airflow/.local/lib/python3.12/site-packages/pandas/io/parsers/readers.py", line 948, in read_csv
    return _read(filepath_or_buffer, kwds)
           ^^^^^^^^^^^^^^^^^^^^^^^^^^^^^^^
  File "/home/airflow/.local/lib/python3.12/site-packages/pandas/io/parsers/readers.py", line 617, in _read
    return parser.read(nrows)
           ^^^^^^^^^^^^^^^^^^
  File "/home/airflow/.local/lib/python3.12/site-packages/pandas/io/parsers/readers.py", line 1748, in read
    ) = self._engine.read(  # type: ignore[attr-defined]
        ^^^^^^^^^^^^^^^^^^^^^^^^^^^^^^^^^^^^^^^^^^^^^^^^
  File "/home/airflow/.local/lib/python3.12/site-packages/pandas/io/parsers/c_parser_wrapper.py", line 234, in read
    chunks = self._reader.read_low_memory(nrows)
             ^^^^^^^^^^^^^^^^^^^^^^^^^^^^^^^^^^^
  File "parsers.pyx", line 843, in pandas._libs.parsers.TextReader.read_low_memory
  File "parsers.pyx", line 904, in pandas._libs.parsers.TextReader._read_rows
  File "parsers.pyx", line 879, in pandas._libs.parsers.TextReader._tokenize_rows
  File "parsers.pyx", line 890, in pandas._libs.parsers.TextReader._check_tokenize_status
  File "parsers.pyx", line 2058, in pandas._libs.parsers.raise_parser_error
pandas.errors.ParserError: Error tokenizing data. C error: Expected 1 fields in line 7201, saw 2

[2024-10-02T17:30:19.116+0000] {taskinstance.py:1206} INFO - Marking task as FAILED. dag_id=etl_covid_europa_pipeline, task_id=transformar, run_id=scheduled__2024-06-28T00:00:00+00:00, execution_date=20240628T000000, start_date=20241002T173018, end_date=20241002T173019
[2024-10-02T17:30:19.129+0000] {standard_task_runner.py:110} ERROR - Failed to execute job 482 for task transformar (Error tokenizing data. C error: Expected 1 fields in line 7201, saw 2
; 2671)
[2024-10-02T17:30:19.167+0000] {local_task_job_runner.py:240} INFO - Task exited with return code 1
[2024-10-02T17:30:19.188+0000] {taskinstance.py:3503} INFO - 0 downstream tasks scheduled from follow-on schedule check
[2024-10-02T17:30:19.192+0000] {local_task_job_runner.py:222} INFO - ::endgroup::
[2024-10-02T18:54:13.056+0000] {local_task_job_runner.py:120} INFO - ::group::Pre task execution logs
[2024-10-02T18:54:13.085+0000] {taskinstance.py:2076} INFO - Dependencies all met for dep_context=non-requeueable deps ti=<TaskInstance: etl_covid_europa_pipeline.transformar scheduled__2024-06-28T00:00:00+00:00 [queued]>
[2024-10-02T18:54:13.099+0000] {taskinstance.py:2076} INFO - Dependencies all met for dep_context=requeueable deps ti=<TaskInstance: etl_covid_europa_pipeline.transformar scheduled__2024-06-28T00:00:00+00:00 [queued]>
[2024-10-02T18:54:13.100+0000] {taskinstance.py:2306} INFO - Starting attempt 1 of 1
[2024-10-02T18:54:13.403+0000] {taskinstance.py:2330} INFO - Executing <Task(PythonOperator): transformar> on 2024-06-28 00:00:00+00:00
[2024-10-02T18:54:13.416+0000] {warnings.py:112} WARNING - /home/***/.local/lib/python3.12/site-packages/***/task/task_runner/standard_task_runner.py:61: DeprecationWarning: This process (pid=4396) is multi-threaded, use of fork() may lead to deadlocks in the child.
  pid = os.fork()

[2024-10-02T18:54:13.418+0000] {standard_task_runner.py:63} INFO - Started process 4412 to run task
[2024-10-02T18:54:13.418+0000] {standard_task_runner.py:90} INFO - Running: ['***', 'tasks', 'run', 'etl_covid_europa_pipeline', 'transformar', 'scheduled__2024-06-28T00:00:00+00:00', '--job-id', '699', '--raw', '--subdir', 'DAGS_FOLDER/etl_pipeline.py', '--cfg-path', '/tmp/tmpx4fkphdq']
[2024-10-02T18:54:13.420+0000] {standard_task_runner.py:91} INFO - Job 699: Subtask transformar
[2024-10-02T18:54:13.471+0000] {task_command.py:426} INFO - Running <TaskInstance: etl_covid_europa_pipeline.transformar scheduled__2024-06-28T00:00:00+00:00 [running]> on host 99de7dfc3871
[2024-10-02T18:54:13.605+0000] {taskinstance.py:2648} INFO - Exporting env vars: AIRFLOW_CTX_DAG_OWNER='***' AIRFLOW_CTX_DAG_ID='etl_covid_europa_pipeline' AIRFLOW_CTX_TASK_ID='transformar' AIRFLOW_CTX_EXECUTION_DATE='2024-06-28T00:00:00+00:00' AIRFLOW_CTX_TRY_NUMBER='1' AIRFLOW_CTX_DAG_RUN_ID='scheduled__2024-06-28T00:00:00+00:00'
[2024-10-02T18:54:13.606+0000] {taskinstance.py:430} INFO - ::endgroup::
[2024-10-02T18:54:13.880+0000] {python.py:237} INFO - Done. Returned value was: None
[2024-10-02T18:54:13.882+0000] {taskinstance.py:441} INFO - ::group::Post task execution logs
[2024-10-02T18:54:13.892+0000] {taskinstance.py:1206} INFO - Marking task as SUCCESS. dag_id=etl_covid_europa_pipeline, task_id=transformar, run_id=scheduled__2024-06-28T00:00:00+00:00, execution_date=20240628T000000, start_date=20241002T185413, end_date=20241002T185413
[2024-10-02T18:54:13.953+0000] {local_task_job_runner.py:240} INFO - Task exited with return code 0
[2024-10-02T18:54:13.979+0000] {taskinstance.py:3503} INFO - 1 downstream tasks scheduled from follow-on schedule check
[2024-10-02T18:54:13.982+0000] {local_task_job_runner.py:222} INFO - ::endgroup::
[2024-10-02T19:02:50.838+0000] {local_task_job_runner.py:120} INFO - ::group::Pre task execution logs
[2024-10-02T19:02:50.872+0000] {taskinstance.py:2076} INFO - Dependencies all met for dep_context=non-requeueable deps ti=<TaskInstance: etl_covid_europa_pipeline.transformar scheduled__2024-06-28T00:00:00+00:00 [queued]>
[2024-10-02T19:02:51.267+0000] {taskinstance.py:2076} INFO - Dependencies all met for dep_context=requeueable deps ti=<TaskInstance: etl_covid_europa_pipeline.transformar scheduled__2024-06-28T00:00:00+00:00 [queued]>
[2024-10-02T19:02:51.267+0000] {taskinstance.py:2306} INFO - Starting attempt 1 of 1
[2024-10-02T19:02:51.303+0000] {taskinstance.py:2330} INFO - Executing <Task(PythonOperator): transformar> on 2024-06-28 00:00:00+00:00
[2024-10-02T19:02:51.316+0000] {warnings.py:112} WARNING - /home/***/.local/lib/python3.12/site-packages/***/task/task_runner/standard_task_runner.py:61: DeprecationWarning: This process (pid=7568) is multi-threaded, use of fork() may lead to deadlocks in the child.
  pid = os.fork()

[2024-10-02T19:02:51.318+0000] {standard_task_runner.py:63} INFO - Started process 7588 to run task
[2024-10-02T19:02:51.318+0000] {standard_task_runner.py:90} INFO - Running: ['***', 'tasks', 'run', 'etl_covid_europa_pipeline', 'transformar', 'scheduled__2024-06-28T00:00:00+00:00', '--job-id', '1718', '--raw', '--subdir', 'DAGS_FOLDER/etl_pipeline.py', '--cfg-path', '/tmp/tmp97vsazpf']
[2024-10-02T19:02:51.322+0000] {standard_task_runner.py:91} INFO - Job 1718: Subtask transformar
[2024-10-02T19:02:51.397+0000] {task_command.py:426} INFO - Running <TaskInstance: etl_covid_europa_pipeline.transformar scheduled__2024-06-28T00:00:00+00:00 [running]> on host 99de7dfc3871
[2024-10-02T19:02:51.514+0000] {taskinstance.py:2648} INFO - Exporting env vars: AIRFLOW_CTX_DAG_OWNER='***' AIRFLOW_CTX_DAG_ID='etl_covid_europa_pipeline' AIRFLOW_CTX_TASK_ID='transformar' AIRFLOW_CTX_EXECUTION_DATE='2024-06-28T00:00:00+00:00' AIRFLOW_CTX_TRY_NUMBER='1' AIRFLOW_CTX_DAG_RUN_ID='scheduled__2024-06-28T00:00:00+00:00'
[2024-10-02T19:02:51.518+0000] {taskinstance.py:430} INFO - ::endgroup::
[2024-10-02T19:02:51.780+0000] {python.py:237} INFO - Done. Returned value was: None
[2024-10-02T19:02:51.781+0000] {taskinstance.py:441} INFO - ::group::Post task execution logs
[2024-10-02T19:02:51.791+0000] {taskinstance.py:1206} INFO - Marking task as SUCCESS. dag_id=etl_covid_europa_pipeline, task_id=transformar, run_id=scheduled__2024-06-28T00:00:00+00:00, execution_date=20240628T000000, start_date=20241002T190250, end_date=20241002T190251
[2024-10-02T19:02:51.858+0000] {local_task_job_runner.py:240} INFO - Task exited with return code 0
[2024-10-02T19:02:51.883+0000] {taskinstance.py:3503} INFO - 1 downstream tasks scheduled from follow-on schedule check
[2024-10-02T19:02:51.885+0000] {local_task_job_runner.py:222} INFO - ::endgroup::
