[2024-10-02T17:25:25.637+0000] {local_task_job_runner.py:120} INFO - ::group::Pre task execution logs
[2024-10-02T17:25:25.661+0000] {taskinstance.py:2076} INFO - Dependencies all met for dep_context=non-requeueable deps ti=<TaskInstance: etl_covid_europa_pipeline.extrair scheduled__2023-10-22T00:00:00+00:00 [queued]>
[2024-10-02T17:25:25.670+0000] {taskinstance.py:2076} INFO - Dependencies all met for dep_context=requeueable deps ti=<TaskInstance: etl_covid_europa_pipeline.extrair scheduled__2023-10-22T00:00:00+00:00 [queued]>
[2024-10-02T17:25:25.670+0000] {taskinstance.py:2306} INFO - Starting attempt 1 of 1
[2024-10-02T17:25:25.945+0000] {taskinstance.py:2330} INFO - Executing <Task(PythonOperator): extrair> on 2023-10-22 00:00:00+00:00
[2024-10-02T17:25:25.951+0000] {warnings.py:112} WARNING - /home/***/.local/lib/python3.12/site-packages/***/task/task_runner/standard_task_runner.py:61: DeprecationWarning: This process (pid=1276) is multi-threaded, use of fork() may lead to deadlocks in the child.
  pid = os.fork()

[2024-10-02T17:25:25.953+0000] {standard_task_runner.py:63} INFO - Started process 1293 to run task
[2024-10-02T17:25:25.953+0000] {standard_task_runner.py:90} INFO - Running: ['***', 'tasks', 'run', 'etl_covid_europa_pipeline', 'extrair', 'scheduled__2023-10-22T00:00:00+00:00', '--job-id', '43', '--raw', '--subdir', 'DAGS_FOLDER/etl_pipeline.py', '--cfg-path', '/tmp/tmp2rmxvr52']
[2024-10-02T17:25:25.955+0000] {standard_task_runner.py:91} INFO - Job 43: Subtask extrair
[2024-10-02T17:25:26.005+0000] {task_command.py:426} INFO - Running <TaskInstance: etl_covid_europa_pipeline.extrair scheduled__2023-10-22T00:00:00+00:00 [running]> on host 99de7dfc3871
[2024-10-02T17:25:26.095+0000] {taskinstance.py:2648} INFO - Exporting env vars: AIRFLOW_CTX_DAG_OWNER='***' AIRFLOW_CTX_DAG_ID='etl_covid_europa_pipeline' AIRFLOW_CTX_TASK_ID='extrair' AIRFLOW_CTX_EXECUTION_DATE='2023-10-22T00:00:00+00:00' AIRFLOW_CTX_TRY_NUMBER='1' AIRFLOW_CTX_DAG_RUN_ID='scheduled__2023-10-22T00:00:00+00:00'
[2024-10-02T17:25:26.097+0000] {taskinstance.py:430} INFO - ::endgroup::
[2024-10-02T17:25:32.255+0000] {python.py:237} INFO - Done. Returned value was: None
[2024-10-02T17:25:32.256+0000] {taskinstance.py:441} INFO - ::group::Post task execution logs
[2024-10-02T17:25:32.271+0000] {taskinstance.py:1206} INFO - Marking task as SUCCESS. dag_id=etl_covid_europa_pipeline, task_id=extrair, run_id=scheduled__2023-10-22T00:00:00+00:00, execution_date=20231022T000000, start_date=20241002T172525, end_date=20241002T172532
[2024-10-02T17:25:32.334+0000] {local_task_job_runner.py:240} INFO - Task exited with return code 0
[2024-10-02T17:25:32.344+0000] {local_task_job_runner.py:222} INFO - ::endgroup::
[2024-10-02T18:57:26.012+0000] {local_task_job_runner.py:120} INFO - ::group::Pre task execution logs
[2024-10-02T18:57:26.044+0000] {taskinstance.py:2076} INFO - Dependencies all met for dep_context=non-requeueable deps ti=<TaskInstance: etl_covid_europa_pipeline.extrair scheduled__2023-10-22T00:00:00+00:00 [queued]>
[2024-10-02T18:57:26.264+0000] {taskinstance.py:2076} INFO - Dependencies all met for dep_context=requeueable deps ti=<TaskInstance: etl_covid_europa_pipeline.extrair scheduled__2023-10-22T00:00:00+00:00 [queued]>
[2024-10-02T18:57:26.265+0000] {taskinstance.py:2306} INFO - Starting attempt 1 of 1
[2024-10-02T18:57:26.365+0000] {taskinstance.py:2330} INFO - Executing <Task(PythonOperator): extrair> on 2023-10-22 00:00:00+00:00
[2024-10-02T18:57:26.374+0000] {warnings.py:112} WARNING - /home/***/.local/lib/python3.12/site-packages/***/task/task_runner/standard_task_runner.py:61: DeprecationWarning: This process (pid=5399) is multi-threaded, use of fork() may lead to deadlocks in the child.
  pid = os.fork()

[2024-10-02T18:57:26.375+0000] {standard_task_runner.py:63} INFO - Started process 5416 to run task
[2024-10-02T18:57:26.375+0000] {standard_task_runner.py:90} INFO - Running: ['***', 'tasks', 'run', 'etl_covid_europa_pipeline', 'extrair', 'scheduled__2023-10-22T00:00:00+00:00', '--job-id', '1020', '--raw', '--subdir', 'DAGS_FOLDER/etl_pipeline.py', '--cfg-path', '/tmp/tmppankv1w8']
[2024-10-02T18:57:26.377+0000] {standard_task_runner.py:91} INFO - Job 1020: Subtask extrair
[2024-10-02T18:57:26.444+0000] {task_command.py:426} INFO - Running <TaskInstance: etl_covid_europa_pipeline.extrair scheduled__2023-10-22T00:00:00+00:00 [running]> on host 99de7dfc3871
[2024-10-02T18:57:26.592+0000] {taskinstance.py:2648} INFO - Exporting env vars: AIRFLOW_CTX_DAG_OWNER='***' AIRFLOW_CTX_DAG_ID='etl_covid_europa_pipeline' AIRFLOW_CTX_TASK_ID='extrair' AIRFLOW_CTX_EXECUTION_DATE='2023-10-22T00:00:00+00:00' AIRFLOW_CTX_TRY_NUMBER='1' AIRFLOW_CTX_DAG_RUN_ID='scheduled__2023-10-22T00:00:00+00:00'
[2024-10-02T18:57:26.597+0000] {taskinstance.py:430} INFO - ::endgroup::
[2024-10-02T18:57:33.065+0000] {python.py:237} INFO - Done. Returned value was: None
[2024-10-02T18:57:33.066+0000] {taskinstance.py:441} INFO - ::group::Post task execution logs
[2024-10-02T18:57:33.076+0000] {taskinstance.py:1206} INFO - Marking task as SUCCESS. dag_id=etl_covid_europa_pipeline, task_id=extrair, run_id=scheduled__2023-10-22T00:00:00+00:00, execution_date=20231022T000000, start_date=20241002T185726, end_date=20241002T185733
[2024-10-02T18:57:33.125+0000] {local_task_job_runner.py:240} INFO - Task exited with return code 0
[2024-10-02T18:57:33.166+0000] {taskinstance.py:3503} INFO - 1 downstream tasks scheduled from follow-on schedule check
[2024-10-02T18:57:33.169+0000] {local_task_job_runner.py:222} INFO - ::endgroup::
[2024-10-02T19:23:36.748+0000] {local_task_job_runner.py:120} INFO - ::group::Pre task execution logs
[2024-10-02T19:23:36.787+0000] {taskinstance.py:2076} INFO - Dependencies all met for dep_context=non-requeueable deps ti=<TaskInstance: etl_covid_europa_pipeline.extrair scheduled__2023-10-22T00:00:00+00:00 [queued]>
[2024-10-02T19:23:36.801+0000] {taskinstance.py:2076} INFO - Dependencies all met for dep_context=requeueable deps ti=<TaskInstance: etl_covid_europa_pipeline.extrair scheduled__2023-10-22T00:00:00+00:00 [queued]>
[2024-10-02T19:23:36.802+0000] {taskinstance.py:2306} INFO - Starting attempt 1 of 1
[2024-10-02T19:23:37.054+0000] {taskinstance.py:2330} INFO - Executing <Task(PythonOperator): extrair> on 2023-10-22 00:00:00+00:00
[2024-10-02T19:23:37.064+0000] {warnings.py:112} WARNING - /home/***/.local/lib/python3.12/site-packages/***/task/task_runner/standard_task_runner.py:61: DeprecationWarning: This process (pid=8780) is multi-threaded, use of fork() may lead to deadlocks in the child.
  pid = os.fork()

[2024-10-02T19:23:37.066+0000] {standard_task_runner.py:63} INFO - Started process 8796 to run task
[2024-10-02T19:23:37.066+0000] {standard_task_runner.py:90} INFO - Running: ['***', 'tasks', 'run', 'etl_covid_europa_pipeline', 'extrair', 'scheduled__2023-10-22T00:00:00+00:00', '--job-id', '2032', '--raw', '--subdir', 'DAGS_FOLDER/etl_pipeline.py', '--cfg-path', '/tmp/tmpkuy2qfvn']
[2024-10-02T19:23:37.068+0000] {standard_task_runner.py:91} INFO - Job 2032: Subtask extrair
[2024-10-02T19:23:37.126+0000] {task_command.py:426} INFO - Running <TaskInstance: etl_covid_europa_pipeline.extrair scheduled__2023-10-22T00:00:00+00:00 [running]> on host 99de7dfc3871
[2024-10-02T19:23:37.218+0000] {taskinstance.py:2648} INFO - Exporting env vars: AIRFLOW_CTX_DAG_OWNER='***' AIRFLOW_CTX_DAG_ID='etl_covid_europa_pipeline' AIRFLOW_CTX_TASK_ID='extrair' AIRFLOW_CTX_EXECUTION_DATE='2023-10-22T00:00:00+00:00' AIRFLOW_CTX_TRY_NUMBER='1' AIRFLOW_CTX_DAG_RUN_ID='scheduled__2023-10-22T00:00:00+00:00'
[2024-10-02T19:23:37.219+0000] {taskinstance.py:430} INFO - ::endgroup::
[2024-10-02T19:23:44.072+0000] {python.py:237} INFO - Done. Returned value was: None
[2024-10-02T19:23:44.072+0000] {taskinstance.py:441} INFO - ::group::Post task execution logs
[2024-10-02T19:23:44.081+0000] {taskinstance.py:1206} INFO - Marking task as SUCCESS. dag_id=etl_covid_europa_pipeline, task_id=extrair, run_id=scheduled__2023-10-22T00:00:00+00:00, execution_date=20231022T000000, start_date=20241002T192336, end_date=20241002T192344
[2024-10-02T19:23:44.132+0000] {local_task_job_runner.py:240} INFO - Task exited with return code 0
[2024-10-02T19:23:44.154+0000] {taskinstance.py:3503} INFO - 1 downstream tasks scheduled from follow-on schedule check
[2024-10-02T19:23:44.158+0000] {local_task_job_runner.py:222} INFO - ::endgroup::
