[2024-10-02T19:01:12.821+0000] {local_task_job_runner.py:120} INFO - ::group::Pre task execution logs
[2024-10-02T19:01:12.841+0000] {taskinstance.py:2076} INFO - Dependencies all met for dep_context=non-requeueable deps ti=<TaskInstance: etl_covid_europa_pipeline.carregar scheduled__2024-04-07T00:00:00+00:00 [queued]>
[2024-10-02T19:01:13.006+0000] {taskinstance.py:2076} INFO - Dependencies all met for dep_context=requeueable deps ti=<TaskInstance: etl_covid_europa_pipeline.carregar scheduled__2024-04-07T00:00:00+00:00 [queued]>
[2024-10-02T19:01:13.007+0000] {taskinstance.py:2306} INFO - Starting attempt 1 of 1
[2024-10-02T19:01:13.020+0000] {taskinstance.py:2330} INFO - Executing <Task(PythonOperator): carregar> on 2024-04-07 00:00:00+00:00
[2024-10-02T19:01:13.028+0000] {warnings.py:112} WARNING - /home/***/.local/lib/python3.12/site-packages/***/task/task_runner/standard_task_runner.py:61: DeprecationWarning: This process (pid=6934) is multi-threaded, use of fork() may lead to deadlocks in the child.
  pid = os.fork()

[2024-10-02T19:01:13.029+0000] {standard_task_runner.py:63} INFO - Started process 6942 to run task
[2024-10-02T19:01:13.028+0000] {standard_task_runner.py:90} INFO - Running: ['***', 'tasks', 'run', 'etl_covid_europa_pipeline', 'carregar', 'scheduled__2024-04-07T00:00:00+00:00', '--job-id', '1513', '--raw', '--subdir', 'DAGS_FOLDER/etl_pipeline.py', '--cfg-path', '/tmp/tmpktw9ctl3']
[2024-10-02T19:01:13.030+0000] {standard_task_runner.py:91} INFO - Job 1513: Subtask carregar
[2024-10-02T19:01:13.069+0000] {task_command.py:426} INFO - Running <TaskInstance: etl_covid_europa_pipeline.carregar scheduled__2024-04-07T00:00:00+00:00 [running]> on host 99de7dfc3871
[2024-10-02T19:01:13.193+0000] {taskinstance.py:2648} INFO - Exporting env vars: AIRFLOW_CTX_DAG_OWNER='***' AIRFLOW_CTX_DAG_ID='etl_covid_europa_pipeline' AIRFLOW_CTX_TASK_ID='carregar' AIRFLOW_CTX_EXECUTION_DATE='2024-04-07T00:00:00+00:00' AIRFLOW_CTX_TRY_NUMBER='1' AIRFLOW_CTX_DAG_RUN_ID='scheduled__2024-04-07T00:00:00+00:00'
[2024-10-02T19:01:13.196+0000] {taskinstance.py:430} INFO - ::endgroup::
[2024-10-02T19:01:13.251+0000] {python.py:237} INFO - Done. Returned value was: None
[2024-10-02T19:01:13.252+0000] {taskinstance.py:441} INFO - ::group::Post task execution logs
[2024-10-02T19:01:13.261+0000] {taskinstance.py:1206} INFO - Marking task as SUCCESS. dag_id=etl_covid_europa_pipeline, task_id=carregar, run_id=scheduled__2024-04-07T00:00:00+00:00, execution_date=20240407T000000, start_date=20241002T190112, end_date=20241002T190113
[2024-10-02T19:01:13.323+0000] {local_task_job_runner.py:240} INFO - Task exited with return code 0
[2024-10-02T19:01:13.340+0000] {taskinstance.py:3503} INFO - 0 downstream tasks scheduled from follow-on schedule check
[2024-10-02T19:01:13.345+0000] {local_task_job_runner.py:222} INFO - ::endgroup::
[2024-10-02T19:27:22.806+0000] {local_task_job_runner.py:120} INFO - ::group::Pre task execution logs
[2024-10-02T19:27:23.004+0000] {taskinstance.py:2076} INFO - Dependencies all met for dep_context=non-requeueable deps ti=<TaskInstance: etl_covid_europa_pipeline.carregar scheduled__2024-04-07T00:00:00+00:00 [queued]>
[2024-10-02T19:27:23.012+0000] {taskinstance.py:2076} INFO - Dependencies all met for dep_context=requeueable deps ti=<TaskInstance: etl_covid_europa_pipeline.carregar scheduled__2024-04-07T00:00:00+00:00 [queued]>
[2024-10-02T19:27:23.012+0000] {taskinstance.py:2306} INFO - Starting attempt 1 of 1
[2024-10-02T19:27:23.027+0000] {taskinstance.py:2330} INFO - Executing <Task(PythonOperator): carregar> on 2024-04-07 00:00:00+00:00
[2024-10-02T19:27:23.032+0000] {warnings.py:112} WARNING - /home/***/.local/lib/python3.12/site-packages/***/task/task_runner/standard_task_runner.py:61: DeprecationWarning: This process (pid=10344) is multi-threaded, use of fork() may lead to deadlocks in the child.
  pid = os.fork()

[2024-10-02T19:27:23.033+0000] {standard_task_runner.py:63} INFO - Started process 10355 to run task
[2024-10-02T19:27:23.034+0000] {standard_task_runner.py:90} INFO - Running: ['***', 'tasks', 'run', 'etl_covid_europa_pipeline', 'carregar', 'scheduled__2024-04-07T00:00:00+00:00', '--job-id', '2540', '--raw', '--subdir', 'DAGS_FOLDER/etl_pipeline_agrupar_continente.py', '--cfg-path', '/tmp/tmpk9md_d3f']
[2024-10-02T19:27:23.035+0000] {standard_task_runner.py:91} INFO - Job 2540: Subtask carregar
[2024-10-02T19:27:23.075+0000] {task_command.py:426} INFO - Running <TaskInstance: etl_covid_europa_pipeline.carregar scheduled__2024-04-07T00:00:00+00:00 [running]> on host 99de7dfc3871
[2024-10-02T19:27:23.158+0000] {taskinstance.py:2648} INFO - Exporting env vars: AIRFLOW_CTX_DAG_OWNER='***' AIRFLOW_CTX_DAG_ID='etl_covid_europa_pipeline' AIRFLOW_CTX_TASK_ID='carregar' AIRFLOW_CTX_EXECUTION_DATE='2024-04-07T00:00:00+00:00' AIRFLOW_CTX_TRY_NUMBER='1' AIRFLOW_CTX_DAG_RUN_ID='scheduled__2024-04-07T00:00:00+00:00'
[2024-10-02T19:27:23.160+0000] {taskinstance.py:430} INFO - ::endgroup::
[2024-10-02T19:27:23.210+0000] {python.py:237} INFO - Done. Returned value was: None
[2024-10-02T19:27:23.210+0000] {taskinstance.py:441} INFO - ::group::Post task execution logs
[2024-10-02T19:27:23.218+0000] {taskinstance.py:1206} INFO - Marking task as SUCCESS. dag_id=etl_covid_europa_pipeline, task_id=carregar, run_id=scheduled__2024-04-07T00:00:00+00:00, execution_date=20240407T000000, start_date=20241002T192723, end_date=20241002T192723
[2024-10-02T19:27:23.246+0000] {local_task_job_runner.py:240} INFO - Task exited with return code 0
[2024-10-02T19:27:23.261+0000] {taskinstance.py:3503} INFO - 0 downstream tasks scheduled from follow-on schedule check
[2024-10-02T19:27:23.263+0000] {local_task_job_runner.py:222} INFO - ::endgroup::
