[2024-10-02T17:28:54.555+0000] {local_task_job_runner.py:120} INFO - ::group::Pre task execution logs
[2024-10-02T17:28:54.574+0000] {taskinstance.py:2076} INFO - Dependencies all met for dep_context=non-requeueable deps ti=<TaskInstance: etl_covid_europa_pipeline.extrair scheduled__2024-04-25T00:00:00+00:00 [queued]>
[2024-10-02T17:28:54.580+0000] {taskinstance.py:2076} INFO - Dependencies all met for dep_context=requeueable deps ti=<TaskInstance: etl_covid_europa_pipeline.extrair scheduled__2024-04-25T00:00:00+00:00 [queued]>
[2024-10-02T17:28:54.580+0000] {taskinstance.py:2306} INFO - Starting attempt 1 of 1
[2024-10-02T17:28:54.726+0000] {taskinstance.py:2330} INFO - Executing <Task(PythonOperator): extrair> on 2024-04-25 00:00:00+00:00
[2024-10-02T17:28:54.731+0000] {warnings.py:112} WARNING - /home/***/.local/lib/python3.12/site-packages/***/task/task_runner/standard_task_runner.py:61: DeprecationWarning: This process (pid=2287) is multi-threaded, use of fork() may lead to deadlocks in the child.
  pid = os.fork()

[2024-10-02T17:28:54.733+0000] {standard_task_runner.py:63} INFO - Started process 2289 to run task
[2024-10-02T17:28:54.733+0000] {standard_task_runner.py:90} INFO - Running: ['***', 'tasks', 'run', 'etl_covid_europa_pipeline', 'extrair', 'scheduled__2024-04-25T00:00:00+00:00', '--job-id', '364', '--raw', '--subdir', 'DAGS_FOLDER/etl_pipeline.py', '--cfg-path', '/tmp/tmpw7uge3c9']
[2024-10-02T17:28:54.735+0000] {standard_task_runner.py:91} INFO - Job 364: Subtask extrair
[2024-10-02T17:28:54.772+0000] {task_command.py:426} INFO - Running <TaskInstance: etl_covid_europa_pipeline.extrair scheduled__2024-04-25T00:00:00+00:00 [running]> on host 99de7dfc3871
[2024-10-02T17:28:54.840+0000] {taskinstance.py:2648} INFO - Exporting env vars: AIRFLOW_CTX_DAG_OWNER='***' AIRFLOW_CTX_DAG_ID='etl_covid_europa_pipeline' AIRFLOW_CTX_TASK_ID='extrair' AIRFLOW_CTX_EXECUTION_DATE='2024-04-25T00:00:00+00:00' AIRFLOW_CTX_TRY_NUMBER='1' AIRFLOW_CTX_DAG_RUN_ID='scheduled__2024-04-25T00:00:00+00:00'
[2024-10-02T17:28:54.841+0000] {taskinstance.py:430} INFO - ::endgroup::
[2024-10-02T17:29:01.101+0000] {python.py:237} INFO - Done. Returned value was: None
[2024-10-02T17:29:01.102+0000] {taskinstance.py:441} INFO - ::group::Post task execution logs
[2024-10-02T17:29:01.110+0000] {taskinstance.py:1206} INFO - Marking task as SUCCESS. dag_id=etl_covid_europa_pipeline, task_id=extrair, run_id=scheduled__2024-04-25T00:00:00+00:00, execution_date=20240425T000000, start_date=20241002T172854, end_date=20241002T172901
[2024-10-02T17:29:01.164+0000] {local_task_job_runner.py:240} INFO - Task exited with return code 0
[2024-10-02T17:29:01.184+0000] {taskinstance.py:3503} INFO - 1 downstream tasks scheduled from follow-on schedule check
[2024-10-02T17:29:01.186+0000] {local_task_job_runner.py:222} INFO - ::endgroup::
[2024-10-02T19:01:36.203+0000] {local_task_job_runner.py:120} INFO - ::group::Pre task execution logs
[2024-10-02T19:01:36.235+0000] {taskinstance.py:2076} INFO - Dependencies all met for dep_context=non-requeueable deps ti=<TaskInstance: etl_covid_europa_pipeline.extrair scheduled__2024-04-25T00:00:00+00:00 [queued]>
[2024-10-02T19:01:36.454+0000] {taskinstance.py:2076} INFO - Dependencies all met for dep_context=requeueable deps ti=<TaskInstance: etl_covid_europa_pipeline.extrair scheduled__2024-04-25T00:00:00+00:00 [queued]>
[2024-10-02T19:01:36.454+0000] {taskinstance.py:2306} INFO - Starting attempt 1 of 1
[2024-10-02T19:01:36.522+0000] {taskinstance.py:2330} INFO - Executing <Task(PythonOperator): extrair> on 2024-04-25 00:00:00+00:00
[2024-10-02T19:01:36.530+0000] {warnings.py:112} WARNING - /home/***/.local/lib/python3.12/site-packages/***/task/task_runner/standard_task_runner.py:61: DeprecationWarning: This process (pid=7071) is multi-threaded, use of fork() may lead to deadlocks in the child.
  pid = os.fork()

[2024-10-02T19:01:36.532+0000] {standard_task_runner.py:63} INFO - Started process 7086 to run task
[2024-10-02T19:01:36.532+0000] {standard_task_runner.py:90} INFO - Running: ['***', 'tasks', 'run', 'etl_covid_europa_pipeline', 'extrair', 'scheduled__2024-04-25T00:00:00+00:00', '--job-id', '1557', '--raw', '--subdir', 'DAGS_FOLDER/etl_pipeline.py', '--cfg-path', '/tmp/tmplt14e9vf']
[2024-10-02T19:01:36.533+0000] {standard_task_runner.py:91} INFO - Job 1557: Subtask extrair
[2024-10-02T19:01:36.598+0000] {task_command.py:426} INFO - Running <TaskInstance: etl_covid_europa_pipeline.extrair scheduled__2024-04-25T00:00:00+00:00 [running]> on host 99de7dfc3871
[2024-10-02T19:01:36.708+0000] {taskinstance.py:2648} INFO - Exporting env vars: AIRFLOW_CTX_DAG_OWNER='***' AIRFLOW_CTX_DAG_ID='etl_covid_europa_pipeline' AIRFLOW_CTX_TASK_ID='extrair' AIRFLOW_CTX_EXECUTION_DATE='2024-04-25T00:00:00+00:00' AIRFLOW_CTX_TRY_NUMBER='1' AIRFLOW_CTX_DAG_RUN_ID='scheduled__2024-04-25T00:00:00+00:00'
[2024-10-02T19:01:36.712+0000] {taskinstance.py:430} INFO - ::endgroup::
[2024-10-02T19:01:42.467+0000] {python.py:237} INFO - Done. Returned value was: None
[2024-10-02T19:01:42.467+0000] {taskinstance.py:441} INFO - ::group::Post task execution logs
[2024-10-02T19:01:42.476+0000] {taskinstance.py:1206} INFO - Marking task as SUCCESS. dag_id=etl_covid_europa_pipeline, task_id=extrair, run_id=scheduled__2024-04-25T00:00:00+00:00, execution_date=20240425T000000, start_date=20241002T190136, end_date=20241002T190142
[2024-10-02T19:01:42.512+0000] {local_task_job_runner.py:240} INFO - Task exited with return code 0
[2024-10-02T19:01:42.533+0000] {taskinstance.py:3503} INFO - 1 downstream tasks scheduled from follow-on schedule check
[2024-10-02T19:01:42.535+0000] {local_task_job_runner.py:222} INFO - ::endgroup::
[2024-10-02T19:27:44.304+0000] {local_task_job_runner.py:120} INFO - ::group::Pre task execution logs
[2024-10-02T19:27:44.514+0000] {taskinstance.py:2076} INFO - Dependencies all met for dep_context=non-requeueable deps ti=<TaskInstance: etl_covid_europa_pipeline.extrair scheduled__2024-04-25T00:00:00+00:00 [queued]>
[2024-10-02T19:27:44.523+0000] {taskinstance.py:2076} INFO - Dependencies all met for dep_context=requeueable deps ti=<TaskInstance: etl_covid_europa_pipeline.extrair scheduled__2024-04-25T00:00:00+00:00 [queued]>
[2024-10-02T19:27:44.524+0000] {taskinstance.py:2306} INFO - Starting attempt 1 of 1
[2024-10-02T19:27:44.539+0000] {taskinstance.py:2330} INFO - Executing <Task(PythonOperator): extrair> on 2024-04-25 00:00:00+00:00
[2024-10-02T19:27:44.548+0000] {warnings.py:112} WARNING - /home/***/.local/lib/python3.12/site-packages/***/task/task_runner/standard_task_runner.py:61: DeprecationWarning: This process (pid=10503) is multi-threaded, use of fork() may lead to deadlocks in the child.
  pid = os.fork()

[2024-10-02T19:27:44.550+0000] {standard_task_runner.py:63} INFO - Started process 10519 to run task
[2024-10-02T19:27:44.550+0000] {standard_task_runner.py:90} INFO - Running: ['***', 'tasks', 'run', 'etl_covid_europa_pipeline', 'extrair', 'scheduled__2024-04-25T00:00:00+00:00', '--job-id', '2589', '--raw', '--subdir', 'DAGS_FOLDER/etl_pipeline_agrupar_continente.py', '--cfg-path', '/tmp/tmp1pujid3f']
[2024-10-02T19:27:44.552+0000] {standard_task_runner.py:91} INFO - Job 2589: Subtask extrair
[2024-10-02T19:27:44.603+0000] {task_command.py:426} INFO - Running <TaskInstance: etl_covid_europa_pipeline.extrair scheduled__2024-04-25T00:00:00+00:00 [running]> on host 99de7dfc3871
[2024-10-02T19:27:44.711+0000] {taskinstance.py:2648} INFO - Exporting env vars: AIRFLOW_CTX_DAG_OWNER='***' AIRFLOW_CTX_DAG_ID='etl_covid_europa_pipeline' AIRFLOW_CTX_TASK_ID='extrair' AIRFLOW_CTX_EXECUTION_DATE='2024-04-25T00:00:00+00:00' AIRFLOW_CTX_TRY_NUMBER='1' AIRFLOW_CTX_DAG_RUN_ID='scheduled__2024-04-25T00:00:00+00:00'
[2024-10-02T19:27:44.713+0000] {taskinstance.py:430} INFO - ::endgroup::
[2024-10-02T19:27:51.473+0000] {python.py:237} INFO - Done. Returned value was: None
[2024-10-02T19:27:51.474+0000] {taskinstance.py:441} INFO - ::group::Post task execution logs
[2024-10-02T19:27:51.487+0000] {taskinstance.py:1206} INFO - Marking task as SUCCESS. dag_id=etl_covid_europa_pipeline, task_id=extrair, run_id=scheduled__2024-04-25T00:00:00+00:00, execution_date=20240425T000000, start_date=20241002T192744, end_date=20241002T192751
[2024-10-02T19:27:51.541+0000] {local_task_job_runner.py:240} INFO - Task exited with return code 0
[2024-10-02T19:27:51.567+0000] {taskinstance.py:3503} INFO - 1 downstream tasks scheduled from follow-on schedule check
[2024-10-02T19:27:51.570+0000] {local_task_job_runner.py:222} INFO - ::endgroup::
