[2024-10-02T17:25:42.764+0000] {local_task_job_runner.py:120} INFO - ::group::Pre task execution logs
[2024-10-02T17:25:42.792+0000] {taskinstance.py:2076} INFO - Dependencies all met for dep_context=non-requeueable deps ti=<TaskInstance: etl_covid_europa_pipeline.extrair scheduled__2023-11-10T00:00:00+00:00 [queued]>
[2024-10-02T17:25:42.801+0000] {taskinstance.py:2076} INFO - Dependencies all met for dep_context=requeueable deps ti=<TaskInstance: etl_covid_europa_pipeline.extrair scheduled__2023-11-10T00:00:00+00:00 [queued]>
[2024-10-02T17:25:42.801+0000] {taskinstance.py:2306} INFO - Starting attempt 1 of 1
[2024-10-02T17:25:43.027+0000] {taskinstance.py:2330} INFO - Executing <Task(PythonOperator): extrair> on 2023-11-10 00:00:00+00:00
[2024-10-02T17:25:43.034+0000] {warnings.py:112} WARNING - /home/***/.local/lib/python3.12/site-packages/***/task/task_runner/standard_task_runner.py:61: DeprecationWarning: This process (pid=1388) is multi-threaded, use of fork() may lead to deadlocks in the child.
  pid = os.fork()

[2024-10-02T17:25:43.035+0000] {standard_task_runner.py:63} INFO - Started process 1403 to run task
[2024-10-02T17:25:43.035+0000] {standard_task_runner.py:90} INFO - Running: ['***', 'tasks', 'run', 'etl_covid_europa_pipeline', 'extrair', 'scheduled__2023-11-10T00:00:00+00:00', '--job-id', '78', '--raw', '--subdir', 'DAGS_FOLDER/etl_pipeline.py', '--cfg-path', '/tmp/tmpfvtfchhk']
[2024-10-02T17:25:43.036+0000] {standard_task_runner.py:91} INFO - Job 78: Subtask extrair
[2024-10-02T17:25:43.081+0000] {task_command.py:426} INFO - Running <TaskInstance: etl_covid_europa_pipeline.extrair scheduled__2023-11-10T00:00:00+00:00 [running]> on host 99de7dfc3871
[2024-10-02T17:25:43.171+0000] {taskinstance.py:2648} INFO - Exporting env vars: AIRFLOW_CTX_DAG_OWNER='***' AIRFLOW_CTX_DAG_ID='etl_covid_europa_pipeline' AIRFLOW_CTX_TASK_ID='extrair' AIRFLOW_CTX_EXECUTION_DATE='2023-11-10T00:00:00+00:00' AIRFLOW_CTX_TRY_NUMBER='1' AIRFLOW_CTX_DAG_RUN_ID='scheduled__2023-11-10T00:00:00+00:00'
[2024-10-02T17:25:43.172+0000] {taskinstance.py:430} INFO - ::endgroup::
[2024-10-02T17:25:54.635+0000] {python.py:237} INFO - Done. Returned value was: None
[2024-10-02T17:25:54.636+0000] {taskinstance.py:441} INFO - ::group::Post task execution logs
[2024-10-02T17:25:54.643+0000] {taskinstance.py:1206} INFO - Marking task as SUCCESS. dag_id=etl_covid_europa_pipeline, task_id=extrair, run_id=scheduled__2023-11-10T00:00:00+00:00, execution_date=20231110T000000, start_date=20241002T172542, end_date=20241002T172554
[2024-10-02T17:25:54.661+0000] {local_task_job_runner.py:240} INFO - Task exited with return code 0
[2024-10-02T17:25:54.680+0000] {taskinstance.py:3503} INFO - 1 downstream tasks scheduled from follow-on schedule check
[2024-10-02T17:25:54.682+0000] {local_task_job_runner.py:222} INFO - ::endgroup::
[2024-10-02T18:57:43.531+0000] {local_task_job_runner.py:120} INFO - ::group::Pre task execution logs
[2024-10-02T18:57:43.559+0000] {taskinstance.py:2076} INFO - Dependencies all met for dep_context=non-requeueable deps ti=<TaskInstance: etl_covid_europa_pipeline.extrair scheduled__2023-11-10T00:00:00+00:00 [queued]>
[2024-10-02T18:57:43.754+0000] {taskinstance.py:2076} INFO - Dependencies all met for dep_context=requeueable deps ti=<TaskInstance: etl_covid_europa_pipeline.extrair scheduled__2023-11-10T00:00:00+00:00 [queued]>
[2024-10-02T18:57:43.755+0000] {taskinstance.py:2306} INFO - Starting attempt 1 of 1
[2024-10-02T18:57:43.772+0000] {taskinstance.py:2330} INFO - Executing <Task(PythonOperator): extrair> on 2023-11-10 00:00:00+00:00
[2024-10-02T18:57:43.779+0000] {warnings.py:112} WARNING - /home/***/.local/lib/python3.12/site-packages/***/task/task_runner/standard_task_runner.py:61: DeprecationWarning: This process (pid=5558) is multi-threaded, use of fork() may lead to deadlocks in the child.
  pid = os.fork()

[2024-10-02T18:57:43.781+0000] {standard_task_runner.py:63} INFO - Started process 5574 to run task
[2024-10-02T18:57:43.781+0000] {standard_task_runner.py:90} INFO - Running: ['***', 'tasks', 'run', 'etl_covid_europa_pipeline', 'extrair', 'scheduled__2023-11-10T00:00:00+00:00', '--job-id', '1071', '--raw', '--subdir', 'DAGS_FOLDER/etl_pipeline.py', '--cfg-path', '/tmp/tmpzzx0f_m0']
[2024-10-02T18:57:43.784+0000] {standard_task_runner.py:91} INFO - Job 1071: Subtask extrair
[2024-10-02T18:57:43.836+0000] {task_command.py:426} INFO - Running <TaskInstance: etl_covid_europa_pipeline.extrair scheduled__2023-11-10T00:00:00+00:00 [running]> on host 99de7dfc3871
[2024-10-02T18:57:43.922+0000] {taskinstance.py:2648} INFO - Exporting env vars: AIRFLOW_CTX_DAG_OWNER='***' AIRFLOW_CTX_DAG_ID='etl_covid_europa_pipeline' AIRFLOW_CTX_TASK_ID='extrair' AIRFLOW_CTX_EXECUTION_DATE='2023-11-10T00:00:00+00:00' AIRFLOW_CTX_TRY_NUMBER='1' AIRFLOW_CTX_DAG_RUN_ID='scheduled__2023-11-10T00:00:00+00:00'
[2024-10-02T18:57:43.925+0000] {taskinstance.py:430} INFO - ::endgroup::
[2024-10-02T18:57:51.135+0000] {python.py:237} INFO - Done. Returned value was: None
[2024-10-02T18:57:51.137+0000] {taskinstance.py:441} INFO - ::group::Post task execution logs
[2024-10-02T18:57:51.150+0000] {taskinstance.py:1206} INFO - Marking task as SUCCESS. dag_id=etl_covid_europa_pipeline, task_id=extrair, run_id=scheduled__2023-11-10T00:00:00+00:00, execution_date=20231110T000000, start_date=20241002T185743, end_date=20241002T185751
[2024-10-02T18:57:51.216+0000] {local_task_job_runner.py:240} INFO - Task exited with return code 0
[2024-10-02T18:57:51.253+0000] {taskinstance.py:3503} INFO - 1 downstream tasks scheduled from follow-on schedule check
[2024-10-02T18:57:51.258+0000] {local_task_job_runner.py:222} INFO - ::endgroup::
[2024-10-02T19:24:01.517+0000] {local_task_job_runner.py:120} INFO - ::group::Pre task execution logs
[2024-10-02T19:24:01.540+0000] {taskinstance.py:2076} INFO - Dependencies all met for dep_context=non-requeueable deps ti=<TaskInstance: etl_covid_europa_pipeline.extrair scheduled__2023-11-10T00:00:00+00:00 [queued]>
[2024-10-02T19:24:01.740+0000] {taskinstance.py:2076} INFO - Dependencies all met for dep_context=requeueable deps ti=<TaskInstance: etl_covid_europa_pipeline.extrair scheduled__2023-11-10T00:00:00+00:00 [queued]>
[2024-10-02T19:24:01.740+0000] {taskinstance.py:2306} INFO - Starting attempt 1 of 1
[2024-10-02T19:24:01.758+0000] {taskinstance.py:2330} INFO - Executing <Task(PythonOperator): extrair> on 2023-11-10 00:00:00+00:00
[2024-10-02T19:24:01.766+0000] {warnings.py:112} WARNING - /home/***/.local/lib/python3.12/site-packages/***/task/task_runner/standard_task_runner.py:61: DeprecationWarning: This process (pid=8925) is multi-threaded, use of fork() may lead to deadlocks in the child.
  pid = os.fork()

[2024-10-02T19:24:01.768+0000] {standard_task_runner.py:63} INFO - Started process 8943 to run task
[2024-10-02T19:24:01.768+0000] {standard_task_runner.py:90} INFO - Running: ['***', 'tasks', 'run', 'etl_covid_europa_pipeline', 'extrair', 'scheduled__2023-11-10T00:00:00+00:00', '--job-id', '2081', '--raw', '--subdir', 'DAGS_FOLDER/etl_pipeline.py', '--cfg-path', '/tmp/tmp56bb67qj']
[2024-10-02T19:24:01.770+0000] {standard_task_runner.py:91} INFO - Job 2081: Subtask extrair
[2024-10-02T19:24:01.819+0000] {task_command.py:426} INFO - Running <TaskInstance: etl_covid_europa_pipeline.extrair scheduled__2023-11-10T00:00:00+00:00 [running]> on host 99de7dfc3871
[2024-10-02T19:24:01.911+0000] {taskinstance.py:2648} INFO - Exporting env vars: AIRFLOW_CTX_DAG_OWNER='***' AIRFLOW_CTX_DAG_ID='etl_covid_europa_pipeline' AIRFLOW_CTX_TASK_ID='extrair' AIRFLOW_CTX_EXECUTION_DATE='2023-11-10T00:00:00+00:00' AIRFLOW_CTX_TRY_NUMBER='1' AIRFLOW_CTX_DAG_RUN_ID='scheduled__2023-11-10T00:00:00+00:00'
[2024-10-02T19:24:01.914+0000] {taskinstance.py:430} INFO - ::endgroup::
[2024-10-02T19:24:08.452+0000] {python.py:237} INFO - Done. Returned value was: None
[2024-10-02T19:24:08.453+0000] {taskinstance.py:441} INFO - ::group::Post task execution logs
[2024-10-02T19:24:08.462+0000] {taskinstance.py:1206} INFO - Marking task as SUCCESS. dag_id=etl_covid_europa_pipeline, task_id=extrair, run_id=scheduled__2023-11-10T00:00:00+00:00, execution_date=20231110T000000, start_date=20241002T192401, end_date=20241002T192408
[2024-10-02T19:24:08.643+0000] {local_task_job_runner.py:240} INFO - Task exited with return code 0
[2024-10-02T19:24:08.670+0000] {taskinstance.py:3503} INFO - 1 downstream tasks scheduled from follow-on schedule check
[2024-10-02T19:24:08.672+0000] {local_task_job_runner.py:222} INFO - ::endgroup::
