[2024-10-02T17:31:54.910+0000] {local_task_job_runner.py:120} INFO - ::group::Pre task execution logs
[2024-10-02T17:31:54.940+0000] {taskinstance.py:2076} INFO - Dependencies all met for dep_context=non-requeueable deps ti=<TaskInstance: etl_covid_europa_pipeline.extrair scheduled__2024-09-21T00:00:00+00:00 [queued]>
[2024-10-02T17:31:54.948+0000] {taskinstance.py:2076} INFO - Dependencies all met for dep_context=requeueable deps ti=<TaskInstance: etl_covid_europa_pipeline.extrair scheduled__2024-09-21T00:00:00+00:00 [queued]>
[2024-10-02T17:31:54.949+0000] {taskinstance.py:2306} INFO - Starting attempt 1 of 1
[2024-10-02T17:31:55.203+0000] {taskinstance.py:2330} INFO - Executing <Task(PythonOperator): extrair> on 2024-09-21 00:00:00+00:00
[2024-10-02T17:31:55.210+0000] {warnings.py:112} WARNING - /home/***/.local/lib/python3.12/site-packages/***/task/task_runner/standard_task_runner.py:61: DeprecationWarning: This process (pid=3158) is multi-threaded, use of fork() may lead to deadlocks in the child.
  pid = os.fork()

[2024-10-02T17:31:55.211+0000] {standard_task_runner.py:63} INFO - Started process 3174 to run task
[2024-10-02T17:31:55.211+0000] {standard_task_runner.py:90} INFO - Running: ['***', 'tasks', 'run', 'etl_covid_europa_pipeline', 'extrair', 'scheduled__2024-09-21T00:00:00+00:00', '--job-id', '642', '--raw', '--subdir', 'DAGS_FOLDER/etl_pipeline.py', '--cfg-path', '/tmp/tmpjnv3m56b']
[2024-10-02T17:31:55.213+0000] {standard_task_runner.py:91} INFO - Job 642: Subtask extrair
[2024-10-02T17:31:55.259+0000] {task_command.py:426} INFO - Running <TaskInstance: etl_covid_europa_pipeline.extrair scheduled__2024-09-21T00:00:00+00:00 [running]> on host 99de7dfc3871
[2024-10-02T17:31:55.345+0000] {taskinstance.py:2648} INFO - Exporting env vars: AIRFLOW_CTX_DAG_OWNER='***' AIRFLOW_CTX_DAG_ID='etl_covid_europa_pipeline' AIRFLOW_CTX_TASK_ID='extrair' AIRFLOW_CTX_EXECUTION_DATE='2024-09-21T00:00:00+00:00' AIRFLOW_CTX_TRY_NUMBER='1' AIRFLOW_CTX_DAG_RUN_ID='scheduled__2024-09-21T00:00:00+00:00'
[2024-10-02T17:31:55.347+0000] {taskinstance.py:430} INFO - ::endgroup::
[2024-10-02T17:32:02.449+0000] {python.py:237} INFO - Done. Returned value was: None
[2024-10-02T17:32:02.450+0000] {taskinstance.py:441} INFO - ::group::Post task execution logs
[2024-10-02T17:32:02.460+0000] {taskinstance.py:1206} INFO - Marking task as SUCCESS. dag_id=etl_covid_europa_pipeline, task_id=extrair, run_id=scheduled__2024-09-21T00:00:00+00:00, execution_date=20240921T000000, start_date=20241002T173154, end_date=20241002T173202
[2024-10-02T17:32:02.555+0000] {local_task_job_runner.py:240} INFO - Task exited with return code 0
[2024-10-02T17:32:02.587+0000] {taskinstance.py:3503} INFO - 1 downstream tasks scheduled from follow-on schedule check
[2024-10-02T17:32:02.592+0000] {local_task_job_runner.py:222} INFO - ::endgroup::
[2024-10-02T18:55:36.618+0000] {local_task_job_runner.py:120} INFO - ::group::Pre task execution logs
[2024-10-02T18:55:36.641+0000] {taskinstance.py:2076} INFO - Dependencies all met for dep_context=non-requeueable deps ti=<TaskInstance: etl_covid_europa_pipeline.extrair scheduled__2024-09-21T00:00:00+00:00 [queued]>
[2024-10-02T18:55:36.817+0000] {taskinstance.py:2076} INFO - Dependencies all met for dep_context=requeueable deps ti=<TaskInstance: etl_covid_europa_pipeline.extrair scheduled__2024-09-21T00:00:00+00:00 [queued]>
[2024-10-02T18:55:36.818+0000] {taskinstance.py:2306} INFO - Starting attempt 1 of 1
[2024-10-02T18:55:36.855+0000] {taskinstance.py:2330} INFO - Executing <Task(PythonOperator): extrair> on 2024-09-21 00:00:00+00:00
[2024-10-02T18:55:36.862+0000] {warnings.py:112} WARNING - /home/***/.local/lib/python3.12/site-packages/***/task/task_runner/standard_task_runner.py:61: DeprecationWarning: This process (pid=5067) is multi-threaded, use of fork() may lead to deadlocks in the child.
  pid = os.fork()

[2024-10-02T18:55:36.864+0000] {standard_task_runner.py:63} INFO - Started process 5084 to run task
[2024-10-02T18:55:36.864+0000] {standard_task_runner.py:90} INFO - Running: ['***', 'tasks', 'run', 'etl_covid_europa_pipeline', 'extrair', 'scheduled__2024-09-21T00:00:00+00:00', '--job-id', '917', '--raw', '--subdir', 'DAGS_FOLDER/etl_pipeline.py', '--cfg-path', '/tmp/tmpo17r1o44']
[2024-10-02T18:55:36.866+0000] {standard_task_runner.py:91} INFO - Job 917: Subtask extrair
[2024-10-02T18:55:36.912+0000] {task_command.py:426} INFO - Running <TaskInstance: etl_covid_europa_pipeline.extrair scheduled__2024-09-21T00:00:00+00:00 [running]> on host 99de7dfc3871
[2024-10-02T18:55:36.993+0000] {taskinstance.py:2648} INFO - Exporting env vars: AIRFLOW_CTX_DAG_OWNER='***' AIRFLOW_CTX_DAG_ID='etl_covid_europa_pipeline' AIRFLOW_CTX_TASK_ID='extrair' AIRFLOW_CTX_EXECUTION_DATE='2024-09-21T00:00:00+00:00' AIRFLOW_CTX_TRY_NUMBER='1' AIRFLOW_CTX_DAG_RUN_ID='scheduled__2024-09-21T00:00:00+00:00'
[2024-10-02T18:55:36.997+0000] {taskinstance.py:430} INFO - ::endgroup::
[2024-10-02T18:55:42.841+0000] {python.py:237} INFO - Done. Returned value was: None
[2024-10-02T18:55:42.842+0000] {taskinstance.py:441} INFO - ::group::Post task execution logs
[2024-10-02T18:55:42.855+0000] {taskinstance.py:1206} INFO - Marking task as SUCCESS. dag_id=etl_covid_europa_pipeline, task_id=extrair, run_id=scheduled__2024-09-21T00:00:00+00:00, execution_date=20240921T000000, start_date=20241002T185536, end_date=20241002T185542
[2024-10-02T18:55:43.004+0000] {local_task_job_runner.py:240} INFO - Task exited with return code 0
[2024-10-02T18:55:43.033+0000] {taskinstance.py:3503} INFO - 1 downstream tasks scheduled from follow-on schedule check
[2024-10-02T18:55:43.036+0000] {local_task_job_runner.py:222} INFO - ::endgroup::
[2024-10-02T19:04:43.554+0000] {local_task_job_runner.py:120} INFO - ::group::Pre task execution logs
[2024-10-02T19:04:43.583+0000] {taskinstance.py:2076} INFO - Dependencies all met for dep_context=non-requeueable deps ti=<TaskInstance: etl_covid_europa_pipeline.extrair scheduled__2024-09-21T00:00:00+00:00 [queued]>
[2024-10-02T19:04:43.596+0000] {taskinstance.py:2076} INFO - Dependencies all met for dep_context=requeueable deps ti=<TaskInstance: etl_covid_europa_pipeline.extrair scheduled__2024-09-21T00:00:00+00:00 [queued]>
[2024-10-02T19:04:43.598+0000] {taskinstance.py:2306} INFO - Starting attempt 1 of 1
[2024-10-02T19:04:43.865+0000] {taskinstance.py:2330} INFO - Executing <Task(PythonOperator): extrair> on 2024-09-21 00:00:00+00:00
[2024-10-02T19:04:43.874+0000] {warnings.py:112} WARNING - /home/***/.local/lib/python3.12/site-packages/***/task/task_runner/standard_task_runner.py:61: DeprecationWarning: This process (pid=8364) is multi-threaded, use of fork() may lead to deadlocks in the child.
  pid = os.fork()

[2024-10-02T19:04:43.875+0000] {standard_task_runner.py:63} INFO - Started process 8382 to run task
[2024-10-02T19:04:43.875+0000] {standard_task_runner.py:90} INFO - Running: ['***', 'tasks', 'run', 'etl_covid_europa_pipeline', 'extrair', 'scheduled__2024-09-21T00:00:00+00:00', '--job-id', '1975', '--raw', '--subdir', 'DAGS_FOLDER/etl_pipeline.py', '--cfg-path', '/tmp/tmpmg37bj17']
[2024-10-02T19:04:43.878+0000] {standard_task_runner.py:91} INFO - Job 1975: Subtask extrair
[2024-10-02T19:04:43.975+0000] {task_command.py:426} INFO - Running <TaskInstance: etl_covid_europa_pipeline.extrair scheduled__2024-09-21T00:00:00+00:00 [running]> on host 99de7dfc3871
[2024-10-02T19:04:44.089+0000] {taskinstance.py:2648} INFO - Exporting env vars: AIRFLOW_CTX_DAG_OWNER='***' AIRFLOW_CTX_DAG_ID='etl_covid_europa_pipeline' AIRFLOW_CTX_TASK_ID='extrair' AIRFLOW_CTX_EXECUTION_DATE='2024-09-21T00:00:00+00:00' AIRFLOW_CTX_TRY_NUMBER='1' AIRFLOW_CTX_DAG_RUN_ID='scheduled__2024-09-21T00:00:00+00:00'
[2024-10-02T19:04:44.090+0000] {taskinstance.py:430} INFO - ::endgroup::
[2024-10-02T19:04:49.653+0000] {python.py:237} INFO - Done. Returned value was: None
[2024-10-02T19:04:49.654+0000] {taskinstance.py:441} INFO - ::group::Post task execution logs
[2024-10-02T19:04:49.661+0000] {taskinstance.py:1206} INFO - Marking task as SUCCESS. dag_id=etl_covid_europa_pipeline, task_id=extrair, run_id=scheduled__2024-09-21T00:00:00+00:00, execution_date=20240921T000000, start_date=20241002T190443, end_date=20241002T190449
[2024-10-02T19:04:49.698+0000] {local_task_job_runner.py:240} INFO - Task exited with return code 0
[2024-10-02T19:04:49.717+0000] {taskinstance.py:3503} INFO - 1 downstream tasks scheduled from follow-on schedule check
[2024-10-02T19:04:49.719+0000] {local_task_job_runner.py:222} INFO - ::endgroup::
