[2024-10-02T17:30:10.416+0000] {local_task_job_runner.py:120} INFO - ::group::Pre task execution logs
[2024-10-02T17:30:10.441+0000] {taskinstance.py:2076} INFO - Dependencies all met for dep_context=non-requeueable deps ti=<TaskInstance: etl_covid_europa_pipeline.extrair scheduled__2024-06-27T00:00:00+00:00 [queued]>
[2024-10-02T17:30:10.451+0000] {taskinstance.py:2076} INFO - Dependencies all met for dep_context=requeueable deps ti=<TaskInstance: etl_covid_europa_pipeline.extrair scheduled__2024-06-27T00:00:00+00:00 [queued]>
[2024-10-02T17:30:10.452+0000] {taskinstance.py:2306} INFO - Starting attempt 1 of 1
[2024-10-02T17:30:10.761+0000] {taskinstance.py:2330} INFO - Executing <Task(PythonOperator): extrair> on 2024-06-27 00:00:00+00:00
[2024-10-02T17:30:10.769+0000] {warnings.py:112} WARNING - /home/***/.local/lib/python3.12/site-packages/***/task/task_runner/standard_task_runner.py:61: DeprecationWarning: This process (pid=2623) is multi-threaded, use of fork() may lead to deadlocks in the child.
  pid = os.fork()

[2024-10-02T17:30:10.770+0000] {standard_task_runner.py:63} INFO - Started process 2638 to run task
[2024-10-02T17:30:10.770+0000] {standard_task_runner.py:90} INFO - Running: ['***', 'tasks', 'run', 'etl_covid_europa_pipeline', 'extrair', 'scheduled__2024-06-27T00:00:00+00:00', '--job-id', '471', '--raw', '--subdir', 'DAGS_FOLDER/etl_pipeline.py', '--cfg-path', '/tmp/tmpehdpq_2e']
[2024-10-02T17:30:10.773+0000] {standard_task_runner.py:91} INFO - Job 471: Subtask extrair
[2024-10-02T17:30:10.820+0000] {task_command.py:426} INFO - Running <TaskInstance: etl_covid_europa_pipeline.extrair scheduled__2024-06-27T00:00:00+00:00 [running]> on host 99de7dfc3871
[2024-10-02T17:30:10.896+0000] {taskinstance.py:2648} INFO - Exporting env vars: AIRFLOW_CTX_DAG_OWNER='***' AIRFLOW_CTX_DAG_ID='etl_covid_europa_pipeline' AIRFLOW_CTX_TASK_ID='extrair' AIRFLOW_CTX_EXECUTION_DATE='2024-06-27T00:00:00+00:00' AIRFLOW_CTX_TRY_NUMBER='1' AIRFLOW_CTX_DAG_RUN_ID='scheduled__2024-06-27T00:00:00+00:00'
[2024-10-02T17:30:10.898+0000] {taskinstance.py:430} INFO - ::endgroup::
[2024-10-02T17:30:17.394+0000] {python.py:237} INFO - Done. Returned value was: None
[2024-10-02T17:30:17.395+0000] {taskinstance.py:441} INFO - ::group::Post task execution logs
[2024-10-02T17:30:17.405+0000] {taskinstance.py:1206} INFO - Marking task as SUCCESS. dag_id=etl_covid_europa_pipeline, task_id=extrair, run_id=scheduled__2024-06-27T00:00:00+00:00, execution_date=20240627T000000, start_date=20241002T173010, end_date=20241002T173017
[2024-10-02T17:30:17.478+0000] {local_task_job_runner.py:240} INFO - Task exited with return code 0
[2024-10-02T17:30:17.509+0000] {taskinstance.py:3503} INFO - 1 downstream tasks scheduled from follow-on schedule check
[2024-10-02T17:30:17.513+0000] {local_task_job_runner.py:222} INFO - ::endgroup::
[2024-10-02T18:54:03.396+0000] {local_task_job_runner.py:120} INFO - ::group::Pre task execution logs
[2024-10-02T18:54:03.426+0000] {taskinstance.py:2076} INFO - Dependencies all met for dep_context=non-requeueable deps ti=<TaskInstance: etl_covid_europa_pipeline.extrair scheduled__2024-06-27T00:00:00+00:00 [queued]>
[2024-10-02T18:54:03.435+0000] {taskinstance.py:2076} INFO - Dependencies all met for dep_context=requeueable deps ti=<TaskInstance: etl_covid_europa_pipeline.extrair scheduled__2024-06-27T00:00:00+00:00 [queued]>
[2024-10-02T18:54:03.436+0000] {taskinstance.py:2306} INFO - Starting attempt 1 of 1
[2024-10-02T18:54:03.655+0000] {taskinstance.py:2330} INFO - Executing <Task(PythonOperator): extrair> on 2024-06-27 00:00:00+00:00
[2024-10-02T18:54:03.663+0000] {warnings.py:112} WARNING - /home/***/.local/lib/python3.12/site-packages/***/task/task_runner/standard_task_runner.py:61: DeprecationWarning: This process (pid=4322) is multi-threaded, use of fork() may lead to deadlocks in the child.
  pid = os.fork()

[2024-10-02T18:54:03.666+0000] {standard_task_runner.py:63} INFO - Started process 4339 to run task
[2024-10-02T18:54:03.666+0000] {standard_task_runner.py:90} INFO - Running: ['***', 'tasks', 'run', 'etl_covid_europa_pipeline', 'extrair', 'scheduled__2024-06-27T00:00:00+00:00', '--job-id', '675', '--raw', '--subdir', 'DAGS_FOLDER/etl_pipeline.py', '--cfg-path', '/tmp/tmpdgawpc2w']
[2024-10-02T18:54:03.669+0000] {standard_task_runner.py:91} INFO - Job 675: Subtask extrair
[2024-10-02T18:54:03.727+0000] {task_command.py:426} INFO - Running <TaskInstance: etl_covid_europa_pipeline.extrair scheduled__2024-06-27T00:00:00+00:00 [running]> on host 99de7dfc3871
[2024-10-02T18:54:03.815+0000] {taskinstance.py:2648} INFO - Exporting env vars: AIRFLOW_CTX_DAG_OWNER='***' AIRFLOW_CTX_DAG_ID='etl_covid_europa_pipeline' AIRFLOW_CTX_TASK_ID='extrair' AIRFLOW_CTX_EXECUTION_DATE='2024-06-27T00:00:00+00:00' AIRFLOW_CTX_TRY_NUMBER='1' AIRFLOW_CTX_DAG_RUN_ID='scheduled__2024-06-27T00:00:00+00:00'
[2024-10-02T18:54:03.818+0000] {taskinstance.py:430} INFO - ::endgroup::
[2024-10-02T18:54:10.037+0000] {python.py:237} INFO - Done. Returned value was: None
[2024-10-02T18:54:10.038+0000] {taskinstance.py:441} INFO - ::group::Post task execution logs
[2024-10-02T18:54:10.049+0000] {taskinstance.py:1206} INFO - Marking task as SUCCESS. dag_id=etl_covid_europa_pipeline, task_id=extrair, run_id=scheduled__2024-06-27T00:00:00+00:00, execution_date=20240627T000000, start_date=20241002T185403, end_date=20241002T185410
[2024-10-02T18:54:10.170+0000] {local_task_job_runner.py:240} INFO - Task exited with return code 0
[2024-10-02T18:54:10.195+0000] {taskinstance.py:3503} INFO - 1 downstream tasks scheduled from follow-on schedule check
[2024-10-02T18:54:10.197+0000] {local_task_job_runner.py:222} INFO - ::endgroup::
[2024-10-02T19:02:42.324+0000] {local_task_job_runner.py:120} INFO - ::group::Pre task execution logs
[2024-10-02T19:02:42.346+0000] {taskinstance.py:2076} INFO - Dependencies all met for dep_context=non-requeueable deps ti=<TaskInstance: etl_covid_europa_pipeline.extrair scheduled__2024-06-27T00:00:00+00:00 [queued]>
[2024-10-02T19:02:42.523+0000] {taskinstance.py:2076} INFO - Dependencies all met for dep_context=requeueable deps ti=<TaskInstance: etl_covid_europa_pipeline.extrair scheduled__2024-06-27T00:00:00+00:00 [queued]>
[2024-10-02T19:02:42.524+0000] {taskinstance.py:2306} INFO - Starting attempt 1 of 1
[2024-10-02T19:02:42.587+0000] {taskinstance.py:2330} INFO - Executing <Task(PythonOperator): extrair> on 2024-06-27 00:00:00+00:00
[2024-10-02T19:02:42.593+0000] {warnings.py:112} WARNING - /home/***/.local/lib/python3.12/site-packages/***/task/task_runner/standard_task_runner.py:61: DeprecationWarning: This process (pid=7516) is multi-threaded, use of fork() may lead to deadlocks in the child.
  pid = os.fork()

[2024-10-02T19:02:42.594+0000] {standard_task_runner.py:63} INFO - Started process 7531 to run task
[2024-10-02T19:02:42.594+0000] {standard_task_runner.py:90} INFO - Running: ['***', 'tasks', 'run', 'etl_covid_europa_pipeline', 'extrair', 'scheduled__2024-06-27T00:00:00+00:00', '--job-id', '1702', '--raw', '--subdir', 'DAGS_FOLDER/etl_pipeline.py', '--cfg-path', '/tmp/tmp7cer5i2l']
[2024-10-02T19:02:42.596+0000] {standard_task_runner.py:91} INFO - Job 1702: Subtask extrair
[2024-10-02T19:02:42.643+0000] {task_command.py:426} INFO - Running <TaskInstance: etl_covid_europa_pipeline.extrair scheduled__2024-06-27T00:00:00+00:00 [running]> on host 99de7dfc3871
[2024-10-02T19:02:42.727+0000] {taskinstance.py:2648} INFO - Exporting env vars: AIRFLOW_CTX_DAG_OWNER='***' AIRFLOW_CTX_DAG_ID='etl_covid_europa_pipeline' AIRFLOW_CTX_TASK_ID='extrair' AIRFLOW_CTX_EXECUTION_DATE='2024-06-27T00:00:00+00:00' AIRFLOW_CTX_TRY_NUMBER='1' AIRFLOW_CTX_DAG_RUN_ID='scheduled__2024-06-27T00:00:00+00:00'
[2024-10-02T19:02:42.730+0000] {taskinstance.py:430} INFO - ::endgroup::
[2024-10-02T19:02:48.561+0000] {python.py:237} INFO - Done. Returned value was: None
[2024-10-02T19:02:48.562+0000] {taskinstance.py:441} INFO - ::group::Post task execution logs
[2024-10-02T19:02:48.574+0000] {taskinstance.py:1206} INFO - Marking task as SUCCESS. dag_id=etl_covid_europa_pipeline, task_id=extrair, run_id=scheduled__2024-06-27T00:00:00+00:00, execution_date=20240627T000000, start_date=20241002T190242, end_date=20241002T190248
[2024-10-02T19:02:48.741+0000] {local_task_job_runner.py:240} INFO - Task exited with return code 0
[2024-10-02T19:02:48.788+0000] {taskinstance.py:3503} INFO - 1 downstream tasks scheduled from follow-on schedule check
[2024-10-02T19:02:48.805+0000] {local_task_job_runner.py:222} INFO - ::endgroup::
