[2024-10-02T18:59:14.145+0000] {local_task_job_runner.py:120} INFO - ::group::Pre task execution logs
[2024-10-02T18:59:14.181+0000] {taskinstance.py:2076} INFO - Dependencies all met for dep_context=non-requeueable deps ti=<TaskInstance: etl_covid_europa_pipeline.carregar scheduled__2024-01-10T00:00:00+00:00 [queued]>
[2024-10-02T18:59:14.537+0000] {taskinstance.py:2076} INFO - Dependencies all met for dep_context=requeueable deps ti=<TaskInstance: etl_covid_europa_pipeline.carregar scheduled__2024-01-10T00:00:00+00:00 [queued]>
[2024-10-02T18:59:14.538+0000] {taskinstance.py:2306} INFO - Starting attempt 1 of 1
[2024-10-02T18:59:14.564+0000] {taskinstance.py:2330} INFO - Executing <Task(PythonOperator): carregar> on 2024-01-10 00:00:00+00:00
[2024-10-02T18:59:14.572+0000] {warnings.py:112} WARNING - /home/***/.local/lib/python3.12/site-packages/***/task/task_runner/standard_task_runner.py:61: DeprecationWarning: This process (pid=6196) is multi-threaded, use of fork() may lead to deadlocks in the child.
  pid = os.fork()

[2024-10-02T18:59:14.574+0000] {standard_task_runner.py:90} INFO - Running: ['***', 'tasks', 'run', 'etl_covid_europa_pipeline', 'carregar', 'scheduled__2024-01-10T00:00:00+00:00', '--job-id', '1277', '--raw', '--subdir', 'DAGS_FOLDER/etl_pipeline.py', '--cfg-path', '/tmp/tmpovee_6sn']
[2024-10-02T18:59:14.582+0000] {standard_task_runner.py:91} INFO - Job 1277: Subtask carregar
[2024-10-02T18:59:14.582+0000] {standard_task_runner.py:63} INFO - Started process 6217 to run task
[2024-10-02T18:59:14.664+0000] {task_command.py:426} INFO - Running <TaskInstance: etl_covid_europa_pipeline.carregar scheduled__2024-01-10T00:00:00+00:00 [running]> on host 99de7dfc3871
[2024-10-02T18:59:14.810+0000] {taskinstance.py:2648} INFO - Exporting env vars: AIRFLOW_CTX_DAG_OWNER='***' AIRFLOW_CTX_DAG_ID='etl_covid_europa_pipeline' AIRFLOW_CTX_TASK_ID='carregar' AIRFLOW_CTX_EXECUTION_DATE='2024-01-10T00:00:00+00:00' AIRFLOW_CTX_TRY_NUMBER='1' AIRFLOW_CTX_DAG_RUN_ID='scheduled__2024-01-10T00:00:00+00:00'
[2024-10-02T18:59:14.828+0000] {taskinstance.py:430} INFO - ::endgroup::
[2024-10-02T18:59:14.972+0000] {python.py:237} INFO - Done. Returned value was: None
[2024-10-02T18:59:14.974+0000] {taskinstance.py:441} INFO - ::group::Post task execution logs
[2024-10-02T18:59:14.994+0000] {taskinstance.py:1206} INFO - Marking task as SUCCESS. dag_id=etl_covid_europa_pipeline, task_id=carregar, run_id=scheduled__2024-01-10T00:00:00+00:00, execution_date=20240110T000000, start_date=20241002T185914, end_date=20241002T185914
[2024-10-02T18:59:15.048+0000] {local_task_job_runner.py:240} INFO - Task exited with return code 0
[2024-10-02T18:59:15.086+0000] {taskinstance.py:3503} INFO - 0 downstream tasks scheduled from follow-on schedule check
[2024-10-02T18:59:15.091+0000] {local_task_job_runner.py:222} INFO - ::endgroup::
[2024-10-02T19:25:33.655+0000] {local_task_job_runner.py:120} INFO - ::group::Pre task execution logs
[2024-10-02T19:25:33.724+0000] {taskinstance.py:2076} INFO - Dependencies all met for dep_context=non-requeueable deps ti=<TaskInstance: etl_covid_europa_pipeline.carregar scheduled__2024-01-10T00:00:00+00:00 [queued]>
[2024-10-02T19:25:33.737+0000] {taskinstance.py:2076} INFO - Dependencies all met for dep_context=requeueable deps ti=<TaskInstance: etl_covid_europa_pipeline.carregar scheduled__2024-01-10T00:00:00+00:00 [queued]>
[2024-10-02T19:25:33.738+0000] {taskinstance.py:2306} INFO - Starting attempt 1 of 1
[2024-10-02T19:25:33.783+0000] {taskinstance.py:2330} INFO - Executing <Task(PythonOperator): carregar> on 2024-01-10 00:00:00+00:00
[2024-10-02T19:25:33.793+0000] {warnings.py:112} WARNING - /home/***/.local/lib/python3.12/site-packages/***/task/task_runner/standard_task_runner.py:61: DeprecationWarning: This process (pid=9592) is multi-threaded, use of fork() may lead to deadlocks in the child.
  pid = os.fork()

[2024-10-02T19:25:33.795+0000] {standard_task_runner.py:63} INFO - Started process 9603 to run task
[2024-10-02T19:25:33.795+0000] {standard_task_runner.py:90} INFO - Running: ['***', 'tasks', 'run', 'etl_covid_europa_pipeline', 'carregar', 'scheduled__2024-01-10T00:00:00+00:00', '--job-id', '2297', '--raw', '--subdir', 'DAGS_FOLDER/etl_pipeline.py', '--cfg-path', '/tmp/tmp72c1soou']
[2024-10-02T19:25:33.797+0000] {standard_task_runner.py:91} INFO - Job 2297: Subtask carregar
[2024-10-02T19:25:34.129+0000] {task_command.py:426} INFO - Running <TaskInstance: etl_covid_europa_pipeline.carregar scheduled__2024-01-10T00:00:00+00:00 [running]> on host 99de7dfc3871
[2024-10-02T19:25:34.202+0000] {taskinstance.py:2648} INFO - Exporting env vars: AIRFLOW_CTX_DAG_OWNER='***' AIRFLOW_CTX_DAG_ID='etl_covid_europa_pipeline' AIRFLOW_CTX_TASK_ID='carregar' AIRFLOW_CTX_EXECUTION_DATE='2024-01-10T00:00:00+00:00' AIRFLOW_CTX_TRY_NUMBER='1' AIRFLOW_CTX_DAG_RUN_ID='scheduled__2024-01-10T00:00:00+00:00'
[2024-10-02T19:25:34.203+0000] {taskinstance.py:430} INFO - ::endgroup::
[2024-10-02T19:25:34.256+0000] {python.py:237} INFO - Done. Returned value was: None
[2024-10-02T19:25:34.256+0000] {taskinstance.py:441} INFO - ::group::Post task execution logs
[2024-10-02T19:25:34.263+0000] {taskinstance.py:1206} INFO - Marking task as SUCCESS. dag_id=etl_covid_europa_pipeline, task_id=carregar, run_id=scheduled__2024-01-10T00:00:00+00:00, execution_date=20240110T000000, start_date=20241002T192533, end_date=20241002T192534
[2024-10-02T19:25:34.290+0000] {local_task_job_runner.py:240} INFO - Task exited with return code 0
[2024-10-02T19:25:34.484+0000] {taskinstance.py:3503} INFO - 0 downstream tasks scheduled from follow-on schedule check
[2024-10-02T19:25:34.487+0000] {local_task_job_runner.py:222} INFO - ::endgroup::
