[2024-10-02T18:54:56.933+0000] {local_task_job_runner.py:120} INFO - ::group::Pre task execution logs
[2024-10-02T18:54:56.975+0000] {taskinstance.py:2076} INFO - Dependencies all met for dep_context=non-requeueable deps ti=<TaskInstance: etl_covid_europa_pipeline.carregar scheduled__2024-08-01T00:00:00+00:00 [queued]>
[2024-10-02T18:54:57.261+0000] {taskinstance.py:2076} INFO - Dependencies all met for dep_context=requeueable deps ti=<TaskInstance: etl_covid_europa_pipeline.carregar scheduled__2024-08-01T00:00:00+00:00 [queued]>
[2024-10-02T18:54:57.263+0000] {taskinstance.py:2306} INFO - Starting attempt 1 of 1
[2024-10-02T18:54:57.301+0000] {taskinstance.py:2330} INFO - Executing <Task(PythonOperator): carregar> on 2024-08-01 00:00:00+00:00
[2024-10-02T18:54:57.310+0000] {warnings.py:112} WARNING - /home/***/.local/lib/python3.12/site-packages/***/task/task_runner/standard_task_runner.py:61: DeprecationWarning: This process (pid=4736) is multi-threaded, use of fork() may lead to deadlocks in the child.
  pid = os.fork()

[2024-10-02T18:54:57.313+0000] {standard_task_runner.py:63} INFO - Started process 4759 to run task
[2024-10-02T18:54:57.312+0000] {standard_task_runner.py:90} INFO - Running: ['***', 'tasks', 'run', 'etl_covid_europa_pipeline', 'carregar', 'scheduled__2024-08-01T00:00:00+00:00', '--job-id', '812', '--raw', '--subdir', 'DAGS_FOLDER/etl_pipeline.py', '--cfg-path', '/tmp/tmpyjdk9qa0']
[2024-10-02T18:54:57.317+0000] {standard_task_runner.py:91} INFO - Job 812: Subtask carregar
[2024-10-02T18:54:57.376+0000] {task_command.py:426} INFO - Running <TaskInstance: etl_covid_europa_pipeline.carregar scheduled__2024-08-01T00:00:00+00:00 [running]> on host 99de7dfc3871
[2024-10-02T18:54:57.502+0000] {taskinstance.py:2648} INFO - Exporting env vars: AIRFLOW_CTX_DAG_OWNER='***' AIRFLOW_CTX_DAG_ID='etl_covid_europa_pipeline' AIRFLOW_CTX_TASK_ID='carregar' AIRFLOW_CTX_EXECUTION_DATE='2024-08-01T00:00:00+00:00' AIRFLOW_CTX_TRY_NUMBER='1' AIRFLOW_CTX_DAG_RUN_ID='scheduled__2024-08-01T00:00:00+00:00'
[2024-10-02T18:54:57.507+0000] {taskinstance.py:430} INFO - ::endgroup::
[2024-10-02T18:54:57.627+0000] {python.py:237} INFO - Done. Returned value was: None
[2024-10-02T18:54:57.629+0000] {taskinstance.py:441} INFO - ::group::Post task execution logs
[2024-10-02T18:54:57.642+0000] {taskinstance.py:1206} INFO - Marking task as SUCCESS. dag_id=etl_covid_europa_pipeline, task_id=carregar, run_id=scheduled__2024-08-01T00:00:00+00:00, execution_date=20240801T000000, start_date=20241002T185456, end_date=20241002T185457
[2024-10-02T18:54:57.690+0000] {local_task_job_runner.py:240} INFO - Task exited with return code 0
[2024-10-02T18:54:57.709+0000] {taskinstance.py:3503} INFO - 0 downstream tasks scheduled from follow-on schedule check
[2024-10-02T18:54:57.711+0000] {local_task_job_runner.py:222} INFO - ::endgroup::
[2024-10-02T19:03:38.565+0000] {local_task_job_runner.py:120} INFO - ::group::Pre task execution logs
[2024-10-02T19:03:38.585+0000] {taskinstance.py:2076} INFO - Dependencies all met for dep_context=non-requeueable deps ti=<TaskInstance: etl_covid_europa_pipeline.carregar scheduled__2024-08-01T00:00:00+00:00 [queued]>
[2024-10-02T19:03:38.595+0000] {taskinstance.py:2076} INFO - Dependencies all met for dep_context=requeueable deps ti=<TaskInstance: etl_covid_europa_pipeline.carregar scheduled__2024-08-01T00:00:00+00:00 [queued]>
[2024-10-02T19:03:38.596+0000] {taskinstance.py:2306} INFO - Starting attempt 1 of 1
[2024-10-02T19:03:38.799+0000] {taskinstance.py:2330} INFO - Executing <Task(PythonOperator): carregar> on 2024-08-01 00:00:00+00:00
[2024-10-02T19:03:38.805+0000] {warnings.py:112} WARNING - /home/***/.local/lib/python3.12/site-packages/***/task/task_runner/standard_task_runner.py:61: DeprecationWarning: This process (pid=7912) is multi-threaded, use of fork() may lead to deadlocks in the child.
  pid = os.fork()

[2024-10-02T19:03:38.807+0000] {standard_task_runner.py:63} INFO - Started process 7920 to run task
[2024-10-02T19:03:38.807+0000] {standard_task_runner.py:90} INFO - Running: ['***', 'tasks', 'run', 'etl_covid_europa_pipeline', 'carregar', 'scheduled__2024-08-01T00:00:00+00:00', '--job-id', '1829', '--raw', '--subdir', 'DAGS_FOLDER/etl_pipeline.py', '--cfg-path', '/tmp/tmp1_hbpxuy']
[2024-10-02T19:03:38.809+0000] {standard_task_runner.py:91} INFO - Job 1829: Subtask carregar
[2024-10-02T19:03:38.852+0000] {task_command.py:426} INFO - Running <TaskInstance: etl_covid_europa_pipeline.carregar scheduled__2024-08-01T00:00:00+00:00 [running]> on host 99de7dfc3871
[2024-10-02T19:03:38.936+0000] {taskinstance.py:2648} INFO - Exporting env vars: AIRFLOW_CTX_DAG_OWNER='***' AIRFLOW_CTX_DAG_ID='etl_covid_europa_pipeline' AIRFLOW_CTX_TASK_ID='carregar' AIRFLOW_CTX_EXECUTION_DATE='2024-08-01T00:00:00+00:00' AIRFLOW_CTX_TRY_NUMBER='1' AIRFLOW_CTX_DAG_RUN_ID='scheduled__2024-08-01T00:00:00+00:00'
[2024-10-02T19:03:38.937+0000] {taskinstance.py:430} INFO - ::endgroup::
[2024-10-02T19:03:39.003+0000] {python.py:237} INFO - Done. Returned value was: None
[2024-10-02T19:03:39.004+0000] {taskinstance.py:441} INFO - ::group::Post task execution logs
[2024-10-02T19:03:39.014+0000] {taskinstance.py:1206} INFO - Marking task as SUCCESS. dag_id=etl_covid_europa_pipeline, task_id=carregar, run_id=scheduled__2024-08-01T00:00:00+00:00, execution_date=20240801T000000, start_date=20241002T190338, end_date=20241002T190339
[2024-10-02T19:03:39.060+0000] {local_task_job_runner.py:240} INFO - Task exited with return code 0
[2024-10-02T19:03:39.078+0000] {taskinstance.py:3503} INFO - 0 downstream tasks scheduled from follow-on schedule check
[2024-10-02T19:03:39.080+0000] {local_task_job_runner.py:222} INFO - ::endgroup::
