[2024-10-02T17:26:26.221+0000] {local_task_job_runner.py:120} INFO - ::group::Pre task execution logs
[2024-10-02T17:26:26.252+0000] {taskinstance.py:2076} INFO - Dependencies all met for dep_context=non-requeueable deps ti=<TaskInstance: etl_covid_europa_pipeline.extrair scheduled__2023-12-20T00:00:00+00:00 [queued]>
[2024-10-02T17:26:26.261+0000] {taskinstance.py:2076} INFO - Dependencies all met for dep_context=requeueable deps ti=<TaskInstance: etl_covid_europa_pipeline.extrair scheduled__2023-12-20T00:00:00+00:00 [queued]>
[2024-10-02T17:26:26.261+0000] {taskinstance.py:2306} INFO - Starting attempt 1 of 1
[2024-10-02T17:26:26.595+0000] {taskinstance.py:2330} INFO - Executing <Task(PythonOperator): extrair> on 2023-12-20 00:00:00+00:00
[2024-10-02T17:26:26.603+0000] {warnings.py:112} WARNING - /home/***/.local/lib/python3.12/site-packages/***/task/task_runner/standard_task_runner.py:61: DeprecationWarning: This process (pid=1610) is multi-threaded, use of fork() may lead to deadlocks in the child.
  pid = os.fork()

[2024-10-02T17:26:26.605+0000] {standard_task_runner.py:63} INFO - Started process 1622 to run task
[2024-10-02T17:26:26.604+0000] {standard_task_runner.py:90} INFO - Running: ['***', 'tasks', 'run', 'etl_covid_europa_pipeline', 'extrair', 'scheduled__2023-12-20T00:00:00+00:00', '--job-id', '149', '--raw', '--subdir', 'DAGS_FOLDER/etl_pipeline.py', '--cfg-path', '/tmp/tmpaava99jn']
[2024-10-02T17:26:26.607+0000] {standard_task_runner.py:91} INFO - Job 149: Subtask extrair
[2024-10-02T17:26:26.654+0000] {task_command.py:426} INFO - Running <TaskInstance: etl_covid_europa_pipeline.extrair scheduled__2023-12-20T00:00:00+00:00 [running]> on host 99de7dfc3871
[2024-10-02T17:26:26.730+0000] {taskinstance.py:2648} INFO - Exporting env vars: AIRFLOW_CTX_DAG_OWNER='***' AIRFLOW_CTX_DAG_ID='etl_covid_europa_pipeline' AIRFLOW_CTX_TASK_ID='extrair' AIRFLOW_CTX_EXECUTION_DATE='2023-12-20T00:00:00+00:00' AIRFLOW_CTX_TRY_NUMBER='1' AIRFLOW_CTX_DAG_RUN_ID='scheduled__2023-12-20T00:00:00+00:00'
[2024-10-02T17:26:26.732+0000] {taskinstance.py:430} INFO - ::endgroup::
[2024-10-02T17:26:33.177+0000] {python.py:237} INFO - Done. Returned value was: None
[2024-10-02T17:26:33.178+0000] {taskinstance.py:441} INFO - ::group::Post task execution logs
[2024-10-02T17:26:33.190+0000] {taskinstance.py:1206} INFO - Marking task as SUCCESS. dag_id=etl_covid_europa_pipeline, task_id=extrair, run_id=scheduled__2023-12-20T00:00:00+00:00, execution_date=20231220T000000, start_date=20241002T172626, end_date=20241002T172633
[2024-10-02T17:26:33.228+0000] {local_task_job_runner.py:240} INFO - Task exited with return code 0
[2024-10-02T17:26:33.282+0000] {taskinstance.py:3503} INFO - 1 downstream tasks scheduled from follow-on schedule check
[2024-10-02T17:26:33.285+0000] {local_task_job_runner.py:222} INFO - ::endgroup::
[2024-10-02T18:58:28.836+0000] {local_task_job_runner.py:120} INFO - ::group::Pre task execution logs
[2024-10-02T18:58:28.865+0000] {taskinstance.py:2076} INFO - Dependencies all met for dep_context=non-requeueable deps ti=<TaskInstance: etl_covid_europa_pipeline.extrair scheduled__2023-12-20T00:00:00+00:00 [queued]>
[2024-10-02T18:58:29.017+0000] {taskinstance.py:2076} INFO - Dependencies all met for dep_context=requeueable deps ti=<TaskInstance: etl_covid_europa_pipeline.extrair scheduled__2023-12-20T00:00:00+00:00 [queued]>
[2024-10-02T18:58:29.018+0000] {taskinstance.py:2306} INFO - Starting attempt 1 of 1
[2024-10-02T18:58:29.032+0000] {taskinstance.py:2330} INFO - Executing <Task(PythonOperator): extrair> on 2023-12-20 00:00:00+00:00
[2024-10-02T18:58:29.038+0000] {warnings.py:112} WARNING - /home/***/.local/lib/python3.12/site-packages/***/task/task_runner/standard_task_runner.py:61: DeprecationWarning: This process (pid=5880) is multi-threaded, use of fork() may lead to deadlocks in the child.
  pid = os.fork()

[2024-10-02T18:58:29.040+0000] {standard_task_runner.py:63} INFO - Started process 5886 to run task
[2024-10-02T18:58:29.039+0000] {standard_task_runner.py:90} INFO - Running: ['***', 'tasks', 'run', 'etl_covid_europa_pipeline', 'extrair', 'scheduled__2023-12-20T00:00:00+00:00', '--job-id', '1175', '--raw', '--subdir', 'DAGS_FOLDER/etl_pipeline.py', '--cfg-path', '/tmp/tmp9cfpqbh_']
[2024-10-02T18:58:29.041+0000] {standard_task_runner.py:91} INFO - Job 1175: Subtask extrair
[2024-10-02T18:58:29.080+0000] {task_command.py:426} INFO - Running <TaskInstance: etl_covid_europa_pipeline.extrair scheduled__2023-12-20T00:00:00+00:00 [running]> on host 99de7dfc3871
[2024-10-02T18:58:29.160+0000] {taskinstance.py:2648} INFO - Exporting env vars: AIRFLOW_CTX_DAG_OWNER='***' AIRFLOW_CTX_DAG_ID='etl_covid_europa_pipeline' AIRFLOW_CTX_TASK_ID='extrair' AIRFLOW_CTX_EXECUTION_DATE='2023-12-20T00:00:00+00:00' AIRFLOW_CTX_TRY_NUMBER='1' AIRFLOW_CTX_DAG_RUN_ID='scheduled__2023-12-20T00:00:00+00:00'
[2024-10-02T18:58:29.163+0000] {taskinstance.py:430} INFO - ::endgroup::
[2024-10-02T18:58:35.667+0000] {python.py:237} INFO - Done. Returned value was: None
[2024-10-02T18:58:35.669+0000] {taskinstance.py:441} INFO - ::group::Post task execution logs
[2024-10-02T18:58:35.687+0000] {taskinstance.py:1206} INFO - Marking task as SUCCESS. dag_id=etl_covid_europa_pipeline, task_id=extrair, run_id=scheduled__2023-12-20T00:00:00+00:00, execution_date=20231220T000000, start_date=20241002T185828, end_date=20241002T185835
[2024-10-02T18:58:35.910+0000] {local_task_job_runner.py:240} INFO - Task exited with return code 0
[2024-10-02T18:58:35.948+0000] {taskinstance.py:3503} INFO - 1 downstream tasks scheduled from follow-on schedule check
[2024-10-02T18:58:35.951+0000] {local_task_job_runner.py:222} INFO - ::endgroup::
[2024-10-02T19:24:47.426+0000] {local_task_job_runner.py:120} INFO - ::group::Pre task execution logs
[2024-10-02T19:24:47.449+0000] {taskinstance.py:2076} INFO - Dependencies all met for dep_context=non-requeueable deps ti=<TaskInstance: etl_covid_europa_pipeline.extrair scheduled__2023-12-20T00:00:00+00:00 [queued]>
[2024-10-02T19:24:47.608+0000] {taskinstance.py:2076} INFO - Dependencies all met for dep_context=requeueable deps ti=<TaskInstance: etl_covid_europa_pipeline.extrair scheduled__2023-12-20T00:00:00+00:00 [queued]>
[2024-10-02T19:24:47.608+0000] {taskinstance.py:2306} INFO - Starting attempt 1 of 1
[2024-10-02T19:24:47.620+0000] {taskinstance.py:2330} INFO - Executing <Task(PythonOperator): extrair> on 2023-12-20 00:00:00+00:00
[2024-10-02T19:24:47.624+0000] {warnings.py:112} WARNING - /home/***/.local/lib/python3.12/site-packages/***/task/task_runner/standard_task_runner.py:61: DeprecationWarning: This process (pid=9261) is multi-threaded, use of fork() may lead to deadlocks in the child.
  pid = os.fork()

[2024-10-02T19:24:47.626+0000] {standard_task_runner.py:63} INFO - Started process 9268 to run task
[2024-10-02T19:24:47.626+0000] {standard_task_runner.py:90} INFO - Running: ['***', 'tasks', 'run', 'etl_covid_europa_pipeline', 'extrair', 'scheduled__2023-12-20T00:00:00+00:00', '--job-id', '2187', '--raw', '--subdir', 'DAGS_FOLDER/etl_pipeline.py', '--cfg-path', '/tmp/tmpz0osht74']
[2024-10-02T19:24:47.627+0000] {standard_task_runner.py:91} INFO - Job 2187: Subtask extrair
[2024-10-02T19:24:47.668+0000] {task_command.py:426} INFO - Running <TaskInstance: etl_covid_europa_pipeline.extrair scheduled__2023-12-20T00:00:00+00:00 [running]> on host 99de7dfc3871
[2024-10-02T19:24:47.749+0000] {taskinstance.py:2648} INFO - Exporting env vars: AIRFLOW_CTX_DAG_OWNER='***' AIRFLOW_CTX_DAG_ID='etl_covid_europa_pipeline' AIRFLOW_CTX_TASK_ID='extrair' AIRFLOW_CTX_EXECUTION_DATE='2023-12-20T00:00:00+00:00' AIRFLOW_CTX_TRY_NUMBER='1' AIRFLOW_CTX_DAG_RUN_ID='scheduled__2023-12-20T00:00:00+00:00'
[2024-10-02T19:24:47.752+0000] {taskinstance.py:430} INFO - ::endgroup::
[2024-10-02T19:24:53.802+0000] {python.py:237} INFO - Done. Returned value was: None
[2024-10-02T19:24:53.803+0000] {taskinstance.py:441} INFO - ::group::Post task execution logs
[2024-10-02T19:24:53.817+0000] {taskinstance.py:1206} INFO - Marking task as SUCCESS. dag_id=etl_covid_europa_pipeline, task_id=extrair, run_id=scheduled__2023-12-20T00:00:00+00:00, execution_date=20231220T000000, start_date=20241002T192447, end_date=20241002T192453
[2024-10-02T19:24:53.876+0000] {local_task_job_runner.py:240} INFO - Task exited with return code 0
[2024-10-02T19:24:53.906+0000] {taskinstance.py:3503} INFO - 1 downstream tasks scheduled from follow-on schedule check
[2024-10-02T19:24:53.908+0000] {local_task_job_runner.py:222} INFO - ::endgroup::
