[2024-10-02T18:58:36.536+0000] {local_task_job_runner.py:120} INFO - ::group::Pre task execution logs
[2024-10-02T18:58:36.574+0000] {taskinstance.py:2076} INFO - Dependencies all met for dep_context=non-requeueable deps ti=<TaskInstance: etl_covid_europa_pipeline.carregar scheduled__2023-12-11T00:00:00+00:00 [queued]>
[2024-10-02T18:58:36.903+0000] {taskinstance.py:2076} INFO - Dependencies all met for dep_context=requeueable deps ti=<TaskInstance: etl_covid_europa_pipeline.carregar scheduled__2023-12-11T00:00:00+00:00 [queued]>
[2024-10-02T18:58:36.904+0000] {taskinstance.py:2306} INFO - Starting attempt 1 of 1
[2024-10-02T18:58:36.921+0000] {taskinstance.py:2330} INFO - Executing <Task(PythonOperator): carregar> on 2023-12-11 00:00:00+00:00
[2024-10-02T18:58:36.930+0000] {warnings.py:112} WARNING - /home/***/.local/lib/python3.12/site-packages/***/task/task_runner/standard_task_runner.py:61: DeprecationWarning: This process (pid=5932) is multi-threaded, use of fork() may lead to deadlocks in the child.
  pid = os.fork()

[2024-10-02T18:58:36.934+0000] {standard_task_runner.py:63} INFO - Started process 5948 to run task
[2024-10-02T18:58:36.932+0000] {standard_task_runner.py:90} INFO - Running: ['***', 'tasks', 'run', 'etl_covid_europa_pipeline', 'carregar', 'scheduled__2023-12-11T00:00:00+00:00', '--job-id', '1192', '--raw', '--subdir', 'DAGS_FOLDER/etl_pipeline.py', '--cfg-path', '/tmp/tmpmhz3w87j']
[2024-10-02T18:58:36.937+0000] {standard_task_runner.py:91} INFO - Job 1192: Subtask carregar
[2024-10-02T18:58:36.992+0000] {task_command.py:426} INFO - Running <TaskInstance: etl_covid_europa_pipeline.carregar scheduled__2023-12-11T00:00:00+00:00 [running]> on host 99de7dfc3871
[2024-10-02T18:58:37.089+0000] {taskinstance.py:2648} INFO - Exporting env vars: AIRFLOW_CTX_DAG_OWNER='***' AIRFLOW_CTX_DAG_ID='etl_covid_europa_pipeline' AIRFLOW_CTX_TASK_ID='carregar' AIRFLOW_CTX_EXECUTION_DATE='2023-12-11T00:00:00+00:00' AIRFLOW_CTX_TRY_NUMBER='1' AIRFLOW_CTX_DAG_RUN_ID='scheduled__2023-12-11T00:00:00+00:00'
[2024-10-02T18:58:37.093+0000] {taskinstance.py:430} INFO - ::endgroup::
[2024-10-02T18:58:37.148+0000] {python.py:237} INFO - Done. Returned value was: None
[2024-10-02T18:58:37.148+0000] {taskinstance.py:441} INFO - ::group::Post task execution logs
[2024-10-02T18:58:37.157+0000] {taskinstance.py:1206} INFO - Marking task as SUCCESS. dag_id=etl_covid_europa_pipeline, task_id=carregar, run_id=scheduled__2023-12-11T00:00:00+00:00, execution_date=20231211T000000, start_date=20241002T185836, end_date=20241002T185837
[2024-10-02T18:58:37.188+0000] {local_task_job_runner.py:240} INFO - Task exited with return code 0
[2024-10-02T18:58:37.205+0000] {taskinstance.py:3503} INFO - 0 downstream tasks scheduled from follow-on schedule check
[2024-10-02T18:58:37.207+0000] {local_task_job_runner.py:222} INFO - ::endgroup::
[2024-10-02T19:24:55.424+0000] {local_task_job_runner.py:120} INFO - ::group::Pre task execution logs
[2024-10-02T19:24:55.479+0000] {taskinstance.py:2076} INFO - Dependencies all met for dep_context=non-requeueable deps ti=<TaskInstance: etl_covid_europa_pipeline.carregar scheduled__2023-12-11T00:00:00+00:00 [queued]>
[2024-10-02T19:24:55.510+0000] {taskinstance.py:2076} INFO - Dependencies all met for dep_context=requeueable deps ti=<TaskInstance: etl_covid_europa_pipeline.carregar scheduled__2023-12-11T00:00:00+00:00 [queued]>
[2024-10-02T19:24:55.511+0000] {taskinstance.py:2306} INFO - Starting attempt 1 of 1
[2024-10-02T19:24:56.013+0000] {taskinstance.py:2330} INFO - Executing <Task(PythonOperator): carregar> on 2023-12-11 00:00:00+00:00
[2024-10-02T19:24:56.027+0000] {warnings.py:112} WARNING - /home/***/.local/lib/python3.12/site-packages/***/task/task_runner/standard_task_runner.py:61: DeprecationWarning: This process (pid=9302) is multi-threaded, use of fork() may lead to deadlocks in the child.
  pid = os.fork()

[2024-10-02T19:24:56.029+0000] {standard_task_runner.py:63} INFO - Started process 9333 to run task
[2024-10-02T19:24:56.031+0000] {standard_task_runner.py:90} INFO - Running: ['***', 'tasks', 'run', 'etl_covid_europa_pipeline', 'carregar', 'scheduled__2023-12-11T00:00:00+00:00', '--job-id', '2204', '--raw', '--subdir', 'DAGS_FOLDER/etl_pipeline.py', '--cfg-path', '/tmp/tmp20g6qske']
[2024-10-02T19:24:56.035+0000] {standard_task_runner.py:91} INFO - Job 2204: Subtask carregar
[2024-10-02T19:24:56.144+0000] {task_command.py:426} INFO - Running <TaskInstance: etl_covid_europa_pipeline.carregar scheduled__2023-12-11T00:00:00+00:00 [running]> on host 99de7dfc3871
[2024-10-02T19:24:56.321+0000] {taskinstance.py:2648} INFO - Exporting env vars: AIRFLOW_CTX_DAG_OWNER='***' AIRFLOW_CTX_DAG_ID='etl_covid_europa_pipeline' AIRFLOW_CTX_TASK_ID='carregar' AIRFLOW_CTX_EXECUTION_DATE='2023-12-11T00:00:00+00:00' AIRFLOW_CTX_TRY_NUMBER='1' AIRFLOW_CTX_DAG_RUN_ID='scheduled__2023-12-11T00:00:00+00:00'
[2024-10-02T19:24:56.325+0000] {taskinstance.py:430} INFO - ::endgroup::
[2024-10-02T19:24:56.416+0000] {python.py:237} INFO - Done. Returned value was: None
[2024-10-02T19:24:56.418+0000] {taskinstance.py:441} INFO - ::group::Post task execution logs
[2024-10-02T19:24:56.430+0000] {taskinstance.py:1206} INFO - Marking task as SUCCESS. dag_id=etl_covid_europa_pipeline, task_id=carregar, run_id=scheduled__2023-12-11T00:00:00+00:00, execution_date=20231211T000000, start_date=20241002T192455, end_date=20241002T192456
[2024-10-02T19:24:56.496+0000] {local_task_job_runner.py:240} INFO - Task exited with return code 0
[2024-10-02T19:24:56.516+0000] {taskinstance.py:3503} INFO - 0 downstream tasks scheduled from follow-on schedule check
[2024-10-02T19:24:56.519+0000] {local_task_job_runner.py:222} INFO - ::endgroup::
