[2024-10-02T17:25:41.936+0000] {local_task_job_runner.py:120} INFO - ::group::Pre task execution logs
[2024-10-02T17:25:41.961+0000] {taskinstance.py:2076} INFO - Dependencies all met for dep_context=non-requeueable deps ti=<TaskInstance: etl_covid_europa_pipeline.extrair scheduled__2023-11-05T00:00:00+00:00 [queued]>
[2024-10-02T17:25:41.968+0000] {taskinstance.py:2076} INFO - Dependencies all met for dep_context=requeueable deps ti=<TaskInstance: etl_covid_europa_pipeline.extrair scheduled__2023-11-05T00:00:00+00:00 [queued]>
[2024-10-02T17:25:41.969+0000] {taskinstance.py:2306} INFO - Starting attempt 1 of 1
[2024-10-02T17:25:41.987+0000] {taskinstance.py:2330} INFO - Executing <Task(PythonOperator): extrair> on 2023-11-05 00:00:00+00:00
[2024-10-02T17:25:41.995+0000] {warnings.py:112} WARNING - /home/***/.local/lib/python3.12/site-packages/***/task/task_runner/standard_task_runner.py:61: DeprecationWarning: This process (pid=1376) is multi-threaded, use of fork() may lead to deadlocks in the child.
  pid = os.fork()

[2024-10-02T17:25:41.996+0000] {standard_task_runner.py:63} INFO - Started process 1389 to run task
[2024-10-02T17:25:41.996+0000] {standard_task_runner.py:90} INFO - Running: ['***', 'tasks', 'run', 'etl_covid_europa_pipeline', 'extrair', 'scheduled__2023-11-05T00:00:00+00:00', '--job-id', '73', '--raw', '--subdir', 'DAGS_FOLDER/etl_pipeline.py', '--cfg-path', '/tmp/tmp8g99vemp']
[2024-10-02T17:25:41.998+0000] {standard_task_runner.py:91} INFO - Job 73: Subtask extrair
[2024-10-02T17:25:42.245+0000] {task_command.py:426} INFO - Running <TaskInstance: etl_covid_europa_pipeline.extrair scheduled__2023-11-05T00:00:00+00:00 [running]> on host 99de7dfc3871
[2024-10-02T17:25:42.353+0000] {taskinstance.py:2648} INFO - Exporting env vars: AIRFLOW_CTX_DAG_OWNER='***' AIRFLOW_CTX_DAG_ID='etl_covid_europa_pipeline' AIRFLOW_CTX_TASK_ID='extrair' AIRFLOW_CTX_EXECUTION_DATE='2023-11-05T00:00:00+00:00' AIRFLOW_CTX_TRY_NUMBER='1' AIRFLOW_CTX_DAG_RUN_ID='scheduled__2023-11-05T00:00:00+00:00'
[2024-10-02T17:25:42.358+0000] {taskinstance.py:430} INFO - ::endgroup::
[2024-10-02T17:25:50.039+0000] {python.py:237} INFO - Done. Returned value was: None
[2024-10-02T17:25:50.040+0000] {taskinstance.py:441} INFO - ::group::Post task execution logs
[2024-10-02T17:25:50.052+0000] {taskinstance.py:1206} INFO - Marking task as SUCCESS. dag_id=etl_covid_europa_pipeline, task_id=extrair, run_id=scheduled__2023-11-05T00:00:00+00:00, execution_date=20231105T000000, start_date=20241002T172541, end_date=20241002T172550
[2024-10-02T17:25:50.209+0000] {local_task_job_runner.py:240} INFO - Task exited with return code 0
[2024-10-02T17:25:50.230+0000] {taskinstance.py:3503} INFO - 1 downstream tasks scheduled from follow-on schedule check
[2024-10-02T17:25:50.232+0000] {local_task_job_runner.py:222} INFO - ::endgroup::
[2024-10-02T18:57:42.705+0000] {local_task_job_runner.py:120} INFO - ::group::Pre task execution logs
[2024-10-02T18:57:42.731+0000] {taskinstance.py:2076} INFO - Dependencies all met for dep_context=non-requeueable deps ti=<TaskInstance: etl_covid_europa_pipeline.extrair scheduled__2023-11-05T00:00:00+00:00 [queued]>
[2024-10-02T18:57:42.740+0000] {taskinstance.py:2076} INFO - Dependencies all met for dep_context=requeueable deps ti=<TaskInstance: etl_covid_europa_pipeline.extrair scheduled__2023-11-05T00:00:00+00:00 [queued]>
[2024-10-02T18:57:42.741+0000] {taskinstance.py:2306} INFO - Starting attempt 1 of 1
[2024-10-02T18:57:42.997+0000] {taskinstance.py:2330} INFO - Executing <Task(PythonOperator): extrair> on 2023-11-05 00:00:00+00:00
[2024-10-02T18:57:43.004+0000] {warnings.py:112} WARNING - /home/***/.local/lib/python3.12/site-packages/***/task/task_runner/standard_task_runner.py:61: DeprecationWarning: This process (pid=5547) is multi-threaded, use of fork() may lead to deadlocks in the child.
  pid = os.fork()

[2024-10-02T18:57:43.006+0000] {standard_task_runner.py:63} INFO - Started process 5563 to run task
[2024-10-02T18:57:43.006+0000] {standard_task_runner.py:90} INFO - Running: ['***', 'tasks', 'run', 'etl_covid_europa_pipeline', 'extrair', 'scheduled__2023-11-05T00:00:00+00:00', '--job-id', '1066', '--raw', '--subdir', 'DAGS_FOLDER/etl_pipeline.py', '--cfg-path', '/tmp/tmp_pibhilt']
[2024-10-02T18:57:43.008+0000] {standard_task_runner.py:91} INFO - Job 1066: Subtask extrair
[2024-10-02T18:57:43.055+0000] {task_command.py:426} INFO - Running <TaskInstance: etl_covid_europa_pipeline.extrair scheduled__2023-11-05T00:00:00+00:00 [running]> on host 99de7dfc3871
[2024-10-02T18:57:43.158+0000] {taskinstance.py:2648} INFO - Exporting env vars: AIRFLOW_CTX_DAG_OWNER='***' AIRFLOW_CTX_DAG_ID='etl_covid_europa_pipeline' AIRFLOW_CTX_TASK_ID='extrair' AIRFLOW_CTX_EXECUTION_DATE='2023-11-05T00:00:00+00:00' AIRFLOW_CTX_TRY_NUMBER='1' AIRFLOW_CTX_DAG_RUN_ID='scheduled__2023-11-05T00:00:00+00:00'
[2024-10-02T18:57:43.160+0000] {taskinstance.py:430} INFO - ::endgroup::
[2024-10-02T18:57:50.155+0000] {python.py:237} INFO - Done. Returned value was: None
[2024-10-02T18:57:50.156+0000] {taskinstance.py:441} INFO - ::group::Post task execution logs
[2024-10-02T18:57:50.163+0000] {taskinstance.py:1206} INFO - Marking task as SUCCESS. dag_id=etl_covid_europa_pipeline, task_id=extrair, run_id=scheduled__2023-11-05T00:00:00+00:00, execution_date=20231105T000000, start_date=20241002T185742, end_date=20241002T185750
[2024-10-02T18:57:50.197+0000] {local_task_job_runner.py:240} INFO - Task exited with return code 0
[2024-10-02T18:57:50.222+0000] {taskinstance.py:3503} INFO - 1 downstream tasks scheduled from follow-on schedule check
[2024-10-02T18:57:50.226+0000] {local_task_job_runner.py:222} INFO - ::endgroup::
[2024-10-02T19:24:00.705+0000] {local_task_job_runner.py:120} INFO - ::group::Pre task execution logs
[2024-10-02T19:24:00.734+0000] {taskinstance.py:2076} INFO - Dependencies all met for dep_context=non-requeueable deps ti=<TaskInstance: etl_covid_europa_pipeline.extrair scheduled__2023-11-05T00:00:00+00:00 [queued]>
[2024-10-02T19:24:00.745+0000] {taskinstance.py:2076} INFO - Dependencies all met for dep_context=requeueable deps ti=<TaskInstance: etl_covid_europa_pipeline.extrair scheduled__2023-11-05T00:00:00+00:00 [queued]>
[2024-10-02T19:24:00.746+0000] {taskinstance.py:2306} INFO - Starting attempt 1 of 1
[2024-10-02T19:24:00.769+0000] {taskinstance.py:2330} INFO - Executing <Task(PythonOperator): extrair> on 2023-11-05 00:00:00+00:00
[2024-10-02T19:24:00.780+0000] {warnings.py:112} WARNING - /home/***/.local/lib/python3.12/site-packages/***/task/task_runner/standard_task_runner.py:61: DeprecationWarning: This process (pid=8915) is multi-threaded, use of fork() may lead to deadlocks in the child.
  pid = os.fork()

[2024-10-02T19:24:00.782+0000] {standard_task_runner.py:63} INFO - Started process 8927 to run task
[2024-10-02T19:24:00.781+0000] {standard_task_runner.py:90} INFO - Running: ['***', 'tasks', 'run', 'etl_covid_europa_pipeline', 'extrair', 'scheduled__2023-11-05T00:00:00+00:00', '--job-id', '2076', '--raw', '--subdir', 'DAGS_FOLDER/etl_pipeline.py', '--cfg-path', '/tmp/tmp6i6fpvru']
[2024-10-02T19:24:00.783+0000] {standard_task_runner.py:91} INFO - Job 2076: Subtask extrair
[2024-10-02T19:24:01.102+0000] {task_command.py:426} INFO - Running <TaskInstance: etl_covid_europa_pipeline.extrair scheduled__2023-11-05T00:00:00+00:00 [running]> on host 99de7dfc3871
[2024-10-02T19:24:01.202+0000] {taskinstance.py:2648} INFO - Exporting env vars: AIRFLOW_CTX_DAG_OWNER='***' AIRFLOW_CTX_DAG_ID='etl_covid_europa_pipeline' AIRFLOW_CTX_TASK_ID='extrair' AIRFLOW_CTX_EXECUTION_DATE='2023-11-05T00:00:00+00:00' AIRFLOW_CTX_TRY_NUMBER='1' AIRFLOW_CTX_DAG_RUN_ID='scheduled__2023-11-05T00:00:00+00:00'
[2024-10-02T19:24:01.203+0000] {taskinstance.py:430} INFO - ::endgroup::
[2024-10-02T19:24:06.490+0000] {python.py:237} INFO - Done. Returned value was: None
[2024-10-02T19:24:06.491+0000] {taskinstance.py:441} INFO - ::group::Post task execution logs
[2024-10-02T19:24:06.502+0000] {taskinstance.py:1206} INFO - Marking task as SUCCESS. dag_id=etl_covid_europa_pipeline, task_id=extrair, run_id=scheduled__2023-11-05T00:00:00+00:00, execution_date=20231105T000000, start_date=20241002T192400, end_date=20241002T192406
[2024-10-02T19:24:06.540+0000] {local_task_job_runner.py:240} INFO - Task exited with return code 0
[2024-10-02T19:24:06.569+0000] {taskinstance.py:3503} INFO - 1 downstream tasks scheduled from follow-on schedule check
[2024-10-02T19:24:06.572+0000] {local_task_job_runner.py:222} INFO - ::endgroup::
