[2024-10-02T17:26:15.471+0000] {local_task_job_runner.py:120} INFO - ::group::Pre task execution logs
[2024-10-02T17:26:15.496+0000] {taskinstance.py:2076} INFO - Dependencies all met for dep_context=non-requeueable deps ti=<TaskInstance: etl_covid_europa_pipeline.transformar scheduled__2023-11-25T00:00:00+00:00 [queued]>
[2024-10-02T17:26:15.505+0000] {taskinstance.py:2076} INFO - Dependencies all met for dep_context=requeueable deps ti=<TaskInstance: etl_covid_europa_pipeline.transformar scheduled__2023-11-25T00:00:00+00:00 [queued]>
[2024-10-02T17:26:15.506+0000] {taskinstance.py:2306} INFO - Starting attempt 1 of 1
[2024-10-02T17:26:15.759+0000] {taskinstance.py:2330} INFO - Executing <Task(PythonOperator): transformar> on 2023-11-25 00:00:00+00:00
[2024-10-02T17:26:15.766+0000] {warnings.py:112} WARNING - /home/***/.local/lib/python3.12/site-packages/***/task/task_runner/standard_task_runner.py:61: DeprecationWarning: This process (pid=1545) is multi-threaded, use of fork() may lead to deadlocks in the child.
  pid = os.fork()

[2024-10-02T17:26:15.769+0000] {standard_task_runner.py:63} INFO - Started process 1562 to run task
[2024-10-02T17:26:15.768+0000] {standard_task_runner.py:90} INFO - Running: ['***', 'tasks', 'run', 'etl_covid_europa_pipeline', 'transformar', 'scheduled__2023-11-25T00:00:00+00:00', '--job-id', '125', '--raw', '--subdir', 'DAGS_FOLDER/etl_pipeline.py', '--cfg-path', '/tmp/tmp4u73h16u']
[2024-10-02T17:26:15.771+0000] {standard_task_runner.py:91} INFO - Job 125: Subtask transformar
[2024-10-02T17:26:15.841+0000] {task_command.py:426} INFO - Running <TaskInstance: etl_covid_europa_pipeline.transformar scheduled__2023-11-25T00:00:00+00:00 [running]> on host 99de7dfc3871
[2024-10-02T17:26:15.958+0000] {taskinstance.py:2648} INFO - Exporting env vars: AIRFLOW_CTX_DAG_OWNER='***' AIRFLOW_CTX_DAG_ID='etl_covid_europa_pipeline' AIRFLOW_CTX_TASK_ID='transformar' AIRFLOW_CTX_EXECUTION_DATE='2023-11-25T00:00:00+00:00' AIRFLOW_CTX_TRY_NUMBER='1' AIRFLOW_CTX_DAG_RUN_ID='scheduled__2023-11-25T00:00:00+00:00'
[2024-10-02T17:26:15.959+0000] {taskinstance.py:430} INFO - ::endgroup::
[2024-10-02T17:26:16.169+0000] {taskinstance.py:441} INFO - ::group::Post task execution logs
[2024-10-02T17:26:16.170+0000] {taskinstance.py:2905} ERROR - Task failed with exception
Traceback (most recent call last):
  File "/home/airflow/.local/lib/python3.12/site-packages/airflow/models/taskinstance.py", line 465, in _execute_task
    result = _execute_callable(context=context, **execute_callable_kwargs)
             ^^^^^^^^^^^^^^^^^^^^^^^^^^^^^^^^^^^^^^^^^^^^^^^^^^^^^^^^^^^^^
  File "/home/airflow/.local/lib/python3.12/site-packages/airflow/models/taskinstance.py", line 432, in _execute_callable
    return execute_callable(context=context, **execute_callable_kwargs)
           ^^^^^^^^^^^^^^^^^^^^^^^^^^^^^^^^^^^^^^^^^^^^^^^^^^^^^^^^^^^^
  File "/home/airflow/.local/lib/python3.12/site-packages/airflow/models/baseoperator.py", line 401, in wrapper
    return func(self, *args, **kwargs)
           ^^^^^^^^^^^^^^^^^^^^^^^^^^^
  File "/home/airflow/.local/lib/python3.12/site-packages/airflow/operators/python.py", line 235, in execute
    return_value = self.execute_callable()
                   ^^^^^^^^^^^^^^^^^^^^^^^
  File "/home/airflow/.local/lib/python3.12/site-packages/airflow/operators/python.py", line 252, in execute_callable
    return self.python_callable(*self.op_args, **self.op_kwargs)
           ^^^^^^^^^^^^^^^^^^^^^^^^^^^^^^^^^^^^^^^^^^^^^^^^^^^^^
  File "/opt/airflow/dags/etl_pipeline.py", line 17, in transformar
    df_agrupada = df.groupby('ContinentExp')[['cases', 'deaths']].sum().reset_index()
                  ^^^^^^^^^^^^^^^^^^^^^^^^^^
  File "/home/airflow/.local/lib/python3.12/site-packages/pandas/core/frame.py", line 8869, in groupby
    return DataFrameGroupBy(
           ^^^^^^^^^^^^^^^^^
  File "/home/airflow/.local/lib/python3.12/site-packages/pandas/core/groupby/groupby.py", line 1278, in __init__
    grouper, exclusions, obj = get_grouper(
                               ^^^^^^^^^^^^
  File "/home/airflow/.local/lib/python3.12/site-packages/pandas/core/groupby/grouper.py", line 1009, in get_grouper
    raise KeyError(gpr)
KeyError: 'ContinentExp'
[2024-10-02T17:26:16.186+0000] {taskinstance.py:1206} INFO - Marking task as FAILED. dag_id=etl_covid_europa_pipeline, task_id=transformar, run_id=scheduled__2023-11-25T00:00:00+00:00, execution_date=20231125T000000, start_date=20241002T172615, end_date=20241002T172616
[2024-10-02T17:26:16.204+0000] {standard_task_runner.py:110} ERROR - Failed to execute job 125 for task transformar ('ContinentExp'; 1562)
[2024-10-02T17:26:16.224+0000] {local_task_job_runner.py:240} INFO - Task exited with return code 1
[2024-10-02T17:26:16.246+0000] {taskinstance.py:3503} INFO - 0 downstream tasks scheduled from follow-on schedule check
[2024-10-02T17:26:16.250+0000] {local_task_job_runner.py:222} INFO - ::endgroup::
[2024-10-02T18:58:19.045+0000] {local_task_job_runner.py:120} INFO - ::group::Pre task execution logs
[2024-10-02T18:58:19.093+0000] {taskinstance.py:2076} INFO - Dependencies all met for dep_context=non-requeueable deps ti=<TaskInstance: etl_covid_europa_pipeline.transformar scheduled__2023-11-25T00:00:00+00:00 [queued]>
[2024-10-02T18:58:19.107+0000] {taskinstance.py:2076} INFO - Dependencies all met for dep_context=requeueable deps ti=<TaskInstance: etl_covid_europa_pipeline.transformar scheduled__2023-11-25T00:00:00+00:00 [queued]>
[2024-10-02T18:58:19.109+0000] {taskinstance.py:2306} INFO - Starting attempt 1 of 1
[2024-10-02T18:58:19.479+0000] {taskinstance.py:2330} INFO - Executing <Task(PythonOperator): transformar> on 2023-11-25 00:00:00+00:00
[2024-10-02T18:58:19.498+0000] {warnings.py:112} WARNING - /home/***/.local/lib/python3.12/site-packages/***/task/task_runner/standard_task_runner.py:61: DeprecationWarning: This process (pid=5756) is multi-threaded, use of fork() may lead to deadlocks in the child.
  pid = os.fork()

[2024-10-02T18:58:19.499+0000] {standard_task_runner.py:63} INFO - Started process 5776 to run task
[2024-10-02T18:58:19.502+0000] {standard_task_runner.py:90} INFO - Running: ['***', 'tasks', 'run', 'etl_covid_europa_pipeline', 'transformar', 'scheduled__2023-11-25T00:00:00+00:00', '--job-id', '1135', '--raw', '--subdir', 'DAGS_FOLDER/etl_pipeline.py', '--cfg-path', '/tmp/tmpeow58319']
[2024-10-02T18:58:19.506+0000] {standard_task_runner.py:91} INFO - Job 1135: Subtask transformar
[2024-10-02T18:58:19.625+0000] {task_command.py:426} INFO - Running <TaskInstance: etl_covid_europa_pipeline.transformar scheduled__2023-11-25T00:00:00+00:00 [running]> on host 99de7dfc3871
[2024-10-02T18:58:19.821+0000] {taskinstance.py:2648} INFO - Exporting env vars: AIRFLOW_CTX_DAG_OWNER='***' AIRFLOW_CTX_DAG_ID='etl_covid_europa_pipeline' AIRFLOW_CTX_TASK_ID='transformar' AIRFLOW_CTX_EXECUTION_DATE='2023-11-25T00:00:00+00:00' AIRFLOW_CTX_TRY_NUMBER='1' AIRFLOW_CTX_DAG_RUN_ID='scheduled__2023-11-25T00:00:00+00:00'
[2024-10-02T18:58:19.823+0000] {taskinstance.py:430} INFO - ::endgroup::
[2024-10-02T18:58:20.112+0000] {python.py:237} INFO - Done. Returned value was: None
[2024-10-02T18:58:20.116+0000] {taskinstance.py:441} INFO - ::group::Post task execution logs
[2024-10-02T18:58:20.128+0000] {taskinstance.py:1206} INFO - Marking task as SUCCESS. dag_id=etl_covid_europa_pipeline, task_id=transformar, run_id=scheduled__2023-11-25T00:00:00+00:00, execution_date=20231125T000000, start_date=20241002T185819, end_date=20241002T185820
[2024-10-02T18:58:20.163+0000] {local_task_job_runner.py:240} INFO - Task exited with return code 0
[2024-10-02T18:58:20.192+0000] {taskinstance.py:3503} INFO - 1 downstream tasks scheduled from follow-on schedule check
[2024-10-02T18:58:20.199+0000] {local_task_job_runner.py:222} INFO - ::endgroup::
[2024-10-02T19:24:31.119+0000] {local_task_job_runner.py:120} INFO - ::group::Pre task execution logs
[2024-10-02T19:24:31.156+0000] {taskinstance.py:2076} INFO - Dependencies all met for dep_context=non-requeueable deps ti=<TaskInstance: etl_covid_europa_pipeline.transformar scheduled__2023-11-25T00:00:00+00:00 [queued]>
[2024-10-02T19:24:31.455+0000] {taskinstance.py:2076} INFO - Dependencies all met for dep_context=requeueable deps ti=<TaskInstance: etl_covid_europa_pipeline.transformar scheduled__2023-11-25T00:00:00+00:00 [queued]>
[2024-10-02T19:24:31.455+0000] {taskinstance.py:2306} INFO - Starting attempt 1 of 1
[2024-10-02T19:24:31.487+0000] {taskinstance.py:2330} INFO - Executing <Task(PythonOperator): transformar> on 2023-11-25 00:00:00+00:00
[2024-10-02T19:24:31.495+0000] {warnings.py:112} WARNING - /home/***/.local/lib/python3.12/site-packages/***/task/task_runner/standard_task_runner.py:61: DeprecationWarning: This process (pid=9128) is multi-threaded, use of fork() may lead to deadlocks in the child.
  pid = os.fork()

[2024-10-02T19:24:31.497+0000] {standard_task_runner.py:63} INFO - Started process 9141 to run task
[2024-10-02T19:24:31.497+0000] {standard_task_runner.py:90} INFO - Running: ['***', 'tasks', 'run', 'etl_covid_europa_pipeline', 'transformar', 'scheduled__2023-11-25T00:00:00+00:00', '--job-id', '2142', '--raw', '--subdir', 'DAGS_FOLDER/etl_pipeline.py', '--cfg-path', '/tmp/tmp9dl12ihf']
[2024-10-02T19:24:31.503+0000] {standard_task_runner.py:91} INFO - Job 2142: Subtask transformar
[2024-10-02T19:24:31.559+0000] {task_command.py:426} INFO - Running <TaskInstance: etl_covid_europa_pipeline.transformar scheduled__2023-11-25T00:00:00+00:00 [running]> on host 99de7dfc3871
[2024-10-02T19:24:31.677+0000] {taskinstance.py:2648} INFO - Exporting env vars: AIRFLOW_CTX_DAG_OWNER='***' AIRFLOW_CTX_DAG_ID='etl_covid_europa_pipeline' AIRFLOW_CTX_TASK_ID='transformar' AIRFLOW_CTX_EXECUTION_DATE='2023-11-25T00:00:00+00:00' AIRFLOW_CTX_TRY_NUMBER='1' AIRFLOW_CTX_DAG_RUN_ID='scheduled__2023-11-25T00:00:00+00:00'
[2024-10-02T19:24:31.681+0000] {taskinstance.py:430} INFO - ::endgroup::
[2024-10-02T19:24:31.909+0000] {python.py:237} INFO - Done. Returned value was: None
[2024-10-02T19:24:31.910+0000] {taskinstance.py:441} INFO - ::group::Post task execution logs
[2024-10-02T19:24:31.921+0000] {taskinstance.py:1206} INFO - Marking task as SUCCESS. dag_id=etl_covid_europa_pipeline, task_id=transformar, run_id=scheduled__2023-11-25T00:00:00+00:00, execution_date=20231125T000000, start_date=20241002T192431, end_date=20241002T192431
[2024-10-02T19:24:31.960+0000] {local_task_job_runner.py:240} INFO - Task exited with return code 0
[2024-10-02T19:24:31.983+0000] {taskinstance.py:3503} INFO - 1 downstream tasks scheduled from follow-on schedule check
[2024-10-02T19:24:31.987+0000] {local_task_job_runner.py:222} INFO - ::endgroup::
