[2024-10-02T17:31:17.698+0000] {local_task_job_runner.py:120} INFO - ::group::Pre task execution logs
[2024-10-02T17:31:17.724+0000] {taskinstance.py:2076} INFO - Dependencies all met for dep_context=non-requeueable deps ti=<TaskInstance: etl_covid_europa_pipeline.extrair scheduled__2024-08-18T00:00:00+00:00 [queued]>
[2024-10-02T17:31:17.733+0000] {taskinstance.py:2076} INFO - Dependencies all met for dep_context=requeueable deps ti=<TaskInstance: etl_covid_europa_pipeline.extrair scheduled__2024-08-18T00:00:00+00:00 [queued]>
[2024-10-02T17:31:17.734+0000] {taskinstance.py:2306} INFO - Starting attempt 1 of 1
[2024-10-02T17:31:17.973+0000] {taskinstance.py:2330} INFO - Executing <Task(PythonOperator): extrair> on 2024-08-18 00:00:00+00:00
[2024-10-02T17:31:17.980+0000] {warnings.py:112} WARNING - /home/***/.local/lib/python3.12/site-packages/***/task/task_runner/standard_task_runner.py:61: DeprecationWarning: This process (pid=2956) is multi-threaded, use of fork() may lead to deadlocks in the child.
  pid = os.fork()

[2024-10-02T17:31:17.982+0000] {standard_task_runner.py:90} INFO - Running: ['***', 'tasks', 'run', 'etl_covid_europa_pipeline', 'extrair', 'scheduled__2024-08-18T00:00:00+00:00', '--job-id', '576', '--raw', '--subdir', 'DAGS_FOLDER/etl_pipeline.py', '--cfg-path', '/tmp/tmpafkp1bfa']
[2024-10-02T17:31:17.985+0000] {standard_task_runner.py:63} INFO - Started process 2971 to run task
[2024-10-02T17:31:17.986+0000] {standard_task_runner.py:91} INFO - Job 576: Subtask extrair
[2024-10-02T17:31:18.044+0000] {task_command.py:426} INFO - Running <TaskInstance: etl_covid_europa_pipeline.extrair scheduled__2024-08-18T00:00:00+00:00 [running]> on host 99de7dfc3871
[2024-10-02T17:31:18.144+0000] {taskinstance.py:2648} INFO - Exporting env vars: AIRFLOW_CTX_DAG_OWNER='***' AIRFLOW_CTX_DAG_ID='etl_covid_europa_pipeline' AIRFLOW_CTX_TASK_ID='extrair' AIRFLOW_CTX_EXECUTION_DATE='2024-08-18T00:00:00+00:00' AIRFLOW_CTX_TRY_NUMBER='1' AIRFLOW_CTX_DAG_RUN_ID='scheduled__2024-08-18T00:00:00+00:00'
[2024-10-02T17:31:18.145+0000] {taskinstance.py:430} INFO - ::endgroup::
[2024-10-02T17:31:25.433+0000] {python.py:237} INFO - Done. Returned value was: None
[2024-10-02T17:31:25.434+0000] {taskinstance.py:441} INFO - ::group::Post task execution logs
[2024-10-02T17:31:25.444+0000] {taskinstance.py:1206} INFO - Marking task as SUCCESS. dag_id=etl_covid_europa_pipeline, task_id=extrair, run_id=scheduled__2024-08-18T00:00:00+00:00, execution_date=20240818T000000, start_date=20241002T173117, end_date=20241002T173125
[2024-10-02T17:31:25.493+0000] {local_task_job_runner.py:240} INFO - Task exited with return code 0
[2024-10-02T17:31:25.500+0000] {local_task_job_runner.py:222} INFO - ::endgroup::
[2024-10-02T18:55:02.140+0000] {local_task_job_runner.py:120} INFO - ::group::Pre task execution logs
[2024-10-02T18:55:02.167+0000] {taskinstance.py:2076} INFO - Dependencies all met for dep_context=non-requeueable deps ti=<TaskInstance: etl_covid_europa_pipeline.extrair scheduled__2024-08-18T00:00:00+00:00 [queued]>
[2024-10-02T18:55:02.354+0000] {taskinstance.py:2076} INFO - Dependencies all met for dep_context=requeueable deps ti=<TaskInstance: etl_covid_europa_pipeline.extrair scheduled__2024-08-18T00:00:00+00:00 [queued]>
[2024-10-02T18:55:02.355+0000] {taskinstance.py:2306} INFO - Starting attempt 1 of 1
[2024-10-02T18:55:02.371+0000] {taskinstance.py:2330} INFO - Executing <Task(PythonOperator): extrair> on 2024-08-18 00:00:00+00:00
[2024-10-02T18:55:02.378+0000] {warnings.py:112} WARNING - /home/***/.local/lib/python3.12/site-packages/***/task/task_runner/standard_task_runner.py:61: DeprecationWarning: This process (pid=4775) is multi-threaded, use of fork() may lead to deadlocks in the child.
  pid = os.fork()

[2024-10-02T18:55:02.379+0000] {standard_task_runner.py:63} INFO - Started process 4794 to run task
[2024-10-02T18:55:02.379+0000] {standard_task_runner.py:90} INFO - Running: ['***', 'tasks', 'run', 'etl_covid_europa_pipeline', 'extrair', 'scheduled__2024-08-18T00:00:00+00:00', '--job-id', '822', '--raw', '--subdir', 'DAGS_FOLDER/etl_pipeline.py', '--cfg-path', '/tmp/tmpdtaqiksz']
[2024-10-02T18:55:02.381+0000] {standard_task_runner.py:91} INFO - Job 822: Subtask extrair
[2024-10-02T18:55:02.429+0000] {task_command.py:426} INFO - Running <TaskInstance: etl_covid_europa_pipeline.extrair scheduled__2024-08-18T00:00:00+00:00 [running]> on host 99de7dfc3871
[2024-10-02T18:55:02.526+0000] {taskinstance.py:2648} INFO - Exporting env vars: AIRFLOW_CTX_DAG_OWNER='***' AIRFLOW_CTX_DAG_ID='etl_covid_europa_pipeline' AIRFLOW_CTX_TASK_ID='extrair' AIRFLOW_CTX_EXECUTION_DATE='2024-08-18T00:00:00+00:00' AIRFLOW_CTX_TRY_NUMBER='1' AIRFLOW_CTX_DAG_RUN_ID='scheduled__2024-08-18T00:00:00+00:00'
[2024-10-02T18:55:02.529+0000] {taskinstance.py:430} INFO - ::endgroup::
[2024-10-02T18:55:09.468+0000] {python.py:237} INFO - Done. Returned value was: None
[2024-10-02T18:55:09.469+0000] {taskinstance.py:441} INFO - ::group::Post task execution logs
[2024-10-02T18:55:09.480+0000] {taskinstance.py:1206} INFO - Marking task as SUCCESS. dag_id=etl_covid_europa_pipeline, task_id=extrair, run_id=scheduled__2024-08-18T00:00:00+00:00, execution_date=20240818T000000, start_date=20241002T185502, end_date=20241002T185509
[2024-10-02T18:55:09.525+0000] {local_task_job_runner.py:240} INFO - Task exited with return code 0
[2024-10-02T18:55:09.560+0000] {taskinstance.py:3503} INFO - 1 downstream tasks scheduled from follow-on schedule check
[2024-10-02T18:55:09.563+0000] {local_task_job_runner.py:222} INFO - ::endgroup::
[2024-10-02T19:03:44.611+0000] {local_task_job_runner.py:120} INFO - ::group::Pre task execution logs
[2024-10-02T19:03:44.631+0000] {taskinstance.py:2076} INFO - Dependencies all met for dep_context=non-requeueable deps ti=<TaskInstance: etl_covid_europa_pipeline.extrair scheduled__2024-08-18T00:00:00+00:00 [queued]>
[2024-10-02T19:03:44.797+0000] {taskinstance.py:2076} INFO - Dependencies all met for dep_context=requeueable deps ti=<TaskInstance: etl_covid_europa_pipeline.extrair scheduled__2024-08-18T00:00:00+00:00 [queued]>
[2024-10-02T19:03:44.798+0000] {taskinstance.py:2306} INFO - Starting attempt 1 of 1
[2024-10-02T19:03:44.811+0000] {taskinstance.py:2330} INFO - Executing <Task(PythonOperator): extrair> on 2024-08-18 00:00:00+00:00
[2024-10-02T19:03:44.816+0000] {warnings.py:112} WARNING - /home/***/.local/lib/python3.12/site-packages/***/task/task_runner/standard_task_runner.py:61: DeprecationWarning: This process (pid=7967) is multi-threaded, use of fork() may lead to deadlocks in the child.
  pid = os.fork()

[2024-10-02T19:03:44.818+0000] {standard_task_runner.py:63} INFO - Started process 7973 to run task
[2024-10-02T19:03:44.818+0000] {standard_task_runner.py:90} INFO - Running: ['***', 'tasks', 'run', 'etl_covid_europa_pipeline', 'extrair', 'scheduled__2024-08-18T00:00:00+00:00', '--job-id', '1847', '--raw', '--subdir', 'DAGS_FOLDER/etl_pipeline.py', '--cfg-path', '/tmp/tmpu4x9__eb']
[2024-10-02T19:03:44.820+0000] {standard_task_runner.py:91} INFO - Job 1847: Subtask extrair
[2024-10-02T19:03:44.860+0000] {task_command.py:426} INFO - Running <TaskInstance: etl_covid_europa_pipeline.extrair scheduled__2024-08-18T00:00:00+00:00 [running]> on host 99de7dfc3871
[2024-10-02T19:03:44.933+0000] {taskinstance.py:2648} INFO - Exporting env vars: AIRFLOW_CTX_DAG_OWNER='***' AIRFLOW_CTX_DAG_ID='etl_covid_europa_pipeline' AIRFLOW_CTX_TASK_ID='extrair' AIRFLOW_CTX_EXECUTION_DATE='2024-08-18T00:00:00+00:00' AIRFLOW_CTX_TRY_NUMBER='1' AIRFLOW_CTX_DAG_RUN_ID='scheduled__2024-08-18T00:00:00+00:00'
[2024-10-02T19:03:44.936+0000] {taskinstance.py:430} INFO - ::endgroup::
[2024-10-02T19:03:51.117+0000] {python.py:237} INFO - Done. Returned value was: None
[2024-10-02T19:03:51.118+0000] {taskinstance.py:441} INFO - ::group::Post task execution logs
[2024-10-02T19:03:51.136+0000] {taskinstance.py:1206} INFO - Marking task as SUCCESS. dag_id=etl_covid_europa_pipeline, task_id=extrair, run_id=scheduled__2024-08-18T00:00:00+00:00, execution_date=20240818T000000, start_date=20241002T190344, end_date=20241002T190351
[2024-10-02T19:03:51.236+0000] {local_task_job_runner.py:240} INFO - Task exited with return code 0
[2024-10-02T19:03:51.276+0000] {taskinstance.py:3503} INFO - 1 downstream tasks scheduled from follow-on schedule check
[2024-10-02T19:03:51.286+0000] {local_task_job_runner.py:222} INFO - ::endgroup::
