[2024-10-02T17:25:50.626+0000] {local_task_job_runner.py:120} INFO - ::group::Pre task execution logs
[2024-10-02T17:25:50.653+0000] {taskinstance.py:2076} INFO - Dependencies all met for dep_context=non-requeueable deps ti=<TaskInstance: etl_covid_europa_pipeline.transformar scheduled__2023-11-11T00:00:00+00:00 [queued]>
[2024-10-02T17:25:50.661+0000] {taskinstance.py:2076} INFO - Dependencies all met for dep_context=requeueable deps ti=<TaskInstance: etl_covid_europa_pipeline.transformar scheduled__2023-11-11T00:00:00+00:00 [queued]>
[2024-10-02T17:25:50.663+0000] {taskinstance.py:2306} INFO - Starting attempt 1 of 1
[2024-10-02T17:25:50.873+0000] {taskinstance.py:2330} INFO - Executing <Task(PythonOperator): transformar> on 2023-11-11 00:00:00+00:00
[2024-10-02T17:25:50.881+0000] {warnings.py:112} WARNING - /home/***/.local/lib/python3.12/site-packages/***/task/task_runner/standard_task_runner.py:61: DeprecationWarning: This process (pid=1425) is multi-threaded, use of fork() may lead to deadlocks in the child.
  pid = os.fork()

[2024-10-02T17:25:50.882+0000] {standard_task_runner.py:63} INFO - Started process 1434 to run task
[2024-10-02T17:25:50.882+0000] {standard_task_runner.py:90} INFO - Running: ['***', 'tasks', 'run', 'etl_covid_europa_pipeline', 'transformar', 'scheduled__2023-11-11T00:00:00+00:00', '--job-id', '90', '--raw', '--subdir', 'DAGS_FOLDER/etl_pipeline.py', '--cfg-path', '/tmp/tmpw7xjrc14']
[2024-10-02T17:25:50.884+0000] {standard_task_runner.py:91} INFO - Job 90: Subtask transformar
[2024-10-02T17:25:50.925+0000] {task_command.py:426} INFO - Running <TaskInstance: etl_covid_europa_pipeline.transformar scheduled__2023-11-11T00:00:00+00:00 [running]> on host 99de7dfc3871
[2024-10-02T17:25:51.000+0000] {taskinstance.py:2648} INFO - Exporting env vars: AIRFLOW_CTX_DAG_OWNER='***' AIRFLOW_CTX_DAG_ID='etl_covid_europa_pipeline' AIRFLOW_CTX_TASK_ID='transformar' AIRFLOW_CTX_EXECUTION_DATE='2023-11-11T00:00:00+00:00' AIRFLOW_CTX_TRY_NUMBER='1' AIRFLOW_CTX_DAG_RUN_ID='scheduled__2023-11-11T00:00:00+00:00'
[2024-10-02T17:25:51.001+0000] {taskinstance.py:430} INFO - ::endgroup::
[2024-10-02T17:25:51.135+0000] {taskinstance.py:441} INFO - ::group::Post task execution logs
[2024-10-02T17:25:51.136+0000] {taskinstance.py:2905} ERROR - Task failed with exception
Traceback (most recent call last):
  File "/home/airflow/.local/lib/python3.12/site-packages/airflow/models/taskinstance.py", line 465, in _execute_task
    result = _execute_callable(context=context, **execute_callable_kwargs)
             ^^^^^^^^^^^^^^^^^^^^^^^^^^^^^^^^^^^^^^^^^^^^^^^^^^^^^^^^^^^^^
  File "/home/airflow/.local/lib/python3.12/site-packages/airflow/models/taskinstance.py", line 432, in _execute_callable
    return execute_callable(context=context, **execute_callable_kwargs)
           ^^^^^^^^^^^^^^^^^^^^^^^^^^^^^^^^^^^^^^^^^^^^^^^^^^^^^^^^^^^^
  File "/home/airflow/.local/lib/python3.12/site-packages/airflow/models/baseoperator.py", line 401, in wrapper
    return func(self, *args, **kwargs)
           ^^^^^^^^^^^^^^^^^^^^^^^^^^^
  File "/home/airflow/.local/lib/python3.12/site-packages/airflow/operators/python.py", line 235, in execute
    return_value = self.execute_callable()
                   ^^^^^^^^^^^^^^^^^^^^^^^
  File "/home/airflow/.local/lib/python3.12/site-packages/airflow/operators/python.py", line 252, in execute_callable
    return self.python_callable(*self.op_args, **self.op_kwargs)
           ^^^^^^^^^^^^^^^^^^^^^^^^^^^^^^^^^^^^^^^^^^^^^^^^^^^^^
  File "/opt/airflow/dags/etl_pipeline.py", line 17, in transformar
    df_agrupada = df.groupby('ContinentExp')[['cases', 'deaths']].sum().reset_index()
                  ^^^^^^^^^^^^^^^^^^^^^^^^^^
  File "/home/airflow/.local/lib/python3.12/site-packages/pandas/core/frame.py", line 8869, in groupby
    return DataFrameGroupBy(
           ^^^^^^^^^^^^^^^^^
  File "/home/airflow/.local/lib/python3.12/site-packages/pandas/core/groupby/groupby.py", line 1278, in __init__
    grouper, exclusions, obj = get_grouper(
                               ^^^^^^^^^^^^
  File "/home/airflow/.local/lib/python3.12/site-packages/pandas/core/groupby/grouper.py", line 1009, in get_grouper
    raise KeyError(gpr)
KeyError: 'ContinentExp'
[2024-10-02T17:25:51.151+0000] {taskinstance.py:1206} INFO - Marking task as FAILED. dag_id=etl_covid_europa_pipeline, task_id=transformar, run_id=scheduled__2023-11-11T00:00:00+00:00, execution_date=20231111T000000, start_date=20241002T172550, end_date=20241002T172551
[2024-10-02T17:25:51.165+0000] {standard_task_runner.py:110} ERROR - Failed to execute job 90 for task transformar ('ContinentExp'; 1434)
[2024-10-02T17:25:51.217+0000] {local_task_job_runner.py:240} INFO - Task exited with return code 1
[2024-10-02T17:25:51.227+0000] {local_task_job_runner.py:222} INFO - ::endgroup::
[2024-10-02T18:57:51.567+0000] {local_task_job_runner.py:120} INFO - ::group::Pre task execution logs
[2024-10-02T18:57:51.603+0000] {taskinstance.py:2076} INFO - Dependencies all met for dep_context=non-requeueable deps ti=<TaskInstance: etl_covid_europa_pipeline.transformar scheduled__2023-11-11T00:00:00+00:00 [queued]>
[2024-10-02T18:57:51.620+0000] {taskinstance.py:2076} INFO - Dependencies all met for dep_context=requeueable deps ti=<TaskInstance: etl_covid_europa_pipeline.transformar scheduled__2023-11-11T00:00:00+00:00 [queued]>
[2024-10-02T18:57:51.621+0000] {taskinstance.py:2306} INFO - Starting attempt 1 of 1
[2024-10-02T18:57:51.965+0000] {taskinstance.py:2330} INFO - Executing <Task(PythonOperator): transformar> on 2023-11-11 00:00:00+00:00
[2024-10-02T18:57:51.977+0000] {warnings.py:112} WARNING - /home/***/.local/lib/python3.12/site-packages/***/task/task_runner/standard_task_runner.py:61: DeprecationWarning: This process (pid=5599) is multi-threaded, use of fork() may lead to deadlocks in the child.
  pid = os.fork()

[2024-10-02T18:57:51.980+0000] {standard_task_runner.py:63} INFO - Started process 5621 to run task
[2024-10-02T18:57:51.979+0000] {standard_task_runner.py:90} INFO - Running: ['***', 'tasks', 'run', 'etl_covid_europa_pipeline', 'transformar', 'scheduled__2023-11-11T00:00:00+00:00', '--job-id', '1081', '--raw', '--subdir', 'DAGS_FOLDER/etl_pipeline.py', '--cfg-path', '/tmp/tmp4p9_8swa']
[2024-10-02T18:57:51.981+0000] {standard_task_runner.py:91} INFO - Job 1081: Subtask transformar
[2024-10-02T18:57:52.060+0000] {task_command.py:426} INFO - Running <TaskInstance: etl_covid_europa_pipeline.transformar scheduled__2023-11-11T00:00:00+00:00 [running]> on host 99de7dfc3871
[2024-10-02T18:57:52.193+0000] {taskinstance.py:2648} INFO - Exporting env vars: AIRFLOW_CTX_DAG_OWNER='***' AIRFLOW_CTX_DAG_ID='etl_covid_europa_pipeline' AIRFLOW_CTX_TASK_ID='transformar' AIRFLOW_CTX_EXECUTION_DATE='2023-11-11T00:00:00+00:00' AIRFLOW_CTX_TRY_NUMBER='1' AIRFLOW_CTX_DAG_RUN_ID='scheduled__2023-11-11T00:00:00+00:00'
[2024-10-02T18:57:52.195+0000] {taskinstance.py:430} INFO - ::endgroup::
[2024-10-02T18:57:52.460+0000] {python.py:237} INFO - Done. Returned value was: None
[2024-10-02T18:57:52.461+0000] {taskinstance.py:441} INFO - ::group::Post task execution logs
[2024-10-02T18:57:52.474+0000] {taskinstance.py:1206} INFO - Marking task as SUCCESS. dag_id=etl_covid_europa_pipeline, task_id=transformar, run_id=scheduled__2023-11-11T00:00:00+00:00, execution_date=20231111T000000, start_date=20241002T185751, end_date=20241002T185752
[2024-10-02T18:57:52.518+0000] {local_task_job_runner.py:240} INFO - Task exited with return code 0
[2024-10-02T18:57:52.541+0000] {taskinstance.py:3503} INFO - 1 downstream tasks scheduled from follow-on schedule check
[2024-10-02T18:57:52.548+0000] {local_task_job_runner.py:222} INFO - ::endgroup::
[2024-10-02T19:24:09.091+0000] {local_task_job_runner.py:120} INFO - ::group::Pre task execution logs
[2024-10-02T19:24:09.121+0000] {taskinstance.py:2076} INFO - Dependencies all met for dep_context=non-requeueable deps ti=<TaskInstance: etl_covid_europa_pipeline.transformar scheduled__2023-11-11T00:00:00+00:00 [queued]>
[2024-10-02T19:24:09.393+0000] {taskinstance.py:2076} INFO - Dependencies all met for dep_context=requeueable deps ti=<TaskInstance: etl_covid_europa_pipeline.transformar scheduled__2023-11-11T00:00:00+00:00 [queued]>
[2024-10-02T19:24:09.394+0000] {taskinstance.py:2306} INFO - Starting attempt 1 of 1
[2024-10-02T19:24:09.419+0000] {taskinstance.py:2330} INFO - Executing <Task(PythonOperator): transformar> on 2023-11-11 00:00:00+00:00
[2024-10-02T19:24:09.428+0000] {warnings.py:112} WARNING - /home/***/.local/lib/python3.12/site-packages/***/task/task_runner/standard_task_runner.py:61: DeprecationWarning: This process (pid=8979) is multi-threaded, use of fork() may lead to deadlocks in the child.
  pid = os.fork()

[2024-10-02T19:24:09.429+0000] {standard_task_runner.py:63} INFO - Started process 8994 to run task
[2024-10-02T19:24:09.430+0000] {standard_task_runner.py:90} INFO - Running: ['***', 'tasks', 'run', 'etl_covid_europa_pipeline', 'transformar', 'scheduled__2023-11-11T00:00:00+00:00', '--job-id', '2097', '--raw', '--subdir', 'DAGS_FOLDER/etl_pipeline.py', '--cfg-path', '/tmp/tmp_3w91dnm']
[2024-10-02T19:24:09.434+0000] {standard_task_runner.py:91} INFO - Job 2097: Subtask transformar
[2024-10-02T19:24:09.512+0000] {task_command.py:426} INFO - Running <TaskInstance: etl_covid_europa_pipeline.transformar scheduled__2023-11-11T00:00:00+00:00 [running]> on host 99de7dfc3871
[2024-10-02T19:24:09.641+0000] {taskinstance.py:2648} INFO - Exporting env vars: AIRFLOW_CTX_DAG_OWNER='***' AIRFLOW_CTX_DAG_ID='etl_covid_europa_pipeline' AIRFLOW_CTX_TASK_ID='transformar' AIRFLOW_CTX_EXECUTION_DATE='2023-11-11T00:00:00+00:00' AIRFLOW_CTX_TRY_NUMBER='1' AIRFLOW_CTX_DAG_RUN_ID='scheduled__2023-11-11T00:00:00+00:00'
[2024-10-02T19:24:09.646+0000] {taskinstance.py:430} INFO - ::endgroup::
[2024-10-02T19:24:09.788+0000] {python.py:237} INFO - Done. Returned value was: None
[2024-10-02T19:24:09.789+0000] {taskinstance.py:441} INFO - ::group::Post task execution logs
[2024-10-02T19:24:09.800+0000] {taskinstance.py:1206} INFO - Marking task as SUCCESS. dag_id=etl_covid_europa_pipeline, task_id=transformar, run_id=scheduled__2023-11-11T00:00:00+00:00, execution_date=20231111T000000, start_date=20241002T192409, end_date=20241002T192409
[2024-10-02T19:24:09.848+0000] {local_task_job_runner.py:240} INFO - Task exited with return code 0
[2024-10-02T19:24:09.877+0000] {taskinstance.py:3503} INFO - 1 downstream tasks scheduled from follow-on schedule check
[2024-10-02T19:24:09.882+0000] {local_task_job_runner.py:222} INFO - ::endgroup::
