[2024-10-02T17:28:49.520+0000] {local_task_job_runner.py:120} INFO - ::group::Pre task execution logs
[2024-10-02T17:28:49.543+0000] {taskinstance.py:2076} INFO - Dependencies all met for dep_context=non-requeueable deps ti=<TaskInstance: etl_covid_europa_pipeline.transformar scheduled__2024-04-23T00:00:00+00:00 [queued]>
[2024-10-02T17:28:49.554+0000] {taskinstance.py:2076} INFO - Dependencies all met for dep_context=requeueable deps ti=<TaskInstance: etl_covid_europa_pipeline.transformar scheduled__2024-04-23T00:00:00+00:00 [queued]>
[2024-10-02T17:28:49.555+0000] {taskinstance.py:2306} INFO - Starting attempt 1 of 1
[2024-10-02T17:28:49.573+0000] {taskinstance.py:2330} INFO - Executing <Task(PythonOperator): transformar> on 2024-04-23 00:00:00+00:00
[2024-10-02T17:28:49.585+0000] {warnings.py:112} WARNING - /home/***/.local/lib/python3.12/site-packages/***/task/task_runner/standard_task_runner.py:61: DeprecationWarning: This process (pid=2272) is multi-threaded, use of fork() may lead to deadlocks in the child.
  pid = os.fork()

[2024-10-02T17:28:49.587+0000] {standard_task_runner.py:63} INFO - Started process 2282 to run task
[2024-10-02T17:28:49.587+0000] {standard_task_runner.py:90} INFO - Running: ['***', 'tasks', 'run', 'etl_covid_europa_pipeline', 'transformar', 'scheduled__2024-04-23T00:00:00+00:00', '--job-id', '362', '--raw', '--subdir', 'DAGS_FOLDER/etl_pipeline.py', '--cfg-path', '/tmp/tmp0sl0x06z']
[2024-10-02T17:28:49.589+0000] {standard_task_runner.py:91} INFO - Job 362: Subtask transformar
[2024-10-02T17:28:49.823+0000] {task_command.py:426} INFO - Running <TaskInstance: etl_covid_europa_pipeline.transformar scheduled__2024-04-23T00:00:00+00:00 [running]> on host 99de7dfc3871
[2024-10-02T17:28:49.890+0000] {taskinstance.py:2648} INFO - Exporting env vars: AIRFLOW_CTX_DAG_OWNER='***' AIRFLOW_CTX_DAG_ID='etl_covid_europa_pipeline' AIRFLOW_CTX_TASK_ID='transformar' AIRFLOW_CTX_EXECUTION_DATE='2024-04-23T00:00:00+00:00' AIRFLOW_CTX_TRY_NUMBER='1' AIRFLOW_CTX_DAG_RUN_ID='scheduled__2024-04-23T00:00:00+00:00'
[2024-10-02T17:28:49.891+0000] {taskinstance.py:430} INFO - ::endgroup::
[2024-10-02T17:28:49.908+0000] {taskinstance.py:441} INFO - ::group::Post task execution logs
[2024-10-02T17:28:49.909+0000] {taskinstance.py:2905} ERROR - Task failed with exception
Traceback (most recent call last):
  File "/home/airflow/.local/lib/python3.12/site-packages/airflow/models/taskinstance.py", line 465, in _execute_task
    result = _execute_callable(context=context, **execute_callable_kwargs)
             ^^^^^^^^^^^^^^^^^^^^^^^^^^^^^^^^^^^^^^^^^^^^^^^^^^^^^^^^^^^^^
  File "/home/airflow/.local/lib/python3.12/site-packages/airflow/models/taskinstance.py", line 432, in _execute_callable
    return execute_callable(context=context, **execute_callable_kwargs)
           ^^^^^^^^^^^^^^^^^^^^^^^^^^^^^^^^^^^^^^^^^^^^^^^^^^^^^^^^^^^^
  File "/home/airflow/.local/lib/python3.12/site-packages/airflow/models/baseoperator.py", line 401, in wrapper
    return func(self, *args, **kwargs)
           ^^^^^^^^^^^^^^^^^^^^^^^^^^^
  File "/home/airflow/.local/lib/python3.12/site-packages/airflow/operators/python.py", line 235, in execute
    return_value = self.execute_callable()
                   ^^^^^^^^^^^^^^^^^^^^^^^
  File "/home/airflow/.local/lib/python3.12/site-packages/airflow/operators/python.py", line 252, in execute_callable
    return self.python_callable(*self.op_args, **self.op_kwargs)
           ^^^^^^^^^^^^^^^^^^^^^^^^^^^^^^^^^^^^^^^^^^^^^^^^^^^^^
  File "/opt/airflow/dags/etl_pipeline.py", line 13, in transformar
    df = pd.read_csv('data/dados_covid_extraidos.csv')
         ^^^^^^^^^^^^^^^^^^^^^^^^^^^^^^^^^^^^^^^^^^^^^
  File "/home/airflow/.local/lib/python3.12/site-packages/pandas/io/parsers/readers.py", line 948, in read_csv
    return _read(filepath_or_buffer, kwds)
           ^^^^^^^^^^^^^^^^^^^^^^^^^^^^^^^
  File "/home/airflow/.local/lib/python3.12/site-packages/pandas/io/parsers/readers.py", line 617, in _read
    return parser.read(nrows)
           ^^^^^^^^^^^^^^^^^^
  File "/home/airflow/.local/lib/python3.12/site-packages/pandas/io/parsers/readers.py", line 1748, in read
    ) = self._engine.read(  # type: ignore[attr-defined]
        ^^^^^^^^^^^^^^^^^^^^^^^^^^^^^^^^^^^^^^^^^^^^^^^^
  File "/home/airflow/.local/lib/python3.12/site-packages/pandas/io/parsers/c_parser_wrapper.py", line 234, in read
    chunks = self._reader.read_low_memory(nrows)
             ^^^^^^^^^^^^^^^^^^^^^^^^^^^^^^^^^^^
  File "parsers.pyx", line 843, in pandas._libs.parsers.TextReader.read_low_memory
  File "parsers.pyx", line 904, in pandas._libs.parsers.TextReader._read_rows
  File "parsers.pyx", line 879, in pandas._libs.parsers.TextReader._tokenize_rows
  File "parsers.pyx", line 890, in pandas._libs.parsers.TextReader._check_tokenize_status
  File "parsers.pyx", line 2058, in pandas._libs.parsers.raise_parser_error
pandas.errors.ParserError: Error tokenizing data. C error: Expected 1 fields in line 7201, saw 2

[2024-10-02T17:28:49.922+0000] {taskinstance.py:1206} INFO - Marking task as FAILED. dag_id=etl_covid_europa_pipeline, task_id=transformar, run_id=scheduled__2024-04-23T00:00:00+00:00, execution_date=20240423T000000, start_date=20241002T172849, end_date=20241002T172849
[2024-10-02T17:28:49.934+0000] {standard_task_runner.py:110} ERROR - Failed to execute job 362 for task transformar (Error tokenizing data. C error: Expected 1 fields in line 7201, saw 2
; 2282)
[2024-10-02T17:28:49.961+0000] {local_task_job_runner.py:240} INFO - Task exited with return code 1
[2024-10-02T17:28:50.133+0000] {taskinstance.py:3503} INFO - 0 downstream tasks scheduled from follow-on schedule check
[2024-10-02T17:28:50.137+0000] {local_task_job_runner.py:222} INFO - ::endgroup::
[2024-10-02T19:01:32.447+0000] {local_task_job_runner.py:120} INFO - ::group::Pre task execution logs
[2024-10-02T19:01:32.647+0000] {taskinstance.py:2076} INFO - Dependencies all met for dep_context=non-requeueable deps ti=<TaskInstance: etl_covid_europa_pipeline.transformar scheduled__2024-04-23T00:00:00+00:00 [queued]>
[2024-10-02T19:01:32.656+0000] {taskinstance.py:2076} INFO - Dependencies all met for dep_context=requeueable deps ti=<TaskInstance: etl_covid_europa_pipeline.transformar scheduled__2024-04-23T00:00:00+00:00 [queued]>
[2024-10-02T19:01:32.656+0000] {taskinstance.py:2306} INFO - Starting attempt 1 of 1
[2024-10-02T19:01:32.670+0000] {taskinstance.py:2330} INFO - Executing <Task(PythonOperator): transformar> on 2024-04-23 00:00:00+00:00
[2024-10-02T19:01:32.679+0000] {warnings.py:112} WARNING - /home/***/.local/lib/python3.12/site-packages/***/task/task_runner/standard_task_runner.py:61: DeprecationWarning: This process (pid=7046) is multi-threaded, use of fork() may lead to deadlocks in the child.
  pid = os.fork()

[2024-10-02T19:01:32.680+0000] {standard_task_runner.py:63} INFO - Started process 7060 to run task
[2024-10-02T19:01:32.680+0000] {standard_task_runner.py:90} INFO - Running: ['***', 'tasks', 'run', 'etl_covid_europa_pipeline', 'transformar', 'scheduled__2024-04-23T00:00:00+00:00', '--job-id', '1548', '--raw', '--subdir', 'DAGS_FOLDER/etl_pipeline.py', '--cfg-path', '/tmp/tmppdxjclx_']
[2024-10-02T19:01:32.683+0000] {standard_task_runner.py:91} INFO - Job 1548: Subtask transformar
[2024-10-02T19:01:32.745+0000] {task_command.py:426} INFO - Running <TaskInstance: etl_covid_europa_pipeline.transformar scheduled__2024-04-23T00:00:00+00:00 [running]> on host 99de7dfc3871
[2024-10-02T19:01:32.843+0000] {taskinstance.py:2648} INFO - Exporting env vars: AIRFLOW_CTX_DAG_OWNER='***' AIRFLOW_CTX_DAG_ID='etl_covid_europa_pipeline' AIRFLOW_CTX_TASK_ID='transformar' AIRFLOW_CTX_EXECUTION_DATE='2024-04-23T00:00:00+00:00' AIRFLOW_CTX_TRY_NUMBER='1' AIRFLOW_CTX_DAG_RUN_ID='scheduled__2024-04-23T00:00:00+00:00'
[2024-10-02T19:01:32.844+0000] {taskinstance.py:430} INFO - ::endgroup::
[2024-10-02T19:01:32.998+0000] {python.py:237} INFO - Done. Returned value was: None
[2024-10-02T19:01:32.998+0000] {taskinstance.py:441} INFO - ::group::Post task execution logs
[2024-10-02T19:01:33.007+0000] {taskinstance.py:1206} INFO - Marking task as SUCCESS. dag_id=etl_covid_europa_pipeline, task_id=transformar, run_id=scheduled__2024-04-23T00:00:00+00:00, execution_date=20240423T000000, start_date=20241002T190132, end_date=20241002T190133
[2024-10-02T19:01:33.056+0000] {local_task_job_runner.py:240} INFO - Task exited with return code 0
[2024-10-02T19:01:33.066+0000] {local_task_job_runner.py:222} INFO - ::endgroup::
[2024-10-02T19:27:38.637+0000] {local_task_job_runner.py:120} INFO - ::group::Pre task execution logs
[2024-10-02T19:27:38.819+0000] {taskinstance.py:2076} INFO - Dependencies all met for dep_context=non-requeueable deps ti=<TaskInstance: etl_covid_europa_pipeline.transformar scheduled__2024-04-23T00:00:00+00:00 [queued]>
[2024-10-02T19:27:38.828+0000] {taskinstance.py:2076} INFO - Dependencies all met for dep_context=requeueable deps ti=<TaskInstance: etl_covid_europa_pipeline.transformar scheduled__2024-04-23T00:00:00+00:00 [queued]>
[2024-10-02T19:27:38.828+0000] {taskinstance.py:2306} INFO - Starting attempt 1 of 1
[2024-10-02T19:27:38.844+0000] {taskinstance.py:2330} INFO - Executing <Task(PythonOperator): transformar> on 2024-04-23 00:00:00+00:00
[2024-10-02T19:27:38.850+0000] {warnings.py:112} WARNING - /home/***/.local/lib/python3.12/site-packages/***/task/task_runner/standard_task_runner.py:61: DeprecationWarning: This process (pid=10478) is multi-threaded, use of fork() may lead to deadlocks in the child.
  pid = os.fork()

[2024-10-02T19:27:38.851+0000] {standard_task_runner.py:63} INFO - Started process 10487 to run task
[2024-10-02T19:27:38.852+0000] {standard_task_runner.py:90} INFO - Running: ['***', 'tasks', 'run', 'etl_covid_europa_pipeline', 'transformar', 'scheduled__2024-04-23T00:00:00+00:00', '--job-id', '2581', '--raw', '--subdir', 'DAGS_FOLDER/etl_pipeline_agrupar_continente.py', '--cfg-path', '/tmp/tmp832_m2hc']
[2024-10-02T19:27:38.854+0000] {standard_task_runner.py:91} INFO - Job 2581: Subtask transformar
[2024-10-02T19:27:38.895+0000] {task_command.py:426} INFO - Running <TaskInstance: etl_covid_europa_pipeline.transformar scheduled__2024-04-23T00:00:00+00:00 [running]> on host 99de7dfc3871
[2024-10-02T19:27:38.986+0000] {taskinstance.py:2648} INFO - Exporting env vars: AIRFLOW_CTX_DAG_OWNER='***' AIRFLOW_CTX_DAG_ID='etl_covid_europa_pipeline' AIRFLOW_CTX_TASK_ID='transformar' AIRFLOW_CTX_EXECUTION_DATE='2024-04-23T00:00:00+00:00' AIRFLOW_CTX_TRY_NUMBER='1' AIRFLOW_CTX_DAG_RUN_ID='scheduled__2024-04-23T00:00:00+00:00'
[2024-10-02T19:27:38.987+0000] {taskinstance.py:430} INFO - ::endgroup::
[2024-10-02T19:27:39.108+0000] {python.py:237} INFO - Done. Returned value was: None
[2024-10-02T19:27:39.109+0000] {taskinstance.py:441} INFO - ::group::Post task execution logs
[2024-10-02T19:27:39.116+0000] {taskinstance.py:1206} INFO - Marking task as SUCCESS. dag_id=etl_covid_europa_pipeline, task_id=transformar, run_id=scheduled__2024-04-23T00:00:00+00:00, execution_date=20240423T000000, start_date=20241002T192738, end_date=20241002T192739
[2024-10-02T19:27:39.145+0000] {local_task_job_runner.py:240} INFO - Task exited with return code 0
[2024-10-02T19:27:39.163+0000] {taskinstance.py:3503} INFO - 1 downstream tasks scheduled from follow-on schedule check
[2024-10-02T19:27:39.165+0000] {local_task_job_runner.py:222} INFO - ::endgroup::
