[2024-10-02T17:29:25.701+0000] {local_task_job_runner.py:120} INFO - ::group::Pre task execution logs
[2024-10-02T17:29:25.732+0000] {taskinstance.py:2076} INFO - Dependencies all met for dep_context=non-requeueable deps ti=<TaskInstance: etl_covid_europa_pipeline.extrair scheduled__2024-05-22T00:00:00+00:00 [queued]>
[2024-10-02T17:29:25.741+0000] {taskinstance.py:2076} INFO - Dependencies all met for dep_context=requeueable deps ti=<TaskInstance: etl_covid_europa_pipeline.extrair scheduled__2024-05-22T00:00:00+00:00 [queued]>
[2024-10-02T17:29:25.742+0000] {taskinstance.py:2306} INFO - Starting attempt 1 of 1
[2024-10-02T17:29:25.926+0000] {taskinstance.py:2330} INFO - Executing <Task(PythonOperator): extrair> on 2024-05-22 00:00:00+00:00
[2024-10-02T17:29:25.934+0000] {warnings.py:112} WARNING - /home/***/.local/lib/python3.12/site-packages/***/task/task_runner/standard_task_runner.py:61: DeprecationWarning: This process (pid=2419) is multi-threaded, use of fork() may lead to deadlocks in the child.
  pid = os.fork()

[2024-10-02T17:29:25.935+0000] {standard_task_runner.py:63} INFO - Started process 2434 to run task
[2024-10-02T17:29:25.935+0000] {standard_task_runner.py:90} INFO - Running: ['***', 'tasks', 'run', 'etl_covid_europa_pipeline', 'extrair', 'scheduled__2024-05-22T00:00:00+00:00', '--job-id', '407', '--raw', '--subdir', 'DAGS_FOLDER/etl_pipeline.py', '--cfg-path', '/tmp/tmppckggnwb']
[2024-10-02T17:29:25.937+0000] {standard_task_runner.py:91} INFO - Job 407: Subtask extrair
[2024-10-02T17:29:25.990+0000] {task_command.py:426} INFO - Running <TaskInstance: etl_covid_europa_pipeline.extrair scheduled__2024-05-22T00:00:00+00:00 [running]> on host 99de7dfc3871
[2024-10-02T17:29:26.079+0000] {taskinstance.py:2648} INFO - Exporting env vars: AIRFLOW_CTX_DAG_OWNER='***' AIRFLOW_CTX_DAG_ID='etl_covid_europa_pipeline' AIRFLOW_CTX_TASK_ID='extrair' AIRFLOW_CTX_EXECUTION_DATE='2024-05-22T00:00:00+00:00' AIRFLOW_CTX_TRY_NUMBER='1' AIRFLOW_CTX_DAG_RUN_ID='scheduled__2024-05-22T00:00:00+00:00'
[2024-10-02T17:29:26.080+0000] {taskinstance.py:430} INFO - ::endgroup::
[2024-10-02T17:29:32.615+0000] {python.py:237} INFO - Done. Returned value was: None
[2024-10-02T17:29:32.616+0000] {taskinstance.py:441} INFO - ::group::Post task execution logs
[2024-10-02T17:29:32.625+0000] {taskinstance.py:1206} INFO - Marking task as SUCCESS. dag_id=etl_covid_europa_pipeline, task_id=extrair, run_id=scheduled__2024-05-22T00:00:00+00:00, execution_date=20240522T000000, start_date=20241002T172925, end_date=20241002T172932
[2024-10-02T17:29:32.677+0000] {local_task_job_runner.py:240} INFO - Task exited with return code 0
[2024-10-02T17:29:32.705+0000] {taskinstance.py:3503} INFO - 1 downstream tasks scheduled from follow-on schedule check
[2024-10-02T17:29:32.709+0000] {local_task_job_runner.py:222} INFO - ::endgroup::
[2024-10-02T19:02:07.611+0000] {local_task_job_runner.py:120} INFO - ::group::Pre task execution logs
[2024-10-02T19:02:07.635+0000] {taskinstance.py:2076} INFO - Dependencies all met for dep_context=non-requeueable deps ti=<TaskInstance: etl_covid_europa_pipeline.extrair scheduled__2024-05-22T00:00:00+00:00 [queued]>
[2024-10-02T19:02:07.824+0000] {taskinstance.py:2076} INFO - Dependencies all met for dep_context=requeueable deps ti=<TaskInstance: etl_covid_europa_pipeline.extrair scheduled__2024-05-22T00:00:00+00:00 [queued]>
[2024-10-02T19:02:07.825+0000] {taskinstance.py:2306} INFO - Starting attempt 1 of 1
[2024-10-02T19:02:07.842+0000] {taskinstance.py:2330} INFO - Executing <Task(PythonOperator): extrair> on 2024-05-22 00:00:00+00:00
[2024-10-02T19:02:07.849+0000] {warnings.py:112} WARNING - /home/***/.local/lib/python3.12/site-packages/***/task/task_runner/standard_task_runner.py:61: DeprecationWarning: This process (pid=7279) is multi-threaded, use of fork() may lead to deadlocks in the child.
  pid = os.fork()

[2024-10-02T19:02:07.851+0000] {standard_task_runner.py:63} INFO - Started process 7298 to run task
[2024-10-02T19:02:07.850+0000] {standard_task_runner.py:90} INFO - Running: ['***', 'tasks', 'run', 'etl_covid_europa_pipeline', 'extrair', 'scheduled__2024-05-22T00:00:00+00:00', '--job-id', '1626', '--raw', '--subdir', 'DAGS_FOLDER/etl_pipeline.py', '--cfg-path', '/tmp/tmp8qr64kow']
[2024-10-02T19:02:07.853+0000] {standard_task_runner.py:91} INFO - Job 1626: Subtask extrair
[2024-10-02T19:02:07.906+0000] {task_command.py:426} INFO - Running <TaskInstance: etl_covid_europa_pipeline.extrair scheduled__2024-05-22T00:00:00+00:00 [running]> on host 99de7dfc3871
[2024-10-02T19:02:07.995+0000] {taskinstance.py:2648} INFO - Exporting env vars: AIRFLOW_CTX_DAG_OWNER='***' AIRFLOW_CTX_DAG_ID='etl_covid_europa_pipeline' AIRFLOW_CTX_TASK_ID='extrair' AIRFLOW_CTX_EXECUTION_DATE='2024-05-22T00:00:00+00:00' AIRFLOW_CTX_TRY_NUMBER='1' AIRFLOW_CTX_DAG_RUN_ID='scheduled__2024-05-22T00:00:00+00:00'
[2024-10-02T19:02:07.998+0000] {taskinstance.py:430} INFO - ::endgroup::
[2024-10-02T19:02:14.406+0000] {python.py:237} INFO - Done. Returned value was: None
[2024-10-02T19:02:14.407+0000] {taskinstance.py:441} INFO - ::group::Post task execution logs
[2024-10-02T19:02:14.419+0000] {taskinstance.py:1206} INFO - Marking task as SUCCESS. dag_id=etl_covid_europa_pipeline, task_id=extrair, run_id=scheduled__2024-05-22T00:00:00+00:00, execution_date=20240522T000000, start_date=20241002T190207, end_date=20241002T190214
[2024-10-02T19:02:14.482+0000] {local_task_job_runner.py:240} INFO - Task exited with return code 0
[2024-10-02T19:02:14.516+0000] {taskinstance.py:3503} INFO - 1 downstream tasks scheduled from follow-on schedule check
[2024-10-02T19:02:14.518+0000] {local_task_job_runner.py:222} INFO - ::endgroup::
