[2024-10-02T17:28:40.947+0000] {local_task_job_runner.py:120} INFO - ::group::Pre task execution logs
[2024-10-02T17:28:40.968+0000] {taskinstance.py:2076} INFO - Dependencies all met for dep_context=non-requeueable deps ti=<TaskInstance: etl_covid_europa_pipeline.extrair scheduled__2024-04-23T00:00:00+00:00 [queued]>
[2024-10-02T17:28:40.975+0000] {taskinstance.py:2076} INFO - Dependencies all met for dep_context=requeueable deps ti=<TaskInstance: etl_covid_europa_pipeline.extrair scheduled__2024-04-23T00:00:00+00:00 [queued]>
[2024-10-02T17:28:40.976+0000] {taskinstance.py:2306} INFO - Starting attempt 1 of 1
[2024-10-02T17:28:41.125+0000] {taskinstance.py:2330} INFO - Executing <Task(PythonOperator): extrair> on 2024-04-23 00:00:00+00:00
[2024-10-02T17:28:41.131+0000] {warnings.py:112} WARNING - /home/***/.local/lib/python3.12/site-packages/***/task/task_runner/standard_task_runner.py:61: DeprecationWarning: This process (pid=2232) is multi-threaded, use of fork() may lead to deadlocks in the child.
  pid = os.fork()

[2024-10-02T17:28:41.133+0000] {standard_task_runner.py:63} INFO - Started process 2240 to run task
[2024-10-02T17:28:41.133+0000] {standard_task_runner.py:90} INFO - Running: ['***', 'tasks', 'run', 'etl_covid_europa_pipeline', 'extrair', 'scheduled__2024-04-23T00:00:00+00:00', '--job-id', '347', '--raw', '--subdir', 'DAGS_FOLDER/etl_pipeline.py', '--cfg-path', '/tmp/tmpm44glye3']
[2024-10-02T17:28:41.135+0000] {standard_task_runner.py:91} INFO - Job 347: Subtask extrair
[2024-10-02T17:28:41.173+0000] {task_command.py:426} INFO - Running <TaskInstance: etl_covid_europa_pipeline.extrair scheduled__2024-04-23T00:00:00+00:00 [running]> on host 99de7dfc3871
[2024-10-02T17:28:41.244+0000] {taskinstance.py:2648} INFO - Exporting env vars: AIRFLOW_CTX_DAG_OWNER='***' AIRFLOW_CTX_DAG_ID='etl_covid_europa_pipeline' AIRFLOW_CTX_TASK_ID='extrair' AIRFLOW_CTX_EXECUTION_DATE='2024-04-23T00:00:00+00:00' AIRFLOW_CTX_TRY_NUMBER='1' AIRFLOW_CTX_DAG_RUN_ID='scheduled__2024-04-23T00:00:00+00:00'
[2024-10-02T17:28:41.245+0000] {taskinstance.py:430} INFO - ::endgroup::
[2024-10-02T17:28:47.876+0000] {python.py:237} INFO - Done. Returned value was: None
[2024-10-02T17:28:47.878+0000] {taskinstance.py:441} INFO - ::group::Post task execution logs
[2024-10-02T17:28:47.890+0000] {taskinstance.py:1206} INFO - Marking task as SUCCESS. dag_id=etl_covid_europa_pipeline, task_id=extrair, run_id=scheduled__2024-04-23T00:00:00+00:00, execution_date=20240423T000000, start_date=20241002T172840, end_date=20241002T172847
[2024-10-02T17:28:47.966+0000] {local_task_job_runner.py:240} INFO - Task exited with return code 0
[2024-10-02T17:28:47.995+0000] {taskinstance.py:3503} INFO - 1 downstream tasks scheduled from follow-on schedule check
[2024-10-02T17:28:47.998+0000] {local_task_job_runner.py:222} INFO - ::endgroup::
[2024-10-02T19:01:23.900+0000] {local_task_job_runner.py:120} INFO - ::group::Pre task execution logs
[2024-10-02T19:01:24.095+0000] {taskinstance.py:2076} INFO - Dependencies all met for dep_context=non-requeueable deps ti=<TaskInstance: etl_covid_europa_pipeline.extrair scheduled__2024-04-23T00:00:00+00:00 [queued]>
[2024-10-02T19:01:24.103+0000] {taskinstance.py:2076} INFO - Dependencies all met for dep_context=requeueable deps ti=<TaskInstance: etl_covid_europa_pipeline.extrair scheduled__2024-04-23T00:00:00+00:00 [queued]>
[2024-10-02T19:01:24.104+0000] {taskinstance.py:2306} INFO - Starting attempt 1 of 1
[2024-10-02T19:01:24.121+0000] {taskinstance.py:2330} INFO - Executing <Task(PythonOperator): extrair> on 2024-04-23 00:00:00+00:00
[2024-10-02T19:01:24.128+0000] {warnings.py:112} WARNING - /home/***/.local/lib/python3.12/site-packages/***/task/task_runner/standard_task_runner.py:61: DeprecationWarning: This process (pid=7008) is multi-threaded, use of fork() may lead to deadlocks in the child.
  pid = os.fork()

[2024-10-02T19:01:24.129+0000] {standard_task_runner.py:63} INFO - Started process 7019 to run task
[2024-10-02T19:01:24.130+0000] {standard_task_runner.py:90} INFO - Running: ['***', 'tasks', 'run', 'etl_covid_europa_pipeline', 'extrair', 'scheduled__2024-04-23T00:00:00+00:00', '--job-id', '1537', '--raw', '--subdir', 'DAGS_FOLDER/etl_pipeline.py', '--cfg-path', '/tmp/tmpchv82181']
[2024-10-02T19:01:24.132+0000] {standard_task_runner.py:91} INFO - Job 1537: Subtask extrair
[2024-10-02T19:01:24.179+0000] {task_command.py:426} INFO - Running <TaskInstance: etl_covid_europa_pipeline.extrair scheduled__2024-04-23T00:00:00+00:00 [running]> on host 99de7dfc3871
[2024-10-02T19:01:24.267+0000] {taskinstance.py:2648} INFO - Exporting env vars: AIRFLOW_CTX_DAG_OWNER='***' AIRFLOW_CTX_DAG_ID='etl_covid_europa_pipeline' AIRFLOW_CTX_TASK_ID='extrair' AIRFLOW_CTX_EXECUTION_DATE='2024-04-23T00:00:00+00:00' AIRFLOW_CTX_TRY_NUMBER='1' AIRFLOW_CTX_DAG_RUN_ID='scheduled__2024-04-23T00:00:00+00:00'
[2024-10-02T19:01:24.269+0000] {taskinstance.py:430} INFO - ::endgroup::
[2024-10-02T19:01:30.454+0000] {python.py:237} INFO - Done. Returned value was: None
[2024-10-02T19:01:30.455+0000] {taskinstance.py:441} INFO - ::group::Post task execution logs
[2024-10-02T19:01:30.465+0000] {taskinstance.py:1206} INFO - Marking task as SUCCESS. dag_id=etl_covid_europa_pipeline, task_id=extrair, run_id=scheduled__2024-04-23T00:00:00+00:00, execution_date=20240423T000000, start_date=20241002T190124, end_date=20241002T190130
[2024-10-02T19:01:30.566+0000] {local_task_job_runner.py:240} INFO - Task exited with return code 0
[2024-10-02T19:01:30.591+0000] {taskinstance.py:3503} INFO - 1 downstream tasks scheduled from follow-on schedule check
[2024-10-02T19:01:30.594+0000] {local_task_job_runner.py:222} INFO - ::endgroup::
[2024-10-02T19:27:28.310+0000] {local_task_job_runner.py:120} INFO - ::group::Pre task execution logs
[2024-10-02T19:27:28.482+0000] {taskinstance.py:2076} INFO - Dependencies all met for dep_context=non-requeueable deps ti=<TaskInstance: etl_covid_europa_pipeline.extrair scheduled__2024-04-23T00:00:00+00:00 [queued]>
[2024-10-02T19:27:28.490+0000] {taskinstance.py:2076} INFO - Dependencies all met for dep_context=requeueable deps ti=<TaskInstance: etl_covid_europa_pipeline.extrair scheduled__2024-04-23T00:00:00+00:00 [queued]>
[2024-10-02T19:27:28.490+0000] {taskinstance.py:2306} INFO - Starting attempt 1 of 1
[2024-10-02T19:27:28.502+0000] {taskinstance.py:2330} INFO - Executing <Task(PythonOperator): extrair> on 2024-04-23 00:00:00+00:00
[2024-10-02T19:27:28.507+0000] {warnings.py:112} WARNING - /home/***/.local/lib/python3.12/site-packages/***/task/task_runner/standard_task_runner.py:61: DeprecationWarning: This process (pid=10397) is multi-threaded, use of fork() may lead to deadlocks in the child.
  pid = os.fork()

[2024-10-02T19:27:28.508+0000] {standard_task_runner.py:63} INFO - Started process 10411 to run task
[2024-10-02T19:27:28.508+0000] {standard_task_runner.py:90} INFO - Running: ['***', 'tasks', 'run', 'etl_covid_europa_pipeline', 'extrair', 'scheduled__2024-04-23T00:00:00+00:00', '--job-id', '2557', '--raw', '--subdir', 'DAGS_FOLDER/etl_pipeline_agrupar_continente.py', '--cfg-path', '/tmp/tmpxmj_mo87']
[2024-10-02T19:27:28.510+0000] {standard_task_runner.py:91} INFO - Job 2557: Subtask extrair
[2024-10-02T19:27:28.552+0000] {task_command.py:426} INFO - Running <TaskInstance: etl_covid_europa_pipeline.extrair scheduled__2024-04-23T00:00:00+00:00 [running]> on host 99de7dfc3871
[2024-10-02T19:27:28.630+0000] {taskinstance.py:2648} INFO - Exporting env vars: AIRFLOW_CTX_DAG_OWNER='***' AIRFLOW_CTX_DAG_ID='etl_covid_europa_pipeline' AIRFLOW_CTX_TASK_ID='extrair' AIRFLOW_CTX_EXECUTION_DATE='2024-04-23T00:00:00+00:00' AIRFLOW_CTX_TRY_NUMBER='1' AIRFLOW_CTX_DAG_RUN_ID='scheduled__2024-04-23T00:00:00+00:00'
[2024-10-02T19:27:28.631+0000] {taskinstance.py:430} INFO - ::endgroup::
[2024-10-02T19:27:37.232+0000] {python.py:237} INFO - Done. Returned value was: None
[2024-10-02T19:27:37.233+0000] {taskinstance.py:441} INFO - ::group::Post task execution logs
[2024-10-02T19:27:37.242+0000] {taskinstance.py:1206} INFO - Marking task as SUCCESS. dag_id=etl_covid_europa_pipeline, task_id=extrair, run_id=scheduled__2024-04-23T00:00:00+00:00, execution_date=20240423T000000, start_date=20241002T192728, end_date=20241002T192737
[2024-10-02T19:27:37.292+0000] {local_task_job_runner.py:240} INFO - Task exited with return code 0
[2024-10-02T19:27:37.314+0000] {taskinstance.py:3503} INFO - 1 downstream tasks scheduled from follow-on schedule check
[2024-10-02T19:27:37.316+0000] {local_task_job_runner.py:222} INFO - ::endgroup::
