[2024-10-02T17:30:26.945+0000] {local_task_job_runner.py:120} INFO - ::group::Pre task execution logs
[2024-10-02T17:30:26.971+0000] {taskinstance.py:2076} INFO - Dependencies all met for dep_context=non-requeueable deps ti=<TaskInstance: etl_covid_europa_pipeline.extrair scheduled__2024-07-07T00:00:00+00:00 [queued]>
[2024-10-02T17:30:26.978+0000] {taskinstance.py:2076} INFO - Dependencies all met for dep_context=requeueable deps ti=<TaskInstance: etl_covid_europa_pipeline.extrair scheduled__2024-07-07T00:00:00+00:00 [queued]>
[2024-10-02T17:30:26.979+0000] {taskinstance.py:2306} INFO - Starting attempt 1 of 1
[2024-10-02T17:30:27.173+0000] {taskinstance.py:2330} INFO - Executing <Task(PythonOperator): extrair> on 2024-07-07 00:00:00+00:00
[2024-10-02T17:30:27.182+0000] {warnings.py:112} WARNING - /home/***/.local/lib/python3.12/site-packages/***/task/task_runner/standard_task_runner.py:61: DeprecationWarning: This process (pid=2689) is multi-threaded, use of fork() may lead to deadlocks in the child.
  pid = os.fork()

[2024-10-02T17:30:27.183+0000] {standard_task_runner.py:63} INFO - Started process 2706 to run task
[2024-10-02T17:30:27.183+0000] {standard_task_runner.py:90} INFO - Running: ['***', 'tasks', 'run', 'etl_covid_europa_pipeline', 'extrair', 'scheduled__2024-07-07T00:00:00+00:00', '--job-id', '493', '--raw', '--subdir', 'DAGS_FOLDER/etl_pipeline.py', '--cfg-path', '/tmp/tmp0dt2dsnh']
[2024-10-02T17:30:27.185+0000] {standard_task_runner.py:91} INFO - Job 493: Subtask extrair
[2024-10-02T17:30:27.236+0000] {task_command.py:426} INFO - Running <TaskInstance: etl_covid_europa_pipeline.extrair scheduled__2024-07-07T00:00:00+00:00 [running]> on host 99de7dfc3871
[2024-10-02T17:30:27.319+0000] {taskinstance.py:2648} INFO - Exporting env vars: AIRFLOW_CTX_DAG_OWNER='***' AIRFLOW_CTX_DAG_ID='etl_covid_europa_pipeline' AIRFLOW_CTX_TASK_ID='extrair' AIRFLOW_CTX_EXECUTION_DATE='2024-07-07T00:00:00+00:00' AIRFLOW_CTX_TRY_NUMBER='1' AIRFLOW_CTX_DAG_RUN_ID='scheduled__2024-07-07T00:00:00+00:00'
[2024-10-02T17:30:27.321+0000] {taskinstance.py:430} INFO - ::endgroup::
[2024-10-02T17:30:33.300+0000] {python.py:237} INFO - Done. Returned value was: None
[2024-10-02T17:30:33.301+0000] {taskinstance.py:441} INFO - ::group::Post task execution logs
[2024-10-02T17:30:33.311+0000] {taskinstance.py:1206} INFO - Marking task as SUCCESS. dag_id=etl_covid_europa_pipeline, task_id=extrair, run_id=scheduled__2024-07-07T00:00:00+00:00, execution_date=20240707T000000, start_date=20241002T173026, end_date=20241002T173033
[2024-10-02T17:30:33.363+0000] {local_task_job_runner.py:240} INFO - Task exited with return code 0
[2024-10-02T17:30:33.395+0000] {taskinstance.py:3503} INFO - 1 downstream tasks scheduled from follow-on schedule check
[2024-10-02T17:30:33.399+0000] {local_task_job_runner.py:222} INFO - ::endgroup::
[2024-10-02T18:54:05.221+0000] {local_task_job_runner.py:120} INFO - ::group::Pre task execution logs
[2024-10-02T18:54:05.243+0000] {taskinstance.py:2076} INFO - Dependencies all met for dep_context=non-requeueable deps ti=<TaskInstance: etl_covid_europa_pipeline.extrair scheduled__2024-07-07T00:00:00+00:00 [queued]>
[2024-10-02T18:54:05.251+0000] {taskinstance.py:2076} INFO - Dependencies all met for dep_context=requeueable deps ti=<TaskInstance: etl_covid_europa_pipeline.extrair scheduled__2024-07-07T00:00:00+00:00 [queued]>
[2024-10-02T18:54:05.251+0000] {taskinstance.py:2306} INFO - Starting attempt 1 of 1
[2024-10-02T18:54:05.470+0000] {taskinstance.py:2330} INFO - Executing <Task(PythonOperator): extrair> on 2024-07-07 00:00:00+00:00
[2024-10-02T18:54:05.475+0000] {warnings.py:112} WARNING - /home/***/.local/lib/python3.12/site-packages/***/task/task_runner/standard_task_runner.py:61: DeprecationWarning: This process (pid=4352) is multi-threaded, use of fork() may lead to deadlocks in the child.
  pid = os.fork()

[2024-10-02T18:54:05.476+0000] {standard_task_runner.py:63} INFO - Started process 4361 to run task
[2024-10-02T18:54:05.477+0000] {standard_task_runner.py:90} INFO - Running: ['***', 'tasks', 'run', 'etl_covid_europa_pipeline', 'extrair', 'scheduled__2024-07-07T00:00:00+00:00', '--job-id', '685', '--raw', '--subdir', 'DAGS_FOLDER/etl_pipeline.py', '--cfg-path', '/tmp/tmpsnemmdba']
[2024-10-02T18:54:05.478+0000] {standard_task_runner.py:91} INFO - Job 685: Subtask extrair
[2024-10-02T18:54:05.522+0000] {task_command.py:426} INFO - Running <TaskInstance: etl_covid_europa_pipeline.extrair scheduled__2024-07-07T00:00:00+00:00 [running]> on host 99de7dfc3871
[2024-10-02T18:54:05.595+0000] {taskinstance.py:2648} INFO - Exporting env vars: AIRFLOW_CTX_DAG_OWNER='***' AIRFLOW_CTX_DAG_ID='etl_covid_europa_pipeline' AIRFLOW_CTX_TASK_ID='extrair' AIRFLOW_CTX_EXECUTION_DATE='2024-07-07T00:00:00+00:00' AIRFLOW_CTX_TRY_NUMBER='1' AIRFLOW_CTX_DAG_RUN_ID='scheduled__2024-07-07T00:00:00+00:00'
[2024-10-02T18:54:05.596+0000] {taskinstance.py:430} INFO - ::endgroup::
[2024-10-02T18:54:12.483+0000] {python.py:237} INFO - Done. Returned value was: None
[2024-10-02T18:54:12.485+0000] {taskinstance.py:441} INFO - ::group::Post task execution logs
[2024-10-02T18:54:12.504+0000] {taskinstance.py:1206} INFO - Marking task as SUCCESS. dag_id=etl_covid_europa_pipeline, task_id=extrair, run_id=scheduled__2024-07-07T00:00:00+00:00, execution_date=20240707T000000, start_date=20241002T185405, end_date=20241002T185412
[2024-10-02T18:54:12.591+0000] {local_task_job_runner.py:240} INFO - Task exited with return code 0
[2024-10-02T18:54:12.628+0000] {taskinstance.py:3503} INFO - 1 downstream tasks scheduled from follow-on schedule check
[2024-10-02T18:54:12.637+0000] {local_task_job_runner.py:222} INFO - ::endgroup::
[2024-10-02T19:03:06.834+0000] {local_task_job_runner.py:120} INFO - ::group::Pre task execution logs
[2024-10-02T19:03:06.863+0000] {taskinstance.py:2076} INFO - Dependencies all met for dep_context=non-requeueable deps ti=<TaskInstance: etl_covid_europa_pipeline.extrair scheduled__2024-07-07T00:00:00+00:00 [queued]>
[2024-10-02T19:03:07.097+0000] {taskinstance.py:2076} INFO - Dependencies all met for dep_context=requeueable deps ti=<TaskInstance: etl_covid_europa_pipeline.extrair scheduled__2024-07-07T00:00:00+00:00 [queued]>
[2024-10-02T19:03:07.098+0000] {taskinstance.py:2306} INFO - Starting attempt 1 of 1
[2024-10-02T19:03:07.217+0000] {taskinstance.py:2330} INFO - Executing <Task(PythonOperator): extrair> on 2024-07-07 00:00:00+00:00
[2024-10-02T19:03:07.225+0000] {warnings.py:112} WARNING - /home/***/.local/lib/python3.12/site-packages/***/task/task_runner/standard_task_runner.py:61: DeprecationWarning: This process (pid=7643) is multi-threaded, use of fork() may lead to deadlocks in the child.
  pid = os.fork()

[2024-10-02T19:03:07.227+0000] {standard_task_runner.py:63} INFO - Started process 7660 to run task
[2024-10-02T19:03:07.227+0000] {standard_task_runner.py:90} INFO - Running: ['***', 'tasks', 'run', 'etl_covid_europa_pipeline', 'extrair', 'scheduled__2024-07-07T00:00:00+00:00', '--job-id', '1742', '--raw', '--subdir', 'DAGS_FOLDER/etl_pipeline.py', '--cfg-path', '/tmp/tmp3kd4eslf']
[2024-10-02T19:03:07.229+0000] {standard_task_runner.py:91} INFO - Job 1742: Subtask extrair
[2024-10-02T19:03:07.280+0000] {task_command.py:426} INFO - Running <TaskInstance: etl_covid_europa_pipeline.extrair scheduled__2024-07-07T00:00:00+00:00 [running]> on host 99de7dfc3871
[2024-10-02T19:03:07.388+0000] {taskinstance.py:2648} INFO - Exporting env vars: AIRFLOW_CTX_DAG_OWNER='***' AIRFLOW_CTX_DAG_ID='etl_covid_europa_pipeline' AIRFLOW_CTX_TASK_ID='extrair' AIRFLOW_CTX_EXECUTION_DATE='2024-07-07T00:00:00+00:00' AIRFLOW_CTX_TRY_NUMBER='1' AIRFLOW_CTX_DAG_RUN_ID='scheduled__2024-07-07T00:00:00+00:00'
[2024-10-02T19:03:07.392+0000] {taskinstance.py:430} INFO - ::endgroup::
[2024-10-02T19:03:12.288+0000] {python.py:237} INFO - Done. Returned value was: None
[2024-10-02T19:03:12.289+0000] {taskinstance.py:441} INFO - ::group::Post task execution logs
[2024-10-02T19:03:12.298+0000] {taskinstance.py:1206} INFO - Marking task as SUCCESS. dag_id=etl_covid_europa_pipeline, task_id=extrair, run_id=scheduled__2024-07-07T00:00:00+00:00, execution_date=20240707T000000, start_date=20241002T190306, end_date=20241002T190312
[2024-10-02T19:03:12.330+0000] {local_task_job_runner.py:240} INFO - Task exited with return code 0
[2024-10-02T19:03:12.353+0000] {taskinstance.py:3503} INFO - 1 downstream tasks scheduled from follow-on schedule check
[2024-10-02T19:03:12.355+0000] {local_task_job_runner.py:222} INFO - ::endgroup::
