[2024-10-02T17:26:34.970+0000] {local_task_job_runner.py:120} INFO - ::group::Pre task execution logs
[2024-10-02T17:26:34.996+0000] {taskinstance.py:2076} INFO - Dependencies all met for dep_context=non-requeueable deps ti=<TaskInstance: etl_covid_europa_pipeline.transformar scheduled__2023-12-09T00:00:00+00:00 [queued]>
[2024-10-02T17:26:35.005+0000] {taskinstance.py:2076} INFO - Dependencies all met for dep_context=requeueable deps ti=<TaskInstance: etl_covid_europa_pipeline.transformar scheduled__2023-12-09T00:00:00+00:00 [queued]>
[2024-10-02T17:26:35.006+0000] {taskinstance.py:2306} INFO - Starting attempt 1 of 1
[2024-10-02T17:26:35.262+0000] {taskinstance.py:2330} INFO - Executing <Task(PythonOperator): transformar> on 2023-12-09 00:00:00+00:00
[2024-10-02T17:26:35.276+0000] {warnings.py:112} WARNING - /home/***/.local/lib/python3.12/site-packages/***/task/task_runner/standard_task_runner.py:61: DeprecationWarning: This process (pid=1649) is multi-threaded, use of fork() may lead to deadlocks in the child.
  pid = os.fork()

[2024-10-02T17:26:35.277+0000] {standard_task_runner.py:63} INFO - Started process 1666 to run task
[2024-10-02T17:26:35.277+0000] {standard_task_runner.py:90} INFO - Running: ['***', 'tasks', 'run', 'etl_covid_europa_pipeline', 'transformar', 'scheduled__2023-12-09T00:00:00+00:00', '--job-id', '163', '--raw', '--subdir', 'DAGS_FOLDER/etl_pipeline.py', '--cfg-path', '/tmp/tmpnqc8ordk']
[2024-10-02T17:26:35.280+0000] {standard_task_runner.py:91} INFO - Job 163: Subtask transformar
[2024-10-02T17:26:35.332+0000] {task_command.py:426} INFO - Running <TaskInstance: etl_covid_europa_pipeline.transformar scheduled__2023-12-09T00:00:00+00:00 [running]> on host 99de7dfc3871
[2024-10-02T17:26:35.422+0000] {taskinstance.py:2648} INFO - Exporting env vars: AIRFLOW_CTX_DAG_OWNER='***' AIRFLOW_CTX_DAG_ID='etl_covid_europa_pipeline' AIRFLOW_CTX_TASK_ID='transformar' AIRFLOW_CTX_EXECUTION_DATE='2023-12-09T00:00:00+00:00' AIRFLOW_CTX_TRY_NUMBER='1' AIRFLOW_CTX_DAG_RUN_ID='scheduled__2023-12-09T00:00:00+00:00'
[2024-10-02T17:26:35.423+0000] {taskinstance.py:430} INFO - ::endgroup::
[2024-10-02T17:26:35.637+0000] {taskinstance.py:441} INFO - ::group::Post task execution logs
[2024-10-02T17:26:35.637+0000] {taskinstance.py:2905} ERROR - Task failed with exception
Traceback (most recent call last):
  File "/home/airflow/.local/lib/python3.12/site-packages/airflow/models/taskinstance.py", line 465, in _execute_task
    result = _execute_callable(context=context, **execute_callable_kwargs)
             ^^^^^^^^^^^^^^^^^^^^^^^^^^^^^^^^^^^^^^^^^^^^^^^^^^^^^^^^^^^^^
  File "/home/airflow/.local/lib/python3.12/site-packages/airflow/models/taskinstance.py", line 432, in _execute_callable
    return execute_callable(context=context, **execute_callable_kwargs)
           ^^^^^^^^^^^^^^^^^^^^^^^^^^^^^^^^^^^^^^^^^^^^^^^^^^^^^^^^^^^^
  File "/home/airflow/.local/lib/python3.12/site-packages/airflow/models/baseoperator.py", line 401, in wrapper
    return func(self, *args, **kwargs)
           ^^^^^^^^^^^^^^^^^^^^^^^^^^^
  File "/home/airflow/.local/lib/python3.12/site-packages/airflow/operators/python.py", line 235, in execute
    return_value = self.execute_callable()
                   ^^^^^^^^^^^^^^^^^^^^^^^
  File "/home/airflow/.local/lib/python3.12/site-packages/airflow/operators/python.py", line 252, in execute_callable
    return self.python_callable(*self.op_args, **self.op_kwargs)
           ^^^^^^^^^^^^^^^^^^^^^^^^^^^^^^^^^^^^^^^^^^^^^^^^^^^^^
  File "/opt/airflow/dags/etl_pipeline.py", line 17, in transformar
    df_agrupada = df.groupby('ContinentExp')[['cases', 'deaths']].sum().reset_index()
                  ^^^^^^^^^^^^^^^^^^^^^^^^^^
  File "/home/airflow/.local/lib/python3.12/site-packages/pandas/core/frame.py", line 8869, in groupby
    return DataFrameGroupBy(
           ^^^^^^^^^^^^^^^^^
  File "/home/airflow/.local/lib/python3.12/site-packages/pandas/core/groupby/groupby.py", line 1278, in __init__
    grouper, exclusions, obj = get_grouper(
                               ^^^^^^^^^^^^
  File "/home/airflow/.local/lib/python3.12/site-packages/pandas/core/groupby/grouper.py", line 1009, in get_grouper
    raise KeyError(gpr)
KeyError: 'ContinentExp'
[2024-10-02T17:26:35.655+0000] {taskinstance.py:1206} INFO - Marking task as FAILED. dag_id=etl_covid_europa_pipeline, task_id=transformar, run_id=scheduled__2023-12-09T00:00:00+00:00, execution_date=20231209T000000, start_date=20241002T172634, end_date=20241002T172635
[2024-10-02T17:26:35.670+0000] {standard_task_runner.py:110} ERROR - Failed to execute job 163 for task transformar ('ContinentExp'; 1666)
[2024-10-02T17:26:35.693+0000] {local_task_job_runner.py:240} INFO - Task exited with return code 1
[2024-10-02T17:26:35.713+0000] {taskinstance.py:3503} INFO - 0 downstream tasks scheduled from follow-on schedule check
[2024-10-02T17:26:35.719+0000] {local_task_job_runner.py:222} INFO - ::endgroup::
[2024-10-02T18:58:34.780+0000] {local_task_job_runner.py:120} INFO - ::group::Pre task execution logs
[2024-10-02T18:58:34.811+0000] {taskinstance.py:2076} INFO - Dependencies all met for dep_context=non-requeueable deps ti=<TaskInstance: etl_covid_europa_pipeline.transformar scheduled__2023-12-09T00:00:00+00:00 [queued]>
[2024-10-02T18:58:35.062+0000] {taskinstance.py:2076} INFO - Dependencies all met for dep_context=requeueable deps ti=<TaskInstance: etl_covid_europa_pipeline.transformar scheduled__2023-12-09T00:00:00+00:00 [queued]>
[2024-10-02T18:58:35.063+0000] {taskinstance.py:2306} INFO - Starting attempt 1 of 1
[2024-10-02T18:58:35.102+0000] {taskinstance.py:2330} INFO - Executing <Task(PythonOperator): transformar> on 2023-12-09 00:00:00+00:00
[2024-10-02T18:58:35.112+0000] {warnings.py:112} WARNING - /home/***/.local/lib/python3.12/site-packages/***/task/task_runner/standard_task_runner.py:61: DeprecationWarning: This process (pid=5901) is multi-threaded, use of fork() may lead to deadlocks in the child.
  pid = os.fork()

[2024-10-02T18:58:35.113+0000] {standard_task_runner.py:63} INFO - Started process 5925 to run task
[2024-10-02T18:58:35.114+0000] {standard_task_runner.py:90} INFO - Running: ['***', 'tasks', 'run', 'etl_covid_europa_pipeline', 'transformar', 'scheduled__2023-12-09T00:00:00+00:00', '--job-id', '1182', '--raw', '--subdir', 'DAGS_FOLDER/etl_pipeline.py', '--cfg-path', '/tmp/tmpdvaatjhd']
[2024-10-02T18:58:35.116+0000] {standard_task_runner.py:91} INFO - Job 1182: Subtask transformar
[2024-10-02T18:58:35.183+0000] {task_command.py:426} INFO - Running <TaskInstance: etl_covid_europa_pipeline.transformar scheduled__2023-12-09T00:00:00+00:00 [running]> on host 99de7dfc3871
[2024-10-02T18:58:35.325+0000] {taskinstance.py:2648} INFO - Exporting env vars: AIRFLOW_CTX_DAG_OWNER='***' AIRFLOW_CTX_DAG_ID='etl_covid_europa_pipeline' AIRFLOW_CTX_TASK_ID='transformar' AIRFLOW_CTX_EXECUTION_DATE='2023-12-09T00:00:00+00:00' AIRFLOW_CTX_TRY_NUMBER='1' AIRFLOW_CTX_DAG_RUN_ID='scheduled__2023-12-09T00:00:00+00:00'
[2024-10-02T18:58:35.330+0000] {taskinstance.py:430} INFO - ::endgroup::
[2024-10-02T18:58:35.584+0000] {python.py:237} INFO - Done. Returned value was: None
[2024-10-02T18:58:35.585+0000] {taskinstance.py:441} INFO - ::group::Post task execution logs
[2024-10-02T18:58:35.610+0000] {taskinstance.py:1206} INFO - Marking task as SUCCESS. dag_id=etl_covid_europa_pipeline, task_id=transformar, run_id=scheduled__2023-12-09T00:00:00+00:00, execution_date=20231209T000000, start_date=20241002T185834, end_date=20241002T185835
[2024-10-02T18:58:35.653+0000] {local_task_job_runner.py:240} INFO - Task exited with return code 0
[2024-10-02T18:58:35.685+0000] {taskinstance.py:3503} INFO - 1 downstream tasks scheduled from follow-on schedule check
[2024-10-02T18:58:35.691+0000] {local_task_job_runner.py:222} INFO - ::endgroup::
[2024-10-02T19:24:52.907+0000] {local_task_job_runner.py:120} INFO - ::group::Pre task execution logs
[2024-10-02T19:24:52.938+0000] {taskinstance.py:2076} INFO - Dependencies all met for dep_context=non-requeueable deps ti=<TaskInstance: etl_covid_europa_pipeline.transformar scheduled__2023-12-09T00:00:00+00:00 [queued]>
[2024-10-02T19:24:52.956+0000] {taskinstance.py:2076} INFO - Dependencies all met for dep_context=requeueable deps ti=<TaskInstance: etl_covid_europa_pipeline.transformar scheduled__2023-12-09T00:00:00+00:00 [queued]>
[2024-10-02T19:24:52.966+0000] {taskinstance.py:2306} INFO - Starting attempt 1 of 1
[2024-10-02T19:24:53.372+0000] {taskinstance.py:2330} INFO - Executing <Task(PythonOperator): transformar> on 2023-12-09 00:00:00+00:00
[2024-10-02T19:24:53.383+0000] {warnings.py:112} WARNING - /home/***/.local/lib/python3.12/site-packages/***/task/task_runner/standard_task_runner.py:61: DeprecationWarning: This process (pid=9280) is multi-threaded, use of fork() may lead to deadlocks in the child.
  pid = os.fork()

[2024-10-02T19:24:53.387+0000] {standard_task_runner.py:90} INFO - Running: ['***', 'tasks', 'run', 'etl_covid_europa_pipeline', 'transformar', 'scheduled__2023-12-09T00:00:00+00:00', '--job-id', '2194', '--raw', '--subdir', 'DAGS_FOLDER/etl_pipeline.py', '--cfg-path', '/tmp/tmpciz5xp2z']
[2024-10-02T19:24:53.395+0000] {standard_task_runner.py:63} INFO - Started process 9290 to run task
[2024-10-02T19:24:53.396+0000] {standard_task_runner.py:91} INFO - Job 2194: Subtask transformar
[2024-10-02T19:24:53.533+0000] {task_command.py:426} INFO - Running <TaskInstance: etl_covid_europa_pipeline.transformar scheduled__2023-12-09T00:00:00+00:00 [running]> on host 99de7dfc3871
[2024-10-02T19:24:53.712+0000] {taskinstance.py:2648} INFO - Exporting env vars: AIRFLOW_CTX_DAG_OWNER='***' AIRFLOW_CTX_DAG_ID='etl_covid_europa_pipeline' AIRFLOW_CTX_TASK_ID='transformar' AIRFLOW_CTX_EXECUTION_DATE='2023-12-09T00:00:00+00:00' AIRFLOW_CTX_TRY_NUMBER='1' AIRFLOW_CTX_DAG_RUN_ID='scheduled__2023-12-09T00:00:00+00:00'
[2024-10-02T19:24:53.713+0000] {taskinstance.py:430} INFO - ::endgroup::
[2024-10-02T19:24:53.864+0000] {python.py:237} INFO - Done. Returned value was: None
[2024-10-02T19:24:53.865+0000] {taskinstance.py:441} INFO - ::group::Post task execution logs
[2024-10-02T19:24:53.876+0000] {taskinstance.py:1206} INFO - Marking task as SUCCESS. dag_id=etl_covid_europa_pipeline, task_id=transformar, run_id=scheduled__2023-12-09T00:00:00+00:00, execution_date=20231209T000000, start_date=20241002T192452, end_date=20241002T192453
[2024-10-02T19:24:53.946+0000] {local_task_job_runner.py:240} INFO - Task exited with return code 0
[2024-10-02T19:24:53.958+0000] {local_task_job_runner.py:222} INFO - ::endgroup::
