[2024-10-02T17:29:00.343+0000] {local_task_job_runner.py:120} INFO - ::group::Pre task execution logs
[2024-10-02T17:29:00.366+0000] {taskinstance.py:2076} INFO - Dependencies all met for dep_context=non-requeueable deps ti=<TaskInstance: etl_covid_europa_pipeline.extrair scheduled__2024-05-10T00:00:00+00:00 [queued]>
[2024-10-02T17:29:00.374+0000] {taskinstance.py:2076} INFO - Dependencies all met for dep_context=requeueable deps ti=<TaskInstance: etl_covid_europa_pipeline.extrair scheduled__2024-05-10T00:00:00+00:00 [queued]>
[2024-10-02T17:29:00.374+0000] {taskinstance.py:2306} INFO - Starting attempt 1 of 1
[2024-10-02T17:29:00.558+0000] {taskinstance.py:2330} INFO - Executing <Task(PythonOperator): extrair> on 2024-05-10 00:00:00+00:00
[2024-10-02T17:29:00.563+0000] {warnings.py:112} WARNING - /home/***/.local/lib/python3.12/site-packages/***/task/task_runner/standard_task_runner.py:61: DeprecationWarning: This process (pid=2335) is multi-threaded, use of fork() may lead to deadlocks in the child.
  pid = os.fork()

[2024-10-02T17:29:00.564+0000] {standard_task_runner.py:63} INFO - Started process 2341 to run task
[2024-10-02T17:29:00.564+0000] {standard_task_runner.py:90} INFO - Running: ['***', 'tasks', 'run', 'etl_covid_europa_pipeline', 'extrair', 'scheduled__2024-05-10T00:00:00+00:00', '--job-id', '379', '--raw', '--subdir', 'DAGS_FOLDER/etl_pipeline.py', '--cfg-path', '/tmp/tmpbg6ko3de']
[2024-10-02T17:29:00.566+0000] {standard_task_runner.py:91} INFO - Job 379: Subtask extrair
[2024-10-02T17:29:00.608+0000] {task_command.py:426} INFO - Running <TaskInstance: etl_covid_europa_pipeline.extrair scheduled__2024-05-10T00:00:00+00:00 [running]> on host 99de7dfc3871
[2024-10-02T17:29:00.691+0000] {taskinstance.py:2648} INFO - Exporting env vars: AIRFLOW_CTX_DAG_OWNER='***' AIRFLOW_CTX_DAG_ID='etl_covid_europa_pipeline' AIRFLOW_CTX_TASK_ID='extrair' AIRFLOW_CTX_EXECUTION_DATE='2024-05-10T00:00:00+00:00' AIRFLOW_CTX_TRY_NUMBER='1' AIRFLOW_CTX_DAG_RUN_ID='scheduled__2024-05-10T00:00:00+00:00'
[2024-10-02T17:29:00.692+0000] {taskinstance.py:430} INFO - ::endgroup::
[2024-10-02T17:29:07.605+0000] {python.py:237} INFO - Done. Returned value was: None
[2024-10-02T17:29:07.606+0000] {taskinstance.py:441} INFO - ::group::Post task execution logs
[2024-10-02T17:29:07.620+0000] {taskinstance.py:1206} INFO - Marking task as SUCCESS. dag_id=etl_covid_europa_pipeline, task_id=extrair, run_id=scheduled__2024-05-10T00:00:00+00:00, execution_date=20240510T000000, start_date=20241002T172900, end_date=20241002T172907
[2024-10-02T17:29:07.682+0000] {local_task_job_runner.py:240} INFO - Task exited with return code 0
[2024-10-02T17:29:07.691+0000] {local_task_job_runner.py:222} INFO - ::endgroup::
[2024-10-02T19:01:51.298+0000] {local_task_job_runner.py:120} INFO - ::group::Pre task execution logs
[2024-10-02T19:01:51.319+0000] {taskinstance.py:2076} INFO - Dependencies all met for dep_context=non-requeueable deps ti=<TaskInstance: etl_covid_europa_pipeline.extrair scheduled__2024-05-10T00:00:00+00:00 [queued]>
[2024-10-02T19:01:51.494+0000] {taskinstance.py:2076} INFO - Dependencies all met for dep_context=requeueable deps ti=<TaskInstance: etl_covid_europa_pipeline.extrair scheduled__2024-05-10T00:00:00+00:00 [queued]>
[2024-10-02T19:01:51.495+0000] {taskinstance.py:2306} INFO - Starting attempt 1 of 1
[2024-10-02T19:01:51.507+0000] {taskinstance.py:2330} INFO - Executing <Task(PythonOperator): extrair> on 2024-05-10 00:00:00+00:00
[2024-10-02T19:01:51.513+0000] {warnings.py:112} WARNING - /home/***/.local/lib/python3.12/site-packages/***/task/task_runner/standard_task_runner.py:61: DeprecationWarning: This process (pid=7213) is multi-threaded, use of fork() may lead to deadlocks in the child.
  pid = os.fork()

[2024-10-02T19:01:51.514+0000] {standard_task_runner.py:63} INFO - Started process 7224 to run task
[2024-10-02T19:01:51.514+0000] {standard_task_runner.py:90} INFO - Running: ['***', 'tasks', 'run', 'etl_covid_europa_pipeline', 'extrair', 'scheduled__2024-05-10T00:00:00+00:00', '--job-id', '1604', '--raw', '--subdir', 'DAGS_FOLDER/etl_pipeline.py', '--cfg-path', '/tmp/tmp7tvtgrwm']
[2024-10-02T19:01:51.516+0000] {standard_task_runner.py:91} INFO - Job 1604: Subtask extrair
[2024-10-02T19:01:51.554+0000] {task_command.py:426} INFO - Running <TaskInstance: etl_covid_europa_pipeline.extrair scheduled__2024-05-10T00:00:00+00:00 [running]> on host 99de7dfc3871
[2024-10-02T19:01:51.643+0000] {taskinstance.py:2648} INFO - Exporting env vars: AIRFLOW_CTX_DAG_OWNER='***' AIRFLOW_CTX_DAG_ID='etl_covid_europa_pipeline' AIRFLOW_CTX_TASK_ID='extrair' AIRFLOW_CTX_EXECUTION_DATE='2024-05-10T00:00:00+00:00' AIRFLOW_CTX_TRY_NUMBER='1' AIRFLOW_CTX_DAG_RUN_ID='scheduled__2024-05-10T00:00:00+00:00'
[2024-10-02T19:01:51.647+0000] {taskinstance.py:430} INFO - ::endgroup::
[2024-10-02T19:01:57.717+0000] {python.py:237} INFO - Done. Returned value was: None
[2024-10-02T19:01:57.718+0000] {taskinstance.py:441} INFO - ::group::Post task execution logs
[2024-10-02T19:01:57.725+0000] {taskinstance.py:1206} INFO - Marking task as SUCCESS. dag_id=etl_covid_europa_pipeline, task_id=extrair, run_id=scheduled__2024-05-10T00:00:00+00:00, execution_date=20240510T000000, start_date=20241002T190151, end_date=20241002T190157
[2024-10-02T19:01:57.780+0000] {local_task_job_runner.py:240} INFO - Task exited with return code 0
[2024-10-02T19:01:57.800+0000] {taskinstance.py:3503} INFO - 1 downstream tasks scheduled from follow-on schedule check
[2024-10-02T19:01:57.802+0000] {local_task_job_runner.py:222} INFO - ::endgroup::
