[2024-10-02T18:55:47.732+0000] {local_task_job_runner.py:120} INFO - ::group::Pre task execution logs
[2024-10-02T18:55:47.764+0000] {taskinstance.py:2076} INFO - Dependencies all met for dep_context=non-requeueable deps ti=<TaskInstance: etl_covid_europa_pipeline.carregar scheduled__2024-09-22T00:00:00+00:00 [queued]>
[2024-10-02T18:55:48.072+0000] {taskinstance.py:2076} INFO - Dependencies all met for dep_context=requeueable deps ti=<TaskInstance: etl_covid_europa_pipeline.carregar scheduled__2024-09-22T00:00:00+00:00 [queued]>
[2024-10-02T18:55:48.073+0000] {taskinstance.py:2306} INFO - Starting attempt 1 of 1
[2024-10-02T18:55:48.106+0000] {taskinstance.py:2330} INFO - Executing <Task(PythonOperator): carregar> on 2024-09-22 00:00:00+00:00
[2024-10-02T18:55:48.118+0000] {warnings.py:112} WARNING - /home/***/.local/lib/python3.12/site-packages/***/task/task_runner/standard_task_runner.py:61: DeprecationWarning: This process (pid=5153) is multi-threaded, use of fork() may lead to deadlocks in the child.
  pid = os.fork()

[2024-10-02T18:55:48.123+0000] {standard_task_runner.py:63} INFO - Started process 5176 to run task
[2024-10-02T18:55:48.121+0000] {standard_task_runner.py:90} INFO - Running: ['***', 'tasks', 'run', 'etl_covid_europa_pipeline', 'carregar', 'scheduled__2024-09-22T00:00:00+00:00', '--job-id', '943', '--raw', '--subdir', 'DAGS_FOLDER/etl_pipeline.py', '--cfg-path', '/tmp/tmpwkvot778']
[2024-10-02T18:55:48.126+0000] {standard_task_runner.py:91} INFO - Job 943: Subtask carregar
[2024-10-02T18:55:48.207+0000] {task_command.py:426} INFO - Running <TaskInstance: etl_covid_europa_pipeline.carregar scheduled__2024-09-22T00:00:00+00:00 [running]> on host 99de7dfc3871
[2024-10-02T18:55:48.327+0000] {taskinstance.py:2648} INFO - Exporting env vars: AIRFLOW_CTX_DAG_OWNER='***' AIRFLOW_CTX_DAG_ID='etl_covid_europa_pipeline' AIRFLOW_CTX_TASK_ID='carregar' AIRFLOW_CTX_EXECUTION_DATE='2024-09-22T00:00:00+00:00' AIRFLOW_CTX_TRY_NUMBER='1' AIRFLOW_CTX_DAG_RUN_ID='scheduled__2024-09-22T00:00:00+00:00'
[2024-10-02T18:55:48.331+0000] {taskinstance.py:430} INFO - ::endgroup::
[2024-10-02T18:55:48.446+0000] {python.py:237} INFO - Done. Returned value was: None
[2024-10-02T18:55:48.447+0000] {taskinstance.py:441} INFO - ::group::Post task execution logs
[2024-10-02T18:55:48.457+0000] {taskinstance.py:1206} INFO - Marking task as SUCCESS. dag_id=etl_covid_europa_pipeline, task_id=carregar, run_id=scheduled__2024-09-22T00:00:00+00:00, execution_date=20240922T000000, start_date=20241002T185547, end_date=20241002T185548
[2024-10-02T18:55:48.515+0000] {local_task_job_runner.py:240} INFO - Task exited with return code 0
[2024-10-02T18:55:48.534+0000] {taskinstance.py:3503} INFO - 0 downstream tasks scheduled from follow-on schedule check
[2024-10-02T18:55:48.537+0000] {local_task_job_runner.py:222} INFO - ::endgroup::
[2024-10-02T19:04:52.525+0000] {local_task_job_runner.py:120} INFO - ::group::Pre task execution logs
[2024-10-02T19:04:52.569+0000] {taskinstance.py:2076} INFO - Dependencies all met for dep_context=non-requeueable deps ti=<TaskInstance: etl_covid_europa_pipeline.carregar scheduled__2024-09-22T00:00:00+00:00 [queued]>
[2024-10-02T19:04:52.845+0000] {taskinstance.py:2076} INFO - Dependencies all met for dep_context=requeueable deps ti=<TaskInstance: etl_covid_europa_pipeline.carregar scheduled__2024-09-22T00:00:00+00:00 [queued]>
[2024-10-02T19:04:52.846+0000] {taskinstance.py:2306} INFO - Starting attempt 1 of 1
[2024-10-02T19:04:52.862+0000] {taskinstance.py:2330} INFO - Executing <Task(PythonOperator): carregar> on 2024-09-22 00:00:00+00:00
[2024-10-02T19:04:52.869+0000] {warnings.py:112} WARNING - /home/***/.local/lib/python3.12/site-packages/***/task/task_runner/standard_task_runner.py:61: DeprecationWarning: This process (pid=8428) is multi-threaded, use of fork() may lead to deadlocks in the child.
  pid = os.fork()

[2024-10-02T19:04:52.870+0000] {standard_task_runner.py:63} INFO - Started process 8442 to run task
[2024-10-02T19:04:52.870+0000] {standard_task_runner.py:90} INFO - Running: ['***', 'tasks', 'run', 'etl_covid_europa_pipeline', 'carregar', 'scheduled__2024-09-22T00:00:00+00:00', '--job-id', '1998', '--raw', '--subdir', 'DAGS_FOLDER/etl_pipeline.py', '--cfg-path', '/tmp/tmp479p3dhe']
[2024-10-02T19:04:52.873+0000] {standard_task_runner.py:91} INFO - Job 1998: Subtask carregar
[2024-10-02T19:04:52.916+0000] {task_command.py:426} INFO - Running <TaskInstance: etl_covid_europa_pipeline.carregar scheduled__2024-09-22T00:00:00+00:00 [running]> on host 99de7dfc3871
[2024-10-02T19:04:53.012+0000] {taskinstance.py:2648} INFO - Exporting env vars: AIRFLOW_CTX_DAG_OWNER='***' AIRFLOW_CTX_DAG_ID='etl_covid_europa_pipeline' AIRFLOW_CTX_TASK_ID='carregar' AIRFLOW_CTX_EXECUTION_DATE='2024-09-22T00:00:00+00:00' AIRFLOW_CTX_TRY_NUMBER='1' AIRFLOW_CTX_DAG_RUN_ID='scheduled__2024-09-22T00:00:00+00:00'
[2024-10-02T19:04:53.015+0000] {taskinstance.py:430} INFO - ::endgroup::
[2024-10-02T19:04:53.089+0000] {python.py:237} INFO - Done. Returned value was: None
[2024-10-02T19:04:53.091+0000] {taskinstance.py:441} INFO - ::group::Post task execution logs
[2024-10-02T19:04:53.100+0000] {taskinstance.py:1206} INFO - Marking task as SUCCESS. dag_id=etl_covid_europa_pipeline, task_id=carregar, run_id=scheduled__2024-09-22T00:00:00+00:00, execution_date=20240922T000000, start_date=20241002T190452, end_date=20241002T190453
[2024-10-02T19:04:53.165+0000] {local_task_job_runner.py:240} INFO - Task exited with return code 0
[2024-10-02T19:04:53.187+0000] {taskinstance.py:3503} INFO - 0 downstream tasks scheduled from follow-on schedule check
[2024-10-02T19:04:53.190+0000] {local_task_job_runner.py:222} INFO - ::endgroup::
