[2024-10-02T17:30:26.561+0000] {local_task_job_runner.py:120} INFO - ::group::Pre task execution logs
[2024-10-02T17:30:26.587+0000] {taskinstance.py:2076} INFO - Dependencies all met for dep_context=non-requeueable deps ti=<TaskInstance: etl_covid_europa_pipeline.extrair scheduled__2024-07-04T00:00:00+00:00 [queued]>
[2024-10-02T17:30:26.596+0000] {taskinstance.py:2076} INFO - Dependencies all met for dep_context=requeueable deps ti=<TaskInstance: etl_covid_europa_pipeline.extrair scheduled__2024-07-04T00:00:00+00:00 [queued]>
[2024-10-02T17:30:26.597+0000] {taskinstance.py:2306} INFO - Starting attempt 1 of 1
[2024-10-02T17:30:26.674+0000] {taskinstance.py:2330} INFO - Executing <Task(PythonOperator): extrair> on 2024-07-04 00:00:00+00:00
[2024-10-02T17:30:26.682+0000] {warnings.py:112} WARNING - /home/***/.local/lib/python3.12/site-packages/***/task/task_runner/standard_task_runner.py:61: DeprecationWarning: This process (pid=2683) is multi-threaded, use of fork() may lead to deadlocks in the child.
  pid = os.fork()

[2024-10-02T17:30:26.683+0000] {standard_task_runner.py:63} INFO - Started process 2696 to run task
[2024-10-02T17:30:26.683+0000] {standard_task_runner.py:90} INFO - Running: ['***', 'tasks', 'run', 'etl_covid_europa_pipeline', 'extrair', 'scheduled__2024-07-04T00:00:00+00:00', '--job-id', '490', '--raw', '--subdir', 'DAGS_FOLDER/etl_pipeline.py', '--cfg-path', '/tmp/tmpm21jagcf']
[2024-10-02T17:30:26.685+0000] {standard_task_runner.py:91} INFO - Job 490: Subtask extrair
[2024-10-02T17:30:26.948+0000] {task_command.py:426} INFO - Running <TaskInstance: etl_covid_europa_pipeline.extrair scheduled__2024-07-04T00:00:00+00:00 [running]> on host 99de7dfc3871
[2024-10-02T17:30:27.051+0000] {taskinstance.py:2648} INFO - Exporting env vars: AIRFLOW_CTX_DAG_OWNER='***' AIRFLOW_CTX_DAG_ID='etl_covid_europa_pipeline' AIRFLOW_CTX_TASK_ID='extrair' AIRFLOW_CTX_EXECUTION_DATE='2024-07-04T00:00:00+00:00' AIRFLOW_CTX_TRY_NUMBER='1' AIRFLOW_CTX_DAG_RUN_ID='scheduled__2024-07-04T00:00:00+00:00'
[2024-10-02T17:30:27.052+0000] {taskinstance.py:430} INFO - ::endgroup::
[2024-10-02T17:30:33.633+0000] {python.py:237} INFO - Done. Returned value was: None
[2024-10-02T17:30:33.634+0000] {taskinstance.py:441} INFO - ::group::Post task execution logs
[2024-10-02T17:30:33.642+0000] {taskinstance.py:1206} INFO - Marking task as SUCCESS. dag_id=etl_covid_europa_pipeline, task_id=extrair, run_id=scheduled__2024-07-04T00:00:00+00:00, execution_date=20240704T000000, start_date=20241002T173026, end_date=20241002T173033
[2024-10-02T17:30:33.700+0000] {local_task_job_runner.py:240} INFO - Task exited with return code 0
[2024-10-02T17:30:33.724+0000] {taskinstance.py:3503} INFO - 1 downstream tasks scheduled from follow-on schedule check
[2024-10-02T17:30:33.727+0000] {local_task_job_runner.py:222} INFO - ::endgroup::
[2024-10-02T18:54:04.612+0000] {local_task_job_runner.py:120} INFO - ::group::Pre task execution logs
[2024-10-02T18:54:04.640+0000] {taskinstance.py:2076} INFO - Dependencies all met for dep_context=non-requeueable deps ti=<TaskInstance: etl_covid_europa_pipeline.extrair scheduled__2024-07-04T00:00:00+00:00 [queued]>
[2024-10-02T18:54:04.649+0000] {taskinstance.py:2076} INFO - Dependencies all met for dep_context=requeueable deps ti=<TaskInstance: etl_covid_europa_pipeline.extrair scheduled__2024-07-04T00:00:00+00:00 [queued]>
[2024-10-02T18:54:04.649+0000] {taskinstance.py:2306} INFO - Starting attempt 1 of 1
[2024-10-02T18:54:04.884+0000] {taskinstance.py:2330} INFO - Executing <Task(PythonOperator): extrair> on 2024-07-04 00:00:00+00:00
[2024-10-02T18:54:04.891+0000] {warnings.py:112} WARNING - /home/***/.local/lib/python3.12/site-packages/***/task/task_runner/standard_task_runner.py:61: DeprecationWarning: This process (pid=4342) is multi-threaded, use of fork() may lead to deadlocks in the child.
  pid = os.fork()

[2024-10-02T18:54:04.892+0000] {standard_task_runner.py:90} INFO - Running: ['***', 'tasks', 'run', 'etl_covid_europa_pipeline', 'extrair', 'scheduled__2024-07-04T00:00:00+00:00', '--job-id', '682', '--raw', '--subdir', 'DAGS_FOLDER/etl_pipeline.py', '--cfg-path', '/tmp/tmpeha8uuzi']
[2024-10-02T18:54:04.895+0000] {standard_task_runner.py:63} INFO - Started process 4357 to run task
[2024-10-02T18:54:04.895+0000] {standard_task_runner.py:91} INFO - Job 682: Subtask extrair
[2024-10-02T18:54:04.944+0000] {task_command.py:426} INFO - Running <TaskInstance: etl_covid_europa_pipeline.extrair scheduled__2024-07-04T00:00:00+00:00 [running]> on host 99de7dfc3871
[2024-10-02T18:54:05.043+0000] {taskinstance.py:2648} INFO - Exporting env vars: AIRFLOW_CTX_DAG_OWNER='***' AIRFLOW_CTX_DAG_ID='etl_covid_europa_pipeline' AIRFLOW_CTX_TASK_ID='extrair' AIRFLOW_CTX_EXECUTION_DATE='2024-07-04T00:00:00+00:00' AIRFLOW_CTX_TRY_NUMBER='1' AIRFLOW_CTX_DAG_RUN_ID='scheduled__2024-07-04T00:00:00+00:00'
[2024-10-02T18:54:05.045+0000] {taskinstance.py:430} INFO - ::endgroup::
[2024-10-02T18:54:11.017+0000] {python.py:237} INFO - Done. Returned value was: None
[2024-10-02T18:54:11.018+0000] {taskinstance.py:441} INFO - ::group::Post task execution logs
[2024-10-02T18:54:11.027+0000] {taskinstance.py:1206} INFO - Marking task as SUCCESS. dag_id=etl_covid_europa_pipeline, task_id=extrair, run_id=scheduled__2024-07-04T00:00:00+00:00, execution_date=20240704T000000, start_date=20241002T185404, end_date=20241002T185411
[2024-10-02T18:54:11.084+0000] {local_task_job_runner.py:240} INFO - Task exited with return code 0
[2024-10-02T18:54:11.108+0000] {taskinstance.py:3503} INFO - 1 downstream tasks scheduled from follow-on schedule check
[2024-10-02T18:54:11.110+0000] {local_task_job_runner.py:222} INFO - ::endgroup::
[2024-10-02T19:03:06.402+0000] {local_task_job_runner.py:120} INFO - ::group::Pre task execution logs
[2024-10-02T19:03:06.425+0000] {taskinstance.py:2076} INFO - Dependencies all met for dep_context=non-requeueable deps ti=<TaskInstance: etl_covid_europa_pipeline.extrair scheduled__2024-07-04T00:00:00+00:00 [queued]>
[2024-10-02T19:03:06.433+0000] {taskinstance.py:2076} INFO - Dependencies all met for dep_context=requeueable deps ti=<TaskInstance: etl_covid_europa_pipeline.extrair scheduled__2024-07-04T00:00:00+00:00 [queued]>
[2024-10-02T19:03:06.434+0000] {taskinstance.py:2306} INFO - Starting attempt 1 of 1
[2024-10-02T19:03:06.740+0000] {taskinstance.py:2330} INFO - Executing <Task(PythonOperator): extrair> on 2024-07-04 00:00:00+00:00
[2024-10-02T19:03:06.747+0000] {warnings.py:112} WARNING - /home/***/.local/lib/python3.12/site-packages/***/task/task_runner/standard_task_runner.py:61: DeprecationWarning: This process (pid=7637) is multi-threaded, use of fork() may lead to deadlocks in the child.
  pid = os.fork()

[2024-10-02T19:03:06.749+0000] {standard_task_runner.py:63} INFO - Started process 7653 to run task
[2024-10-02T19:03:06.749+0000] {standard_task_runner.py:90} INFO - Running: ['***', 'tasks', 'run', 'etl_covid_europa_pipeline', 'extrair', 'scheduled__2024-07-04T00:00:00+00:00', '--job-id', '1739', '--raw', '--subdir', 'DAGS_FOLDER/etl_pipeline.py', '--cfg-path', '/tmp/tmpqgzhfpt1']
[2024-10-02T19:03:06.755+0000] {standard_task_runner.py:91} INFO - Job 1739: Subtask extrair
[2024-10-02T19:03:06.817+0000] {task_command.py:426} INFO - Running <TaskInstance: etl_covid_europa_pipeline.extrair scheduled__2024-07-04T00:00:00+00:00 [running]> on host 99de7dfc3871
[2024-10-02T19:03:06.963+0000] {taskinstance.py:2648} INFO - Exporting env vars: AIRFLOW_CTX_DAG_OWNER='***' AIRFLOW_CTX_DAG_ID='etl_covid_europa_pipeline' AIRFLOW_CTX_TASK_ID='extrair' AIRFLOW_CTX_EXECUTION_DATE='2024-07-04T00:00:00+00:00' AIRFLOW_CTX_TRY_NUMBER='1' AIRFLOW_CTX_DAG_RUN_ID='scheduled__2024-07-04T00:00:00+00:00'
[2024-10-02T19:03:06.965+0000] {taskinstance.py:430} INFO - ::endgroup::
[2024-10-02T19:03:12.353+0000] {python.py:237} INFO - Done. Returned value was: None
[2024-10-02T19:03:12.354+0000] {taskinstance.py:441} INFO - ::group::Post task execution logs
[2024-10-02T19:03:12.364+0000] {taskinstance.py:1206} INFO - Marking task as SUCCESS. dag_id=etl_covid_europa_pipeline, task_id=extrair, run_id=scheduled__2024-07-04T00:00:00+00:00, execution_date=20240704T000000, start_date=20241002T190306, end_date=20241002T190312
[2024-10-02T19:03:12.414+0000] {local_task_job_runner.py:240} INFO - Task exited with return code 0
[2024-10-02T19:03:12.449+0000] {taskinstance.py:3503} INFO - 1 downstream tasks scheduled from follow-on schedule check
[2024-10-02T19:03:12.452+0000] {local_task_job_runner.py:222} INFO - ::endgroup::
