[2024-10-02T18:54:56.893+0000] {local_task_job_runner.py:120} INFO - ::group::Pre task execution logs
[2024-10-02T18:54:56.925+0000] {taskinstance.py:2076} INFO - Dependencies all met for dep_context=non-requeueable deps ti=<TaskInstance: etl_covid_europa_pipeline.carregar scheduled__2024-08-08T00:00:00+00:00 [queued]>
[2024-10-02T18:54:57.234+0000] {taskinstance.py:2076} INFO - Dependencies all met for dep_context=requeueable deps ti=<TaskInstance: etl_covid_europa_pipeline.carregar scheduled__2024-08-08T00:00:00+00:00 [queued]>
[2024-10-02T18:54:57.236+0000] {taskinstance.py:2306} INFO - Starting attempt 1 of 1
[2024-10-02T18:54:57.258+0000] {taskinstance.py:2330} INFO - Executing <Task(PythonOperator): carregar> on 2024-08-08 00:00:00+00:00
[2024-10-02T18:54:57.272+0000] {warnings.py:112} WARNING - /home/***/.local/lib/python3.12/site-packages/***/task/task_runner/standard_task_runner.py:61: DeprecationWarning: This process (pid=4734) is multi-threaded, use of fork() may lead to deadlocks in the child.
  pid = os.fork()

[2024-10-02T18:54:57.275+0000] {standard_task_runner.py:63} INFO - Started process 4756 to run task
[2024-10-02T18:54:57.274+0000] {standard_task_runner.py:90} INFO - Running: ['***', 'tasks', 'run', 'etl_covid_europa_pipeline', 'carregar', 'scheduled__2024-08-08T00:00:00+00:00', '--job-id', '806', '--raw', '--subdir', 'DAGS_FOLDER/etl_pipeline.py', '--cfg-path', '/tmp/tmpjdwnwgkn']
[2024-10-02T18:54:57.276+0000] {standard_task_runner.py:91} INFO - Job 806: Subtask carregar
[2024-10-02T18:54:57.345+0000] {task_command.py:426} INFO - Running <TaskInstance: etl_covid_europa_pipeline.carregar scheduled__2024-08-08T00:00:00+00:00 [running]> on host 99de7dfc3871
[2024-10-02T18:54:57.458+0000] {taskinstance.py:2648} INFO - Exporting env vars: AIRFLOW_CTX_DAG_OWNER='***' AIRFLOW_CTX_DAG_ID='etl_covid_europa_pipeline' AIRFLOW_CTX_TASK_ID='carregar' AIRFLOW_CTX_EXECUTION_DATE='2024-08-08T00:00:00+00:00' AIRFLOW_CTX_TRY_NUMBER='1' AIRFLOW_CTX_DAG_RUN_ID='scheduled__2024-08-08T00:00:00+00:00'
[2024-10-02T18:54:57.464+0000] {taskinstance.py:430} INFO - ::endgroup::
[2024-10-02T18:54:57.589+0000] {python.py:237} INFO - Done. Returned value was: None
[2024-10-02T18:54:57.590+0000] {taskinstance.py:441} INFO - ::group::Post task execution logs
[2024-10-02T18:54:57.598+0000] {taskinstance.py:1206} INFO - Marking task as SUCCESS. dag_id=etl_covid_europa_pipeline, task_id=carregar, run_id=scheduled__2024-08-08T00:00:00+00:00, execution_date=20240808T000000, start_date=20241002T185456, end_date=20241002T185457
[2024-10-02T18:54:57.653+0000] {local_task_job_runner.py:240} INFO - Task exited with return code 0
[2024-10-02T18:54:57.674+0000] {taskinstance.py:3503} INFO - 0 downstream tasks scheduled from follow-on schedule check
[2024-10-02T18:54:57.677+0000] {local_task_job_runner.py:222} INFO - ::endgroup::
[2024-10-02T19:03:53.061+0000] {local_task_job_runner.py:120} INFO - ::group::Pre task execution logs
[2024-10-02T19:03:53.114+0000] {taskinstance.py:2076} INFO - Dependencies all met for dep_context=non-requeueable deps ti=<TaskInstance: etl_covid_europa_pipeline.carregar scheduled__2024-08-08T00:00:00+00:00 [queued]>
[2024-10-02T19:03:53.488+0000] {taskinstance.py:2076} INFO - Dependencies all met for dep_context=requeueable deps ti=<TaskInstance: etl_covid_europa_pipeline.carregar scheduled__2024-08-08T00:00:00+00:00 [queued]>
[2024-10-02T19:03:53.494+0000] {taskinstance.py:2306} INFO - Starting attempt 1 of 1
[2024-10-02T19:03:53.532+0000] {taskinstance.py:2330} INFO - Executing <Task(PythonOperator): carregar> on 2024-08-08 00:00:00+00:00
[2024-10-02T19:03:53.543+0000] {warnings.py:112} WARNING - /home/***/.local/lib/python3.12/site-packages/***/task/task_runner/standard_task_runner.py:61: DeprecationWarning: This process (pid=8016) is multi-threaded, use of fork() may lead to deadlocks in the child.
  pid = os.fork()

[2024-10-02T19:03:53.546+0000] {standard_task_runner.py:63} INFO - Started process 8044 to run task
[2024-10-02T19:03:53.552+0000] {standard_task_runner.py:90} INFO - Running: ['***', 'tasks', 'run', 'etl_covid_europa_pipeline', 'carregar', 'scheduled__2024-08-08T00:00:00+00:00', '--job-id', '1864', '--raw', '--subdir', 'DAGS_FOLDER/etl_pipeline.py', '--cfg-path', '/tmp/tmp8bxrrtgj']
[2024-10-02T19:03:53.555+0000] {standard_task_runner.py:91} INFO - Job 1864: Subtask carregar
[2024-10-02T19:03:53.636+0000] {task_command.py:426} INFO - Running <TaskInstance: etl_covid_europa_pipeline.carregar scheduled__2024-08-08T00:00:00+00:00 [running]> on host 99de7dfc3871
[2024-10-02T19:03:53.779+0000] {taskinstance.py:2648} INFO - Exporting env vars: AIRFLOW_CTX_DAG_OWNER='***' AIRFLOW_CTX_DAG_ID='etl_covid_europa_pipeline' AIRFLOW_CTX_TASK_ID='carregar' AIRFLOW_CTX_EXECUTION_DATE='2024-08-08T00:00:00+00:00' AIRFLOW_CTX_TRY_NUMBER='1' AIRFLOW_CTX_DAG_RUN_ID='scheduled__2024-08-08T00:00:00+00:00'
[2024-10-02T19:03:53.784+0000] {taskinstance.py:430} INFO - ::endgroup::
[2024-10-02T19:03:53.888+0000] {python.py:237} INFO - Done. Returned value was: None
[2024-10-02T19:03:53.891+0000] {taskinstance.py:441} INFO - ::group::Post task execution logs
[2024-10-02T19:03:53.902+0000] {taskinstance.py:1206} INFO - Marking task as SUCCESS. dag_id=etl_covid_europa_pipeline, task_id=carregar, run_id=scheduled__2024-08-08T00:00:00+00:00, execution_date=20240808T000000, start_date=20241002T190353, end_date=20241002T190353
[2024-10-02T19:03:53.966+0000] {local_task_job_runner.py:240} INFO - Task exited with return code 0
[2024-10-02T19:03:53.988+0000] {taskinstance.py:3503} INFO - 0 downstream tasks scheduled from follow-on schedule check
[2024-10-02T19:03:53.996+0000] {local_task_job_runner.py:222} INFO - ::endgroup::
