[2024-10-02T18:55:13.835+0000] {local_task_job_runner.py:120} INFO - ::group::Pre task execution logs
[2024-10-02T18:55:13.860+0000] {taskinstance.py:2076} INFO - Dependencies all met for dep_context=non-requeueable deps ti=<TaskInstance: etl_covid_europa_pipeline.carregar scheduled__2024-08-14T00:00:00+00:00 [queued]>
[2024-10-02T18:55:14.097+0000] {taskinstance.py:2076} INFO - Dependencies all met for dep_context=requeueable deps ti=<TaskInstance: etl_covid_europa_pipeline.carregar scheduled__2024-08-14T00:00:00+00:00 [queued]>
[2024-10-02T18:55:14.098+0000] {taskinstance.py:2306} INFO - Starting attempt 1 of 1
[2024-10-02T18:55:14.116+0000] {taskinstance.py:2330} INFO - Executing <Task(PythonOperator): carregar> on 2024-08-14 00:00:00+00:00
[2024-10-02T18:55:14.123+0000] {warnings.py:112} WARNING - /home/***/.local/lib/python3.12/site-packages/***/task/task_runner/standard_task_runner.py:61: DeprecationWarning: This process (pid=4870) is multi-threaded, use of fork() may lead to deadlocks in the child.
  pid = os.fork()

[2024-10-02T18:55:14.125+0000] {standard_task_runner.py:90} INFO - Running: ['***', 'tasks', 'run', 'etl_covid_europa_pipeline', 'carregar', 'scheduled__2024-08-14T00:00:00+00:00', '--job-id', '850', '--raw', '--subdir', 'DAGS_FOLDER/etl_pipeline.py', '--cfg-path', '/tmp/tmpaq99fbb2']
[2024-10-02T18:55:14.128+0000] {standard_task_runner.py:63} INFO - Started process 4887 to run task
[2024-10-02T18:55:14.128+0000] {standard_task_runner.py:91} INFO - Job 850: Subtask carregar
[2024-10-02T18:55:14.188+0000] {task_command.py:426} INFO - Running <TaskInstance: etl_covid_europa_pipeline.carregar scheduled__2024-08-14T00:00:00+00:00 [running]> on host 99de7dfc3871
[2024-10-02T18:55:14.320+0000] {taskinstance.py:2648} INFO - Exporting env vars: AIRFLOW_CTX_DAG_OWNER='***' AIRFLOW_CTX_DAG_ID='etl_covid_europa_pipeline' AIRFLOW_CTX_TASK_ID='carregar' AIRFLOW_CTX_EXECUTION_DATE='2024-08-14T00:00:00+00:00' AIRFLOW_CTX_TRY_NUMBER='1' AIRFLOW_CTX_DAG_RUN_ID='scheduled__2024-08-14T00:00:00+00:00'
[2024-10-02T18:55:14.326+0000] {taskinstance.py:430} INFO - ::endgroup::
[2024-10-02T18:55:14.406+0000] {python.py:237} INFO - Done. Returned value was: None
[2024-10-02T18:55:14.407+0000] {taskinstance.py:441} INFO - ::group::Post task execution logs
[2024-10-02T18:55:14.418+0000] {taskinstance.py:1206} INFO - Marking task as SUCCESS. dag_id=etl_covid_europa_pipeline, task_id=carregar, run_id=scheduled__2024-08-14T00:00:00+00:00, execution_date=20240814T000000, start_date=20241002T185513, end_date=20241002T185514
[2024-10-02T18:55:14.468+0000] {local_task_job_runner.py:240} INFO - Task exited with return code 0
[2024-10-02T18:55:14.495+0000] {taskinstance.py:3503} INFO - 0 downstream tasks scheduled from follow-on schedule check
[2024-10-02T18:55:14.499+0000] {local_task_job_runner.py:222} INFO - ::endgroup::
[2024-10-02T19:03:54.093+0000] {local_task_job_runner.py:120} INFO - ::group::Pre task execution logs
[2024-10-02T19:03:54.122+0000] {taskinstance.py:2076} INFO - Dependencies all met for dep_context=non-requeueable deps ti=<TaskInstance: etl_covid_europa_pipeline.carregar scheduled__2024-08-14T00:00:00+00:00 [queued]>
[2024-10-02T19:03:54.360+0000] {taskinstance.py:2076} INFO - Dependencies all met for dep_context=requeueable deps ti=<TaskInstance: etl_covid_europa_pipeline.carregar scheduled__2024-08-14T00:00:00+00:00 [queued]>
[2024-10-02T19:03:54.361+0000] {taskinstance.py:2306} INFO - Starting attempt 1 of 1
[2024-10-02T19:03:54.384+0000] {taskinstance.py:2330} INFO - Executing <Task(PythonOperator): carregar> on 2024-08-14 00:00:00+00:00
[2024-10-02T19:03:54.396+0000] {warnings.py:112} WARNING - /home/***/.local/lib/python3.12/site-packages/***/task/task_runner/standard_task_runner.py:61: DeprecationWarning: This process (pid=8036) is multi-threaded, use of fork() may lead to deadlocks in the child.
  pid = os.fork()

[2024-10-02T19:03:54.398+0000] {standard_task_runner.py:63} INFO - Started process 8051 to run task
[2024-10-02T19:03:54.397+0000] {standard_task_runner.py:90} INFO - Running: ['***', 'tasks', 'run', 'etl_covid_europa_pipeline', 'carregar', 'scheduled__2024-08-14T00:00:00+00:00', '--job-id', '1871', '--raw', '--subdir', 'DAGS_FOLDER/etl_pipeline.py', '--cfg-path', '/tmp/tmp23mrdabu']
[2024-10-02T19:03:54.400+0000] {standard_task_runner.py:91} INFO - Job 1871: Subtask carregar
[2024-10-02T19:03:54.449+0000] {task_command.py:426} INFO - Running <TaskInstance: etl_covid_europa_pipeline.carregar scheduled__2024-08-14T00:00:00+00:00 [running]> on host 99de7dfc3871
[2024-10-02T19:03:54.532+0000] {taskinstance.py:2648} INFO - Exporting env vars: AIRFLOW_CTX_DAG_OWNER='***' AIRFLOW_CTX_DAG_ID='etl_covid_europa_pipeline' AIRFLOW_CTX_TASK_ID='carregar' AIRFLOW_CTX_EXECUTION_DATE='2024-08-14T00:00:00+00:00' AIRFLOW_CTX_TRY_NUMBER='1' AIRFLOW_CTX_DAG_RUN_ID='scheduled__2024-08-14T00:00:00+00:00'
[2024-10-02T19:03:54.536+0000] {taskinstance.py:430} INFO - ::endgroup::
[2024-10-02T19:03:54.587+0000] {python.py:237} INFO - Done. Returned value was: None
[2024-10-02T19:03:54.588+0000] {taskinstance.py:441} INFO - ::group::Post task execution logs
[2024-10-02T19:03:54.597+0000] {taskinstance.py:1206} INFO - Marking task as SUCCESS. dag_id=etl_covid_europa_pipeline, task_id=carregar, run_id=scheduled__2024-08-14T00:00:00+00:00, execution_date=20240814T000000, start_date=20241002T190354, end_date=20241002T190354
[2024-10-02T19:03:54.652+0000] {local_task_job_runner.py:240} INFO - Task exited with return code 0
[2024-10-02T19:03:54.666+0000] {taskinstance.py:3503} INFO - 0 downstream tasks scheduled from follow-on schedule check
[2024-10-02T19:03:54.669+0000] {local_task_job_runner.py:222} INFO - ::endgroup::
