[2024-10-02T17:28:16.330+0000] {local_task_job_runner.py:120} INFO - ::group::Pre task execution logs
[2024-10-02T17:28:16.363+0000] {taskinstance.py:2076} INFO - Dependencies all met for dep_context=non-requeueable deps ti=<TaskInstance: etl_covid_europa_pipeline.transformar scheduled__2024-03-15T00:00:00+00:00 [queued]>
[2024-10-02T17:28:16.375+0000] {taskinstance.py:2076} INFO - Dependencies all met for dep_context=requeueable deps ti=<TaskInstance: etl_covid_europa_pipeline.transformar scheduled__2024-03-15T00:00:00+00:00 [queued]>
[2024-10-02T17:28:16.376+0000] {taskinstance.py:2306} INFO - Starting attempt 1 of 1
[2024-10-02T17:28:16.721+0000] {taskinstance.py:2330} INFO - Executing <Task(PythonOperator): transformar> on 2024-03-15 00:00:00+00:00
[2024-10-02T17:28:16.732+0000] {warnings.py:112} WARNING - /home/***/.local/lib/python3.12/site-packages/***/task/task_runner/standard_task_runner.py:61: DeprecationWarning: This process (pid=2055) is multi-threaded, use of fork() may lead to deadlocks in the child.
  pid = os.fork()

[2024-10-02T17:28:16.735+0000] {standard_task_runner.py:63} INFO - Started process 2083 to run task
[2024-10-02T17:28:16.733+0000] {standard_task_runner.py:90} INFO - Running: ['***', 'tasks', 'run', 'etl_covid_europa_pipeline', 'transformar', 'scheduled__2024-03-15T00:00:00+00:00', '--job-id', '293', '--raw', '--subdir', 'DAGS_FOLDER/etl_pipeline.py', '--cfg-path', '/tmp/tmp5rkgyk_i']
[2024-10-02T17:28:16.739+0000] {standard_task_runner.py:91} INFO - Job 293: Subtask transformar
[2024-10-02T17:28:16.814+0000] {task_command.py:426} INFO - Running <TaskInstance: etl_covid_europa_pipeline.transformar scheduled__2024-03-15T00:00:00+00:00 [running]> on host 99de7dfc3871
[2024-10-02T17:28:16.960+0000] {taskinstance.py:2648} INFO - Exporting env vars: AIRFLOW_CTX_DAG_OWNER='***' AIRFLOW_CTX_DAG_ID='etl_covid_europa_pipeline' AIRFLOW_CTX_TASK_ID='transformar' AIRFLOW_CTX_EXECUTION_DATE='2024-03-15T00:00:00+00:00' AIRFLOW_CTX_TRY_NUMBER='1' AIRFLOW_CTX_DAG_RUN_ID='scheduled__2024-03-15T00:00:00+00:00'
[2024-10-02T17:28:16.961+0000] {taskinstance.py:430} INFO - ::endgroup::
[2024-10-02T17:28:17.014+0000] {taskinstance.py:441} INFO - ::group::Post task execution logs
[2024-10-02T17:28:17.015+0000] {taskinstance.py:2905} ERROR - Task failed with exception
Traceback (most recent call last):
  File "/home/airflow/.local/lib/python3.12/site-packages/airflow/models/taskinstance.py", line 465, in _execute_task
    result = _execute_callable(context=context, **execute_callable_kwargs)
             ^^^^^^^^^^^^^^^^^^^^^^^^^^^^^^^^^^^^^^^^^^^^^^^^^^^^^^^^^^^^^
  File "/home/airflow/.local/lib/python3.12/site-packages/airflow/models/taskinstance.py", line 432, in _execute_callable
    return execute_callable(context=context, **execute_callable_kwargs)
           ^^^^^^^^^^^^^^^^^^^^^^^^^^^^^^^^^^^^^^^^^^^^^^^^^^^^^^^^^^^^
  File "/home/airflow/.local/lib/python3.12/site-packages/airflow/models/baseoperator.py", line 401, in wrapper
    return func(self, *args, **kwargs)
           ^^^^^^^^^^^^^^^^^^^^^^^^^^^
  File "/home/airflow/.local/lib/python3.12/site-packages/airflow/operators/python.py", line 235, in execute
    return_value = self.execute_callable()
                   ^^^^^^^^^^^^^^^^^^^^^^^
  File "/home/airflow/.local/lib/python3.12/site-packages/airflow/operators/python.py", line 252, in execute_callable
    return self.python_callable(*self.op_args, **self.op_kwargs)
           ^^^^^^^^^^^^^^^^^^^^^^^^^^^^^^^^^^^^^^^^^^^^^^^^^^^^^
  File "/opt/airflow/dags/etl_pipeline.py", line 13, in transformar
    df = pd.read_csv('data/dados_covid_extraidos.csv')
         ^^^^^^^^^^^^^^^^^^^^^^^^^^^^^^^^^^^^^^^^^^^^^
  File "/home/airflow/.local/lib/python3.12/site-packages/pandas/io/parsers/readers.py", line 948, in read_csv
    return _read(filepath_or_buffer, kwds)
           ^^^^^^^^^^^^^^^^^^^^^^^^^^^^^^^
  File "/home/airflow/.local/lib/python3.12/site-packages/pandas/io/parsers/readers.py", line 617, in _read
    return parser.read(nrows)
           ^^^^^^^^^^^^^^^^^^
  File "/home/airflow/.local/lib/python3.12/site-packages/pandas/io/parsers/readers.py", line 1748, in read
    ) = self._engine.read(  # type: ignore[attr-defined]
        ^^^^^^^^^^^^^^^^^^^^^^^^^^^^^^^^^^^^^^^^^^^^^^^^
  File "/home/airflow/.local/lib/python3.12/site-packages/pandas/io/parsers/c_parser_wrapper.py", line 234, in read
    chunks = self._reader.read_low_memory(nrows)
             ^^^^^^^^^^^^^^^^^^^^^^^^^^^^^^^^^^^
  File "parsers.pyx", line 843, in pandas._libs.parsers.TextReader.read_low_memory
  File "parsers.pyx", line 904, in pandas._libs.parsers.TextReader._read_rows
  File "parsers.pyx", line 879, in pandas._libs.parsers.TextReader._tokenize_rows
  File "parsers.pyx", line 890, in pandas._libs.parsers.TextReader._check_tokenize_status
  File "parsers.pyx", line 2058, in pandas._libs.parsers.raise_parser_error
pandas.errors.ParserError: Error tokenizing data. C error: Expected 1 fields in line 7201, saw 2

[2024-10-02T17:28:17.039+0000] {taskinstance.py:1206} INFO - Marking task as FAILED. dag_id=etl_covid_europa_pipeline, task_id=transformar, run_id=scheduled__2024-03-15T00:00:00+00:00, execution_date=20240315T000000, start_date=20241002T172816, end_date=20241002T172817
[2024-10-02T17:28:17.057+0000] {standard_task_runner.py:110} ERROR - Failed to execute job 293 for task transformar (Error tokenizing data. C error: Expected 1 fields in line 7201, saw 2
; 2083)
[2024-10-02T17:28:17.080+0000] {local_task_job_runner.py:240} INFO - Task exited with return code 1
[2024-10-02T17:28:17.115+0000] {taskinstance.py:3503} INFO - 0 downstream tasks scheduled from follow-on schedule check
[2024-10-02T17:28:17.124+0000] {local_task_job_runner.py:222} INFO - ::endgroup::
[2024-10-02T19:00:50.668+0000] {local_task_job_runner.py:120} INFO - ::group::Pre task execution logs
[2024-10-02T19:00:50.715+0000] {taskinstance.py:2076} INFO - Dependencies all met for dep_context=non-requeueable deps ti=<TaskInstance: etl_covid_europa_pipeline.transformar scheduled__2024-03-15T00:00:00+00:00 [queued]>
[2024-10-02T19:00:50.991+0000] {taskinstance.py:2076} INFO - Dependencies all met for dep_context=requeueable deps ti=<TaskInstance: etl_covid_europa_pipeline.transformar scheduled__2024-03-15T00:00:00+00:00 [queued]>
[2024-10-02T19:00:50.991+0000] {taskinstance.py:2306} INFO - Starting attempt 1 of 1
[2024-10-02T19:00:51.013+0000] {taskinstance.py:2330} INFO - Executing <Task(PythonOperator): transformar> on 2024-03-15 00:00:00+00:00
[2024-10-02T19:00:51.024+0000] {warnings.py:112} WARNING - /home/***/.local/lib/python3.12/site-packages/***/task/task_runner/standard_task_runner.py:61: DeprecationWarning: This process (pid=6754) is multi-threaded, use of fork() may lead to deadlocks in the child.
  pid = os.fork()

[2024-10-02T19:00:51.026+0000] {standard_task_runner.py:63} INFO - Started process 6770 to run task
[2024-10-02T19:00:51.027+0000] {standard_task_runner.py:90} INFO - Running: ['***', 'tasks', 'run', 'etl_covid_europa_pipeline', 'transformar', 'scheduled__2024-03-15T00:00:00+00:00', '--job-id', '1453', '--raw', '--subdir', 'DAGS_FOLDER/etl_pipeline.py', '--cfg-path', '/tmp/tmpm8lvibuo']
[2024-10-02T19:00:51.031+0000] {standard_task_runner.py:91} INFO - Job 1453: Subtask transformar
[2024-10-02T19:00:51.087+0000] {task_command.py:426} INFO - Running <TaskInstance: etl_covid_europa_pipeline.transformar scheduled__2024-03-15T00:00:00+00:00 [running]> on host 99de7dfc3871
[2024-10-02T19:00:51.196+0000] {taskinstance.py:2648} INFO - Exporting env vars: AIRFLOW_CTX_DAG_OWNER='***' AIRFLOW_CTX_DAG_ID='etl_covid_europa_pipeline' AIRFLOW_CTX_TASK_ID='transformar' AIRFLOW_CTX_EXECUTION_DATE='2024-03-15T00:00:00+00:00' AIRFLOW_CTX_TRY_NUMBER='1' AIRFLOW_CTX_DAG_RUN_ID='scheduled__2024-03-15T00:00:00+00:00'
[2024-10-02T19:00:51.200+0000] {taskinstance.py:430} INFO - ::endgroup::
[2024-10-02T19:00:51.417+0000] {python.py:237} INFO - Done. Returned value was: None
[2024-10-02T19:00:51.417+0000] {taskinstance.py:441} INFO - ::group::Post task execution logs
[2024-10-02T19:00:51.427+0000] {taskinstance.py:1206} INFO - Marking task as SUCCESS. dag_id=etl_covid_europa_pipeline, task_id=transformar, run_id=scheduled__2024-03-15T00:00:00+00:00, execution_date=20240315T000000, start_date=20241002T190050, end_date=20241002T190051
[2024-10-02T19:00:51.481+0000] {local_task_job_runner.py:240} INFO - Task exited with return code 0
[2024-10-02T19:00:51.511+0000] {taskinstance.py:3503} INFO - 1 downstream tasks scheduled from follow-on schedule check
[2024-10-02T19:00:51.513+0000] {local_task_job_runner.py:222} INFO - ::endgroup::
[2024-10-02T19:26:52.402+0000] {local_task_job_runner.py:120} INFO - ::group::Pre task execution logs
[2024-10-02T19:26:52.751+0000] {taskinstance.py:2076} INFO - Dependencies all met for dep_context=non-requeueable deps ti=<TaskInstance: etl_covid_europa_pipeline.transformar scheduled__2024-03-15T00:00:00+00:00 [queued]>
[2024-10-02T19:26:52.763+0000] {taskinstance.py:2076} INFO - Dependencies all met for dep_context=requeueable deps ti=<TaskInstance: etl_covid_europa_pipeline.transformar scheduled__2024-03-15T00:00:00+00:00 [queued]>
[2024-10-02T19:26:52.764+0000] {taskinstance.py:2306} INFO - Starting attempt 1 of 1
[2024-10-02T19:26:52.785+0000] {taskinstance.py:2330} INFO - Executing <Task(PythonOperator): transformar> on 2024-03-15 00:00:00+00:00
[2024-10-02T19:26:52.794+0000] {warnings.py:112} WARNING - /home/***/.local/lib/python3.12/site-packages/***/task/task_runner/standard_task_runner.py:61: DeprecationWarning: This process (pid=10120) is multi-threaded, use of fork() may lead to deadlocks in the child.
  pid = os.fork()

[2024-10-02T19:26:52.796+0000] {standard_task_runner.py:63} INFO - Started process 10141 to run task
[2024-10-02T19:26:52.796+0000] {standard_task_runner.py:90} INFO - Running: ['***', 'tasks', 'run', 'etl_covid_europa_pipeline', 'transformar', 'scheduled__2024-03-15T00:00:00+00:00', '--job-id', '2470', '--raw', '--subdir', 'DAGS_FOLDER/etl_pipeline_agrupar_continente.py', '--cfg-path', '/tmp/tmpo71ly_x1']
[2024-10-02T19:26:52.798+0000] {standard_task_runner.py:91} INFO - Job 2470: Subtask transformar
[2024-10-02T19:26:52.864+0000] {task_command.py:426} INFO - Running <TaskInstance: etl_covid_europa_pipeline.transformar scheduled__2024-03-15T00:00:00+00:00 [running]> on host 99de7dfc3871
[2024-10-02T19:26:52.992+0000] {taskinstance.py:2648} INFO - Exporting env vars: AIRFLOW_CTX_DAG_OWNER='***' AIRFLOW_CTX_DAG_ID='etl_covid_europa_pipeline' AIRFLOW_CTX_TASK_ID='transformar' AIRFLOW_CTX_EXECUTION_DATE='2024-03-15T00:00:00+00:00' AIRFLOW_CTX_TRY_NUMBER='1' AIRFLOW_CTX_DAG_RUN_ID='scheduled__2024-03-15T00:00:00+00:00'
[2024-10-02T19:26:52.996+0000] {taskinstance.py:430} INFO - ::endgroup::
[2024-10-02T19:26:53.273+0000] {python.py:237} INFO - Done. Returned value was: None
[2024-10-02T19:26:53.275+0000] {taskinstance.py:441} INFO - ::group::Post task execution logs
[2024-10-02T19:26:53.290+0000] {taskinstance.py:1206} INFO - Marking task as SUCCESS. dag_id=etl_covid_europa_pipeline, task_id=transformar, run_id=scheduled__2024-03-15T00:00:00+00:00, execution_date=20240315T000000, start_date=20241002T192652, end_date=20241002T192653
[2024-10-02T19:26:53.374+0000] {local_task_job_runner.py:240} INFO - Task exited with return code 0
[2024-10-02T19:26:53.412+0000] {taskinstance.py:3503} INFO - 1 downstream tasks scheduled from follow-on schedule check
[2024-10-02T19:26:53.416+0000] {local_task_job_runner.py:222} INFO - ::endgroup::
