[2024-10-02T17:26:25.954+0000] {local_task_job_runner.py:120} INFO - ::group::Pre task execution logs
[2024-10-02T17:26:25.981+0000] {taskinstance.py:2076} INFO - Dependencies all met for dep_context=non-requeueable deps ti=<TaskInstance: etl_covid_europa_pipeline.extrair scheduled__2023-12-19T00:00:00+00:00 [queued]>
[2024-10-02T17:26:25.988+0000] {taskinstance.py:2076} INFO - Dependencies all met for dep_context=requeueable deps ti=<TaskInstance: etl_covid_europa_pipeline.extrair scheduled__2023-12-19T00:00:00+00:00 [queued]>
[2024-10-02T17:26:25.989+0000] {taskinstance.py:2306} INFO - Starting attempt 1 of 1
[2024-10-02T17:26:26.365+0000] {taskinstance.py:2330} INFO - Executing <Task(PythonOperator): extrair> on 2023-12-19 00:00:00+00:00
[2024-10-02T17:26:26.371+0000] {warnings.py:112} WARNING - /home/***/.local/lib/python3.12/site-packages/***/task/task_runner/standard_task_runner.py:61: DeprecationWarning: This process (pid=1607) is multi-threaded, use of fork() may lead to deadlocks in the child.
  pid = os.fork()

[2024-10-02T17:26:26.373+0000] {standard_task_runner.py:63} INFO - Started process 1619 to run task
[2024-10-02T17:26:26.373+0000] {standard_task_runner.py:90} INFO - Running: ['***', 'tasks', 'run', 'etl_covid_europa_pipeline', 'extrair', 'scheduled__2023-12-19T00:00:00+00:00', '--job-id', '148', '--raw', '--subdir', 'DAGS_FOLDER/etl_pipeline.py', '--cfg-path', '/tmp/tmpcw62b3fg']
[2024-10-02T17:26:26.375+0000] {standard_task_runner.py:91} INFO - Job 148: Subtask extrair
[2024-10-02T17:26:26.432+0000] {task_command.py:426} INFO - Running <TaskInstance: etl_covid_europa_pipeline.extrair scheduled__2023-12-19T00:00:00+00:00 [running]> on host 99de7dfc3871
[2024-10-02T17:26:26.519+0000] {taskinstance.py:2648} INFO - Exporting env vars: AIRFLOW_CTX_DAG_OWNER='***' AIRFLOW_CTX_DAG_ID='etl_covid_europa_pipeline' AIRFLOW_CTX_TASK_ID='extrair' AIRFLOW_CTX_EXECUTION_DATE='2023-12-19T00:00:00+00:00' AIRFLOW_CTX_TRY_NUMBER='1' AIRFLOW_CTX_DAG_RUN_ID='scheduled__2023-12-19T00:00:00+00:00'
[2024-10-02T17:26:26.520+0000] {taskinstance.py:430} INFO - ::endgroup::
[2024-10-02T17:26:33.376+0000] {python.py:237} INFO - Done. Returned value was: None
[2024-10-02T17:26:33.377+0000] {taskinstance.py:441} INFO - ::group::Post task execution logs
[2024-10-02T17:26:33.389+0000] {taskinstance.py:1206} INFO - Marking task as SUCCESS. dag_id=etl_covid_europa_pipeline, task_id=extrair, run_id=scheduled__2023-12-19T00:00:00+00:00, execution_date=20231219T000000, start_date=20241002T172625, end_date=20241002T172633
[2024-10-02T17:26:33.439+0000] {local_task_job_runner.py:240} INFO - Task exited with return code 0
[2024-10-02T17:26:33.464+0000] {taskinstance.py:3503} INFO - 1 downstream tasks scheduled from follow-on schedule check
[2024-10-02T17:26:33.468+0000] {local_task_job_runner.py:222} INFO - ::endgroup::
[2024-10-02T18:58:28.645+0000] {local_task_job_runner.py:120} INFO - ::group::Pre task execution logs
[2024-10-02T18:58:28.668+0000] {taskinstance.py:2076} INFO - Dependencies all met for dep_context=non-requeueable deps ti=<TaskInstance: etl_covid_europa_pipeline.extrair scheduled__2023-12-19T00:00:00+00:00 [queued]>
[2024-10-02T18:58:28.810+0000] {taskinstance.py:2076} INFO - Dependencies all met for dep_context=requeueable deps ti=<TaskInstance: etl_covid_europa_pipeline.extrair scheduled__2023-12-19T00:00:00+00:00 [queued]>
[2024-10-02T18:58:28.811+0000] {taskinstance.py:2306} INFO - Starting attempt 1 of 1
[2024-10-02T18:58:28.821+0000] {taskinstance.py:2330} INFO - Executing <Task(PythonOperator): extrair> on 2023-12-19 00:00:00+00:00
[2024-10-02T18:58:28.826+0000] {warnings.py:112} WARNING - /home/***/.local/lib/python3.12/site-packages/***/task/task_runner/standard_task_runner.py:61: DeprecationWarning: This process (pid=5877) is multi-threaded, use of fork() may lead to deadlocks in the child.
  pid = os.fork()

[2024-10-02T18:58:28.827+0000] {standard_task_runner.py:63} INFO - Started process 5885 to run task
[2024-10-02T18:58:28.828+0000] {standard_task_runner.py:90} INFO - Running: ['***', 'tasks', 'run', 'etl_covid_europa_pipeline', 'extrair', 'scheduled__2023-12-19T00:00:00+00:00', '--job-id', '1174', '--raw', '--subdir', 'DAGS_FOLDER/etl_pipeline.py', '--cfg-path', '/tmp/tmpwkgzsya2']
[2024-10-02T18:58:28.829+0000] {standard_task_runner.py:91} INFO - Job 1174: Subtask extrair
[2024-10-02T18:58:28.864+0000] {task_command.py:426} INFO - Running <TaskInstance: etl_covid_europa_pipeline.extrair scheduled__2023-12-19T00:00:00+00:00 [running]> on host 99de7dfc3871
[2024-10-02T18:58:28.943+0000] {taskinstance.py:2648} INFO - Exporting env vars: AIRFLOW_CTX_DAG_OWNER='***' AIRFLOW_CTX_DAG_ID='etl_covid_europa_pipeline' AIRFLOW_CTX_TASK_ID='extrair' AIRFLOW_CTX_EXECUTION_DATE='2023-12-19T00:00:00+00:00' AIRFLOW_CTX_TRY_NUMBER='1' AIRFLOW_CTX_DAG_RUN_ID='scheduled__2023-12-19T00:00:00+00:00'
[2024-10-02T18:58:28.946+0000] {taskinstance.py:430} INFO - ::endgroup::
[2024-10-02T18:58:34.894+0000] {python.py:237} INFO - Done. Returned value was: None
[2024-10-02T18:58:34.895+0000] {taskinstance.py:441} INFO - ::group::Post task execution logs
[2024-10-02T18:58:34.907+0000] {taskinstance.py:1206} INFO - Marking task as SUCCESS. dag_id=etl_covid_europa_pipeline, task_id=extrair, run_id=scheduled__2023-12-19T00:00:00+00:00, execution_date=20231219T000000, start_date=20241002T185828, end_date=20241002T185834
[2024-10-02T18:58:34.996+0000] {local_task_job_runner.py:240} INFO - Task exited with return code 0
[2024-10-02T18:58:35.033+0000] {taskinstance.py:3503} INFO - 1 downstream tasks scheduled from follow-on schedule check
[2024-10-02T18:58:35.037+0000] {local_task_job_runner.py:222} INFO - ::endgroup::
[2024-10-02T19:24:47.201+0000] {local_task_job_runner.py:120} INFO - ::group::Pre task execution logs
[2024-10-02T19:24:47.223+0000] {taskinstance.py:2076} INFO - Dependencies all met for dep_context=non-requeueable deps ti=<TaskInstance: etl_covid_europa_pipeline.extrair scheduled__2023-12-19T00:00:00+00:00 [queued]>
[2024-10-02T19:24:47.414+0000] {taskinstance.py:2076} INFO - Dependencies all met for dep_context=requeueable deps ti=<TaskInstance: etl_covid_europa_pipeline.extrair scheduled__2023-12-19T00:00:00+00:00 [queued]>
[2024-10-02T19:24:47.415+0000] {taskinstance.py:2306} INFO - Starting attempt 1 of 1
[2024-10-02T19:24:47.427+0000] {taskinstance.py:2330} INFO - Executing <Task(PythonOperator): extrair> on 2023-12-19 00:00:00+00:00
[2024-10-02T19:24:47.434+0000] {warnings.py:112} WARNING - /home/***/.local/lib/python3.12/site-packages/***/task/task_runner/standard_task_runner.py:61: DeprecationWarning: This process (pid=9258) is multi-threaded, use of fork() may lead to deadlocks in the child.
  pid = os.fork()

[2024-10-02T19:24:47.435+0000] {standard_task_runner.py:63} INFO - Started process 9267 to run task
[2024-10-02T19:24:47.435+0000] {standard_task_runner.py:90} INFO - Running: ['***', 'tasks', 'run', 'etl_covid_europa_pipeline', 'extrair', 'scheduled__2023-12-19T00:00:00+00:00', '--job-id', '2186', '--raw', '--subdir', 'DAGS_FOLDER/etl_pipeline.py', '--cfg-path', '/tmp/tmpl_avdnyt']
[2024-10-02T19:24:47.437+0000] {standard_task_runner.py:91} INFO - Job 2186: Subtask extrair
[2024-10-02T19:24:47.476+0000] {task_command.py:426} INFO - Running <TaskInstance: etl_covid_europa_pipeline.extrair scheduled__2023-12-19T00:00:00+00:00 [running]> on host 99de7dfc3871
[2024-10-02T19:24:47.561+0000] {taskinstance.py:2648} INFO - Exporting env vars: AIRFLOW_CTX_DAG_OWNER='***' AIRFLOW_CTX_DAG_ID='etl_covid_europa_pipeline' AIRFLOW_CTX_TASK_ID='extrair' AIRFLOW_CTX_EXECUTION_DATE='2023-12-19T00:00:00+00:00' AIRFLOW_CTX_TRY_NUMBER='1' AIRFLOW_CTX_DAG_RUN_ID='scheduled__2023-12-19T00:00:00+00:00'
[2024-10-02T19:24:47.564+0000] {taskinstance.py:430} INFO - ::endgroup::
[2024-10-02T19:24:53.447+0000] {python.py:237} INFO - Done. Returned value was: None
[2024-10-02T19:24:53.448+0000] {taskinstance.py:441} INFO - ::group::Post task execution logs
[2024-10-02T19:24:53.464+0000] {taskinstance.py:1206} INFO - Marking task as SUCCESS. dag_id=etl_covid_europa_pipeline, task_id=extrair, run_id=scheduled__2023-12-19T00:00:00+00:00, execution_date=20231219T000000, start_date=20241002T192447, end_date=20241002T192453
[2024-10-02T19:24:53.565+0000] {local_task_job_runner.py:240} INFO - Task exited with return code 0
[2024-10-02T19:24:53.612+0000] {taskinstance.py:3503} INFO - 1 downstream tasks scheduled from follow-on schedule check
[2024-10-02T19:24:53.618+0000] {local_task_job_runner.py:222} INFO - ::endgroup::
