[2024-10-02T17:25:05.777+0000] {local_task_job_runner.py:120} INFO - ::group::Pre task execution logs
[2024-10-02T17:25:06.218+0000] {taskinstance.py:2076} INFO - Dependencies all met for dep_context=non-requeueable deps ti=<TaskInstance: etl_covid_europa_pipeline.extrair scheduled__2023-10-03T00:00:00+00:00 [queued]>
[2024-10-02T17:25:06.234+0000] {taskinstance.py:2076} INFO - Dependencies all met for dep_context=requeueable deps ti=<TaskInstance: etl_covid_europa_pipeline.extrair scheduled__2023-10-03T00:00:00+00:00 [queued]>
[2024-10-02T17:25:06.236+0000] {taskinstance.py:2306} INFO - Starting attempt 1 of 1
[2024-10-02T17:25:06.397+0000] {taskinstance.py:2330} INFO - Executing <Task(PythonOperator): extrair> on 2023-10-03 00:00:00+00:00
[2024-10-02T17:25:06.412+0000] {warnings.py:112} WARNING - /home/***/.local/lib/python3.12/site-packages/***/task/task_runner/standard_task_runner.py:61: DeprecationWarning: This process (pid=1169) is multi-threaded, use of fork() may lead to deadlocks in the child.
  pid = os.fork()

[2024-10-02T17:25:06.420+0000] {standard_task_runner.py:63} INFO - Started process 1210 to run task
[2024-10-02T17:25:06.414+0000] {standard_task_runner.py:90} INFO - Running: ['***', 'tasks', 'run', 'etl_covid_europa_pipeline', 'extrair', 'scheduled__2023-10-03T00:00:00+00:00', '--job-id', '7', '--raw', '--subdir', 'DAGS_FOLDER/etl_pipeline.py', '--cfg-path', '/tmp/tmphv5cpggp']
[2024-10-02T17:25:06.422+0000] {standard_task_runner.py:91} INFO - Job 7: Subtask extrair
[2024-10-02T17:25:06.511+0000] {task_command.py:426} INFO - Running <TaskInstance: etl_covid_europa_pipeline.extrair scheduled__2023-10-03T00:00:00+00:00 [running]> on host 99de7dfc3871
[2024-10-02T17:25:06.597+0000] {taskinstance.py:2648} INFO - Exporting env vars: AIRFLOW_CTX_DAG_OWNER='***' AIRFLOW_CTX_DAG_ID='etl_covid_europa_pipeline' AIRFLOW_CTX_TASK_ID='extrair' AIRFLOW_CTX_EXECUTION_DATE='2023-10-03T00:00:00+00:00' AIRFLOW_CTX_TRY_NUMBER='1' AIRFLOW_CTX_DAG_RUN_ID='scheduled__2023-10-03T00:00:00+00:00'
[2024-10-02T17:25:06.598+0000] {taskinstance.py:430} INFO - ::endgroup::
[2024-10-02T17:25:13.334+0000] {python.py:237} INFO - Done. Returned value was: None
[2024-10-02T17:25:13.335+0000] {taskinstance.py:441} INFO - ::group::Post task execution logs
[2024-10-02T17:25:13.343+0000] {taskinstance.py:1206} INFO - Marking task as SUCCESS. dag_id=etl_covid_europa_pipeline, task_id=extrair, run_id=scheduled__2023-10-03T00:00:00+00:00, execution_date=20231003T000000, start_date=20241002T172506, end_date=20241002T172513
[2024-10-02T17:25:13.378+0000] {local_task_job_runner.py:240} INFO - Task exited with return code 0
[2024-10-02T17:25:13.403+0000] {taskinstance.py:3503} INFO - 1 downstream tasks scheduled from follow-on schedule check
[2024-10-02T17:25:13.405+0000] {local_task_job_runner.py:222} INFO - ::endgroup::
[2024-10-02T18:57:06.823+0000] {local_task_job_runner.py:120} INFO - ::group::Pre task execution logs
[2024-10-02T18:57:06.849+0000] {taskinstance.py:2076} INFO - Dependencies all met for dep_context=non-requeueable deps ti=<TaskInstance: etl_covid_europa_pipeline.extrair scheduled__2023-10-03T00:00:00+00:00 [queued]>
[2024-10-02T18:57:06.859+0000] {taskinstance.py:2076} INFO - Dependencies all met for dep_context=requeueable deps ti=<TaskInstance: etl_covid_europa_pipeline.extrair scheduled__2023-10-03T00:00:00+00:00 [queued]>
[2024-10-02T18:57:06.859+0000] {taskinstance.py:2306} INFO - Starting attempt 1 of 1
[2024-10-02T18:57:06.943+0000] {taskinstance.py:2330} INFO - Executing <Task(PythonOperator): extrair> on 2023-10-03 00:00:00+00:00
[2024-10-02T18:57:06.950+0000] {warnings.py:112} WARNING - /home/***/.local/lib/python3.12/site-packages/***/task/task_runner/standard_task_runner.py:61: DeprecationWarning: This process (pid=5252) is multi-threaded, use of fork() may lead to deadlocks in the child.
  pid = os.fork()

[2024-10-02T18:57:06.952+0000] {standard_task_runner.py:63} INFO - Started process 5265 to run task
[2024-10-02T18:57:06.951+0000] {standard_task_runner.py:90} INFO - Running: ['***', 'tasks', 'run', 'etl_covid_europa_pipeline', 'extrair', 'scheduled__2023-10-03T00:00:00+00:00', '--job-id', '970', '--raw', '--subdir', 'DAGS_FOLDER/etl_pipeline.py', '--cfg-path', '/tmp/tmphns13dky']
[2024-10-02T18:57:06.955+0000] {standard_task_runner.py:91} INFO - Job 970: Subtask extrair
[2024-10-02T18:57:07.219+0000] {task_command.py:426} INFO - Running <TaskInstance: etl_covid_europa_pipeline.extrair scheduled__2023-10-03T00:00:00+00:00 [running]> on host 99de7dfc3871
[2024-10-02T18:57:07.300+0000] {taskinstance.py:2648} INFO - Exporting env vars: AIRFLOW_CTX_DAG_OWNER='***' AIRFLOW_CTX_DAG_ID='etl_covid_europa_pipeline' AIRFLOW_CTX_TASK_ID='extrair' AIRFLOW_CTX_EXECUTION_DATE='2023-10-03T00:00:00+00:00' AIRFLOW_CTX_TRY_NUMBER='1' AIRFLOW_CTX_DAG_RUN_ID='scheduled__2023-10-03T00:00:00+00:00'
[2024-10-02T18:57:07.301+0000] {taskinstance.py:430} INFO - ::endgroup::
[2024-10-02T18:57:14.853+0000] {python.py:237} INFO - Done. Returned value was: None
[2024-10-02T18:57:14.854+0000] {taskinstance.py:441} INFO - ::group::Post task execution logs
[2024-10-02T18:57:14.870+0000] {taskinstance.py:1206} INFO - Marking task as SUCCESS. dag_id=etl_covid_europa_pipeline, task_id=extrair, run_id=scheduled__2023-10-03T00:00:00+00:00, execution_date=20231003T000000, start_date=20241002T185706, end_date=20241002T185714
[2024-10-02T18:57:14.981+0000] {local_task_job_runner.py:240} INFO - Task exited with return code 0
[2024-10-02T18:57:15.011+0000] {taskinstance.py:3503} INFO - 1 downstream tasks scheduled from follow-on schedule check
[2024-10-02T18:57:15.014+0000] {local_task_job_runner.py:222} INFO - ::endgroup::
[2024-10-02T19:23:11.226+0000] {local_task_job_runner.py:120} INFO - ::group::Pre task execution logs
[2024-10-02T19:23:11.256+0000] {taskinstance.py:2076} INFO - Dependencies all met for dep_context=non-requeueable deps ti=<TaskInstance: etl_covid_europa_pipeline.extrair scheduled__2023-10-03T00:00:00+00:00 [queued]>
[2024-10-02T19:23:11.266+0000] {taskinstance.py:2076} INFO - Dependencies all met for dep_context=requeueable deps ti=<TaskInstance: etl_covid_europa_pipeline.extrair scheduled__2023-10-03T00:00:00+00:00 [queued]>
[2024-10-02T19:23:11.266+0000] {taskinstance.py:2306} INFO - Starting attempt 1 of 1
[2024-10-02T19:23:11.287+0000] {taskinstance.py:2330} INFO - Executing <Task(PythonOperator): extrair> on 2023-10-03 00:00:00+00:00
[2024-10-02T19:23:11.294+0000] {warnings.py:112} WARNING - /home/***/.local/lib/python3.12/site-packages/***/task/task_runner/standard_task_runner.py:61: DeprecationWarning: This process (pid=8709) is multi-threaded, use of fork() may lead to deadlocks in the child.
  pid = os.fork()

[2024-10-02T19:23:11.295+0000] {standard_task_runner.py:63} INFO - Started process 8722 to run task
[2024-10-02T19:23:11.296+0000] {standard_task_runner.py:90} INFO - Running: ['***', 'tasks', 'run', 'etl_covid_europa_pipeline', 'extrair', 'scheduled__2023-10-03T00:00:00+00:00', '--job-id', '2010', '--raw', '--subdir', 'DAGS_FOLDER/etl_pipeline.py', '--cfg-path', '/tmp/tmpucj9mxmu']
[2024-10-02T19:23:11.298+0000] {standard_task_runner.py:91} INFO - Job 2010: Subtask extrair
[2024-10-02T19:23:11.660+0000] {task_command.py:426} INFO - Running <TaskInstance: etl_covid_europa_pipeline.extrair scheduled__2023-10-03T00:00:00+00:00 [running]> on host 99de7dfc3871
[2024-10-02T19:23:11.750+0000] {taskinstance.py:2648} INFO - Exporting env vars: AIRFLOW_CTX_DAG_OWNER='***' AIRFLOW_CTX_DAG_ID='etl_covid_europa_pipeline' AIRFLOW_CTX_TASK_ID='extrair' AIRFLOW_CTX_EXECUTION_DATE='2023-10-03T00:00:00+00:00' AIRFLOW_CTX_TRY_NUMBER='1' AIRFLOW_CTX_DAG_RUN_ID='scheduled__2023-10-03T00:00:00+00:00'
[2024-10-02T19:23:11.751+0000] {taskinstance.py:430} INFO - ::endgroup::
[2024-10-02T19:23:22.889+0000] {taskinstance.py:441} INFO - ::group::Post task execution logs
[2024-10-02T19:23:22.890+0000] {taskinstance.py:2905} ERROR - Task failed with exception
Traceback (most recent call last):
  File "/home/airflow/.local/lib/python3.12/site-packages/airflow/models/taskinstance.py", line 465, in _execute_task
    result = _execute_callable(context=context, **execute_callable_kwargs)
             ^^^^^^^^^^^^^^^^^^^^^^^^^^^^^^^^^^^^^^^^^^^^^^^^^^^^^^^^^^^^^
  File "/home/airflow/.local/lib/python3.12/site-packages/airflow/models/taskinstance.py", line 432, in _execute_callable
    return execute_callable(context=context, **execute_callable_kwargs)
           ^^^^^^^^^^^^^^^^^^^^^^^^^^^^^^^^^^^^^^^^^^^^^^^^^^^^^^^^^^^^
  File "/home/airflow/.local/lib/python3.12/site-packages/airflow/models/baseoperator.py", line 401, in wrapper
    return func(self, *args, **kwargs)
           ^^^^^^^^^^^^^^^^^^^^^^^^^^^
  File "/home/airflow/.local/lib/python3.12/site-packages/airflow/operators/python.py", line 235, in execute
    return_value = self.execute_callable()
                   ^^^^^^^^^^^^^^^^^^^^^^^
  File "/home/airflow/.local/lib/python3.12/site-packages/airflow/operators/python.py", line 252, in execute_callable
    return self.python_callable(*self.op_args, **self.op_kwargs)
           ^^^^^^^^^^^^^^^^^^^^^^^^^^^^^^^^^^^^^^^^^^^^^^^^^^^^^
  File "/opt/airflow/dags/etl_pipeline.py", line 9, in extrair
    df = pd.read_csv(url)
         ^^^^^^^^^^^^^^^^
  File "/home/airflow/.local/lib/python3.12/site-packages/pandas/io/parsers/readers.py", line 948, in read_csv
    return _read(filepath_or_buffer, kwds)
           ^^^^^^^^^^^^^^^^^^^^^^^^^^^^^^^
  File "/home/airflow/.local/lib/python3.12/site-packages/pandas/io/parsers/readers.py", line 611, in _read
    parser = TextFileReader(filepath_or_buffer, **kwds)
             ^^^^^^^^^^^^^^^^^^^^^^^^^^^^^^^^^^^^^^^^^^
  File "/home/airflow/.local/lib/python3.12/site-packages/pandas/io/parsers/readers.py", line 1448, in __init__
    self._engine = self._make_engine(f, self.engine)
                   ^^^^^^^^^^^^^^^^^^^^^^^^^^^^^^^^^
  File "/home/airflow/.local/lib/python3.12/site-packages/pandas/io/parsers/readers.py", line 1705, in _make_engine
    self.handles = get_handle(
                   ^^^^^^^^^^^
  File "/home/airflow/.local/lib/python3.12/site-packages/pandas/io/common.py", line 718, in get_handle
    ioargs = _get_filepath_or_buffer(
             ^^^^^^^^^^^^^^^^^^^^^^^^
  File "/home/airflow/.local/lib/python3.12/site-packages/pandas/io/common.py", line 377, in _get_filepath_or_buffer
    reader = BytesIO(req.read())
                     ^^^^^^^^^^
  File "/usr/local/lib/python3.12/http/client.py", line 495, in read
    s = self._safe_read(self.length)
        ^^^^^^^^^^^^^^^^^^^^^^^^^^^^
  File "/usr/local/lib/python3.12/http/client.py", line 642, in _safe_read
    raise IncompleteRead(data, amt-len(data))
http.client.IncompleteRead: IncompleteRead(2991515 bytes read, 1315787 more expected)
[2024-10-02T19:23:22.903+0000] {taskinstance.py:1206} INFO - Marking task as FAILED. dag_id=etl_covid_europa_pipeline, task_id=extrair, run_id=scheduled__2023-10-03T00:00:00+00:00, execution_date=20231003T000000, start_date=20241002T192311, end_date=20241002T192322
[2024-10-02T19:23:22.918+0000] {standard_task_runner.py:110} ERROR - Failed to execute job 2010 for task extrair (IncompleteRead(2991515 bytes read, 1315787 more expected); 8722)
[2024-10-02T19:23:22.936+0000] {local_task_job_runner.py:240} INFO - Task exited with return code 1
[2024-10-02T19:23:22.954+0000] {taskinstance.py:3503} INFO - 0 downstream tasks scheduled from follow-on schedule check
[2024-10-02T19:23:22.958+0000] {local_task_job_runner.py:222} INFO - ::endgroup::
