[2024-10-02T17:26:06.238+0000] {local_task_job_runner.py:120} INFO - ::group::Pre task execution logs
[2024-10-02T17:26:06.264+0000] {taskinstance.py:2076} INFO - Dependencies all met for dep_context=non-requeueable deps ti=<TaskInstance: etl_covid_europa_pipeline.extrair scheduled__2023-11-23T00:00:00+00:00 [queued]>
[2024-10-02T17:26:06.273+0000] {taskinstance.py:2076} INFO - Dependencies all met for dep_context=requeueable deps ti=<TaskInstance: etl_covid_europa_pipeline.extrair scheduled__2023-11-23T00:00:00+00:00 [queued]>
[2024-10-02T17:26:06.274+0000] {taskinstance.py:2306} INFO - Starting attempt 1 of 1
[2024-10-02T17:26:06.292+0000] {taskinstance.py:2330} INFO - Executing <Task(PythonOperator): extrair> on 2023-11-23 00:00:00+00:00
[2024-10-02T17:26:06.300+0000] {warnings.py:112} WARNING - /home/***/.local/lib/python3.12/site-packages/***/task/task_runner/standard_task_runner.py:61: DeprecationWarning: This process (pid=1481) is multi-threaded, use of fork() may lead to deadlocks in the child.
  pid = os.fork()

[2024-10-02T17:26:06.302+0000] {standard_task_runner.py:63} INFO - Started process 1494 to run task
[2024-10-02T17:26:06.302+0000] {standard_task_runner.py:90} INFO - Running: ['***', 'tasks', 'run', 'etl_covid_europa_pipeline', 'extrair', 'scheduled__2023-11-23T00:00:00+00:00', '--job-id', '108', '--raw', '--subdir', 'DAGS_FOLDER/etl_pipeline.py', '--cfg-path', '/tmp/tmp6a5x_sza']
[2024-10-02T17:26:06.304+0000] {standard_task_runner.py:91} INFO - Job 108: Subtask extrair
[2024-10-02T17:26:06.564+0000] {task_command.py:426} INFO - Running <TaskInstance: etl_covid_europa_pipeline.extrair scheduled__2023-11-23T00:00:00+00:00 [running]> on host 99de7dfc3871
[2024-10-02T17:26:06.651+0000] {taskinstance.py:2648} INFO - Exporting env vars: AIRFLOW_CTX_DAG_OWNER='***' AIRFLOW_CTX_DAG_ID='etl_covid_europa_pipeline' AIRFLOW_CTX_TASK_ID='extrair' AIRFLOW_CTX_EXECUTION_DATE='2023-11-23T00:00:00+00:00' AIRFLOW_CTX_TRY_NUMBER='1' AIRFLOW_CTX_DAG_RUN_ID='scheduled__2023-11-23T00:00:00+00:00'
[2024-10-02T17:26:06.652+0000] {taskinstance.py:430} INFO - ::endgroup::
[2024-10-02T17:26:13.976+0000] {python.py:237} INFO - Done. Returned value was: None
[2024-10-02T17:26:13.977+0000] {taskinstance.py:441} INFO - ::group::Post task execution logs
[2024-10-02T17:26:13.986+0000] {taskinstance.py:1206} INFO - Marking task as SUCCESS. dag_id=etl_covid_europa_pipeline, task_id=extrair, run_id=scheduled__2023-11-23T00:00:00+00:00, execution_date=20231123T000000, start_date=20241002T172606, end_date=20241002T172613
[2024-10-02T17:26:14.051+0000] {local_task_job_runner.py:240} INFO - Task exited with return code 0
[2024-10-02T17:26:14.073+0000] {taskinstance.py:3503} INFO - 1 downstream tasks scheduled from follow-on schedule check
[2024-10-02T17:26:14.076+0000] {local_task_job_runner.py:222} INFO - ::endgroup::
[2024-10-02T18:58:10.300+0000] {local_task_job_runner.py:120} INFO - ::group::Pre task execution logs
[2024-10-02T18:58:10.328+0000] {taskinstance.py:2076} INFO - Dependencies all met for dep_context=non-requeueable deps ti=<TaskInstance: etl_covid_europa_pipeline.extrair scheduled__2023-11-23T00:00:00+00:00 [queued]>
[2024-10-02T18:58:10.580+0000] {taskinstance.py:2076} INFO - Dependencies all met for dep_context=requeueable deps ti=<TaskInstance: etl_covid_europa_pipeline.extrair scheduled__2023-11-23T00:00:00+00:00 [queued]>
[2024-10-02T18:58:10.581+0000] {taskinstance.py:2306} INFO - Starting attempt 1 of 1
[2024-10-02T18:58:10.597+0000] {taskinstance.py:2330} INFO - Executing <Task(PythonOperator): extrair> on 2023-11-23 00:00:00+00:00
[2024-10-02T18:58:10.604+0000] {warnings.py:112} WARNING - /home/***/.local/lib/python3.12/site-packages/***/task/task_runner/standard_task_runner.py:61: DeprecationWarning: This process (pid=5709) is multi-threaded, use of fork() may lead to deadlocks in the child.
  pid = os.fork()

[2024-10-02T18:58:10.605+0000] {standard_task_runner.py:63} INFO - Started process 5725 to run task
[2024-10-02T18:58:10.605+0000] {standard_task_runner.py:90} INFO - Running: ['***', 'tasks', 'run', 'etl_covid_europa_pipeline', 'extrair', 'scheduled__2023-11-23T00:00:00+00:00', '--job-id', '1118', '--raw', '--subdir', 'DAGS_FOLDER/etl_pipeline.py', '--cfg-path', '/tmp/tmpe75jkwhs']
[2024-10-02T18:58:10.608+0000] {standard_task_runner.py:91} INFO - Job 1118: Subtask extrair
[2024-10-02T18:58:10.651+0000] {task_command.py:426} INFO - Running <TaskInstance: etl_covid_europa_pipeline.extrair scheduled__2023-11-23T00:00:00+00:00 [running]> on host 99de7dfc3871
[2024-10-02T18:58:10.744+0000] {taskinstance.py:2648} INFO - Exporting env vars: AIRFLOW_CTX_DAG_OWNER='***' AIRFLOW_CTX_DAG_ID='etl_covid_europa_pipeline' AIRFLOW_CTX_TASK_ID='extrair' AIRFLOW_CTX_EXECUTION_DATE='2023-11-23T00:00:00+00:00' AIRFLOW_CTX_TRY_NUMBER='1' AIRFLOW_CTX_DAG_RUN_ID='scheduled__2023-11-23T00:00:00+00:00'
[2024-10-02T18:58:10.747+0000] {taskinstance.py:430} INFO - ::endgroup::
[2024-10-02T18:58:15.874+0000] {python.py:237} INFO - Done. Returned value was: None
[2024-10-02T18:58:15.875+0000] {taskinstance.py:441} INFO - ::group::Post task execution logs
[2024-10-02T18:58:15.886+0000] {taskinstance.py:1206} INFO - Marking task as SUCCESS. dag_id=etl_covid_europa_pipeline, task_id=extrair, run_id=scheduled__2023-11-23T00:00:00+00:00, execution_date=20231123T000000, start_date=20241002T185810, end_date=20241002T185815
[2024-10-02T18:58:15.951+0000] {local_task_job_runner.py:240} INFO - Task exited with return code 0
[2024-10-02T18:58:15.960+0000] {local_task_job_runner.py:222} INFO - ::endgroup::
[2024-10-02T19:24:22.968+0000] {local_task_job_runner.py:120} INFO - ::group::Pre task execution logs
[2024-10-02T19:24:22.996+0000] {taskinstance.py:2076} INFO - Dependencies all met for dep_context=non-requeueable deps ti=<TaskInstance: etl_covid_europa_pipeline.extrair scheduled__2023-11-23T00:00:00+00:00 [queued]>
[2024-10-02T19:24:23.225+0000] {taskinstance.py:2076} INFO - Dependencies all met for dep_context=requeueable deps ti=<TaskInstance: etl_covid_europa_pipeline.extrair scheduled__2023-11-23T00:00:00+00:00 [queued]>
[2024-10-02T19:24:23.225+0000] {taskinstance.py:2306} INFO - Starting attempt 1 of 1
[2024-10-02T19:24:23.278+0000] {taskinstance.py:2330} INFO - Executing <Task(PythonOperator): extrair> on 2023-11-23 00:00:00+00:00
[2024-10-02T19:24:23.286+0000] {warnings.py:112} WARNING - /home/***/.local/lib/python3.12/site-packages/***/task/task_runner/standard_task_runner.py:61: DeprecationWarning: This process (pid=9072) is multi-threaded, use of fork() may lead to deadlocks in the child.
  pid = os.fork()

[2024-10-02T19:24:23.287+0000] {standard_task_runner.py:63} INFO - Started process 9088 to run task
[2024-10-02T19:24:23.287+0000] {standard_task_runner.py:90} INFO - Running: ['***', 'tasks', 'run', 'etl_covid_europa_pipeline', 'extrair', 'scheduled__2023-11-23T00:00:00+00:00', '--job-id', '2127', '--raw', '--subdir', 'DAGS_FOLDER/etl_pipeline.py', '--cfg-path', '/tmp/tmp1l_06iby']
[2024-10-02T19:24:23.289+0000] {standard_task_runner.py:91} INFO - Job 2127: Subtask extrair
[2024-10-02T19:24:23.337+0000] {task_command.py:426} INFO - Running <TaskInstance: etl_covid_europa_pipeline.extrair scheduled__2023-11-23T00:00:00+00:00 [running]> on host 99de7dfc3871
[2024-10-02T19:24:23.440+0000] {taskinstance.py:2648} INFO - Exporting env vars: AIRFLOW_CTX_DAG_OWNER='***' AIRFLOW_CTX_DAG_ID='etl_covid_europa_pipeline' AIRFLOW_CTX_TASK_ID='extrair' AIRFLOW_CTX_EXECUTION_DATE='2023-11-23T00:00:00+00:00' AIRFLOW_CTX_TRY_NUMBER='1' AIRFLOW_CTX_DAG_RUN_ID='scheduled__2023-11-23T00:00:00+00:00'
[2024-10-02T19:24:23.444+0000] {taskinstance.py:430} INFO - ::endgroup::
[2024-10-02T19:24:30.443+0000] {python.py:237} INFO - Done. Returned value was: None
[2024-10-02T19:24:30.444+0000] {taskinstance.py:441} INFO - ::group::Post task execution logs
[2024-10-02T19:24:30.453+0000] {taskinstance.py:1206} INFO - Marking task as SUCCESS. dag_id=etl_covid_europa_pipeline, task_id=extrair, run_id=scheduled__2023-11-23T00:00:00+00:00, execution_date=20231123T000000, start_date=20241002T192422, end_date=20241002T192430
[2024-10-02T19:24:30.644+0000] {local_task_job_runner.py:240} INFO - Task exited with return code 0
[2024-10-02T19:24:30.673+0000] {taskinstance.py:3503} INFO - 1 downstream tasks scheduled from follow-on schedule check
[2024-10-02T19:24:30.676+0000] {local_task_job_runner.py:222} INFO - ::endgroup::
