[2024-10-02T18:59:53.485+0000] {local_task_job_runner.py:120} INFO - ::group::Pre task execution logs
[2024-10-02T18:59:53.506+0000] {taskinstance.py:2076} INFO - Dependencies all met for dep_context=non-requeueable deps ti=<TaskInstance: etl_covid_europa_pipeline.transformar scheduled__2024-02-03T00:00:00+00:00 [queued]>
[2024-10-02T18:59:53.515+0000] {taskinstance.py:2076} INFO - Dependencies all met for dep_context=requeueable deps ti=<TaskInstance: etl_covid_europa_pipeline.transformar scheduled__2024-02-03T00:00:00+00:00 [queued]>
[2024-10-02T18:59:53.516+0000] {taskinstance.py:2306} INFO - Starting attempt 1 of 1
[2024-10-02T18:59:53.700+0000] {taskinstance.py:2330} INFO - Executing <Task(PythonOperator): transformar> on 2024-02-03 00:00:00+00:00
[2024-10-02T18:59:53.706+0000] {warnings.py:112} WARNING - /home/***/.local/lib/python3.12/site-packages/***/task/task_runner/standard_task_runner.py:61: DeprecationWarning: This process (pid=6410) is multi-threaded, use of fork() may lead to deadlocks in the child.
  pid = os.fork()

[2024-10-02T18:59:53.707+0000] {standard_task_runner.py:63} INFO - Started process 6415 to run task
[2024-10-02T18:59:53.706+0000] {standard_task_runner.py:90} INFO - Running: ['***', 'tasks', 'run', 'etl_covid_europa_pipeline', 'transformar', 'scheduled__2024-02-03T00:00:00+00:00', '--job-id', '1344', '--raw', '--subdir', 'DAGS_FOLDER/etl_pipeline.py', '--cfg-path', '/tmp/tmpq8778aa8']
[2024-10-02T18:59:53.709+0000] {standard_task_runner.py:91} INFO - Job 1344: Subtask transformar
[2024-10-02T18:59:53.747+0000] {task_command.py:426} INFO - Running <TaskInstance: etl_covid_europa_pipeline.transformar scheduled__2024-02-03T00:00:00+00:00 [running]> on host 99de7dfc3871
[2024-10-02T18:59:53.829+0000] {taskinstance.py:2648} INFO - Exporting env vars: AIRFLOW_CTX_DAG_OWNER='***' AIRFLOW_CTX_DAG_ID='etl_covid_europa_pipeline' AIRFLOW_CTX_TASK_ID='transformar' AIRFLOW_CTX_EXECUTION_DATE='2024-02-03T00:00:00+00:00' AIRFLOW_CTX_TRY_NUMBER='1' AIRFLOW_CTX_DAG_RUN_ID='scheduled__2024-02-03T00:00:00+00:00'
[2024-10-02T18:59:53.830+0000] {taskinstance.py:430} INFO - ::endgroup::
[2024-10-02T18:59:53.966+0000] {python.py:237} INFO - Done. Returned value was: None
[2024-10-02T18:59:53.967+0000] {taskinstance.py:441} INFO - ::group::Post task execution logs
[2024-10-02T18:59:53.975+0000] {taskinstance.py:1206} INFO - Marking task as SUCCESS. dag_id=etl_covid_europa_pipeline, task_id=transformar, run_id=scheduled__2024-02-03T00:00:00+00:00, execution_date=20240203T000000, start_date=20241002T185953, end_date=20241002T185953
[2024-10-02T18:59:54.001+0000] {local_task_job_runner.py:240} INFO - Task exited with return code 0
[2024-10-02T18:59:54.010+0000] {local_task_job_runner.py:222} INFO - ::endgroup::
[2024-10-02T19:26:06.919+0000] {local_task_job_runner.py:120} INFO - ::group::Pre task execution logs
[2024-10-02T19:26:07.120+0000] {taskinstance.py:2076} INFO - Dependencies all met for dep_context=non-requeueable deps ti=<TaskInstance: etl_covid_europa_pipeline.transformar scheduled__2024-02-03T00:00:00+00:00 [queued]>
[2024-10-02T19:26:07.126+0000] {taskinstance.py:2076} INFO - Dependencies all met for dep_context=requeueable deps ti=<TaskInstance: etl_covid_europa_pipeline.transformar scheduled__2024-02-03T00:00:00+00:00 [queued]>
[2024-10-02T19:26:07.127+0000] {taskinstance.py:2306} INFO - Starting attempt 1 of 1
[2024-10-02T19:26:07.138+0000] {taskinstance.py:2330} INFO - Executing <Task(PythonOperator): transformar> on 2024-02-03 00:00:00+00:00
[2024-10-02T19:26:07.143+0000] {warnings.py:112} WARNING - /home/***/.local/lib/python3.12/site-packages/***/task/task_runner/standard_task_runner.py:61: DeprecationWarning: This process (pid=9811) is multi-threaded, use of fork() may lead to deadlocks in the child.
  pid = os.fork()

[2024-10-02T19:26:07.145+0000] {standard_task_runner.py:63} INFO - Started process 9814 to run task
[2024-10-02T19:26:07.145+0000] {standard_task_runner.py:90} INFO - Running: ['***', 'tasks', 'run', 'etl_covid_europa_pipeline', 'transformar', 'scheduled__2024-02-03T00:00:00+00:00', '--job-id', '2365', '--raw', '--subdir', 'DAGS_FOLDER/etl_pipeline.py', '--cfg-path', '/tmp/tmpf3uvyhro']
[2024-10-02T19:26:07.147+0000] {standard_task_runner.py:91} INFO - Job 2365: Subtask transformar
[2024-10-02T19:26:07.191+0000] {task_command.py:426} INFO - Running <TaskInstance: etl_covid_europa_pipeline.transformar scheduled__2024-02-03T00:00:00+00:00 [running]> on host 99de7dfc3871
[2024-10-02T19:26:07.288+0000] {taskinstance.py:2648} INFO - Exporting env vars: AIRFLOW_CTX_DAG_OWNER='***' AIRFLOW_CTX_DAG_ID='etl_covid_europa_pipeline' AIRFLOW_CTX_TASK_ID='transformar' AIRFLOW_CTX_EXECUTION_DATE='2024-02-03T00:00:00+00:00' AIRFLOW_CTX_TRY_NUMBER='1' AIRFLOW_CTX_DAG_RUN_ID='scheduled__2024-02-03T00:00:00+00:00'
[2024-10-02T19:26:07.289+0000] {taskinstance.py:430} INFO - ::endgroup::
[2024-10-02T19:26:07.360+0000] {python.py:237} INFO - Done. Returned value was: None
[2024-10-02T19:26:07.361+0000] {taskinstance.py:441} INFO - ::group::Post task execution logs
[2024-10-02T19:26:07.370+0000] {taskinstance.py:1206} INFO - Marking task as SUCCESS. dag_id=etl_covid_europa_pipeline, task_id=transformar, run_id=scheduled__2024-02-03T00:00:00+00:00, execution_date=20240203T000000, start_date=20241002T192607, end_date=20241002T192607
[2024-10-02T19:26:07.399+0000] {local_task_job_runner.py:240} INFO - Task exited with return code 0
[2024-10-02T19:26:07.408+0000] {local_task_job_runner.py:222} INFO - ::endgroup::
