[2024-10-02T18:58:58.413+0000] {local_task_job_runner.py:120} INFO - ::group::Pre task execution logs
[2024-10-02T18:58:58.440+0000] {taskinstance.py:2076} INFO - Dependencies all met for dep_context=non-requeueable deps ti=<TaskInstance: etl_covid_europa_pipeline.carregar scheduled__2024-01-01T00:00:00+00:00 [queued]>
[2024-10-02T18:58:58.705+0000] {taskinstance.py:2076} INFO - Dependencies all met for dep_context=requeueable deps ti=<TaskInstance: etl_covid_europa_pipeline.carregar scheduled__2024-01-01T00:00:00+00:00 [queued]>
[2024-10-02T18:58:58.705+0000] {taskinstance.py:2306} INFO - Starting attempt 1 of 1
[2024-10-02T18:58:58.722+0000] {taskinstance.py:2330} INFO - Executing <Task(PythonOperator): carregar> on 2024-01-01 00:00:00+00:00
[2024-10-02T18:58:58.729+0000] {warnings.py:112} WARNING - /home/***/.local/lib/python3.12/site-packages/***/task/task_runner/standard_task_runner.py:61: DeprecationWarning: This process (pid=6101) is multi-threaded, use of fork() may lead to deadlocks in the child.
  pid = os.fork()

[2024-10-02T18:58:58.733+0000] {standard_task_runner.py:63} INFO - Started process 6113 to run task
[2024-10-02T18:58:58.735+0000] {standard_task_runner.py:90} INFO - Running: ['***', 'tasks', 'run', 'etl_covid_europa_pipeline', 'carregar', 'scheduled__2024-01-01T00:00:00+00:00', '--job-id', '1247', '--raw', '--subdir', 'DAGS_FOLDER/etl_pipeline.py', '--cfg-path', '/tmp/tmp7_onu5ry']
[2024-10-02T18:58:58.738+0000] {standard_task_runner.py:91} INFO - Job 1247: Subtask carregar
[2024-10-02T18:58:58.796+0000] {task_command.py:426} INFO - Running <TaskInstance: etl_covid_europa_pipeline.carregar scheduled__2024-01-01T00:00:00+00:00 [running]> on host 99de7dfc3871
[2024-10-02T18:58:58.889+0000] {taskinstance.py:2648} INFO - Exporting env vars: AIRFLOW_CTX_DAG_OWNER='***' AIRFLOW_CTX_DAG_ID='etl_covid_europa_pipeline' AIRFLOW_CTX_TASK_ID='carregar' AIRFLOW_CTX_EXECUTION_DATE='2024-01-01T00:00:00+00:00' AIRFLOW_CTX_TRY_NUMBER='1' AIRFLOW_CTX_DAG_RUN_ID='scheduled__2024-01-01T00:00:00+00:00'
[2024-10-02T18:58:58.892+0000] {taskinstance.py:430} INFO - ::endgroup::
[2024-10-02T18:58:58.973+0000] {python.py:237} INFO - Done. Returned value was: None
[2024-10-02T18:58:58.974+0000] {taskinstance.py:441} INFO - ::group::Post task execution logs
[2024-10-02T18:58:58.983+0000] {taskinstance.py:1206} INFO - Marking task as SUCCESS. dag_id=etl_covid_europa_pipeline, task_id=carregar, run_id=scheduled__2024-01-01T00:00:00+00:00, execution_date=20240101T000000, start_date=20241002T185858, end_date=20241002T185858
[2024-10-02T18:58:59.033+0000] {local_task_job_runner.py:240} INFO - Task exited with return code 0
[2024-10-02T18:58:59.048+0000] {taskinstance.py:3503} INFO - 0 downstream tasks scheduled from follow-on schedule check
[2024-10-02T18:58:59.052+0000] {local_task_job_runner.py:222} INFO - ::endgroup::
[2024-10-02T19:25:31.101+0000] {local_task_job_runner.py:120} INFO - ::group::Pre task execution logs
[2024-10-02T19:25:31.148+0000] {taskinstance.py:2076} INFO - Dependencies all met for dep_context=non-requeueable deps ti=<TaskInstance: etl_covid_europa_pipeline.carregar scheduled__2024-01-01T00:00:00+00:00 [queued]>
[2024-10-02T19:25:31.163+0000] {taskinstance.py:2076} INFO - Dependencies all met for dep_context=requeueable deps ti=<TaskInstance: etl_covid_europa_pipeline.carregar scheduled__2024-01-01T00:00:00+00:00 [queued]>
[2024-10-02T19:25:31.167+0000] {taskinstance.py:2306} INFO - Starting attempt 1 of 1
[2024-10-02T19:25:31.198+0000] {taskinstance.py:2330} INFO - Executing <Task(PythonOperator): carregar> on 2024-01-01 00:00:00+00:00
[2024-10-02T19:25:31.209+0000] {warnings.py:112} WARNING - /home/***/.local/lib/python3.12/site-packages/***/task/task_runner/standard_task_runner.py:61: DeprecationWarning: This process (pid=9545) is multi-threaded, use of fork() may lead to deadlocks in the child.
  pid = os.fork()

[2024-10-02T19:25:31.211+0000] {standard_task_runner.py:63} INFO - Started process 9567 to run task
[2024-10-02T19:25:31.211+0000] {standard_task_runner.py:90} INFO - Running: ['***', 'tasks', 'run', 'etl_covid_europa_pipeline', 'carregar', 'scheduled__2024-01-01T00:00:00+00:00', '--job-id', '2281', '--raw', '--subdir', 'DAGS_FOLDER/etl_pipeline.py', '--cfg-path', '/tmp/tmpzdxpzh7t']
[2024-10-02T19:25:31.219+0000] {standard_task_runner.py:91} INFO - Job 2281: Subtask carregar
[2024-10-02T19:25:31.753+0000] {task_command.py:426} INFO - Running <TaskInstance: etl_covid_europa_pipeline.carregar scheduled__2024-01-01T00:00:00+00:00 [running]> on host 99de7dfc3871
[2024-10-02T19:25:31.852+0000] {taskinstance.py:2648} INFO - Exporting env vars: AIRFLOW_CTX_DAG_OWNER='***' AIRFLOW_CTX_DAG_ID='etl_covid_europa_pipeline' AIRFLOW_CTX_TASK_ID='carregar' AIRFLOW_CTX_EXECUTION_DATE='2024-01-01T00:00:00+00:00' AIRFLOW_CTX_TRY_NUMBER='1' AIRFLOW_CTX_DAG_RUN_ID='scheduled__2024-01-01T00:00:00+00:00'
[2024-10-02T19:25:31.853+0000] {taskinstance.py:430} INFO - ::endgroup::
[2024-10-02T19:25:31.923+0000] {python.py:237} INFO - Done. Returned value was: None
[2024-10-02T19:25:31.924+0000] {taskinstance.py:441} INFO - ::group::Post task execution logs
[2024-10-02T19:25:31.935+0000] {taskinstance.py:1206} INFO - Marking task as SUCCESS. dag_id=etl_covid_europa_pipeline, task_id=carregar, run_id=scheduled__2024-01-01T00:00:00+00:00, execution_date=20240101T000000, start_date=20241002T192531, end_date=20241002T192531
[2024-10-02T19:25:31.999+0000] {local_task_job_runner.py:240} INFO - Task exited with return code 0
[2024-10-02T19:25:32.225+0000] {taskinstance.py:3503} INFO - 0 downstream tasks scheduled from follow-on schedule check
[2024-10-02T19:25:32.230+0000] {local_task_job_runner.py:222} INFO - ::endgroup::
