[2024-10-02T17:31:01.796+0000] {local_task_job_runner.py:120} INFO - ::group::Pre task execution logs
[2024-10-02T17:31:01.824+0000] {taskinstance.py:2076} INFO - Dependencies all met for dep_context=non-requeueable deps ti=<TaskInstance: etl_covid_europa_pipeline.extrair scheduled__2024-08-07T00:00:00+00:00 [queued]>
[2024-10-02T17:31:01.833+0000] {taskinstance.py:2076} INFO - Dependencies all met for dep_context=requeueable deps ti=<TaskInstance: etl_covid_europa_pipeline.extrair scheduled__2024-08-07T00:00:00+00:00 [queued]>
[2024-10-02T17:31:01.834+0000] {taskinstance.py:2306} INFO - Starting attempt 1 of 1
[2024-10-02T17:31:02.059+0000] {taskinstance.py:2330} INFO - Executing <Task(PythonOperator): extrair> on 2024-08-07 00:00:00+00:00
[2024-10-02T17:31:02.066+0000] {warnings.py:112} WARNING - /home/***/.local/lib/python3.12/site-packages/***/task/task_runner/standard_task_runner.py:61: DeprecationWarning: This process (pid=2880) is multi-threaded, use of fork() may lead to deadlocks in the child.
  pid = os.fork()

[2024-10-02T17:31:02.067+0000] {standard_task_runner.py:63} INFO - Started process 2896 to run task
[2024-10-02T17:31:02.068+0000] {standard_task_runner.py:90} INFO - Running: ['***', 'tasks', 'run', 'etl_covid_europa_pipeline', 'extrair', 'scheduled__2024-08-07T00:00:00+00:00', '--job-id', '554', '--raw', '--subdir', 'DAGS_FOLDER/etl_pipeline.py', '--cfg-path', '/tmp/tmpwvyq_ehu']
[2024-10-02T17:31:02.071+0000] {standard_task_runner.py:91} INFO - Job 554: Subtask extrair
[2024-10-02T17:31:02.122+0000] {task_command.py:426} INFO - Running <TaskInstance: etl_covid_europa_pipeline.extrair scheduled__2024-08-07T00:00:00+00:00 [running]> on host 99de7dfc3871
[2024-10-02T17:31:02.202+0000] {taskinstance.py:2648} INFO - Exporting env vars: AIRFLOW_CTX_DAG_OWNER='***' AIRFLOW_CTX_DAG_ID='etl_covid_europa_pipeline' AIRFLOW_CTX_TASK_ID='extrair' AIRFLOW_CTX_EXECUTION_DATE='2024-08-07T00:00:00+00:00' AIRFLOW_CTX_TRY_NUMBER='1' AIRFLOW_CTX_DAG_RUN_ID='scheduled__2024-08-07T00:00:00+00:00'
[2024-10-02T17:31:02.204+0000] {taskinstance.py:430} INFO - ::endgroup::
[2024-10-02T17:31:08.423+0000] {python.py:237} INFO - Done. Returned value was: None
[2024-10-02T17:31:08.424+0000] {taskinstance.py:441} INFO - ::group::Post task execution logs
[2024-10-02T17:31:08.433+0000] {taskinstance.py:1206} INFO - Marking task as SUCCESS. dag_id=etl_covid_europa_pipeline, task_id=extrair, run_id=scheduled__2024-08-07T00:00:00+00:00, execution_date=20240807T000000, start_date=20241002T173101, end_date=20241002T173108
[2024-10-02T17:31:08.488+0000] {local_task_job_runner.py:240} INFO - Task exited with return code 0
[2024-10-02T17:31:08.517+0000] {taskinstance.py:3503} INFO - 1 downstream tasks scheduled from follow-on schedule check
[2024-10-02T17:31:08.519+0000] {local_task_job_runner.py:222} INFO - ::endgroup::
[2024-10-02T18:54:46.708+0000] {local_task_job_runner.py:120} INFO - ::group::Pre task execution logs
[2024-10-02T18:54:46.733+0000] {taskinstance.py:2076} INFO - Dependencies all met for dep_context=non-requeueable deps ti=<TaskInstance: etl_covid_europa_pipeline.extrair scheduled__2024-08-07T00:00:00+00:00 [queued]>
[2024-10-02T18:54:46.909+0000] {taskinstance.py:2076} INFO - Dependencies all met for dep_context=requeueable deps ti=<TaskInstance: etl_covid_europa_pipeline.extrair scheduled__2024-08-07T00:00:00+00:00 [queued]>
[2024-10-02T18:54:46.910+0000] {taskinstance.py:2306} INFO - Starting attempt 1 of 1
[2024-10-02T18:54:46.925+0000] {taskinstance.py:2330} INFO - Executing <Task(PythonOperator): extrair> on 2024-08-07 00:00:00+00:00
[2024-10-02T18:54:46.932+0000] {warnings.py:112} WARNING - /home/***/.local/lib/python3.12/site-packages/***/task/task_runner/standard_task_runner.py:61: DeprecationWarning: This process (pid=4649) is multi-threaded, use of fork() may lead to deadlocks in the child.
  pid = os.fork()

[2024-10-02T18:54:46.933+0000] {standard_task_runner.py:63} INFO - Started process 4671 to run task
[2024-10-02T18:54:46.933+0000] {standard_task_runner.py:90} INFO - Running: ['***', 'tasks', 'run', 'etl_covid_europa_pipeline', 'extrair', 'scheduled__2024-08-07T00:00:00+00:00', '--job-id', '782', '--raw', '--subdir', 'DAGS_FOLDER/etl_pipeline.py', '--cfg-path', '/tmp/tmpzbx_b68u']
[2024-10-02T18:54:46.935+0000] {standard_task_runner.py:91} INFO - Job 782: Subtask extrair
[2024-10-02T18:54:46.977+0000] {task_command.py:426} INFO - Running <TaskInstance: etl_covid_europa_pipeline.extrair scheduled__2024-08-07T00:00:00+00:00 [running]> on host 99de7dfc3871
[2024-10-02T18:54:47.057+0000] {taskinstance.py:2648} INFO - Exporting env vars: AIRFLOW_CTX_DAG_OWNER='***' AIRFLOW_CTX_DAG_ID='etl_covid_europa_pipeline' AIRFLOW_CTX_TASK_ID='extrair' AIRFLOW_CTX_EXECUTION_DATE='2024-08-07T00:00:00+00:00' AIRFLOW_CTX_TRY_NUMBER='1' AIRFLOW_CTX_DAG_RUN_ID='scheduled__2024-08-07T00:00:00+00:00'
[2024-10-02T18:54:47.061+0000] {taskinstance.py:430} INFO - ::endgroup::
[2024-10-02T18:54:52.891+0000] {python.py:237} INFO - Done. Returned value was: None
[2024-10-02T18:54:52.893+0000] {taskinstance.py:441} INFO - ::group::Post task execution logs
[2024-10-02T18:54:52.903+0000] {taskinstance.py:1206} INFO - Marking task as SUCCESS. dag_id=etl_covid_europa_pipeline, task_id=extrair, run_id=scheduled__2024-08-07T00:00:00+00:00, execution_date=20240807T000000, start_date=20241002T185446, end_date=20241002T185452
[2024-10-02T18:54:52.960+0000] {local_task_job_runner.py:240} INFO - Task exited with return code 0
[2024-10-02T18:54:52.994+0000] {taskinstance.py:3503} INFO - 1 downstream tasks scheduled from follow-on schedule check
[2024-10-02T18:54:52.998+0000] {local_task_job_runner.py:222} INFO - ::endgroup::
[2024-10-02T19:03:42.510+0000] {local_task_job_runner.py:120} INFO - ::group::Pre task execution logs
[2024-10-02T19:03:42.535+0000] {taskinstance.py:2076} INFO - Dependencies all met for dep_context=non-requeueable deps ti=<TaskInstance: etl_covid_europa_pipeline.extrair scheduled__2024-08-07T00:00:00+00:00 [queued]>
[2024-10-02T19:03:42.742+0000] {taskinstance.py:2076} INFO - Dependencies all met for dep_context=requeueable deps ti=<TaskInstance: etl_covid_europa_pipeline.extrair scheduled__2024-08-07T00:00:00+00:00 [queued]>
[2024-10-02T19:03:42.742+0000] {taskinstance.py:2306} INFO - Starting attempt 1 of 1
[2024-10-02T19:03:42.762+0000] {taskinstance.py:2330} INFO - Executing <Task(PythonOperator): extrair> on 2024-08-07 00:00:00+00:00
[2024-10-02T19:03:42.769+0000] {warnings.py:112} WARNING - /home/***/.local/lib/python3.12/site-packages/***/task/task_runner/standard_task_runner.py:61: DeprecationWarning: This process (pid=7933) is multi-threaded, use of fork() may lead to deadlocks in the child.
  pid = os.fork()

[2024-10-02T19:03:42.771+0000] {standard_task_runner.py:63} INFO - Started process 7949 to run task
[2024-10-02T19:03:42.771+0000] {standard_task_runner.py:90} INFO - Running: ['***', 'tasks', 'run', 'etl_covid_europa_pipeline', 'extrair', 'scheduled__2024-08-07T00:00:00+00:00', '--job-id', '1836', '--raw', '--subdir', 'DAGS_FOLDER/etl_pipeline.py', '--cfg-path', '/tmp/tmppak46ylz']
[2024-10-02T19:03:42.773+0000] {standard_task_runner.py:91} INFO - Job 1836: Subtask extrair
[2024-10-02T19:03:42.829+0000] {task_command.py:426} INFO - Running <TaskInstance: etl_covid_europa_pipeline.extrair scheduled__2024-08-07T00:00:00+00:00 [running]> on host 99de7dfc3871
[2024-10-02T19:03:42.927+0000] {taskinstance.py:2648} INFO - Exporting env vars: AIRFLOW_CTX_DAG_OWNER='***' AIRFLOW_CTX_DAG_ID='etl_covid_europa_pipeline' AIRFLOW_CTX_TASK_ID='extrair' AIRFLOW_CTX_EXECUTION_DATE='2024-08-07T00:00:00+00:00' AIRFLOW_CTX_TRY_NUMBER='1' AIRFLOW_CTX_DAG_RUN_ID='scheduled__2024-08-07T00:00:00+00:00'
[2024-10-02T19:03:42.930+0000] {taskinstance.py:430} INFO - ::endgroup::
[2024-10-02T19:03:49.532+0000] {python.py:237} INFO - Done. Returned value was: None
[2024-10-02T19:03:49.533+0000] {taskinstance.py:441} INFO - ::group::Post task execution logs
[2024-10-02T19:03:49.545+0000] {taskinstance.py:1206} INFO - Marking task as SUCCESS. dag_id=etl_covid_europa_pipeline, task_id=extrair, run_id=scheduled__2024-08-07T00:00:00+00:00, execution_date=20240807T000000, start_date=20241002T190342, end_date=20241002T190349
[2024-10-02T19:03:49.600+0000] {local_task_job_runner.py:240} INFO - Task exited with return code 0
[2024-10-02T19:03:49.612+0000] {local_task_job_runner.py:222} INFO - ::endgroup::
