[2024-10-02T17:30:39.931+0000] {local_task_job_runner.py:120} INFO - ::group::Pre task execution logs
[2024-10-02T17:30:39.949+0000] {taskinstance.py:2076} INFO - Dependencies all met for dep_context=non-requeueable deps ti=<TaskInstance: etl_covid_europa_pipeline.extrair scheduled__2024-07-18T00:00:00+00:00 [queued]>
[2024-10-02T17:30:39.956+0000] {taskinstance.py:2076} INFO - Dependencies all met for dep_context=requeueable deps ti=<TaskInstance: etl_covid_europa_pipeline.extrair scheduled__2024-07-18T00:00:00+00:00 [queued]>
[2024-10-02T17:30:39.956+0000] {taskinstance.py:2306} INFO - Starting attempt 1 of 1
[2024-10-02T17:30:40.102+0000] {taskinstance.py:2330} INFO - Executing <Task(PythonOperator): extrair> on 2024-07-18 00:00:00+00:00
[2024-10-02T17:30:40.107+0000] {warnings.py:112} WARNING - /home/***/.local/lib/python3.12/site-packages/***/task/task_runner/standard_task_runner.py:61: DeprecationWarning: This process (pid=2783) is multi-threaded, use of fork() may lead to deadlocks in the child.
  pid = os.fork()

[2024-10-02T17:30:40.108+0000] {standard_task_runner.py:63} INFO - Started process 2785 to run task
[2024-10-02T17:30:40.108+0000] {standard_task_runner.py:90} INFO - Running: ['***', 'tasks', 'run', 'etl_covid_europa_pipeline', 'extrair', 'scheduled__2024-07-18T00:00:00+00:00', '--job-id', '520', '--raw', '--subdir', 'DAGS_FOLDER/etl_pipeline.py', '--cfg-path', '/tmp/tmp1irfk1dc']
[2024-10-02T17:30:40.110+0000] {standard_task_runner.py:91} INFO - Job 520: Subtask extrair
[2024-10-02T17:30:40.145+0000] {task_command.py:426} INFO - Running <TaskInstance: etl_covid_europa_pipeline.extrair scheduled__2024-07-18T00:00:00+00:00 [running]> on host 99de7dfc3871
[2024-10-02T17:30:40.210+0000] {taskinstance.py:2648} INFO - Exporting env vars: AIRFLOW_CTX_DAG_OWNER='***' AIRFLOW_CTX_DAG_ID='etl_covid_europa_pipeline' AIRFLOW_CTX_TASK_ID='extrair' AIRFLOW_CTX_EXECUTION_DATE='2024-07-18T00:00:00+00:00' AIRFLOW_CTX_TRY_NUMBER='1' AIRFLOW_CTX_DAG_RUN_ID='scheduled__2024-07-18T00:00:00+00:00'
[2024-10-02T17:30:40.211+0000] {taskinstance.py:430} INFO - ::endgroup::
[2024-10-02T17:30:51.289+0000] {taskinstance.py:441} INFO - ::group::Post task execution logs
[2024-10-02T17:30:51.290+0000] {taskinstance.py:2905} ERROR - Task failed with exception
Traceback (most recent call last):
  File "/home/airflow/.local/lib/python3.12/site-packages/airflow/models/taskinstance.py", line 465, in _execute_task
    result = _execute_callable(context=context, **execute_callable_kwargs)
             ^^^^^^^^^^^^^^^^^^^^^^^^^^^^^^^^^^^^^^^^^^^^^^^^^^^^^^^^^^^^^
  File "/home/airflow/.local/lib/python3.12/site-packages/airflow/models/taskinstance.py", line 432, in _execute_callable
    return execute_callable(context=context, **execute_callable_kwargs)
           ^^^^^^^^^^^^^^^^^^^^^^^^^^^^^^^^^^^^^^^^^^^^^^^^^^^^^^^^^^^^
  File "/home/airflow/.local/lib/python3.12/site-packages/airflow/models/baseoperator.py", line 401, in wrapper
    return func(self, *args, **kwargs)
           ^^^^^^^^^^^^^^^^^^^^^^^^^^^
  File "/home/airflow/.local/lib/python3.12/site-packages/airflow/operators/python.py", line 235, in execute
    return_value = self.execute_callable()
                   ^^^^^^^^^^^^^^^^^^^^^^^
  File "/home/airflow/.local/lib/python3.12/site-packages/airflow/operators/python.py", line 252, in execute_callable
    return self.python_callable(*self.op_args, **self.op_kwargs)
           ^^^^^^^^^^^^^^^^^^^^^^^^^^^^^^^^^^^^^^^^^^^^^^^^^^^^^
  File "/opt/airflow/dags/etl_pipeline.py", line 9, in extrair
    df = pd.read_csv(url)
         ^^^^^^^^^^^^^^^^
  File "/home/airflow/.local/lib/python3.12/site-packages/pandas/io/parsers/readers.py", line 948, in read_csv
    return _read(filepath_or_buffer, kwds)
           ^^^^^^^^^^^^^^^^^^^^^^^^^^^^^^^
  File "/home/airflow/.local/lib/python3.12/site-packages/pandas/io/parsers/readers.py", line 611, in _read
    parser = TextFileReader(filepath_or_buffer, **kwds)
             ^^^^^^^^^^^^^^^^^^^^^^^^^^^^^^^^^^^^^^^^^^
  File "/home/airflow/.local/lib/python3.12/site-packages/pandas/io/parsers/readers.py", line 1448, in __init__
    self._engine = self._make_engine(f, self.engine)
                   ^^^^^^^^^^^^^^^^^^^^^^^^^^^^^^^^^
  File "/home/airflow/.local/lib/python3.12/site-packages/pandas/io/parsers/readers.py", line 1705, in _make_engine
    self.handles = get_handle(
                   ^^^^^^^^^^^
  File "/home/airflow/.local/lib/python3.12/site-packages/pandas/io/common.py", line 718, in get_handle
    ioargs = _get_filepath_or_buffer(
             ^^^^^^^^^^^^^^^^^^^^^^^^
  File "/home/airflow/.local/lib/python3.12/site-packages/pandas/io/common.py", line 377, in _get_filepath_or_buffer
    reader = BytesIO(req.read())
                     ^^^^^^^^^^
  File "/usr/local/lib/python3.12/http/client.py", line 495, in read
    s = self._safe_read(self.length)
        ^^^^^^^^^^^^^^^^^^^^^^^^^^^^
  File "/usr/local/lib/python3.12/http/client.py", line 642, in _safe_read
    raise IncompleteRead(data, amt-len(data))
http.client.IncompleteRead: IncompleteRead(1698319 bytes read, 2608983 more expected)
[2024-10-02T17:30:51.304+0000] {taskinstance.py:1206} INFO - Marking task as FAILED. dag_id=etl_covid_europa_pipeline, task_id=extrair, run_id=scheduled__2024-07-18T00:00:00+00:00, execution_date=20240718T000000, start_date=20241002T173039, end_date=20241002T173051
[2024-10-02T17:30:51.317+0000] {standard_task_runner.py:110} ERROR - Failed to execute job 520 for task extrair (IncompleteRead(1698319 bytes read, 2608983 more expected); 2785)
[2024-10-02T17:30:51.332+0000] {local_task_job_runner.py:240} INFO - Task exited with return code 1
[2024-10-02T17:30:51.351+0000] {taskinstance.py:3503} INFO - 0 downstream tasks scheduled from follow-on schedule check
[2024-10-02T17:30:51.356+0000] {local_task_job_runner.py:222} INFO - ::endgroup::
[2024-10-02T18:54:21.602+0000] {local_task_job_runner.py:120} INFO - ::group::Pre task execution logs
[2024-10-02T18:54:21.626+0000] {taskinstance.py:2076} INFO - Dependencies all met for dep_context=non-requeueable deps ti=<TaskInstance: etl_covid_europa_pipeline.extrair scheduled__2024-07-18T00:00:00+00:00 [queued]>
[2024-10-02T18:54:21.811+0000] {taskinstance.py:2076} INFO - Dependencies all met for dep_context=requeueable deps ti=<TaskInstance: etl_covid_europa_pipeline.extrair scheduled__2024-07-18T00:00:00+00:00 [queued]>
[2024-10-02T18:54:21.811+0000] {taskinstance.py:2306} INFO - Starting attempt 1 of 1
[2024-10-02T18:54:21.844+0000] {taskinstance.py:2330} INFO - Executing <Task(PythonOperator): extrair> on 2024-07-18 00:00:00+00:00
[2024-10-02T18:54:21.852+0000] {warnings.py:112} WARNING - /home/***/.local/lib/python3.12/site-packages/***/task/task_runner/standard_task_runner.py:61: DeprecationWarning: This process (pid=4486) is multi-threaded, use of fork() may lead to deadlocks in the child.
  pid = os.fork()

[2024-10-02T18:54:21.855+0000] {standard_task_runner.py:63} INFO - Started process 4502 to run task
[2024-10-02T18:54:21.854+0000] {standard_task_runner.py:90} INFO - Running: ['***', 'tasks', 'run', 'etl_covid_europa_pipeline', 'extrair', 'scheduled__2024-07-18T00:00:00+00:00', '--job-id', '728', '--raw', '--subdir', 'DAGS_FOLDER/etl_pipeline.py', '--cfg-path', '/tmp/tmptw90fsxh']
[2024-10-02T18:54:21.856+0000] {standard_task_runner.py:91} INFO - Job 728: Subtask extrair
[2024-10-02T18:54:21.898+0000] {task_command.py:426} INFO - Running <TaskInstance: etl_covid_europa_pipeline.extrair scheduled__2024-07-18T00:00:00+00:00 [running]> on host 99de7dfc3871
[2024-10-02T18:54:21.981+0000] {taskinstance.py:2648} INFO - Exporting env vars: AIRFLOW_CTX_DAG_OWNER='***' AIRFLOW_CTX_DAG_ID='etl_covid_europa_pipeline' AIRFLOW_CTX_TASK_ID='extrair' AIRFLOW_CTX_EXECUTION_DATE='2024-07-18T00:00:00+00:00' AIRFLOW_CTX_TRY_NUMBER='1' AIRFLOW_CTX_DAG_RUN_ID='scheduled__2024-07-18T00:00:00+00:00'
[2024-10-02T18:54:21.985+0000] {taskinstance.py:430} INFO - ::endgroup::
[2024-10-02T18:54:33.348+0000] {python.py:237} INFO - Done. Returned value was: None
[2024-10-02T18:54:33.349+0000] {taskinstance.py:441} INFO - ::group::Post task execution logs
[2024-10-02T18:54:33.360+0000] {taskinstance.py:1206} INFO - Marking task as SUCCESS. dag_id=etl_covid_europa_pipeline, task_id=extrair, run_id=scheduled__2024-07-18T00:00:00+00:00, execution_date=20240718T000000, start_date=20241002T185421, end_date=20241002T185433
[2024-10-02T18:54:33.423+0000] {local_task_job_runner.py:240} INFO - Task exited with return code 0
[2024-10-02T18:54:33.447+0000] {taskinstance.py:3503} INFO - 1 downstream tasks scheduled from follow-on schedule check
[2024-10-02T18:54:33.449+0000] {local_task_job_runner.py:222} INFO - ::endgroup::
[2024-10-02T19:03:17.771+0000] {local_task_job_runner.py:120} INFO - ::group::Pre task execution logs
[2024-10-02T19:03:17.805+0000] {taskinstance.py:2076} INFO - Dependencies all met for dep_context=non-requeueable deps ti=<TaskInstance: etl_covid_europa_pipeline.extrair scheduled__2024-07-18T00:00:00+00:00 [queued]>
[2024-10-02T19:03:18.039+0000] {taskinstance.py:2076} INFO - Dependencies all met for dep_context=requeueable deps ti=<TaskInstance: etl_covid_europa_pipeline.extrair scheduled__2024-07-18T00:00:00+00:00 [queued]>
[2024-10-02T19:03:18.040+0000] {taskinstance.py:2306} INFO - Starting attempt 1 of 1
[2024-10-02T19:03:18.054+0000] {taskinstance.py:2330} INFO - Executing <Task(PythonOperator): extrair> on 2024-07-18 00:00:00+00:00
[2024-10-02T19:03:18.061+0000] {warnings.py:112} WARNING - /home/***/.local/lib/python3.12/site-packages/***/task/task_runner/standard_task_runner.py:61: DeprecationWarning: This process (pid=7740) is multi-threaded, use of fork() may lead to deadlocks in the child.
  pid = os.fork()

[2024-10-02T19:03:18.064+0000] {standard_task_runner.py:63} INFO - Started process 7756 to run task
[2024-10-02T19:03:18.064+0000] {standard_task_runner.py:90} INFO - Running: ['***', 'tasks', 'run', 'etl_covid_europa_pipeline', 'extrair', 'scheduled__2024-07-18T00:00:00+00:00', '--job-id', '1777', '--raw', '--subdir', 'DAGS_FOLDER/etl_pipeline.py', '--cfg-path', '/tmp/tmpub0pdw91']
[2024-10-02T19:03:18.066+0000] {standard_task_runner.py:91} INFO - Job 1777: Subtask extrair
[2024-10-02T19:03:18.119+0000] {task_command.py:426} INFO - Running <TaskInstance: etl_covid_europa_pipeline.extrair scheduled__2024-07-18T00:00:00+00:00 [running]> on host 99de7dfc3871
[2024-10-02T19:03:18.241+0000] {taskinstance.py:2648} INFO - Exporting env vars: AIRFLOW_CTX_DAG_OWNER='***' AIRFLOW_CTX_DAG_ID='etl_covid_europa_pipeline' AIRFLOW_CTX_TASK_ID='extrair' AIRFLOW_CTX_EXECUTION_DATE='2024-07-18T00:00:00+00:00' AIRFLOW_CTX_TRY_NUMBER='1' AIRFLOW_CTX_DAG_RUN_ID='scheduled__2024-07-18T00:00:00+00:00'
[2024-10-02T19:03:18.246+0000] {taskinstance.py:430} INFO - ::endgroup::
[2024-10-02T19:03:23.687+0000] {python.py:237} INFO - Done. Returned value was: None
[2024-10-02T19:03:23.688+0000] {taskinstance.py:441} INFO - ::group::Post task execution logs
[2024-10-02T19:03:23.695+0000] {taskinstance.py:1206} INFO - Marking task as SUCCESS. dag_id=etl_covid_europa_pipeline, task_id=extrair, run_id=scheduled__2024-07-18T00:00:00+00:00, execution_date=20240718T000000, start_date=20241002T190317, end_date=20241002T190323
[2024-10-02T19:03:23.722+0000] {local_task_job_runner.py:240} INFO - Task exited with return code 0
[2024-10-02T19:03:23.743+0000] {taskinstance.py:3503} INFO - 1 downstream tasks scheduled from follow-on schedule check
[2024-10-02T19:03:23.745+0000] {local_task_job_runner.py:222} INFO - ::endgroup::
