[2024-10-02T17:27:47.054+0000] {local_task_job_runner.py:120} INFO - ::group::Pre task execution logs
[2024-10-02T17:27:47.079+0000] {taskinstance.py:2076} INFO - Dependencies all met for dep_context=non-requeueable deps ti=<TaskInstance: etl_covid_europa_pipeline.extrair scheduled__2024-02-26T00:00:00+00:00 [queued]>
[2024-10-02T17:27:47.086+0000] {taskinstance.py:2076} INFO - Dependencies all met for dep_context=requeueable deps ti=<TaskInstance: etl_covid_europa_pipeline.extrair scheduled__2024-02-26T00:00:00+00:00 [queued]>
[2024-10-02T17:27:47.087+0000] {taskinstance.py:2306} INFO - Starting attempt 1 of 1
[2024-10-02T17:27:47.351+0000] {taskinstance.py:2330} INFO - Executing <Task(PythonOperator): extrair> on 2024-02-26 00:00:00+00:00
[2024-10-02T17:27:47.357+0000] {warnings.py:112} WARNING - /home/***/.local/lib/python3.12/site-packages/***/task/task_runner/standard_task_runner.py:61: DeprecationWarning: This process (pid=1908) is multi-threaded, use of fork() may lead to deadlocks in the child.
  pid = os.fork()

[2024-10-02T17:27:47.361+0000] {standard_task_runner.py:63} INFO - Started process 1924 to run task
[2024-10-02T17:27:47.359+0000] {standard_task_runner.py:90} INFO - Running: ['***', 'tasks', 'run', 'etl_covid_europa_pipeline', 'extrair', 'scheduled__2024-02-26T00:00:00+00:00', '--job-id', '244', '--raw', '--subdir', 'DAGS_FOLDER/etl_pipeline.py', '--cfg-path', '/tmp/tmpiq0v6_yb']
[2024-10-02T17:27:47.362+0000] {standard_task_runner.py:91} INFO - Job 244: Subtask extrair
[2024-10-02T17:27:47.415+0000] {task_command.py:426} INFO - Running <TaskInstance: etl_covid_europa_pipeline.extrair scheduled__2024-02-26T00:00:00+00:00 [running]> on host 99de7dfc3871
[2024-10-02T17:27:47.537+0000] {taskinstance.py:2648} INFO - Exporting env vars: AIRFLOW_CTX_DAG_OWNER='***' AIRFLOW_CTX_DAG_ID='etl_covid_europa_pipeline' AIRFLOW_CTX_TASK_ID='extrair' AIRFLOW_CTX_EXECUTION_DATE='2024-02-26T00:00:00+00:00' AIRFLOW_CTX_TRY_NUMBER='1' AIRFLOW_CTX_DAG_RUN_ID='scheduled__2024-02-26T00:00:00+00:00'
[2024-10-02T17:27:47.539+0000] {taskinstance.py:430} INFO - ::endgroup::
[2024-10-02T17:27:55.772+0000] {python.py:237} INFO - Done. Returned value was: None
[2024-10-02T17:27:55.774+0000] {taskinstance.py:441} INFO - ::group::Post task execution logs
[2024-10-02T17:27:55.785+0000] {taskinstance.py:1206} INFO - Marking task as SUCCESS. dag_id=etl_covid_europa_pipeline, task_id=extrair, run_id=scheduled__2024-02-26T00:00:00+00:00, execution_date=20240226T000000, start_date=20241002T172747, end_date=20241002T172755
[2024-10-02T17:27:55.846+0000] {local_task_job_runner.py:240} INFO - Task exited with return code 0
[2024-10-02T17:27:55.874+0000] {taskinstance.py:3503} INFO - 1 downstream tasks scheduled from follow-on schedule check
[2024-10-02T17:27:55.876+0000] {local_task_job_runner.py:222} INFO - ::endgroup::
[2024-10-02T19:00:12.684+0000] {local_task_job_runner.py:120} INFO - ::group::Pre task execution logs
[2024-10-02T19:00:12.859+0000] {taskinstance.py:2076} INFO - Dependencies all met for dep_context=non-requeueable deps ti=<TaskInstance: etl_covid_europa_pipeline.extrair scheduled__2024-02-26T00:00:00+00:00 [queued]>
[2024-10-02T19:00:12.866+0000] {taskinstance.py:2076} INFO - Dependencies all met for dep_context=requeueable deps ti=<TaskInstance: etl_covid_europa_pipeline.extrair scheduled__2024-02-26T00:00:00+00:00 [queued]>
[2024-10-02T19:00:12.866+0000] {taskinstance.py:2306} INFO - Starting attempt 1 of 1
[2024-10-02T19:00:12.879+0000] {taskinstance.py:2330} INFO - Executing <Task(PythonOperator): extrair> on 2024-02-26 00:00:00+00:00
[2024-10-02T19:00:12.885+0000] {warnings.py:112} WARNING - /home/***/.local/lib/python3.12/site-packages/***/task/task_runner/standard_task_runner.py:61: DeprecationWarning: This process (pid=6541) is multi-threaded, use of fork() may lead to deadlocks in the child.
  pid = os.fork()

[2024-10-02T19:00:12.886+0000] {standard_task_runner.py:63} INFO - Started process 6550 to run task
[2024-10-02T19:00:12.886+0000] {standard_task_runner.py:90} INFO - Running: ['***', 'tasks', 'run', 'etl_covid_europa_pipeline', 'extrair', 'scheduled__2024-02-26T00:00:00+00:00', '--job-id', '1389', '--raw', '--subdir', 'DAGS_FOLDER/etl_pipeline.py', '--cfg-path', '/tmp/tmpe2q3698h']
[2024-10-02T19:00:12.888+0000] {standard_task_runner.py:91} INFO - Job 1389: Subtask extrair
[2024-10-02T19:00:12.930+0000] {task_command.py:426} INFO - Running <TaskInstance: etl_covid_europa_pipeline.extrair scheduled__2024-02-26T00:00:00+00:00 [running]> on host 99de7dfc3871
[2024-10-02T19:00:13.000+0000] {taskinstance.py:2648} INFO - Exporting env vars: AIRFLOW_CTX_DAG_OWNER='***' AIRFLOW_CTX_DAG_ID='etl_covid_europa_pipeline' AIRFLOW_CTX_TASK_ID='extrair' AIRFLOW_CTX_EXECUTION_DATE='2024-02-26T00:00:00+00:00' AIRFLOW_CTX_TRY_NUMBER='1' AIRFLOW_CTX_DAG_RUN_ID='scheduled__2024-02-26T00:00:00+00:00'
[2024-10-02T19:00:13.002+0000] {taskinstance.py:430} INFO - ::endgroup::
[2024-10-02T19:00:18.003+0000] {python.py:237} INFO - Done. Returned value was: None
[2024-10-02T19:00:18.004+0000] {taskinstance.py:441} INFO - ::group::Post task execution logs
[2024-10-02T19:00:18.012+0000] {taskinstance.py:1206} INFO - Marking task as SUCCESS. dag_id=etl_covid_europa_pipeline, task_id=extrair, run_id=scheduled__2024-02-26T00:00:00+00:00, execution_date=20240226T000000, start_date=20241002T190012, end_date=20241002T190018
[2024-10-02T19:00:18.064+0000] {local_task_job_runner.py:240} INFO - Task exited with return code 0
[2024-10-02T19:00:18.083+0000] {taskinstance.py:3503} INFO - 1 downstream tasks scheduled from follow-on schedule check
[2024-10-02T19:00:18.085+0000] {local_task_job_runner.py:222} INFO - ::endgroup::
[2024-10-02T19:26:21.277+0000] {local_task_job_runner.py:120} INFO - ::group::Pre task execution logs
[2024-10-02T19:26:21.299+0000] {taskinstance.py:2076} INFO - Dependencies all met for dep_context=non-requeueable deps ti=<TaskInstance: etl_covid_europa_pipeline.extrair scheduled__2024-02-26T00:00:00+00:00 [queued]>
[2024-10-02T19:26:21.479+0000] {taskinstance.py:2076} INFO - Dependencies all met for dep_context=requeueable deps ti=<TaskInstance: etl_covid_europa_pipeline.extrair scheduled__2024-02-26T00:00:00+00:00 [queued]>
[2024-10-02T19:26:21.479+0000] {taskinstance.py:2306} INFO - Starting attempt 1 of 1
[2024-10-02T19:26:21.556+0000] {taskinstance.py:2330} INFO - Executing <Task(PythonOperator): extrair> on 2024-02-26 00:00:00+00:00
[2024-10-02T19:26:21.564+0000] {warnings.py:112} WARNING - /home/***/.local/lib/python3.12/site-packages/***/task/task_runner/standard_task_runner.py:61: DeprecationWarning: This process (pid=9920) is multi-threaded, use of fork() may lead to deadlocks in the child.
  pid = os.fork()

[2024-10-02T19:26:21.565+0000] {standard_task_runner.py:63} INFO - Started process 9937 to run task
[2024-10-02T19:26:21.565+0000] {standard_task_runner.py:90} INFO - Running: ['***', 'tasks', 'run', 'etl_covid_europa_pipeline', 'extrair', 'scheduled__2024-02-26T00:00:00+00:00', '--job-id', '2403', '--raw', '--subdir', 'DAGS_FOLDER/etl_pipeline.py', '--cfg-path', '/tmp/tmpy3lri7t4']
[2024-10-02T19:26:21.567+0000] {standard_task_runner.py:91} INFO - Job 2403: Subtask extrair
[2024-10-02T19:26:21.612+0000] {task_command.py:426} INFO - Running <TaskInstance: etl_covid_europa_pipeline.extrair scheduled__2024-02-26T00:00:00+00:00 [running]> on host 99de7dfc3871
[2024-10-02T19:26:21.701+0000] {taskinstance.py:2648} INFO - Exporting env vars: AIRFLOW_CTX_DAG_OWNER='***' AIRFLOW_CTX_DAG_ID='etl_covid_europa_pipeline' AIRFLOW_CTX_TASK_ID='extrair' AIRFLOW_CTX_EXECUTION_DATE='2024-02-26T00:00:00+00:00' AIRFLOW_CTX_TRY_NUMBER='1' AIRFLOW_CTX_DAG_RUN_ID='scheduled__2024-02-26T00:00:00+00:00'
[2024-10-02T19:26:21.704+0000] {taskinstance.py:430} INFO - ::endgroup::
[2024-10-02T19:26:27.567+0000] {python.py:237} INFO - Done. Returned value was: None
[2024-10-02T19:26:27.568+0000] {taskinstance.py:441} INFO - ::group::Post task execution logs
[2024-10-02T19:26:27.576+0000] {taskinstance.py:1206} INFO - Marking task as SUCCESS. dag_id=etl_covid_europa_pipeline, task_id=extrair, run_id=scheduled__2024-02-26T00:00:00+00:00, execution_date=20240226T000000, start_date=20241002T192621, end_date=20241002T192627
[2024-10-02T19:26:27.629+0000] {local_task_job_runner.py:240} INFO - Task exited with return code 0
[2024-10-02T19:26:27.655+0000] {taskinstance.py:3503} INFO - 1 downstream tasks scheduled from follow-on schedule check
[2024-10-02T19:26:27.657+0000] {local_task_job_runner.py:222} INFO - ::endgroup::
