[2024-10-02T18:54:30.593+0000] {local_task_job_runner.py:120} INFO - ::group::Pre task execution logs
[2024-10-02T18:54:30.631+0000] {taskinstance.py:2076} INFO - Dependencies all met for dep_context=non-requeueable deps ti=<TaskInstance: etl_covid_europa_pipeline.carregar scheduled__2024-07-17T00:00:00+00:00 [queued]>
[2024-10-02T18:54:30.946+0000] {taskinstance.py:2076} INFO - Dependencies all met for dep_context=requeueable deps ti=<TaskInstance: etl_covid_europa_pipeline.carregar scheduled__2024-07-17T00:00:00+00:00 [queued]>
[2024-10-02T18:54:30.947+0000] {taskinstance.py:2306} INFO - Starting attempt 1 of 1
[2024-10-02T18:54:30.981+0000] {taskinstance.py:2330} INFO - Executing <Task(PythonOperator): carregar> on 2024-07-17 00:00:00+00:00
[2024-10-02T18:54:30.993+0000] {warnings.py:112} WARNING - /home/***/.local/lib/python3.12/site-packages/***/task/task_runner/standard_task_runner.py:61: DeprecationWarning: This process (pid=4541) is multi-threaded, use of fork() may lead to deadlocks in the child.
  pid = os.fork()

[2024-10-02T18:54:30.995+0000] {standard_task_runner.py:63} INFO - Started process 4563 to run task
[2024-10-02T18:54:30.998+0000] {standard_task_runner.py:90} INFO - Running: ['***', 'tasks', 'run', 'etl_covid_europa_pipeline', 'carregar', 'scheduled__2024-07-17T00:00:00+00:00', '--job-id', '746', '--raw', '--subdir', 'DAGS_FOLDER/etl_pipeline.py', '--cfg-path', '/tmp/tmpcaqjokx1']
[2024-10-02T18:54:31.000+0000] {standard_task_runner.py:91} INFO - Job 746: Subtask carregar
[2024-10-02T18:54:31.099+0000] {task_command.py:426} INFO - Running <TaskInstance: etl_covid_europa_pipeline.carregar scheduled__2024-07-17T00:00:00+00:00 [running]> on host 99de7dfc3871
[2024-10-02T18:54:31.240+0000] {taskinstance.py:2648} INFO - Exporting env vars: AIRFLOW_CTX_DAG_OWNER='***' AIRFLOW_CTX_DAG_ID='etl_covid_europa_pipeline' AIRFLOW_CTX_TASK_ID='carregar' AIRFLOW_CTX_EXECUTION_DATE='2024-07-17T00:00:00+00:00' AIRFLOW_CTX_TRY_NUMBER='1' AIRFLOW_CTX_DAG_RUN_ID='scheduled__2024-07-17T00:00:00+00:00'
[2024-10-02T18:54:31.245+0000] {taskinstance.py:430} INFO - ::endgroup::
[2024-10-02T18:54:31.313+0000] {python.py:237} INFO - Done. Returned value was: None
[2024-10-02T18:54:31.315+0000] {taskinstance.py:441} INFO - ::group::Post task execution logs
[2024-10-02T18:54:31.331+0000] {taskinstance.py:1206} INFO - Marking task as SUCCESS. dag_id=etl_covid_europa_pipeline, task_id=carregar, run_id=scheduled__2024-07-17T00:00:00+00:00, execution_date=20240717T000000, start_date=20241002T185430, end_date=20241002T185431
[2024-10-02T18:54:31.371+0000] {local_task_job_runner.py:240} INFO - Task exited with return code 0
[2024-10-02T18:54:31.390+0000] {taskinstance.py:3503} INFO - 0 downstream tasks scheduled from follow-on schedule check
[2024-10-02T18:54:31.393+0000] {local_task_job_runner.py:222} INFO - ::endgroup::
[2024-10-02T19:03:21.223+0000] {local_task_job_runner.py:120} INFO - ::group::Pre task execution logs
[2024-10-02T19:03:21.388+0000] {taskinstance.py:2076} INFO - Dependencies all met for dep_context=non-requeueable deps ti=<TaskInstance: etl_covid_europa_pipeline.carregar scheduled__2024-07-17T00:00:00+00:00 [queued]>
[2024-10-02T19:03:21.394+0000] {taskinstance.py:2076} INFO - Dependencies all met for dep_context=requeueable deps ti=<TaskInstance: etl_covid_europa_pipeline.carregar scheduled__2024-07-17T00:00:00+00:00 [queued]>
[2024-10-02T19:03:21.395+0000] {taskinstance.py:2306} INFO - Starting attempt 1 of 1
[2024-10-02T19:03:21.409+0000] {taskinstance.py:2330} INFO - Executing <Task(PythonOperator): carregar> on 2024-07-17 00:00:00+00:00
[2024-10-02T19:03:21.415+0000] {warnings.py:112} WARNING - /home/***/.local/lib/python3.12/site-packages/***/task/task_runner/standard_task_runner.py:61: DeprecationWarning: This process (pid=7775) is multi-threaded, use of fork() may lead to deadlocks in the child.
  pid = os.fork()

[2024-10-02T19:03:21.416+0000] {standard_task_runner.py:63} INFO - Started process 7777 to run task
[2024-10-02T19:03:21.416+0000] {standard_task_runner.py:90} INFO - Running: ['***', 'tasks', 'run', 'etl_covid_europa_pipeline', 'carregar', 'scheduled__2024-07-17T00:00:00+00:00', '--job-id', '1784', '--raw', '--subdir', 'DAGS_FOLDER/etl_pipeline.py', '--cfg-path', '/tmp/tmpo8m4r3fp']
[2024-10-02T19:03:21.418+0000] {standard_task_runner.py:91} INFO - Job 1784: Subtask carregar
[2024-10-02T19:03:21.452+0000] {task_command.py:426} INFO - Running <TaskInstance: etl_covid_europa_pipeline.carregar scheduled__2024-07-17T00:00:00+00:00 [running]> on host 99de7dfc3871
[2024-10-02T19:03:21.525+0000] {taskinstance.py:2648} INFO - Exporting env vars: AIRFLOW_CTX_DAG_OWNER='***' AIRFLOW_CTX_DAG_ID='etl_covid_europa_pipeline' AIRFLOW_CTX_TASK_ID='carregar' AIRFLOW_CTX_EXECUTION_DATE='2024-07-17T00:00:00+00:00' AIRFLOW_CTX_TRY_NUMBER='1' AIRFLOW_CTX_DAG_RUN_ID='scheduled__2024-07-17T00:00:00+00:00'
[2024-10-02T19:03:21.526+0000] {taskinstance.py:430} INFO - ::endgroup::
[2024-10-02T19:03:21.573+0000] {python.py:237} INFO - Done. Returned value was: None
[2024-10-02T19:03:21.573+0000] {taskinstance.py:441} INFO - ::group::Post task execution logs
[2024-10-02T19:03:21.581+0000] {taskinstance.py:1206} INFO - Marking task as SUCCESS. dag_id=etl_covid_europa_pipeline, task_id=carregar, run_id=scheduled__2024-07-17T00:00:00+00:00, execution_date=20240717T000000, start_date=20241002T190321, end_date=20241002T190321
[2024-10-02T19:03:21.630+0000] {local_task_job_runner.py:240} INFO - Task exited with return code 0
[2024-10-02T19:03:21.642+0000] {taskinstance.py:3503} INFO - 0 downstream tasks scheduled from follow-on schedule check
[2024-10-02T19:03:21.645+0000] {local_task_job_runner.py:222} INFO - ::endgroup::
