[2024-10-02T17:26:38.146+0000] {local_task_job_runner.py:120} INFO - ::group::Pre task execution logs
[2024-10-02T17:26:38.173+0000] {taskinstance.py:2076} INFO - Dependencies all met for dep_context=non-requeueable deps ti=<TaskInstance: etl_covid_europa_pipeline.transformar scheduled__2023-12-14T00:00:00+00:00 [queued]>
[2024-10-02T17:26:38.180+0000] {taskinstance.py:2076} INFO - Dependencies all met for dep_context=requeueable deps ti=<TaskInstance: etl_covid_europa_pipeline.transformar scheduled__2023-12-14T00:00:00+00:00 [queued]>
[2024-10-02T17:26:38.181+0000] {taskinstance.py:2306} INFO - Starting attempt 1 of 1
[2024-10-02T17:26:38.372+0000] {taskinstance.py:2330} INFO - Executing <Task(PythonOperator): transformar> on 2023-12-14 00:00:00+00:00
[2024-10-02T17:26:38.379+0000] {warnings.py:112} WARNING - /home/***/.local/lib/python3.12/site-packages/***/task/task_runner/standard_task_runner.py:61: DeprecationWarning: This process (pid=1669) is multi-threaded, use of fork() may lead to deadlocks in the child.
  pid = os.fork()

[2024-10-02T17:26:38.381+0000] {standard_task_runner.py:63} INFO - Started process 1684 to run task
[2024-10-02T17:26:38.381+0000] {standard_task_runner.py:90} INFO - Running: ['***', 'tasks', 'run', 'etl_covid_europa_pipeline', 'transformar', 'scheduled__2023-12-14T00:00:00+00:00', '--job-id', '167', '--raw', '--subdir', 'DAGS_FOLDER/etl_pipeline.py', '--cfg-path', '/tmp/tmpg3evis4v']
[2024-10-02T17:26:38.383+0000] {standard_task_runner.py:91} INFO - Job 167: Subtask transformar
[2024-10-02T17:26:38.430+0000] {task_command.py:426} INFO - Running <TaskInstance: etl_covid_europa_pipeline.transformar scheduled__2023-12-14T00:00:00+00:00 [running]> on host 99de7dfc3871
[2024-10-02T17:26:38.528+0000] {taskinstance.py:2648} INFO - Exporting env vars: AIRFLOW_CTX_DAG_OWNER='***' AIRFLOW_CTX_DAG_ID='etl_covid_europa_pipeline' AIRFLOW_CTX_TASK_ID='transformar' AIRFLOW_CTX_EXECUTION_DATE='2023-12-14T00:00:00+00:00' AIRFLOW_CTX_TRY_NUMBER='1' AIRFLOW_CTX_DAG_RUN_ID='scheduled__2023-12-14T00:00:00+00:00'
[2024-10-02T17:26:38.530+0000] {taskinstance.py:430} INFO - ::endgroup::
[2024-10-02T17:26:38.694+0000] {taskinstance.py:441} INFO - ::group::Post task execution logs
[2024-10-02T17:26:38.695+0000] {taskinstance.py:2905} ERROR - Task failed with exception
Traceback (most recent call last):
  File "/home/airflow/.local/lib/python3.12/site-packages/airflow/models/taskinstance.py", line 465, in _execute_task
    result = _execute_callable(context=context, **execute_callable_kwargs)
             ^^^^^^^^^^^^^^^^^^^^^^^^^^^^^^^^^^^^^^^^^^^^^^^^^^^^^^^^^^^^^
  File "/home/airflow/.local/lib/python3.12/site-packages/airflow/models/taskinstance.py", line 432, in _execute_callable
    return execute_callable(context=context, **execute_callable_kwargs)
           ^^^^^^^^^^^^^^^^^^^^^^^^^^^^^^^^^^^^^^^^^^^^^^^^^^^^^^^^^^^^
  File "/home/airflow/.local/lib/python3.12/site-packages/airflow/models/baseoperator.py", line 401, in wrapper
    return func(self, *args, **kwargs)
           ^^^^^^^^^^^^^^^^^^^^^^^^^^^
  File "/home/airflow/.local/lib/python3.12/site-packages/airflow/operators/python.py", line 235, in execute
    return_value = self.execute_callable()
                   ^^^^^^^^^^^^^^^^^^^^^^^
  File "/home/airflow/.local/lib/python3.12/site-packages/airflow/operators/python.py", line 252, in execute_callable
    return self.python_callable(*self.op_args, **self.op_kwargs)
           ^^^^^^^^^^^^^^^^^^^^^^^^^^^^^^^^^^^^^^^^^^^^^^^^^^^^^
  File "/opt/airflow/dags/etl_pipeline.py", line 17, in transformar
    df_agrupada = df.groupby('ContinentExp')[['cases', 'deaths']].sum().reset_index()
                  ^^^^^^^^^^^^^^^^^^^^^^^^^^
  File "/home/airflow/.local/lib/python3.12/site-packages/pandas/core/frame.py", line 8869, in groupby
    return DataFrameGroupBy(
           ^^^^^^^^^^^^^^^^^
  File "/home/airflow/.local/lib/python3.12/site-packages/pandas/core/groupby/groupby.py", line 1278, in __init__
    grouper, exclusions, obj = get_grouper(
                               ^^^^^^^^^^^^
  File "/home/airflow/.local/lib/python3.12/site-packages/pandas/core/groupby/grouper.py", line 1009, in get_grouper
    raise KeyError(gpr)
KeyError: 'ContinentExp'
[2024-10-02T17:26:38.711+0000] {taskinstance.py:1206} INFO - Marking task as FAILED. dag_id=etl_covid_europa_pipeline, task_id=transformar, run_id=scheduled__2023-12-14T00:00:00+00:00, execution_date=20231214T000000, start_date=20241002T172638, end_date=20241002T172638
[2024-10-02T17:26:38.727+0000] {standard_task_runner.py:110} ERROR - Failed to execute job 167 for task transformar ('ContinentExp'; 1684)
[2024-10-02T17:26:38.756+0000] {local_task_job_runner.py:240} INFO - Task exited with return code 1
[2024-10-02T17:26:38.783+0000] {taskinstance.py:3503} INFO - 0 downstream tasks scheduled from follow-on schedule check
[2024-10-02T17:26:38.788+0000] {local_task_job_runner.py:222} INFO - ::endgroup::
[2024-10-02T18:58:38.609+0000] {local_task_job_runner.py:120} INFO - ::group::Pre task execution logs
[2024-10-02T18:58:38.635+0000] {taskinstance.py:2076} INFO - Dependencies all met for dep_context=non-requeueable deps ti=<TaskInstance: etl_covid_europa_pipeline.transformar scheduled__2023-12-14T00:00:00+00:00 [queued]>
[2024-10-02T18:58:38.899+0000] {taskinstance.py:2076} INFO - Dependencies all met for dep_context=requeueable deps ti=<TaskInstance: etl_covid_europa_pipeline.transformar scheduled__2023-12-14T00:00:00+00:00 [queued]>
[2024-10-02T18:58:38.899+0000] {taskinstance.py:2306} INFO - Starting attempt 1 of 1
[2024-10-02T18:58:38.914+0000] {taskinstance.py:2330} INFO - Executing <Task(PythonOperator): transformar> on 2023-12-14 00:00:00+00:00
[2024-10-02T18:58:38.920+0000] {warnings.py:112} WARNING - /home/***/.local/lib/python3.12/site-packages/***/task/task_runner/standard_task_runner.py:61: DeprecationWarning: This process (pid=5951) is multi-threaded, use of fork() may lead to deadlocks in the child.
  pid = os.fork()

[2024-10-02T18:58:38.922+0000] {standard_task_runner.py:63} INFO - Started process 5970 to run task
[2024-10-02T18:58:38.922+0000] {standard_task_runner.py:90} INFO - Running: ['***', 'tasks', 'run', 'etl_covid_europa_pipeline', 'transformar', 'scheduled__2023-12-14T00:00:00+00:00', '--job-id', '1197', '--raw', '--subdir', 'DAGS_FOLDER/etl_pipeline.py', '--cfg-path', '/tmp/tmp14gm6k43']
[2024-10-02T18:58:38.924+0000] {standard_task_runner.py:91} INFO - Job 1197: Subtask transformar
[2024-10-02T18:58:38.997+0000] {task_command.py:426} INFO - Running <TaskInstance: etl_covid_europa_pipeline.transformar scheduled__2023-12-14T00:00:00+00:00 [running]> on host 99de7dfc3871
[2024-10-02T18:58:39.122+0000] {taskinstance.py:2648} INFO - Exporting env vars: AIRFLOW_CTX_DAG_OWNER='***' AIRFLOW_CTX_DAG_ID='etl_covid_europa_pipeline' AIRFLOW_CTX_TASK_ID='transformar' AIRFLOW_CTX_EXECUTION_DATE='2023-12-14T00:00:00+00:00' AIRFLOW_CTX_TRY_NUMBER='1' AIRFLOW_CTX_DAG_RUN_ID='scheduled__2023-12-14T00:00:00+00:00'
[2024-10-02T18:58:39.125+0000] {taskinstance.py:430} INFO - ::endgroup::
[2024-10-02T18:58:39.321+0000] {python.py:237} INFO - Done. Returned value was: None
[2024-10-02T18:58:39.322+0000] {taskinstance.py:441} INFO - ::group::Post task execution logs
[2024-10-02T18:58:39.333+0000] {taskinstance.py:1206} INFO - Marking task as SUCCESS. dag_id=etl_covid_europa_pipeline, task_id=transformar, run_id=scheduled__2023-12-14T00:00:00+00:00, execution_date=20231214T000000, start_date=20241002T185838, end_date=20241002T185839
[2024-10-02T18:58:39.458+0000] {local_task_job_runner.py:240} INFO - Task exited with return code 0
[2024-10-02T18:58:39.484+0000] {taskinstance.py:3503} INFO - 1 downstream tasks scheduled from follow-on schedule check
[2024-10-02T18:58:39.487+0000] {local_task_job_runner.py:222} INFO - ::endgroup::
[2024-10-02T19:24:54.729+0000] {local_task_job_runner.py:120} INFO - ::group::Pre task execution logs
[2024-10-02T19:24:54.768+0000] {taskinstance.py:2076} INFO - Dependencies all met for dep_context=non-requeueable deps ti=<TaskInstance: etl_covid_europa_pipeline.transformar scheduled__2023-12-14T00:00:00+00:00 [queued]>
[2024-10-02T19:24:55.132+0000] {taskinstance.py:2076} INFO - Dependencies all met for dep_context=requeueable deps ti=<TaskInstance: etl_covid_europa_pipeline.transformar scheduled__2023-12-14T00:00:00+00:00 [queued]>
[2024-10-02T19:24:55.133+0000] {taskinstance.py:2306} INFO - Starting attempt 1 of 1
[2024-10-02T19:24:55.172+0000] {taskinstance.py:2330} INFO - Executing <Task(PythonOperator): transformar> on 2023-12-14 00:00:00+00:00
[2024-10-02T19:24:55.180+0000] {warnings.py:112} WARNING - /home/***/.local/lib/python3.12/site-packages/***/task/task_runner/standard_task_runner.py:61: DeprecationWarning: This process (pid=9294) is multi-threaded, use of fork() may lead to deadlocks in the child.
  pid = os.fork()

[2024-10-02T19:24:55.184+0000] {standard_task_runner.py:63} INFO - Started process 9322 to run task
[2024-10-02T19:24:55.184+0000] {standard_task_runner.py:90} INFO - Running: ['***', 'tasks', 'run', 'etl_covid_europa_pipeline', 'transformar', 'scheduled__2023-12-14T00:00:00+00:00', '--job-id', '2198', '--raw', '--subdir', 'DAGS_FOLDER/etl_pipeline.py', '--cfg-path', '/tmp/tmpyqazsc1s']
[2024-10-02T19:24:55.190+0000] {standard_task_runner.py:91} INFO - Job 2198: Subtask transformar
[2024-10-02T19:24:55.286+0000] {task_command.py:426} INFO - Running <TaskInstance: etl_covid_europa_pipeline.transformar scheduled__2023-12-14T00:00:00+00:00 [running]> on host 99de7dfc3871
[2024-10-02T19:24:55.450+0000] {taskinstance.py:2648} INFO - Exporting env vars: AIRFLOW_CTX_DAG_OWNER='***' AIRFLOW_CTX_DAG_ID='etl_covid_europa_pipeline' AIRFLOW_CTX_TASK_ID='transformar' AIRFLOW_CTX_EXECUTION_DATE='2023-12-14T00:00:00+00:00' AIRFLOW_CTX_TRY_NUMBER='1' AIRFLOW_CTX_DAG_RUN_ID='scheduled__2023-12-14T00:00:00+00:00'
[2024-10-02T19:24:55.457+0000] {taskinstance.py:430} INFO - ::endgroup::
[2024-10-02T19:24:55.883+0000] {python.py:237} INFO - Done. Returned value was: None
[2024-10-02T19:24:55.884+0000] {taskinstance.py:441} INFO - ::group::Post task execution logs
[2024-10-02T19:24:55.908+0000] {taskinstance.py:1206} INFO - Marking task as SUCCESS. dag_id=etl_covid_europa_pipeline, task_id=transformar, run_id=scheduled__2023-12-14T00:00:00+00:00, execution_date=20231214T000000, start_date=20241002T192454, end_date=20241002T192455
[2024-10-02T19:24:56.019+0000] {local_task_job_runner.py:240} INFO - Task exited with return code 0
[2024-10-02T19:24:56.059+0000] {taskinstance.py:3503} INFO - 1 downstream tasks scheduled from follow-on schedule check
[2024-10-02T19:24:56.063+0000] {local_task_job_runner.py:222} INFO - ::endgroup::
