[2024-10-02T17:29:27.016+0000] {local_task_job_runner.py:120} INFO - ::group::Pre task execution logs
[2024-10-02T17:29:27.038+0000] {taskinstance.py:2076} INFO - Dependencies all met for dep_context=non-requeueable deps ti=<TaskInstance: etl_covid_europa_pipeline.extrair scheduled__2024-05-29T00:00:00+00:00 [queued]>
[2024-10-02T17:29:27.045+0000] {taskinstance.py:2076} INFO - Dependencies all met for dep_context=requeueable deps ti=<TaskInstance: etl_covid_europa_pipeline.extrair scheduled__2024-05-29T00:00:00+00:00 [queued]>
[2024-10-02T17:29:27.045+0000] {taskinstance.py:2306} INFO - Starting attempt 1 of 1
[2024-10-02T17:29:27.191+0000] {taskinstance.py:2330} INFO - Executing <Task(PythonOperator): extrair> on 2024-05-29 00:00:00+00:00
[2024-10-02T17:29:27.197+0000] {warnings.py:112} WARNING - /home/***/.local/lib/python3.12/site-packages/***/task/task_runner/standard_task_runner.py:61: DeprecationWarning: This process (pid=2440) is multi-threaded, use of fork() may lead to deadlocks in the child.
  pid = os.fork()

[2024-10-02T17:29:27.198+0000] {standard_task_runner.py:63} INFO - Started process 2446 to run task
[2024-10-02T17:29:27.198+0000] {standard_task_runner.py:90} INFO - Running: ['***', 'tasks', 'run', 'etl_covid_europa_pipeline', 'extrair', 'scheduled__2024-05-29T00:00:00+00:00', '--job-id', '414', '--raw', '--subdir', 'DAGS_FOLDER/etl_pipeline.py', '--cfg-path', '/tmp/tmpk19ddqsh']
[2024-10-02T17:29:27.200+0000] {standard_task_runner.py:91} INFO - Job 414: Subtask extrair
[2024-10-02T17:29:27.240+0000] {task_command.py:426} INFO - Running <TaskInstance: etl_covid_europa_pipeline.extrair scheduled__2024-05-29T00:00:00+00:00 [running]> on host 99de7dfc3871
[2024-10-02T17:29:27.309+0000] {taskinstance.py:2648} INFO - Exporting env vars: AIRFLOW_CTX_DAG_OWNER='***' AIRFLOW_CTX_DAG_ID='etl_covid_europa_pipeline' AIRFLOW_CTX_TASK_ID='extrair' AIRFLOW_CTX_EXECUTION_DATE='2024-05-29T00:00:00+00:00' AIRFLOW_CTX_TRY_NUMBER='1' AIRFLOW_CTX_DAG_RUN_ID='scheduled__2024-05-29T00:00:00+00:00'
[2024-10-02T17:29:27.311+0000] {taskinstance.py:430} INFO - ::endgroup::
[2024-10-02T17:29:37.213+0000] {python.py:237} INFO - Done. Returned value was: None
[2024-10-02T17:29:37.214+0000] {taskinstance.py:441} INFO - ::group::Post task execution logs
[2024-10-02T17:29:37.221+0000] {taskinstance.py:1206} INFO - Marking task as SUCCESS. dag_id=etl_covid_europa_pipeline, task_id=extrair, run_id=scheduled__2024-05-29T00:00:00+00:00, execution_date=20240529T000000, start_date=20241002T172927, end_date=20241002T172937
[2024-10-02T17:29:37.248+0000] {local_task_job_runner.py:240} INFO - Task exited with return code 0
[2024-10-02T17:29:37.266+0000] {taskinstance.py:3503} INFO - 1 downstream tasks scheduled from follow-on schedule check
[2024-10-02T17:29:37.268+0000] {local_task_job_runner.py:222} INFO - ::endgroup::
[2024-10-02T19:02:08.937+0000] {local_task_job_runner.py:120} INFO - ::group::Pre task execution logs
[2024-10-02T19:02:08.957+0000] {taskinstance.py:2076} INFO - Dependencies all met for dep_context=non-requeueable deps ti=<TaskInstance: etl_covid_europa_pipeline.extrair scheduled__2024-05-29T00:00:00+00:00 [queued]>
[2024-10-02T19:02:09.117+0000] {taskinstance.py:2076} INFO - Dependencies all met for dep_context=requeueable deps ti=<TaskInstance: etl_covid_europa_pipeline.extrair scheduled__2024-05-29T00:00:00+00:00 [queued]>
[2024-10-02T19:02:09.118+0000] {taskinstance.py:2306} INFO - Starting attempt 1 of 1
[2024-10-02T19:02:09.132+0000] {taskinstance.py:2330} INFO - Executing <Task(PythonOperator): extrair> on 2024-05-29 00:00:00+00:00
[2024-10-02T19:02:09.138+0000] {warnings.py:112} WARNING - /home/***/.local/lib/python3.12/site-packages/***/task/task_runner/standard_task_runner.py:61: DeprecationWarning: This process (pid=7304) is multi-threaded, use of fork() may lead to deadlocks in the child.
  pid = os.fork()

[2024-10-02T19:02:09.139+0000] {standard_task_runner.py:63} INFO - Started process 7312 to run task
[2024-10-02T19:02:09.139+0000] {standard_task_runner.py:90} INFO - Running: ['***', 'tasks', 'run', 'etl_covid_europa_pipeline', 'extrair', 'scheduled__2024-05-29T00:00:00+00:00', '--job-id', '1633', '--raw', '--subdir', 'DAGS_FOLDER/etl_pipeline.py', '--cfg-path', '/tmp/tmphjt0471w']
[2024-10-02T19:02:09.141+0000] {standard_task_runner.py:91} INFO - Job 1633: Subtask extrair
[2024-10-02T19:02:09.181+0000] {task_command.py:426} INFO - Running <TaskInstance: etl_covid_europa_pipeline.extrair scheduled__2024-05-29T00:00:00+00:00 [running]> on host 99de7dfc3871
[2024-10-02T19:02:09.254+0000] {taskinstance.py:2648} INFO - Exporting env vars: AIRFLOW_CTX_DAG_OWNER='***' AIRFLOW_CTX_DAG_ID='etl_covid_europa_pipeline' AIRFLOW_CTX_TASK_ID='extrair' AIRFLOW_CTX_EXECUTION_DATE='2024-05-29T00:00:00+00:00' AIRFLOW_CTX_TRY_NUMBER='1' AIRFLOW_CTX_DAG_RUN_ID='scheduled__2024-05-29T00:00:00+00:00'
[2024-10-02T19:02:09.258+0000] {taskinstance.py:430} INFO - ::endgroup::
[2024-10-02T19:02:15.492+0000] {python.py:237} INFO - Done. Returned value was: None
[2024-10-02T19:02:15.493+0000] {taskinstance.py:441} INFO - ::group::Post task execution logs
[2024-10-02T19:02:15.505+0000] {taskinstance.py:1206} INFO - Marking task as SUCCESS. dag_id=etl_covid_europa_pipeline, task_id=extrair, run_id=scheduled__2024-05-29T00:00:00+00:00, execution_date=20240529T000000, start_date=20241002T190208, end_date=20241002T190215
[2024-10-02T19:02:15.576+0000] {local_task_job_runner.py:240} INFO - Task exited with return code 0
[2024-10-02T19:02:15.610+0000] {taskinstance.py:3503} INFO - 1 downstream tasks scheduled from follow-on schedule check
[2024-10-02T19:02:15.615+0000] {local_task_job_runner.py:222} INFO - ::endgroup::
