[2024-10-02T18:58:35.751+0000] {local_task_job_runner.py:120} INFO - ::group::Pre task execution logs
[2024-10-02T18:58:35.795+0000] {taskinstance.py:2076} INFO - Dependencies all met for dep_context=non-requeueable deps ti=<TaskInstance: etl_covid_europa_pipeline.carregar scheduled__2023-12-06T00:00:00+00:00 [queued]>
[2024-10-02T18:58:36.093+0000] {taskinstance.py:2076} INFO - Dependencies all met for dep_context=requeueable deps ti=<TaskInstance: etl_covid_europa_pipeline.carregar scheduled__2023-12-06T00:00:00+00:00 [queued]>
[2024-10-02T18:58:36.095+0000] {taskinstance.py:2306} INFO - Starting attempt 1 of 1
[2024-10-02T18:58:36.120+0000] {taskinstance.py:2330} INFO - Executing <Task(PythonOperator): carregar> on 2023-12-06 00:00:00+00:00
[2024-10-02T18:58:36.130+0000] {warnings.py:112} WARNING - /home/***/.local/lib/python3.12/site-packages/***/task/task_runner/standard_task_runner.py:61: DeprecationWarning: This process (pid=5917) is multi-threaded, use of fork() may lead to deadlocks in the child.
  pid = os.fork()

[2024-10-02T18:58:36.132+0000] {standard_task_runner.py:63} INFO - Started process 5939 to run task
[2024-10-02T18:58:36.135+0000] {standard_task_runner.py:90} INFO - Running: ['***', 'tasks', 'run', 'etl_covid_europa_pipeline', 'carregar', 'scheduled__2023-12-06T00:00:00+00:00', '--job-id', '1186', '--raw', '--subdir', 'DAGS_FOLDER/etl_pipeline.py', '--cfg-path', '/tmp/tmpt0nau_kq']
[2024-10-02T18:58:36.138+0000] {standard_task_runner.py:91} INFO - Job 1186: Subtask carregar
[2024-10-02T18:58:36.217+0000] {task_command.py:426} INFO - Running <TaskInstance: etl_covid_europa_pipeline.carregar scheduled__2023-12-06T00:00:00+00:00 [running]> on host 99de7dfc3871
[2024-10-02T18:58:36.353+0000] {taskinstance.py:2648} INFO - Exporting env vars: AIRFLOW_CTX_DAG_OWNER='***' AIRFLOW_CTX_DAG_ID='etl_covid_europa_pipeline' AIRFLOW_CTX_TASK_ID='carregar' AIRFLOW_CTX_EXECUTION_DATE='2023-12-06T00:00:00+00:00' AIRFLOW_CTX_TRY_NUMBER='1' AIRFLOW_CTX_DAG_RUN_ID='scheduled__2023-12-06T00:00:00+00:00'
[2024-10-02T18:58:36.355+0000] {taskinstance.py:430} INFO - ::endgroup::
[2024-10-02T18:58:36.444+0000] {python.py:237} INFO - Done. Returned value was: None
[2024-10-02T18:58:36.445+0000] {taskinstance.py:441} INFO - ::group::Post task execution logs
[2024-10-02T18:58:36.458+0000] {taskinstance.py:1206} INFO - Marking task as SUCCESS. dag_id=etl_covid_europa_pipeline, task_id=carregar, run_id=scheduled__2023-12-06T00:00:00+00:00, execution_date=20231206T000000, start_date=20241002T185835, end_date=20241002T185836
[2024-10-02T18:58:36.527+0000] {local_task_job_runner.py:240} INFO - Task exited with return code 0
[2024-10-02T18:58:36.546+0000] {taskinstance.py:3503} INFO - 0 downstream tasks scheduled from follow-on schedule check
[2024-10-02T18:58:36.549+0000] {local_task_job_runner.py:222} INFO - ::endgroup::
[2024-10-02T19:24:58.005+0000] {local_task_job_runner.py:120} INFO - ::group::Pre task execution logs
[2024-10-02T19:24:58.445+0000] {taskinstance.py:2076} INFO - Dependencies all met for dep_context=non-requeueable deps ti=<TaskInstance: etl_covid_europa_pipeline.carregar scheduled__2023-12-06T00:00:00+00:00 [queued]>
[2024-10-02T19:24:58.461+0000] {taskinstance.py:2076} INFO - Dependencies all met for dep_context=requeueable deps ti=<TaskInstance: etl_covid_europa_pipeline.carregar scheduled__2023-12-06T00:00:00+00:00 [queued]>
[2024-10-02T19:24:58.462+0000] {taskinstance.py:2306} INFO - Starting attempt 1 of 1
[2024-10-02T19:24:58.501+0000] {taskinstance.py:2330} INFO - Executing <Task(PythonOperator): carregar> on 2023-12-06 00:00:00+00:00
[2024-10-02T19:24:58.516+0000] {warnings.py:112} WARNING - /home/***/.local/lib/python3.12/site-packages/***/task/task_runner/standard_task_runner.py:61: DeprecationWarning: This process (pid=9340) is multi-threaded, use of fork() may lead to deadlocks in the child.
  pid = os.fork()

[2024-10-02T19:24:58.524+0000] {standard_task_runner.py:63} INFO - Started process 9367 to run task
[2024-10-02T19:24:58.516+0000] {standard_task_runner.py:90} INFO - Running: ['***', 'tasks', 'run', 'etl_covid_europa_pipeline', 'carregar', 'scheduled__2023-12-06T00:00:00+00:00', '--job-id', '2216', '--raw', '--subdir', 'DAGS_FOLDER/etl_pipeline.py', '--cfg-path', '/tmp/tmp13odrxwx']
[2024-10-02T19:24:58.527+0000] {standard_task_runner.py:91} INFO - Job 2216: Subtask carregar
[2024-10-02T19:24:58.631+0000] {task_command.py:426} INFO - Running <TaskInstance: etl_covid_europa_pipeline.carregar scheduled__2023-12-06T00:00:00+00:00 [running]> on host 99de7dfc3871
[2024-10-02T19:24:58.819+0000] {taskinstance.py:2648} INFO - Exporting env vars: AIRFLOW_CTX_DAG_OWNER='***' AIRFLOW_CTX_DAG_ID='etl_covid_europa_pipeline' AIRFLOW_CTX_TASK_ID='carregar' AIRFLOW_CTX_EXECUTION_DATE='2023-12-06T00:00:00+00:00' AIRFLOW_CTX_TRY_NUMBER='1' AIRFLOW_CTX_DAG_RUN_ID='scheduled__2023-12-06T00:00:00+00:00'
[2024-10-02T19:24:58.821+0000] {taskinstance.py:430} INFO - ::endgroup::
[2024-10-02T19:24:58.936+0000] {python.py:237} INFO - Done. Returned value was: None
[2024-10-02T19:24:58.937+0000] {taskinstance.py:441} INFO - ::group::Post task execution logs
[2024-10-02T19:24:58.949+0000] {taskinstance.py:1206} INFO - Marking task as SUCCESS. dag_id=etl_covid_europa_pipeline, task_id=carregar, run_id=scheduled__2023-12-06T00:00:00+00:00, execution_date=20231206T000000, start_date=20241002T192458, end_date=20241002T192458
[2024-10-02T19:24:58.985+0000] {local_task_job_runner.py:240} INFO - Task exited with return code 0
[2024-10-02T19:24:59.004+0000] {local_task_job_runner.py:222} INFO - ::endgroup::
