[2024-10-02T17:26:38.315+0000] {local_task_job_runner.py:120} INFO - ::group::Pre task execution logs
[2024-10-02T17:26:38.340+0000] {taskinstance.py:2076} INFO - Dependencies all met for dep_context=non-requeueable deps ti=<TaskInstance: etl_covid_europa_pipeline.extrair scheduled__2023-12-24T00:00:00+00:00 [queued]>
[2024-10-02T17:26:38.348+0000] {taskinstance.py:2076} INFO - Dependencies all met for dep_context=requeueable deps ti=<TaskInstance: etl_covid_europa_pipeline.extrair scheduled__2023-12-24T00:00:00+00:00 [queued]>
[2024-10-02T17:26:38.348+0000] {taskinstance.py:2306} INFO - Starting attempt 1 of 1
[2024-10-02T17:26:38.364+0000] {taskinstance.py:2330} INFO - Executing <Task(PythonOperator): extrair> on 2023-12-24 00:00:00+00:00
[2024-10-02T17:26:38.372+0000] {warnings.py:112} WARNING - /home/***/.local/lib/python3.12/site-packages/***/task/task_runner/standard_task_runner.py:61: DeprecationWarning: This process (pid=1670) is multi-threaded, use of fork() may lead to deadlocks in the child.
  pid = os.fork()

[2024-10-02T17:26:38.374+0000] {standard_task_runner.py:63} INFO - Started process 1683 to run task
[2024-10-02T17:26:38.374+0000] {standard_task_runner.py:90} INFO - Running: ['***', 'tasks', 'run', 'etl_covid_europa_pipeline', 'extrair', 'scheduled__2023-12-24T00:00:00+00:00', '--job-id', '169', '--raw', '--subdir', 'DAGS_FOLDER/etl_pipeline.py', '--cfg-path', '/tmp/tmp2lbgkab6']
[2024-10-02T17:26:38.376+0000] {standard_task_runner.py:91} INFO - Job 169: Subtask extrair
[2024-10-02T17:26:38.666+0000] {task_command.py:426} INFO - Running <TaskInstance: etl_covid_europa_pipeline.extrair scheduled__2023-12-24T00:00:00+00:00 [running]> on host 99de7dfc3871
[2024-10-02T17:26:38.767+0000] {taskinstance.py:2648} INFO - Exporting env vars: AIRFLOW_CTX_DAG_OWNER='***' AIRFLOW_CTX_DAG_ID='etl_covid_europa_pipeline' AIRFLOW_CTX_TASK_ID='extrair' AIRFLOW_CTX_EXECUTION_DATE='2023-12-24T00:00:00+00:00' AIRFLOW_CTX_TRY_NUMBER='1' AIRFLOW_CTX_DAG_RUN_ID='scheduled__2023-12-24T00:00:00+00:00'
[2024-10-02T17:26:38.770+0000] {taskinstance.py:430} INFO - ::endgroup::
[2024-10-02T17:26:44.198+0000] {python.py:237} INFO - Done. Returned value was: None
[2024-10-02T17:26:44.199+0000] {taskinstance.py:441} INFO - ::group::Post task execution logs
[2024-10-02T17:26:44.208+0000] {taskinstance.py:1206} INFO - Marking task as SUCCESS. dag_id=etl_covid_europa_pipeline, task_id=extrair, run_id=scheduled__2023-12-24T00:00:00+00:00, execution_date=20231224T000000, start_date=20241002T172638, end_date=20241002T172644
[2024-10-02T17:26:44.238+0000] {local_task_job_runner.py:240} INFO - Task exited with return code 0
[2024-10-02T17:26:44.269+0000] {taskinstance.py:3503} INFO - 1 downstream tasks scheduled from follow-on schedule check
[2024-10-02T17:26:44.271+0000] {local_task_job_runner.py:222} INFO - ::endgroup::
[2024-10-02T18:58:40.193+0000] {local_task_job_runner.py:120} INFO - ::group::Pre task execution logs
[2024-10-02T18:58:40.213+0000] {taskinstance.py:2076} INFO - Dependencies all met for dep_context=non-requeueable deps ti=<TaskInstance: etl_covid_europa_pipeline.extrair scheduled__2023-12-24T00:00:00+00:00 [queued]>
[2024-10-02T18:58:40.221+0000] {taskinstance.py:2076} INFO - Dependencies all met for dep_context=requeueable deps ti=<TaskInstance: etl_covid_europa_pipeline.extrair scheduled__2023-12-24T00:00:00+00:00 [queued]>
[2024-10-02T18:58:40.221+0000] {taskinstance.py:2306} INFO - Starting attempt 1 of 1
[2024-10-02T18:58:40.424+0000] {taskinstance.py:2330} INFO - Executing <Task(PythonOperator): extrair> on 2023-12-24 00:00:00+00:00
[2024-10-02T18:58:40.431+0000] {warnings.py:112} WARNING - /home/***/.local/lib/python3.12/site-packages/***/task/task_runner/standard_task_runner.py:61: DeprecationWarning: This process (pid=5983) is multi-threaded, use of fork() may lead to deadlocks in the child.
  pid = os.fork()

[2024-10-02T18:58:40.433+0000] {standard_task_runner.py:63} INFO - Started process 5995 to run task
[2024-10-02T18:58:40.432+0000] {standard_task_runner.py:90} INFO - Running: ['***', 'tasks', 'run', 'etl_covid_europa_pipeline', 'extrair', 'scheduled__2023-12-24T00:00:00+00:00', '--job-id', '1207', '--raw', '--subdir', 'DAGS_FOLDER/etl_pipeline.py', '--cfg-path', '/tmp/tmpfc4_kwga']
[2024-10-02T18:58:40.434+0000] {standard_task_runner.py:91} INFO - Job 1207: Subtask extrair
[2024-10-02T18:58:40.474+0000] {task_command.py:426} INFO - Running <TaskInstance: etl_covid_europa_pipeline.extrair scheduled__2023-12-24T00:00:00+00:00 [running]> on host 99de7dfc3871
[2024-10-02T18:58:40.552+0000] {taskinstance.py:2648} INFO - Exporting env vars: AIRFLOW_CTX_DAG_OWNER='***' AIRFLOW_CTX_DAG_ID='etl_covid_europa_pipeline' AIRFLOW_CTX_TASK_ID='extrair' AIRFLOW_CTX_EXECUTION_DATE='2023-12-24T00:00:00+00:00' AIRFLOW_CTX_TRY_NUMBER='1' AIRFLOW_CTX_DAG_RUN_ID='scheduled__2023-12-24T00:00:00+00:00'
[2024-10-02T18:58:40.552+0000] {taskinstance.py:430} INFO - ::endgroup::
[2024-10-02T18:58:46.152+0000] {python.py:237} INFO - Done. Returned value was: None
[2024-10-02T18:58:46.153+0000] {taskinstance.py:441} INFO - ::group::Post task execution logs
[2024-10-02T18:58:46.162+0000] {taskinstance.py:1206} INFO - Marking task as SUCCESS. dag_id=etl_covid_europa_pipeline, task_id=extrair, run_id=scheduled__2023-12-24T00:00:00+00:00, execution_date=20231224T000000, start_date=20241002T185840, end_date=20241002T185846
[2024-10-02T18:58:46.215+0000] {local_task_job_runner.py:240} INFO - Task exited with return code 0
[2024-10-02T18:58:46.235+0000] {taskinstance.py:3503} INFO - 1 downstream tasks scheduled from follow-on schedule check
[2024-10-02T18:58:46.238+0000] {local_task_job_runner.py:222} INFO - ::endgroup::
[2024-10-02T19:24:59.294+0000] {local_task_job_runner.py:120} INFO - ::group::Pre task execution logs
[2024-10-02T19:24:59.320+0000] {taskinstance.py:2076} INFO - Dependencies all met for dep_context=non-requeueable deps ti=<TaskInstance: etl_covid_europa_pipeline.extrair scheduled__2023-12-24T00:00:00+00:00 [queued]>
[2024-10-02T19:24:59.511+0000] {taskinstance.py:2076} INFO - Dependencies all met for dep_context=requeueable deps ti=<TaskInstance: etl_covid_europa_pipeline.extrair scheduled__2023-12-24T00:00:00+00:00 [queued]>
[2024-10-02T19:24:59.512+0000] {taskinstance.py:2306} INFO - Starting attempt 1 of 1
[2024-10-02T19:24:59.525+0000] {taskinstance.py:2330} INFO - Executing <Task(PythonOperator): extrair> on 2023-12-24 00:00:00+00:00
[2024-10-02T19:24:59.531+0000] {warnings.py:112} WARNING - /home/***/.local/lib/python3.12/site-packages/***/task/task_runner/standard_task_runner.py:61: DeprecationWarning: This process (pid=9360) is multi-threaded, use of fork() may lead to deadlocks in the child.
  pid = os.fork()

[2024-10-02T19:24:59.532+0000] {standard_task_runner.py:63} INFO - Started process 9380 to run task
[2024-10-02T19:24:59.532+0000] {standard_task_runner.py:90} INFO - Running: ['***', 'tasks', 'run', 'etl_covid_europa_pipeline', 'extrair', 'scheduled__2023-12-24T00:00:00+00:00', '--job-id', '2223', '--raw', '--subdir', 'DAGS_FOLDER/etl_pipeline.py', '--cfg-path', '/tmp/tmp7sg9wibz']
[2024-10-02T19:24:59.534+0000] {standard_task_runner.py:91} INFO - Job 2223: Subtask extrair
[2024-10-02T19:24:59.571+0000] {task_command.py:426} INFO - Running <TaskInstance: etl_covid_europa_pipeline.extrair scheduled__2023-12-24T00:00:00+00:00 [running]> on host 99de7dfc3871
[2024-10-02T19:24:59.645+0000] {taskinstance.py:2648} INFO - Exporting env vars: AIRFLOW_CTX_DAG_OWNER='***' AIRFLOW_CTX_DAG_ID='etl_covid_europa_pipeline' AIRFLOW_CTX_TASK_ID='extrair' AIRFLOW_CTX_EXECUTION_DATE='2023-12-24T00:00:00+00:00' AIRFLOW_CTX_TRY_NUMBER='1' AIRFLOW_CTX_DAG_RUN_ID='scheduled__2023-12-24T00:00:00+00:00'
[2024-10-02T19:24:59.648+0000] {taskinstance.py:430} INFO - ::endgroup::
[2024-10-02T19:25:06.971+0000] {python.py:237} INFO - Done. Returned value was: None
[2024-10-02T19:25:06.972+0000] {taskinstance.py:441} INFO - ::group::Post task execution logs
[2024-10-02T19:25:06.980+0000] {taskinstance.py:1206} INFO - Marking task as SUCCESS. dag_id=etl_covid_europa_pipeline, task_id=extrair, run_id=scheduled__2023-12-24T00:00:00+00:00, execution_date=20231224T000000, start_date=20241002T192459, end_date=20241002T192506
[2024-10-02T19:25:07.033+0000] {local_task_job_runner.py:240} INFO - Task exited with return code 0
[2024-10-02T19:25:07.058+0000] {taskinstance.py:3503} INFO - 1 downstream tasks scheduled from follow-on schedule check
[2024-10-02T19:25:07.060+0000] {local_task_job_runner.py:222} INFO - ::endgroup::
