[2024-10-02T18:57:36.740+0000] {local_task_job_runner.py:120} INFO - ::group::Pre task execution logs
[2024-10-02T18:57:36.797+0000] {taskinstance.py:2076} INFO - Dependencies all met for dep_context=non-requeueable deps ti=<TaskInstance: etl_covid_europa_pipeline.carregar scheduled__2023-10-22T00:00:00+00:00 [queued]>
[2024-10-02T18:57:37.140+0000] {taskinstance.py:2076} INFO - Dependencies all met for dep_context=requeueable deps ti=<TaskInstance: etl_covid_europa_pipeline.carregar scheduled__2023-10-22T00:00:00+00:00 [queued]>
[2024-10-02T18:57:37.142+0000] {taskinstance.py:2306} INFO - Starting attempt 1 of 1
[2024-10-02T18:57:37.173+0000] {taskinstance.py:2330} INFO - Executing <Task(PythonOperator): carregar> on 2023-10-22 00:00:00+00:00
[2024-10-02T18:57:37.190+0000] {warnings.py:112} WARNING - /home/***/.local/lib/python3.12/site-packages/***/task/task_runner/standard_task_runner.py:61: DeprecationWarning: This process (pid=5487) is multi-threaded, use of fork() may lead to deadlocks in the child.
  pid = os.fork()

[2024-10-02T18:57:37.192+0000] {standard_task_runner.py:63} INFO - Started process 5514 to run task
[2024-10-02T18:57:37.192+0000] {standard_task_runner.py:90} INFO - Running: ['***', 'tasks', 'run', 'etl_covid_europa_pipeline', 'carregar', 'scheduled__2023-10-22T00:00:00+00:00', '--job-id', '1051', '--raw', '--subdir', 'DAGS_FOLDER/etl_pipeline.py', '--cfg-path', '/tmp/tmpz2vvw69e']
[2024-10-02T18:57:37.197+0000] {standard_task_runner.py:91} INFO - Job 1051: Subtask carregar
[2024-10-02T18:57:37.270+0000] {task_command.py:426} INFO - Running <TaskInstance: etl_covid_europa_pipeline.carregar scheduled__2023-10-22T00:00:00+00:00 [running]> on host 99de7dfc3871
[2024-10-02T18:57:37.398+0000] {taskinstance.py:2648} INFO - Exporting env vars: AIRFLOW_CTX_DAG_OWNER='***' AIRFLOW_CTX_DAG_ID='etl_covid_europa_pipeline' AIRFLOW_CTX_TASK_ID='carregar' AIRFLOW_CTX_EXECUTION_DATE='2023-10-22T00:00:00+00:00' AIRFLOW_CTX_TRY_NUMBER='1' AIRFLOW_CTX_DAG_RUN_ID='scheduled__2023-10-22T00:00:00+00:00'
[2024-10-02T18:57:37.402+0000] {taskinstance.py:430} INFO - ::endgroup::
[2024-10-02T18:57:37.516+0000] {python.py:237} INFO - Done. Returned value was: None
[2024-10-02T18:57:37.518+0000] {taskinstance.py:441} INFO - ::group::Post task execution logs
[2024-10-02T18:57:37.535+0000] {taskinstance.py:1206} INFO - Marking task as SUCCESS. dag_id=etl_covid_europa_pipeline, task_id=carregar, run_id=scheduled__2023-10-22T00:00:00+00:00, execution_date=20231022T000000, start_date=20241002T185736, end_date=20241002T185737
[2024-10-02T18:57:37.575+0000] {local_task_job_runner.py:240} INFO - Task exited with return code 0
[2024-10-02T18:57:37.601+0000] {taskinstance.py:3503} INFO - 0 downstream tasks scheduled from follow-on schedule check
[2024-10-02T18:57:37.604+0000] {local_task_job_runner.py:222} INFO - ::endgroup::
[2024-10-02T19:23:47.734+0000] {local_task_job_runner.py:120} INFO - ::group::Pre task execution logs
[2024-10-02T19:23:47.769+0000] {taskinstance.py:2076} INFO - Dependencies all met for dep_context=non-requeueable deps ti=<TaskInstance: etl_covid_europa_pipeline.carregar scheduled__2023-10-22T00:00:00+00:00 [queued]>
[2024-10-02T19:23:47.778+0000] {taskinstance.py:2076} INFO - Dependencies all met for dep_context=requeueable deps ti=<TaskInstance: etl_covid_europa_pipeline.carregar scheduled__2023-10-22T00:00:00+00:00 [queued]>
[2024-10-02T19:23:47.779+0000] {taskinstance.py:2306} INFO - Starting attempt 1 of 1
[2024-10-02T19:23:47.998+0000] {taskinstance.py:2330} INFO - Executing <Task(PythonOperator): carregar> on 2023-10-22 00:00:00+00:00
[2024-10-02T19:23:48.005+0000] {warnings.py:112} WARNING - /home/***/.local/lib/python3.12/site-packages/***/task/task_runner/standard_task_runner.py:61: DeprecationWarning: This process (pid=8845) is multi-threaded, use of fork() may lead to deadlocks in the child.
  pid = os.fork()

[2024-10-02T19:23:48.006+0000] {standard_task_runner.py:63} INFO - Started process 8861 to run task
[2024-10-02T19:23:48.006+0000] {standard_task_runner.py:90} INFO - Running: ['***', 'tasks', 'run', 'etl_covid_europa_pipeline', 'carregar', 'scheduled__2023-10-22T00:00:00+00:00', '--job-id', '2054', '--raw', '--subdir', 'DAGS_FOLDER/etl_pipeline.py', '--cfg-path', '/tmp/tmpmel4j_ph']
[2024-10-02T19:23:48.009+0000] {standard_task_runner.py:91} INFO - Job 2054: Subtask carregar
[2024-10-02T19:23:48.066+0000] {task_command.py:426} INFO - Running <TaskInstance: etl_covid_europa_pipeline.carregar scheduled__2023-10-22T00:00:00+00:00 [running]> on host 99de7dfc3871
[2024-10-02T19:23:48.167+0000] {taskinstance.py:2648} INFO - Exporting env vars: AIRFLOW_CTX_DAG_OWNER='***' AIRFLOW_CTX_DAG_ID='etl_covid_europa_pipeline' AIRFLOW_CTX_TASK_ID='carregar' AIRFLOW_CTX_EXECUTION_DATE='2023-10-22T00:00:00+00:00' AIRFLOW_CTX_TRY_NUMBER='1' AIRFLOW_CTX_DAG_RUN_ID='scheduled__2023-10-22T00:00:00+00:00'
[2024-10-02T19:23:48.169+0000] {taskinstance.py:430} INFO - ::endgroup::
[2024-10-02T19:23:48.257+0000] {python.py:237} INFO - Done. Returned value was: None
[2024-10-02T19:23:48.259+0000] {taskinstance.py:441} INFO - ::group::Post task execution logs
[2024-10-02T19:23:48.271+0000] {taskinstance.py:1206} INFO - Marking task as SUCCESS. dag_id=etl_covid_europa_pipeline, task_id=carregar, run_id=scheduled__2023-10-22T00:00:00+00:00, execution_date=20231022T000000, start_date=20241002T192347, end_date=20241002T192348
[2024-10-02T19:23:48.341+0000] {local_task_job_runner.py:240} INFO - Task exited with return code 0
[2024-10-02T19:23:48.358+0000] {taskinstance.py:3503} INFO - 0 downstream tasks scheduled from follow-on schedule check
[2024-10-02T19:23:48.362+0000] {local_task_job_runner.py:222} INFO - ::endgroup::
