[2024-10-02T17:31:26.434+0000] {local_task_job_runner.py:120} INFO - ::group::Pre task execution logs
[2024-10-02T17:31:26.466+0000] {taskinstance.py:2076} INFO - Dependencies all met for dep_context=non-requeueable deps ti=<TaskInstance: etl_covid_europa_pipeline.transformar scheduled__2024-08-22T00:00:00+00:00 [queued]>
[2024-10-02T17:31:26.476+0000] {taskinstance.py:2076} INFO - Dependencies all met for dep_context=requeueable deps ti=<TaskInstance: etl_covid_europa_pipeline.transformar scheduled__2024-08-22T00:00:00+00:00 [queued]>
[2024-10-02T17:31:26.477+0000] {taskinstance.py:2306} INFO - Starting attempt 1 of 1
[2024-10-02T17:31:26.733+0000] {taskinstance.py:2330} INFO - Executing <Task(PythonOperator): transformar> on 2024-08-22 00:00:00+00:00
[2024-10-02T17:31:26.741+0000] {warnings.py:112} WARNING - /home/***/.local/lib/python3.12/site-packages/***/task/task_runner/standard_task_runner.py:61: DeprecationWarning: This process (pid=3008) is multi-threaded, use of fork() may lead to deadlocks in the child.
  pid = os.fork()

[2024-10-02T17:31:26.744+0000] {standard_task_runner.py:63} INFO - Started process 3019 to run task
[2024-10-02T17:31:26.743+0000] {standard_task_runner.py:90} INFO - Running: ['***', 'tasks', 'run', 'etl_covid_europa_pipeline', 'transformar', 'scheduled__2024-08-22T00:00:00+00:00', '--job-id', '594', '--raw', '--subdir', 'DAGS_FOLDER/etl_pipeline.py', '--cfg-path', '/tmp/tmpn0pczy5x']
[2024-10-02T17:31:26.747+0000] {standard_task_runner.py:91} INFO - Job 594: Subtask transformar
[2024-10-02T17:31:26.820+0000] {task_command.py:426} INFO - Running <TaskInstance: etl_covid_europa_pipeline.transformar scheduled__2024-08-22T00:00:00+00:00 [running]> on host 99de7dfc3871
[2024-10-02T17:31:26.931+0000] {taskinstance.py:2648} INFO - Exporting env vars: AIRFLOW_CTX_DAG_OWNER='***' AIRFLOW_CTX_DAG_ID='etl_covid_europa_pipeline' AIRFLOW_CTX_TASK_ID='transformar' AIRFLOW_CTX_EXECUTION_DATE='2024-08-22T00:00:00+00:00' AIRFLOW_CTX_TRY_NUMBER='1' AIRFLOW_CTX_DAG_RUN_ID='scheduled__2024-08-22T00:00:00+00:00'
[2024-10-02T17:31:26.932+0000] {taskinstance.py:430} INFO - ::endgroup::
[2024-10-02T17:31:26.985+0000] {taskinstance.py:441} INFO - ::group::Post task execution logs
[2024-10-02T17:31:26.986+0000] {taskinstance.py:2905} ERROR - Task failed with exception
Traceback (most recent call last):
  File "/home/airflow/.local/lib/python3.12/site-packages/airflow/models/taskinstance.py", line 465, in _execute_task
    result = _execute_callable(context=context, **execute_callable_kwargs)
             ^^^^^^^^^^^^^^^^^^^^^^^^^^^^^^^^^^^^^^^^^^^^^^^^^^^^^^^^^^^^^
  File "/home/airflow/.local/lib/python3.12/site-packages/airflow/models/taskinstance.py", line 432, in _execute_callable
    return execute_callable(context=context, **execute_callable_kwargs)
           ^^^^^^^^^^^^^^^^^^^^^^^^^^^^^^^^^^^^^^^^^^^^^^^^^^^^^^^^^^^^
  File "/home/airflow/.local/lib/python3.12/site-packages/airflow/models/baseoperator.py", line 401, in wrapper
    return func(self, *args, **kwargs)
           ^^^^^^^^^^^^^^^^^^^^^^^^^^^
  File "/home/airflow/.local/lib/python3.12/site-packages/airflow/operators/python.py", line 235, in execute
    return_value = self.execute_callable()
                   ^^^^^^^^^^^^^^^^^^^^^^^
  File "/home/airflow/.local/lib/python3.12/site-packages/airflow/operators/python.py", line 252, in execute_callable
    return self.python_callable(*self.op_args, **self.op_kwargs)
           ^^^^^^^^^^^^^^^^^^^^^^^^^^^^^^^^^^^^^^^^^^^^^^^^^^^^^
  File "/opt/airflow/dags/etl_pipeline.py", line 13, in transformar
    df = pd.read_csv('data/dados_covid_extraidos.csv')
         ^^^^^^^^^^^^^^^^^^^^^^^^^^^^^^^^^^^^^^^^^^^^^
  File "/home/airflow/.local/lib/python3.12/site-packages/pandas/io/parsers/readers.py", line 948, in read_csv
    return _read(filepath_or_buffer, kwds)
           ^^^^^^^^^^^^^^^^^^^^^^^^^^^^^^^
  File "/home/airflow/.local/lib/python3.12/site-packages/pandas/io/parsers/readers.py", line 617, in _read
    return parser.read(nrows)
           ^^^^^^^^^^^^^^^^^^
  File "/home/airflow/.local/lib/python3.12/site-packages/pandas/io/parsers/readers.py", line 1748, in read
    ) = self._engine.read(  # type: ignore[attr-defined]
        ^^^^^^^^^^^^^^^^^^^^^^^^^^^^^^^^^^^^^^^^^^^^^^^^
  File "/home/airflow/.local/lib/python3.12/site-packages/pandas/io/parsers/c_parser_wrapper.py", line 234, in read
    chunks = self._reader.read_low_memory(nrows)
             ^^^^^^^^^^^^^^^^^^^^^^^^^^^^^^^^^^^
  File "parsers.pyx", line 843, in pandas._libs.parsers.TextReader.read_low_memory
  File "parsers.pyx", line 904, in pandas._libs.parsers.TextReader._read_rows
  File "parsers.pyx", line 879, in pandas._libs.parsers.TextReader._tokenize_rows
  File "parsers.pyx", line 890, in pandas._libs.parsers.TextReader._check_tokenize_status
  File "parsers.pyx", line 2058, in pandas._libs.parsers.raise_parser_error
pandas.errors.ParserError: Error tokenizing data. C error: Expected 1 fields in line 7201, saw 2

[2024-10-02T17:31:27.003+0000] {taskinstance.py:1206} INFO - Marking task as FAILED. dag_id=etl_covid_europa_pipeline, task_id=transformar, run_id=scheduled__2024-08-22T00:00:00+00:00, execution_date=20240822T000000, start_date=20241002T173126, end_date=20241002T173127
[2024-10-02T17:31:27.019+0000] {standard_task_runner.py:110} ERROR - Failed to execute job 594 for task transformar (Error tokenizing data. C error: Expected 1 fields in line 7201, saw 2
; 3019)
[2024-10-02T17:31:27.039+0000] {local_task_job_runner.py:240} INFO - Task exited with return code 1
[2024-10-02T17:31:27.073+0000] {taskinstance.py:3503} INFO - 0 downstream tasks scheduled from follow-on schedule check
[2024-10-02T17:31:27.085+0000] {local_task_job_runner.py:222} INFO - ::endgroup::
[2024-10-02T18:55:11.511+0000] {local_task_job_runner.py:120} INFO - ::group::Pre task execution logs
[2024-10-02T18:55:11.548+0000] {taskinstance.py:2076} INFO - Dependencies all met for dep_context=non-requeueable deps ti=<TaskInstance: etl_covid_europa_pipeline.transformar scheduled__2024-08-22T00:00:00+00:00 [queued]>
[2024-10-02T18:55:11.894+0000] {taskinstance.py:2076} INFO - Dependencies all met for dep_context=requeueable deps ti=<TaskInstance: etl_covid_europa_pipeline.transformar scheduled__2024-08-22T00:00:00+00:00 [queued]>
[2024-10-02T18:55:11.895+0000] {taskinstance.py:2306} INFO - Starting attempt 1 of 1
[2024-10-02T18:55:11.937+0000] {taskinstance.py:2330} INFO - Executing <Task(PythonOperator): transformar> on 2024-08-22 00:00:00+00:00
[2024-10-02T18:55:11.945+0000] {warnings.py:112} WARNING - /home/***/.local/lib/python3.12/site-packages/***/task/task_runner/standard_task_runner.py:61: DeprecationWarning: This process (pid=4830) is multi-threaded, use of fork() may lead to deadlocks in the child.
  pid = os.fork()

[2024-10-02T18:55:11.946+0000] {standard_task_runner.py:90} INFO - Running: ['***', 'tasks', 'run', 'etl_covid_europa_pipeline', 'transformar', 'scheduled__2024-08-22T00:00:00+00:00', '--job-id', '838', '--raw', '--subdir', 'DAGS_FOLDER/etl_pipeline.py', '--cfg-path', '/tmp/tmpjo1l_j9s']
[2024-10-02T18:55:11.948+0000] {standard_task_runner.py:91} INFO - Job 838: Subtask transformar
[2024-10-02T18:55:11.948+0000] {standard_task_runner.py:63} INFO - Started process 4856 to run task
[2024-10-02T18:55:12.024+0000] {task_command.py:426} INFO - Running <TaskInstance: etl_covid_europa_pipeline.transformar scheduled__2024-08-22T00:00:00+00:00 [running]> on host 99de7dfc3871
[2024-10-02T18:55:12.155+0000] {taskinstance.py:2648} INFO - Exporting env vars: AIRFLOW_CTX_DAG_OWNER='***' AIRFLOW_CTX_DAG_ID='etl_covid_europa_pipeline' AIRFLOW_CTX_TASK_ID='transformar' AIRFLOW_CTX_EXECUTION_DATE='2024-08-22T00:00:00+00:00' AIRFLOW_CTX_TRY_NUMBER='1' AIRFLOW_CTX_DAG_RUN_ID='scheduled__2024-08-22T00:00:00+00:00'
[2024-10-02T18:55:12.161+0000] {taskinstance.py:430} INFO - ::endgroup::
[2024-10-02T18:55:12.487+0000] {python.py:237} INFO - Done. Returned value was: None
[2024-10-02T18:55:12.489+0000] {taskinstance.py:441} INFO - ::group::Post task execution logs
[2024-10-02T18:55:12.502+0000] {taskinstance.py:1206} INFO - Marking task as SUCCESS. dag_id=etl_covid_europa_pipeline, task_id=transformar, run_id=scheduled__2024-08-22T00:00:00+00:00, execution_date=20240822T000000, start_date=20241002T185511, end_date=20241002T185512
[2024-10-02T18:55:12.573+0000] {local_task_job_runner.py:240} INFO - Task exited with return code 0
[2024-10-02T18:55:12.600+0000] {taskinstance.py:3503} INFO - 1 downstream tasks scheduled from follow-on schedule check
[2024-10-02T18:55:12.602+0000] {local_task_job_runner.py:222} INFO - ::endgroup::
[2024-10-02T19:04:11.114+0000] {local_task_job_runner.py:120} INFO - ::group::Pre task execution logs
[2024-10-02T19:04:11.411+0000] {taskinstance.py:2076} INFO - Dependencies all met for dep_context=non-requeueable deps ti=<TaskInstance: etl_covid_europa_pipeline.transformar scheduled__2024-08-22T00:00:00+00:00 [queued]>
[2024-10-02T19:04:11.425+0000] {taskinstance.py:2076} INFO - Dependencies all met for dep_context=requeueable deps ti=<TaskInstance: etl_covid_europa_pipeline.transformar scheduled__2024-08-22T00:00:00+00:00 [queued]>
[2024-10-02T19:04:11.426+0000] {taskinstance.py:2306} INFO - Starting attempt 1 of 1
[2024-10-02T19:04:11.511+0000] {taskinstance.py:2330} INFO - Executing <Task(PythonOperator): transformar> on 2024-08-22 00:00:00+00:00
[2024-10-02T19:04:11.526+0000] {warnings.py:112} WARNING - /home/***/.local/lib/python3.12/site-packages/***/task/task_runner/standard_task_runner.py:61: DeprecationWarning: This process (pid=8126) is multi-threaded, use of fork() may lead to deadlocks in the child.
  pid = os.fork()

[2024-10-02T19:04:11.528+0000] {standard_task_runner.py:63} INFO - Started process 8144 to run task
[2024-10-02T19:04:11.528+0000] {standard_task_runner.py:90} INFO - Running: ['***', 'tasks', 'run', 'etl_covid_europa_pipeline', 'transformar', 'scheduled__2024-08-22T00:00:00+00:00', '--job-id', '1897', '--raw', '--subdir', 'DAGS_FOLDER/etl_pipeline.py', '--cfg-path', '/tmp/tmp04ob6fzz']
[2024-10-02T19:04:11.533+0000] {standard_task_runner.py:91} INFO - Job 1897: Subtask transformar
[2024-10-02T19:04:11.604+0000] {task_command.py:426} INFO - Running <TaskInstance: etl_covid_europa_pipeline.transformar scheduled__2024-08-22T00:00:00+00:00 [running]> on host 99de7dfc3871
[2024-10-02T19:04:11.755+0000] {taskinstance.py:2648} INFO - Exporting env vars: AIRFLOW_CTX_DAG_OWNER='***' AIRFLOW_CTX_DAG_ID='etl_covid_europa_pipeline' AIRFLOW_CTX_TASK_ID='transformar' AIRFLOW_CTX_EXECUTION_DATE='2024-08-22T00:00:00+00:00' AIRFLOW_CTX_TRY_NUMBER='1' AIRFLOW_CTX_DAG_RUN_ID='scheduled__2024-08-22T00:00:00+00:00'
[2024-10-02T19:04:11.756+0000] {taskinstance.py:430} INFO - ::endgroup::
[2024-10-02T19:04:11.999+0000] {python.py:237} INFO - Done. Returned value was: None
[2024-10-02T19:04:12.000+0000] {taskinstance.py:441} INFO - ::group::Post task execution logs
[2024-10-02T19:04:12.015+0000] {taskinstance.py:1206} INFO - Marking task as SUCCESS. dag_id=etl_covid_europa_pipeline, task_id=transformar, run_id=scheduled__2024-08-22T00:00:00+00:00, execution_date=20240822T000000, start_date=20241002T190411, end_date=20241002T190412
[2024-10-02T19:04:12.075+0000] {local_task_job_runner.py:240} INFO - Task exited with return code 0
[2024-10-02T19:04:12.107+0000] {taskinstance.py:3503} INFO - 1 downstream tasks scheduled from follow-on schedule check
[2024-10-02T19:04:12.110+0000] {local_task_job_runner.py:222} INFO - ::endgroup::
