[2024-10-02T18:58:06.891+0000] {local_task_job_runner.py:120} INFO - ::group::Pre task execution logs
[2024-10-02T18:58:06.910+0000] {taskinstance.py:2076} INFO - Dependencies all met for dep_context=non-requeueable deps ti=<TaskInstance: etl_covid_europa_pipeline.carregar scheduled__2023-11-18T00:00:00+00:00 [queued]>
[2024-10-02T18:58:07.048+0000] {taskinstance.py:2076} INFO - Dependencies all met for dep_context=requeueable deps ti=<TaskInstance: etl_covid_europa_pipeline.carregar scheduled__2023-11-18T00:00:00+00:00 [queued]>
[2024-10-02T18:58:07.049+0000] {taskinstance.py:2306} INFO - Starting attempt 1 of 1
[2024-10-02T18:58:07.060+0000] {taskinstance.py:2330} INFO - Executing <Task(PythonOperator): carregar> on 2023-11-18 00:00:00+00:00
[2024-10-02T18:58:07.065+0000] {warnings.py:112} WARNING - /home/***/.local/lib/python3.12/site-packages/***/task/task_runner/standard_task_runner.py:61: DeprecationWarning: This process (pid=5698) is multi-threaded, use of fork() may lead to deadlocks in the child.
  pid = os.fork()

[2024-10-02T18:58:07.066+0000] {standard_task_runner.py:63} INFO - Started process 5700 to run task
[2024-10-02T18:58:07.066+0000] {standard_task_runner.py:90} INFO - Running: ['***', 'tasks', 'run', 'etl_covid_europa_pipeline', 'carregar', 'scheduled__2023-11-18T00:00:00+00:00', '--job-id', '1113', '--raw', '--subdir', 'DAGS_FOLDER/etl_pipeline.py', '--cfg-path', '/tmp/tmpv6m6hwp8']
[2024-10-02T18:58:07.068+0000] {standard_task_runner.py:91} INFO - Job 1113: Subtask carregar
[2024-10-02T18:58:07.106+0000] {task_command.py:426} INFO - Running <TaskInstance: etl_covid_europa_pipeline.carregar scheduled__2023-11-18T00:00:00+00:00 [running]> on host 99de7dfc3871
[2024-10-02T18:58:07.182+0000] {taskinstance.py:2648} INFO - Exporting env vars: AIRFLOW_CTX_DAG_OWNER='***' AIRFLOW_CTX_DAG_ID='etl_covid_europa_pipeline' AIRFLOW_CTX_TASK_ID='carregar' AIRFLOW_CTX_EXECUTION_DATE='2023-11-18T00:00:00+00:00' AIRFLOW_CTX_TRY_NUMBER='1' AIRFLOW_CTX_DAG_RUN_ID='scheduled__2023-11-18T00:00:00+00:00'
[2024-10-02T18:58:07.183+0000] {taskinstance.py:430} INFO - ::endgroup::
[2024-10-02T18:58:07.234+0000] {python.py:237} INFO - Done. Returned value was: None
[2024-10-02T18:58:07.234+0000] {taskinstance.py:441} INFO - ::group::Post task execution logs
[2024-10-02T18:58:07.242+0000] {taskinstance.py:1206} INFO - Marking task as SUCCESS. dag_id=etl_covid_europa_pipeline, task_id=carregar, run_id=scheduled__2023-11-18T00:00:00+00:00, execution_date=20231118T000000, start_date=20241002T185806, end_date=20241002T185807
[2024-10-02T18:58:07.279+0000] {local_task_job_runner.py:240} INFO - Task exited with return code 0
[2024-10-02T18:58:07.294+0000] {taskinstance.py:3503} INFO - 0 downstream tasks scheduled from follow-on schedule check
[2024-10-02T18:58:07.296+0000] {local_task_job_runner.py:222} INFO - ::endgroup::
[2024-10-02T19:24:13.601+0000] {local_task_job_runner.py:120} INFO - ::group::Pre task execution logs
[2024-10-02T19:24:13.629+0000] {taskinstance.py:2076} INFO - Dependencies all met for dep_context=non-requeueable deps ti=<TaskInstance: etl_covid_europa_pipeline.carregar scheduled__2023-11-18T00:00:00+00:00 [queued]>
[2024-10-02T19:24:13.644+0000] {taskinstance.py:2076} INFO - Dependencies all met for dep_context=requeueable deps ti=<TaskInstance: etl_covid_europa_pipeline.carregar scheduled__2023-11-18T00:00:00+00:00 [queued]>
[2024-10-02T19:24:13.645+0000] {taskinstance.py:2306} INFO - Starting attempt 1 of 1
[2024-10-02T19:24:13.857+0000] {taskinstance.py:2330} INFO - Executing <Task(PythonOperator): carregar> on 2023-11-18 00:00:00+00:00
[2024-10-02T19:24:13.863+0000] {warnings.py:112} WARNING - /home/***/.local/lib/python3.12/site-packages/***/task/task_runner/standard_task_runner.py:61: DeprecationWarning: This process (pid=9039) is multi-threaded, use of fork() may lead to deadlocks in the child.
  pid = os.fork()

[2024-10-02T19:24:13.865+0000] {standard_task_runner.py:63} INFO - Started process 9049 to run task
[2024-10-02T19:24:13.865+0000] {standard_task_runner.py:90} INFO - Running: ['***', 'tasks', 'run', 'etl_covid_europa_pipeline', 'carregar', 'scheduled__2023-11-18T00:00:00+00:00', '--job-id', '2117', '--raw', '--subdir', 'DAGS_FOLDER/etl_pipeline.py', '--cfg-path', '/tmp/tmpk7yqpczn']
[2024-10-02T19:24:13.867+0000] {standard_task_runner.py:91} INFO - Job 2117: Subtask carregar
[2024-10-02T19:24:13.912+0000] {task_command.py:426} INFO - Running <TaskInstance: etl_covid_europa_pipeline.carregar scheduled__2023-11-18T00:00:00+00:00 [running]> on host 99de7dfc3871
[2024-10-02T19:24:13.990+0000] {taskinstance.py:2648} INFO - Exporting env vars: AIRFLOW_CTX_DAG_OWNER='***' AIRFLOW_CTX_DAG_ID='etl_covid_europa_pipeline' AIRFLOW_CTX_TASK_ID='carregar' AIRFLOW_CTX_EXECUTION_DATE='2023-11-18T00:00:00+00:00' AIRFLOW_CTX_TRY_NUMBER='1' AIRFLOW_CTX_DAG_RUN_ID='scheduled__2023-11-18T00:00:00+00:00'
[2024-10-02T19:24:13.992+0000] {taskinstance.py:430} INFO - ::endgroup::
[2024-10-02T19:24:14.069+0000] {python.py:237} INFO - Done. Returned value was: None
[2024-10-02T19:24:14.070+0000] {taskinstance.py:441} INFO - ::group::Post task execution logs
[2024-10-02T19:24:14.078+0000] {taskinstance.py:1206} INFO - Marking task as SUCCESS. dag_id=etl_covid_europa_pipeline, task_id=carregar, run_id=scheduled__2023-11-18T00:00:00+00:00, execution_date=20231118T000000, start_date=20241002T192413, end_date=20241002T192414
[2024-10-02T19:24:14.118+0000] {local_task_job_runner.py:240} INFO - Task exited with return code 0
[2024-10-02T19:24:14.128+0000] {local_task_job_runner.py:222} INFO - ::endgroup::
