[2024-10-02T18:55:27.762+0000] {local_task_job_runner.py:120} INFO - ::group::Pre task execution logs
[2024-10-02T18:55:27.810+0000] {taskinstance.py:2076} INFO - Dependencies all met for dep_context=non-requeueable deps ti=<TaskInstance: etl_covid_europa_pipeline.carregar scheduled__2024-08-27T00:00:00+00:00 [queued]>
[2024-10-02T18:55:28.234+0000] {taskinstance.py:2076} INFO - Dependencies all met for dep_context=requeueable deps ti=<TaskInstance: etl_covid_europa_pipeline.carregar scheduled__2024-08-27T00:00:00+00:00 [queued]>
[2024-10-02T18:55:28.235+0000] {taskinstance.py:2306} INFO - Starting attempt 1 of 1
[2024-10-02T18:55:28.308+0000] {taskinstance.py:2330} INFO - Executing <Task(PythonOperator): carregar> on 2024-08-27 00:00:00+00:00
[2024-10-02T18:55:28.321+0000] {standard_task_runner.py:90} INFO - Running: ['***', 'tasks', 'run', 'etl_covid_europa_pipeline', 'carregar', 'scheduled__2024-08-27T00:00:00+00:00', '--job-id', '887', '--raw', '--subdir', 'DAGS_FOLDER/etl_pipeline.py', '--cfg-path', '/tmp/tmp1ez15dyo']
[2024-10-02T18:55:28.325+0000] {standard_task_runner.py:91} INFO - Job 887: Subtask carregar
[2024-10-02T18:55:28.317+0000] {warnings.py:112} WARNING - /home/***/.local/lib/python3.12/site-packages/***/task/task_runner/standard_task_runner.py:61: DeprecationWarning: This process (pid=4982) is multi-threaded, use of fork() may lead to deadlocks in the child.
  pid = os.fork()

[2024-10-02T18:55:28.327+0000] {standard_task_runner.py:63} INFO - Started process 5008 to run task
[2024-10-02T18:55:28.440+0000] {task_command.py:426} INFO - Running <TaskInstance: etl_covid_europa_pipeline.carregar scheduled__2024-08-27T00:00:00+00:00 [running]> on host 99de7dfc3871
[2024-10-02T18:55:28.641+0000] {taskinstance.py:2648} INFO - Exporting env vars: AIRFLOW_CTX_DAG_OWNER='***' AIRFLOW_CTX_DAG_ID='etl_covid_europa_pipeline' AIRFLOW_CTX_TASK_ID='carregar' AIRFLOW_CTX_EXECUTION_DATE='2024-08-27T00:00:00+00:00' AIRFLOW_CTX_TRY_NUMBER='1' AIRFLOW_CTX_DAG_RUN_ID='scheduled__2024-08-27T00:00:00+00:00'
[2024-10-02T18:55:28.645+0000] {taskinstance.py:430} INFO - ::endgroup::
[2024-10-02T18:55:28.800+0000] {python.py:237} INFO - Done. Returned value was: None
[2024-10-02T18:55:28.803+0000] {taskinstance.py:441} INFO - ::group::Post task execution logs
[2024-10-02T18:55:28.819+0000] {taskinstance.py:1206} INFO - Marking task as SUCCESS. dag_id=etl_covid_europa_pipeline, task_id=carregar, run_id=scheduled__2024-08-27T00:00:00+00:00, execution_date=20240827T000000, start_date=20241002T185527, end_date=20241002T185528
[2024-10-02T18:55:28.867+0000] {local_task_job_runner.py:240} INFO - Task exited with return code 0
[2024-10-02T18:55:28.898+0000] {taskinstance.py:3503} INFO - 0 downstream tasks scheduled from follow-on schedule check
[2024-10-02T18:55:28.905+0000] {local_task_job_runner.py:222} INFO - ::endgroup::
[2024-10-02T19:04:17.147+0000] {local_task_job_runner.py:120} INFO - ::group::Pre task execution logs
[2024-10-02T19:04:17.317+0000] {taskinstance.py:2076} INFO - Dependencies all met for dep_context=non-requeueable deps ti=<TaskInstance: etl_covid_europa_pipeline.carregar scheduled__2024-08-27T00:00:00+00:00 [queued]>
[2024-10-02T19:04:17.324+0000] {taskinstance.py:2076} INFO - Dependencies all met for dep_context=requeueable deps ti=<TaskInstance: etl_covid_europa_pipeline.carregar scheduled__2024-08-27T00:00:00+00:00 [queued]>
[2024-10-02T19:04:17.324+0000] {taskinstance.py:2306} INFO - Starting attempt 1 of 1
[2024-10-02T19:04:17.336+0000] {taskinstance.py:2330} INFO - Executing <Task(PythonOperator): carregar> on 2024-08-27 00:00:00+00:00
[2024-10-02T19:04:17.341+0000] {warnings.py:112} WARNING - /home/***/.local/lib/python3.12/site-packages/***/task/task_runner/standard_task_runner.py:61: DeprecationWarning: This process (pid=8206) is multi-threaded, use of fork() may lead to deadlocks in the child.
  pid = os.fork()

[2024-10-02T19:04:17.343+0000] {standard_task_runner.py:63} INFO - Started process 8210 to run task
[2024-10-02T19:04:17.343+0000] {standard_task_runner.py:90} INFO - Running: ['***', 'tasks', 'run', 'etl_covid_europa_pipeline', 'carregar', 'scheduled__2024-08-27T00:00:00+00:00', '--job-id', '1923', '--raw', '--subdir', 'DAGS_FOLDER/etl_pipeline.py', '--cfg-path', '/tmp/tmp0pmbqpi6']
[2024-10-02T19:04:17.345+0000] {standard_task_runner.py:91} INFO - Job 1923: Subtask carregar
[2024-10-02T19:04:17.383+0000] {task_command.py:426} INFO - Running <TaskInstance: etl_covid_europa_pipeline.carregar scheduled__2024-08-27T00:00:00+00:00 [running]> on host 99de7dfc3871
[2024-10-02T19:04:17.457+0000] {taskinstance.py:2648} INFO - Exporting env vars: AIRFLOW_CTX_DAG_OWNER='***' AIRFLOW_CTX_DAG_ID='etl_covid_europa_pipeline' AIRFLOW_CTX_TASK_ID='carregar' AIRFLOW_CTX_EXECUTION_DATE='2024-08-27T00:00:00+00:00' AIRFLOW_CTX_TRY_NUMBER='1' AIRFLOW_CTX_DAG_RUN_ID='scheduled__2024-08-27T00:00:00+00:00'
[2024-10-02T19:04:17.458+0000] {taskinstance.py:430} INFO - ::endgroup::
[2024-10-02T19:04:17.506+0000] {python.py:237} INFO - Done. Returned value was: None
[2024-10-02T19:04:17.507+0000] {taskinstance.py:441} INFO - ::group::Post task execution logs
[2024-10-02T19:04:17.514+0000] {taskinstance.py:1206} INFO - Marking task as SUCCESS. dag_id=etl_covid_europa_pipeline, task_id=carregar, run_id=scheduled__2024-08-27T00:00:00+00:00, execution_date=20240827T000000, start_date=20241002T190417, end_date=20241002T190417
[2024-10-02T19:04:17.556+0000] {local_task_job_runner.py:240} INFO - Task exited with return code 0
[2024-10-02T19:04:17.569+0000] {taskinstance.py:3503} INFO - 0 downstream tasks scheduled from follow-on schedule check
[2024-10-02T19:04:17.571+0000] {local_task_job_runner.py:222} INFO - ::endgroup::
