[2024-10-02T18:54:57.610+0000] {local_task_job_runner.py:120} INFO - ::group::Pre task execution logs
[2024-10-02T18:54:57.644+0000] {taskinstance.py:2076} INFO - Dependencies all met for dep_context=non-requeueable deps ti=<TaskInstance: etl_covid_europa_pipeline.carregar scheduled__2024-08-10T00:00:00+00:00 [queued]>
[2024-10-02T18:54:57.844+0000] {taskinstance.py:2076} INFO - Dependencies all met for dep_context=requeueable deps ti=<TaskInstance: etl_covid_europa_pipeline.carregar scheduled__2024-08-10T00:00:00+00:00 [queued]>
[2024-10-02T18:54:57.844+0000] {taskinstance.py:2306} INFO - Starting attempt 1 of 1
[2024-10-02T18:54:57.856+0000] {taskinstance.py:2330} INFO - Executing <Task(PythonOperator): carregar> on 2024-08-10 00:00:00+00:00
[2024-10-02T18:54:57.861+0000] {warnings.py:112} WARNING - /home/***/.local/lib/python3.12/site-packages/***/task/task_runner/standard_task_runner.py:61: DeprecationWarning: This process (pid=4747) is multi-threaded, use of fork() may lead to deadlocks in the child.
  pid = os.fork()

[2024-10-02T18:54:57.863+0000] {standard_task_runner.py:63} INFO - Started process 4760 to run task
[2024-10-02T18:54:57.863+0000] {standard_task_runner.py:90} INFO - Running: ['***', 'tasks', 'run', 'etl_covid_europa_pipeline', 'carregar', 'scheduled__2024-08-10T00:00:00+00:00', '--job-id', '813', '--raw', '--subdir', 'DAGS_FOLDER/etl_pipeline.py', '--cfg-path', '/tmp/tmppu5peuca']
[2024-10-02T18:54:57.866+0000] {standard_task_runner.py:91} INFO - Job 813: Subtask carregar
[2024-10-02T18:54:57.905+0000] {task_command.py:426} INFO - Running <TaskInstance: etl_covid_europa_pipeline.carregar scheduled__2024-08-10T00:00:00+00:00 [running]> on host 99de7dfc3871
[2024-10-02T18:54:57.979+0000] {taskinstance.py:2648} INFO - Exporting env vars: AIRFLOW_CTX_DAG_OWNER='***' AIRFLOW_CTX_DAG_ID='etl_covid_europa_pipeline' AIRFLOW_CTX_TASK_ID='carregar' AIRFLOW_CTX_EXECUTION_DATE='2024-08-10T00:00:00+00:00' AIRFLOW_CTX_TRY_NUMBER='1' AIRFLOW_CTX_DAG_RUN_ID='scheduled__2024-08-10T00:00:00+00:00'
[2024-10-02T18:54:57.984+0000] {taskinstance.py:430} INFO - ::endgroup::
[2024-10-02T18:54:58.043+0000] {python.py:237} INFO - Done. Returned value was: None
[2024-10-02T18:54:58.044+0000] {taskinstance.py:441} INFO - ::group::Post task execution logs
[2024-10-02T18:54:58.053+0000] {taskinstance.py:1206} INFO - Marking task as SUCCESS. dag_id=etl_covid_europa_pipeline, task_id=carregar, run_id=scheduled__2024-08-10T00:00:00+00:00, execution_date=20240810T000000, start_date=20241002T185457, end_date=20241002T185458
[2024-10-02T18:54:58.117+0000] {local_task_job_runner.py:240} INFO - Task exited with return code 0
[2024-10-02T18:54:58.130+0000] {taskinstance.py:3503} INFO - 0 downstream tasks scheduled from follow-on schedule check
[2024-10-02T18:54:58.133+0000] {local_task_job_runner.py:222} INFO - ::endgroup::
[2024-10-02T19:03:53.101+0000] {local_task_job_runner.py:120} INFO - ::group::Pre task execution logs
[2024-10-02T19:03:53.135+0000] {taskinstance.py:2076} INFO - Dependencies all met for dep_context=non-requeueable deps ti=<TaskInstance: etl_covid_europa_pipeline.carregar scheduled__2024-08-10T00:00:00+00:00 [queued]>
[2024-10-02T19:03:53.491+0000] {taskinstance.py:2076} INFO - Dependencies all met for dep_context=requeueable deps ti=<TaskInstance: etl_covid_europa_pipeline.carregar scheduled__2024-08-10T00:00:00+00:00 [queued]>
[2024-10-02T19:03:53.494+0000] {taskinstance.py:2306} INFO - Starting attempt 1 of 1
[2024-10-02T19:03:53.521+0000] {taskinstance.py:2330} INFO - Executing <Task(PythonOperator): carregar> on 2024-08-10 00:00:00+00:00
[2024-10-02T19:03:53.530+0000] {warnings.py:112} WARNING - /home/***/.local/lib/python3.12/site-packages/***/task/task_runner/standard_task_runner.py:61: DeprecationWarning: This process (pid=8017) is multi-threaded, use of fork() may lead to deadlocks in the child.
  pid = os.fork()

[2024-10-02T19:03:53.532+0000] {standard_task_runner.py:63} INFO - Started process 8043 to run task
[2024-10-02T19:03:53.531+0000] {standard_task_runner.py:90} INFO - Running: ['***', 'tasks', 'run', 'etl_covid_europa_pipeline', 'carregar', 'scheduled__2024-08-10T00:00:00+00:00', '--job-id', '1865', '--raw', '--subdir', 'DAGS_FOLDER/etl_pipeline.py', '--cfg-path', '/tmp/tmpi091agjn']
[2024-10-02T19:03:53.534+0000] {standard_task_runner.py:91} INFO - Job 1865: Subtask carregar
[2024-10-02T19:03:53.608+0000] {task_command.py:426} INFO - Running <TaskInstance: etl_covid_europa_pipeline.carregar scheduled__2024-08-10T00:00:00+00:00 [running]> on host 99de7dfc3871
[2024-10-02T19:03:53.753+0000] {taskinstance.py:2648} INFO - Exporting env vars: AIRFLOW_CTX_DAG_OWNER='***' AIRFLOW_CTX_DAG_ID='etl_covid_europa_pipeline' AIRFLOW_CTX_TASK_ID='carregar' AIRFLOW_CTX_EXECUTION_DATE='2024-08-10T00:00:00+00:00' AIRFLOW_CTX_TRY_NUMBER='1' AIRFLOW_CTX_DAG_RUN_ID='scheduled__2024-08-10T00:00:00+00:00'
[2024-10-02T19:03:53.759+0000] {taskinstance.py:430} INFO - ::endgroup::
[2024-10-02T19:03:53.846+0000] {python.py:237} INFO - Done. Returned value was: None
[2024-10-02T19:03:53.847+0000] {taskinstance.py:441} INFO - ::group::Post task execution logs
[2024-10-02T19:03:53.860+0000] {taskinstance.py:1206} INFO - Marking task as SUCCESS. dag_id=etl_covid_europa_pipeline, task_id=carregar, run_id=scheduled__2024-08-10T00:00:00+00:00, execution_date=20240810T000000, start_date=20241002T190353, end_date=20241002T190353
[2024-10-02T19:03:53.926+0000] {local_task_job_runner.py:240} INFO - Task exited with return code 0
[2024-10-02T19:03:53.950+0000] {taskinstance.py:3503} INFO - 0 downstream tasks scheduled from follow-on schedule check
[2024-10-02T19:03:53.952+0000] {local_task_job_runner.py:222} INFO - ::endgroup::
