[2024-10-02T17:26:54.523+0000] {local_task_job_runner.py:120} INFO - ::group::Pre task execution logs
[2024-10-02T17:26:54.544+0000] {taskinstance.py:2076} INFO - Dependencies all met for dep_context=non-requeueable deps ti=<TaskInstance: etl_covid_europa_pipeline.extrair scheduled__2024-01-13T00:00:00+00:00 [queued]>
[2024-10-02T17:26:54.553+0000] {taskinstance.py:2076} INFO - Dependencies all met for dep_context=requeueable deps ti=<TaskInstance: etl_covid_europa_pipeline.extrair scheduled__2024-01-13T00:00:00+00:00 [queued]>
[2024-10-02T17:26:54.553+0000] {taskinstance.py:2306} INFO - Starting attempt 1 of 1
[2024-10-02T17:26:54.853+0000] {taskinstance.py:2330} INFO - Executing <Task(PythonOperator): extrair> on 2024-01-13 00:00:00+00:00
[2024-10-02T17:26:54.859+0000] {warnings.py:112} WARNING - /home/***/.local/lib/python3.12/site-packages/***/task/task_runner/standard_task_runner.py:61: DeprecationWarning: This process (pid=1768) is multi-threaded, use of fork() may lead to deadlocks in the child.
  pid = os.fork()

[2024-10-02T17:26:54.860+0000] {standard_task_runner.py:63} INFO - Started process 1784 to run task
[2024-10-02T17:26:54.860+0000] {standard_task_runner.py:90} INFO - Running: ['***', 'tasks', 'run', 'etl_covid_europa_pipeline', 'extrair', 'scheduled__2024-01-13T00:00:00+00:00', '--job-id', '200', '--raw', '--subdir', 'DAGS_FOLDER/etl_pipeline.py', '--cfg-path', '/tmp/tmp8jrd6mhm']
[2024-10-02T17:26:54.862+0000] {standard_task_runner.py:91} INFO - Job 200: Subtask extrair
[2024-10-02T17:26:54.908+0000] {task_command.py:426} INFO - Running <TaskInstance: etl_covid_europa_pipeline.extrair scheduled__2024-01-13T00:00:00+00:00 [running]> on host 99de7dfc3871
[2024-10-02T17:26:54.989+0000] {taskinstance.py:2648} INFO - Exporting env vars: AIRFLOW_CTX_DAG_OWNER='***' AIRFLOW_CTX_DAG_ID='etl_covid_europa_pipeline' AIRFLOW_CTX_TASK_ID='extrair' AIRFLOW_CTX_EXECUTION_DATE='2024-01-13T00:00:00+00:00' AIRFLOW_CTX_TRY_NUMBER='1' AIRFLOW_CTX_DAG_RUN_ID='scheduled__2024-01-13T00:00:00+00:00'
[2024-10-02T17:26:54.991+0000] {taskinstance.py:430} INFO - ::endgroup::
[2024-10-02T17:27:00.504+0000] {taskinstance.py:441} INFO - ::group::Post task execution logs
[2024-10-02T17:27:00.505+0000] {taskinstance.py:2905} ERROR - Task failed with exception
Traceback (most recent call last):
  File "/home/airflow/.local/lib/python3.12/site-packages/airflow/models/taskinstance.py", line 465, in _execute_task
    result = _execute_callable(context=context, **execute_callable_kwargs)
             ^^^^^^^^^^^^^^^^^^^^^^^^^^^^^^^^^^^^^^^^^^^^^^^^^^^^^^^^^^^^^
  File "/home/airflow/.local/lib/python3.12/site-packages/airflow/models/taskinstance.py", line 432, in _execute_callable
    return execute_callable(context=context, **execute_callable_kwargs)
           ^^^^^^^^^^^^^^^^^^^^^^^^^^^^^^^^^^^^^^^^^^^^^^^^^^^^^^^^^^^^
  File "/home/airflow/.local/lib/python3.12/site-packages/airflow/models/baseoperator.py", line 401, in wrapper
    return func(self, *args, **kwargs)
           ^^^^^^^^^^^^^^^^^^^^^^^^^^^
  File "/home/airflow/.local/lib/python3.12/site-packages/airflow/operators/python.py", line 235, in execute
    return_value = self.execute_callable()
                   ^^^^^^^^^^^^^^^^^^^^^^^
  File "/home/airflow/.local/lib/python3.12/site-packages/airflow/operators/python.py", line 252, in execute_callable
    return self.python_callable(*self.op_args, **self.op_kwargs)
           ^^^^^^^^^^^^^^^^^^^^^^^^^^^^^^^^^^^^^^^^^^^^^^^^^^^^^
  File "/opt/airflow/dags/etl_pipeline.py", line 10, in extrair
    df.to_csv('data/dados_covid_extraidos.csv', index=False)
  File "/home/airflow/.local/lib/python3.12/site-packages/pandas/core/generic.py", line 3902, in to_csv
    return DataFrameRenderer(formatter).to_csv(
           ^^^^^^^^^^^^^^^^^^^^^^^^^^^^^^^^^^^^
  File "/home/airflow/.local/lib/python3.12/site-packages/pandas/io/formats/format.py", line 1152, in to_csv
    csv_formatter.save()
  File "/home/airflow/.local/lib/python3.12/site-packages/pandas/io/formats/csvs.py", line 247, in save
    with get_handle(
         ^^^^^^^^^^^
  File "/home/airflow/.local/lib/python3.12/site-packages/pandas/io/common.py", line 863, in get_handle
    handle = open(
             ^^^^^
PermissionError: [Errno 13] Permission denied: 'data/dados_covid_extraidos.csv'
[2024-10-02T17:27:00.523+0000] {taskinstance.py:1206} INFO - Marking task as FAILED. dag_id=etl_covid_europa_pipeline, task_id=extrair, run_id=scheduled__2024-01-13T00:00:00+00:00, execution_date=20240113T000000, start_date=20241002T172654, end_date=20241002T172700
[2024-10-02T17:27:00.558+0000] {standard_task_runner.py:110} ERROR - Failed to execute job 200 for task extrair ([Errno 13] Permission denied: 'data/dados_covid_extraidos.csv'; 1784)
[2024-10-02T17:27:00.607+0000] {local_task_job_runner.py:240} INFO - Task exited with return code 1
[2024-10-02T17:27:00.626+0000] {taskinstance.py:3503} INFO - 0 downstream tasks scheduled from follow-on schedule check
[2024-10-02T17:27:00.630+0000] {local_task_job_runner.py:222} INFO - ::endgroup::
[2024-10-02T18:59:04.525+0000] {local_task_job_runner.py:120} INFO - ::group::Pre task execution logs
[2024-10-02T18:59:04.564+0000] {taskinstance.py:2076} INFO - Dependencies all met for dep_context=non-requeueable deps ti=<TaskInstance: etl_covid_europa_pipeline.extrair scheduled__2024-01-13T00:00:00+00:00 [queued]>
[2024-10-02T18:59:04.888+0000] {taskinstance.py:2076} INFO - Dependencies all met for dep_context=requeueable deps ti=<TaskInstance: etl_covid_europa_pipeline.extrair scheduled__2024-01-13T00:00:00+00:00 [queued]>
[2024-10-02T18:59:04.888+0000] {taskinstance.py:2306} INFO - Starting attempt 1 of 1
[2024-10-02T18:59:04.931+0000] {taskinstance.py:2330} INFO - Executing <Task(PythonOperator): extrair> on 2024-01-13 00:00:00+00:00
[2024-10-02T18:59:04.940+0000] {warnings.py:112} WARNING - /home/***/.local/lib/python3.12/site-packages/***/task/task_runner/standard_task_runner.py:61: DeprecationWarning: This process (pid=6132) is multi-threaded, use of fork() may lead to deadlocks in the child.
  pid = os.fork()

[2024-10-02T18:59:04.942+0000] {standard_task_runner.py:63} INFO - Started process 6150 to run task
[2024-10-02T18:59:04.941+0000] {standard_task_runner.py:90} INFO - Running: ['***', 'tasks', 'run', 'etl_covid_europa_pipeline', 'extrair', 'scheduled__2024-01-13T00:00:00+00:00', '--job-id', '1258', '--raw', '--subdir', 'DAGS_FOLDER/etl_pipeline.py', '--cfg-path', '/tmp/tmpf2_l3pd7']
[2024-10-02T18:59:04.945+0000] {standard_task_runner.py:91} INFO - Job 1258: Subtask extrair
[2024-10-02T18:59:05.022+0000] {task_command.py:426} INFO - Running <TaskInstance: etl_covid_europa_pipeline.extrair scheduled__2024-01-13T00:00:00+00:00 [running]> on host 99de7dfc3871
[2024-10-02T18:59:05.163+0000] {taskinstance.py:2648} INFO - Exporting env vars: AIRFLOW_CTX_DAG_OWNER='***' AIRFLOW_CTX_DAG_ID='etl_covid_europa_pipeline' AIRFLOW_CTX_TASK_ID='extrair' AIRFLOW_CTX_EXECUTION_DATE='2024-01-13T00:00:00+00:00' AIRFLOW_CTX_TRY_NUMBER='1' AIRFLOW_CTX_DAG_RUN_ID='scheduled__2024-01-13T00:00:00+00:00'
[2024-10-02T18:59:05.170+0000] {taskinstance.py:430} INFO - ::endgroup::
[2024-10-02T18:59:18.107+0000] {python.py:237} INFO - Done. Returned value was: None
[2024-10-02T18:59:18.108+0000] {taskinstance.py:441} INFO - ::group::Post task execution logs
[2024-10-02T18:59:18.117+0000] {taskinstance.py:1206} INFO - Marking task as SUCCESS. dag_id=etl_covid_europa_pipeline, task_id=extrair, run_id=scheduled__2024-01-13T00:00:00+00:00, execution_date=20240113T000000, start_date=20241002T185904, end_date=20241002T185918
[2024-10-02T18:59:18.146+0000] {local_task_job_runner.py:240} INFO - Task exited with return code 0
[2024-10-02T18:59:18.175+0000] {taskinstance.py:3503} INFO - 1 downstream tasks scheduled from follow-on schedule check
[2024-10-02T18:59:18.177+0000] {local_task_job_runner.py:222} INFO - ::endgroup::
[2024-10-02T19:25:22.039+0000] {local_task_job_runner.py:120} INFO - ::group::Pre task execution logs
[2024-10-02T19:25:22.061+0000] {taskinstance.py:2076} INFO - Dependencies all met for dep_context=non-requeueable deps ti=<TaskInstance: etl_covid_europa_pipeline.extrair scheduled__2024-01-13T00:00:00+00:00 [queued]>
[2024-10-02T19:25:22.232+0000] {taskinstance.py:2076} INFO - Dependencies all met for dep_context=requeueable deps ti=<TaskInstance: etl_covid_europa_pipeline.extrair scheduled__2024-01-13T00:00:00+00:00 [queued]>
[2024-10-02T19:25:22.233+0000] {taskinstance.py:2306} INFO - Starting attempt 1 of 1
[2024-10-02T19:25:22.247+0000] {taskinstance.py:2330} INFO - Executing <Task(PythonOperator): extrair> on 2024-01-13 00:00:00+00:00
[2024-10-02T19:25:22.252+0000] {warnings.py:112} WARNING - /home/***/.local/lib/python3.12/site-packages/***/task/task_runner/standard_task_runner.py:61: DeprecationWarning: This process (pid=9494) is multi-threaded, use of fork() may lead to deadlocks in the child.
  pid = os.fork()

[2024-10-02T19:25:22.254+0000] {standard_task_runner.py:63} INFO - Started process 9507 to run task
[2024-10-02T19:25:22.254+0000] {standard_task_runner.py:90} INFO - Running: ['***', 'tasks', 'run', 'etl_covid_europa_pipeline', 'extrair', 'scheduled__2024-01-13T00:00:00+00:00', '--job-id', '2263', '--raw', '--subdir', 'DAGS_FOLDER/etl_pipeline.py', '--cfg-path', '/tmp/tmp_uc8q3c0']
[2024-10-02T19:25:22.256+0000] {standard_task_runner.py:91} INFO - Job 2263: Subtask extrair
[2024-10-02T19:25:22.295+0000] {task_command.py:426} INFO - Running <TaskInstance: etl_covid_europa_pipeline.extrair scheduled__2024-01-13T00:00:00+00:00 [running]> on host 99de7dfc3871
[2024-10-02T19:25:22.379+0000] {taskinstance.py:2648} INFO - Exporting env vars: AIRFLOW_CTX_DAG_OWNER='***' AIRFLOW_CTX_DAG_ID='etl_covid_europa_pipeline' AIRFLOW_CTX_TASK_ID='extrair' AIRFLOW_CTX_EXECUTION_DATE='2024-01-13T00:00:00+00:00' AIRFLOW_CTX_TRY_NUMBER='1' AIRFLOW_CTX_DAG_RUN_ID='scheduled__2024-01-13T00:00:00+00:00'
[2024-10-02T19:25:22.382+0000] {taskinstance.py:430} INFO - ::endgroup::
[2024-10-02T19:25:28.156+0000] {python.py:237} INFO - Done. Returned value was: None
[2024-10-02T19:25:28.157+0000] {taskinstance.py:441} INFO - ::group::Post task execution logs
[2024-10-02T19:25:28.184+0000] {taskinstance.py:1206} INFO - Marking task as SUCCESS. dag_id=etl_covid_europa_pipeline, task_id=extrair, run_id=scheduled__2024-01-13T00:00:00+00:00, execution_date=20240113T000000, start_date=20241002T192522, end_date=20241002T192528
[2024-10-02T19:25:28.259+0000] {local_task_job_runner.py:240} INFO - Task exited with return code 0
[2024-10-02T19:25:28.305+0000] {taskinstance.py:3503} INFO - 1 downstream tasks scheduled from follow-on schedule check
[2024-10-02T19:25:28.310+0000] {local_task_job_runner.py:222} INFO - ::endgroup::
