[2024-10-02T18:54:46.275+0000] {local_task_job_runner.py:120} INFO - ::group::Pre task execution logs
[2024-10-02T18:54:46.298+0000] {taskinstance.py:2076} INFO - Dependencies all met for dep_context=non-requeueable deps ti=<TaskInstance: etl_covid_europa_pipeline.carregar scheduled__2024-07-26T00:00:00+00:00 [queued]>
[2024-10-02T18:54:46.491+0000] {taskinstance.py:2076} INFO - Dependencies all met for dep_context=requeueable deps ti=<TaskInstance: etl_covid_europa_pipeline.carregar scheduled__2024-07-26T00:00:00+00:00 [queued]>
[2024-10-02T18:54:46.491+0000] {taskinstance.py:2306} INFO - Starting attempt 1 of 1
[2024-10-02T18:54:46.505+0000] {taskinstance.py:2330} INFO - Executing <Task(PythonOperator): carregar> on 2024-07-26 00:00:00+00:00
[2024-10-02T18:54:46.512+0000] {warnings.py:112} WARNING - /home/***/.local/lib/python3.12/site-packages/***/task/task_runner/standard_task_runner.py:61: DeprecationWarning: This process (pid=4640) is multi-threaded, use of fork() may lead to deadlocks in the child.
  pid = os.fork()

[2024-10-02T18:54:46.513+0000] {standard_task_runner.py:63} INFO - Started process 4665 to run task
[2024-10-02T18:54:46.513+0000] {standard_task_runner.py:90} INFO - Running: ['***', 'tasks', 'run', 'etl_covid_europa_pipeline', 'carregar', 'scheduled__2024-07-26T00:00:00+00:00', '--job-id', '779', '--raw', '--subdir', 'DAGS_FOLDER/etl_pipeline.py', '--cfg-path', '/tmp/tmpeew4s8bs']
[2024-10-02T18:54:46.515+0000] {standard_task_runner.py:91} INFO - Job 779: Subtask carregar
[2024-10-02T18:54:46.555+0000] {task_command.py:426} INFO - Running <TaskInstance: etl_covid_europa_pipeline.carregar scheduled__2024-07-26T00:00:00+00:00 [running]> on host 99de7dfc3871
[2024-10-02T18:54:46.644+0000] {taskinstance.py:2648} INFO - Exporting env vars: AIRFLOW_CTX_DAG_OWNER='***' AIRFLOW_CTX_DAG_ID='etl_covid_europa_pipeline' AIRFLOW_CTX_TASK_ID='carregar' AIRFLOW_CTX_EXECUTION_DATE='2024-07-26T00:00:00+00:00' AIRFLOW_CTX_TRY_NUMBER='1' AIRFLOW_CTX_DAG_RUN_ID='scheduled__2024-07-26T00:00:00+00:00'
[2024-10-02T18:54:46.648+0000] {taskinstance.py:430} INFO - ::endgroup::
[2024-10-02T18:54:46.712+0000] {python.py:237} INFO - Done. Returned value was: None
[2024-10-02T18:54:46.712+0000] {taskinstance.py:441} INFO - ::group::Post task execution logs
[2024-10-02T18:54:46.722+0000] {taskinstance.py:1206} INFO - Marking task as SUCCESS. dag_id=etl_covid_europa_pipeline, task_id=carregar, run_id=scheduled__2024-07-26T00:00:00+00:00, execution_date=20240726T000000, start_date=20241002T185446, end_date=20241002T185446
[2024-10-02T18:54:46.847+0000] {local_task_job_runner.py:240} INFO - Task exited with return code 0
[2024-10-02T18:54:46.862+0000] {taskinstance.py:3503} INFO - 0 downstream tasks scheduled from follow-on schedule check
[2024-10-02T18:54:46.865+0000] {local_task_job_runner.py:222} INFO - ::endgroup::
[2024-10-02T19:03:38.565+0000] {local_task_job_runner.py:120} INFO - ::group::Pre task execution logs
[2024-10-02T19:03:38.585+0000] {taskinstance.py:2076} INFO - Dependencies all met for dep_context=non-requeueable deps ti=<TaskInstance: etl_covid_europa_pipeline.carregar scheduled__2024-07-26T00:00:00+00:00 [queued]>
[2024-10-02T19:03:38.594+0000] {taskinstance.py:2076} INFO - Dependencies all met for dep_context=requeueable deps ti=<TaskInstance: etl_covid_europa_pipeline.carregar scheduled__2024-07-26T00:00:00+00:00 [queued]>
[2024-10-02T19:03:38.595+0000] {taskinstance.py:2306} INFO - Starting attempt 1 of 1
[2024-10-02T19:03:38.805+0000] {taskinstance.py:2330} INFO - Executing <Task(PythonOperator): carregar> on 2024-07-26 00:00:00+00:00
[2024-10-02T19:03:38.812+0000] {warnings.py:112} WARNING - /home/***/.local/lib/python3.12/site-packages/***/task/task_runner/standard_task_runner.py:61: DeprecationWarning: This process (pid=7909) is multi-threaded, use of fork() may lead to deadlocks in the child.
  pid = os.fork()

[2024-10-02T19:03:38.814+0000] {standard_task_runner.py:63} INFO - Started process 7921 to run task
[2024-10-02T19:03:38.814+0000] {standard_task_runner.py:90} INFO - Running: ['***', 'tasks', 'run', 'etl_covid_europa_pipeline', 'carregar', 'scheduled__2024-07-26T00:00:00+00:00', '--job-id', '1827', '--raw', '--subdir', 'DAGS_FOLDER/etl_pipeline.py', '--cfg-path', '/tmp/tmpaxozyugb']
[2024-10-02T19:03:38.816+0000] {standard_task_runner.py:91} INFO - Job 1827: Subtask carregar
[2024-10-02T19:03:38.856+0000] {task_command.py:426} INFO - Running <TaskInstance: etl_covid_europa_pipeline.carregar scheduled__2024-07-26T00:00:00+00:00 [running]> on host 99de7dfc3871
[2024-10-02T19:03:38.937+0000] {taskinstance.py:2648} INFO - Exporting env vars: AIRFLOW_CTX_DAG_OWNER='***' AIRFLOW_CTX_DAG_ID='etl_covid_europa_pipeline' AIRFLOW_CTX_TASK_ID='carregar' AIRFLOW_CTX_EXECUTION_DATE='2024-07-26T00:00:00+00:00' AIRFLOW_CTX_TRY_NUMBER='1' AIRFLOW_CTX_DAG_RUN_ID='scheduled__2024-07-26T00:00:00+00:00'
[2024-10-02T19:03:38.938+0000] {taskinstance.py:430} INFO - ::endgroup::
[2024-10-02T19:03:39.013+0000] {python.py:237} INFO - Done. Returned value was: None
[2024-10-02T19:03:39.014+0000] {taskinstance.py:441} INFO - ::group::Post task execution logs
[2024-10-02T19:03:39.022+0000] {taskinstance.py:1206} INFO - Marking task as SUCCESS. dag_id=etl_covid_europa_pipeline, task_id=carregar, run_id=scheduled__2024-07-26T00:00:00+00:00, execution_date=20240726T000000, start_date=20241002T190338, end_date=20241002T190339
[2024-10-02T19:03:39.068+0000] {local_task_job_runner.py:240} INFO - Task exited with return code 0
[2024-10-02T19:03:39.086+0000] {taskinstance.py:3503} INFO - 0 downstream tasks scheduled from follow-on schedule check
[2024-10-02T19:03:39.088+0000] {local_task_job_runner.py:222} INFO - ::endgroup::
