[2024-10-02T18:56:02.506+0000] {local_task_job_runner.py:120} INFO - ::group::Pre task execution logs
[2024-10-02T18:56:02.530+0000] {taskinstance.py:2076} INFO - Dependencies all met for dep_context=non-requeueable deps ti=<TaskInstance: etl_covid_europa_pipeline.carregar scheduled__2024-09-29T00:00:00+00:00 [queued]>
[2024-10-02T18:56:02.705+0000] {taskinstance.py:2076} INFO - Dependencies all met for dep_context=requeueable deps ti=<TaskInstance: etl_covid_europa_pipeline.carregar scheduled__2024-09-29T00:00:00+00:00 [queued]>
[2024-10-02T18:56:02.705+0000] {taskinstance.py:2306} INFO - Starting attempt 1 of 1
[2024-10-02T18:56:02.716+0000] {taskinstance.py:2330} INFO - Executing <Task(PythonOperator): carregar> on 2024-09-29 00:00:00+00:00
[2024-10-02T18:56:02.723+0000] {warnings.py:112} WARNING - /home/***/.local/lib/python3.12/site-packages/***/task/task_runner/standard_task_runner.py:61: DeprecationWarning: This process (pid=5224) is multi-threaded, use of fork() may lead to deadlocks in the child.
  pid = os.fork()

[2024-10-02T18:56:02.724+0000] {standard_task_runner.py:63} INFO - Started process 5233 to run task
[2024-10-02T18:56:02.724+0000] {standard_task_runner.py:90} INFO - Running: ['***', 'tasks', 'run', 'etl_covid_europa_pipeline', 'carregar', 'scheduled__2024-09-29T00:00:00+00:00', '--job-id', '966', '--raw', '--subdir', 'DAGS_FOLDER/etl_pipeline.py', '--cfg-path', '/tmp/tmpchuvtvjt']
[2024-10-02T18:56:02.726+0000] {standard_task_runner.py:91} INFO - Job 966: Subtask carregar
[2024-10-02T18:56:02.763+0000] {task_command.py:426} INFO - Running <TaskInstance: etl_covid_europa_pipeline.carregar scheduled__2024-09-29T00:00:00+00:00 [running]> on host 99de7dfc3871
[2024-10-02T18:56:02.836+0000] {taskinstance.py:2648} INFO - Exporting env vars: AIRFLOW_CTX_DAG_OWNER='***' AIRFLOW_CTX_DAG_ID='etl_covid_europa_pipeline' AIRFLOW_CTX_TASK_ID='carregar' AIRFLOW_CTX_EXECUTION_DATE='2024-09-29T00:00:00+00:00' AIRFLOW_CTX_TRY_NUMBER='1' AIRFLOW_CTX_DAG_RUN_ID='scheduled__2024-09-29T00:00:00+00:00'
[2024-10-02T18:56:02.839+0000] {taskinstance.py:430} INFO - ::endgroup::
[2024-10-02T18:56:02.886+0000] {python.py:237} INFO - Done. Returned value was: None
[2024-10-02T18:56:02.887+0000] {taskinstance.py:441} INFO - ::group::Post task execution logs
[2024-10-02T18:56:02.894+0000] {taskinstance.py:1206} INFO - Marking task as SUCCESS. dag_id=etl_covid_europa_pipeline, task_id=carregar, run_id=scheduled__2024-09-29T00:00:00+00:00, execution_date=20240929T000000, start_date=20241002T185602, end_date=20241002T185602
[2024-10-02T18:56:02.937+0000] {local_task_job_runner.py:240} INFO - Task exited with return code 0
[2024-10-02T18:56:02.950+0000] {taskinstance.py:3503} INFO - 0 downstream tasks scheduled from follow-on schedule check
[2024-10-02T18:56:02.952+0000] {local_task_job_runner.py:222} INFO - ::endgroup::
[2024-10-02T19:04:58.720+0000] {local_task_job_runner.py:120} INFO - ::group::Pre task execution logs
[2024-10-02T19:04:58.937+0000] {taskinstance.py:2076} INFO - Dependencies all met for dep_context=non-requeueable deps ti=<TaskInstance: etl_covid_europa_pipeline.carregar scheduled__2024-09-29T00:00:00+00:00 [queued]>
[2024-10-02T19:04:58.944+0000] {taskinstance.py:2076} INFO - Dependencies all met for dep_context=requeueable deps ti=<TaskInstance: etl_covid_europa_pipeline.carregar scheduled__2024-09-29T00:00:00+00:00 [queued]>
[2024-10-02T19:04:58.944+0000] {taskinstance.py:2306} INFO - Starting attempt 1 of 1
[2024-10-02T19:04:58.956+0000] {taskinstance.py:2330} INFO - Executing <Task(PythonOperator): carregar> on 2024-09-29 00:00:00+00:00
[2024-10-02T19:04:58.961+0000] {warnings.py:112} WARNING - /home/***/.local/lib/python3.12/site-packages/***/task/task_runner/standard_task_runner.py:61: DeprecationWarning: This process (pid=8465) is multi-threaded, use of fork() may lead to deadlocks in the child.
  pid = os.fork()

[2024-10-02T19:04:58.963+0000] {standard_task_runner.py:63} INFO - Started process 8467 to run task
[2024-10-02T19:04:58.963+0000] {standard_task_runner.py:90} INFO - Running: ['***', 'tasks', 'run', 'etl_covid_europa_pipeline', 'carregar', 'scheduled__2024-09-29T00:00:00+00:00', '--job-id', '2007', '--raw', '--subdir', 'DAGS_FOLDER/etl_pipeline.py', '--cfg-path', '/tmp/tmpv0lx_tew']
[2024-10-02T19:04:58.965+0000] {standard_task_runner.py:91} INFO - Job 2007: Subtask carregar
[2024-10-02T19:04:59.002+0000] {task_command.py:426} INFO - Running <TaskInstance: etl_covid_europa_pipeline.carregar scheduled__2024-09-29T00:00:00+00:00 [running]> on host 99de7dfc3871
[2024-10-02T19:04:59.073+0000] {taskinstance.py:2648} INFO - Exporting env vars: AIRFLOW_CTX_DAG_OWNER='***' AIRFLOW_CTX_DAG_ID='etl_covid_europa_pipeline' AIRFLOW_CTX_TASK_ID='carregar' AIRFLOW_CTX_EXECUTION_DATE='2024-09-29T00:00:00+00:00' AIRFLOW_CTX_TRY_NUMBER='1' AIRFLOW_CTX_DAG_RUN_ID='scheduled__2024-09-29T00:00:00+00:00'
[2024-10-02T19:04:59.074+0000] {taskinstance.py:430} INFO - ::endgroup::
[2024-10-02T19:04:59.123+0000] {python.py:237} INFO - Done. Returned value was: None
[2024-10-02T19:04:59.124+0000] {taskinstance.py:441} INFO - ::group::Post task execution logs
[2024-10-02T19:04:59.131+0000] {taskinstance.py:1206} INFO - Marking task as SUCCESS. dag_id=etl_covid_europa_pipeline, task_id=carregar, run_id=scheduled__2024-09-29T00:00:00+00:00, execution_date=20240929T000000, start_date=20241002T190458, end_date=20241002T190459
[2024-10-02T19:04:59.177+0000] {local_task_job_runner.py:240} INFO - Task exited with return code 0
[2024-10-02T19:04:59.190+0000] {taskinstance.py:3503} INFO - 0 downstream tasks scheduled from follow-on schedule check
[2024-10-02T19:04:59.192+0000] {local_task_job_runner.py:222} INFO - ::endgroup::
