[2024-10-02T19:00:32.788+0000] {local_task_job_runner.py:120} INFO - ::group::Pre task execution logs
[2024-10-02T19:00:32.821+0000] {taskinstance.py:2076} INFO - Dependencies all met for dep_context=non-requeueable deps ti=<TaskInstance: etl_covid_europa_pipeline.carregar scheduled__2024-02-27T00:00:00+00:00 [queued]>
[2024-10-02T19:00:33.041+0000] {taskinstance.py:2076} INFO - Dependencies all met for dep_context=requeueable deps ti=<TaskInstance: etl_covid_europa_pipeline.carregar scheduled__2024-02-27T00:00:00+00:00 [queued]>
[2024-10-02T19:00:33.041+0000] {taskinstance.py:2306} INFO - Starting attempt 1 of 1
[2024-10-02T19:00:33.054+0000] {taskinstance.py:2330} INFO - Executing <Task(PythonOperator): carregar> on 2024-02-27 00:00:00+00:00
[2024-10-02T19:00:33.060+0000] {warnings.py:112} WARNING - /home/***/.local/lib/python3.12/site-packages/***/task/task_runner/standard_task_runner.py:61: DeprecationWarning: This process (pid=6642) is multi-threaded, use of fork() may lead to deadlocks in the child.
  pid = os.fork()

[2024-10-02T19:00:33.061+0000] {standard_task_runner.py:63} INFO - Started process 6655 to run task
[2024-10-02T19:00:33.061+0000] {standard_task_runner.py:90} INFO - Running: ['***', 'tasks', 'run', 'etl_covid_europa_pipeline', 'carregar', 'scheduled__2024-02-27T00:00:00+00:00', '--job-id', '1421', '--raw', '--subdir', 'DAGS_FOLDER/etl_pipeline.py', '--cfg-path', '/tmp/tmpilrdxaax']
[2024-10-02T19:00:33.063+0000] {standard_task_runner.py:91} INFO - Job 1421: Subtask carregar
[2024-10-02T19:00:33.104+0000] {task_command.py:426} INFO - Running <TaskInstance: etl_covid_europa_pipeline.carregar scheduled__2024-02-27T00:00:00+00:00 [running]> on host 99de7dfc3871
[2024-10-02T19:00:33.180+0000] {taskinstance.py:2648} INFO - Exporting env vars: AIRFLOW_CTX_DAG_OWNER='***' AIRFLOW_CTX_DAG_ID='etl_covid_europa_pipeline' AIRFLOW_CTX_TASK_ID='carregar' AIRFLOW_CTX_EXECUTION_DATE='2024-02-27T00:00:00+00:00' AIRFLOW_CTX_TRY_NUMBER='1' AIRFLOW_CTX_DAG_RUN_ID='scheduled__2024-02-27T00:00:00+00:00'
[2024-10-02T19:00:33.183+0000] {taskinstance.py:430} INFO - ::endgroup::
[2024-10-02T19:00:33.239+0000] {python.py:237} INFO - Done. Returned value was: None
[2024-10-02T19:00:33.240+0000] {taskinstance.py:441} INFO - ::group::Post task execution logs
[2024-10-02T19:00:33.247+0000] {taskinstance.py:1206} INFO - Marking task as SUCCESS. dag_id=etl_covid_europa_pipeline, task_id=carregar, run_id=scheduled__2024-02-27T00:00:00+00:00, execution_date=20240227T000000, start_date=20241002T190032, end_date=20241002T190033
[2024-10-02T19:00:33.274+0000] {local_task_job_runner.py:240} INFO - Task exited with return code 0
[2024-10-02T19:00:33.289+0000] {taskinstance.py:3503} INFO - 0 downstream tasks scheduled from follow-on schedule check
[2024-10-02T19:00:33.291+0000] {local_task_job_runner.py:222} INFO - ::endgroup::
[2024-10-02T19:26:34.140+0000] {local_task_job_runner.py:120} INFO - ::group::Pre task execution logs
[2024-10-02T19:26:34.167+0000] {taskinstance.py:2076} INFO - Dependencies all met for dep_context=non-requeueable deps ti=<TaskInstance: etl_covid_europa_pipeline.carregar scheduled__2024-02-27T00:00:00+00:00 [queued]>
[2024-10-02T19:26:34.183+0000] {taskinstance.py:2076} INFO - Dependencies all met for dep_context=requeueable deps ti=<TaskInstance: etl_covid_europa_pipeline.carregar scheduled__2024-02-27T00:00:00+00:00 [queued]>
[2024-10-02T19:26:34.186+0000] {taskinstance.py:2306} INFO - Starting attempt 1 of 1
[2024-10-02T19:26:34.210+0000] {taskinstance.py:2330} INFO - Executing <Task(PythonOperator): carregar> on 2024-02-27 00:00:00+00:00
[2024-10-02T19:26:34.220+0000] {warnings.py:112} WARNING - /home/***/.local/lib/python3.12/site-packages/***/task/task_runner/standard_task_runner.py:61: DeprecationWarning: This process (pid=10023) is multi-threaded, use of fork() may lead to deadlocks in the child.
  pid = os.fork()

[2024-10-02T19:26:34.223+0000] {standard_task_runner.py:63} INFO - Started process 10038 to run task
[2024-10-02T19:26:34.223+0000] {standard_task_runner.py:90} INFO - Running: ['***', 'tasks', 'run', 'etl_covid_europa_pipeline', 'carregar', 'scheduled__2024-02-27T00:00:00+00:00', '--job-id', '2439', '--raw', '--subdir', 'DAGS_FOLDER/etl_pipeline_agrupar_continente.py', '--cfg-path', '/tmp/tmphtny1fn6']
[2024-10-02T19:26:34.226+0000] {standard_task_runner.py:91} INFO - Job 2439: Subtask carregar
[2024-10-02T19:26:34.532+0000] {task_command.py:426} INFO - Running <TaskInstance: etl_covid_europa_pipeline.carregar scheduled__2024-02-27T00:00:00+00:00 [running]> on host 99de7dfc3871
[2024-10-02T19:26:34.620+0000] {taskinstance.py:2648} INFO - Exporting env vars: AIRFLOW_CTX_DAG_OWNER='***' AIRFLOW_CTX_DAG_ID='etl_covid_europa_pipeline' AIRFLOW_CTX_TASK_ID='carregar' AIRFLOW_CTX_EXECUTION_DATE='2024-02-27T00:00:00+00:00' AIRFLOW_CTX_TRY_NUMBER='1' AIRFLOW_CTX_DAG_RUN_ID='scheduled__2024-02-27T00:00:00+00:00'
[2024-10-02T19:26:34.622+0000] {taskinstance.py:430} INFO - ::endgroup::
[2024-10-02T19:26:34.724+0000] {python.py:237} INFO - Done. Returned value was: None
[2024-10-02T19:26:34.725+0000] {taskinstance.py:441} INFO - ::group::Post task execution logs
[2024-10-02T19:26:34.733+0000] {taskinstance.py:1206} INFO - Marking task as SUCCESS. dag_id=etl_covid_europa_pipeline, task_id=carregar, run_id=scheduled__2024-02-27T00:00:00+00:00, execution_date=20240227T000000, start_date=20241002T192634, end_date=20241002T192634
[2024-10-02T19:26:34.799+0000] {local_task_job_runner.py:240} INFO - Task exited with return code 0
[2024-10-02T19:26:34.974+0000] {taskinstance.py:3503} INFO - 0 downstream tasks scheduled from follow-on schedule check
[2024-10-02T19:26:34.977+0000] {local_task_job_runner.py:222} INFO - ::endgroup::
