[2024-10-02T17:31:42.782+0000] {local_task_job_runner.py:120} INFO - ::group::Pre task execution logs
[2024-10-02T17:31:42.822+0000] {taskinstance.py:2076} INFO - Dependencies all met for dep_context=non-requeueable deps ti=<TaskInstance: etl_covid_europa_pipeline.transformar scheduled__2024-09-10T00:00:00+00:00 [queued]>
[2024-10-02T17:31:42.833+0000] {taskinstance.py:2076} INFO - Dependencies all met for dep_context=requeueable deps ti=<TaskInstance: etl_covid_europa_pipeline.transformar scheduled__2024-09-10T00:00:00+00:00 [queued]>
[2024-10-02T17:31:42.834+0000] {taskinstance.py:2306} INFO - Starting attempt 1 of 1
[2024-10-02T17:31:43.151+0000] {taskinstance.py:2330} INFO - Executing <Task(PythonOperator): transformar> on 2024-09-10 00:00:00+00:00
[2024-10-02T17:31:43.160+0000] {warnings.py:112} WARNING - /home/***/.local/lib/python3.12/site-packages/***/task/task_runner/standard_task_runner.py:61: DeprecationWarning: This process (pid=3101) is multi-threaded, use of fork() may lead to deadlocks in the child.
  pid = os.fork()

[2024-10-02T17:31:43.161+0000] {standard_task_runner.py:63} INFO - Started process 3126 to run task
[2024-10-02T17:31:43.162+0000] {standard_task_runner.py:90} INFO - Running: ['***', 'tasks', 'run', 'etl_covid_europa_pipeline', 'transformar', 'scheduled__2024-09-10T00:00:00+00:00', '--job-id', '626', '--raw', '--subdir', 'DAGS_FOLDER/etl_pipeline.py', '--cfg-path', '/tmp/tmpn4vh1aft']
[2024-10-02T17:31:43.164+0000] {standard_task_runner.py:91} INFO - Job 626: Subtask transformar
[2024-10-02T17:31:43.224+0000] {task_command.py:426} INFO - Running <TaskInstance: etl_covid_europa_pipeline.transformar scheduled__2024-09-10T00:00:00+00:00 [running]> on host 99de7dfc3871
[2024-10-02T17:31:43.334+0000] {taskinstance.py:2648} INFO - Exporting env vars: AIRFLOW_CTX_DAG_OWNER='***' AIRFLOW_CTX_DAG_ID='etl_covid_europa_pipeline' AIRFLOW_CTX_TASK_ID='transformar' AIRFLOW_CTX_EXECUTION_DATE='2024-09-10T00:00:00+00:00' AIRFLOW_CTX_TRY_NUMBER='1' AIRFLOW_CTX_DAG_RUN_ID='scheduled__2024-09-10T00:00:00+00:00'
[2024-10-02T17:31:43.336+0000] {taskinstance.py:430} INFO - ::endgroup::
[2024-10-02T17:31:43.381+0000] {taskinstance.py:441} INFO - ::group::Post task execution logs
[2024-10-02T17:31:43.382+0000] {taskinstance.py:2905} ERROR - Task failed with exception
Traceback (most recent call last):
  File "/home/airflow/.local/lib/python3.12/site-packages/airflow/models/taskinstance.py", line 465, in _execute_task
    result = _execute_callable(context=context, **execute_callable_kwargs)
             ^^^^^^^^^^^^^^^^^^^^^^^^^^^^^^^^^^^^^^^^^^^^^^^^^^^^^^^^^^^^^
  File "/home/airflow/.local/lib/python3.12/site-packages/airflow/models/taskinstance.py", line 432, in _execute_callable
    return execute_callable(context=context, **execute_callable_kwargs)
           ^^^^^^^^^^^^^^^^^^^^^^^^^^^^^^^^^^^^^^^^^^^^^^^^^^^^^^^^^^^^
  File "/home/airflow/.local/lib/python3.12/site-packages/airflow/models/baseoperator.py", line 401, in wrapper
    return func(self, *args, **kwargs)
           ^^^^^^^^^^^^^^^^^^^^^^^^^^^
  File "/home/airflow/.local/lib/python3.12/site-packages/airflow/operators/python.py", line 235, in execute
    return_value = self.execute_callable()
                   ^^^^^^^^^^^^^^^^^^^^^^^
  File "/home/airflow/.local/lib/python3.12/site-packages/airflow/operators/python.py", line 252, in execute_callable
    return self.python_callable(*self.op_args, **self.op_kwargs)
           ^^^^^^^^^^^^^^^^^^^^^^^^^^^^^^^^^^^^^^^^^^^^^^^^^^^^^
  File "/opt/airflow/dags/etl_pipeline.py", line 13, in transformar
    df = pd.read_csv('data/dados_covid_extraidos.csv')
         ^^^^^^^^^^^^^^^^^^^^^^^^^^^^^^^^^^^^^^^^^^^^^
  File "/home/airflow/.local/lib/python3.12/site-packages/pandas/io/parsers/readers.py", line 948, in read_csv
    return _read(filepath_or_buffer, kwds)
           ^^^^^^^^^^^^^^^^^^^^^^^^^^^^^^^
  File "/home/airflow/.local/lib/python3.12/site-packages/pandas/io/parsers/readers.py", line 617, in _read
    return parser.read(nrows)
           ^^^^^^^^^^^^^^^^^^
  File "/home/airflow/.local/lib/python3.12/site-packages/pandas/io/parsers/readers.py", line 1748, in read
    ) = self._engine.read(  # type: ignore[attr-defined]
        ^^^^^^^^^^^^^^^^^^^^^^^^^^^^^^^^^^^^^^^^^^^^^^^^
  File "/home/airflow/.local/lib/python3.12/site-packages/pandas/io/parsers/c_parser_wrapper.py", line 234, in read
    chunks = self._reader.read_low_memory(nrows)
             ^^^^^^^^^^^^^^^^^^^^^^^^^^^^^^^^^^^
  File "parsers.pyx", line 843, in pandas._libs.parsers.TextReader.read_low_memory
  File "parsers.pyx", line 904, in pandas._libs.parsers.TextReader._read_rows
  File "parsers.pyx", line 879, in pandas._libs.parsers.TextReader._tokenize_rows
  File "parsers.pyx", line 890, in pandas._libs.parsers.TextReader._check_tokenize_status
  File "parsers.pyx", line 2058, in pandas._libs.parsers.raise_parser_error
pandas.errors.ParserError: Error tokenizing data. C error: Expected 1 fields in line 7201, saw 2

[2024-10-02T17:31:43.400+0000] {taskinstance.py:1206} INFO - Marking task as FAILED. dag_id=etl_covid_europa_pipeline, task_id=transformar, run_id=scheduled__2024-09-10T00:00:00+00:00, execution_date=20240910T000000, start_date=20241002T173142, end_date=20241002T173143
[2024-10-02T17:31:43.417+0000] {standard_task_runner.py:110} ERROR - Failed to execute job 626 for task transformar (Error tokenizing data. C error: Expected 1 fields in line 7201, saw 2
; 3126)
[2024-10-02T17:31:43.462+0000] {local_task_job_runner.py:240} INFO - Task exited with return code 1
[2024-10-02T17:31:43.498+0000] {taskinstance.py:3503} INFO - 0 downstream tasks scheduled from follow-on schedule check
[2024-10-02T17:31:43.508+0000] {local_task_job_runner.py:222} INFO - ::endgroup::
[2024-10-02T18:55:29.132+0000] {local_task_job_runner.py:120} INFO - ::group::Pre task execution logs
[2024-10-02T18:55:29.153+0000] {taskinstance.py:2076} INFO - Dependencies all met for dep_context=non-requeueable deps ti=<TaskInstance: etl_covid_europa_pipeline.transformar scheduled__2024-09-10T00:00:00+00:00 [queued]>
[2024-10-02T18:55:29.316+0000] {taskinstance.py:2076} INFO - Dependencies all met for dep_context=requeueable deps ti=<TaskInstance: etl_covid_europa_pipeline.transformar scheduled__2024-09-10T00:00:00+00:00 [queued]>
[2024-10-02T18:55:29.316+0000] {taskinstance.py:2306} INFO - Starting attempt 1 of 1
[2024-10-02T18:55:29.331+0000] {taskinstance.py:2330} INFO - Executing <Task(PythonOperator): transformar> on 2024-09-10 00:00:00+00:00
[2024-10-02T18:55:29.337+0000] {warnings.py:112} WARNING - /home/***/.local/lib/python3.12/site-packages/***/task/task_runner/standard_task_runner.py:61: DeprecationWarning: This process (pid=5002) is multi-threaded, use of fork() may lead to deadlocks in the child.
  pid = os.fork()

[2024-10-02T18:55:29.339+0000] {standard_task_runner.py:63} INFO - Started process 5019 to run task
[2024-10-02T18:55:29.338+0000] {standard_task_runner.py:90} INFO - Running: ['***', 'tasks', 'run', 'etl_covid_europa_pipeline', 'transformar', 'scheduled__2024-09-10T00:00:00+00:00', '--job-id', '897', '--raw', '--subdir', 'DAGS_FOLDER/etl_pipeline.py', '--cfg-path', '/tmp/tmp71333dkx']
[2024-10-02T18:55:29.340+0000] {standard_task_runner.py:91} INFO - Job 897: Subtask transformar
[2024-10-02T18:55:29.380+0000] {task_command.py:426} INFO - Running <TaskInstance: etl_covid_europa_pipeline.transformar scheduled__2024-09-10T00:00:00+00:00 [running]> on host 99de7dfc3871
[2024-10-02T18:55:29.461+0000] {taskinstance.py:2648} INFO - Exporting env vars: AIRFLOW_CTX_DAG_OWNER='***' AIRFLOW_CTX_DAG_ID='etl_covid_europa_pipeline' AIRFLOW_CTX_TASK_ID='transformar' AIRFLOW_CTX_EXECUTION_DATE='2024-09-10T00:00:00+00:00' AIRFLOW_CTX_TRY_NUMBER='1' AIRFLOW_CTX_DAG_RUN_ID='scheduled__2024-09-10T00:00:00+00:00'
[2024-10-02T18:55:29.464+0000] {taskinstance.py:430} INFO - ::endgroup::
[2024-10-02T18:55:29.602+0000] {python.py:237} INFO - Done. Returned value was: None
[2024-10-02T18:55:29.602+0000] {taskinstance.py:441} INFO - ::group::Post task execution logs
[2024-10-02T18:55:29.610+0000] {taskinstance.py:1206} INFO - Marking task as SUCCESS. dag_id=etl_covid_europa_pipeline, task_id=transformar, run_id=scheduled__2024-09-10T00:00:00+00:00, execution_date=20240910T000000, start_date=20241002T185529, end_date=20241002T185529
[2024-10-02T18:55:29.673+0000] {local_task_job_runner.py:240} INFO - Task exited with return code 0
[2024-10-02T18:55:29.698+0000] {taskinstance.py:3503} INFO - 1 downstream tasks scheduled from follow-on schedule check
[2024-10-02T18:55:29.700+0000] {local_task_job_runner.py:222} INFO - ::endgroup::
[2024-10-02T19:04:33.337+0000] {local_task_job_runner.py:120} INFO - ::group::Pre task execution logs
[2024-10-02T19:04:33.365+0000] {taskinstance.py:2076} INFO - Dependencies all met for dep_context=non-requeueable deps ti=<TaskInstance: etl_covid_europa_pipeline.transformar scheduled__2024-09-10T00:00:00+00:00 [queued]>
[2024-10-02T19:04:33.587+0000] {taskinstance.py:2076} INFO - Dependencies all met for dep_context=requeueable deps ti=<TaskInstance: etl_covid_europa_pipeline.transformar scheduled__2024-09-10T00:00:00+00:00 [queued]>
[2024-10-02T19:04:33.588+0000] {taskinstance.py:2306} INFO - Starting attempt 1 of 1
[2024-10-02T19:04:33.619+0000] {taskinstance.py:2330} INFO - Executing <Task(PythonOperator): transformar> on 2024-09-10 00:00:00+00:00
[2024-10-02T19:04:33.628+0000] {warnings.py:112} WARNING - /home/***/.local/lib/python3.12/site-packages/***/task/task_runner/standard_task_runner.py:61: DeprecationWarning: This process (pid=8280) is multi-threaded, use of fork() may lead to deadlocks in the child.
  pid = os.fork()

[2024-10-02T19:04:33.631+0000] {standard_task_runner.py:63} INFO - Started process 8300 to run task
[2024-10-02T19:04:33.630+0000] {standard_task_runner.py:90} INFO - Running: ['***', 'tasks', 'run', 'etl_covid_europa_pipeline', 'transformar', 'scheduled__2024-09-10T00:00:00+00:00', '--job-id', '1949', '--raw', '--subdir', 'DAGS_FOLDER/etl_pipeline.py', '--cfg-path', '/tmp/tmpe20nixp4']
[2024-10-02T19:04:33.632+0000] {standard_task_runner.py:91} INFO - Job 1949: Subtask transformar
[2024-10-02T19:04:33.711+0000] {task_command.py:426} INFO - Running <TaskInstance: etl_covid_europa_pipeline.transformar scheduled__2024-09-10T00:00:00+00:00 [running]> on host 99de7dfc3871
[2024-10-02T19:04:33.827+0000] {taskinstance.py:2648} INFO - Exporting env vars: AIRFLOW_CTX_DAG_OWNER='***' AIRFLOW_CTX_DAG_ID='etl_covid_europa_pipeline' AIRFLOW_CTX_TASK_ID='transformar' AIRFLOW_CTX_EXECUTION_DATE='2024-09-10T00:00:00+00:00' AIRFLOW_CTX_TRY_NUMBER='1' AIRFLOW_CTX_DAG_RUN_ID='scheduled__2024-09-10T00:00:00+00:00'
[2024-10-02T19:04:33.830+0000] {taskinstance.py:430} INFO - ::endgroup::
[2024-10-02T19:04:34.036+0000] {python.py:237} INFO - Done. Returned value was: None
[2024-10-02T19:04:34.037+0000] {taskinstance.py:441} INFO - ::group::Post task execution logs
[2024-10-02T19:04:34.047+0000] {taskinstance.py:1206} INFO - Marking task as SUCCESS. dag_id=etl_covid_europa_pipeline, task_id=transformar, run_id=scheduled__2024-09-10T00:00:00+00:00, execution_date=20240910T000000, start_date=20241002T190433, end_date=20241002T190434
[2024-10-02T19:04:34.130+0000] {local_task_job_runner.py:240} INFO - Task exited with return code 0
[2024-10-02T19:04:34.159+0000] {taskinstance.py:3503} INFO - 1 downstream tasks scheduled from follow-on schedule check
[2024-10-02T19:04:34.165+0000] {local_task_job_runner.py:222} INFO - ::endgroup::
