[2024-10-02T17:28:58.431+0000] {local_task_job_runner.py:120} INFO - ::group::Pre task execution logs
[2024-10-02T17:28:58.464+0000] {taskinstance.py:2076} INFO - Dependencies all met for dep_context=non-requeueable deps ti=<TaskInstance: etl_covid_europa_pipeline.extrair scheduled__2024-04-30T00:00:00+00:00 [queued]>
[2024-10-02T17:28:58.474+0000] {taskinstance.py:2076} INFO - Dependencies all met for dep_context=requeueable deps ti=<TaskInstance: etl_covid_europa_pipeline.extrair scheduled__2024-04-30T00:00:00+00:00 [queued]>
[2024-10-02T17:28:58.474+0000] {taskinstance.py:2306} INFO - Starting attempt 1 of 1
[2024-10-02T17:28:58.671+0000] {taskinstance.py:2330} INFO - Executing <Task(PythonOperator): extrair> on 2024-04-30 00:00:00+00:00
[2024-10-02T17:28:58.678+0000] {warnings.py:112} WARNING - /home/***/.local/lib/python3.12/site-packages/***/task/task_runner/standard_task_runner.py:61: DeprecationWarning: This process (pid=2304) is multi-threaded, use of fork() may lead to deadlocks in the child.
  pid = os.fork()

[2024-10-02T17:28:58.679+0000] {standard_task_runner.py:63} INFO - Started process 2320 to run task
[2024-10-02T17:28:58.679+0000] {standard_task_runner.py:90} INFO - Running: ['***', 'tasks', 'run', 'etl_covid_europa_pipeline', 'extrair', 'scheduled__2024-04-30T00:00:00+00:00', '--job-id', '369', '--raw', '--subdir', 'DAGS_FOLDER/etl_pipeline.py', '--cfg-path', '/tmp/tmpir270a3j']
[2024-10-02T17:28:58.681+0000] {standard_task_runner.py:91} INFO - Job 369: Subtask extrair
[2024-10-02T17:28:58.731+0000] {task_command.py:426} INFO - Running <TaskInstance: etl_covid_europa_pipeline.extrair scheduled__2024-04-30T00:00:00+00:00 [running]> on host 99de7dfc3871
[2024-10-02T17:28:58.817+0000] {taskinstance.py:2648} INFO - Exporting env vars: AIRFLOW_CTX_DAG_OWNER='***' AIRFLOW_CTX_DAG_ID='etl_covid_europa_pipeline' AIRFLOW_CTX_TASK_ID='extrair' AIRFLOW_CTX_EXECUTION_DATE='2024-04-30T00:00:00+00:00' AIRFLOW_CTX_TRY_NUMBER='1' AIRFLOW_CTX_DAG_RUN_ID='scheduled__2024-04-30T00:00:00+00:00'
[2024-10-02T17:28:58.819+0000] {taskinstance.py:430} INFO - ::endgroup::
[2024-10-02T17:29:05.186+0000] {python.py:237} INFO - Done. Returned value was: None
[2024-10-02T17:29:05.187+0000] {taskinstance.py:441} INFO - ::group::Post task execution logs
[2024-10-02T17:29:05.196+0000] {taskinstance.py:1206} INFO - Marking task as SUCCESS. dag_id=etl_covid_europa_pipeline, task_id=extrair, run_id=scheduled__2024-04-30T00:00:00+00:00, execution_date=20240430T000000, start_date=20241002T172858, end_date=20241002T172905
[2024-10-02T17:29:05.306+0000] {local_task_job_runner.py:240} INFO - Task exited with return code 0
[2024-10-02T17:29:05.335+0000] {taskinstance.py:3503} INFO - 1 downstream tasks scheduled from follow-on schedule check
[2024-10-02T17:29:05.340+0000] {local_task_job_runner.py:222} INFO - ::endgroup::
[2024-10-02T19:01:37.059+0000] {local_task_job_runner.py:120} INFO - ::group::Pre task execution logs
[2024-10-02T19:01:37.089+0000] {taskinstance.py:2076} INFO - Dependencies all met for dep_context=non-requeueable deps ti=<TaskInstance: etl_covid_europa_pipeline.extrair scheduled__2024-04-30T00:00:00+00:00 [queued]>
[2024-10-02T19:01:37.304+0000] {taskinstance.py:2076} INFO - Dependencies all met for dep_context=requeueable deps ti=<TaskInstance: etl_covid_europa_pipeline.extrair scheduled__2024-04-30T00:00:00+00:00 [queued]>
[2024-10-02T19:01:37.305+0000] {taskinstance.py:2306} INFO - Starting attempt 1 of 1
[2024-10-02T19:01:37.324+0000] {taskinstance.py:2330} INFO - Executing <Task(PythonOperator): extrair> on 2024-04-30 00:00:00+00:00
[2024-10-02T19:01:37.335+0000] {warnings.py:112} WARNING - /home/***/.local/lib/python3.12/site-packages/***/task/task_runner/standard_task_runner.py:61: DeprecationWarning: This process (pid=7081) is multi-threaded, use of fork() may lead to deadlocks in the child.
  pid = os.fork()

[2024-10-02T19:01:37.337+0000] {standard_task_runner.py:63} INFO - Started process 7099 to run task
[2024-10-02T19:01:37.337+0000] {standard_task_runner.py:90} INFO - Running: ['***', 'tasks', 'run', 'etl_covid_europa_pipeline', 'extrair', 'scheduled__2024-04-30T00:00:00+00:00', '--job-id', '1562', '--raw', '--subdir', 'DAGS_FOLDER/etl_pipeline.py', '--cfg-path', '/tmp/tmp5qsf92x7']
[2024-10-02T19:01:37.339+0000] {standard_task_runner.py:91} INFO - Job 1562: Subtask extrair
[2024-10-02T19:01:37.392+0000] {task_command.py:426} INFO - Running <TaskInstance: etl_covid_europa_pipeline.extrair scheduled__2024-04-30T00:00:00+00:00 [running]> on host 99de7dfc3871
[2024-10-02T19:01:37.488+0000] {taskinstance.py:2648} INFO - Exporting env vars: AIRFLOW_CTX_DAG_OWNER='***' AIRFLOW_CTX_DAG_ID='etl_covid_europa_pipeline' AIRFLOW_CTX_TASK_ID='extrair' AIRFLOW_CTX_EXECUTION_DATE='2024-04-30T00:00:00+00:00' AIRFLOW_CTX_TRY_NUMBER='1' AIRFLOW_CTX_DAG_RUN_ID='scheduled__2024-04-30T00:00:00+00:00'
[2024-10-02T19:01:37.491+0000] {taskinstance.py:430} INFO - ::endgroup::
[2024-10-02T19:01:43.905+0000] {python.py:237} INFO - Done. Returned value was: None
[2024-10-02T19:01:43.906+0000] {taskinstance.py:441} INFO - ::group::Post task execution logs
[2024-10-02T19:01:43.917+0000] {taskinstance.py:1206} INFO - Marking task as SUCCESS. dag_id=etl_covid_europa_pipeline, task_id=extrair, run_id=scheduled__2024-04-30T00:00:00+00:00, execution_date=20240430T000000, start_date=20241002T190137, end_date=20241002T190143
[2024-10-02T19:01:43.970+0000] {local_task_job_runner.py:240} INFO - Task exited with return code 0
[2024-10-02T19:01:43.980+0000] {local_task_job_runner.py:222} INFO - ::endgroup::
[2024-10-02T19:27:45.069+0000] {local_task_job_runner.py:120} INFO - ::group::Pre task execution logs
[2024-10-02T19:27:45.281+0000] {taskinstance.py:2076} INFO - Dependencies all met for dep_context=non-requeueable deps ti=<TaskInstance: etl_covid_europa_pipeline.extrair scheduled__2024-04-30T00:00:00+00:00 [queued]>
[2024-10-02T19:27:45.290+0000] {taskinstance.py:2076} INFO - Dependencies all met for dep_context=requeueable deps ti=<TaskInstance: etl_covid_europa_pipeline.extrair scheduled__2024-04-30T00:00:00+00:00 [queued]>
[2024-10-02T19:27:45.290+0000] {taskinstance.py:2306} INFO - Starting attempt 1 of 1
[2024-10-02T19:27:45.368+0000] {taskinstance.py:2330} INFO - Executing <Task(PythonOperator): extrair> on 2024-04-30 00:00:00+00:00
[2024-10-02T19:27:45.375+0000] {warnings.py:112} WARNING - /home/***/.local/lib/python3.12/site-packages/***/task/task_runner/standard_task_runner.py:61: DeprecationWarning: This process (pid=10512) is multi-threaded, use of fork() may lead to deadlocks in the child.
  pid = os.fork()

[2024-10-02T19:27:45.377+0000] {standard_task_runner.py:63} INFO - Started process 10531 to run task
[2024-10-02T19:27:45.376+0000] {standard_task_runner.py:90} INFO - Running: ['***', 'tasks', 'run', 'etl_covid_europa_pipeline', 'extrair', 'scheduled__2024-04-30T00:00:00+00:00', '--job-id', '2594', '--raw', '--subdir', 'DAGS_FOLDER/etl_pipeline_agrupar_continente.py', '--cfg-path', '/tmp/tmp6z8jsqt0']
[2024-10-02T19:27:45.379+0000] {standard_task_runner.py:91} INFO - Job 2594: Subtask extrair
[2024-10-02T19:27:45.434+0000] {task_command.py:426} INFO - Running <TaskInstance: etl_covid_europa_pipeline.extrair scheduled__2024-04-30T00:00:00+00:00 [running]> on host 99de7dfc3871
[2024-10-02T19:27:45.547+0000] {taskinstance.py:2648} INFO - Exporting env vars: AIRFLOW_CTX_DAG_OWNER='***' AIRFLOW_CTX_DAG_ID='etl_covid_europa_pipeline' AIRFLOW_CTX_TASK_ID='extrair' AIRFLOW_CTX_EXECUTION_DATE='2024-04-30T00:00:00+00:00' AIRFLOW_CTX_TRY_NUMBER='1' AIRFLOW_CTX_DAG_RUN_ID='scheduled__2024-04-30T00:00:00+00:00'
[2024-10-02T19:27:45.548+0000] {taskinstance.py:430} INFO - ::endgroup::
[2024-10-02T19:27:52.127+0000] {python.py:237} INFO - Done. Returned value was: None
[2024-10-02T19:27:52.127+0000] {taskinstance.py:441} INFO - ::group::Post task execution logs
[2024-10-02T19:27:52.137+0000] {taskinstance.py:1206} INFO - Marking task as SUCCESS. dag_id=etl_covid_europa_pipeline, task_id=extrair, run_id=scheduled__2024-04-30T00:00:00+00:00, execution_date=20240430T000000, start_date=20241002T192745, end_date=20241002T192752
[2024-10-02T19:27:52.215+0000] {local_task_job_runner.py:240} INFO - Task exited with return code 0
[2024-10-02T19:27:52.243+0000] {taskinstance.py:3503} INFO - 1 downstream tasks scheduled from follow-on schedule check
[2024-10-02T19:27:52.245+0000] {local_task_job_runner.py:222} INFO - ::endgroup::
