[2024-10-02T17:30:43.082+0000] {local_task_job_runner.py:120} INFO - ::group::Pre task execution logs
[2024-10-02T17:30:43.102+0000] {taskinstance.py:2076} INFO - Dependencies all met for dep_context=non-requeueable deps ti=<TaskInstance: etl_covid_europa_pipeline.extrair scheduled__2024-07-31T00:00:00+00:00 [queued]>
[2024-10-02T17:30:43.110+0000] {taskinstance.py:2076} INFO - Dependencies all met for dep_context=requeueable deps ti=<TaskInstance: etl_covid_europa_pipeline.extrair scheduled__2024-07-31T00:00:00+00:00 [queued]>
[2024-10-02T17:30:43.110+0000] {taskinstance.py:2306} INFO - Starting attempt 1 of 1
[2024-10-02T17:30:43.273+0000] {taskinstance.py:2330} INFO - Executing <Task(PythonOperator): extrair> on 2024-07-31 00:00:00+00:00
[2024-10-02T17:30:43.279+0000] {warnings.py:112} WARNING - /home/***/.local/lib/python3.12/site-packages/***/task/task_runner/standard_task_runner.py:61: DeprecationWarning: This process (pid=2818) is multi-threaded, use of fork() may lead to deadlocks in the child.
  pid = os.fork()

[2024-10-02T17:30:43.280+0000] {standard_task_runner.py:63} INFO - Started process 2828 to run task
[2024-10-02T17:30:43.280+0000] {standard_task_runner.py:90} INFO - Running: ['***', 'tasks', 'run', 'etl_covid_europa_pipeline', 'extrair', 'scheduled__2024-07-31T00:00:00+00:00', '--job-id', '533', '--raw', '--subdir', 'DAGS_FOLDER/etl_pipeline.py', '--cfg-path', '/tmp/tmpdziqc5x6']
[2024-10-02T17:30:43.282+0000] {standard_task_runner.py:91} INFO - Job 533: Subtask extrair
[2024-10-02T17:30:43.325+0000] {task_command.py:426} INFO - Running <TaskInstance: etl_covid_europa_pipeline.extrair scheduled__2024-07-31T00:00:00+00:00 [running]> on host 99de7dfc3871
[2024-10-02T17:30:43.405+0000] {taskinstance.py:2648} INFO - Exporting env vars: AIRFLOW_CTX_DAG_OWNER='***' AIRFLOW_CTX_DAG_ID='etl_covid_europa_pipeline' AIRFLOW_CTX_TASK_ID='extrair' AIRFLOW_CTX_EXECUTION_DATE='2024-07-31T00:00:00+00:00' AIRFLOW_CTX_TRY_NUMBER='1' AIRFLOW_CTX_DAG_RUN_ID='scheduled__2024-07-31T00:00:00+00:00'
[2024-10-02T17:30:43.406+0000] {taskinstance.py:430} INFO - ::endgroup::
[2024-10-02T17:30:48.913+0000] {python.py:237} INFO - Done. Returned value was: None
[2024-10-02T17:30:48.914+0000] {taskinstance.py:441} INFO - ::group::Post task execution logs
[2024-10-02T17:30:48.921+0000] {taskinstance.py:1206} INFO - Marking task as SUCCESS. dag_id=etl_covid_europa_pipeline, task_id=extrair, run_id=scheduled__2024-07-31T00:00:00+00:00, execution_date=20240731T000000, start_date=20241002T173043, end_date=20241002T173048
[2024-10-02T17:30:48.978+0000] {local_task_job_runner.py:240} INFO - Task exited with return code 0
[2024-10-02T17:30:49.007+0000] {taskinstance.py:3503} INFO - 1 downstream tasks scheduled from follow-on schedule check
[2024-10-02T17:30:49.010+0000] {local_task_job_runner.py:222} INFO - ::endgroup::
[2024-10-02T18:54:45.377+0000] {local_task_job_runner.py:120} INFO - ::group::Pre task execution logs
[2024-10-02T18:54:45.406+0000] {taskinstance.py:2076} INFO - Dependencies all met for dep_context=non-requeueable deps ti=<TaskInstance: etl_covid_europa_pipeline.extrair scheduled__2024-07-31T00:00:00+00:00 [queued]>
[2024-10-02T18:54:45.631+0000] {taskinstance.py:2076} INFO - Dependencies all met for dep_context=requeueable deps ti=<TaskInstance: etl_covid_europa_pipeline.extrair scheduled__2024-07-31T00:00:00+00:00 [queued]>
[2024-10-02T18:54:45.631+0000] {taskinstance.py:2306} INFO - Starting attempt 1 of 1
[2024-10-02T18:54:45.738+0000] {taskinstance.py:2330} INFO - Executing <Task(PythonOperator): extrair> on 2024-07-31 00:00:00+00:00
[2024-10-02T18:54:45.744+0000] {warnings.py:112} WARNING - /home/***/.local/lib/python3.12/site-packages/***/task/task_runner/standard_task_runner.py:61: DeprecationWarning: This process (pid=4625) is multi-threaded, use of fork() may lead to deadlocks in the child.
  pid = os.fork()

[2024-10-02T18:54:45.745+0000] {standard_task_runner.py:63} INFO - Started process 4645 to run task
[2024-10-02T18:54:45.745+0000] {standard_task_runner.py:90} INFO - Running: ['***', 'tasks', 'run', 'etl_covid_europa_pipeline', 'extrair', 'scheduled__2024-07-31T00:00:00+00:00', '--job-id', '774', '--raw', '--subdir', 'DAGS_FOLDER/etl_pipeline.py', '--cfg-path', '/tmp/tmp9otzpy8u']
[2024-10-02T18:54:45.748+0000] {standard_task_runner.py:91} INFO - Job 774: Subtask extrair
[2024-10-02T18:54:45.795+0000] {task_command.py:426} INFO - Running <TaskInstance: etl_covid_europa_pipeline.extrair scheduled__2024-07-31T00:00:00+00:00 [running]> on host 99de7dfc3871
[2024-10-02T18:54:45.888+0000] {taskinstance.py:2648} INFO - Exporting env vars: AIRFLOW_CTX_DAG_OWNER='***' AIRFLOW_CTX_DAG_ID='etl_covid_europa_pipeline' AIRFLOW_CTX_TASK_ID='extrair' AIRFLOW_CTX_EXECUTION_DATE='2024-07-31T00:00:00+00:00' AIRFLOW_CTX_TRY_NUMBER='1' AIRFLOW_CTX_DAG_RUN_ID='scheduled__2024-07-31T00:00:00+00:00'
[2024-10-02T18:54:45.891+0000] {taskinstance.py:430} INFO - ::endgroup::
[2024-10-02T18:54:52.121+0000] {python.py:237} INFO - Done. Returned value was: None
[2024-10-02T18:54:52.122+0000] {taskinstance.py:441} INFO - ::group::Post task execution logs
[2024-10-02T18:54:52.131+0000] {taskinstance.py:1206} INFO - Marking task as SUCCESS. dag_id=etl_covid_europa_pipeline, task_id=extrair, run_id=scheduled__2024-07-31T00:00:00+00:00, execution_date=20240731T000000, start_date=20241002T185445, end_date=20241002T185452
[2024-10-02T18:54:52.213+0000] {local_task_job_runner.py:240} INFO - Task exited with return code 0
[2024-10-02T18:54:52.247+0000] {taskinstance.py:3503} INFO - 1 downstream tasks scheduled from follow-on schedule check
[2024-10-02T18:54:52.251+0000] {local_task_job_runner.py:222} INFO - ::endgroup::
[2024-10-02T19:03:26.971+0000] {local_task_job_runner.py:120} INFO - ::group::Pre task execution logs
[2024-10-02T19:03:26.994+0000] {taskinstance.py:2076} INFO - Dependencies all met for dep_context=non-requeueable deps ti=<TaskInstance: etl_covid_europa_pipeline.extrair scheduled__2024-07-31T00:00:00+00:00 [queued]>
[2024-10-02T19:03:27.182+0000] {taskinstance.py:2076} INFO - Dependencies all met for dep_context=requeueable deps ti=<TaskInstance: etl_covid_europa_pipeline.extrair scheduled__2024-07-31T00:00:00+00:00 [queued]>
[2024-10-02T19:03:27.183+0000] {taskinstance.py:2306} INFO - Starting attempt 1 of 1
[2024-10-02T19:03:27.198+0000] {taskinstance.py:2330} INFO - Executing <Task(PythonOperator): extrair> on 2024-07-31 00:00:00+00:00
[2024-10-02T19:03:27.204+0000] {warnings.py:112} WARNING - /home/***/.local/lib/python3.12/site-packages/***/task/task_runner/standard_task_runner.py:61: DeprecationWarning: This process (pid=7815) is multi-threaded, use of fork() may lead to deadlocks in the child.
  pid = os.fork()

[2024-10-02T19:03:27.206+0000] {standard_task_runner.py:63} INFO - Started process 7826 to run task
[2024-10-02T19:03:27.206+0000] {standard_task_runner.py:90} INFO - Running: ['***', 'tasks', 'run', 'etl_covid_europa_pipeline', 'extrair', 'scheduled__2024-07-31T00:00:00+00:00', '--job-id', '1799', '--raw', '--subdir', 'DAGS_FOLDER/etl_pipeline.py', '--cfg-path', '/tmp/tmpraqabakj']
[2024-10-02T19:03:27.208+0000] {standard_task_runner.py:91} INFO - Job 1799: Subtask extrair
[2024-10-02T19:03:27.247+0000] {task_command.py:426} INFO - Running <TaskInstance: etl_covid_europa_pipeline.extrair scheduled__2024-07-31T00:00:00+00:00 [running]> on host 99de7dfc3871
[2024-10-02T19:03:27.328+0000] {taskinstance.py:2648} INFO - Exporting env vars: AIRFLOW_CTX_DAG_OWNER='***' AIRFLOW_CTX_DAG_ID='etl_covid_europa_pipeline' AIRFLOW_CTX_TASK_ID='extrair' AIRFLOW_CTX_EXECUTION_DATE='2024-07-31T00:00:00+00:00' AIRFLOW_CTX_TRY_NUMBER='1' AIRFLOW_CTX_DAG_RUN_ID='scheduled__2024-07-31T00:00:00+00:00'
[2024-10-02T19:03:27.330+0000] {taskinstance.py:430} INFO - ::endgroup::
[2024-10-02T19:03:32.896+0000] {python.py:237} INFO - Done. Returned value was: None
[2024-10-02T19:03:32.897+0000] {taskinstance.py:441} INFO - ::group::Post task execution logs
[2024-10-02T19:03:32.907+0000] {taskinstance.py:1206} INFO - Marking task as SUCCESS. dag_id=etl_covid_europa_pipeline, task_id=extrair, run_id=scheduled__2024-07-31T00:00:00+00:00, execution_date=20240731T000000, start_date=20241002T190326, end_date=20241002T190332
[2024-10-02T19:03:32.952+0000] {local_task_job_runner.py:240} INFO - Task exited with return code 0
[2024-10-02T19:03:32.962+0000] {local_task_job_runner.py:222} INFO - ::endgroup::
