[2024-10-02T18:57:54.426+0000] {local_task_job_runner.py:120} INFO - ::group::Pre task execution logs
[2024-10-02T18:57:54.477+0000] {taskinstance.py:2076} INFO - Dependencies all met for dep_context=non-requeueable deps ti=<TaskInstance: etl_covid_europa_pipeline.transformar scheduled__2023-11-16T00:00:00+00:00 [queued]>
[2024-10-02T18:57:54.499+0000] {taskinstance.py:2076} INFO - Dependencies all met for dep_context=requeueable deps ti=<TaskInstance: etl_covid_europa_pipeline.transformar scheduled__2023-11-16T00:00:00+00:00 [queued]>
[2024-10-02T18:57:54.499+0000] {taskinstance.py:2306} INFO - Starting attempt 1 of 1
[2024-10-02T18:57:54.960+0000] {taskinstance.py:2330} INFO - Executing <Task(PythonOperator): transformar> on 2023-11-16 00:00:00+00:00
[2024-10-02T18:57:54.973+0000] {warnings.py:112} WARNING - /home/***/.local/lib/python3.12/site-packages/***/task/task_runner/standard_task_runner.py:61: DeprecationWarning: This process (pid=5631) is multi-threaded, use of fork() may lead to deadlocks in the child.
  pid = os.fork()

[2024-10-02T18:57:54.974+0000] {standard_task_runner.py:63} INFO - Started process 5666 to run task
[2024-10-02T18:57:54.975+0000] {standard_task_runner.py:90} INFO - Running: ['***', 'tasks', 'run', 'etl_covid_europa_pipeline', 'transformar', 'scheduled__2023-11-16T00:00:00+00:00', '--job-id', '1102', '--raw', '--subdir', 'DAGS_FOLDER/etl_pipeline.py', '--cfg-path', '/tmp/tmp7lo2x5sk']
[2024-10-02T18:57:54.982+0000] {standard_task_runner.py:91} INFO - Job 1102: Subtask transformar
[2024-10-02T18:57:55.068+0000] {task_command.py:426} INFO - Running <TaskInstance: etl_covid_europa_pipeline.transformar scheduled__2023-11-16T00:00:00+00:00 [running]> on host 99de7dfc3871
[2024-10-02T18:57:55.279+0000] {taskinstance.py:2648} INFO - Exporting env vars: AIRFLOW_CTX_DAG_OWNER='***' AIRFLOW_CTX_DAG_ID='etl_covid_europa_pipeline' AIRFLOW_CTX_TASK_ID='transformar' AIRFLOW_CTX_EXECUTION_DATE='2023-11-16T00:00:00+00:00' AIRFLOW_CTX_TRY_NUMBER='1' AIRFLOW_CTX_DAG_RUN_ID='scheduled__2023-11-16T00:00:00+00:00'
[2024-10-02T18:57:55.283+0000] {taskinstance.py:430} INFO - ::endgroup::
[2024-10-02T18:57:55.532+0000] {python.py:237} INFO - Done. Returned value was: None
[2024-10-02T18:57:55.533+0000] {taskinstance.py:441} INFO - ::group::Post task execution logs
[2024-10-02T18:57:55.546+0000] {taskinstance.py:1206} INFO - Marking task as SUCCESS. dag_id=etl_covid_europa_pipeline, task_id=transformar, run_id=scheduled__2023-11-16T00:00:00+00:00, execution_date=20231116T000000, start_date=20241002T185754, end_date=20241002T185755
[2024-10-02T18:57:55.608+0000] {local_task_job_runner.py:240} INFO - Task exited with return code 0
[2024-10-02T18:57:55.621+0000] {local_task_job_runner.py:222} INFO - ::endgroup::
[2024-10-02T19:24:17.096+0000] {local_task_job_runner.py:120} INFO - ::group::Pre task execution logs
[2024-10-02T19:24:17.252+0000] {taskinstance.py:2076} INFO - Dependencies all met for dep_context=non-requeueable deps ti=<TaskInstance: etl_covid_europa_pipeline.transformar scheduled__2023-11-16T00:00:00+00:00 [queued]>
[2024-10-02T19:24:17.258+0000] {taskinstance.py:2076} INFO - Dependencies all met for dep_context=requeueable deps ti=<TaskInstance: etl_covid_europa_pipeline.transformar scheduled__2023-11-16T00:00:00+00:00 [queued]>
[2024-10-02T19:24:17.259+0000] {taskinstance.py:2306} INFO - Starting attempt 1 of 1
[2024-10-02T19:24:17.268+0000] {taskinstance.py:2330} INFO - Executing <Task(PythonOperator): transformar> on 2023-11-16 00:00:00+00:00
[2024-10-02T19:24:17.273+0000] {warnings.py:112} WARNING - /home/***/.local/lib/python3.12/site-packages/***/task/task_runner/standard_task_runner.py:61: DeprecationWarning: This process (pid=9059) is multi-threaded, use of fork() may lead to deadlocks in the child.
  pid = os.fork()

[2024-10-02T19:24:17.275+0000] {standard_task_runner.py:63} INFO - Started process 9061 to run task
[2024-10-02T19:24:17.275+0000] {standard_task_runner.py:90} INFO - Running: ['***', 'tasks', 'run', 'etl_covid_europa_pipeline', 'transformar', 'scheduled__2023-11-16T00:00:00+00:00', '--job-id', '2121', '--raw', '--subdir', 'DAGS_FOLDER/etl_pipeline.py', '--cfg-path', '/tmp/tmpgjnokx03']
[2024-10-02T19:24:17.276+0000] {standard_task_runner.py:91} INFO - Job 2121: Subtask transformar
[2024-10-02T19:24:17.313+0000] {task_command.py:426} INFO - Running <TaskInstance: etl_covid_europa_pipeline.transformar scheduled__2023-11-16T00:00:00+00:00 [running]> on host 99de7dfc3871
[2024-10-02T19:24:17.397+0000] {taskinstance.py:2648} INFO - Exporting env vars: AIRFLOW_CTX_DAG_OWNER='***' AIRFLOW_CTX_DAG_ID='etl_covid_europa_pipeline' AIRFLOW_CTX_TASK_ID='transformar' AIRFLOW_CTX_EXECUTION_DATE='2023-11-16T00:00:00+00:00' AIRFLOW_CTX_TRY_NUMBER='1' AIRFLOW_CTX_DAG_RUN_ID='scheduled__2023-11-16T00:00:00+00:00'
[2024-10-02T19:24:17.398+0000] {taskinstance.py:430} INFO - ::endgroup::
[2024-10-02T19:24:17.505+0000] {python.py:237} INFO - Done. Returned value was: None
[2024-10-02T19:24:17.506+0000] {taskinstance.py:441} INFO - ::group::Post task execution logs
[2024-10-02T19:24:17.513+0000] {taskinstance.py:1206} INFO - Marking task as SUCCESS. dag_id=etl_covid_europa_pipeline, task_id=transformar, run_id=scheduled__2023-11-16T00:00:00+00:00, execution_date=20231116T000000, start_date=20241002T192417, end_date=20241002T192417
[2024-10-02T19:24:17.568+0000] {local_task_job_runner.py:240} INFO - Task exited with return code 0
[2024-10-02T19:24:17.584+0000] {taskinstance.py:3503} INFO - 1 downstream tasks scheduled from follow-on schedule check
[2024-10-02T19:24:17.586+0000] {local_task_job_runner.py:222} INFO - ::endgroup::
