[2024-10-02T18:55:14.262+0000] {local_task_job_runner.py:120} INFO - ::group::Pre task execution logs
[2024-10-02T18:55:14.301+0000] {taskinstance.py:2076} INFO - Dependencies all met for dep_context=non-requeueable deps ti=<TaskInstance: etl_covid_europa_pipeline.carregar scheduled__2024-08-21T00:00:00+00:00 [queued]>
[2024-10-02T18:55:14.585+0000] {taskinstance.py:2076} INFO - Dependencies all met for dep_context=requeueable deps ti=<TaskInstance: etl_covid_europa_pipeline.carregar scheduled__2024-08-21T00:00:00+00:00 [queued]>
[2024-10-02T18:55:14.586+0000] {taskinstance.py:2306} INFO - Starting attempt 1 of 1
[2024-10-02T18:55:14.605+0000] {taskinstance.py:2330} INFO - Executing <Task(PythonOperator): carregar> on 2024-08-21 00:00:00+00:00
[2024-10-02T18:55:14.613+0000] {warnings.py:112} WARNING - /home/***/.local/lib/python3.12/site-packages/***/task/task_runner/standard_task_runner.py:61: DeprecationWarning: This process (pid=4881) is multi-threaded, use of fork() may lead to deadlocks in the child.
  pid = os.fork()

[2024-10-02T18:55:14.616+0000] {standard_task_runner.py:63} INFO - Started process 4894 to run task
[2024-10-02T18:55:14.617+0000] {standard_task_runner.py:90} INFO - Running: ['***', 'tasks', 'run', 'etl_covid_europa_pipeline', 'carregar', 'scheduled__2024-08-21T00:00:00+00:00', '--job-id', '859', '--raw', '--subdir', 'DAGS_FOLDER/etl_pipeline.py', '--cfg-path', '/tmp/tmpcr6t20ve']
[2024-10-02T18:55:14.631+0000] {standard_task_runner.py:91} INFO - Job 859: Subtask carregar
[2024-10-02T18:55:14.690+0000] {task_command.py:426} INFO - Running <TaskInstance: etl_covid_europa_pipeline.carregar scheduled__2024-08-21T00:00:00+00:00 [running]> on host 99de7dfc3871
[2024-10-02T18:55:14.784+0000] {taskinstance.py:2648} INFO - Exporting env vars: AIRFLOW_CTX_DAG_OWNER='***' AIRFLOW_CTX_DAG_ID='etl_covid_europa_pipeline' AIRFLOW_CTX_TASK_ID='carregar' AIRFLOW_CTX_EXECUTION_DATE='2024-08-21T00:00:00+00:00' AIRFLOW_CTX_TRY_NUMBER='1' AIRFLOW_CTX_DAG_RUN_ID='scheduled__2024-08-21T00:00:00+00:00'
[2024-10-02T18:55:14.786+0000] {taskinstance.py:430} INFO - ::endgroup::
[2024-10-02T18:55:14.850+0000] {python.py:237} INFO - Done. Returned value was: None
[2024-10-02T18:55:14.851+0000] {taskinstance.py:441} INFO - ::group::Post task execution logs
[2024-10-02T18:55:14.862+0000] {taskinstance.py:1206} INFO - Marking task as SUCCESS. dag_id=etl_covid_europa_pipeline, task_id=carregar, run_id=scheduled__2024-08-21T00:00:00+00:00, execution_date=20240821T000000, start_date=20241002T185514, end_date=20241002T185514
[2024-10-02T18:55:14.915+0000] {local_task_job_runner.py:240} INFO - Task exited with return code 0
[2024-10-02T18:55:14.929+0000] {taskinstance.py:3503} INFO - 0 downstream tasks scheduled from follow-on schedule check
[2024-10-02T18:55:14.938+0000] {local_task_job_runner.py:222} INFO - ::endgroup::
[2024-10-02T19:04:12.960+0000] {local_task_job_runner.py:120} INFO - ::group::Pre task execution logs
[2024-10-02T19:04:12.998+0000] {taskinstance.py:2076} INFO - Dependencies all met for dep_context=non-requeueable deps ti=<TaskInstance: etl_covid_europa_pipeline.carregar scheduled__2024-08-21T00:00:00+00:00 [queued]>
[2024-10-02T19:04:13.016+0000] {taskinstance.py:2076} INFO - Dependencies all met for dep_context=requeueable deps ti=<TaskInstance: etl_covid_europa_pipeline.carregar scheduled__2024-08-21T00:00:00+00:00 [queued]>
[2024-10-02T19:04:13.017+0000] {taskinstance.py:2306} INFO - Starting attempt 1 of 1
[2024-10-02T19:04:13.318+0000] {taskinstance.py:2330} INFO - Executing <Task(PythonOperator): carregar> on 2024-08-21 00:00:00+00:00
[2024-10-02T19:04:13.328+0000] {warnings.py:112} WARNING - /home/***/.local/lib/python3.12/site-packages/***/task/task_runner/standard_task_runner.py:61: DeprecationWarning: This process (pid=8152) is multi-threaded, use of fork() may lead to deadlocks in the child.
  pid = os.fork()

[2024-10-02T19:04:13.331+0000] {standard_task_runner.py:63} INFO - Started process 8180 to run task
[2024-10-02T19:04:13.330+0000] {standard_task_runner.py:90} INFO - Running: ['***', 'tasks', 'run', 'etl_covid_europa_pipeline', 'carregar', 'scheduled__2024-08-21T00:00:00+00:00', '--job-id', '1909', '--raw', '--subdir', 'DAGS_FOLDER/etl_pipeline.py', '--cfg-path', '/tmp/tmpdr9u561m']
[2024-10-02T19:04:13.334+0000] {standard_task_runner.py:91} INFO - Job 1909: Subtask carregar
[2024-10-02T19:04:13.391+0000] {task_command.py:426} INFO - Running <TaskInstance: etl_covid_europa_pipeline.carregar scheduled__2024-08-21T00:00:00+00:00 [running]> on host 99de7dfc3871
[2024-10-02T19:04:13.521+0000] {taskinstance.py:2648} INFO - Exporting env vars: AIRFLOW_CTX_DAG_OWNER='***' AIRFLOW_CTX_DAG_ID='etl_covid_europa_pipeline' AIRFLOW_CTX_TASK_ID='carregar' AIRFLOW_CTX_EXECUTION_DATE='2024-08-21T00:00:00+00:00' AIRFLOW_CTX_TRY_NUMBER='1' AIRFLOW_CTX_DAG_RUN_ID='scheduled__2024-08-21T00:00:00+00:00'
[2024-10-02T19:04:13.524+0000] {taskinstance.py:430} INFO - ::endgroup::
[2024-10-02T19:04:13.644+0000] {python.py:237} INFO - Done. Returned value was: None
[2024-10-02T19:04:13.648+0000] {taskinstance.py:441} INFO - ::group::Post task execution logs
[2024-10-02T19:04:13.670+0000] {taskinstance.py:1206} INFO - Marking task as SUCCESS. dag_id=etl_covid_europa_pipeline, task_id=carregar, run_id=scheduled__2024-08-21T00:00:00+00:00, execution_date=20240821T000000, start_date=20241002T190412, end_date=20241002T190413
[2024-10-02T19:04:13.832+0000] {local_task_job_runner.py:240} INFO - Task exited with return code 0
[2024-10-02T19:04:13.856+0000] {taskinstance.py:3503} INFO - 0 downstream tasks scheduled from follow-on schedule check
[2024-10-02T19:04:13.861+0000] {local_task_job_runner.py:222} INFO - ::endgroup::
