[2024-10-02T17:25:35.572+0000] {local_task_job_runner.py:120} INFO - ::group::Pre task execution logs
[2024-10-02T17:25:35.605+0000] {taskinstance.py:2076} INFO - Dependencies all met for dep_context=non-requeueable deps ti=<TaskInstance: etl_covid_europa_pipeline.transformar scheduled__2023-10-29T00:00:00+00:00 [queued]>
[2024-10-02T17:25:35.616+0000] {taskinstance.py:2076} INFO - Dependencies all met for dep_context=requeueable deps ti=<TaskInstance: etl_covid_europa_pipeline.transformar scheduled__2023-10-29T00:00:00+00:00 [queued]>
[2024-10-02T17:25:35.617+0000] {taskinstance.py:2306} INFO - Starting attempt 1 of 1
[2024-10-02T17:25:35.853+0000] {taskinstance.py:2330} INFO - Executing <Task(PythonOperator): transformar> on 2023-10-29 00:00:00+00:00
[2024-10-02T17:25:35.859+0000] {warnings.py:112} WARNING - /home/***/.local/lib/python3.12/site-packages/***/task/task_runner/standard_task_runner.py:61: DeprecationWarning: This process (pid=1346) is multi-threaded, use of fork() may lead to deadlocks in the child.
  pid = os.fork()

[2024-10-02T17:25:35.860+0000] {standard_task_runner.py:63} INFO - Started process 1358 to run task
[2024-10-02T17:25:35.860+0000] {standard_task_runner.py:90} INFO - Running: ['***', 'tasks', 'run', 'etl_covid_europa_pipeline', 'transformar', 'scheduled__2023-10-29T00:00:00+00:00', '--job-id', '67', '--raw', '--subdir', 'DAGS_FOLDER/etl_pipeline.py', '--cfg-path', '/tmp/tmp_xn42n8x']
[2024-10-02T17:25:35.862+0000] {standard_task_runner.py:91} INFO - Job 67: Subtask transformar
[2024-10-02T17:25:35.910+0000] {task_command.py:426} INFO - Running <TaskInstance: etl_covid_europa_pipeline.transformar scheduled__2023-10-29T00:00:00+00:00 [running]> on host 99de7dfc3871
[2024-10-02T17:25:35.991+0000] {taskinstance.py:2648} INFO - Exporting env vars: AIRFLOW_CTX_DAG_OWNER='***' AIRFLOW_CTX_DAG_ID='etl_covid_europa_pipeline' AIRFLOW_CTX_TASK_ID='transformar' AIRFLOW_CTX_EXECUTION_DATE='2023-10-29T00:00:00+00:00' AIRFLOW_CTX_TRY_NUMBER='1' AIRFLOW_CTX_DAG_RUN_ID='scheduled__2023-10-29T00:00:00+00:00'
[2024-10-02T17:25:35.992+0000] {taskinstance.py:430} INFO - ::endgroup::
[2024-10-02T17:25:36.175+0000] {taskinstance.py:441} INFO - ::group::Post task execution logs
[2024-10-02T17:25:36.176+0000] {taskinstance.py:2905} ERROR - Task failed with exception
Traceback (most recent call last):
  File "/home/airflow/.local/lib/python3.12/site-packages/airflow/models/taskinstance.py", line 465, in _execute_task
    result = _execute_callable(context=context, **execute_callable_kwargs)
             ^^^^^^^^^^^^^^^^^^^^^^^^^^^^^^^^^^^^^^^^^^^^^^^^^^^^^^^^^^^^^
  File "/home/airflow/.local/lib/python3.12/site-packages/airflow/models/taskinstance.py", line 432, in _execute_callable
    return execute_callable(context=context, **execute_callable_kwargs)
           ^^^^^^^^^^^^^^^^^^^^^^^^^^^^^^^^^^^^^^^^^^^^^^^^^^^^^^^^^^^^
  File "/home/airflow/.local/lib/python3.12/site-packages/airflow/models/baseoperator.py", line 401, in wrapper
    return func(self, *args, **kwargs)
           ^^^^^^^^^^^^^^^^^^^^^^^^^^^
  File "/home/airflow/.local/lib/python3.12/site-packages/airflow/operators/python.py", line 235, in execute
    return_value = self.execute_callable()
                   ^^^^^^^^^^^^^^^^^^^^^^^
  File "/home/airflow/.local/lib/python3.12/site-packages/airflow/operators/python.py", line 252, in execute_callable
    return self.python_callable(*self.op_args, **self.op_kwargs)
           ^^^^^^^^^^^^^^^^^^^^^^^^^^^^^^^^^^^^^^^^^^^^^^^^^^^^^
  File "/opt/airflow/dags/etl_pipeline.py", line 17, in transformar
    df_agrupada = df.groupby('ContinentExp')[['cases', 'deaths']].sum().reset_index()
                  ^^^^^^^^^^^^^^^^^^^^^^^^^^
  File "/home/airflow/.local/lib/python3.12/site-packages/pandas/core/frame.py", line 8869, in groupby
    return DataFrameGroupBy(
           ^^^^^^^^^^^^^^^^^
  File "/home/airflow/.local/lib/python3.12/site-packages/pandas/core/groupby/groupby.py", line 1278, in __init__
    grouper, exclusions, obj = get_grouper(
                               ^^^^^^^^^^^^
  File "/home/airflow/.local/lib/python3.12/site-packages/pandas/core/groupby/grouper.py", line 1009, in get_grouper
    raise KeyError(gpr)
KeyError: 'ContinentExp'
[2024-10-02T17:25:36.196+0000] {taskinstance.py:1206} INFO - Marking task as FAILED. dag_id=etl_covid_europa_pipeline, task_id=transformar, run_id=scheduled__2023-10-29T00:00:00+00:00, execution_date=20231029T000000, start_date=20241002T172535, end_date=20241002T172536
[2024-10-02T17:25:36.211+0000] {standard_task_runner.py:110} ERROR - Failed to execute job 67 for task transformar ('ContinentExp'; 1358)
[2024-10-02T17:25:36.235+0000] {local_task_job_runner.py:240} INFO - Task exited with return code 1
[2024-10-02T17:25:36.242+0000] {local_task_job_runner.py:222} INFO - ::endgroup::
[2024-10-02T18:57:36.722+0000] {local_task_job_runner.py:120} INFO - ::group::Pre task execution logs
[2024-10-02T18:57:36.784+0000] {taskinstance.py:2076} INFO - Dependencies all met for dep_context=non-requeueable deps ti=<TaskInstance: etl_covid_europa_pipeline.transformar scheduled__2023-10-29T00:00:00+00:00 [queued]>
[2024-10-02T18:57:37.117+0000] {taskinstance.py:2076} INFO - Dependencies all met for dep_context=requeueable deps ti=<TaskInstance: etl_covid_europa_pipeline.transformar scheduled__2023-10-29T00:00:00+00:00 [queued]>
[2024-10-02T18:57:37.118+0000] {taskinstance.py:2306} INFO - Starting attempt 1 of 1
[2024-10-02T18:57:37.141+0000] {taskinstance.py:2330} INFO - Executing <Task(PythonOperator): transformar> on 2023-10-29 00:00:00+00:00
[2024-10-02T18:57:37.151+0000] {warnings.py:112} WARNING - /home/***/.local/lib/python3.12/site-packages/***/task/task_runner/standard_task_runner.py:61: DeprecationWarning: This process (pid=5486) is multi-threaded, use of fork() may lead to deadlocks in the child.
  pid = os.fork()

[2024-10-02T18:57:37.153+0000] {standard_task_runner.py:63} INFO - Started process 5510 to run task
[2024-10-02T18:57:37.153+0000] {standard_task_runner.py:90} INFO - Running: ['***', 'tasks', 'run', 'etl_covid_europa_pipeline', 'transformar', 'scheduled__2023-10-29T00:00:00+00:00', '--job-id', '1050', '--raw', '--subdir', 'DAGS_FOLDER/etl_pipeline.py', '--cfg-path', '/tmp/tmpobdgn0hu']
[2024-10-02T18:57:37.156+0000] {standard_task_runner.py:91} INFO - Job 1050: Subtask transformar
[2024-10-02T18:57:37.237+0000] {task_command.py:426} INFO - Running <TaskInstance: etl_covid_europa_pipeline.transformar scheduled__2023-10-29T00:00:00+00:00 [running]> on host 99de7dfc3871
[2024-10-02T18:57:37.344+0000] {taskinstance.py:2648} INFO - Exporting env vars: AIRFLOW_CTX_DAG_OWNER='***' AIRFLOW_CTX_DAG_ID='etl_covid_europa_pipeline' AIRFLOW_CTX_TASK_ID='transformar' AIRFLOW_CTX_EXECUTION_DATE='2023-10-29T00:00:00+00:00' AIRFLOW_CTX_TRY_NUMBER='1' AIRFLOW_CTX_DAG_RUN_ID='scheduled__2023-10-29T00:00:00+00:00'
[2024-10-02T18:57:37.355+0000] {taskinstance.py:430} INFO - ::endgroup::
[2024-10-02T18:57:37.571+0000] {python.py:237} INFO - Done. Returned value was: None
[2024-10-02T18:57:37.572+0000] {taskinstance.py:441} INFO - ::group::Post task execution logs
[2024-10-02T18:57:37.585+0000] {taskinstance.py:1206} INFO - Marking task as SUCCESS. dag_id=etl_covid_europa_pipeline, task_id=transformar, run_id=scheduled__2023-10-29T00:00:00+00:00, execution_date=20231029T000000, start_date=20241002T185736, end_date=20241002T185737
[2024-10-02T18:57:37.653+0000] {local_task_job_runner.py:240} INFO - Task exited with return code 0
[2024-10-02T18:57:37.677+0000] {taskinstance.py:3503} INFO - 1 downstream tasks scheduled from follow-on schedule check
[2024-10-02T18:57:37.679+0000] {local_task_job_runner.py:222} INFO - ::endgroup::
[2024-10-02T19:23:53.262+0000] {local_task_job_runner.py:120} INFO - ::group::Pre task execution logs
[2024-10-02T19:23:53.448+0000] {taskinstance.py:2076} INFO - Dependencies all met for dep_context=non-requeueable deps ti=<TaskInstance: etl_covid_europa_pipeline.transformar scheduled__2023-10-29T00:00:00+00:00 [queued]>
[2024-10-02T19:23:53.456+0000] {taskinstance.py:2076} INFO - Dependencies all met for dep_context=requeueable deps ti=<TaskInstance: etl_covid_europa_pipeline.transformar scheduled__2023-10-29T00:00:00+00:00 [queued]>
[2024-10-02T19:23:53.456+0000] {taskinstance.py:2306} INFO - Starting attempt 1 of 1
[2024-10-02T19:23:53.467+0000] {taskinstance.py:2330} INFO - Executing <Task(PythonOperator): transformar> on 2023-10-29 00:00:00+00:00
[2024-10-02T19:23:53.473+0000] {warnings.py:112} WARNING - /home/***/.local/lib/python3.12/site-packages/***/task/task_runner/standard_task_runner.py:61: DeprecationWarning: This process (pid=8881) is multi-threaded, use of fork() may lead to deadlocks in the child.
  pid = os.fork()

[2024-10-02T19:23:53.474+0000] {standard_task_runner.py:63} INFO - Started process 8883 to run task
[2024-10-02T19:23:53.474+0000] {standard_task_runner.py:90} INFO - Running: ['***', 'tasks', 'run', 'etl_covid_europa_pipeline', 'transformar', 'scheduled__2023-10-29T00:00:00+00:00', '--job-id', '2064', '--raw', '--subdir', 'DAGS_FOLDER/etl_pipeline.py', '--cfg-path', '/tmp/tmpi5iz10ry']
[2024-10-02T19:23:53.476+0000] {standard_task_runner.py:91} INFO - Job 2064: Subtask transformar
[2024-10-02T19:23:53.515+0000] {task_command.py:426} INFO - Running <TaskInstance: etl_covid_europa_pipeline.transformar scheduled__2023-10-29T00:00:00+00:00 [running]> on host 99de7dfc3871
[2024-10-02T19:23:53.599+0000] {taskinstance.py:2648} INFO - Exporting env vars: AIRFLOW_CTX_DAG_OWNER='***' AIRFLOW_CTX_DAG_ID='etl_covid_europa_pipeline' AIRFLOW_CTX_TASK_ID='transformar' AIRFLOW_CTX_EXECUTION_DATE='2023-10-29T00:00:00+00:00' AIRFLOW_CTX_TRY_NUMBER='1' AIRFLOW_CTX_DAG_RUN_ID='scheduled__2023-10-29T00:00:00+00:00'
[2024-10-02T19:23:53.600+0000] {taskinstance.py:430} INFO - ::endgroup::
[2024-10-02T19:23:53.707+0000] {python.py:237} INFO - Done. Returned value was: None
[2024-10-02T19:23:53.708+0000] {taskinstance.py:441} INFO - ::group::Post task execution logs
[2024-10-02T19:23:53.715+0000] {taskinstance.py:1206} INFO - Marking task as SUCCESS. dag_id=etl_covid_europa_pipeline, task_id=transformar, run_id=scheduled__2023-10-29T00:00:00+00:00, execution_date=20231029T000000, start_date=20241002T192353, end_date=20241002T192353
[2024-10-02T19:23:53.768+0000] {local_task_job_runner.py:240} INFO - Task exited with return code 0
[2024-10-02T19:23:53.785+0000] {taskinstance.py:3503} INFO - 1 downstream tasks scheduled from follow-on schedule check
[2024-10-02T19:23:53.787+0000] {local_task_job_runner.py:222} INFO - ::endgroup::
