[2024-10-02T17:31:46.663+0000] {local_task_job_runner.py:120} INFO - ::group::Pre task execution logs
[2024-10-02T17:31:46.685+0000] {taskinstance.py:2076} INFO - Dependencies all met for dep_context=non-requeueable deps ti=<TaskInstance: etl_covid_europa_pipeline.extrair scheduled__2024-09-16T00:00:00+00:00 [queued]>
[2024-10-02T17:31:46.692+0000] {taskinstance.py:2076} INFO - Dependencies all met for dep_context=requeueable deps ti=<TaskInstance: etl_covid_europa_pipeline.extrair scheduled__2024-09-16T00:00:00+00:00 [queued]>
[2024-10-02T17:31:46.693+0000] {taskinstance.py:2306} INFO - Starting attempt 1 of 1
[2024-10-02T17:31:46.843+0000] {taskinstance.py:2330} INFO - Executing <Task(PythonOperator): extrair> on 2024-09-16 00:00:00+00:00
[2024-10-02T17:31:46.848+0000] {warnings.py:112} WARNING - /home/***/.local/lib/python3.12/site-packages/***/task/task_runner/standard_task_runner.py:61: DeprecationWarning: This process (pid=3145) is multi-threaded, use of fork() may lead to deadlocks in the child.
  pid = os.fork()

[2024-10-02T17:31:46.849+0000] {standard_task_runner.py:63} INFO - Started process 3147 to run task
[2024-10-02T17:31:46.849+0000] {standard_task_runner.py:90} INFO - Running: ['***', 'tasks', 'run', 'etl_covid_europa_pipeline', 'extrair', 'scheduled__2024-09-16T00:00:00+00:00', '--job-id', '636', '--raw', '--subdir', 'DAGS_FOLDER/etl_pipeline.py', '--cfg-path', '/tmp/tmpn59avakm']
[2024-10-02T17:31:46.851+0000] {standard_task_runner.py:91} INFO - Job 636: Subtask extrair
[2024-10-02T17:31:46.888+0000] {task_command.py:426} INFO - Running <TaskInstance: etl_covid_europa_pipeline.extrair scheduled__2024-09-16T00:00:00+00:00 [running]> on host 99de7dfc3871
[2024-10-02T17:31:46.955+0000] {taskinstance.py:2648} INFO - Exporting env vars: AIRFLOW_CTX_DAG_OWNER='***' AIRFLOW_CTX_DAG_ID='etl_covid_europa_pipeline' AIRFLOW_CTX_TASK_ID='extrair' AIRFLOW_CTX_EXECUTION_DATE='2024-09-16T00:00:00+00:00' AIRFLOW_CTX_TRY_NUMBER='1' AIRFLOW_CTX_DAG_RUN_ID='scheduled__2024-09-16T00:00:00+00:00'
[2024-10-02T17:31:46.956+0000] {taskinstance.py:430} INFO - ::endgroup::
[2024-10-02T17:31:52.208+0000] {python.py:237} INFO - Done. Returned value was: None
[2024-10-02T17:31:52.208+0000] {taskinstance.py:441} INFO - ::group::Post task execution logs
[2024-10-02T17:31:52.216+0000] {taskinstance.py:1206} INFO - Marking task as SUCCESS. dag_id=etl_covid_europa_pipeline, task_id=extrair, run_id=scheduled__2024-09-16T00:00:00+00:00, execution_date=20240916T000000, start_date=20241002T173146, end_date=20241002T173152
[2024-10-02T17:31:52.267+0000] {local_task_job_runner.py:240} INFO - Task exited with return code 0
[2024-10-02T17:31:52.285+0000] {taskinstance.py:3503} INFO - 1 downstream tasks scheduled from follow-on schedule check
[2024-10-02T17:31:52.287+0000] {local_task_job_runner.py:222} INFO - ::endgroup::
[2024-10-02T18:55:35.761+0000] {local_task_job_runner.py:120} INFO - ::group::Pre task execution logs
[2024-10-02T18:55:35.786+0000] {taskinstance.py:2076} INFO - Dependencies all met for dep_context=non-requeueable deps ti=<TaskInstance: etl_covid_europa_pipeline.extrair scheduled__2024-09-16T00:00:00+00:00 [queued]>
[2024-10-02T18:55:35.990+0000] {taskinstance.py:2076} INFO - Dependencies all met for dep_context=requeueable deps ti=<TaskInstance: etl_covid_europa_pipeline.extrair scheduled__2024-09-16T00:00:00+00:00 [queued]>
[2024-10-02T18:55:35.991+0000] {taskinstance.py:2306} INFO - Starting attempt 1 of 1
[2024-10-02T18:55:36.033+0000] {taskinstance.py:2330} INFO - Executing <Task(PythonOperator): extrair> on 2024-09-16 00:00:00+00:00
[2024-10-02T18:55:36.039+0000] {warnings.py:112} WARNING - /home/***/.local/lib/python3.12/site-packages/***/task/task_runner/standard_task_runner.py:61: DeprecationWarning: This process (pid=5055) is multi-threaded, use of fork() may lead to deadlocks in the child.
  pid = os.fork()

[2024-10-02T18:55:36.040+0000] {standard_task_runner.py:63} INFO - Started process 5071 to run task
[2024-10-02T18:55:36.041+0000] {standard_task_runner.py:90} INFO - Running: ['***', 'tasks', 'run', 'etl_covid_europa_pipeline', 'extrair', 'scheduled__2024-09-16T00:00:00+00:00', '--job-id', '912', '--raw', '--subdir', 'DAGS_FOLDER/etl_pipeline.py', '--cfg-path', '/tmp/tmp2zla3yst']
[2024-10-02T18:55:36.043+0000] {standard_task_runner.py:91} INFO - Job 912: Subtask extrair
[2024-10-02T18:55:36.093+0000] {task_command.py:426} INFO - Running <TaskInstance: etl_covid_europa_pipeline.extrair scheduled__2024-09-16T00:00:00+00:00 [running]> on host 99de7dfc3871
[2024-10-02T18:55:36.179+0000] {taskinstance.py:2648} INFO - Exporting env vars: AIRFLOW_CTX_DAG_OWNER='***' AIRFLOW_CTX_DAG_ID='etl_covid_europa_pipeline' AIRFLOW_CTX_TASK_ID='extrair' AIRFLOW_CTX_EXECUTION_DATE='2024-09-16T00:00:00+00:00' AIRFLOW_CTX_TRY_NUMBER='1' AIRFLOW_CTX_DAG_RUN_ID='scheduled__2024-09-16T00:00:00+00:00'
[2024-10-02T18:55:36.182+0000] {taskinstance.py:430} INFO - ::endgroup::
[2024-10-02T18:55:43.140+0000] {python.py:237} INFO - Done. Returned value was: None
[2024-10-02T18:55:43.140+0000] {taskinstance.py:441} INFO - ::group::Post task execution logs
[2024-10-02T18:55:43.150+0000] {taskinstance.py:1206} INFO - Marking task as SUCCESS. dag_id=etl_covid_europa_pipeline, task_id=extrair, run_id=scheduled__2024-09-16T00:00:00+00:00, execution_date=20240916T000000, start_date=20241002T185535, end_date=20241002T185543
[2024-10-02T18:55:43.190+0000] {local_task_job_runner.py:240} INFO - Task exited with return code 0
[2024-10-02T18:55:43.216+0000] {taskinstance.py:3503} INFO - 1 downstream tasks scheduled from follow-on schedule check
[2024-10-02T18:55:43.219+0000] {local_task_job_runner.py:222} INFO - ::endgroup::
[2024-10-02T19:04:34.338+0000] {local_task_job_runner.py:120} INFO - ::group::Pre task execution logs
[2024-10-02T19:04:34.369+0000] {taskinstance.py:2076} INFO - Dependencies all met for dep_context=non-requeueable deps ti=<TaskInstance: etl_covid_europa_pipeline.extrair scheduled__2024-09-16T00:00:00+00:00 [queued]>
[2024-10-02T19:04:34.603+0000] {taskinstance.py:2076} INFO - Dependencies all met for dep_context=requeueable deps ti=<TaskInstance: etl_covid_europa_pipeline.extrair scheduled__2024-09-16T00:00:00+00:00 [queued]>
[2024-10-02T19:04:34.603+0000] {taskinstance.py:2306} INFO - Starting attempt 1 of 1
[2024-10-02T19:04:34.622+0000] {taskinstance.py:2330} INFO - Executing <Task(PythonOperator): extrair> on 2024-09-16 00:00:00+00:00
[2024-10-02T19:04:34.632+0000] {warnings.py:112} WARNING - /home/***/.local/lib/python3.12/site-packages/***/task/task_runner/standard_task_runner.py:61: DeprecationWarning: This process (pid=8296) is multi-threaded, use of fork() may lead to deadlocks in the child.
  pid = os.fork()

[2024-10-02T19:04:34.634+0000] {standard_task_runner.py:63} INFO - Started process 8320 to run task
[2024-10-02T19:04:34.634+0000] {standard_task_runner.py:90} INFO - Running: ['***', 'tasks', 'run', 'etl_covid_europa_pipeline', 'extrair', 'scheduled__2024-09-16T00:00:00+00:00', '--job-id', '1956', '--raw', '--subdir', 'DAGS_FOLDER/etl_pipeline.py', '--cfg-path', '/tmp/tmpaa8eu14v']
[2024-10-02T19:04:34.636+0000] {standard_task_runner.py:91} INFO - Job 1956: Subtask extrair
[2024-10-02T19:04:34.695+0000] {task_command.py:426} INFO - Running <TaskInstance: etl_covid_europa_pipeline.extrair scheduled__2024-09-16T00:00:00+00:00 [running]> on host 99de7dfc3871
[2024-10-02T19:04:34.826+0000] {taskinstance.py:2648} INFO - Exporting env vars: AIRFLOW_CTX_DAG_OWNER='***' AIRFLOW_CTX_DAG_ID='etl_covid_europa_pipeline' AIRFLOW_CTX_TASK_ID='extrair' AIRFLOW_CTX_EXECUTION_DATE='2024-09-16T00:00:00+00:00' AIRFLOW_CTX_TRY_NUMBER='1' AIRFLOW_CTX_DAG_RUN_ID='scheduled__2024-09-16T00:00:00+00:00'
[2024-10-02T19:04:34.830+0000] {taskinstance.py:430} INFO - ::endgroup::
[2024-10-02T19:04:40.346+0000] {python.py:237} INFO - Done. Returned value was: None
[2024-10-02T19:04:40.347+0000] {taskinstance.py:441} INFO - ::group::Post task execution logs
[2024-10-02T19:04:40.354+0000] {taskinstance.py:1206} INFO - Marking task as SUCCESS. dag_id=etl_covid_europa_pipeline, task_id=extrair, run_id=scheduled__2024-09-16T00:00:00+00:00, execution_date=20240916T000000, start_date=20241002T190434, end_date=20241002T190440
[2024-10-02T19:04:40.377+0000] {local_task_job_runner.py:240} INFO - Task exited with return code 0
[2024-10-02T19:04:40.400+0000] {taskinstance.py:3503} INFO - 1 downstream tasks scheduled from follow-on schedule check
[2024-10-02T19:04:40.402+0000] {local_task_job_runner.py:222} INFO - ::endgroup::
