[2024-10-02T17:30:26.650+0000] {local_task_job_runner.py:120} INFO - ::group::Pre task execution logs
[2024-10-02T17:30:26.673+0000] {taskinstance.py:2076} INFO - Dependencies all met for dep_context=non-requeueable deps ti=<TaskInstance: etl_covid_europa_pipeline.extrair scheduled__2024-07-05T00:00:00+00:00 [queued]>
[2024-10-02T17:30:26.683+0000] {taskinstance.py:2076} INFO - Dependencies all met for dep_context=requeueable deps ti=<TaskInstance: etl_covid_europa_pipeline.extrair scheduled__2024-07-05T00:00:00+00:00 [queued]>
[2024-10-02T17:30:26.684+0000] {taskinstance.py:2306} INFO - Starting attempt 1 of 1
[2024-10-02T17:30:26.893+0000] {taskinstance.py:2330} INFO - Executing <Task(PythonOperator): extrair> on 2024-07-05 00:00:00+00:00
[2024-10-02T17:30:26.902+0000] {warnings.py:112} WARNING - /home/***/.local/lib/python3.12/site-packages/***/task/task_runner/standard_task_runner.py:61: DeprecationWarning: This process (pid=2685) is multi-threaded, use of fork() may lead to deadlocks in the child.
  pid = os.fork()

[2024-10-02T17:30:26.903+0000] {standard_task_runner.py:63} INFO - Started process 2700 to run task
[2024-10-02T17:30:26.903+0000] {standard_task_runner.py:90} INFO - Running: ['***', 'tasks', 'run', 'etl_covid_europa_pipeline', 'extrair', 'scheduled__2024-07-05T00:00:00+00:00', '--job-id', '491', '--raw', '--subdir', 'DAGS_FOLDER/etl_pipeline.py', '--cfg-path', '/tmp/tmpp96y0yi7']
[2024-10-02T17:30:26.905+0000] {standard_task_runner.py:91} INFO - Job 491: Subtask extrair
[2024-10-02T17:30:26.954+0000] {task_command.py:426} INFO - Running <TaskInstance: etl_covid_europa_pipeline.extrair scheduled__2024-07-05T00:00:00+00:00 [running]> on host 99de7dfc3871
[2024-10-02T17:30:27.051+0000] {taskinstance.py:2648} INFO - Exporting env vars: AIRFLOW_CTX_DAG_OWNER='***' AIRFLOW_CTX_DAG_ID='etl_covid_europa_pipeline' AIRFLOW_CTX_TASK_ID='extrair' AIRFLOW_CTX_EXECUTION_DATE='2024-07-05T00:00:00+00:00' AIRFLOW_CTX_TRY_NUMBER='1' AIRFLOW_CTX_DAG_RUN_ID='scheduled__2024-07-05T00:00:00+00:00'
[2024-10-02T17:30:27.052+0000] {taskinstance.py:430} INFO - ::endgroup::
[2024-10-02T17:30:33.399+0000] {python.py:237} INFO - Done. Returned value was: None
[2024-10-02T17:30:33.400+0000] {taskinstance.py:441} INFO - ::group::Post task execution logs
[2024-10-02T17:30:33.409+0000] {taskinstance.py:1206} INFO - Marking task as SUCCESS. dag_id=etl_covid_europa_pipeline, task_id=extrair, run_id=scheduled__2024-07-05T00:00:00+00:00, execution_date=20240705T000000, start_date=20241002T173026, end_date=20241002T173033
[2024-10-02T17:30:33.445+0000] {local_task_job_runner.py:240} INFO - Task exited with return code 0
[2024-10-02T17:30:33.472+0000] {taskinstance.py:3503} INFO - 1 downstream tasks scheduled from follow-on schedule check
[2024-10-02T17:30:33.474+0000] {local_task_job_runner.py:222} INFO - ::endgroup::
[2024-10-02T18:54:04.809+0000] {local_task_job_runner.py:120} INFO - ::group::Pre task execution logs
[2024-10-02T18:54:04.849+0000] {taskinstance.py:2076} INFO - Dependencies all met for dep_context=non-requeueable deps ti=<TaskInstance: etl_covid_europa_pipeline.extrair scheduled__2024-07-05T00:00:00+00:00 [queued]>
[2024-10-02T18:54:04.858+0000] {taskinstance.py:2076} INFO - Dependencies all met for dep_context=requeueable deps ti=<TaskInstance: etl_covid_europa_pipeline.extrair scheduled__2024-07-05T00:00:00+00:00 [queued]>
[2024-10-02T18:54:04.858+0000] {taskinstance.py:2306} INFO - Starting attempt 1 of 1
[2024-10-02T18:54:05.093+0000] {taskinstance.py:2330} INFO - Executing <Task(PythonOperator): extrair> on 2024-07-05 00:00:00+00:00
[2024-10-02T18:54:05.099+0000] {warnings.py:112} WARNING - /home/***/.local/lib/python3.12/site-packages/***/task/task_runner/standard_task_runner.py:61: DeprecationWarning: This process (pid=4345) is multi-threaded, use of fork() may lead to deadlocks in the child.
  pid = os.fork()

[2024-10-02T18:54:05.102+0000] {standard_task_runner.py:63} INFO - Started process 4359 to run task
[2024-10-02T18:54:05.100+0000] {standard_task_runner.py:90} INFO - Running: ['***', 'tasks', 'run', 'etl_covid_europa_pipeline', 'extrair', 'scheduled__2024-07-05T00:00:00+00:00', '--job-id', '683', '--raw', '--subdir', 'DAGS_FOLDER/etl_pipeline.py', '--cfg-path', '/tmp/tmpki5dubtr']
[2024-10-02T18:54:05.103+0000] {standard_task_runner.py:91} INFO - Job 683: Subtask extrair
[2024-10-02T18:54:05.167+0000] {task_command.py:426} INFO - Running <TaskInstance: etl_covid_europa_pipeline.extrair scheduled__2024-07-05T00:00:00+00:00 [running]> on host 99de7dfc3871
[2024-10-02T18:54:05.257+0000] {taskinstance.py:2648} INFO - Exporting env vars: AIRFLOW_CTX_DAG_OWNER='***' AIRFLOW_CTX_DAG_ID='etl_covid_europa_pipeline' AIRFLOW_CTX_TASK_ID='extrair' AIRFLOW_CTX_EXECUTION_DATE='2024-07-05T00:00:00+00:00' AIRFLOW_CTX_TRY_NUMBER='1' AIRFLOW_CTX_DAG_RUN_ID='scheduled__2024-07-05T00:00:00+00:00'
[2024-10-02T18:54:05.258+0000] {taskinstance.py:430} INFO - ::endgroup::
[2024-10-02T18:54:11.153+0000] {python.py:237} INFO - Done. Returned value was: None
[2024-10-02T18:54:11.153+0000] {taskinstance.py:441} INFO - ::group::Post task execution logs
[2024-10-02T18:54:11.161+0000] {taskinstance.py:1206} INFO - Marking task as SUCCESS. dag_id=etl_covid_europa_pipeline, task_id=extrair, run_id=scheduled__2024-07-05T00:00:00+00:00, execution_date=20240705T000000, start_date=20241002T185404, end_date=20241002T185411
[2024-10-02T18:54:11.211+0000] {local_task_job_runner.py:240} INFO - Task exited with return code 0
[2024-10-02T18:54:11.217+0000] {local_task_job_runner.py:222} INFO - ::endgroup::
[2024-10-02T19:03:06.533+0000] {local_task_job_runner.py:120} INFO - ::group::Pre task execution logs
[2024-10-02T19:03:06.560+0000] {taskinstance.py:2076} INFO - Dependencies all met for dep_context=non-requeueable deps ti=<TaskInstance: etl_covid_europa_pipeline.extrair scheduled__2024-07-05T00:00:00+00:00 [queued]>
[2024-10-02T19:03:06.573+0000] {taskinstance.py:2076} INFO - Dependencies all met for dep_context=requeueable deps ti=<TaskInstance: etl_covid_europa_pipeline.extrair scheduled__2024-07-05T00:00:00+00:00 [queued]>
[2024-10-02T19:03:06.573+0000] {taskinstance.py:2306} INFO - Starting attempt 1 of 1
[2024-10-02T19:03:06.807+0000] {taskinstance.py:2330} INFO - Executing <Task(PythonOperator): extrair> on 2024-07-05 00:00:00+00:00
[2024-10-02T19:03:06.817+0000] {warnings.py:112} WARNING - /home/***/.local/lib/python3.12/site-packages/***/task/task_runner/standard_task_runner.py:61: DeprecationWarning: This process (pid=7639) is multi-threaded, use of fork() may lead to deadlocks in the child.
  pid = os.fork()

[2024-10-02T19:03:06.821+0000] {standard_task_runner.py:63} INFO - Started process 7656 to run task
[2024-10-02T19:03:06.818+0000] {standard_task_runner.py:90} INFO - Running: ['***', 'tasks', 'run', 'etl_covid_europa_pipeline', 'extrair', 'scheduled__2024-07-05T00:00:00+00:00', '--job-id', '1740', '--raw', '--subdir', 'DAGS_FOLDER/etl_pipeline.py', '--cfg-path', '/tmp/tmp233751xx']
[2024-10-02T19:03:06.824+0000] {standard_task_runner.py:91} INFO - Job 1740: Subtask extrair
[2024-10-02T19:03:06.883+0000] {task_command.py:426} INFO - Running <TaskInstance: etl_covid_europa_pipeline.extrair scheduled__2024-07-05T00:00:00+00:00 [running]> on host 99de7dfc3871
[2024-10-02T19:03:07.023+0000] {taskinstance.py:2648} INFO - Exporting env vars: AIRFLOW_CTX_DAG_OWNER='***' AIRFLOW_CTX_DAG_ID='etl_covid_europa_pipeline' AIRFLOW_CTX_TASK_ID='extrair' AIRFLOW_CTX_EXECUTION_DATE='2024-07-05T00:00:00+00:00' AIRFLOW_CTX_TRY_NUMBER='1' AIRFLOW_CTX_DAG_RUN_ID='scheduled__2024-07-05T00:00:00+00:00'
[2024-10-02T19:03:07.025+0000] {taskinstance.py:430} INFO - ::endgroup::
[2024-10-02T19:03:13.010+0000] {python.py:237} INFO - Done. Returned value was: None
[2024-10-02T19:03:13.011+0000] {taskinstance.py:441} INFO - ::group::Post task execution logs
[2024-10-02T19:03:13.023+0000] {taskinstance.py:1206} INFO - Marking task as SUCCESS. dag_id=etl_covid_europa_pipeline, task_id=extrair, run_id=scheduled__2024-07-05T00:00:00+00:00, execution_date=20240705T000000, start_date=20241002T190306, end_date=20241002T190313
[2024-10-02T19:03:13.093+0000] {local_task_job_runner.py:240} INFO - Task exited with return code 0
[2024-10-02T19:03:13.129+0000] {taskinstance.py:3503} INFO - 1 downstream tasks scheduled from follow-on schedule check
[2024-10-02T19:03:13.135+0000] {local_task_job_runner.py:222} INFO - ::endgroup::
