[2024-10-02T17:26:05.981+0000] {local_task_job_runner.py:120} INFO - ::group::Pre task execution logs
[2024-10-02T17:26:06.006+0000] {taskinstance.py:2076} INFO - Dependencies all met for dep_context=non-requeueable deps ti=<TaskInstance: etl_covid_europa_pipeline.extrair scheduled__2023-11-21T00:00:00+00:00 [queued]>
[2024-10-02T17:26:06.014+0000] {taskinstance.py:2076} INFO - Dependencies all met for dep_context=requeueable deps ti=<TaskInstance: etl_covid_europa_pipeline.extrair scheduled__2023-11-21T00:00:00+00:00 [queued]>
[2024-10-02T17:26:06.015+0000] {taskinstance.py:2306} INFO - Starting attempt 1 of 1
[2024-10-02T17:26:06.205+0000] {taskinstance.py:2330} INFO - Executing <Task(PythonOperator): extrair> on 2023-11-21 00:00:00+00:00
[2024-10-02T17:26:06.212+0000] {warnings.py:112} WARNING - /home/***/.local/lib/python3.12/site-packages/***/task/task_runner/standard_task_runner.py:61: DeprecationWarning: This process (pid=1478) is multi-threaded, use of fork() may lead to deadlocks in the child.
  pid = os.fork()

[2024-10-02T17:26:06.213+0000] {standard_task_runner.py:63} INFO - Started process 1491 to run task
[2024-10-02T17:26:06.214+0000] {standard_task_runner.py:90} INFO - Running: ['***', 'tasks', 'run', 'etl_covid_europa_pipeline', 'extrair', 'scheduled__2023-11-21T00:00:00+00:00', '--job-id', '106', '--raw', '--subdir', 'DAGS_FOLDER/etl_pipeline.py', '--cfg-path', '/tmp/tmpfq5h8o4e']
[2024-10-02T17:26:06.216+0000] {standard_task_runner.py:91} INFO - Job 106: Subtask extrair
[2024-10-02T17:26:06.257+0000] {task_command.py:426} INFO - Running <TaskInstance: etl_covid_europa_pipeline.extrair scheduled__2023-11-21T00:00:00+00:00 [running]> on host 99de7dfc3871
[2024-10-02T17:26:06.350+0000] {taskinstance.py:2648} INFO - Exporting env vars: AIRFLOW_CTX_DAG_OWNER='***' AIRFLOW_CTX_DAG_ID='etl_covid_europa_pipeline' AIRFLOW_CTX_TASK_ID='extrair' AIRFLOW_CTX_EXECUTION_DATE='2023-11-21T00:00:00+00:00' AIRFLOW_CTX_TRY_NUMBER='1' AIRFLOW_CTX_DAG_RUN_ID='scheduled__2023-11-21T00:00:00+00:00'
[2024-10-02T17:26:06.351+0000] {taskinstance.py:430} INFO - ::endgroup::
[2024-10-02T17:26:12.770+0000] {python.py:237} INFO - Done. Returned value was: None
[2024-10-02T17:26:12.771+0000] {taskinstance.py:441} INFO - ::group::Post task execution logs
[2024-10-02T17:26:12.779+0000] {taskinstance.py:1206} INFO - Marking task as SUCCESS. dag_id=etl_covid_europa_pipeline, task_id=extrair, run_id=scheduled__2023-11-21T00:00:00+00:00, execution_date=20231121T000000, start_date=20241002T172606, end_date=20241002T172612
[2024-10-02T17:26:12.840+0000] {local_task_job_runner.py:240} INFO - Task exited with return code 0
[2024-10-02T17:26:12.851+0000] {local_task_job_runner.py:222} INFO - ::endgroup::
[2024-10-02T18:58:10.067+0000] {local_task_job_runner.py:120} INFO - ::group::Pre task execution logs
[2024-10-02T18:58:10.091+0000] {taskinstance.py:2076} INFO - Dependencies all met for dep_context=non-requeueable deps ti=<TaskInstance: etl_covid_europa_pipeline.extrair scheduled__2023-11-21T00:00:00+00:00 [queued]>
[2024-10-02T18:58:10.099+0000] {taskinstance.py:2076} INFO - Dependencies all met for dep_context=requeueable deps ti=<TaskInstance: etl_covid_europa_pipeline.extrair scheduled__2023-11-21T00:00:00+00:00 [queued]>
[2024-10-02T18:58:10.100+0000] {taskinstance.py:2306} INFO - Starting attempt 1 of 1
[2024-10-02T18:58:10.367+0000] {taskinstance.py:2330} INFO - Executing <Task(PythonOperator): extrair> on 2023-11-21 00:00:00+00:00
[2024-10-02T18:58:10.378+0000] {warnings.py:112} WARNING - /home/***/.local/lib/python3.12/site-packages/***/task/task_runner/standard_task_runner.py:61: DeprecationWarning: This process (pid=5705) is multi-threaded, use of fork() may lead to deadlocks in the child.
  pid = os.fork()

[2024-10-02T18:58:10.379+0000] {standard_task_runner.py:63} INFO - Started process 5721 to run task
[2024-10-02T18:58:10.379+0000] {standard_task_runner.py:90} INFO - Running: ['***', 'tasks', 'run', 'etl_covid_europa_pipeline', 'extrair', 'scheduled__2023-11-21T00:00:00+00:00', '--job-id', '1116', '--raw', '--subdir', 'DAGS_FOLDER/etl_pipeline.py', '--cfg-path', '/tmp/tmp3900fsdp']
[2024-10-02T18:58:10.381+0000] {standard_task_runner.py:91} INFO - Job 1116: Subtask extrair
[2024-10-02T18:58:10.441+0000] {task_command.py:426} INFO - Running <TaskInstance: etl_covid_europa_pipeline.extrair scheduled__2023-11-21T00:00:00+00:00 [running]> on host 99de7dfc3871
[2024-10-02T18:58:10.571+0000] {taskinstance.py:2648} INFO - Exporting env vars: AIRFLOW_CTX_DAG_OWNER='***' AIRFLOW_CTX_DAG_ID='etl_covid_europa_pipeline' AIRFLOW_CTX_TASK_ID='extrair' AIRFLOW_CTX_EXECUTION_DATE='2023-11-21T00:00:00+00:00' AIRFLOW_CTX_TRY_NUMBER='1' AIRFLOW_CTX_DAG_RUN_ID='scheduled__2023-11-21T00:00:00+00:00'
[2024-10-02T18:58:10.572+0000] {taskinstance.py:430} INFO - ::endgroup::
[2024-10-02T18:58:16.911+0000] {python.py:237} INFO - Done. Returned value was: None
[2024-10-02T18:58:16.912+0000] {taskinstance.py:441} INFO - ::group::Post task execution logs
[2024-10-02T18:58:16.925+0000] {taskinstance.py:1206} INFO - Marking task as SUCCESS. dag_id=etl_covid_europa_pipeline, task_id=extrair, run_id=scheduled__2023-11-21T00:00:00+00:00, execution_date=20231121T000000, start_date=20241002T185810, end_date=20241002T185816
[2024-10-02T18:58:16.975+0000] {local_task_job_runner.py:240} INFO - Task exited with return code 0
[2024-10-02T18:58:17.001+0000] {taskinstance.py:3503} INFO - 1 downstream tasks scheduled from follow-on schedule check
[2024-10-02T18:58:17.004+0000] {local_task_job_runner.py:222} INFO - ::endgroup::
[2024-10-02T19:24:22.617+0000] {local_task_job_runner.py:120} INFO - ::group::Pre task execution logs
[2024-10-02T19:24:22.643+0000] {taskinstance.py:2076} INFO - Dependencies all met for dep_context=non-requeueable deps ti=<TaskInstance: etl_covid_europa_pipeline.extrair scheduled__2023-11-21T00:00:00+00:00 [queued]>
[2024-10-02T19:24:22.653+0000] {taskinstance.py:2076} INFO - Dependencies all met for dep_context=requeueable deps ti=<TaskInstance: etl_covid_europa_pipeline.extrair scheduled__2023-11-21T00:00:00+00:00 [queued]>
[2024-10-02T19:24:22.653+0000] {taskinstance.py:2306} INFO - Starting attempt 1 of 1
[2024-10-02T19:24:22.671+0000] {taskinstance.py:2330} INFO - Executing <Task(PythonOperator): extrair> on 2023-11-21 00:00:00+00:00
[2024-10-02T19:24:22.679+0000] {warnings.py:112} WARNING - /home/***/.local/lib/python3.12/site-packages/***/task/task_runner/standard_task_runner.py:61: DeprecationWarning: This process (pid=9068) is multi-threaded, use of fork() may lead to deadlocks in the child.
  pid = os.fork()

[2024-10-02T19:24:22.680+0000] {standard_task_runner.py:63} INFO - Started process 9081 to run task
[2024-10-02T19:24:22.680+0000] {standard_task_runner.py:90} INFO - Running: ['***', 'tasks', 'run', 'etl_covid_europa_pipeline', 'extrair', 'scheduled__2023-11-21T00:00:00+00:00', '--job-id', '2125', '--raw', '--subdir', 'DAGS_FOLDER/etl_pipeline.py', '--cfg-path', '/tmp/tmpwlu9zf6r']
[2024-10-02T19:24:22.682+0000] {standard_task_runner.py:91} INFO - Job 2125: Subtask extrair
[2024-10-02T19:24:23.026+0000] {task_command.py:426} INFO - Running <TaskInstance: etl_covid_europa_pipeline.extrair scheduled__2023-11-21T00:00:00+00:00 [running]> on host 99de7dfc3871
[2024-10-02T19:24:23.146+0000] {taskinstance.py:2648} INFO - Exporting env vars: AIRFLOW_CTX_DAG_OWNER='***' AIRFLOW_CTX_DAG_ID='etl_covid_europa_pipeline' AIRFLOW_CTX_TASK_ID='extrair' AIRFLOW_CTX_EXECUTION_DATE='2023-11-21T00:00:00+00:00' AIRFLOW_CTX_TRY_NUMBER='1' AIRFLOW_CTX_DAG_RUN_ID='scheduled__2023-11-21T00:00:00+00:00'
[2024-10-02T19:24:23.147+0000] {taskinstance.py:430} INFO - ::endgroup::
[2024-10-02T19:24:29.212+0000] {python.py:237} INFO - Done. Returned value was: None
[2024-10-02T19:24:29.212+0000] {taskinstance.py:441} INFO - ::group::Post task execution logs
[2024-10-02T19:24:29.226+0000] {taskinstance.py:1206} INFO - Marking task as SUCCESS. dag_id=etl_covid_europa_pipeline, task_id=extrair, run_id=scheduled__2023-11-21T00:00:00+00:00, execution_date=20231121T000000, start_date=20241002T192422, end_date=20241002T192429
[2024-10-02T19:24:29.279+0000] {local_task_job_runner.py:240} INFO - Task exited with return code 0
[2024-10-02T19:24:29.304+0000] {taskinstance.py:3503} INFO - 1 downstream tasks scheduled from follow-on schedule check
[2024-10-02T19:24:29.307+0000] {local_task_job_runner.py:222} INFO - ::endgroup::
