[2024-10-02T19:00:59.086+0000] {local_task_job_runner.py:120} INFO - ::group::Pre task execution logs
[2024-10-02T19:00:59.109+0000] {taskinstance.py:2076} INFO - Dependencies all met for dep_context=non-requeueable deps ti=<TaskInstance: etl_covid_europa_pipeline.carregar scheduled__2024-03-27T00:00:00+00:00 [queued]>
[2024-10-02T19:00:59.301+0000] {taskinstance.py:2076} INFO - Dependencies all met for dep_context=requeueable deps ti=<TaskInstance: etl_covid_europa_pipeline.carregar scheduled__2024-03-27T00:00:00+00:00 [queued]>
[2024-10-02T19:00:59.301+0000] {taskinstance.py:2306} INFO - Starting attempt 1 of 1
[2024-10-02T19:00:59.359+0000] {taskinstance.py:2330} INFO - Executing <Task(PythonOperator): carregar> on 2024-03-27 00:00:00+00:00
[2024-10-02T19:00:59.366+0000] {warnings.py:112} WARNING - /home/***/.local/lib/python3.12/site-packages/***/task/task_runner/standard_task_runner.py:61: DeprecationWarning: This process (pid=6848) is multi-threaded, use of fork() may lead to deadlocks in the child.
  pid = os.fork()

[2024-10-02T19:00:59.368+0000] {standard_task_runner.py:63} INFO - Started process 6863 to run task
[2024-10-02T19:00:59.368+0000] {standard_task_runner.py:90} INFO - Running: ['***', 'tasks', 'run', 'etl_covid_europa_pipeline', 'carregar', 'scheduled__2024-03-27T00:00:00+00:00', '--job-id', '1485', '--raw', '--subdir', 'DAGS_FOLDER/etl_pipeline.py', '--cfg-path', '/tmp/tmpvzelhmcm']
[2024-10-02T19:00:59.370+0000] {standard_task_runner.py:91} INFO - Job 1485: Subtask carregar
[2024-10-02T19:00:59.416+0000] {task_command.py:426} INFO - Running <TaskInstance: etl_covid_europa_pipeline.carregar scheduled__2024-03-27T00:00:00+00:00 [running]> on host 99de7dfc3871
[2024-10-02T19:00:59.522+0000] {taskinstance.py:2648} INFO - Exporting env vars: AIRFLOW_CTX_DAG_OWNER='***' AIRFLOW_CTX_DAG_ID='etl_covid_europa_pipeline' AIRFLOW_CTX_TASK_ID='carregar' AIRFLOW_CTX_EXECUTION_DATE='2024-03-27T00:00:00+00:00' AIRFLOW_CTX_TRY_NUMBER='1' AIRFLOW_CTX_DAG_RUN_ID='scheduled__2024-03-27T00:00:00+00:00'
[2024-10-02T19:00:59.526+0000] {taskinstance.py:430} INFO - ::endgroup::
[2024-10-02T19:00:59.591+0000] {python.py:237} INFO - Done. Returned value was: None
[2024-10-02T19:00:59.592+0000] {taskinstance.py:441} INFO - ::group::Post task execution logs
[2024-10-02T19:00:59.602+0000] {taskinstance.py:1206} INFO - Marking task as SUCCESS. dag_id=etl_covid_europa_pipeline, task_id=carregar, run_id=scheduled__2024-03-27T00:00:00+00:00, execution_date=20240327T000000, start_date=20241002T190059, end_date=20241002T190059
[2024-10-02T19:00:59.662+0000] {local_task_job_runner.py:240} INFO - Task exited with return code 0
[2024-10-02T19:00:59.673+0000] {local_task_job_runner.py:222} INFO - ::endgroup::
[2024-10-02T19:27:20.884+0000] {local_task_job_runner.py:120} INFO - ::group::Pre task execution logs
[2024-10-02T19:27:21.263+0000] {taskinstance.py:2076} INFO - Dependencies all met for dep_context=non-requeueable deps ti=<TaskInstance: etl_covid_europa_pipeline.carregar scheduled__2024-03-27T00:00:00+00:00 [queued]>
[2024-10-02T19:27:21.279+0000] {taskinstance.py:2076} INFO - Dependencies all met for dep_context=requeueable deps ti=<TaskInstance: etl_covid_europa_pipeline.carregar scheduled__2024-03-27T00:00:00+00:00 [queued]>
[2024-10-02T19:27:21.283+0000] {taskinstance.py:2306} INFO - Starting attempt 1 of 1
[2024-10-02T19:27:21.434+0000] {taskinstance.py:2330} INFO - Executing <Task(PythonOperator): carregar> on 2024-03-27 00:00:00+00:00
[2024-10-02T19:27:21.443+0000] {warnings.py:112} WARNING - /home/***/.local/lib/python3.12/site-packages/***/task/task_runner/standard_task_runner.py:61: DeprecationWarning: This process (pid=10313) is multi-threaded, use of fork() may lead to deadlocks in the child.
  pid = os.fork()

[2024-10-02T19:27:21.446+0000] {standard_task_runner.py:63} INFO - Started process 10336 to run task
[2024-10-02T19:27:21.447+0000] {standard_task_runner.py:90} INFO - Running: ['***', 'tasks', 'run', 'etl_covid_europa_pipeline', 'carregar', 'scheduled__2024-03-27T00:00:00+00:00', '--job-id', '2531', '--raw', '--subdir', 'DAGS_FOLDER/etl_pipeline_agrupar_continente.py', '--cfg-path', '/tmp/tmpbq4pbqtv']
[2024-10-02T19:27:21.450+0000] {standard_task_runner.py:91} INFO - Job 2531: Subtask carregar
[2024-10-02T19:27:21.523+0000] {task_command.py:426} INFO - Running <TaskInstance: etl_covid_europa_pipeline.carregar scheduled__2024-03-27T00:00:00+00:00 [running]> on host 99de7dfc3871
[2024-10-02T19:27:21.661+0000] {taskinstance.py:2648} INFO - Exporting env vars: AIRFLOW_CTX_DAG_OWNER='***' AIRFLOW_CTX_DAG_ID='etl_covid_europa_pipeline' AIRFLOW_CTX_TASK_ID='carregar' AIRFLOW_CTX_EXECUTION_DATE='2024-03-27T00:00:00+00:00' AIRFLOW_CTX_TRY_NUMBER='1' AIRFLOW_CTX_DAG_RUN_ID='scheduled__2024-03-27T00:00:00+00:00'
[2024-10-02T19:27:21.663+0000] {taskinstance.py:430} INFO - ::endgroup::
[2024-10-02T19:27:21.739+0000] {python.py:237} INFO - Done. Returned value was: None
[2024-10-02T19:27:21.741+0000] {taskinstance.py:441} INFO - ::group::Post task execution logs
[2024-10-02T19:27:21.753+0000] {taskinstance.py:1206} INFO - Marking task as SUCCESS. dag_id=etl_covid_europa_pipeline, task_id=carregar, run_id=scheduled__2024-03-27T00:00:00+00:00, execution_date=20240327T000000, start_date=20241002T192721, end_date=20241002T192721
[2024-10-02T19:27:21.824+0000] {local_task_job_runner.py:240} INFO - Task exited with return code 0
[2024-10-02T19:27:21.845+0000] {taskinstance.py:3503} INFO - 0 downstream tasks scheduled from follow-on schedule check
[2024-10-02T19:27:21.847+0000] {local_task_job_runner.py:222} INFO - ::endgroup::
