[2024-10-02T18:55:47.746+0000] {local_task_job_runner.py:120} INFO - ::group::Pre task execution logs
[2024-10-02T18:55:47.779+0000] {taskinstance.py:2076} INFO - Dependencies all met for dep_context=non-requeueable deps ti=<TaskInstance: etl_covid_europa_pipeline.carregar scheduled__2024-09-21T00:00:00+00:00 [queued]>
[2024-10-02T18:55:47.798+0000] {taskinstance.py:2076} INFO - Dependencies all met for dep_context=requeueable deps ti=<TaskInstance: etl_covid_europa_pipeline.carregar scheduled__2024-09-21T00:00:00+00:00 [queued]>
[2024-10-02T18:55:47.798+0000] {taskinstance.py:2306} INFO - Starting attempt 1 of 1
[2024-10-02T18:55:48.113+0000] {taskinstance.py:2330} INFO - Executing <Task(PythonOperator): carregar> on 2024-09-21 00:00:00+00:00
[2024-10-02T18:55:48.122+0000] {warnings.py:112} WARNING - /home/***/.local/lib/python3.12/site-packages/***/task/task_runner/standard_task_runner.py:61: DeprecationWarning: This process (pid=5156) is multi-threaded, use of fork() may lead to deadlocks in the child.
  pid = os.fork()

[2024-10-02T18:55:48.125+0000] {standard_task_runner.py:63} INFO - Started process 5177 to run task
[2024-10-02T18:55:48.127+0000] {standard_task_runner.py:90} INFO - Running: ['***', 'tasks', 'run', 'etl_covid_europa_pipeline', 'carregar', 'scheduled__2024-09-21T00:00:00+00:00', '--job-id', '947', '--raw', '--subdir', 'DAGS_FOLDER/etl_pipeline.py', '--cfg-path', '/tmp/tmpob2ecrns']
[2024-10-02T18:55:48.131+0000] {standard_task_runner.py:91} INFO - Job 947: Subtask carregar
[2024-10-02T18:55:48.208+0000] {task_command.py:426} INFO - Running <TaskInstance: etl_covid_europa_pipeline.carregar scheduled__2024-09-21T00:00:00+00:00 [running]> on host 99de7dfc3871
[2024-10-02T18:55:48.327+0000] {taskinstance.py:2648} INFO - Exporting env vars: AIRFLOW_CTX_DAG_OWNER='***' AIRFLOW_CTX_DAG_ID='etl_covid_europa_pipeline' AIRFLOW_CTX_TASK_ID='carregar' AIRFLOW_CTX_EXECUTION_DATE='2024-09-21T00:00:00+00:00' AIRFLOW_CTX_TRY_NUMBER='1' AIRFLOW_CTX_DAG_RUN_ID='scheduled__2024-09-21T00:00:00+00:00'
[2024-10-02T18:55:48.329+0000] {taskinstance.py:430} INFO - ::endgroup::
[2024-10-02T18:55:48.427+0000] {python.py:237} INFO - Done. Returned value was: None
[2024-10-02T18:55:48.428+0000] {taskinstance.py:441} INFO - ::group::Post task execution logs
[2024-10-02T18:55:48.440+0000] {taskinstance.py:1206} INFO - Marking task as SUCCESS. dag_id=etl_covid_europa_pipeline, task_id=carregar, run_id=scheduled__2024-09-21T00:00:00+00:00, execution_date=20240921T000000, start_date=20241002T185547, end_date=20241002T185548
[2024-10-02T18:55:48.465+0000] {local_task_job_runner.py:240} INFO - Task exited with return code 0
[2024-10-02T18:55:48.483+0000] {taskinstance.py:3503} INFO - 0 downstream tasks scheduled from follow-on schedule check
[2024-10-02T18:55:48.488+0000] {local_task_job_runner.py:222} INFO - ::endgroup::
[2024-10-02T19:04:52.499+0000] {local_task_job_runner.py:120} INFO - ::group::Pre task execution logs
[2024-10-02T19:04:52.528+0000] {taskinstance.py:2076} INFO - Dependencies all met for dep_context=non-requeueable deps ti=<TaskInstance: etl_covid_europa_pipeline.carregar scheduled__2024-09-21T00:00:00+00:00 [queued]>
[2024-10-02T19:04:52.814+0000] {taskinstance.py:2076} INFO - Dependencies all met for dep_context=requeueable deps ti=<TaskInstance: etl_covid_europa_pipeline.carregar scheduled__2024-09-21T00:00:00+00:00 [queued]>
[2024-10-02T19:04:52.815+0000] {taskinstance.py:2306} INFO - Starting attempt 1 of 1
[2024-10-02T19:04:52.837+0000] {taskinstance.py:2330} INFO - Executing <Task(PythonOperator): carregar> on 2024-09-21 00:00:00+00:00
[2024-10-02T19:04:52.845+0000] {warnings.py:112} WARNING - /home/***/.local/lib/python3.12/site-packages/***/task/task_runner/standard_task_runner.py:61: DeprecationWarning: This process (pid=8423) is multi-threaded, use of fork() may lead to deadlocks in the child.
  pid = os.fork()

[2024-10-02T19:04:52.846+0000] {standard_task_runner.py:63} INFO - Started process 8439 to run task
[2024-10-02T19:04:52.847+0000] {standard_task_runner.py:90} INFO - Running: ['***', 'tasks', 'run', 'etl_covid_europa_pipeline', 'carregar', 'scheduled__2024-09-21T00:00:00+00:00', '--job-id', '1995', '--raw', '--subdir', 'DAGS_FOLDER/etl_pipeline.py', '--cfg-path', '/tmp/tmp3komwi47']
[2024-10-02T19:04:52.849+0000] {standard_task_runner.py:91} INFO - Job 1995: Subtask carregar
[2024-10-02T19:04:52.894+0000] {task_command.py:426} INFO - Running <TaskInstance: etl_covid_europa_pipeline.carregar scheduled__2024-09-21T00:00:00+00:00 [running]> on host 99de7dfc3871
[2024-10-02T19:04:52.981+0000] {taskinstance.py:2648} INFO - Exporting env vars: AIRFLOW_CTX_DAG_OWNER='***' AIRFLOW_CTX_DAG_ID='etl_covid_europa_pipeline' AIRFLOW_CTX_TASK_ID='carregar' AIRFLOW_CTX_EXECUTION_DATE='2024-09-21T00:00:00+00:00' AIRFLOW_CTX_TRY_NUMBER='1' AIRFLOW_CTX_DAG_RUN_ID='scheduled__2024-09-21T00:00:00+00:00'
[2024-10-02T19:04:52.984+0000] {taskinstance.py:430} INFO - ::endgroup::
[2024-10-02T19:04:53.056+0000] {python.py:237} INFO - Done. Returned value was: None
[2024-10-02T19:04:53.057+0000] {taskinstance.py:441} INFO - ::group::Post task execution logs
[2024-10-02T19:04:53.066+0000] {taskinstance.py:1206} INFO - Marking task as SUCCESS. dag_id=etl_covid_europa_pipeline, task_id=carregar, run_id=scheduled__2024-09-21T00:00:00+00:00, execution_date=20240921T000000, start_date=20241002T190452, end_date=20241002T190453
[2024-10-02T19:04:53.100+0000] {local_task_job_runner.py:240} INFO - Task exited with return code 0
[2024-10-02T19:04:53.119+0000] {taskinstance.py:3503} INFO - 0 downstream tasks scheduled from follow-on schedule check
[2024-10-02T19:04:53.121+0000] {local_task_job_runner.py:222} INFO - ::endgroup::
