[2024-10-02T18:55:13.837+0000] {local_task_job_runner.py:120} INFO - ::group::Pre task execution logs
[2024-10-02T18:55:13.866+0000] {taskinstance.py:2076} INFO - Dependencies all met for dep_context=non-requeueable deps ti=<TaskInstance: etl_covid_europa_pipeline.carregar scheduled__2024-08-26T00:00:00+00:00 [queued]>
[2024-10-02T18:55:14.105+0000] {taskinstance.py:2076} INFO - Dependencies all met for dep_context=requeueable deps ti=<TaskInstance: etl_covid_europa_pipeline.carregar scheduled__2024-08-26T00:00:00+00:00 [queued]>
[2024-10-02T18:55:14.106+0000] {taskinstance.py:2306} INFO - Starting attempt 1 of 1
[2024-10-02T18:55:14.127+0000] {taskinstance.py:2330} INFO - Executing <Task(PythonOperator): carregar> on 2024-08-26 00:00:00+00:00
[2024-10-02T18:55:14.137+0000] {warnings.py:112} WARNING - /home/***/.local/lib/python3.12/site-packages/***/task/task_runner/standard_task_runner.py:61: DeprecationWarning: This process (pid=4868) is multi-threaded, use of fork() may lead to deadlocks in the child.
  pid = os.fork()

[2024-10-02T18:55:14.139+0000] {standard_task_runner.py:63} INFO - Started process 4889 to run task
[2024-10-02T18:55:14.139+0000] {standard_task_runner.py:90} INFO - Running: ['***', 'tasks', 'run', 'etl_covid_europa_pipeline', 'carregar', 'scheduled__2024-08-26T00:00:00+00:00', '--job-id', '851', '--raw', '--subdir', 'DAGS_FOLDER/etl_pipeline.py', '--cfg-path', '/tmp/tmpwuapuwxe']
[2024-10-02T18:55:14.142+0000] {standard_task_runner.py:91} INFO - Job 851: Subtask carregar
[2024-10-02T18:55:14.203+0000] {task_command.py:426} INFO - Running <TaskInstance: etl_covid_europa_pipeline.carregar scheduled__2024-08-26T00:00:00+00:00 [running]> on host 99de7dfc3871
[2024-10-02T18:55:14.340+0000] {taskinstance.py:2648} INFO - Exporting env vars: AIRFLOW_CTX_DAG_OWNER='***' AIRFLOW_CTX_DAG_ID='etl_covid_europa_pipeline' AIRFLOW_CTX_TASK_ID='carregar' AIRFLOW_CTX_EXECUTION_DATE='2024-08-26T00:00:00+00:00' AIRFLOW_CTX_TRY_NUMBER='1' AIRFLOW_CTX_DAG_RUN_ID='scheduled__2024-08-26T00:00:00+00:00'
[2024-10-02T18:55:14.342+0000] {taskinstance.py:430} INFO - ::endgroup::
[2024-10-02T18:55:14.486+0000] {python.py:237} INFO - Done. Returned value was: None
[2024-10-02T18:55:14.490+0000] {taskinstance.py:441} INFO - ::group::Post task execution logs
[2024-10-02T18:55:14.505+0000] {taskinstance.py:1206} INFO - Marking task as SUCCESS. dag_id=etl_covid_europa_pipeline, task_id=carregar, run_id=scheduled__2024-08-26T00:00:00+00:00, execution_date=20240826T000000, start_date=20241002T185513, end_date=20241002T185514
[2024-10-02T18:55:14.564+0000] {local_task_job_runner.py:240} INFO - Task exited with return code 0
[2024-10-02T18:55:14.584+0000] {taskinstance.py:3503} INFO - 0 downstream tasks scheduled from follow-on schedule check
[2024-10-02T18:55:14.588+0000] {local_task_job_runner.py:222} INFO - ::endgroup::
[2024-10-02T19:04:13.827+0000] {local_task_job_runner.py:120} INFO - ::group::Pre task execution logs
[2024-10-02T19:04:13.859+0000] {taskinstance.py:2076} INFO - Dependencies all met for dep_context=non-requeueable deps ti=<TaskInstance: etl_covid_europa_pipeline.carregar scheduled__2024-08-26T00:00:00+00:00 [queued]>
[2024-10-02T19:04:14.137+0000] {taskinstance.py:2076} INFO - Dependencies all met for dep_context=requeueable deps ti=<TaskInstance: etl_covid_europa_pipeline.carregar scheduled__2024-08-26T00:00:00+00:00 [queued]>
[2024-10-02T19:04:14.138+0000] {taskinstance.py:2306} INFO - Starting attempt 1 of 1
[2024-10-02T19:04:14.216+0000] {taskinstance.py:2330} INFO - Executing <Task(PythonOperator): carregar> on 2024-08-26 00:00:00+00:00
[2024-10-02T19:04:14.226+0000] {warnings.py:112} WARNING - /home/***/.local/lib/python3.12/site-packages/***/task/task_runner/standard_task_runner.py:61: DeprecationWarning: This process (pid=8169) is multi-threaded, use of fork() may lead to deadlocks in the child.
  pid = os.fork()

[2024-10-02T19:04:14.228+0000] {standard_task_runner.py:63} INFO - Started process 8193 to run task
[2024-10-02T19:04:14.227+0000] {standard_task_runner.py:90} INFO - Running: ['***', 'tasks', 'run', 'etl_covid_europa_pipeline', 'carregar', 'scheduled__2024-08-26T00:00:00+00:00', '--job-id', '1914', '--raw', '--subdir', 'DAGS_FOLDER/etl_pipeline.py', '--cfg-path', '/tmp/tmppuzyvkix']
[2024-10-02T19:04:14.229+0000] {standard_task_runner.py:91} INFO - Job 1914: Subtask carregar
[2024-10-02T19:04:14.283+0000] {task_command.py:426} INFO - Running <TaskInstance: etl_covid_europa_pipeline.carregar scheduled__2024-08-26T00:00:00+00:00 [running]> on host 99de7dfc3871
[2024-10-02T19:04:14.401+0000] {taskinstance.py:2648} INFO - Exporting env vars: AIRFLOW_CTX_DAG_OWNER='***' AIRFLOW_CTX_DAG_ID='etl_covid_europa_pipeline' AIRFLOW_CTX_TASK_ID='carregar' AIRFLOW_CTX_EXECUTION_DATE='2024-08-26T00:00:00+00:00' AIRFLOW_CTX_TRY_NUMBER='1' AIRFLOW_CTX_DAG_RUN_ID='scheduled__2024-08-26T00:00:00+00:00'
[2024-10-02T19:04:14.404+0000] {taskinstance.py:430} INFO - ::endgroup::
[2024-10-02T19:04:14.473+0000] {python.py:237} INFO - Done. Returned value was: None
[2024-10-02T19:04:14.474+0000] {taskinstance.py:441} INFO - ::group::Post task execution logs
[2024-10-02T19:04:14.485+0000] {taskinstance.py:1206} INFO - Marking task as SUCCESS. dag_id=etl_covid_europa_pipeline, task_id=carregar, run_id=scheduled__2024-08-26T00:00:00+00:00, execution_date=20240826T000000, start_date=20241002T190413, end_date=20241002T190414
[2024-10-02T19:04:14.522+0000] {local_task_job_runner.py:240} INFO - Task exited with return code 0
[2024-10-02T19:04:14.536+0000] {taskinstance.py:3503} INFO - 0 downstream tasks scheduled from follow-on schedule check
[2024-10-02T19:04:14.538+0000] {local_task_job_runner.py:222} INFO - ::endgroup::
