[2024-10-02T18:57:36.688+0000] {local_task_job_runner.py:120} INFO - ::group::Pre task execution logs
[2024-10-02T18:57:36.725+0000] {taskinstance.py:2076} INFO - Dependencies all met for dep_context=non-requeueable deps ti=<TaskInstance: etl_covid_europa_pipeline.carregar scheduled__2023-10-21T00:00:00+00:00 [queued]>
[2024-10-02T18:57:37.104+0000] {taskinstance.py:2076} INFO - Dependencies all met for dep_context=requeueable deps ti=<TaskInstance: etl_covid_europa_pipeline.carregar scheduled__2023-10-21T00:00:00+00:00 [queued]>
[2024-10-02T18:57:37.105+0000] {taskinstance.py:2306} INFO - Starting attempt 1 of 1
[2024-10-02T18:57:37.126+0000] {taskinstance.py:2330} INFO - Executing <Task(PythonOperator): carregar> on 2023-10-21 00:00:00+00:00
[2024-10-02T18:57:37.136+0000] {warnings.py:112} WARNING - /home/***/.local/lib/python3.12/site-packages/***/task/task_runner/standard_task_runner.py:61: DeprecationWarning: This process (pid=5482) is multi-threaded, use of fork() may lead to deadlocks in the child.
  pid = os.fork()

[2024-10-02T18:57:37.138+0000] {standard_task_runner.py:63} INFO - Started process 5507 to run task
[2024-10-02T18:57:37.138+0000] {standard_task_runner.py:90} INFO - Running: ['***', 'tasks', 'run', 'etl_covid_europa_pipeline', 'carregar', 'scheduled__2023-10-21T00:00:00+00:00', '--job-id', '1046', '--raw', '--subdir', 'DAGS_FOLDER/etl_pipeline.py', '--cfg-path', '/tmp/tmpqrgyath_']
[2024-10-02T18:57:37.142+0000] {standard_task_runner.py:91} INFO - Job 1046: Subtask carregar
[2024-10-02T18:57:37.218+0000] {task_command.py:426} INFO - Running <TaskInstance: etl_covid_europa_pipeline.carregar scheduled__2023-10-21T00:00:00+00:00 [running]> on host 99de7dfc3871
[2024-10-02T18:57:37.342+0000] {taskinstance.py:2648} INFO - Exporting env vars: AIRFLOW_CTX_DAG_OWNER='***' AIRFLOW_CTX_DAG_ID='etl_covid_europa_pipeline' AIRFLOW_CTX_TASK_ID='carregar' AIRFLOW_CTX_EXECUTION_DATE='2023-10-21T00:00:00+00:00' AIRFLOW_CTX_TRY_NUMBER='1' AIRFLOW_CTX_DAG_RUN_ID='scheduled__2023-10-21T00:00:00+00:00'
[2024-10-02T18:57:37.346+0000] {taskinstance.py:430} INFO - ::endgroup::
[2024-10-02T18:57:37.440+0000] {python.py:237} INFO - Done. Returned value was: None
[2024-10-02T18:57:37.441+0000] {taskinstance.py:441} INFO - ::group::Post task execution logs
[2024-10-02T18:57:37.453+0000] {taskinstance.py:1206} INFO - Marking task as SUCCESS. dag_id=etl_covid_europa_pipeline, task_id=carregar, run_id=scheduled__2023-10-21T00:00:00+00:00, execution_date=20231021T000000, start_date=20241002T185736, end_date=20241002T185737
[2024-10-02T18:57:37.517+0000] {local_task_job_runner.py:240} INFO - Task exited with return code 0
[2024-10-02T18:57:37.542+0000] {taskinstance.py:3503} INFO - 0 downstream tasks scheduled from follow-on schedule check
[2024-10-02T18:57:37.546+0000] {local_task_job_runner.py:222} INFO - ::endgroup::
[2024-10-02T19:23:48.092+0000] {local_task_job_runner.py:120} INFO - ::group::Pre task execution logs
[2024-10-02T19:23:48.127+0000] {taskinstance.py:2076} INFO - Dependencies all met for dep_context=non-requeueable deps ti=<TaskInstance: etl_covid_europa_pipeline.carregar scheduled__2023-10-21T00:00:00+00:00 [queued]>
[2024-10-02T19:23:48.140+0000] {taskinstance.py:2076} INFO - Dependencies all met for dep_context=requeueable deps ti=<TaskInstance: etl_covid_europa_pipeline.carregar scheduled__2023-10-21T00:00:00+00:00 [queued]>
[2024-10-02T19:23:48.141+0000] {taskinstance.py:2306} INFO - Starting attempt 1 of 1
[2024-10-02T19:23:48.409+0000] {taskinstance.py:2330} INFO - Executing <Task(PythonOperator): carregar> on 2023-10-21 00:00:00+00:00
[2024-10-02T19:23:48.419+0000] {warnings.py:112} WARNING - /home/***/.local/lib/python3.12/site-packages/***/task/task_runner/standard_task_runner.py:61: DeprecationWarning: This process (pid=8854) is multi-threaded, use of fork() may lead to deadlocks in the child.
  pid = os.fork()

[2024-10-02T19:23:48.419+0000] {standard_task_runner.py:90} INFO - Running: ['***', 'tasks', 'run', 'etl_covid_europa_pipeline', 'carregar', 'scheduled__2023-10-21T00:00:00+00:00', '--job-id', '2057', '--raw', '--subdir', 'DAGS_FOLDER/etl_pipeline.py', '--cfg-path', '/tmp/tmpd1ehfupu']
[2024-10-02T19:23:48.425+0000] {standard_task_runner.py:63} INFO - Started process 8865 to run task
[2024-10-02T19:23:48.427+0000] {standard_task_runner.py:91} INFO - Job 2057: Subtask carregar
[2024-10-02T19:23:48.473+0000] {task_command.py:426} INFO - Running <TaskInstance: etl_covid_europa_pipeline.carregar scheduled__2023-10-21T00:00:00+00:00 [running]> on host 99de7dfc3871
[2024-10-02T19:23:48.544+0000] {taskinstance.py:2648} INFO - Exporting env vars: AIRFLOW_CTX_DAG_OWNER='***' AIRFLOW_CTX_DAG_ID='etl_covid_europa_pipeline' AIRFLOW_CTX_TASK_ID='carregar' AIRFLOW_CTX_EXECUTION_DATE='2023-10-21T00:00:00+00:00' AIRFLOW_CTX_TRY_NUMBER='1' AIRFLOW_CTX_DAG_RUN_ID='scheduled__2023-10-21T00:00:00+00:00'
[2024-10-02T19:23:48.545+0000] {taskinstance.py:430} INFO - ::endgroup::
[2024-10-02T19:23:48.606+0000] {python.py:237} INFO - Done. Returned value was: None
[2024-10-02T19:23:48.607+0000] {taskinstance.py:441} INFO - ::group::Post task execution logs
[2024-10-02T19:23:48.614+0000] {taskinstance.py:1206} INFO - Marking task as SUCCESS. dag_id=etl_covid_europa_pipeline, task_id=carregar, run_id=scheduled__2023-10-21T00:00:00+00:00, execution_date=20231021T000000, start_date=20241002T192348, end_date=20241002T192348
[2024-10-02T19:23:48.641+0000] {local_task_job_runner.py:240} INFO - Task exited with return code 0
[2024-10-02T19:23:48.652+0000] {local_task_job_runner.py:222} INFO - ::endgroup::
