[2024-10-02T18:58:36.512+0000] {local_task_job_runner.py:120} INFO - ::group::Pre task execution logs
[2024-10-02T18:58:36.540+0000] {taskinstance.py:2076} INFO - Dependencies all met for dep_context=non-requeueable deps ti=<TaskInstance: etl_covid_europa_pipeline.carregar scheduled__2023-12-10T00:00:00+00:00 [queued]>
[2024-10-02T18:58:36.819+0000] {taskinstance.py:2076} INFO - Dependencies all met for dep_context=requeueable deps ti=<TaskInstance: etl_covid_europa_pipeline.carregar scheduled__2023-12-10T00:00:00+00:00 [queued]>
[2024-10-02T18:58:36.820+0000] {taskinstance.py:2306} INFO - Starting attempt 1 of 1
[2024-10-02T18:58:36.845+0000] {taskinstance.py:2330} INFO - Executing <Task(PythonOperator): carregar> on 2023-12-10 00:00:00+00:00
[2024-10-02T18:58:36.854+0000] {warnings.py:112} WARNING - /home/***/.local/lib/python3.12/site-packages/***/task/task_runner/standard_task_runner.py:61: DeprecationWarning: This process (pid=5930) is multi-threaded, use of fork() may lead to deadlocks in the child.
  pid = os.fork()

[2024-10-02T18:58:36.856+0000] {standard_task_runner.py:63} INFO - Started process 5946 to run task
[2024-10-02T18:58:36.856+0000] {standard_task_runner.py:90} INFO - Running: ['***', 'tasks', 'run', 'etl_covid_europa_pipeline', 'carregar', 'scheduled__2023-12-10T00:00:00+00:00', '--job-id', '1190', '--raw', '--subdir', 'DAGS_FOLDER/etl_pipeline.py', '--cfg-path', '/tmp/tmp8ds5a137']
[2024-10-02T18:58:36.858+0000] {standard_task_runner.py:91} INFO - Job 1190: Subtask carregar
[2024-10-02T18:58:36.915+0000] {task_command.py:426} INFO - Running <TaskInstance: etl_covid_europa_pipeline.carregar scheduled__2023-12-10T00:00:00+00:00 [running]> on host 99de7dfc3871
[2024-10-02T18:58:37.030+0000] {taskinstance.py:2648} INFO - Exporting env vars: AIRFLOW_CTX_DAG_OWNER='***' AIRFLOW_CTX_DAG_ID='etl_covid_europa_pipeline' AIRFLOW_CTX_TASK_ID='carregar' AIRFLOW_CTX_EXECUTION_DATE='2023-12-10T00:00:00+00:00' AIRFLOW_CTX_TRY_NUMBER='1' AIRFLOW_CTX_DAG_RUN_ID='scheduled__2023-12-10T00:00:00+00:00'
[2024-10-02T18:58:37.033+0000] {taskinstance.py:430} INFO - ::endgroup::
[2024-10-02T18:58:37.092+0000] {python.py:237} INFO - Done. Returned value was: None
[2024-10-02T18:58:37.094+0000] {taskinstance.py:441} INFO - ::group::Post task execution logs
[2024-10-02T18:58:37.102+0000] {taskinstance.py:1206} INFO - Marking task as SUCCESS. dag_id=etl_covid_europa_pipeline, task_id=carregar, run_id=scheduled__2023-12-10T00:00:00+00:00, execution_date=20231210T000000, start_date=20241002T185836, end_date=20241002T185837
[2024-10-02T18:58:37.150+0000] {local_task_job_runner.py:240} INFO - Task exited with return code 0
[2024-10-02T18:58:37.166+0000] {taskinstance.py:3503} INFO - 0 downstream tasks scheduled from follow-on schedule check
[2024-10-02T18:58:37.168+0000] {local_task_job_runner.py:222} INFO - ::endgroup::
[2024-10-02T19:24:55.410+0000] {local_task_job_runner.py:120} INFO - ::group::Pre task execution logs
[2024-10-02T19:24:55.920+0000] {taskinstance.py:2076} INFO - Dependencies all met for dep_context=non-requeueable deps ti=<TaskInstance: etl_covid_europa_pipeline.carregar scheduled__2023-12-10T00:00:00+00:00 [queued]>
[2024-10-02T19:24:55.955+0000] {taskinstance.py:2076} INFO - Dependencies all met for dep_context=requeueable deps ti=<TaskInstance: etl_covid_europa_pipeline.carregar scheduled__2023-12-10T00:00:00+00:00 [queued]>
[2024-10-02T19:24:55.957+0000] {taskinstance.py:2306} INFO - Starting attempt 1 of 1
[2024-10-02T19:24:55.991+0000] {taskinstance.py:2330} INFO - Executing <Task(PythonOperator): carregar> on 2023-12-10 00:00:00+00:00
[2024-10-02T19:24:56.008+0000] {warnings.py:112} WARNING - /home/***/.local/lib/python3.12/site-packages/***/task/task_runner/standard_task_runner.py:61: DeprecationWarning: This process (pid=9301) is multi-threaded, use of fork() may lead to deadlocks in the child.
  pid = os.fork()

[2024-10-02T19:24:56.010+0000] {standard_task_runner.py:63} INFO - Started process 9332 to run task
[2024-10-02T19:24:56.010+0000] {standard_task_runner.py:90} INFO - Running: ['***', 'tasks', 'run', 'etl_covid_europa_pipeline', 'carregar', 'scheduled__2023-12-10T00:00:00+00:00', '--job-id', '2202', '--raw', '--subdir', 'DAGS_FOLDER/etl_pipeline.py', '--cfg-path', '/tmp/tmp4d6d3kab']
[2024-10-02T19:24:56.013+0000] {standard_task_runner.py:91} INFO - Job 2202: Subtask carregar
[2024-10-02T19:24:56.101+0000] {task_command.py:426} INFO - Running <TaskInstance: etl_covid_europa_pipeline.carregar scheduled__2023-12-10T00:00:00+00:00 [running]> on host 99de7dfc3871
[2024-10-02T19:24:56.267+0000] {taskinstance.py:2648} INFO - Exporting env vars: AIRFLOW_CTX_DAG_OWNER='***' AIRFLOW_CTX_DAG_ID='etl_covid_europa_pipeline' AIRFLOW_CTX_TASK_ID='carregar' AIRFLOW_CTX_EXECUTION_DATE='2023-12-10T00:00:00+00:00' AIRFLOW_CTX_TRY_NUMBER='1' AIRFLOW_CTX_DAG_RUN_ID='scheduled__2023-12-10T00:00:00+00:00'
[2024-10-02T19:24:56.268+0000] {taskinstance.py:430} INFO - ::endgroup::
[2024-10-02T19:24:56.379+0000] {python.py:237} INFO - Done. Returned value was: None
[2024-10-02T19:24:56.380+0000] {taskinstance.py:441} INFO - ::group::Post task execution logs
[2024-10-02T19:24:56.392+0000] {taskinstance.py:1206} INFO - Marking task as SUCCESS. dag_id=etl_covid_europa_pipeline, task_id=carregar, run_id=scheduled__2023-12-10T00:00:00+00:00, execution_date=20231210T000000, start_date=20241002T192455, end_date=20241002T192456
[2024-10-02T19:24:56.439+0000] {local_task_job_runner.py:240} INFO - Task exited with return code 0
[2024-10-02T19:24:56.460+0000] {taskinstance.py:3503} INFO - 0 downstream tasks scheduled from follow-on schedule check
[2024-10-02T19:24:56.469+0000] {local_task_job_runner.py:222} INFO - ::endgroup::
