[2024-10-02T17:30:50.949+0000] {local_task_job_runner.py:120} INFO - ::group::Pre task execution logs
[2024-10-02T17:30:50.975+0000] {taskinstance.py:2076} INFO - Dependencies all met for dep_context=non-requeueable deps ti=<TaskInstance: etl_covid_europa_pipeline.transformar scheduled__2024-07-31T00:00:00+00:00 [queued]>
[2024-10-02T17:30:50.985+0000] {taskinstance.py:2076} INFO - Dependencies all met for dep_context=requeueable deps ti=<TaskInstance: etl_covid_europa_pipeline.transformar scheduled__2024-07-31T00:00:00+00:00 [queued]>
[2024-10-02T17:30:50.985+0000] {taskinstance.py:2306} INFO - Starting attempt 1 of 1
[2024-10-02T17:30:51.190+0000] {taskinstance.py:2330} INFO - Executing <Task(PythonOperator): transformar> on 2024-07-31 00:00:00+00:00
[2024-10-02T17:30:51.196+0000] {warnings.py:112} WARNING - /home/***/.local/lib/python3.12/site-packages/***/task/task_runner/standard_task_runner.py:61: DeprecationWarning: This process (pid=2841) is multi-threaded, use of fork() may lead to deadlocks in the child.
  pid = os.fork()

[2024-10-02T17:30:51.198+0000] {standard_task_runner.py:63} INFO - Started process 2845 to run task
[2024-10-02T17:30:51.198+0000] {standard_task_runner.py:90} INFO - Running: ['***', 'tasks', 'run', 'etl_covid_europa_pipeline', 'transformar', 'scheduled__2024-07-31T00:00:00+00:00', '--job-id', '540', '--raw', '--subdir', 'DAGS_FOLDER/etl_pipeline.py', '--cfg-path', '/tmp/tmp8bijcshq']
[2024-10-02T17:30:51.200+0000] {standard_task_runner.py:91} INFO - Job 540: Subtask transformar
[2024-10-02T17:30:51.252+0000] {task_command.py:426} INFO - Running <TaskInstance: etl_covid_europa_pipeline.transformar scheduled__2024-07-31T00:00:00+00:00 [running]> on host 99de7dfc3871
[2024-10-02T17:30:51.341+0000] {taskinstance.py:2648} INFO - Exporting env vars: AIRFLOW_CTX_DAG_OWNER='***' AIRFLOW_CTX_DAG_ID='etl_covid_europa_pipeline' AIRFLOW_CTX_TASK_ID='transformar' AIRFLOW_CTX_EXECUTION_DATE='2024-07-31T00:00:00+00:00' AIRFLOW_CTX_TRY_NUMBER='1' AIRFLOW_CTX_DAG_RUN_ID='scheduled__2024-07-31T00:00:00+00:00'
[2024-10-02T17:30:51.342+0000] {taskinstance.py:430} INFO - ::endgroup::
[2024-10-02T17:30:51.425+0000] {taskinstance.py:441} INFO - ::group::Post task execution logs
[2024-10-02T17:30:51.425+0000] {taskinstance.py:2905} ERROR - Task failed with exception
Traceback (most recent call last):
  File "/home/airflow/.local/lib/python3.12/site-packages/pandas/core/indexes/base.py", line 3791, in get_loc
    return self._engine.get_loc(casted_key)
           ^^^^^^^^^^^^^^^^^^^^^^^^^^^^^^^^
  File "index.pyx", line 152, in pandas._libs.index.IndexEngine.get_loc
  File "index.pyx", line 181, in pandas._libs.index.IndexEngine.get_loc
  File "pandas/_libs/hashtable_class_helper.pxi", line 7080, in pandas._libs.hashtable.PyObjectHashTable.get_item
  File "pandas/_libs/hashtable_class_helper.pxi", line 7088, in pandas._libs.hashtable.PyObjectHashTable.get_item
KeyError: 'dateRep'

The above exception was the direct cause of the following exception:

Traceback (most recent call last):
  File "/home/airflow/.local/lib/python3.12/site-packages/airflow/models/taskinstance.py", line 465, in _execute_task
    result = _execute_callable(context=context, **execute_callable_kwargs)
             ^^^^^^^^^^^^^^^^^^^^^^^^^^^^^^^^^^^^^^^^^^^^^^^^^^^^^^^^^^^^^
  File "/home/airflow/.local/lib/python3.12/site-packages/airflow/models/taskinstance.py", line 432, in _execute_callable
    return execute_callable(context=context, **execute_callable_kwargs)
           ^^^^^^^^^^^^^^^^^^^^^^^^^^^^^^^^^^^^^^^^^^^^^^^^^^^^^^^^^^^^
  File "/home/airflow/.local/lib/python3.12/site-packages/airflow/models/baseoperator.py", line 401, in wrapper
    return func(self, *args, **kwargs)
           ^^^^^^^^^^^^^^^^^^^^^^^^^^^
  File "/home/airflow/.local/lib/python3.12/site-packages/airflow/operators/python.py", line 235, in execute
    return_value = self.execute_callable()
                   ^^^^^^^^^^^^^^^^^^^^^^^
  File "/home/airflow/.local/lib/python3.12/site-packages/airflow/operators/python.py", line 252, in execute_callable
    return self.python_callable(*self.op_args, **self.op_kwargs)
           ^^^^^^^^^^^^^^^^^^^^^^^^^^^^^^^^^^^^^^^^^^^^^^^^^^^^^
  File "/opt/airflow/dags/etl_pipeline.py", line 14, in transformar
    df['dateRep'] = pd.to_datetime(df['dateRep'], format='%d/%m/%Y')
                                   ~~^^^^^^^^^^^
  File "/home/airflow/.local/lib/python3.12/site-packages/pandas/core/frame.py", line 3893, in __getitem__
    indexer = self.columns.get_loc(key)
              ^^^^^^^^^^^^^^^^^^^^^^^^^
  File "/home/airflow/.local/lib/python3.12/site-packages/pandas/core/indexes/base.py", line 3798, in get_loc
    raise KeyError(key) from err
KeyError: 'dateRep'
[2024-10-02T17:30:51.441+0000] {taskinstance.py:1206} INFO - Marking task as FAILED. dag_id=etl_covid_europa_pipeline, task_id=transformar, run_id=scheduled__2024-07-31T00:00:00+00:00, execution_date=20240731T000000, start_date=20241002T173050, end_date=20241002T173051
[2024-10-02T17:30:51.454+0000] {standard_task_runner.py:110} ERROR - Failed to execute job 540 for task transformar ('dateRep'; 2845)
[2024-10-02T17:30:51.491+0000] {local_task_job_runner.py:240} INFO - Task exited with return code 1
[2024-10-02T17:30:51.502+0000] {local_task_job_runner.py:222} INFO - ::endgroup::
[2024-10-02T18:54:54.433+0000] {local_task_job_runner.py:120} INFO - ::group::Pre task execution logs
[2024-10-02T18:54:54.482+0000] {taskinstance.py:2076} INFO - Dependencies all met for dep_context=non-requeueable deps ti=<TaskInstance: etl_covid_europa_pipeline.transformar scheduled__2024-07-31T00:00:00+00:00 [queued]>
[2024-10-02T18:54:54.857+0000] {taskinstance.py:2076} INFO - Dependencies all met for dep_context=requeueable deps ti=<TaskInstance: etl_covid_europa_pipeline.transformar scheduled__2024-07-31T00:00:00+00:00 [queued]>
[2024-10-02T18:54:54.859+0000] {taskinstance.py:2306} INFO - Starting attempt 1 of 1
[2024-10-02T18:54:54.886+0000] {taskinstance.py:2330} INFO - Executing <Task(PythonOperator): transformar> on 2024-07-31 00:00:00+00:00
[2024-10-02T18:54:54.901+0000] {warnings.py:112} WARNING - /home/***/.local/lib/python3.12/site-packages/***/task/task_runner/standard_task_runner.py:61: DeprecationWarning: This process (pid=4694) is multi-threaded, use of fork() may lead to deadlocks in the child.
  pid = os.fork()

[2024-10-02T18:54:54.903+0000] {standard_task_runner.py:63} INFO - Started process 4719 to run task
[2024-10-02T18:54:54.901+0000] {standard_task_runner.py:90} INFO - Running: ['***', 'tasks', 'run', 'etl_covid_europa_pipeline', 'transformar', 'scheduled__2024-07-31T00:00:00+00:00', '--job-id', '792', '--raw', '--subdir', 'DAGS_FOLDER/etl_pipeline.py', '--cfg-path', '/tmp/tmpbnwm4h8x']
[2024-10-02T18:54:54.906+0000] {standard_task_runner.py:91} INFO - Job 792: Subtask transformar
[2024-10-02T18:54:54.970+0000] {task_command.py:426} INFO - Running <TaskInstance: etl_covid_europa_pipeline.transformar scheduled__2024-07-31T00:00:00+00:00 [running]> on host 99de7dfc3871
[2024-10-02T18:54:55.092+0000] {taskinstance.py:2648} INFO - Exporting env vars: AIRFLOW_CTX_DAG_OWNER='***' AIRFLOW_CTX_DAG_ID='etl_covid_europa_pipeline' AIRFLOW_CTX_TASK_ID='transformar' AIRFLOW_CTX_EXECUTION_DATE='2024-07-31T00:00:00+00:00' AIRFLOW_CTX_TRY_NUMBER='1' AIRFLOW_CTX_DAG_RUN_ID='scheduled__2024-07-31T00:00:00+00:00'
[2024-10-02T18:54:55.101+0000] {taskinstance.py:430} INFO - ::endgroup::
[2024-10-02T18:54:55.394+0000] {python.py:237} INFO - Done. Returned value was: None
[2024-10-02T18:54:55.398+0000] {taskinstance.py:441} INFO - ::group::Post task execution logs
[2024-10-02T18:54:55.426+0000] {taskinstance.py:1206} INFO - Marking task as SUCCESS. dag_id=etl_covid_europa_pipeline, task_id=transformar, run_id=scheduled__2024-07-31T00:00:00+00:00, execution_date=20240731T000000, start_date=20241002T185454, end_date=20241002T185455
[2024-10-02T18:54:55.526+0000] {local_task_job_runner.py:240} INFO - Task exited with return code 0
[2024-10-02T18:54:55.559+0000] {taskinstance.py:3503} INFO - 1 downstream tasks scheduled from follow-on schedule check
[2024-10-02T18:54:55.568+0000] {local_task_job_runner.py:222} INFO - ::endgroup::
[2024-10-02T19:03:34.152+0000] {local_task_job_runner.py:120} INFO - ::group::Pre task execution logs
[2024-10-02T19:03:34.193+0000] {taskinstance.py:2076} INFO - Dependencies all met for dep_context=non-requeueable deps ti=<TaskInstance: etl_covid_europa_pipeline.transformar scheduled__2024-07-31T00:00:00+00:00 [queued]>
[2024-10-02T19:03:34.495+0000] {taskinstance.py:2076} INFO - Dependencies all met for dep_context=requeueable deps ti=<TaskInstance: etl_covid_europa_pipeline.transformar scheduled__2024-07-31T00:00:00+00:00 [queued]>
[2024-10-02T19:03:34.495+0000] {taskinstance.py:2306} INFO - Starting attempt 1 of 1
[2024-10-02T19:03:34.518+0000] {taskinstance.py:2330} INFO - Executing <Task(PythonOperator): transformar> on 2024-07-31 00:00:00+00:00
[2024-10-02T19:03:34.529+0000] {warnings.py:112} WARNING - /home/***/.local/lib/python3.12/site-packages/***/task/task_runner/standard_task_runner.py:61: DeprecationWarning: This process (pid=7850) is multi-threaded, use of fork() may lead to deadlocks in the child.
  pid = os.fork()

[2024-10-02T19:03:34.531+0000] {standard_task_runner.py:63} INFO - Started process 7871 to run task
[2024-10-02T19:03:34.531+0000] {standard_task_runner.py:90} INFO - Running: ['***', 'tasks', 'run', 'etl_covid_europa_pipeline', 'transformar', 'scheduled__2024-07-31T00:00:00+00:00', '--job-id', '1811', '--raw', '--subdir', 'DAGS_FOLDER/etl_pipeline.py', '--cfg-path', '/tmp/tmp9p9jjzpr']
[2024-10-02T19:03:34.534+0000] {standard_task_runner.py:91} INFO - Job 1811: Subtask transformar
[2024-10-02T19:03:34.605+0000] {task_command.py:426} INFO - Running <TaskInstance: etl_covid_europa_pipeline.transformar scheduled__2024-07-31T00:00:00+00:00 [running]> on host 99de7dfc3871
[2024-10-02T19:03:34.732+0000] {taskinstance.py:2648} INFO - Exporting env vars: AIRFLOW_CTX_DAG_OWNER='***' AIRFLOW_CTX_DAG_ID='etl_covid_europa_pipeline' AIRFLOW_CTX_TASK_ID='transformar' AIRFLOW_CTX_EXECUTION_DATE='2024-07-31T00:00:00+00:00' AIRFLOW_CTX_TRY_NUMBER='1' AIRFLOW_CTX_DAG_RUN_ID='scheduled__2024-07-31T00:00:00+00:00'
[2024-10-02T19:03:34.736+0000] {taskinstance.py:430} INFO - ::endgroup::
[2024-10-02T19:03:35.004+0000] {python.py:237} INFO - Done. Returned value was: None
[2024-10-02T19:03:35.005+0000] {taskinstance.py:441} INFO - ::group::Post task execution logs
[2024-10-02T19:03:35.020+0000] {taskinstance.py:1206} INFO - Marking task as SUCCESS. dag_id=etl_covid_europa_pipeline, task_id=transformar, run_id=scheduled__2024-07-31T00:00:00+00:00, execution_date=20240731T000000, start_date=20241002T190334, end_date=20241002T190335
[2024-10-02T19:03:35.068+0000] {local_task_job_runner.py:240} INFO - Task exited with return code 0
[2024-10-02T19:03:35.086+0000] {local_task_job_runner.py:222} INFO - ::endgroup::
