[2024-10-02T17:28:58.781+0000] {local_task_job_runner.py:120} INFO - ::group::Pre task execution logs
[2024-10-02T17:28:58.811+0000] {taskinstance.py:2076} INFO - Dependencies all met for dep_context=non-requeueable deps ti=<TaskInstance: etl_covid_europa_pipeline.extrair scheduled__2024-05-02T00:00:00+00:00 [queued]>
[2024-10-02T17:28:58.818+0000] {taskinstance.py:2076} INFO - Dependencies all met for dep_context=requeueable deps ti=<TaskInstance: etl_covid_europa_pipeline.extrair scheduled__2024-05-02T00:00:00+00:00 [queued]>
[2024-10-02T17:28:58.819+0000] {taskinstance.py:2306} INFO - Starting attempt 1 of 1
[2024-10-02T17:28:59.011+0000] {taskinstance.py:2330} INFO - Executing <Task(PythonOperator): extrair> on 2024-05-02 00:00:00+00:00
[2024-10-02T17:28:59.018+0000] {warnings.py:112} WARNING - /home/***/.local/lib/python3.12/site-packages/***/task/task_runner/standard_task_runner.py:61: DeprecationWarning: This process (pid=2308) is multi-threaded, use of fork() may lead to deadlocks in the child.
  pid = os.fork()

[2024-10-02T17:28:59.020+0000] {standard_task_runner.py:90} INFO - Running: ['***', 'tasks', 'run', 'etl_covid_europa_pipeline', 'extrair', 'scheduled__2024-05-02T00:00:00+00:00', '--job-id', '371', '--raw', '--subdir', 'DAGS_FOLDER/etl_pipeline.py', '--cfg-path', '/tmp/tmpryw2b3q0']
[2024-10-02T17:28:59.023+0000] {standard_task_runner.py:91} INFO - Job 371: Subtask extrair
[2024-10-02T17:28:59.022+0000] {standard_task_runner.py:63} INFO - Started process 2324 to run task
[2024-10-02T17:28:59.074+0000] {task_command.py:426} INFO - Running <TaskInstance: etl_covid_europa_pipeline.extrair scheduled__2024-05-02T00:00:00+00:00 [running]> on host 99de7dfc3871
[2024-10-02T17:28:59.159+0000] {taskinstance.py:2648} INFO - Exporting env vars: AIRFLOW_CTX_DAG_OWNER='***' AIRFLOW_CTX_DAG_ID='etl_covid_europa_pipeline' AIRFLOW_CTX_TASK_ID='extrair' AIRFLOW_CTX_EXECUTION_DATE='2024-05-02T00:00:00+00:00' AIRFLOW_CTX_TRY_NUMBER='1' AIRFLOW_CTX_DAG_RUN_ID='scheduled__2024-05-02T00:00:00+00:00'
[2024-10-02T17:28:59.161+0000] {taskinstance.py:430} INFO - ::endgroup::
[2024-10-02T17:29:05.108+0000] {python.py:237} INFO - Done. Returned value was: None
[2024-10-02T17:29:05.109+0000] {taskinstance.py:441} INFO - ::group::Post task execution logs
[2024-10-02T17:29:05.119+0000] {taskinstance.py:1206} INFO - Marking task as SUCCESS. dag_id=etl_covid_europa_pipeline, task_id=extrair, run_id=scheduled__2024-05-02T00:00:00+00:00, execution_date=20240502T000000, start_date=20241002T172858, end_date=20241002T172905
[2024-10-02T17:29:05.287+0000] {local_task_job_runner.py:240} INFO - Task exited with return code 0
[2024-10-02T17:29:05.313+0000] {taskinstance.py:3503} INFO - 1 downstream tasks scheduled from follow-on schedule check
[2024-10-02T17:29:05.315+0000] {local_task_job_runner.py:222} INFO - ::endgroup::
[2024-10-02T19:01:37.472+0000] {local_task_job_runner.py:120} INFO - ::group::Pre task execution logs
[2024-10-02T19:01:37.498+0000] {taskinstance.py:2076} INFO - Dependencies all met for dep_context=non-requeueable deps ti=<TaskInstance: etl_covid_europa_pipeline.extrair scheduled__2024-05-02T00:00:00+00:00 [queued]>
[2024-10-02T19:01:37.683+0000] {taskinstance.py:2076} INFO - Dependencies all met for dep_context=requeueable deps ti=<TaskInstance: etl_covid_europa_pipeline.extrair scheduled__2024-05-02T00:00:00+00:00 [queued]>
[2024-10-02T19:01:37.684+0000] {taskinstance.py:2306} INFO - Starting attempt 1 of 1
[2024-10-02T19:01:37.700+0000] {taskinstance.py:2330} INFO - Executing <Task(PythonOperator): extrair> on 2024-05-02 00:00:00+00:00
[2024-10-02T19:01:37.707+0000] {warnings.py:112} WARNING - /home/***/.local/lib/python3.12/site-packages/***/task/task_runner/standard_task_runner.py:61: DeprecationWarning: This process (pid=7087) is multi-threaded, use of fork() may lead to deadlocks in the child.
  pid = os.fork()

[2024-10-02T19:01:37.708+0000] {standard_task_runner.py:63} INFO - Started process 7103 to run task
[2024-10-02T19:01:37.709+0000] {standard_task_runner.py:90} INFO - Running: ['***', 'tasks', 'run', 'etl_covid_europa_pipeline', 'extrair', 'scheduled__2024-05-02T00:00:00+00:00', '--job-id', '1564', '--raw', '--subdir', 'DAGS_FOLDER/etl_pipeline.py', '--cfg-path', '/tmp/tmpkg1xybmp']
[2024-10-02T19:01:37.712+0000] {standard_task_runner.py:91} INFO - Job 1564: Subtask extrair
[2024-10-02T19:01:37.769+0000] {task_command.py:426} INFO - Running <TaskInstance: etl_covid_europa_pipeline.extrair scheduled__2024-05-02T00:00:00+00:00 [running]> on host 99de7dfc3871
[2024-10-02T19:01:37.868+0000] {taskinstance.py:2648} INFO - Exporting env vars: AIRFLOW_CTX_DAG_OWNER='***' AIRFLOW_CTX_DAG_ID='etl_covid_europa_pipeline' AIRFLOW_CTX_TASK_ID='extrair' AIRFLOW_CTX_EXECUTION_DATE='2024-05-02T00:00:00+00:00' AIRFLOW_CTX_TRY_NUMBER='1' AIRFLOW_CTX_DAG_RUN_ID='scheduled__2024-05-02T00:00:00+00:00'
[2024-10-02T19:01:37.871+0000] {taskinstance.py:430} INFO - ::endgroup::
[2024-10-02T19:01:43.383+0000] {python.py:237} INFO - Done. Returned value was: None
[2024-10-02T19:01:43.385+0000] {taskinstance.py:441} INFO - ::group::Post task execution logs
[2024-10-02T19:01:43.396+0000] {taskinstance.py:1206} INFO - Marking task as SUCCESS. dag_id=etl_covid_europa_pipeline, task_id=extrair, run_id=scheduled__2024-05-02T00:00:00+00:00, execution_date=20240502T000000, start_date=20241002T190137, end_date=20241002T190143
[2024-10-02T19:01:43.455+0000] {local_task_job_runner.py:240} INFO - Task exited with return code 0
[2024-10-02T19:01:43.465+0000] {local_task_job_runner.py:222} INFO - ::endgroup::
[2024-10-02T19:27:45.423+0000] {local_task_job_runner.py:120} INFO - ::group::Pre task execution logs
[2024-10-02T19:27:45.653+0000] {taskinstance.py:2076} INFO - Dependencies all met for dep_context=non-requeueable deps ti=<TaskInstance: etl_covid_europa_pipeline.extrair scheduled__2024-05-02T00:00:00+00:00 [queued]>
[2024-10-02T19:27:45.665+0000] {taskinstance.py:2076} INFO - Dependencies all met for dep_context=requeueable deps ti=<TaskInstance: etl_covid_europa_pipeline.extrair scheduled__2024-05-02T00:00:00+00:00 [queued]>
[2024-10-02T19:27:45.666+0000] {taskinstance.py:2306} INFO - Starting attempt 1 of 1
[2024-10-02T19:27:45.683+0000] {taskinstance.py:2330} INFO - Executing <Task(PythonOperator): extrair> on 2024-05-02 00:00:00+00:00
[2024-10-02T19:27:45.690+0000] {warnings.py:112} WARNING - /home/***/.local/lib/python3.12/site-packages/***/task/task_runner/standard_task_runner.py:61: DeprecationWarning: This process (pid=10518) is multi-threaded, use of fork() may lead to deadlocks in the child.
  pid = os.fork()

[2024-10-02T19:27:45.692+0000] {standard_task_runner.py:63} INFO - Started process 10536 to run task
[2024-10-02T19:27:45.692+0000] {standard_task_runner.py:90} INFO - Running: ['***', 'tasks', 'run', 'etl_covid_europa_pipeline', 'extrair', 'scheduled__2024-05-02T00:00:00+00:00', '--job-id', '2596', '--raw', '--subdir', 'DAGS_FOLDER/etl_pipeline_agrupar_continente.py', '--cfg-path', '/tmp/tmp_lwo4ykz']
[2024-10-02T19:27:45.694+0000] {standard_task_runner.py:91} INFO - Job 2596: Subtask extrair
[2024-10-02T19:27:45.747+0000] {task_command.py:426} INFO - Running <TaskInstance: etl_covid_europa_pipeline.extrair scheduled__2024-05-02T00:00:00+00:00 [running]> on host 99de7dfc3871
[2024-10-02T19:27:45.865+0000] {taskinstance.py:2648} INFO - Exporting env vars: AIRFLOW_CTX_DAG_OWNER='***' AIRFLOW_CTX_DAG_ID='etl_covid_europa_pipeline' AIRFLOW_CTX_TASK_ID='extrair' AIRFLOW_CTX_EXECUTION_DATE='2024-05-02T00:00:00+00:00' AIRFLOW_CTX_TRY_NUMBER='1' AIRFLOW_CTX_DAG_RUN_ID='scheduled__2024-05-02T00:00:00+00:00'
[2024-10-02T19:27:45.867+0000] {taskinstance.py:430} INFO - ::endgroup::
[2024-10-02T19:27:52.980+0000] {python.py:237} INFO - Done. Returned value was: None
[2024-10-02T19:27:52.981+0000] {taskinstance.py:441} INFO - ::group::Post task execution logs
[2024-10-02T19:27:52.990+0000] {taskinstance.py:1206} INFO - Marking task as SUCCESS. dag_id=etl_covid_europa_pipeline, task_id=extrair, run_id=scheduled__2024-05-02T00:00:00+00:00, execution_date=20240502T000000, start_date=20241002T192745, end_date=20241002T192752
[2024-10-02T19:27:53.047+0000] {local_task_job_runner.py:240} INFO - Task exited with return code 0
[2024-10-02T19:27:53.073+0000] {taskinstance.py:3503} INFO - 1 downstream tasks scheduled from follow-on schedule check
[2024-10-02T19:27:53.075+0000] {local_task_job_runner.py:222} INFO - ::endgroup::
