[2024-10-02T17:25:43.733+0000] {local_task_job_runner.py:120} INFO - ::group::Pre task execution logs
[2024-10-02T17:25:43.755+0000] {taskinstance.py:2076} INFO - Dependencies all met for dep_context=non-requeueable deps ti=<TaskInstance: etl_covid_europa_pipeline.extrair scheduled__2023-11-15T00:00:00+00:00 [queued]>
[2024-10-02T17:25:43.763+0000] {taskinstance.py:2076} INFO - Dependencies all met for dep_context=requeueable deps ti=<TaskInstance: etl_covid_europa_pipeline.extrair scheduled__2023-11-15T00:00:00+00:00 [queued]>
[2024-10-02T17:25:43.763+0000] {taskinstance.py:2306} INFO - Starting attempt 1 of 1
[2024-10-02T17:25:43.931+0000] {taskinstance.py:2330} INFO - Executing <Task(PythonOperator): extrair> on 2023-11-15 00:00:00+00:00
[2024-10-02T17:25:43.936+0000] {warnings.py:112} WARNING - /home/***/.local/lib/python3.12/site-packages/***/task/task_runner/standard_task_runner.py:61: DeprecationWarning: This process (pid=1405) is multi-threaded, use of fork() may lead to deadlocks in the child.
  pid = os.fork()

[2024-10-02T17:25:43.937+0000] {standard_task_runner.py:90} INFO - Running: ['***', 'tasks', 'run', 'etl_covid_europa_pipeline', 'extrair', 'scheduled__2023-11-15T00:00:00+00:00', '--job-id', '83', '--raw', '--subdir', 'DAGS_FOLDER/etl_pipeline.py', '--cfg-path', '/tmp/tmp_gch8oil']
[2024-10-02T17:25:43.938+0000] {standard_task_runner.py:63} INFO - Started process 1415 to run task
[2024-10-02T17:25:43.938+0000] {standard_task_runner.py:91} INFO - Job 83: Subtask extrair
[2024-10-02T17:25:43.982+0000] {task_command.py:426} INFO - Running <TaskInstance: etl_covid_europa_pipeline.extrair scheduled__2023-11-15T00:00:00+00:00 [running]> on host 99de7dfc3871
[2024-10-02T17:25:44.063+0000] {taskinstance.py:2648} INFO - Exporting env vars: AIRFLOW_CTX_DAG_OWNER='***' AIRFLOW_CTX_DAG_ID='etl_covid_europa_pipeline' AIRFLOW_CTX_TASK_ID='extrair' AIRFLOW_CTX_EXECUTION_DATE='2023-11-15T00:00:00+00:00' AIRFLOW_CTX_TRY_NUMBER='1' AIRFLOW_CTX_DAG_RUN_ID='scheduled__2023-11-15T00:00:00+00:00'
[2024-10-02T17:25:44.064+0000] {taskinstance.py:430} INFO - ::endgroup::
[2024-10-02T17:25:51.504+0000] {python.py:237} INFO - Done. Returned value was: None
[2024-10-02T17:25:51.505+0000] {taskinstance.py:441} INFO - ::group::Post task execution logs
[2024-10-02T17:25:51.512+0000] {taskinstance.py:1206} INFO - Marking task as SUCCESS. dag_id=etl_covid_europa_pipeline, task_id=extrair, run_id=scheduled__2023-11-15T00:00:00+00:00, execution_date=20231115T000000, start_date=20241002T172543, end_date=20241002T172551
[2024-10-02T17:25:51.567+0000] {local_task_job_runner.py:240} INFO - Task exited with return code 0
[2024-10-02T17:25:51.575+0000] {local_task_job_runner.py:222} INFO - ::endgroup::
[2024-10-02T18:57:44.527+0000] {local_task_job_runner.py:120} INFO - ::group::Pre task execution logs
[2024-10-02T18:57:44.551+0000] {taskinstance.py:2076} INFO - Dependencies all met for dep_context=non-requeueable deps ti=<TaskInstance: etl_covid_europa_pipeline.extrair scheduled__2023-11-15T00:00:00+00:00 [queued]>
[2024-10-02T18:57:44.739+0000] {taskinstance.py:2076} INFO - Dependencies all met for dep_context=requeueable deps ti=<TaskInstance: etl_covid_europa_pipeline.extrair scheduled__2023-11-15T00:00:00+00:00 [queued]>
[2024-10-02T18:57:44.739+0000] {taskinstance.py:2306} INFO - Starting attempt 1 of 1
[2024-10-02T18:57:44.753+0000] {taskinstance.py:2330} INFO - Executing <Task(PythonOperator): extrair> on 2023-11-15 00:00:00+00:00
[2024-10-02T18:57:44.759+0000] {warnings.py:112} WARNING - /home/***/.local/lib/python3.12/site-packages/***/task/task_runner/standard_task_runner.py:61: DeprecationWarning: This process (pid=5576) is multi-threaded, use of fork() may lead to deadlocks in the child.
  pid = os.fork()

[2024-10-02T18:57:44.760+0000] {standard_task_runner.py:63} INFO - Started process 5586 to run task
[2024-10-02T18:57:44.760+0000] {standard_task_runner.py:90} INFO - Running: ['***', 'tasks', 'run', 'etl_covid_europa_pipeline', 'extrair', 'scheduled__2023-11-15T00:00:00+00:00', '--job-id', '1076', '--raw', '--subdir', 'DAGS_FOLDER/etl_pipeline.py', '--cfg-path', '/tmp/tmpbg0fi154']
[2024-10-02T18:57:44.761+0000] {standard_task_runner.py:91} INFO - Job 1076: Subtask extrair
[2024-10-02T18:57:44.804+0000] {task_command.py:426} INFO - Running <TaskInstance: etl_covid_europa_pipeline.extrair scheduled__2023-11-15T00:00:00+00:00 [running]> on host 99de7dfc3871
[2024-10-02T18:57:44.886+0000] {taskinstance.py:2648} INFO - Exporting env vars: AIRFLOW_CTX_DAG_OWNER='***' AIRFLOW_CTX_DAG_ID='etl_covid_europa_pipeline' AIRFLOW_CTX_TASK_ID='extrair' AIRFLOW_CTX_EXECUTION_DATE='2023-11-15T00:00:00+00:00' AIRFLOW_CTX_TRY_NUMBER='1' AIRFLOW_CTX_DAG_RUN_ID='scheduled__2023-11-15T00:00:00+00:00'
[2024-10-02T18:57:44.889+0000] {taskinstance.py:430} INFO - ::endgroup::
[2024-10-02T18:57:50.574+0000] {python.py:237} INFO - Done. Returned value was: None
[2024-10-02T18:57:50.575+0000] {taskinstance.py:441} INFO - ::group::Post task execution logs
[2024-10-02T18:57:50.585+0000] {taskinstance.py:1206} INFO - Marking task as SUCCESS. dag_id=etl_covid_europa_pipeline, task_id=extrair, run_id=scheduled__2023-11-15T00:00:00+00:00, execution_date=20231115T000000, start_date=20241002T185744, end_date=20241002T185750
[2024-10-02T18:57:50.626+0000] {local_task_job_runner.py:240} INFO - Task exited with return code 0
[2024-10-02T18:57:50.666+0000] {taskinstance.py:3503} INFO - 1 downstream tasks scheduled from follow-on schedule check
[2024-10-02T18:57:50.672+0000] {local_task_job_runner.py:222} INFO - ::endgroup::
[2024-10-02T19:24:02.517+0000] {local_task_job_runner.py:120} INFO - ::group::Pre task execution logs
[2024-10-02T19:24:02.539+0000] {taskinstance.py:2076} INFO - Dependencies all met for dep_context=non-requeueable deps ti=<TaskInstance: etl_covid_europa_pipeline.extrair scheduled__2023-11-15T00:00:00+00:00 [queued]>
[2024-10-02T19:24:02.730+0000] {taskinstance.py:2076} INFO - Dependencies all met for dep_context=requeueable deps ti=<TaskInstance: etl_covid_europa_pipeline.extrair scheduled__2023-11-15T00:00:00+00:00 [queued]>
[2024-10-02T19:24:02.730+0000] {taskinstance.py:2306} INFO - Starting attempt 1 of 1
[2024-10-02T19:24:02.741+0000] {taskinstance.py:2330} INFO - Executing <Task(PythonOperator): extrair> on 2023-11-15 00:00:00+00:00
[2024-10-02T19:24:02.747+0000] {warnings.py:112} WARNING - /home/***/.local/lib/python3.12/site-packages/***/task/task_runner/standard_task_runner.py:61: DeprecationWarning: This process (pid=8942) is multi-threaded, use of fork() may lead to deadlocks in the child.
  pid = os.fork()

[2024-10-02T19:24:02.749+0000] {standard_task_runner.py:63} INFO - Started process 8955 to run task
[2024-10-02T19:24:02.748+0000] {standard_task_runner.py:90} INFO - Running: ['***', 'tasks', 'run', 'etl_covid_europa_pipeline', 'extrair', 'scheduled__2023-11-15T00:00:00+00:00', '--job-id', '2086', '--raw', '--subdir', 'DAGS_FOLDER/etl_pipeline.py', '--cfg-path', '/tmp/tmp2sdeaml_']
[2024-10-02T19:24:02.750+0000] {standard_task_runner.py:91} INFO - Job 2086: Subtask extrair
[2024-10-02T19:24:02.794+0000] {task_command.py:426} INFO - Running <TaskInstance: etl_covid_europa_pipeline.extrair scheduled__2023-11-15T00:00:00+00:00 [running]> on host 99de7dfc3871
[2024-10-02T19:24:02.879+0000] {taskinstance.py:2648} INFO - Exporting env vars: AIRFLOW_CTX_DAG_OWNER='***' AIRFLOW_CTX_DAG_ID='etl_covid_europa_pipeline' AIRFLOW_CTX_TASK_ID='extrair' AIRFLOW_CTX_EXECUTION_DATE='2023-11-15T00:00:00+00:00' AIRFLOW_CTX_TRY_NUMBER='1' AIRFLOW_CTX_DAG_RUN_ID='scheduled__2023-11-15T00:00:00+00:00'
[2024-10-02T19:24:02.882+0000] {taskinstance.py:430} INFO - ::endgroup::
[2024-10-02T19:24:10.045+0000] {python.py:237} INFO - Done. Returned value was: None
[2024-10-02T19:24:10.046+0000] {taskinstance.py:441} INFO - ::group::Post task execution logs
[2024-10-02T19:24:10.056+0000] {taskinstance.py:1206} INFO - Marking task as SUCCESS. dag_id=etl_covid_europa_pipeline, task_id=extrair, run_id=scheduled__2023-11-15T00:00:00+00:00, execution_date=20231115T000000, start_date=20241002T192402, end_date=20241002T192410
[2024-10-02T19:24:10.100+0000] {local_task_job_runner.py:240} INFO - Task exited with return code 0
[2024-10-02T19:24:10.125+0000] {taskinstance.py:3503} INFO - 1 downstream tasks scheduled from follow-on schedule check
[2024-10-02T19:24:10.127+0000] {local_task_job_runner.py:222} INFO - ::endgroup::
