[2024-10-02T17:25:16.359+0000] {local_task_job_runner.py:120} INFO - ::group::Pre task execution logs
[2024-10-02T17:25:16.402+0000] {taskinstance.py:2076} INFO - Dependencies all met for dep_context=non-requeueable deps ti=<TaskInstance: etl_covid_europa_pipeline.transformar scheduled__2023-10-04T00:00:00+00:00 [queued]>
[2024-10-02T17:25:16.412+0000] {taskinstance.py:2076} INFO - Dependencies all met for dep_context=requeueable deps ti=<TaskInstance: etl_covid_europa_pipeline.transformar scheduled__2023-10-04T00:00:00+00:00 [queued]>
[2024-10-02T17:25:16.413+0000] {taskinstance.py:2306} INFO - Starting attempt 1 of 1
[2024-10-02T17:25:16.429+0000] {taskinstance.py:2330} INFO - Executing <Task(PythonOperator): transformar> on 2023-10-04 00:00:00+00:00
[2024-10-02T17:25:16.435+0000] {warnings.py:112} WARNING - /home/***/.local/lib/python3.12/site-packages/***/task/task_runner/standard_task_runner.py:61: DeprecationWarning: This process (pid=1228) is multi-threaded, use of fork() may lead to deadlocks in the child.
  pid = os.fork()

[2024-10-02T17:25:16.437+0000] {standard_task_runner.py:63} INFO - Started process 1262 to run task
[2024-10-02T17:25:16.437+0000] {standard_task_runner.py:90} INFO - Running: ['***', 'tasks', 'run', 'etl_covid_europa_pipeline', 'transformar', 'scheduled__2023-10-04T00:00:00+00:00', '--job-id', '35', '--raw', '--subdir', 'DAGS_FOLDER/etl_pipeline.py', '--cfg-path', '/tmp/tmp2dxnz03_']
[2024-10-02T17:25:16.439+0000] {standard_task_runner.py:91} INFO - Job 35: Subtask transformar
[2024-10-02T17:25:17.446+0000] {task_command.py:426} INFO - Running <TaskInstance: etl_covid_europa_pipeline.transformar scheduled__2023-10-04T00:00:00+00:00 [running]> on host 99de7dfc3871
[2024-10-02T17:25:17.524+0000] {taskinstance.py:2648} INFO - Exporting env vars: AIRFLOW_CTX_DAG_OWNER='***' AIRFLOW_CTX_DAG_ID='etl_covid_europa_pipeline' AIRFLOW_CTX_TASK_ID='transformar' AIRFLOW_CTX_EXECUTION_DATE='2023-10-04T00:00:00+00:00' AIRFLOW_CTX_TRY_NUMBER='1' AIRFLOW_CTX_DAG_RUN_ID='scheduled__2023-10-04T00:00:00+00:00'
[2024-10-02T17:25:17.524+0000] {taskinstance.py:430} INFO - ::endgroup::
[2024-10-02T17:25:17.627+0000] {taskinstance.py:441} INFO - ::group::Post task execution logs
[2024-10-02T17:25:17.628+0000] {taskinstance.py:2905} ERROR - Task failed with exception
Traceback (most recent call last):
  File "/home/airflow/.local/lib/python3.12/site-packages/airflow/models/taskinstance.py", line 465, in _execute_task
    result = _execute_callable(context=context, **execute_callable_kwargs)
             ^^^^^^^^^^^^^^^^^^^^^^^^^^^^^^^^^^^^^^^^^^^^^^^^^^^^^^^^^^^^^
  File "/home/airflow/.local/lib/python3.12/site-packages/airflow/models/taskinstance.py", line 432, in _execute_callable
    return execute_callable(context=context, **execute_callable_kwargs)
           ^^^^^^^^^^^^^^^^^^^^^^^^^^^^^^^^^^^^^^^^^^^^^^^^^^^^^^^^^^^^
  File "/home/airflow/.local/lib/python3.12/site-packages/airflow/models/baseoperator.py", line 401, in wrapper
    return func(self, *args, **kwargs)
           ^^^^^^^^^^^^^^^^^^^^^^^^^^^
  File "/home/airflow/.local/lib/python3.12/site-packages/airflow/operators/python.py", line 235, in execute
    return_value = self.execute_callable()
                   ^^^^^^^^^^^^^^^^^^^^^^^
  File "/home/airflow/.local/lib/python3.12/site-packages/airflow/operators/python.py", line 252, in execute_callable
    return self.python_callable(*self.op_args, **self.op_kwargs)
           ^^^^^^^^^^^^^^^^^^^^^^^^^^^^^^^^^^^^^^^^^^^^^^^^^^^^^
  File "/opt/airflow/dags/etl_pipeline.py", line 17, in transformar
    df_agrupada = df.groupby('ContinentExp')[['cases', 'deaths']].sum().reset_index()
                  ^^^^^^^^^^^^^^^^^^^^^^^^^^
  File "/home/airflow/.local/lib/python3.12/site-packages/pandas/core/frame.py", line 8869, in groupby
    return DataFrameGroupBy(
           ^^^^^^^^^^^^^^^^^
  File "/home/airflow/.local/lib/python3.12/site-packages/pandas/core/groupby/groupby.py", line 1278, in __init__
    grouper, exclusions, obj = get_grouper(
                               ^^^^^^^^^^^^
  File "/home/airflow/.local/lib/python3.12/site-packages/pandas/core/groupby/grouper.py", line 1009, in get_grouper
    raise KeyError(gpr)
KeyError: 'ContinentExp'
[2024-10-02T17:25:17.640+0000] {taskinstance.py:1206} INFO - Marking task as FAILED. dag_id=etl_covid_europa_pipeline, task_id=transformar, run_id=scheduled__2023-10-04T00:00:00+00:00, execution_date=20231004T000000, start_date=20241002T172516, end_date=20241002T172517
[2024-10-02T17:25:17.648+0000] {standard_task_runner.py:110} ERROR - Failed to execute job 35 for task transformar ('ContinentExp'; 1262)
[2024-10-02T17:25:17.699+0000] {local_task_job_runner.py:240} INFO - Task exited with return code 1
[2024-10-02T17:25:17.907+0000] {taskinstance.py:3503} INFO - 0 downstream tasks scheduled from follow-on schedule check
[2024-10-02T17:25:17.911+0000] {local_task_job_runner.py:222} INFO - ::endgroup::
[2024-10-02T18:57:14.277+0000] {local_task_job_runner.py:120} INFO - ::group::Pre task execution logs
[2024-10-02T18:57:14.306+0000] {taskinstance.py:2076} INFO - Dependencies all met for dep_context=non-requeueable deps ti=<TaskInstance: etl_covid_europa_pipeline.transformar scheduled__2023-10-04T00:00:00+00:00 [queued]>
[2024-10-02T18:57:14.318+0000] {taskinstance.py:2076} INFO - Dependencies all met for dep_context=requeueable deps ti=<TaskInstance: etl_covid_europa_pipeline.transformar scheduled__2023-10-04T00:00:00+00:00 [queued]>
[2024-10-02T18:57:14.319+0000] {taskinstance.py:2306} INFO - Starting attempt 1 of 1
[2024-10-02T18:57:14.542+0000] {taskinstance.py:2330} INFO - Executing <Task(PythonOperator): transformar> on 2023-10-04 00:00:00+00:00
[2024-10-02T18:57:14.549+0000] {warnings.py:112} WARNING - /home/***/.local/lib/python3.12/site-packages/***/task/task_runner/standard_task_runner.py:61: DeprecationWarning: This process (pid=5298) is multi-threaded, use of fork() may lead to deadlocks in the child.
  pid = os.fork()

[2024-10-02T18:57:14.550+0000] {standard_task_runner.py:63} INFO - Started process 5305 to run task
[2024-10-02T18:57:14.551+0000] {standard_task_runner.py:90} INFO - Running: ['***', 'tasks', 'run', 'etl_covid_europa_pipeline', 'transformar', 'scheduled__2023-10-04T00:00:00+00:00', '--job-id', '986', '--raw', '--subdir', 'DAGS_FOLDER/etl_pipeline.py', '--cfg-path', '/tmp/tmp32csdtjx']
[2024-10-02T18:57:14.553+0000] {standard_task_runner.py:91} INFO - Job 986: Subtask transformar
[2024-10-02T18:57:14.598+0000] {task_command.py:426} INFO - Running <TaskInstance: etl_covid_europa_pipeline.transformar scheduled__2023-10-04T00:00:00+00:00 [running]> on host 99de7dfc3871
[2024-10-02T18:57:14.694+0000] {taskinstance.py:2648} INFO - Exporting env vars: AIRFLOW_CTX_DAG_OWNER='***' AIRFLOW_CTX_DAG_ID='etl_covid_europa_pipeline' AIRFLOW_CTX_TASK_ID='transformar' AIRFLOW_CTX_EXECUTION_DATE='2023-10-04T00:00:00+00:00' AIRFLOW_CTX_TRY_NUMBER='1' AIRFLOW_CTX_DAG_RUN_ID='scheduled__2023-10-04T00:00:00+00:00'
[2024-10-02T18:57:14.695+0000] {taskinstance.py:430} INFO - ::endgroup::
[2024-10-02T18:57:14.811+0000] {python.py:237} INFO - Done. Returned value was: None
[2024-10-02T18:57:14.811+0000] {taskinstance.py:441} INFO - ::group::Post task execution logs
[2024-10-02T18:57:14.821+0000] {taskinstance.py:1206} INFO - Marking task as SUCCESS. dag_id=etl_covid_europa_pipeline, task_id=transformar, run_id=scheduled__2023-10-04T00:00:00+00:00, execution_date=20231004T000000, start_date=20241002T185714, end_date=20241002T185714
[2024-10-02T18:57:14.886+0000] {local_task_job_runner.py:240} INFO - Task exited with return code 0
[2024-10-02T18:57:14.895+0000] {local_task_job_runner.py:222} INFO - ::endgroup::
