[2024-10-02T18:59:23.729+0000] {local_task_job_runner.py:120} INFO - ::group::Pre task execution logs
[2024-10-02T18:59:23.752+0000] {taskinstance.py:2076} INFO - Dependencies all met for dep_context=non-requeueable deps ti=<TaskInstance: etl_covid_europa_pipeline.carregar scheduled__2024-01-20T00:00:00+00:00 [queued]>
[2024-10-02T18:59:23.934+0000] {taskinstance.py:2076} INFO - Dependencies all met for dep_context=requeueable deps ti=<TaskInstance: etl_covid_europa_pipeline.carregar scheduled__2024-01-20T00:00:00+00:00 [queued]>
[2024-10-02T18:59:23.935+0000] {taskinstance.py:2306} INFO - Starting attempt 1 of 1
[2024-10-02T18:59:23.949+0000] {taskinstance.py:2330} INFO - Executing <Task(PythonOperator): carregar> on 2024-01-20 00:00:00+00:00
[2024-10-02T18:59:23.956+0000] {warnings.py:112} WARNING - /home/***/.local/lib/python3.12/site-packages/***/task/task_runner/standard_task_runner.py:61: DeprecationWarning: This process (pid=6276) is multi-threaded, use of fork() may lead to deadlocks in the child.
  pid = os.fork()

[2024-10-02T18:59:23.958+0000] {standard_task_runner.py:63} INFO - Started process 6278 to run task
[2024-10-02T18:59:23.957+0000] {standard_task_runner.py:90} INFO - Running: ['***', 'tasks', 'run', 'etl_covid_europa_pipeline', 'carregar', 'scheduled__2024-01-20T00:00:00+00:00', '--job-id', '1301', '--raw', '--subdir', 'DAGS_FOLDER/etl_pipeline.py', '--cfg-path', '/tmp/tmpgfkqx8nd']
[2024-10-02T18:59:23.959+0000] {standard_task_runner.py:91} INFO - Job 1301: Subtask carregar
[2024-10-02T18:59:23.996+0000] {task_command.py:426} INFO - Running <TaskInstance: etl_covid_europa_pipeline.carregar scheduled__2024-01-20T00:00:00+00:00 [running]> on host 99de7dfc3871
[2024-10-02T18:59:24.078+0000] {taskinstance.py:2648} INFO - Exporting env vars: AIRFLOW_CTX_DAG_OWNER='***' AIRFLOW_CTX_DAG_ID='etl_covid_europa_pipeline' AIRFLOW_CTX_TASK_ID='carregar' AIRFLOW_CTX_EXECUTION_DATE='2024-01-20T00:00:00+00:00' AIRFLOW_CTX_TRY_NUMBER='1' AIRFLOW_CTX_DAG_RUN_ID='scheduled__2024-01-20T00:00:00+00:00'
[2024-10-02T18:59:24.081+0000] {taskinstance.py:430} INFO - ::endgroup::
[2024-10-02T18:59:24.131+0000] {python.py:237} INFO - Done. Returned value was: None
[2024-10-02T18:59:24.132+0000] {taskinstance.py:441} INFO - ::group::Post task execution logs
[2024-10-02T18:59:24.141+0000] {taskinstance.py:1206} INFO - Marking task as SUCCESS. dag_id=etl_covid_europa_pipeline, task_id=carregar, run_id=scheduled__2024-01-20T00:00:00+00:00, execution_date=20240120T000000, start_date=20241002T185923, end_date=20241002T185924
[2024-10-02T18:59:24.172+0000] {local_task_job_runner.py:240} INFO - Task exited with return code 0
[2024-10-02T18:59:24.187+0000] {taskinstance.py:3503} INFO - 0 downstream tasks scheduled from follow-on schedule check
[2024-10-02T18:59:24.190+0000] {local_task_job_runner.py:222} INFO - ::endgroup::
[2024-10-02T19:25:51.140+0000] {local_task_job_runner.py:120} INFO - ::group::Pre task execution logs
[2024-10-02T19:25:51.188+0000] {taskinstance.py:2076} INFO - Dependencies all met for dep_context=non-requeueable deps ti=<TaskInstance: etl_covid_europa_pipeline.carregar scheduled__2024-01-20T00:00:00+00:00 [queued]>
[2024-10-02T19:25:51.534+0000] {taskinstance.py:2076} INFO - Dependencies all met for dep_context=requeueable deps ti=<TaskInstance: etl_covid_europa_pipeline.carregar scheduled__2024-01-20T00:00:00+00:00 [queued]>
[2024-10-02T19:25:51.535+0000] {taskinstance.py:2306} INFO - Starting attempt 1 of 1
[2024-10-02T19:25:51.561+0000] {taskinstance.py:2330} INFO - Executing <Task(PythonOperator): carregar> on 2024-01-20 00:00:00+00:00
[2024-10-02T19:25:51.570+0000] {warnings.py:112} WARNING - /home/***/.local/lib/python3.12/site-packages/***/task/task_runner/standard_task_runner.py:61: DeprecationWarning: This process (pid=9735) is multi-threaded, use of fork() may lead to deadlocks in the child.
  pid = os.fork()

[2024-10-02T19:25:51.571+0000] {standard_task_runner.py:63} INFO - Started process 9754 to run task
[2024-10-02T19:25:51.578+0000] {standard_task_runner.py:90} INFO - Running: ['***', 'tasks', 'run', 'etl_covid_europa_pipeline', 'carregar', 'scheduled__2024-01-20T00:00:00+00:00', '--job-id', '2345', '--raw', '--subdir', 'DAGS_FOLDER/etl_pipeline.py', '--cfg-path', '/tmp/tmp02gutc4h']
[2024-10-02T19:25:51.582+0000] {standard_task_runner.py:91} INFO - Job 2345: Subtask carregar
[2024-10-02T19:25:51.647+0000] {task_command.py:426} INFO - Running <TaskInstance: etl_covid_europa_pipeline.carregar scheduled__2024-01-20T00:00:00+00:00 [running]> on host 99de7dfc3871
[2024-10-02T19:25:51.769+0000] {taskinstance.py:2648} INFO - Exporting env vars: AIRFLOW_CTX_DAG_OWNER='***' AIRFLOW_CTX_DAG_ID='etl_covid_europa_pipeline' AIRFLOW_CTX_TASK_ID='carregar' AIRFLOW_CTX_EXECUTION_DATE='2024-01-20T00:00:00+00:00' AIRFLOW_CTX_TRY_NUMBER='1' AIRFLOW_CTX_DAG_RUN_ID='scheduled__2024-01-20T00:00:00+00:00'
[2024-10-02T19:25:51.773+0000] {taskinstance.py:430} INFO - ::endgroup::
[2024-10-02T19:25:51.875+0000] {python.py:237} INFO - Done. Returned value was: None
[2024-10-02T19:25:51.876+0000] {taskinstance.py:441} INFO - ::group::Post task execution logs
[2024-10-02T19:25:51.886+0000] {taskinstance.py:1206} INFO - Marking task as SUCCESS. dag_id=etl_covid_europa_pipeline, task_id=carregar, run_id=scheduled__2024-01-20T00:00:00+00:00, execution_date=20240120T000000, start_date=20241002T192551, end_date=20241002T192551
[2024-10-02T19:25:51.948+0000] {local_task_job_runner.py:240} INFO - Task exited with return code 0
[2024-10-02T19:25:51.966+0000] {taskinstance.py:3503} INFO - 0 downstream tasks scheduled from follow-on schedule check
[2024-10-02T19:25:51.969+0000] {local_task_job_runner.py:222} INFO - ::endgroup::
