[2024-10-02T17:28:23.712+0000] {local_task_job_runner.py:120} INFO - ::group::Pre task execution logs
[2024-10-02T17:28:23.743+0000] {taskinstance.py:2076} INFO - Dependencies all met for dep_context=non-requeueable deps ti=<TaskInstance: etl_covid_europa_pipeline.extrair scheduled__2024-03-30T00:00:00+00:00 [queued]>
[2024-10-02T17:28:23.753+0000] {taskinstance.py:2076} INFO - Dependencies all met for dep_context=requeueable deps ti=<TaskInstance: etl_covid_europa_pipeline.extrair scheduled__2024-03-30T00:00:00+00:00 [queued]>
[2024-10-02T17:28:23.754+0000] {taskinstance.py:2306} INFO - Starting attempt 1 of 1
[2024-10-02T17:28:23.954+0000] {taskinstance.py:2330} INFO - Executing <Task(PythonOperator): extrair> on 2024-03-30 00:00:00+00:00
[2024-10-02T17:28:23.962+0000] {warnings.py:112} WARNING - /home/***/.local/lib/python3.12/site-packages/***/task/task_runner/standard_task_runner.py:61: DeprecationWarning: This process (pid=2104) is multi-threaded, use of fork() may lead to deadlocks in the child.
  pid = os.fork()

[2024-10-02T17:28:23.963+0000] {standard_task_runner.py:63} INFO - Started process 2120 to run task
[2024-10-02T17:28:23.963+0000] {standard_task_runner.py:90} INFO - Running: ['***', 'tasks', 'run', 'etl_covid_europa_pipeline', 'extrair', 'scheduled__2024-03-30T00:00:00+00:00', '--job-id', '307', '--raw', '--subdir', 'DAGS_FOLDER/etl_pipeline.py', '--cfg-path', '/tmp/tmpyg5rwaiv']
[2024-10-02T17:28:23.965+0000] {standard_task_runner.py:91} INFO - Job 307: Subtask extrair
[2024-10-02T17:28:24.012+0000] {task_command.py:426} INFO - Running <TaskInstance: etl_covid_europa_pipeline.extrair scheduled__2024-03-30T00:00:00+00:00 [running]> on host 99de7dfc3871
[2024-10-02T17:28:24.113+0000] {taskinstance.py:2648} INFO - Exporting env vars: AIRFLOW_CTX_DAG_OWNER='***' AIRFLOW_CTX_DAG_ID='etl_covid_europa_pipeline' AIRFLOW_CTX_TASK_ID='extrair' AIRFLOW_CTX_EXECUTION_DATE='2024-03-30T00:00:00+00:00' AIRFLOW_CTX_TRY_NUMBER='1' AIRFLOW_CTX_DAG_RUN_ID='scheduled__2024-03-30T00:00:00+00:00'
[2024-10-02T17:28:24.115+0000] {taskinstance.py:430} INFO - ::endgroup::
[2024-10-02T17:28:30.082+0000] {python.py:237} INFO - Done. Returned value was: None
[2024-10-02T17:28:30.082+0000] {taskinstance.py:441} INFO - ::group::Post task execution logs
[2024-10-02T17:28:30.089+0000] {taskinstance.py:1206} INFO - Marking task as SUCCESS. dag_id=etl_covid_europa_pipeline, task_id=extrair, run_id=scheduled__2024-03-30T00:00:00+00:00, execution_date=20240330T000000, start_date=20241002T172823, end_date=20241002T172830
[2024-10-02T17:28:30.114+0000] {local_task_job_runner.py:240} INFO - Task exited with return code 0
[2024-10-02T17:28:30.138+0000] {taskinstance.py:3503} INFO - 1 downstream tasks scheduled from follow-on schedule check
[2024-10-02T17:28:30.140+0000] {local_task_job_runner.py:222} INFO - ::endgroup::
[2024-10-02T19:00:59.055+0000] {local_task_job_runner.py:120} INFO - ::group::Pre task execution logs
[2024-10-02T19:00:59.268+0000] {taskinstance.py:2076} INFO - Dependencies all met for dep_context=non-requeueable deps ti=<TaskInstance: etl_covid_europa_pipeline.extrair scheduled__2024-03-30T00:00:00+00:00 [queued]>
[2024-10-02T19:00:59.275+0000] {taskinstance.py:2076} INFO - Dependencies all met for dep_context=requeueable deps ti=<TaskInstance: etl_covid_europa_pipeline.extrair scheduled__2024-03-30T00:00:00+00:00 [queued]>
[2024-10-02T19:00:59.276+0000] {taskinstance.py:2306} INFO - Starting attempt 1 of 1
[2024-10-02T19:00:59.291+0000] {taskinstance.py:2330} INFO - Executing <Task(PythonOperator): extrair> on 2024-03-30 00:00:00+00:00
[2024-10-02T19:00:59.298+0000] {warnings.py:112} WARNING - /home/***/.local/lib/python3.12/site-packages/***/task/task_runner/standard_task_runner.py:61: DeprecationWarning: This process (pid=6847) is multi-threaded, use of fork() may lead to deadlocks in the child.
  pid = os.fork()

[2024-10-02T19:00:59.300+0000] {standard_task_runner.py:63} INFO - Started process 6862 to run task
[2024-10-02T19:00:59.300+0000] {standard_task_runner.py:90} INFO - Running: ['***', 'tasks', 'run', 'etl_covid_europa_pipeline', 'extrair', 'scheduled__2024-03-30T00:00:00+00:00', '--job-id', '1484', '--raw', '--subdir', 'DAGS_FOLDER/etl_pipeline.py', '--cfg-path', '/tmp/tmpn8v996ag']
[2024-10-02T19:00:59.302+0000] {standard_task_runner.py:91} INFO - Job 1484: Subtask extrair
[2024-10-02T19:00:59.345+0000] {task_command.py:426} INFO - Running <TaskInstance: etl_covid_europa_pipeline.extrair scheduled__2024-03-30T00:00:00+00:00 [running]> on host 99de7dfc3871
[2024-10-02T19:00:59.451+0000] {taskinstance.py:2648} INFO - Exporting env vars: AIRFLOW_CTX_DAG_OWNER='***' AIRFLOW_CTX_DAG_ID='etl_covid_europa_pipeline' AIRFLOW_CTX_TASK_ID='extrair' AIRFLOW_CTX_EXECUTION_DATE='2024-03-30T00:00:00+00:00' AIRFLOW_CTX_TRY_NUMBER='1' AIRFLOW_CTX_DAG_RUN_ID='scheduled__2024-03-30T00:00:00+00:00'
[2024-10-02T19:00:59.453+0000] {taskinstance.py:430} INFO - ::endgroup::
[2024-10-02T19:01:06.592+0000] {python.py:237} INFO - Done. Returned value was: None
[2024-10-02T19:01:06.593+0000] {taskinstance.py:441} INFO - ::group::Post task execution logs
[2024-10-02T19:01:06.608+0000] {taskinstance.py:1206} INFO - Marking task as SUCCESS. dag_id=etl_covid_europa_pipeline, task_id=extrair, run_id=scheduled__2024-03-30T00:00:00+00:00, execution_date=20240330T000000, start_date=20241002T190059, end_date=20241002T190106
[2024-10-02T19:01:06.683+0000] {local_task_job_runner.py:240} INFO - Task exited with return code 0
[2024-10-02T19:01:06.710+0000] {taskinstance.py:3503} INFO - 1 downstream tasks scheduled from follow-on schedule check
[2024-10-02T19:01:06.712+0000] {local_task_job_runner.py:222} INFO - ::endgroup::
[2024-10-02T19:27:10.064+0000] {local_task_job_runner.py:120} INFO - ::group::Pre task execution logs
[2024-10-02T19:27:10.275+0000] {taskinstance.py:2076} INFO - Dependencies all met for dep_context=non-requeueable deps ti=<TaskInstance: etl_covid_europa_pipeline.extrair scheduled__2024-03-30T00:00:00+00:00 [queued]>
[2024-10-02T19:27:10.285+0000] {taskinstance.py:2076} INFO - Dependencies all met for dep_context=requeueable deps ti=<TaskInstance: etl_covid_europa_pipeline.extrair scheduled__2024-03-30T00:00:00+00:00 [queued]>
[2024-10-02T19:27:10.285+0000] {taskinstance.py:2306} INFO - Starting attempt 1 of 1
[2024-10-02T19:27:10.304+0000] {taskinstance.py:2330} INFO - Executing <Task(PythonOperator): extrair> on 2024-03-30 00:00:00+00:00
[2024-10-02T19:27:10.310+0000] {warnings.py:112} WARNING - /home/***/.local/lib/python3.12/site-packages/***/task/task_runner/standard_task_runner.py:61: DeprecationWarning: This process (pid=10232) is multi-threaded, use of fork() may lead to deadlocks in the child.
  pid = os.fork()

[2024-10-02T19:27:10.311+0000] {standard_task_runner.py:63} INFO - Started process 10250 to run task
[2024-10-02T19:27:10.311+0000] {standard_task_runner.py:90} INFO - Running: ['***', 'tasks', 'run', 'etl_covid_europa_pipeline', 'extrair', 'scheduled__2024-03-30T00:00:00+00:00', '--job-id', '2503', '--raw', '--subdir', 'DAGS_FOLDER/etl_pipeline_agrupar_continente.py', '--cfg-path', '/tmp/tmpppiim3gz']
[2024-10-02T19:27:10.314+0000] {standard_task_runner.py:91} INFO - Job 2503: Subtask extrair
[2024-10-02T19:27:10.363+0000] {task_command.py:426} INFO - Running <TaskInstance: etl_covid_europa_pipeline.extrair scheduled__2024-03-30T00:00:00+00:00 [running]> on host 99de7dfc3871
[2024-10-02T19:27:10.476+0000] {taskinstance.py:2648} INFO - Exporting env vars: AIRFLOW_CTX_DAG_OWNER='***' AIRFLOW_CTX_DAG_ID='etl_covid_europa_pipeline' AIRFLOW_CTX_TASK_ID='extrair' AIRFLOW_CTX_EXECUTION_DATE='2024-03-30T00:00:00+00:00' AIRFLOW_CTX_TRY_NUMBER='1' AIRFLOW_CTX_DAG_RUN_ID='scheduled__2024-03-30T00:00:00+00:00'
[2024-10-02T19:27:10.477+0000] {taskinstance.py:430} INFO - ::endgroup::
[2024-10-02T19:27:17.879+0000] {python.py:237} INFO - Done. Returned value was: None
[2024-10-02T19:27:17.880+0000] {taskinstance.py:441} INFO - ::group::Post task execution logs
[2024-10-02T19:27:17.895+0000] {taskinstance.py:1206} INFO - Marking task as SUCCESS. dag_id=etl_covid_europa_pipeline, task_id=extrair, run_id=scheduled__2024-03-30T00:00:00+00:00, execution_date=20240330T000000, start_date=20241002T192710, end_date=20241002T192717
[2024-10-02T19:27:17.941+0000] {local_task_job_runner.py:240} INFO - Task exited with return code 0
[2024-10-02T19:27:17.951+0000] {local_task_job_runner.py:222} INFO - ::endgroup::
