[2024-10-02T17:31:54.343+0000] {local_task_job_runner.py:120} INFO - ::group::Pre task execution logs
[2024-10-02T17:31:54.372+0000] {taskinstance.py:2076} INFO - Dependencies all met for dep_context=non-requeueable deps ti=<TaskInstance: etl_covid_europa_pipeline.extrair scheduled__2024-09-17T00:00:00+00:00 [queued]>
[2024-10-02T17:31:54.381+0000] {taskinstance.py:2076} INFO - Dependencies all met for dep_context=requeueable deps ti=<TaskInstance: etl_covid_europa_pipeline.extrair scheduled__2024-09-17T00:00:00+00:00 [queued]>
[2024-10-02T17:31:54.383+0000] {taskinstance.py:2306} INFO - Starting attempt 1 of 1
[2024-10-02T17:31:54.606+0000] {taskinstance.py:2330} INFO - Executing <Task(PythonOperator): extrair> on 2024-09-17 00:00:00+00:00
[2024-10-02T17:31:54.614+0000] {standard_task_runner.py:90} INFO - Running: ['***', 'tasks', 'run', 'etl_covid_europa_pipeline', 'extrair', 'scheduled__2024-09-17T00:00:00+00:00', '--job-id', '638', '--raw', '--subdir', 'DAGS_FOLDER/etl_pipeline.py', '--cfg-path', '/tmp/tmpjnhowl52']
[2024-10-02T17:31:54.613+0000] {warnings.py:112} WARNING - /home/***/.local/lib/python3.12/site-packages/***/task/task_runner/standard_task_runner.py:61: DeprecationWarning: This process (pid=3151) is multi-threaded, use of fork() may lead to deadlocks in the child.
  pid = os.fork()

[2024-10-02T17:31:54.617+0000] {standard_task_runner.py:91} INFO - Job 638: Subtask extrair
[2024-10-02T17:31:54.618+0000] {standard_task_runner.py:63} INFO - Started process 3164 to run task
[2024-10-02T17:31:54.673+0000] {task_command.py:426} INFO - Running <TaskInstance: etl_covid_europa_pipeline.extrair scheduled__2024-09-17T00:00:00+00:00 [running]> on host 99de7dfc3871
[2024-10-02T17:31:54.770+0000] {taskinstance.py:2648} INFO - Exporting env vars: AIRFLOW_CTX_DAG_OWNER='***' AIRFLOW_CTX_DAG_ID='etl_covid_europa_pipeline' AIRFLOW_CTX_TASK_ID='extrair' AIRFLOW_CTX_EXECUTION_DATE='2024-09-17T00:00:00+00:00' AIRFLOW_CTX_TRY_NUMBER='1' AIRFLOW_CTX_DAG_RUN_ID='scheduled__2024-09-17T00:00:00+00:00'
[2024-10-02T17:31:54.772+0000] {taskinstance.py:430} INFO - ::endgroup::
[2024-10-02T17:32:00.742+0000] {python.py:237} INFO - Done. Returned value was: None
[2024-10-02T17:32:00.743+0000] {taskinstance.py:441} INFO - ::group::Post task execution logs
[2024-10-02T17:32:00.752+0000] {taskinstance.py:1206} INFO - Marking task as SUCCESS. dag_id=etl_covid_europa_pipeline, task_id=extrair, run_id=scheduled__2024-09-17T00:00:00+00:00, execution_date=20240917T000000, start_date=20241002T173154, end_date=20241002T173200
[2024-10-02T17:32:00.799+0000] {local_task_job_runner.py:240} INFO - Task exited with return code 0
[2024-10-02T17:32:00.826+0000] {taskinstance.py:3503} INFO - 1 downstream tasks scheduled from follow-on schedule check
[2024-10-02T17:32:00.828+0000] {local_task_job_runner.py:222} INFO - ::endgroup::
[2024-10-02T18:55:35.934+0000] {local_task_job_runner.py:120} INFO - ::group::Pre task execution logs
[2024-10-02T18:55:35.962+0000] {taskinstance.py:2076} INFO - Dependencies all met for dep_context=non-requeueable deps ti=<TaskInstance: etl_covid_europa_pipeline.extrair scheduled__2024-09-17T00:00:00+00:00 [queued]>
[2024-10-02T18:55:36.153+0000] {taskinstance.py:2076} INFO - Dependencies all met for dep_context=requeueable deps ti=<TaskInstance: etl_covid_europa_pipeline.extrair scheduled__2024-09-17T00:00:00+00:00 [queued]>
[2024-10-02T18:55:36.154+0000] {taskinstance.py:2306} INFO - Starting attempt 1 of 1
[2024-10-02T18:55:36.224+0000] {taskinstance.py:2330} INFO - Executing <Task(PythonOperator): extrair> on 2024-09-17 00:00:00+00:00
[2024-10-02T18:55:36.231+0000] {warnings.py:112} WARNING - /home/***/.local/lib/python3.12/site-packages/***/task/task_runner/standard_task_runner.py:61: DeprecationWarning: This process (pid=5057) is multi-threaded, use of fork() may lead to deadlocks in the child.
  pid = os.fork()

[2024-10-02T18:55:36.233+0000] {standard_task_runner.py:63} INFO - Started process 5074 to run task
[2024-10-02T18:55:36.233+0000] {standard_task_runner.py:90} INFO - Running: ['***', 'tasks', 'run', 'etl_covid_europa_pipeline', 'extrair', 'scheduled__2024-09-17T00:00:00+00:00', '--job-id', '913', '--raw', '--subdir', 'DAGS_FOLDER/etl_pipeline.py', '--cfg-path', '/tmp/tmpfv4gyjj8']
[2024-10-02T18:55:36.235+0000] {standard_task_runner.py:91} INFO - Job 913: Subtask extrair
[2024-10-02T18:55:36.277+0000] {task_command.py:426} INFO - Running <TaskInstance: etl_covid_europa_pipeline.extrair scheduled__2024-09-17T00:00:00+00:00 [running]> on host 99de7dfc3871
[2024-10-02T18:55:36.369+0000] {taskinstance.py:2648} INFO - Exporting env vars: AIRFLOW_CTX_DAG_OWNER='***' AIRFLOW_CTX_DAG_ID='etl_covid_europa_pipeline' AIRFLOW_CTX_TASK_ID='extrair' AIRFLOW_CTX_EXECUTION_DATE='2024-09-17T00:00:00+00:00' AIRFLOW_CTX_TRY_NUMBER='1' AIRFLOW_CTX_DAG_RUN_ID='scheduled__2024-09-17T00:00:00+00:00'
[2024-10-02T18:55:36.372+0000] {taskinstance.py:430} INFO - ::endgroup::
[2024-10-02T18:55:41.462+0000] {python.py:237} INFO - Done. Returned value was: None
[2024-10-02T18:55:41.463+0000] {taskinstance.py:441} INFO - ::group::Post task execution logs
[2024-10-02T18:55:41.471+0000] {taskinstance.py:1206} INFO - Marking task as SUCCESS. dag_id=etl_covid_europa_pipeline, task_id=extrair, run_id=scheduled__2024-09-17T00:00:00+00:00, execution_date=20240917T000000, start_date=20241002T185535, end_date=20241002T185541
[2024-10-02T18:55:41.501+0000] {local_task_job_runner.py:240} INFO - Task exited with return code 0
[2024-10-02T18:55:41.529+0000] {taskinstance.py:3503} INFO - 1 downstream tasks scheduled from follow-on schedule check
[2024-10-02T18:55:41.533+0000] {local_task_job_runner.py:222} INFO - ::endgroup::
[2024-10-02T19:04:34.569+0000] {local_task_job_runner.py:120} INFO - ::group::Pre task execution logs
[2024-10-02T19:04:34.598+0000] {taskinstance.py:2076} INFO - Dependencies all met for dep_context=non-requeueable deps ti=<TaskInstance: etl_covid_europa_pipeline.extrair scheduled__2024-09-17T00:00:00+00:00 [queued]>
[2024-10-02T19:04:34.827+0000] {taskinstance.py:2076} INFO - Dependencies all met for dep_context=requeueable deps ti=<TaskInstance: etl_covid_europa_pipeline.extrair scheduled__2024-09-17T00:00:00+00:00 [queued]>
[2024-10-02T19:04:34.828+0000] {taskinstance.py:2306} INFO - Starting attempt 1 of 1
[2024-10-02T19:04:34.849+0000] {taskinstance.py:2330} INFO - Executing <Task(PythonOperator): extrair> on 2024-09-17 00:00:00+00:00
[2024-10-02T19:04:34.856+0000] {warnings.py:112} WARNING - /home/***/.local/lib/python3.12/site-packages/***/task/task_runner/standard_task_runner.py:61: DeprecationWarning: This process (pid=8299) is multi-threaded, use of fork() may lead to deadlocks in the child.
  pid = os.fork()

[2024-10-02T19:04:34.858+0000] {standard_task_runner.py:63} INFO - Started process 8324 to run task
[2024-10-02T19:04:34.858+0000] {standard_task_runner.py:90} INFO - Running: ['***', 'tasks', 'run', 'etl_covid_europa_pipeline', 'extrair', 'scheduled__2024-09-17T00:00:00+00:00', '--job-id', '1957', '--raw', '--subdir', 'DAGS_FOLDER/etl_pipeline.py', '--cfg-path', '/tmp/tmpm4lqu7tw']
[2024-10-02T19:04:34.860+0000] {standard_task_runner.py:91} INFO - Job 1957: Subtask extrair
[2024-10-02T19:04:34.908+0000] {task_command.py:426} INFO - Running <TaskInstance: etl_covid_europa_pipeline.extrair scheduled__2024-09-17T00:00:00+00:00 [running]> on host 99de7dfc3871
[2024-10-02T19:04:34.995+0000] {taskinstance.py:2648} INFO - Exporting env vars: AIRFLOW_CTX_DAG_OWNER='***' AIRFLOW_CTX_DAG_ID='etl_covid_europa_pipeline' AIRFLOW_CTX_TASK_ID='extrair' AIRFLOW_CTX_EXECUTION_DATE='2024-09-17T00:00:00+00:00' AIRFLOW_CTX_TRY_NUMBER='1' AIRFLOW_CTX_DAG_RUN_ID='scheduled__2024-09-17T00:00:00+00:00'
[2024-10-02T19:04:34.998+0000] {taskinstance.py:430} INFO - ::endgroup::
[2024-10-02T19:04:40.341+0000] {python.py:237} INFO - Done. Returned value was: None
[2024-10-02T19:04:40.341+0000] {taskinstance.py:441} INFO - ::group::Post task execution logs
[2024-10-02T19:04:40.350+0000] {taskinstance.py:1206} INFO - Marking task as SUCCESS. dag_id=etl_covid_europa_pipeline, task_id=extrair, run_id=scheduled__2024-09-17T00:00:00+00:00, execution_date=20240917T000000, start_date=20241002T190434, end_date=20241002T190440
[2024-10-02T19:04:40.406+0000] {local_task_job_runner.py:240} INFO - Task exited with return code 0
[2024-10-02T19:04:40.428+0000] {taskinstance.py:3503} INFO - 1 downstream tasks scheduled from follow-on schedule check
[2024-10-02T19:04:40.431+0000] {local_task_job_runner.py:222} INFO - ::endgroup::
