[2024-10-02T17:26:15.478+0000] {local_task_job_runner.py:120} INFO - ::group::Pre task execution logs
[2024-10-02T17:26:15.505+0000] {taskinstance.py:2076} INFO - Dependencies all met for dep_context=non-requeueable deps ti=<TaskInstance: etl_covid_europa_pipeline.transformar scheduled__2023-12-03T00:00:00+00:00 [queued]>
[2024-10-02T17:26:15.512+0000] {taskinstance.py:2076} INFO - Dependencies all met for dep_context=requeueable deps ti=<TaskInstance: etl_covid_europa_pipeline.transformar scheduled__2023-12-03T00:00:00+00:00 [queued]>
[2024-10-02T17:26:15.512+0000] {taskinstance.py:2306} INFO - Starting attempt 1 of 1
[2024-10-02T17:26:15.764+0000] {taskinstance.py:2330} INFO - Executing <Task(PythonOperator): transformar> on 2023-12-03 00:00:00+00:00
[2024-10-02T17:26:15.774+0000] {warnings.py:112} WARNING - /home/***/.local/lib/python3.12/site-packages/***/task/task_runner/standard_task_runner.py:61: DeprecationWarning: This process (pid=1544) is multi-threaded, use of fork() may lead to deadlocks in the child.
  pid = os.fork()

[2024-10-02T17:26:15.776+0000] {standard_task_runner.py:63} INFO - Started process 1563 to run task
[2024-10-02T17:26:15.776+0000] {standard_task_runner.py:90} INFO - Running: ['***', 'tasks', 'run', 'etl_covid_europa_pipeline', 'transformar', 'scheduled__2023-12-03T00:00:00+00:00', '--job-id', '127', '--raw', '--subdir', 'DAGS_FOLDER/etl_pipeline.py', '--cfg-path', '/tmp/tmpzc5dlq22']
[2024-10-02T17:26:15.778+0000] {standard_task_runner.py:91} INFO - Job 127: Subtask transformar
[2024-10-02T17:26:15.844+0000] {task_command.py:426} INFO - Running <TaskInstance: etl_covid_europa_pipeline.transformar scheduled__2023-12-03T00:00:00+00:00 [running]> on host 99de7dfc3871
[2024-10-02T17:26:15.951+0000] {taskinstance.py:2648} INFO - Exporting env vars: AIRFLOW_CTX_DAG_OWNER='***' AIRFLOW_CTX_DAG_ID='etl_covid_europa_pipeline' AIRFLOW_CTX_TASK_ID='transformar' AIRFLOW_CTX_EXECUTION_DATE='2023-12-03T00:00:00+00:00' AIRFLOW_CTX_TRY_NUMBER='1' AIRFLOW_CTX_DAG_RUN_ID='scheduled__2023-12-03T00:00:00+00:00'
[2024-10-02T17:26:15.953+0000] {taskinstance.py:430} INFO - ::endgroup::
[2024-10-02T17:26:16.163+0000] {taskinstance.py:441} INFO - ::group::Post task execution logs
[2024-10-02T17:26:16.164+0000] {taskinstance.py:2905} ERROR - Task failed with exception
Traceback (most recent call last):
  File "/home/airflow/.local/lib/python3.12/site-packages/airflow/models/taskinstance.py", line 465, in _execute_task
    result = _execute_callable(context=context, **execute_callable_kwargs)
             ^^^^^^^^^^^^^^^^^^^^^^^^^^^^^^^^^^^^^^^^^^^^^^^^^^^^^^^^^^^^^
  File "/home/airflow/.local/lib/python3.12/site-packages/airflow/models/taskinstance.py", line 432, in _execute_callable
    return execute_callable(context=context, **execute_callable_kwargs)
           ^^^^^^^^^^^^^^^^^^^^^^^^^^^^^^^^^^^^^^^^^^^^^^^^^^^^^^^^^^^^
  File "/home/airflow/.local/lib/python3.12/site-packages/airflow/models/baseoperator.py", line 401, in wrapper
    return func(self, *args, **kwargs)
           ^^^^^^^^^^^^^^^^^^^^^^^^^^^
  File "/home/airflow/.local/lib/python3.12/site-packages/airflow/operators/python.py", line 235, in execute
    return_value = self.execute_callable()
                   ^^^^^^^^^^^^^^^^^^^^^^^
  File "/home/airflow/.local/lib/python3.12/site-packages/airflow/operators/python.py", line 252, in execute_callable
    return self.python_callable(*self.op_args, **self.op_kwargs)
           ^^^^^^^^^^^^^^^^^^^^^^^^^^^^^^^^^^^^^^^^^^^^^^^^^^^^^
  File "/opt/airflow/dags/etl_pipeline.py", line 17, in transformar
    df_agrupada = df.groupby('ContinentExp')[['cases', 'deaths']].sum().reset_index()
                  ^^^^^^^^^^^^^^^^^^^^^^^^^^
  File "/home/airflow/.local/lib/python3.12/site-packages/pandas/core/frame.py", line 8869, in groupby
    return DataFrameGroupBy(
           ^^^^^^^^^^^^^^^^^
  File "/home/airflow/.local/lib/python3.12/site-packages/pandas/core/groupby/groupby.py", line 1278, in __init__
    grouper, exclusions, obj = get_grouper(
                               ^^^^^^^^^^^^
  File "/home/airflow/.local/lib/python3.12/site-packages/pandas/core/groupby/grouper.py", line 1009, in get_grouper
    raise KeyError(gpr)
KeyError: 'ContinentExp'
[2024-10-02T17:26:16.181+0000] {taskinstance.py:1206} INFO - Marking task as FAILED. dag_id=etl_covid_europa_pipeline, task_id=transformar, run_id=scheduled__2023-12-03T00:00:00+00:00, execution_date=20231203T000000, start_date=20241002T172615, end_date=20241002T172616
[2024-10-02T17:26:16.198+0000] {standard_task_runner.py:110} ERROR - Failed to execute job 127 for task transformar ('ContinentExp'; 1563)
[2024-10-02T17:26:16.232+0000] {local_task_job_runner.py:240} INFO - Task exited with return code 1
[2024-10-02T17:26:16.256+0000] {taskinstance.py:3503} INFO - 0 downstream tasks scheduled from follow-on schedule check
[2024-10-02T17:26:16.261+0000] {local_task_job_runner.py:222} INFO - ::endgroup::
[2024-10-02T18:58:22.145+0000] {local_task_job_runner.py:120} INFO - ::group::Pre task execution logs
[2024-10-02T18:58:22.203+0000] {taskinstance.py:2076} INFO - Dependencies all met for dep_context=non-requeueable deps ti=<TaskInstance: etl_covid_europa_pipeline.transformar scheduled__2023-12-03T00:00:00+00:00 [queued]>
[2024-10-02T18:58:22.230+0000] {taskinstance.py:2076} INFO - Dependencies all met for dep_context=requeueable deps ti=<TaskInstance: etl_covid_europa_pipeline.transformar scheduled__2023-12-03T00:00:00+00:00 [queued]>
[2024-10-02T18:58:22.231+0000] {taskinstance.py:2306} INFO - Starting attempt 1 of 1
[2024-10-02T18:58:22.685+0000] {taskinstance.py:2330} INFO - Executing <Task(PythonOperator): transformar> on 2023-12-03 00:00:00+00:00
[2024-10-02T18:58:22.695+0000] {warnings.py:112} WARNING - /home/***/.local/lib/python3.12/site-packages/***/task/task_runner/standard_task_runner.py:61: DeprecationWarning: This process (pid=5790) is multi-threaded, use of fork() may lead to deadlocks in the child.
  pid = os.fork()

[2024-10-02T18:58:22.696+0000] {standard_task_runner.py:63} INFO - Started process 5814 to run task
[2024-10-02T18:58:22.697+0000] {standard_task_runner.py:90} INFO - Running: ['***', 'tasks', 'run', 'etl_covid_europa_pipeline', 'transformar', 'scheduled__2023-12-03T00:00:00+00:00', '--job-id', '1148', '--raw', '--subdir', 'DAGS_FOLDER/etl_pipeline.py', '--cfg-path', '/tmp/tmpu3ceo158']
[2024-10-02T18:58:22.700+0000] {standard_task_runner.py:91} INFO - Job 1148: Subtask transformar
[2024-10-02T18:58:22.777+0000] {task_command.py:426} INFO - Running <TaskInstance: etl_covid_europa_pipeline.transformar scheduled__2023-12-03T00:00:00+00:00 [running]> on host 99de7dfc3871
[2024-10-02T18:58:22.915+0000] {taskinstance.py:2648} INFO - Exporting env vars: AIRFLOW_CTX_DAG_OWNER='***' AIRFLOW_CTX_DAG_ID='etl_covid_europa_pipeline' AIRFLOW_CTX_TASK_ID='transformar' AIRFLOW_CTX_EXECUTION_DATE='2023-12-03T00:00:00+00:00' AIRFLOW_CTX_TRY_NUMBER='1' AIRFLOW_CTX_DAG_RUN_ID='scheduled__2023-12-03T00:00:00+00:00'
[2024-10-02T18:58:22.920+0000] {taskinstance.py:430} INFO - ::endgroup::
[2024-10-02T18:58:23.274+0000] {python.py:237} INFO - Done. Returned value was: None
[2024-10-02T18:58:23.278+0000] {taskinstance.py:441} INFO - ::group::Post task execution logs
[2024-10-02T18:58:23.292+0000] {taskinstance.py:1206} INFO - Marking task as SUCCESS. dag_id=etl_covid_europa_pipeline, task_id=transformar, run_id=scheduled__2023-12-03T00:00:00+00:00, execution_date=20231203T000000, start_date=20241002T185822, end_date=20241002T185823
[2024-10-02T18:58:23.361+0000] {local_task_job_runner.py:240} INFO - Task exited with return code 0
[2024-10-02T18:58:23.401+0000] {taskinstance.py:3503} INFO - 1 downstream tasks scheduled from follow-on schedule check
[2024-10-02T18:58:23.411+0000] {local_task_job_runner.py:222} INFO - ::endgroup::
[2024-10-02T19:24:34.297+0000] {local_task_job_runner.py:120} INFO - ::group::Pre task execution logs
[2024-10-02T19:24:34.325+0000] {taskinstance.py:2076} INFO - Dependencies all met for dep_context=non-requeueable deps ti=<TaskInstance: etl_covid_europa_pipeline.transformar scheduled__2023-12-03T00:00:00+00:00 [queued]>
[2024-10-02T19:24:34.511+0000] {taskinstance.py:2076} INFO - Dependencies all met for dep_context=requeueable deps ti=<TaskInstance: etl_covid_europa_pipeline.transformar scheduled__2023-12-03T00:00:00+00:00 [queued]>
[2024-10-02T19:24:34.511+0000] {taskinstance.py:2306} INFO - Starting attempt 1 of 1
[2024-10-02T19:24:34.524+0000] {taskinstance.py:2330} INFO - Executing <Task(PythonOperator): transformar> on 2023-12-03 00:00:00+00:00
[2024-10-02T19:24:34.529+0000] {warnings.py:112} WARNING - /home/***/.local/lib/python3.12/site-packages/***/task/task_runner/standard_task_runner.py:61: DeprecationWarning: This process (pid=9171) is multi-threaded, use of fork() may lead to deadlocks in the child.
  pid = os.fork()

[2024-10-02T19:24:34.530+0000] {standard_task_runner.py:63} INFO - Started process 9184 to run task
[2024-10-02T19:24:34.530+0000] {standard_task_runner.py:90} INFO - Running: ['***', 'tasks', 'run', 'etl_covid_europa_pipeline', 'transformar', 'scheduled__2023-12-03T00:00:00+00:00', '--job-id', '2162', '--raw', '--subdir', 'DAGS_FOLDER/etl_pipeline.py', '--cfg-path', '/tmp/tmpbu4vkdkc']
[2024-10-02T19:24:34.532+0000] {standard_task_runner.py:91} INFO - Job 2162: Subtask transformar
[2024-10-02T19:24:34.577+0000] {task_command.py:426} INFO - Running <TaskInstance: etl_covid_europa_pipeline.transformar scheduled__2023-12-03T00:00:00+00:00 [running]> on host 99de7dfc3871
[2024-10-02T19:24:34.652+0000] {taskinstance.py:2648} INFO - Exporting env vars: AIRFLOW_CTX_DAG_OWNER='***' AIRFLOW_CTX_DAG_ID='etl_covid_europa_pipeline' AIRFLOW_CTX_TASK_ID='transformar' AIRFLOW_CTX_EXECUTION_DATE='2023-12-03T00:00:00+00:00' AIRFLOW_CTX_TRY_NUMBER='1' AIRFLOW_CTX_DAG_RUN_ID='scheduled__2023-12-03T00:00:00+00:00'
[2024-10-02T19:24:34.655+0000] {taskinstance.py:430} INFO - ::endgroup::
[2024-10-02T19:24:34.784+0000] {python.py:237} INFO - Done. Returned value was: None
[2024-10-02T19:24:34.785+0000] {taskinstance.py:441} INFO - ::group::Post task execution logs
[2024-10-02T19:24:34.794+0000] {taskinstance.py:1206} INFO - Marking task as SUCCESS. dag_id=etl_covid_europa_pipeline, task_id=transformar, run_id=scheduled__2023-12-03T00:00:00+00:00, execution_date=20231203T000000, start_date=20241002T192434, end_date=20241002T192434
[2024-10-02T19:24:34.824+0000] {local_task_job_runner.py:240} INFO - Task exited with return code 0
[2024-10-02T19:24:34.844+0000] {taskinstance.py:3503} INFO - 1 downstream tasks scheduled from follow-on schedule check
[2024-10-02T19:24:34.846+0000] {local_task_job_runner.py:222} INFO - ::endgroup::
