[2024-10-02T17:29:25.879+0000] {local_task_job_runner.py:120} INFO - ::group::Pre task execution logs
[2024-10-02T17:29:25.902+0000] {taskinstance.py:2076} INFO - Dependencies all met for dep_context=non-requeueable deps ti=<TaskInstance: etl_covid_europa_pipeline.extrair scheduled__2024-05-23T00:00:00+00:00 [queued]>
[2024-10-02T17:29:25.909+0000] {taskinstance.py:2076} INFO - Dependencies all met for dep_context=requeueable deps ti=<TaskInstance: etl_covid_europa_pipeline.extrair scheduled__2024-05-23T00:00:00+00:00 [queued]>
[2024-10-02T17:29:25.910+0000] {taskinstance.py:2306} INFO - Starting attempt 1 of 1
[2024-10-02T17:29:26.122+0000] {taskinstance.py:2330} INFO - Executing <Task(PythonOperator): extrair> on 2024-05-23 00:00:00+00:00
[2024-10-02T17:29:26.130+0000] {warnings.py:112} WARNING - /home/***/.local/lib/python3.12/site-packages/***/task/task_runner/standard_task_runner.py:61: DeprecationWarning: This process (pid=2421) is multi-threaded, use of fork() may lead to deadlocks in the child.
  pid = os.fork()

[2024-10-02T17:29:26.132+0000] {standard_task_runner.py:63} INFO - Started process 2436 to run task
[2024-10-02T17:29:26.132+0000] {standard_task_runner.py:90} INFO - Running: ['***', 'tasks', 'run', 'etl_covid_europa_pipeline', 'extrair', 'scheduled__2024-05-23T00:00:00+00:00', '--job-id', '408', '--raw', '--subdir', 'DAGS_FOLDER/etl_pipeline.py', '--cfg-path', '/tmp/tmp7suw3hhs']
[2024-10-02T17:29:26.134+0000] {standard_task_runner.py:91} INFO - Job 408: Subtask extrair
[2024-10-02T17:29:26.181+0000] {task_command.py:426} INFO - Running <TaskInstance: etl_covid_europa_pipeline.extrair scheduled__2024-05-23T00:00:00+00:00 [running]> on host 99de7dfc3871
[2024-10-02T17:29:26.271+0000] {taskinstance.py:2648} INFO - Exporting env vars: AIRFLOW_CTX_DAG_OWNER='***' AIRFLOW_CTX_DAG_ID='etl_covid_europa_pipeline' AIRFLOW_CTX_TASK_ID='extrair' AIRFLOW_CTX_EXECUTION_DATE='2024-05-23T00:00:00+00:00' AIRFLOW_CTX_TRY_NUMBER='1' AIRFLOW_CTX_DAG_RUN_ID='scheduled__2024-05-23T00:00:00+00:00'
[2024-10-02T17:29:26.272+0000] {taskinstance.py:430} INFO - ::endgroup::
[2024-10-02T17:29:32.678+0000] {python.py:237} INFO - Done. Returned value was: None
[2024-10-02T17:29:32.679+0000] {taskinstance.py:441} INFO - ::group::Post task execution logs
[2024-10-02T17:29:32.689+0000] {taskinstance.py:1206} INFO - Marking task as SUCCESS. dag_id=etl_covid_europa_pipeline, task_id=extrair, run_id=scheduled__2024-05-23T00:00:00+00:00, execution_date=20240523T000000, start_date=20241002T172925, end_date=20241002T172932
[2024-10-02T17:29:32.755+0000] {local_task_job_runner.py:240} INFO - Task exited with return code 0
[2024-10-02T17:29:32.784+0000] {taskinstance.py:3503} INFO - 1 downstream tasks scheduled from follow-on schedule check
[2024-10-02T17:29:32.788+0000] {local_task_job_runner.py:222} INFO - ::endgroup::
[2024-10-02T19:02:07.763+0000] {local_task_job_runner.py:120} INFO - ::group::Pre task execution logs
[2024-10-02T19:02:07.787+0000] {taskinstance.py:2076} INFO - Dependencies all met for dep_context=non-requeueable deps ti=<TaskInstance: etl_covid_europa_pipeline.extrair scheduled__2024-05-23T00:00:00+00:00 [queued]>
[2024-10-02T19:02:07.983+0000] {taskinstance.py:2076} INFO - Dependencies all met for dep_context=requeueable deps ti=<TaskInstance: etl_covid_europa_pipeline.extrair scheduled__2024-05-23T00:00:00+00:00 [queued]>
[2024-10-02T19:02:07.984+0000] {taskinstance.py:2306} INFO - Starting attempt 1 of 1
[2024-10-02T19:02:08.001+0000] {taskinstance.py:2330} INFO - Executing <Task(PythonOperator): extrair> on 2024-05-23 00:00:00+00:00
[2024-10-02T19:02:08.011+0000] {warnings.py:112} WARNING - /home/***/.local/lib/python3.12/site-packages/***/task/task_runner/standard_task_runner.py:61: DeprecationWarning: This process (pid=7283) is multi-threaded, use of fork() may lead to deadlocks in the child.
  pid = os.fork()

[2024-10-02T19:02:08.013+0000] {standard_task_runner.py:63} INFO - Started process 7299 to run task
[2024-10-02T19:02:08.013+0000] {standard_task_runner.py:90} INFO - Running: ['***', 'tasks', 'run', 'etl_covid_europa_pipeline', 'extrair', 'scheduled__2024-05-23T00:00:00+00:00', '--job-id', '1627', '--raw', '--subdir', 'DAGS_FOLDER/etl_pipeline.py', '--cfg-path', '/tmp/tmpvkyh_a3m']
[2024-10-02T19:02:08.016+0000] {standard_task_runner.py:91} INFO - Job 1627: Subtask extrair
[2024-10-02T19:02:08.073+0000] {task_command.py:426} INFO - Running <TaskInstance: etl_covid_europa_pipeline.extrair scheduled__2024-05-23T00:00:00+00:00 [running]> on host 99de7dfc3871
[2024-10-02T19:02:08.178+0000] {taskinstance.py:2648} INFO - Exporting env vars: AIRFLOW_CTX_DAG_OWNER='***' AIRFLOW_CTX_DAG_ID='etl_covid_europa_pipeline' AIRFLOW_CTX_TASK_ID='extrair' AIRFLOW_CTX_EXECUTION_DATE='2024-05-23T00:00:00+00:00' AIRFLOW_CTX_TRY_NUMBER='1' AIRFLOW_CTX_DAG_RUN_ID='scheduled__2024-05-23T00:00:00+00:00'
[2024-10-02T19:02:08.181+0000] {taskinstance.py:430} INFO - ::endgroup::
[2024-10-02T19:02:13.963+0000] {python.py:237} INFO - Done. Returned value was: None
[2024-10-02T19:02:13.965+0000] {taskinstance.py:441} INFO - ::group::Post task execution logs
[2024-10-02T19:02:13.986+0000] {taskinstance.py:1206} INFO - Marking task as SUCCESS. dag_id=etl_covid_europa_pipeline, task_id=extrair, run_id=scheduled__2024-05-23T00:00:00+00:00, execution_date=20240523T000000, start_date=20241002T190207, end_date=20241002T190213
[2024-10-02T19:02:14.045+0000] {local_task_job_runner.py:240} INFO - Task exited with return code 0
[2024-10-02T19:02:14.074+0000] {taskinstance.py:3503} INFO - 1 downstream tasks scheduled from follow-on schedule check
[2024-10-02T19:02:14.078+0000] {local_task_job_runner.py:222} INFO - ::endgroup::
