[2024-10-02T18:59:00.892+0000] {local_task_job_runner.py:120} INFO - ::group::Pre task execution logs
[2024-10-02T18:59:00.914+0000] {taskinstance.py:2076} INFO - Dependencies all met for dep_context=non-requeueable deps ti=<TaskInstance: etl_covid_europa_pipeline.carregar scheduled__2024-01-05T00:00:00+00:00 [queued]>
[2024-10-02T18:59:01.056+0000] {taskinstance.py:2076} INFO - Dependencies all met for dep_context=requeueable deps ti=<TaskInstance: etl_covid_europa_pipeline.carregar scheduled__2024-01-05T00:00:00+00:00 [queued]>
[2024-10-02T18:59:01.057+0000] {taskinstance.py:2306} INFO - Starting attempt 1 of 1
[2024-10-02T18:59:01.068+0000] {taskinstance.py:2330} INFO - Executing <Task(PythonOperator): carregar> on 2024-01-05 00:00:00+00:00
[2024-10-02T18:59:01.073+0000] {warnings.py:112} WARNING - /home/***/.local/lib/python3.12/site-packages/***/task/task_runner/standard_task_runner.py:61: DeprecationWarning: This process (pid=6116) is multi-threaded, use of fork() may lead to deadlocks in the child.
  pid = os.fork()

[2024-10-02T18:59:01.074+0000] {standard_task_runner.py:63} INFO - Started process 6118 to run task
[2024-10-02T18:59:01.074+0000] {standard_task_runner.py:90} INFO - Running: ['***', 'tasks', 'run', 'etl_covid_europa_pipeline', 'carregar', 'scheduled__2024-01-05T00:00:00+00:00', '--job-id', '1250', '--raw', '--subdir', 'DAGS_FOLDER/etl_pipeline.py', '--cfg-path', '/tmp/tmpuw5itfm7']
[2024-10-02T18:59:01.075+0000] {standard_task_runner.py:91} INFO - Job 1250: Subtask carregar
[2024-10-02T18:59:01.109+0000] {task_command.py:426} INFO - Running <TaskInstance: etl_covid_europa_pipeline.carregar scheduled__2024-01-05T00:00:00+00:00 [running]> on host 99de7dfc3871
[2024-10-02T18:59:01.178+0000] {taskinstance.py:2648} INFO - Exporting env vars: AIRFLOW_CTX_DAG_OWNER='***' AIRFLOW_CTX_DAG_ID='etl_covid_europa_pipeline' AIRFLOW_CTX_TASK_ID='carregar' AIRFLOW_CTX_EXECUTION_DATE='2024-01-05T00:00:00+00:00' AIRFLOW_CTX_TRY_NUMBER='1' AIRFLOW_CTX_DAG_RUN_ID='scheduled__2024-01-05T00:00:00+00:00'
[2024-10-02T18:59:01.182+0000] {taskinstance.py:430} INFO - ::endgroup::
[2024-10-02T18:59:01.233+0000] {python.py:237} INFO - Done. Returned value was: None
[2024-10-02T18:59:01.234+0000] {taskinstance.py:441} INFO - ::group::Post task execution logs
[2024-10-02T18:59:01.241+0000] {taskinstance.py:1206} INFO - Marking task as SUCCESS. dag_id=etl_covid_europa_pipeline, task_id=carregar, run_id=scheduled__2024-01-05T00:00:00+00:00, execution_date=20240105T000000, start_date=20241002T185900, end_date=20241002T185901
[2024-10-02T18:59:01.287+0000] {local_task_job_runner.py:240} INFO - Task exited with return code 0
[2024-10-02T18:59:01.302+0000] {taskinstance.py:3503} INFO - 0 downstream tasks scheduled from follow-on schedule check
[2024-10-02T18:59:01.304+0000] {local_task_job_runner.py:222} INFO - ::endgroup::
[2024-10-02T19:25:33.053+0000] {local_task_job_runner.py:120} INFO - ::group::Pre task execution logs
[2024-10-02T19:25:33.087+0000] {taskinstance.py:2076} INFO - Dependencies all met for dep_context=non-requeueable deps ti=<TaskInstance: etl_covid_europa_pipeline.carregar scheduled__2024-01-05T00:00:00+00:00 [queued]>
[2024-10-02T19:25:33.381+0000] {taskinstance.py:2076} INFO - Dependencies all met for dep_context=requeueable deps ti=<TaskInstance: etl_covid_europa_pipeline.carregar scheduled__2024-01-05T00:00:00+00:00 [queued]>
[2024-10-02T19:25:33.385+0000] {taskinstance.py:2306} INFO - Starting attempt 1 of 1
[2024-10-02T19:25:33.413+0000] {taskinstance.py:2330} INFO - Executing <Task(PythonOperator): carregar> on 2024-01-05 00:00:00+00:00
[2024-10-02T19:25:33.430+0000] {warnings.py:112} WARNING - /home/***/.local/lib/python3.12/site-packages/***/task/task_runner/standard_task_runner.py:61: DeprecationWarning: This process (pid=9576) is multi-threaded, use of fork() may lead to deadlocks in the child.
  pid = os.fork()

[2024-10-02T19:25:33.432+0000] {standard_task_runner.py:63} INFO - Started process 9596 to run task
[2024-10-02T19:25:33.432+0000] {standard_task_runner.py:90} INFO - Running: ['***', 'tasks', 'run', 'etl_covid_europa_pipeline', 'carregar', 'scheduled__2024-01-05T00:00:00+00:00', '--job-id', '2288', '--raw', '--subdir', 'DAGS_FOLDER/etl_pipeline.py', '--cfg-path', '/tmp/tmp6k42wg_b']
[2024-10-02T19:25:33.444+0000] {standard_task_runner.py:91} INFO - Job 2288: Subtask carregar
[2024-10-02T19:25:33.517+0000] {task_command.py:426} INFO - Running <TaskInstance: etl_covid_europa_pipeline.carregar scheduled__2024-01-05T00:00:00+00:00 [running]> on host 99de7dfc3871
[2024-10-02T19:25:33.688+0000] {taskinstance.py:2648} INFO - Exporting env vars: AIRFLOW_CTX_DAG_OWNER='***' AIRFLOW_CTX_DAG_ID='etl_covid_europa_pipeline' AIRFLOW_CTX_TASK_ID='carregar' AIRFLOW_CTX_EXECUTION_DATE='2024-01-05T00:00:00+00:00' AIRFLOW_CTX_TRY_NUMBER='1' AIRFLOW_CTX_DAG_RUN_ID='scheduled__2024-01-05T00:00:00+00:00'
[2024-10-02T19:25:33.698+0000] {taskinstance.py:430} INFO - ::endgroup::
[2024-10-02T19:25:33.979+0000] {python.py:237} INFO - Done. Returned value was: None
[2024-10-02T19:25:33.980+0000] {taskinstance.py:441} INFO - ::group::Post task execution logs
[2024-10-02T19:25:33.995+0000] {taskinstance.py:1206} INFO - Marking task as SUCCESS. dag_id=etl_covid_europa_pipeline, task_id=carregar, run_id=scheduled__2024-01-05T00:00:00+00:00, execution_date=20240105T000000, start_date=20241002T192533, end_date=20241002T192533
[2024-10-02T19:25:34.057+0000] {local_task_job_runner.py:240} INFO - Task exited with return code 0
[2024-10-02T19:25:34.076+0000] {taskinstance.py:3503} INFO - 0 downstream tasks scheduled from follow-on schedule check
[2024-10-02T19:25:34.078+0000] {local_task_job_runner.py:222} INFO - ::endgroup::
