[2024-10-02T17:30:09.537+0000] {local_task_job_runner.py:120} INFO - ::group::Pre task execution logs
[2024-10-02T17:30:09.565+0000] {taskinstance.py:2076} INFO - Dependencies all met for dep_context=non-requeueable deps ti=<TaskInstance: etl_covid_europa_pipeline.extrair scheduled__2024-06-22T00:00:00+00:00 [queued]>
[2024-10-02T17:30:09.572+0000] {taskinstance.py:2076} INFO - Dependencies all met for dep_context=requeueable deps ti=<TaskInstance: etl_covid_europa_pipeline.extrair scheduled__2024-06-22T00:00:00+00:00 [queued]>
[2024-10-02T17:30:09.573+0000] {taskinstance.py:2306} INFO - Starting attempt 1 of 1
[2024-10-02T17:30:09.877+0000] {taskinstance.py:2330} INFO - Executing <Task(PythonOperator): extrair> on 2024-06-22 00:00:00+00:00
[2024-10-02T17:30:09.885+0000] {warnings.py:112} WARNING - /home/***/.local/lib/python3.12/site-packages/***/task/task_runner/standard_task_runner.py:61: DeprecationWarning: This process (pid=2608) is multi-threaded, use of fork() may lead to deadlocks in the child.
  pid = os.fork()

[2024-10-02T17:30:09.886+0000] {standard_task_runner.py:63} INFO - Started process 2625 to run task
[2024-10-02T17:30:09.886+0000] {standard_task_runner.py:90} INFO - Running: ['***', 'tasks', 'run', 'etl_covid_europa_pipeline', 'extrair', 'scheduled__2024-06-22T00:00:00+00:00', '--job-id', '466', '--raw', '--subdir', 'DAGS_FOLDER/etl_pipeline.py', '--cfg-path', '/tmp/tmpsmnupok5']
[2024-10-02T17:30:09.888+0000] {standard_task_runner.py:91} INFO - Job 466: Subtask extrair
[2024-10-02T17:30:09.935+0000] {task_command.py:426} INFO - Running <TaskInstance: etl_covid_europa_pipeline.extrair scheduled__2024-06-22T00:00:00+00:00 [running]> on host 99de7dfc3871
[2024-10-02T17:30:10.036+0000] {taskinstance.py:2648} INFO - Exporting env vars: AIRFLOW_CTX_DAG_OWNER='***' AIRFLOW_CTX_DAG_ID='etl_covid_europa_pipeline' AIRFLOW_CTX_TASK_ID='extrair' AIRFLOW_CTX_EXECUTION_DATE='2024-06-22T00:00:00+00:00' AIRFLOW_CTX_TRY_NUMBER='1' AIRFLOW_CTX_DAG_RUN_ID='scheduled__2024-06-22T00:00:00+00:00'
[2024-10-02T17:30:10.037+0000] {taskinstance.py:430} INFO - ::endgroup::
[2024-10-02T17:30:17.394+0000] {python.py:237} INFO - Done. Returned value was: None
[2024-10-02T17:30:17.395+0000] {taskinstance.py:441} INFO - ::group::Post task execution logs
[2024-10-02T17:30:17.405+0000] {taskinstance.py:1206} INFO - Marking task as SUCCESS. dag_id=etl_covid_europa_pipeline, task_id=extrair, run_id=scheduled__2024-06-22T00:00:00+00:00, execution_date=20240622T000000, start_date=20241002T173009, end_date=20241002T173017
[2024-10-02T17:30:17.471+0000] {local_task_job_runner.py:240} INFO - Task exited with return code 0
[2024-10-02T17:30:17.499+0000] {taskinstance.py:3503} INFO - 1 downstream tasks scheduled from follow-on schedule check
[2024-10-02T17:30:17.511+0000] {local_task_job_runner.py:222} INFO - ::endgroup::
[2024-10-02T19:02:41.483+0000] {local_task_job_runner.py:120} INFO - ::group::Pre task execution logs
[2024-10-02T19:02:41.505+0000] {taskinstance.py:2076} INFO - Dependencies all met for dep_context=non-requeueable deps ti=<TaskInstance: etl_covid_europa_pipeline.extrair scheduled__2024-06-22T00:00:00+00:00 [queued]>
[2024-10-02T19:02:41.683+0000] {taskinstance.py:2076} INFO - Dependencies all met for dep_context=requeueable deps ti=<TaskInstance: etl_covid_europa_pipeline.extrair scheduled__2024-06-22T00:00:00+00:00 [queued]>
[2024-10-02T19:02:41.684+0000] {taskinstance.py:2306} INFO - Starting attempt 1 of 1
[2024-10-02T19:02:41.784+0000] {taskinstance.py:2330} INFO - Executing <Task(PythonOperator): extrair> on 2024-06-22 00:00:00+00:00
[2024-10-02T19:02:41.790+0000] {warnings.py:112} WARNING - /home/***/.local/lib/python3.12/site-packages/***/task/task_runner/standard_task_runner.py:61: DeprecationWarning: This process (pid=7500) is multi-threaded, use of fork() may lead to deadlocks in the child.
  pid = os.fork()

[2024-10-02T19:02:41.791+0000] {standard_task_runner.py:63} INFO - Started process 7518 to run task
[2024-10-02T19:02:41.792+0000] {standard_task_runner.py:90} INFO - Running: ['***', 'tasks', 'run', 'etl_covid_europa_pipeline', 'extrair', 'scheduled__2024-06-22T00:00:00+00:00', '--job-id', '1697', '--raw', '--subdir', 'DAGS_FOLDER/etl_pipeline.py', '--cfg-path', '/tmp/tmpwx4t6o2l']
[2024-10-02T19:02:41.794+0000] {standard_task_runner.py:91} INFO - Job 1697: Subtask extrair
[2024-10-02T19:02:41.839+0000] {task_command.py:426} INFO - Running <TaskInstance: etl_covid_europa_pipeline.extrair scheduled__2024-06-22T00:00:00+00:00 [running]> on host 99de7dfc3871
[2024-10-02T19:02:41.932+0000] {taskinstance.py:2648} INFO - Exporting env vars: AIRFLOW_CTX_DAG_OWNER='***' AIRFLOW_CTX_DAG_ID='etl_covid_europa_pipeline' AIRFLOW_CTX_TASK_ID='extrair' AIRFLOW_CTX_EXECUTION_DATE='2024-06-22T00:00:00+00:00' AIRFLOW_CTX_TRY_NUMBER='1' AIRFLOW_CTX_DAG_RUN_ID='scheduled__2024-06-22T00:00:00+00:00'
[2024-10-02T19:02:41.936+0000] {taskinstance.py:430} INFO - ::endgroup::
[2024-10-02T19:02:47.727+0000] {python.py:237} INFO - Done. Returned value was: None
[2024-10-02T19:02:47.728+0000] {taskinstance.py:441} INFO - ::group::Post task execution logs
[2024-10-02T19:02:47.741+0000] {taskinstance.py:1206} INFO - Marking task as SUCCESS. dag_id=etl_covid_europa_pipeline, task_id=extrair, run_id=scheduled__2024-06-22T00:00:00+00:00, execution_date=20240622T000000, start_date=20241002T190241, end_date=20241002T190247
[2024-10-02T19:02:47.897+0000] {local_task_job_runner.py:240} INFO - Task exited with return code 0
[2024-10-02T19:02:47.926+0000] {taskinstance.py:3503} INFO - 1 downstream tasks scheduled from follow-on schedule check
[2024-10-02T19:02:47.929+0000] {local_task_job_runner.py:222} INFO - ::endgroup::
