[2024-10-02T17:27:30.859+0000] {local_task_job_runner.py:120} INFO - ::group::Pre task execution logs
[2024-10-02T17:27:30.885+0000] {taskinstance.py:2076} INFO - Dependencies all met for dep_context=non-requeueable deps ti=<TaskInstance: etl_covid_europa_pipeline.extrair scheduled__2024-02-21T00:00:00+00:00 [queued]>
[2024-10-02T17:27:30.893+0000] {taskinstance.py:2076} INFO - Dependencies all met for dep_context=requeueable deps ti=<TaskInstance: etl_covid_europa_pipeline.extrair scheduled__2024-02-21T00:00:00+00:00 [queued]>
[2024-10-02T17:27:30.894+0000] {taskinstance.py:2306} INFO - Starting attempt 1 of 1
[2024-10-02T17:27:31.075+0000] {taskinstance.py:2330} INFO - Executing <Task(PythonOperator): extrair> on 2024-02-21 00:00:00+00:00
[2024-10-02T17:27:31.081+0000] {warnings.py:112} WARNING - /home/***/.local/lib/python3.12/site-packages/***/task/task_runner/standard_task_runner.py:61: DeprecationWarning: This process (pid=1894) is multi-threaded, use of fork() may lead to deadlocks in the child.
  pid = os.fork()

[2024-10-02T17:27:31.082+0000] {standard_task_runner.py:63} INFO - Started process 1900 to run task
[2024-10-02T17:27:31.082+0000] {standard_task_runner.py:90} INFO - Running: ['***', 'tasks', 'run', 'etl_covid_europa_pipeline', 'extrair', 'scheduled__2024-02-21T00:00:00+00:00', '--job-id', '239', '--raw', '--subdir', 'DAGS_FOLDER/etl_pipeline.py', '--cfg-path', '/tmp/tmp4vr89w4h']
[2024-10-02T17:27:31.084+0000] {standard_task_runner.py:91} INFO - Job 239: Subtask extrair
[2024-10-02T17:27:31.124+0000] {task_command.py:426} INFO - Running <TaskInstance: etl_covid_europa_pipeline.extrair scheduled__2024-02-21T00:00:00+00:00 [running]> on host 99de7dfc3871
[2024-10-02T17:27:31.193+0000] {taskinstance.py:2648} INFO - Exporting env vars: AIRFLOW_CTX_DAG_OWNER='***' AIRFLOW_CTX_DAG_ID='etl_covid_europa_pipeline' AIRFLOW_CTX_TASK_ID='extrair' AIRFLOW_CTX_EXECUTION_DATE='2024-02-21T00:00:00+00:00' AIRFLOW_CTX_TRY_NUMBER='1' AIRFLOW_CTX_DAG_RUN_ID='scheduled__2024-02-21T00:00:00+00:00'
[2024-10-02T17:27:31.194+0000] {taskinstance.py:430} INFO - ::endgroup::
[2024-10-02T17:27:37.246+0000] {taskinstance.py:441} INFO - ::group::Post task execution logs
[2024-10-02T17:27:37.247+0000] {taskinstance.py:2905} ERROR - Task failed with exception
Traceback (most recent call last):
  File "/home/airflow/.local/lib/python3.12/site-packages/airflow/models/taskinstance.py", line 465, in _execute_task
    result = _execute_callable(context=context, **execute_callable_kwargs)
             ^^^^^^^^^^^^^^^^^^^^^^^^^^^^^^^^^^^^^^^^^^^^^^^^^^^^^^^^^^^^^
  File "/home/airflow/.local/lib/python3.12/site-packages/airflow/models/taskinstance.py", line 432, in _execute_callable
    return execute_callable(context=context, **execute_callable_kwargs)
           ^^^^^^^^^^^^^^^^^^^^^^^^^^^^^^^^^^^^^^^^^^^^^^^^^^^^^^^^^^^^
  File "/home/airflow/.local/lib/python3.12/site-packages/airflow/models/baseoperator.py", line 401, in wrapper
    return func(self, *args, **kwargs)
           ^^^^^^^^^^^^^^^^^^^^^^^^^^^
  File "/home/airflow/.local/lib/python3.12/site-packages/airflow/operators/python.py", line 235, in execute
    return_value = self.execute_callable()
                   ^^^^^^^^^^^^^^^^^^^^^^^
  File "/home/airflow/.local/lib/python3.12/site-packages/airflow/operators/python.py", line 252, in execute_callable
    return self.python_callable(*self.op_args, **self.op_kwargs)
           ^^^^^^^^^^^^^^^^^^^^^^^^^^^^^^^^^^^^^^^^^^^^^^^^^^^^^
  File "/opt/airflow/dags/etl_pipeline.py", line 10, in extrair
    df.to_csv('data/dados_covid_extraidos.csv', sep=';', index=False)
    ^^^^^^^^^^^^^^^^^^^^^^^^^^^^^^^^^^^^^^^^^^^^^^^^^^^^^^^^
  File "/home/airflow/.local/lib/python3.12/site-packages/pandas/core/generic.py", line 3902, in to_csv
    return DataFrameRenderer(formatter).to_csv(
           ^^^^^^^^^^^^^^^^^^^^^^^^^^^^^^^^^^^^
  File "/home/airflow/.local/lib/python3.12/site-packages/pandas/io/formats/format.py", line 1152, in to_csv
    csv_formatter.save()
  File "/home/airflow/.local/lib/python3.12/site-packages/pandas/io/formats/csvs.py", line 247, in save
    with get_handle(
         ^^^^^^^^^^^
  File "/home/airflow/.local/lib/python3.12/site-packages/pandas/io/common.py", line 863, in get_handle
    handle = open(
             ^^^^^
PermissionError: [Errno 13] Permission denied: 'data/dados_covid_extraidos.csv'
[2024-10-02T17:27:37.259+0000] {taskinstance.py:1206} INFO - Marking task as FAILED. dag_id=etl_covid_europa_pipeline, task_id=extrair, run_id=scheduled__2024-02-21T00:00:00+00:00, execution_date=20240221T000000, start_date=20241002T172730, end_date=20241002T172737
[2024-10-02T17:27:37.270+0000] {standard_task_runner.py:110} ERROR - Failed to execute job 239 for task extrair ([Errno 13] Permission denied: 'data/dados_covid_extraidos.csv'; 1900)
[2024-10-02T17:27:37.307+0000] {local_task_job_runner.py:240} INFO - Task exited with return code 1
[2024-10-02T17:27:37.325+0000] {taskinstance.py:3503} INFO - 0 downstream tasks scheduled from follow-on schedule check
[2024-10-02T17:27:37.329+0000] {local_task_job_runner.py:222} INFO - ::endgroup::
[2024-10-02T19:00:01.340+0000] {local_task_job_runner.py:120} INFO - ::group::Pre task execution logs
[2024-10-02T19:00:01.363+0000] {taskinstance.py:2076} INFO - Dependencies all met for dep_context=non-requeueable deps ti=<TaskInstance: etl_covid_europa_pipeline.extrair scheduled__2024-02-21T00:00:00+00:00 [queued]>
[2024-10-02T19:00:01.539+0000] {taskinstance.py:2076} INFO - Dependencies all met for dep_context=requeueable deps ti=<TaskInstance: etl_covid_europa_pipeline.extrair scheduled__2024-02-21T00:00:00+00:00 [queued]>
[2024-10-02T19:00:01.539+0000] {taskinstance.py:2306} INFO - Starting attempt 1 of 1
[2024-10-02T19:00:01.661+0000] {taskinstance.py:2330} INFO - Executing <Task(PythonOperator): extrair> on 2024-02-21 00:00:00+00:00
[2024-10-02T19:00:01.668+0000] {warnings.py:112} WARNING - /home/***/.local/lib/python3.12/site-packages/***/task/task_runner/standard_task_runner.py:61: DeprecationWarning: This process (pid=6455) is multi-threaded, use of fork() may lead to deadlocks in the child.
  pid = os.fork()

[2024-10-02T19:00:01.669+0000] {standard_task_runner.py:63} INFO - Started process 6470 to run task
[2024-10-02T19:00:01.669+0000] {standard_task_runner.py:90} INFO - Running: ['***', 'tasks', 'run', 'etl_covid_europa_pipeline', 'extrair', 'scheduled__2024-02-21T00:00:00+00:00', '--job-id', '1360', '--raw', '--subdir', 'DAGS_FOLDER/etl_pipeline.py', '--cfg-path', '/tmp/tmp038mryep']
[2024-10-02T19:00:01.671+0000] {standard_task_runner.py:91} INFO - Job 1360: Subtask extrair
[2024-10-02T19:00:01.715+0000] {task_command.py:426} INFO - Running <TaskInstance: etl_covid_europa_pipeline.extrair scheduled__2024-02-21T00:00:00+00:00 [running]> on host 99de7dfc3871
[2024-10-02T19:00:01.800+0000] {taskinstance.py:2648} INFO - Exporting env vars: AIRFLOW_CTX_DAG_OWNER='***' AIRFLOW_CTX_DAG_ID='etl_covid_europa_pipeline' AIRFLOW_CTX_TASK_ID='extrair' AIRFLOW_CTX_EXECUTION_DATE='2024-02-21T00:00:00+00:00' AIRFLOW_CTX_TRY_NUMBER='1' AIRFLOW_CTX_DAG_RUN_ID='scheduled__2024-02-21T00:00:00+00:00'
[2024-10-02T19:00:01.803+0000] {taskinstance.py:430} INFO - ::endgroup::
[2024-10-02T19:00:07.411+0000] {python.py:237} INFO - Done. Returned value was: None
[2024-10-02T19:00:07.412+0000] {taskinstance.py:441} INFO - ::group::Post task execution logs
[2024-10-02T19:00:07.427+0000] {taskinstance.py:1206} INFO - Marking task as SUCCESS. dag_id=etl_covid_europa_pipeline, task_id=extrair, run_id=scheduled__2024-02-21T00:00:00+00:00, execution_date=20240221T000000, start_date=20241002T190001, end_date=20241002T190007
[2024-10-02T19:00:07.495+0000] {local_task_job_runner.py:240} INFO - Task exited with return code 0
[2024-10-02T19:00:07.530+0000] {taskinstance.py:3503} INFO - 1 downstream tasks scheduled from follow-on schedule check
[2024-10-02T19:00:07.537+0000] {local_task_job_runner.py:222} INFO - ::endgroup::
[2024-10-02T19:26:20.426+0000] {local_task_job_runner.py:120} INFO - ::group::Pre task execution logs
[2024-10-02T19:26:20.455+0000] {taskinstance.py:2076} INFO - Dependencies all met for dep_context=non-requeueable deps ti=<TaskInstance: etl_covid_europa_pipeline.extrair scheduled__2024-02-21T00:00:00+00:00 [queued]>
[2024-10-02T19:26:20.464+0000] {taskinstance.py:2076} INFO - Dependencies all met for dep_context=requeueable deps ti=<TaskInstance: etl_covid_europa_pipeline.extrair scheduled__2024-02-21T00:00:00+00:00 [queued]>
[2024-10-02T19:26:20.464+0000] {taskinstance.py:2306} INFO - Starting attempt 1 of 1
[2024-10-02T19:26:20.682+0000] {taskinstance.py:2330} INFO - Executing <Task(PythonOperator): extrair> on 2024-02-21 00:00:00+00:00
[2024-10-02T19:26:20.690+0000] {warnings.py:112} WARNING - /home/***/.local/lib/python3.12/site-packages/***/task/task_runner/standard_task_runner.py:61: DeprecationWarning: This process (pid=9907) is multi-threaded, use of fork() may lead to deadlocks in the child.
  pid = os.fork()

[2024-10-02T19:26:20.694+0000] {standard_task_runner.py:63} INFO - Started process 9924 to run task
[2024-10-02T19:26:20.693+0000] {standard_task_runner.py:90} INFO - Running: ['***', 'tasks', 'run', 'etl_covid_europa_pipeline', 'extrair', 'scheduled__2024-02-21T00:00:00+00:00', '--job-id', '2398', '--raw', '--subdir', 'DAGS_FOLDER/etl_pipeline.py', '--cfg-path', '/tmp/tmpw4b0qik9']
[2024-10-02T19:26:20.695+0000] {standard_task_runner.py:91} INFO - Job 2398: Subtask extrair
[2024-10-02T19:26:20.744+0000] {task_command.py:426} INFO - Running <TaskInstance: etl_covid_europa_pipeline.extrair scheduled__2024-02-21T00:00:00+00:00 [running]> on host 99de7dfc3871
[2024-10-02T19:26:20.855+0000] {taskinstance.py:2648} INFO - Exporting env vars: AIRFLOW_CTX_DAG_OWNER='***' AIRFLOW_CTX_DAG_ID='etl_covid_europa_pipeline' AIRFLOW_CTX_TASK_ID='extrair' AIRFLOW_CTX_EXECUTION_DATE='2024-02-21T00:00:00+00:00' AIRFLOW_CTX_TRY_NUMBER='1' AIRFLOW_CTX_DAG_RUN_ID='scheduled__2024-02-21T00:00:00+00:00'
[2024-10-02T19:26:20.856+0000] {taskinstance.py:430} INFO - ::endgroup::
[2024-10-02T19:26:27.353+0000] {python.py:237} INFO - Done. Returned value was: None
[2024-10-02T19:26:27.354+0000] {taskinstance.py:441} INFO - ::group::Post task execution logs
[2024-10-02T19:26:27.365+0000] {taskinstance.py:1206} INFO - Marking task as SUCCESS. dag_id=etl_covid_europa_pipeline, task_id=extrair, run_id=scheduled__2024-02-21T00:00:00+00:00, execution_date=20240221T000000, start_date=20241002T192620, end_date=20241002T192627
[2024-10-02T19:26:27.437+0000] {local_task_job_runner.py:240} INFO - Task exited with return code 0
[2024-10-02T19:26:27.445+0000] {local_task_job_runner.py:222} INFO - ::endgroup::
