[2024-10-02T17:30:10.872+0000] {local_task_job_runner.py:120} INFO - ::group::Pre task execution logs
[2024-10-02T17:30:10.894+0000] {taskinstance.py:2076} INFO - Dependencies all met for dep_context=non-requeueable deps ti=<TaskInstance: etl_covid_europa_pipeline.extrair scheduled__2024-06-29T00:00:00+00:00 [queued]>
[2024-10-02T17:30:10.902+0000] {taskinstance.py:2076} INFO - Dependencies all met for dep_context=requeueable deps ti=<TaskInstance: etl_covid_europa_pipeline.extrair scheduled__2024-06-29T00:00:00+00:00 [queued]>
[2024-10-02T17:30:10.902+0000] {taskinstance.py:2306} INFO - Starting attempt 1 of 1
[2024-10-02T17:30:11.071+0000] {taskinstance.py:2330} INFO - Executing <Task(PythonOperator): extrair> on 2024-06-29 00:00:00+00:00
[2024-10-02T17:30:11.076+0000] {warnings.py:112} WARNING - /home/***/.local/lib/python3.12/site-packages/***/task/task_runner/standard_task_runner.py:61: DeprecationWarning: This process (pid=2631) is multi-threaded, use of fork() may lead to deadlocks in the child.
  pid = os.fork()

[2024-10-02T17:30:11.077+0000] {standard_task_runner.py:63} INFO - Started process 2641 to run task
[2024-10-02T17:30:11.077+0000] {standard_task_runner.py:90} INFO - Running: ['***', 'tasks', 'run', 'etl_covid_europa_pipeline', 'extrair', 'scheduled__2024-06-29T00:00:00+00:00', '--job-id', '473', '--raw', '--subdir', 'DAGS_FOLDER/etl_pipeline.py', '--cfg-path', '/tmp/tmpwoc6eqgp']
[2024-10-02T17:30:11.079+0000] {standard_task_runner.py:91} INFO - Job 473: Subtask extrair
[2024-10-02T17:30:11.118+0000] {task_command.py:426} INFO - Running <TaskInstance: etl_covid_europa_pipeline.extrair scheduled__2024-06-29T00:00:00+00:00 [running]> on host 99de7dfc3871
[2024-10-02T17:30:11.192+0000] {taskinstance.py:2648} INFO - Exporting env vars: AIRFLOW_CTX_DAG_OWNER='***' AIRFLOW_CTX_DAG_ID='etl_covid_europa_pipeline' AIRFLOW_CTX_TASK_ID='extrair' AIRFLOW_CTX_EXECUTION_DATE='2024-06-29T00:00:00+00:00' AIRFLOW_CTX_TRY_NUMBER='1' AIRFLOW_CTX_DAG_RUN_ID='scheduled__2024-06-29T00:00:00+00:00'
[2024-10-02T17:30:11.193+0000] {taskinstance.py:430} INFO - ::endgroup::
[2024-10-02T17:30:18.375+0000] {python.py:237} INFO - Done. Returned value was: None
[2024-10-02T17:30:18.376+0000] {taskinstance.py:441} INFO - ::group::Post task execution logs
[2024-10-02T17:30:18.385+0000] {taskinstance.py:1206} INFO - Marking task as SUCCESS. dag_id=etl_covid_europa_pipeline, task_id=extrair, run_id=scheduled__2024-06-29T00:00:00+00:00, execution_date=20240629T000000, start_date=20241002T173010, end_date=20241002T173018
[2024-10-02T17:30:18.434+0000] {local_task_job_runner.py:240} INFO - Task exited with return code 0
[2024-10-02T17:30:18.465+0000] {taskinstance.py:3503} INFO - 1 downstream tasks scheduled from follow-on schedule check
[2024-10-02T17:30:18.470+0000] {local_task_job_runner.py:222} INFO - ::endgroup::
[2024-10-02T18:54:03.708+0000] {local_task_job_runner.py:120} INFO - ::group::Pre task execution logs
[2024-10-02T18:54:03.737+0000] {taskinstance.py:2076} INFO - Dependencies all met for dep_context=non-requeueable deps ti=<TaskInstance: etl_covid_europa_pipeline.extrair scheduled__2024-06-29T00:00:00+00:00 [queued]>
[2024-10-02T18:54:03.744+0000] {taskinstance.py:2076} INFO - Dependencies all met for dep_context=requeueable deps ti=<TaskInstance: etl_covid_europa_pipeline.extrair scheduled__2024-06-29T00:00:00+00:00 [queued]>
[2024-10-02T18:54:03.745+0000] {taskinstance.py:2306} INFO - Starting attempt 1 of 1
[2024-10-02T18:54:04.008+0000] {taskinstance.py:2330} INFO - Executing <Task(PythonOperator): extrair> on 2024-06-29 00:00:00+00:00
[2024-10-02T18:54:04.016+0000] {warnings.py:112} WARNING - /home/***/.local/lib/python3.12/site-packages/***/task/task_runner/standard_task_runner.py:61: DeprecationWarning: This process (pid=4326) is multi-threaded, use of fork() may lead to deadlocks in the child.
  pid = os.fork()

[2024-10-02T18:54:04.018+0000] {standard_task_runner.py:63} INFO - Started process 4344 to run task
[2024-10-02T18:54:04.017+0000] {standard_task_runner.py:90} INFO - Running: ['***', 'tasks', 'run', 'etl_covid_europa_pipeline', 'extrair', 'scheduled__2024-06-29T00:00:00+00:00', '--job-id', '677', '--raw', '--subdir', 'DAGS_FOLDER/etl_pipeline.py', '--cfg-path', '/tmp/tmpym4rb7py']
[2024-10-02T18:54:04.020+0000] {standard_task_runner.py:91} INFO - Job 677: Subtask extrair
[2024-10-02T18:54:04.070+0000] {task_command.py:426} INFO - Running <TaskInstance: etl_covid_europa_pipeline.extrair scheduled__2024-06-29T00:00:00+00:00 [running]> on host 99de7dfc3871
[2024-10-02T18:54:04.178+0000] {taskinstance.py:2648} INFO - Exporting env vars: AIRFLOW_CTX_DAG_OWNER='***' AIRFLOW_CTX_DAG_ID='etl_covid_europa_pipeline' AIRFLOW_CTX_TASK_ID='extrair' AIRFLOW_CTX_EXECUTION_DATE='2024-06-29T00:00:00+00:00' AIRFLOW_CTX_TRY_NUMBER='1' AIRFLOW_CTX_DAG_RUN_ID='scheduled__2024-06-29T00:00:00+00:00'
[2024-10-02T18:54:04.180+0000] {taskinstance.py:430} INFO - ::endgroup::
[2024-10-02T18:54:11.095+0000] {python.py:237} INFO - Done. Returned value was: None
[2024-10-02T18:54:11.096+0000] {taskinstance.py:441} INFO - ::group::Post task execution logs
[2024-10-02T18:54:11.104+0000] {taskinstance.py:1206} INFO - Marking task as SUCCESS. dag_id=etl_covid_europa_pipeline, task_id=extrair, run_id=scheduled__2024-06-29T00:00:00+00:00, execution_date=20240629T000000, start_date=20241002T185403, end_date=20241002T185411
[2024-10-02T18:54:11.130+0000] {local_task_job_runner.py:240} INFO - Task exited with return code 0
[2024-10-02T18:54:11.153+0000] {taskinstance.py:3503} INFO - 1 downstream tasks scheduled from follow-on schedule check
[2024-10-02T18:54:11.155+0000] {local_task_job_runner.py:222} INFO - ::endgroup::
[2024-10-02T19:02:42.715+0000] {local_task_job_runner.py:120} INFO - ::group::Pre task execution logs
[2024-10-02T19:02:42.737+0000] {taskinstance.py:2076} INFO - Dependencies all met for dep_context=non-requeueable deps ti=<TaskInstance: etl_covid_europa_pipeline.extrair scheduled__2024-06-29T00:00:00+00:00 [queued]>
[2024-10-02T19:02:42.892+0000] {taskinstance.py:2076} INFO - Dependencies all met for dep_context=requeueable deps ti=<TaskInstance: etl_covid_europa_pipeline.extrair scheduled__2024-06-29T00:00:00+00:00 [queued]>
[2024-10-02T19:02:42.892+0000] {taskinstance.py:2306} INFO - Starting attempt 1 of 1
[2024-10-02T19:02:42.904+0000] {taskinstance.py:2330} INFO - Executing <Task(PythonOperator): extrair> on 2024-06-29 00:00:00+00:00
[2024-10-02T19:02:42.910+0000] {warnings.py:112} WARNING - /home/***/.local/lib/python3.12/site-packages/***/task/task_runner/standard_task_runner.py:61: DeprecationWarning: This process (pid=7523) is multi-threaded, use of fork() may lead to deadlocks in the child.
  pid = os.fork()

[2024-10-02T19:02:42.911+0000] {standard_task_runner.py:63} INFO - Started process 7534 to run task
[2024-10-02T19:02:42.911+0000] {standard_task_runner.py:90} INFO - Running: ['***', 'tasks', 'run', 'etl_covid_europa_pipeline', 'extrair', 'scheduled__2024-06-29T00:00:00+00:00', '--job-id', '1704', '--raw', '--subdir', 'DAGS_FOLDER/etl_pipeline.py', '--cfg-path', '/tmp/tmp_vlpwvxb']
[2024-10-02T19:02:42.912+0000] {standard_task_runner.py:91} INFO - Job 1704: Subtask extrair
[2024-10-02T19:02:42.955+0000] {task_command.py:426} INFO - Running <TaskInstance: etl_covid_europa_pipeline.extrair scheduled__2024-06-29T00:00:00+00:00 [running]> on host 99de7dfc3871
[2024-10-02T19:02:43.027+0000] {taskinstance.py:2648} INFO - Exporting env vars: AIRFLOW_CTX_DAG_OWNER='***' AIRFLOW_CTX_DAG_ID='etl_covid_europa_pipeline' AIRFLOW_CTX_TASK_ID='extrair' AIRFLOW_CTX_EXECUTION_DATE='2024-06-29T00:00:00+00:00' AIRFLOW_CTX_TRY_NUMBER='1' AIRFLOW_CTX_DAG_RUN_ID='scheduled__2024-06-29T00:00:00+00:00'
[2024-10-02T19:02:43.029+0000] {taskinstance.py:430} INFO - ::endgroup::
[2024-10-02T19:02:48.563+0000] {python.py:237} INFO - Done. Returned value was: None
[2024-10-02T19:02:48.565+0000] {taskinstance.py:441} INFO - ::group::Post task execution logs
[2024-10-02T19:02:48.576+0000] {taskinstance.py:1206} INFO - Marking task as SUCCESS. dag_id=etl_covid_europa_pipeline, task_id=extrair, run_id=scheduled__2024-06-29T00:00:00+00:00, execution_date=20240629T000000, start_date=20241002T190242, end_date=20241002T190248
[2024-10-02T19:02:48.742+0000] {local_task_job_runner.py:240} INFO - Task exited with return code 0
[2024-10-02T19:02:48.784+0000] {taskinstance.py:3503} INFO - 1 downstream tasks scheduled from follow-on schedule check
[2024-10-02T19:02:48.805+0000] {local_task_job_runner.py:222} INFO - ::endgroup::
