[2024-10-02T18:54:34.881+0000] {local_task_job_runner.py:120} INFO - ::group::Pre task execution logs
[2024-10-02T18:54:34.904+0000] {taskinstance.py:2076} INFO - Dependencies all met for dep_context=non-requeueable deps ti=<TaskInstance: etl_covid_europa_pipeline.carregar scheduled__2024-07-20T00:00:00+00:00 [queued]>
[2024-10-02T18:54:35.078+0000] {taskinstance.py:2076} INFO - Dependencies all met for dep_context=requeueable deps ti=<TaskInstance: etl_covid_europa_pipeline.carregar scheduled__2024-07-20T00:00:00+00:00 [queued]>
[2024-10-02T18:54:35.078+0000] {taskinstance.py:2306} INFO - Starting attempt 1 of 1
[2024-10-02T18:54:35.094+0000] {taskinstance.py:2330} INFO - Executing <Task(PythonOperator): carregar> on 2024-07-20 00:00:00+00:00
[2024-10-02T18:54:35.101+0000] {warnings.py:112} WARNING - /home/***/.local/lib/python3.12/site-packages/***/task/task_runner/standard_task_runner.py:61: DeprecationWarning: This process (pid=4595) is multi-threaded, use of fork() may lead to deadlocks in the child.
  pid = os.fork()

[2024-10-02T18:54:35.102+0000] {standard_task_runner.py:63} INFO - Started process 4602 to run task
[2024-10-02T18:54:35.102+0000] {standard_task_runner.py:90} INFO - Running: ['***', 'tasks', 'run', 'etl_covid_europa_pipeline', 'carregar', 'scheduled__2024-07-20T00:00:00+00:00', '--job-id', '762', '--raw', '--subdir', 'DAGS_FOLDER/etl_pipeline.py', '--cfg-path', '/tmp/tmpmxighsfo']
[2024-10-02T18:54:35.104+0000] {standard_task_runner.py:91} INFO - Job 762: Subtask carregar
[2024-10-02T18:54:35.144+0000] {task_command.py:426} INFO - Running <TaskInstance: etl_covid_europa_pipeline.carregar scheduled__2024-07-20T00:00:00+00:00 [running]> on host 99de7dfc3871
[2024-10-02T18:54:35.219+0000] {taskinstance.py:2648} INFO - Exporting env vars: AIRFLOW_CTX_DAG_OWNER='***' AIRFLOW_CTX_DAG_ID='etl_covid_europa_pipeline' AIRFLOW_CTX_TASK_ID='carregar' AIRFLOW_CTX_EXECUTION_DATE='2024-07-20T00:00:00+00:00' AIRFLOW_CTX_TRY_NUMBER='1' AIRFLOW_CTX_DAG_RUN_ID='scheduled__2024-07-20T00:00:00+00:00'
[2024-10-02T18:54:35.222+0000] {taskinstance.py:430} INFO - ::endgroup::
[2024-10-02T18:54:35.283+0000] {python.py:237} INFO - Done. Returned value was: None
[2024-10-02T18:54:35.283+0000] {taskinstance.py:441} INFO - ::group::Post task execution logs
[2024-10-02T18:54:35.293+0000] {taskinstance.py:1206} INFO - Marking task as SUCCESS. dag_id=etl_covid_europa_pipeline, task_id=carregar, run_id=scheduled__2024-07-20T00:00:00+00:00, execution_date=20240720T000000, start_date=20241002T185434, end_date=20241002T185435
[2024-10-02T18:54:35.316+0000] {local_task_job_runner.py:240} INFO - Task exited with return code 0
[2024-10-02T18:54:35.332+0000] {taskinstance.py:3503} INFO - 0 downstream tasks scheduled from follow-on schedule check
[2024-10-02T18:54:35.336+0000] {local_task_job_runner.py:222} INFO - ::endgroup::
[2024-10-02T19:03:38.566+0000] {local_task_job_runner.py:120} INFO - ::group::Pre task execution logs
[2024-10-02T19:03:38.772+0000] {taskinstance.py:2076} INFO - Dependencies all met for dep_context=non-requeueable deps ti=<TaskInstance: etl_covid_europa_pipeline.carregar scheduled__2024-07-20T00:00:00+00:00 [queued]>
[2024-10-02T19:03:38.780+0000] {taskinstance.py:2076} INFO - Dependencies all met for dep_context=requeueable deps ti=<TaskInstance: etl_covid_europa_pipeline.carregar scheduled__2024-07-20T00:00:00+00:00 [queued]>
[2024-10-02T19:03:38.781+0000] {taskinstance.py:2306} INFO - Starting attempt 1 of 1
[2024-10-02T19:03:38.794+0000] {taskinstance.py:2330} INFO - Executing <Task(PythonOperator): carregar> on 2024-07-20 00:00:00+00:00
[2024-10-02T19:03:38.800+0000] {warnings.py:112} WARNING - /home/***/.local/lib/python3.12/site-packages/***/task/task_runner/standard_task_runner.py:61: DeprecationWarning: This process (pid=7911) is multi-threaded, use of fork() may lead to deadlocks in the child.
  pid = os.fork()

[2024-10-02T19:03:38.802+0000] {standard_task_runner.py:63} INFO - Started process 7919 to run task
[2024-10-02T19:03:38.802+0000] {standard_task_runner.py:90} INFO - Running: ['***', 'tasks', 'run', 'etl_covid_europa_pipeline', 'carregar', 'scheduled__2024-07-20T00:00:00+00:00', '--job-id', '1828', '--raw', '--subdir', 'DAGS_FOLDER/etl_pipeline.py', '--cfg-path', '/tmp/tmp0_bn28fz']
[2024-10-02T19:03:38.804+0000] {standard_task_runner.py:91} INFO - Job 1828: Subtask carregar
[2024-10-02T19:03:38.846+0000] {task_command.py:426} INFO - Running <TaskInstance: etl_covid_europa_pipeline.carregar scheduled__2024-07-20T00:00:00+00:00 [running]> on host 99de7dfc3871
[2024-10-02T19:03:38.936+0000] {taskinstance.py:2648} INFO - Exporting env vars: AIRFLOW_CTX_DAG_OWNER='***' AIRFLOW_CTX_DAG_ID='etl_covid_europa_pipeline' AIRFLOW_CTX_TASK_ID='carregar' AIRFLOW_CTX_EXECUTION_DATE='2024-07-20T00:00:00+00:00' AIRFLOW_CTX_TRY_NUMBER='1' AIRFLOW_CTX_DAG_RUN_ID='scheduled__2024-07-20T00:00:00+00:00'
[2024-10-02T19:03:38.937+0000] {taskinstance.py:430} INFO - ::endgroup::
[2024-10-02T19:03:38.993+0000] {python.py:237} INFO - Done. Returned value was: None
[2024-10-02T19:03:38.995+0000] {taskinstance.py:441} INFO - ::group::Post task execution logs
[2024-10-02T19:03:39.004+0000] {taskinstance.py:1206} INFO - Marking task as SUCCESS. dag_id=etl_covid_europa_pipeline, task_id=carregar, run_id=scheduled__2024-07-20T00:00:00+00:00, execution_date=20240720T000000, start_date=20241002T190338, end_date=20241002T190339
[2024-10-02T19:03:39.055+0000] {local_task_job_runner.py:240} INFO - Task exited with return code 0
[2024-10-02T19:03:39.072+0000] {taskinstance.py:3503} INFO - 0 downstream tasks scheduled from follow-on schedule check
[2024-10-02T19:03:39.074+0000] {local_task_job_runner.py:222} INFO - ::endgroup::
