[2024-10-02T17:28:08.223+0000] {local_task_job_runner.py:120} INFO - ::group::Pre task execution logs
[2024-10-02T17:28:08.252+0000] {taskinstance.py:2076} INFO - Dependencies all met for dep_context=non-requeueable deps ti=<TaskInstance: etl_covid_europa_pipeline.extrair scheduled__2024-03-17T00:00:00+00:00 [queued]>
[2024-10-02T17:28:08.261+0000] {taskinstance.py:2076} INFO - Dependencies all met for dep_context=requeueable deps ti=<TaskInstance: etl_covid_europa_pipeline.extrair scheduled__2024-03-17T00:00:00+00:00 [queued]>
[2024-10-02T17:28:08.262+0000] {taskinstance.py:2306} INFO - Starting attempt 1 of 1
[2024-10-02T17:28:08.457+0000] {taskinstance.py:2330} INFO - Executing <Task(PythonOperator): extrair> on 2024-03-17 00:00:00+00:00
[2024-10-02T17:28:08.464+0000] {warnings.py:112} WARNING - /home/***/.local/lib/python3.12/site-packages/***/task/task_runner/standard_task_runner.py:61: DeprecationWarning: This process (pid=2019) is multi-threaded, use of fork() may lead to deadlocks in the child.
  pid = os.fork()

[2024-10-02T17:28:08.466+0000] {standard_task_runner.py:63} INFO - Started process 2034 to run task
[2024-10-02T17:28:08.466+0000] {standard_task_runner.py:90} INFO - Running: ['***', 'tasks', 'run', 'etl_covid_europa_pipeline', 'extrair', 'scheduled__2024-03-17T00:00:00+00:00', '--job-id', '279', '--raw', '--subdir', 'DAGS_FOLDER/etl_pipeline.py', '--cfg-path', '/tmp/tmpt077ntz7']
[2024-10-02T17:28:08.468+0000] {standard_task_runner.py:91} INFO - Job 279: Subtask extrair
[2024-10-02T17:28:08.514+0000] {task_command.py:426} INFO - Running <TaskInstance: etl_covid_europa_pipeline.extrair scheduled__2024-03-17T00:00:00+00:00 [running]> on host 99de7dfc3871
[2024-10-02T17:28:08.595+0000] {taskinstance.py:2648} INFO - Exporting env vars: AIRFLOW_CTX_DAG_OWNER='***' AIRFLOW_CTX_DAG_ID='etl_covid_europa_pipeline' AIRFLOW_CTX_TASK_ID='extrair' AIRFLOW_CTX_EXECUTION_DATE='2024-03-17T00:00:00+00:00' AIRFLOW_CTX_TRY_NUMBER='1' AIRFLOW_CTX_DAG_RUN_ID='scheduled__2024-03-17T00:00:00+00:00'
[2024-10-02T17:28:08.596+0000] {taskinstance.py:430} INFO - ::endgroup::
[2024-10-02T17:28:14.555+0000] {python.py:237} INFO - Done. Returned value was: None
[2024-10-02T17:28:14.556+0000] {taskinstance.py:441} INFO - ::group::Post task execution logs
[2024-10-02T17:28:14.564+0000] {taskinstance.py:1206} INFO - Marking task as SUCCESS. dag_id=etl_covid_europa_pipeline, task_id=extrair, run_id=scheduled__2024-03-17T00:00:00+00:00, execution_date=20240317T000000, start_date=20241002T172808, end_date=20241002T172814
[2024-10-02T17:28:14.612+0000] {local_task_job_runner.py:240} INFO - Task exited with return code 0
[2024-10-02T17:28:14.641+0000] {taskinstance.py:3503} INFO - 1 downstream tasks scheduled from follow-on schedule check
[2024-10-02T17:28:14.648+0000] {local_task_job_runner.py:222} INFO - ::endgroup::
[2024-10-02T19:00:43.572+0000] {local_task_job_runner.py:120} INFO - ::group::Pre task execution logs
[2024-10-02T19:00:43.598+0000] {taskinstance.py:2076} INFO - Dependencies all met for dep_context=non-requeueable deps ti=<TaskInstance: etl_covid_europa_pipeline.extrair scheduled__2024-03-17T00:00:00+00:00 [queued]>
[2024-10-02T19:00:43.611+0000] {taskinstance.py:2076} INFO - Dependencies all met for dep_context=requeueable deps ti=<TaskInstance: etl_covid_europa_pipeline.extrair scheduled__2024-03-17T00:00:00+00:00 [queued]>
[2024-10-02T19:00:43.612+0000] {taskinstance.py:2306} INFO - Starting attempt 1 of 1
[2024-10-02T19:00:43.821+0000] {taskinstance.py:2330} INFO - Executing <Task(PythonOperator): extrair> on 2024-03-17 00:00:00+00:00
[2024-10-02T19:00:43.827+0000] {warnings.py:112} WARNING - /home/***/.local/lib/python3.12/site-packages/***/task/task_runner/standard_task_runner.py:61: DeprecationWarning: This process (pid=6704) is multi-threaded, use of fork() may lead to deadlocks in the child.
  pid = os.fork()

[2024-10-02T19:00:43.829+0000] {standard_task_runner.py:63} INFO - Started process 6721 to run task
[2024-10-02T19:00:43.829+0000] {standard_task_runner.py:90} INFO - Running: ['***', 'tasks', 'run', 'etl_covid_europa_pipeline', 'extrair', 'scheduled__2024-03-17T00:00:00+00:00', '--job-id', '1440', '--raw', '--subdir', 'DAGS_FOLDER/etl_pipeline.py', '--cfg-path', '/tmp/tmpx5wcukeu']
[2024-10-02T19:00:43.831+0000] {standard_task_runner.py:91} INFO - Job 1440: Subtask extrair
[2024-10-02T19:00:43.879+0000] {task_command.py:426} INFO - Running <TaskInstance: etl_covid_europa_pipeline.extrair scheduled__2024-03-17T00:00:00+00:00 [running]> on host 99de7dfc3871
[2024-10-02T19:00:43.974+0000] {taskinstance.py:2648} INFO - Exporting env vars: AIRFLOW_CTX_DAG_OWNER='***' AIRFLOW_CTX_DAG_ID='etl_covid_europa_pipeline' AIRFLOW_CTX_TASK_ID='extrair' AIRFLOW_CTX_EXECUTION_DATE='2024-03-17T00:00:00+00:00' AIRFLOW_CTX_TRY_NUMBER='1' AIRFLOW_CTX_DAG_RUN_ID='scheduled__2024-03-17T00:00:00+00:00'
[2024-10-02T19:00:43.975+0000] {taskinstance.py:430} INFO - ::endgroup::
[2024-10-02T19:00:50.051+0000] {python.py:237} INFO - Done. Returned value was: None
[2024-10-02T19:00:50.052+0000] {taskinstance.py:441} INFO - ::group::Post task execution logs
[2024-10-02T19:00:50.064+0000] {taskinstance.py:1206} INFO - Marking task as SUCCESS. dag_id=etl_covid_europa_pipeline, task_id=extrair, run_id=scheduled__2024-03-17T00:00:00+00:00, execution_date=20240317T000000, start_date=20241002T190043, end_date=20241002T190050
[2024-10-02T19:00:50.141+0000] {local_task_job_runner.py:240} INFO - Task exited with return code 0
[2024-10-02T19:00:50.170+0000] {taskinstance.py:3503} INFO - 1 downstream tasks scheduled from follow-on schedule check
[2024-10-02T19:00:50.177+0000] {local_task_job_runner.py:222} INFO - ::endgroup::
[2024-10-02T19:26:44.749+0000] {local_task_job_runner.py:120} INFO - ::group::Pre task execution logs
[2024-10-02T19:26:44.918+0000] {taskinstance.py:2076} INFO - Dependencies all met for dep_context=non-requeueable deps ti=<TaskInstance: etl_covid_europa_pipeline.extrair scheduled__2024-03-17T00:00:00+00:00 [queued]>
[2024-10-02T19:26:44.925+0000] {taskinstance.py:2076} INFO - Dependencies all met for dep_context=requeueable deps ti=<TaskInstance: etl_covid_europa_pipeline.extrair scheduled__2024-03-17T00:00:00+00:00 [queued]>
[2024-10-02T19:26:44.926+0000] {taskinstance.py:2306} INFO - Starting attempt 1 of 1
[2024-10-02T19:26:44.939+0000] {taskinstance.py:2330} INFO - Executing <Task(PythonOperator): extrair> on 2024-03-17 00:00:00+00:00
[2024-10-02T19:26:44.945+0000] {warnings.py:112} WARNING - /home/***/.local/lib/python3.12/site-packages/***/task/task_runner/standard_task_runner.py:61: DeprecationWarning: This process (pid=10080) is multi-threaded, use of fork() may lead to deadlocks in the child.
  pid = os.fork()

[2024-10-02T19:26:44.947+0000] {standard_task_runner.py:63} INFO - Started process 10093 to run task
[2024-10-02T19:26:44.947+0000] {standard_task_runner.py:90} INFO - Running: ['***', 'tasks', 'run', 'etl_covid_europa_pipeline', 'extrair', 'scheduled__2024-03-17T00:00:00+00:00', '--job-id', '2454', '--raw', '--subdir', 'DAGS_FOLDER/etl_pipeline_agrupar_continente.py', '--cfg-path', '/tmp/tmpr6cnvq8x']
[2024-10-02T19:26:44.948+0000] {standard_task_runner.py:91} INFO - Job 2454: Subtask extrair
[2024-10-02T19:26:44.984+0000] {task_command.py:426} INFO - Running <TaskInstance: etl_covid_europa_pipeline.extrair scheduled__2024-03-17T00:00:00+00:00 [running]> on host 99de7dfc3871
[2024-10-02T19:26:45.067+0000] {taskinstance.py:2648} INFO - Exporting env vars: AIRFLOW_CTX_DAG_OWNER='***' AIRFLOW_CTX_DAG_ID='etl_covid_europa_pipeline' AIRFLOW_CTX_TASK_ID='extrair' AIRFLOW_CTX_EXECUTION_DATE='2024-03-17T00:00:00+00:00' AIRFLOW_CTX_TRY_NUMBER='1' AIRFLOW_CTX_DAG_RUN_ID='scheduled__2024-03-17T00:00:00+00:00'
[2024-10-02T19:26:45.068+0000] {taskinstance.py:430} INFO - ::endgroup::
[2024-10-02T19:26:50.592+0000] {python.py:237} INFO - Done. Returned value was: None
[2024-10-02T19:26:50.593+0000] {taskinstance.py:441} INFO - ::group::Post task execution logs
[2024-10-02T19:26:50.604+0000] {taskinstance.py:1206} INFO - Marking task as SUCCESS. dag_id=etl_covid_europa_pipeline, task_id=extrair, run_id=scheduled__2024-03-17T00:00:00+00:00, execution_date=20240317T000000, start_date=20241002T192644, end_date=20241002T192650
[2024-10-02T19:26:50.651+0000] {local_task_job_runner.py:240} INFO - Task exited with return code 0
[2024-10-02T19:26:50.677+0000] {taskinstance.py:3503} INFO - 1 downstream tasks scheduled from follow-on schedule check
[2024-10-02T19:26:50.679+0000] {local_task_job_runner.py:222} INFO - ::endgroup::
