[2024-10-02T17:25:52.360+0000] {local_task_job_runner.py:120} INFO - ::group::Pre task execution logs
[2024-10-02T17:25:52.386+0000] {taskinstance.py:2076} INFO - Dependencies all met for dep_context=non-requeueable deps ti=<TaskInstance: etl_covid_europa_pipeline.transformar scheduled__2023-11-15T00:00:00+00:00 [queued]>
[2024-10-02T17:25:52.394+0000] {taskinstance.py:2076} INFO - Dependencies all met for dep_context=requeueable deps ti=<TaskInstance: etl_covid_europa_pipeline.transformar scheduled__2023-11-15T00:00:00+00:00 [queued]>
[2024-10-02T17:25:52.394+0000] {taskinstance.py:2306} INFO - Starting attempt 1 of 1
[2024-10-02T17:25:52.609+0000] {taskinstance.py:2330} INFO - Executing <Task(PythonOperator): transformar> on 2023-11-15 00:00:00+00:00
[2024-10-02T17:25:52.619+0000] {warnings.py:112} WARNING - /home/***/.local/lib/python3.12/site-packages/***/task/task_runner/standard_task_runner.py:61: DeprecationWarning: This process (pid=1444) is multi-threaded, use of fork() may lead to deadlocks in the child.
  pid = os.fork()

[2024-10-02T17:25:52.620+0000] {standard_task_runner.py:63} INFO - Started process 1450 to run task
[2024-10-02T17:25:52.620+0000] {standard_task_runner.py:90} INFO - Running: ['***', 'tasks', 'run', 'etl_covid_europa_pipeline', 'transformar', 'scheduled__2023-11-15T00:00:00+00:00', '--job-id', '96', '--raw', '--subdir', 'DAGS_FOLDER/etl_pipeline.py', '--cfg-path', '/tmp/tmp4y80xfo7']
[2024-10-02T17:25:52.623+0000] {standard_task_runner.py:91} INFO - Job 96: Subtask transformar
[2024-10-02T17:25:52.674+0000] {task_command.py:426} INFO - Running <TaskInstance: etl_covid_europa_pipeline.transformar scheduled__2023-11-15T00:00:00+00:00 [running]> on host 99de7dfc3871
[2024-10-02T17:25:52.756+0000] {taskinstance.py:2648} INFO - Exporting env vars: AIRFLOW_CTX_DAG_OWNER='***' AIRFLOW_CTX_DAG_ID='etl_covid_europa_pipeline' AIRFLOW_CTX_TASK_ID='transformar' AIRFLOW_CTX_EXECUTION_DATE='2023-11-15T00:00:00+00:00' AIRFLOW_CTX_TRY_NUMBER='1' AIRFLOW_CTX_DAG_RUN_ID='scheduled__2023-11-15T00:00:00+00:00'
[2024-10-02T17:25:52.757+0000] {taskinstance.py:430} INFO - ::endgroup::
[2024-10-02T17:25:52.895+0000] {taskinstance.py:441} INFO - ::group::Post task execution logs
[2024-10-02T17:25:52.896+0000] {taskinstance.py:2905} ERROR - Task failed with exception
Traceback (most recent call last):
  File "/home/airflow/.local/lib/python3.12/site-packages/airflow/models/taskinstance.py", line 465, in _execute_task
    result = _execute_callable(context=context, **execute_callable_kwargs)
             ^^^^^^^^^^^^^^^^^^^^^^^^^^^^^^^^^^^^^^^^^^^^^^^^^^^^^^^^^^^^^
  File "/home/airflow/.local/lib/python3.12/site-packages/airflow/models/taskinstance.py", line 432, in _execute_callable
    return execute_callable(context=context, **execute_callable_kwargs)
           ^^^^^^^^^^^^^^^^^^^^^^^^^^^^^^^^^^^^^^^^^^^^^^^^^^^^^^^^^^^^
  File "/home/airflow/.local/lib/python3.12/site-packages/airflow/models/baseoperator.py", line 401, in wrapper
    return func(self, *args, **kwargs)
           ^^^^^^^^^^^^^^^^^^^^^^^^^^^
  File "/home/airflow/.local/lib/python3.12/site-packages/airflow/operators/python.py", line 235, in execute
    return_value = self.execute_callable()
                   ^^^^^^^^^^^^^^^^^^^^^^^
  File "/home/airflow/.local/lib/python3.12/site-packages/airflow/operators/python.py", line 252, in execute_callable
    return self.python_callable(*self.op_args, **self.op_kwargs)
           ^^^^^^^^^^^^^^^^^^^^^^^^^^^^^^^^^^^^^^^^^^^^^^^^^^^^^
  File "/opt/airflow/dags/etl_pipeline.py", line 17, in transformar
    df_agrupada = df.groupby('ContinentExp')[['cases', 'deaths']].sum().reset_index()
                  ^^^^^^^^^^^^^^^^^^^^^^^^^^
  File "/home/airflow/.local/lib/python3.12/site-packages/pandas/core/frame.py", line 8869, in groupby
    return DataFrameGroupBy(
           ^^^^^^^^^^^^^^^^^
  File "/home/airflow/.local/lib/python3.12/site-packages/pandas/core/groupby/groupby.py", line 1278, in __init__
    grouper, exclusions, obj = get_grouper(
                               ^^^^^^^^^^^^
  File "/home/airflow/.local/lib/python3.12/site-packages/pandas/core/groupby/grouper.py", line 1009, in get_grouper
    raise KeyError(gpr)
KeyError: 'ContinentExp'
[2024-10-02T17:25:52.908+0000] {taskinstance.py:1206} INFO - Marking task as FAILED. dag_id=etl_covid_europa_pipeline, task_id=transformar, run_id=scheduled__2023-11-15T00:00:00+00:00, execution_date=20231115T000000, start_date=20241002T172552, end_date=20241002T172552
[2024-10-02T17:25:52.921+0000] {standard_task_runner.py:110} ERROR - Failed to execute job 96 for task transformar ('ContinentExp'; 1450)
[2024-10-02T17:25:52.955+0000] {local_task_job_runner.py:240} INFO - Task exited with return code 1
[2024-10-02T17:25:52.971+0000] {taskinstance.py:3503} INFO - 0 downstream tasks scheduled from follow-on schedule check
[2024-10-02T17:25:52.976+0000] {local_task_job_runner.py:222} INFO - ::endgroup::
[2024-10-02T18:57:52.220+0000] {local_task_job_runner.py:120} INFO - ::group::Pre task execution logs
[2024-10-02T18:57:52.253+0000] {taskinstance.py:2076} INFO - Dependencies all met for dep_context=non-requeueable deps ti=<TaskInstance: etl_covid_europa_pipeline.transformar scheduled__2023-11-15T00:00:00+00:00 [queued]>
[2024-10-02T18:57:52.558+0000] {taskinstance.py:2076} INFO - Dependencies all met for dep_context=requeueable deps ti=<TaskInstance: etl_covid_europa_pipeline.transformar scheduled__2023-11-15T00:00:00+00:00 [queued]>
[2024-10-02T18:57:52.559+0000] {taskinstance.py:2306} INFO - Starting attempt 1 of 1
[2024-10-02T18:57:52.577+0000] {taskinstance.py:2330} INFO - Executing <Task(PythonOperator): transformar> on 2023-11-15 00:00:00+00:00
[2024-10-02T18:57:52.585+0000] {warnings.py:112} WARNING - /home/***/.local/lib/python3.12/site-packages/***/task/task_runner/standard_task_runner.py:61: DeprecationWarning: This process (pid=5611) is multi-threaded, use of fork() may lead to deadlocks in the child.
  pid = os.fork()

[2024-10-02T18:57:52.587+0000] {standard_task_runner.py:63} INFO - Started process 5628 to run task
[2024-10-02T18:57:52.587+0000] {standard_task_runner.py:90} INFO - Running: ['***', 'tasks', 'run', 'etl_covid_europa_pipeline', 'transformar', 'scheduled__2023-11-15T00:00:00+00:00', '--job-id', '1090', '--raw', '--subdir', 'DAGS_FOLDER/etl_pipeline.py', '--cfg-path', '/tmp/tmpne9tu6pq']
[2024-10-02T18:57:52.589+0000] {standard_task_runner.py:91} INFO - Job 1090: Subtask transformar
[2024-10-02T18:57:52.646+0000] {task_command.py:426} INFO - Running <TaskInstance: etl_covid_europa_pipeline.transformar scheduled__2023-11-15T00:00:00+00:00 [running]> on host 99de7dfc3871
[2024-10-02T18:57:52.734+0000] {taskinstance.py:2648} INFO - Exporting env vars: AIRFLOW_CTX_DAG_OWNER='***' AIRFLOW_CTX_DAG_ID='etl_covid_europa_pipeline' AIRFLOW_CTX_TASK_ID='transformar' AIRFLOW_CTX_EXECUTION_DATE='2023-11-15T00:00:00+00:00' AIRFLOW_CTX_TRY_NUMBER='1' AIRFLOW_CTX_DAG_RUN_ID='scheduled__2023-11-15T00:00:00+00:00'
[2024-10-02T18:57:52.737+0000] {taskinstance.py:430} INFO - ::endgroup::
[2024-10-02T18:57:52.869+0000] {python.py:237} INFO - Done. Returned value was: None
[2024-10-02T18:57:52.870+0000] {taskinstance.py:441} INFO - ::group::Post task execution logs
[2024-10-02T18:57:52.879+0000] {taskinstance.py:1206} INFO - Marking task as SUCCESS. dag_id=etl_covid_europa_pipeline, task_id=transformar, run_id=scheduled__2023-11-15T00:00:00+00:00, execution_date=20231115T000000, start_date=20241002T185752, end_date=20241002T185752
[2024-10-02T18:57:52.929+0000] {local_task_job_runner.py:240} INFO - Task exited with return code 0
[2024-10-02T18:57:52.948+0000] {taskinstance.py:3503} INFO - 1 downstream tasks scheduled from follow-on schedule check
[2024-10-02T18:57:52.951+0000] {local_task_job_runner.py:222} INFO - ::endgroup::
[2024-10-02T19:24:11.551+0000] {local_task_job_runner.py:120} INFO - ::group::Pre task execution logs
[2024-10-02T19:24:11.599+0000] {taskinstance.py:2076} INFO - Dependencies all met for dep_context=non-requeueable deps ti=<TaskInstance: etl_covid_europa_pipeline.transformar scheduled__2023-11-15T00:00:00+00:00 [queued]>
[2024-10-02T19:24:11.966+0000] {taskinstance.py:2076} INFO - Dependencies all met for dep_context=requeueable deps ti=<TaskInstance: etl_covid_europa_pipeline.transformar scheduled__2023-11-15T00:00:00+00:00 [queued]>
[2024-10-02T19:24:11.971+0000] {taskinstance.py:2306} INFO - Starting attempt 1 of 1
[2024-10-02T19:24:12.016+0000] {taskinstance.py:2330} INFO - Executing <Task(PythonOperator): transformar> on 2023-11-15 00:00:00+00:00
[2024-10-02T19:24:12.030+0000] {warnings.py:112} WARNING - /home/***/.local/lib/python3.12/site-packages/***/task/task_runner/standard_task_runner.py:61: DeprecationWarning: This process (pid=9008) is multi-threaded, use of fork() may lead to deadlocks in the child.
  pid = os.fork()

[2024-10-02T19:24:12.032+0000] {standard_task_runner.py:63} INFO - Started process 9028 to run task
[2024-10-02T19:24:12.036+0000] {standard_task_runner.py:90} INFO - Running: ['***', 'tasks', 'run', 'etl_covid_europa_pipeline', 'transformar', 'scheduled__2023-11-15T00:00:00+00:00', '--job-id', '2105', '--raw', '--subdir', 'DAGS_FOLDER/etl_pipeline.py', '--cfg-path', '/tmp/tmpfdy6cpgk']
[2024-10-02T19:24:12.039+0000] {standard_task_runner.py:91} INFO - Job 2105: Subtask transformar
[2024-10-02T19:24:12.141+0000] {task_command.py:426} INFO - Running <TaskInstance: etl_covid_europa_pipeline.transformar scheduled__2023-11-15T00:00:00+00:00 [running]> on host 99de7dfc3871
[2024-10-02T19:24:12.288+0000] {taskinstance.py:2648} INFO - Exporting env vars: AIRFLOW_CTX_DAG_OWNER='***' AIRFLOW_CTX_DAG_ID='etl_covid_europa_pipeline' AIRFLOW_CTX_TASK_ID='transformar' AIRFLOW_CTX_EXECUTION_DATE='2023-11-15T00:00:00+00:00' AIRFLOW_CTX_TRY_NUMBER='1' AIRFLOW_CTX_DAG_RUN_ID='scheduled__2023-11-15T00:00:00+00:00'
[2024-10-02T19:24:12.298+0000] {taskinstance.py:430} INFO - ::endgroup::
[2024-10-02T19:24:12.564+0000] {python.py:237} INFO - Done. Returned value was: None
[2024-10-02T19:24:12.566+0000] {taskinstance.py:441} INFO - ::group::Post task execution logs
[2024-10-02T19:24:12.584+0000] {taskinstance.py:1206} INFO - Marking task as SUCCESS. dag_id=etl_covid_europa_pipeline, task_id=transformar, run_id=scheduled__2023-11-15T00:00:00+00:00, execution_date=20231115T000000, start_date=20241002T192411, end_date=20241002T192412
[2024-10-02T19:24:12.653+0000] {local_task_job_runner.py:240} INFO - Task exited with return code 0
[2024-10-02T19:24:12.675+0000] {local_task_job_runner.py:222} INFO - ::endgroup::
