[2024-10-02T17:25:07.192+0000] {local_task_job_runner.py:120} INFO - ::group::Pre task execution logs
[2024-10-02T17:25:07.214+0000] {taskinstance.py:2076} INFO - Dependencies all met for dep_context=non-requeueable deps ti=<TaskInstance: etl_covid_europa_pipeline.extrair scheduled__2023-10-15T00:00:00+00:00 [queued]>
[2024-10-02T17:25:07.220+0000] {taskinstance.py:2076} INFO - Dependencies all met for dep_context=requeueable deps ti=<TaskInstance: etl_covid_europa_pipeline.extrair scheduled__2023-10-15T00:00:00+00:00 [queued]>
[2024-10-02T17:25:07.220+0000] {taskinstance.py:2306} INFO - Starting attempt 1 of 1
[2024-10-02T17:25:07.375+0000] {taskinstance.py:2330} INFO - Executing <Task(PythonOperator): extrair> on 2023-10-15 00:00:00+00:00
[2024-10-02T17:25:07.381+0000] {warnings.py:112} WARNING - /home/***/.local/lib/python3.12/site-packages/***/task/task_runner/standard_task_runner.py:61: DeprecationWarning: This process (pid=1212) is multi-threaded, use of fork() may lead to deadlocks in the child.
  pid = os.fork()

[2024-10-02T17:25:07.382+0000] {standard_task_runner.py:63} INFO - Started process 1220 to run task
[2024-10-02T17:25:07.383+0000] {standard_task_runner.py:90} INFO - Running: ['***', 'tasks', 'run', 'etl_covid_europa_pipeline', 'extrair', 'scheduled__2023-10-15T00:00:00+00:00', '--job-id', '21', '--raw', '--subdir', 'DAGS_FOLDER/etl_pipeline.py', '--cfg-path', '/tmp/tmpji1n2_yu']
[2024-10-02T17:25:07.384+0000] {standard_task_runner.py:91} INFO - Job 21: Subtask extrair
[2024-10-02T17:25:07.420+0000] {task_command.py:426} INFO - Running <TaskInstance: etl_covid_europa_pipeline.extrair scheduled__2023-10-15T00:00:00+00:00 [running]> on host 99de7dfc3871
[2024-10-02T17:25:07.490+0000] {taskinstance.py:2648} INFO - Exporting env vars: AIRFLOW_CTX_DAG_OWNER='***' AIRFLOW_CTX_DAG_ID='etl_covid_europa_pipeline' AIRFLOW_CTX_TASK_ID='extrair' AIRFLOW_CTX_EXECUTION_DATE='2023-10-15T00:00:00+00:00' AIRFLOW_CTX_TRY_NUMBER='1' AIRFLOW_CTX_DAG_RUN_ID='scheduled__2023-10-15T00:00:00+00:00'
[2024-10-02T17:25:07.491+0000] {taskinstance.py:430} INFO - ::endgroup::
[2024-10-02T17:25:13.225+0000] {python.py:237} INFO - Done. Returned value was: None
[2024-10-02T17:25:13.226+0000] {taskinstance.py:441} INFO - ::group::Post task execution logs
[2024-10-02T17:25:13.236+0000] {taskinstance.py:1206} INFO - Marking task as SUCCESS. dag_id=etl_covid_europa_pipeline, task_id=extrair, run_id=scheduled__2023-10-15T00:00:00+00:00, execution_date=20231015T000000, start_date=20241002T172507, end_date=20241002T172513
[2024-10-02T17:25:13.284+0000] {local_task_job_runner.py:240} INFO - Task exited with return code 0
[2024-10-02T17:25:13.311+0000] {taskinstance.py:3503} INFO - 1 downstream tasks scheduled from follow-on schedule check
[2024-10-02T17:25:13.314+0000] {local_task_job_runner.py:222} INFO - ::endgroup::
[2024-10-02T18:57:09.142+0000] {local_task_job_runner.py:120} INFO - ::group::Pre task execution logs
[2024-10-02T18:57:09.166+0000] {taskinstance.py:2076} INFO - Dependencies all met for dep_context=non-requeueable deps ti=<TaskInstance: etl_covid_europa_pipeline.extrair scheduled__2023-10-15T00:00:00+00:00 [queued]>
[2024-10-02T18:57:09.174+0000] {taskinstance.py:2076} INFO - Dependencies all met for dep_context=requeueable deps ti=<TaskInstance: etl_covid_europa_pipeline.extrair scheduled__2023-10-15T00:00:00+00:00 [queued]>
[2024-10-02T18:57:09.175+0000] {taskinstance.py:2306} INFO - Starting attempt 1 of 1
[2024-10-02T18:57:09.380+0000] {taskinstance.py:2330} INFO - Executing <Task(PythonOperator): extrair> on 2023-10-15 00:00:00+00:00
[2024-10-02T18:57:09.389+0000] {warnings.py:112} WARNING - /home/***/.local/lib/python3.12/site-packages/***/task/task_runner/standard_task_runner.py:61: DeprecationWarning: This process (pid=5287) is multi-threaded, use of fork() may lead to deadlocks in the child.
  pid = os.fork()

[2024-10-02T18:57:09.394+0000] {standard_task_runner.py:63} INFO - Started process 5295 to run task
[2024-10-02T18:57:09.394+0000] {standard_task_runner.py:90} INFO - Running: ['***', 'tasks', 'run', 'etl_covid_europa_pipeline', 'extrair', 'scheduled__2023-10-15T00:00:00+00:00', '--job-id', '982', '--raw', '--subdir', 'DAGS_FOLDER/etl_pipeline.py', '--cfg-path', '/tmp/tmpyag6v68k']
[2024-10-02T18:57:09.396+0000] {standard_task_runner.py:91} INFO - Job 982: Subtask extrair
[2024-10-02T18:57:09.468+0000] {task_command.py:426} INFO - Running <TaskInstance: etl_covid_europa_pipeline.extrair scheduled__2023-10-15T00:00:00+00:00 [running]> on host 99de7dfc3871
[2024-10-02T18:57:09.547+0000] {taskinstance.py:2648} INFO - Exporting env vars: AIRFLOW_CTX_DAG_OWNER='***' AIRFLOW_CTX_DAG_ID='etl_covid_europa_pipeline' AIRFLOW_CTX_TASK_ID='extrair' AIRFLOW_CTX_EXECUTION_DATE='2023-10-15T00:00:00+00:00' AIRFLOW_CTX_TRY_NUMBER='1' AIRFLOW_CTX_DAG_RUN_ID='scheduled__2023-10-15T00:00:00+00:00'
[2024-10-02T18:57:09.548+0000] {taskinstance.py:430} INFO - ::endgroup::
[2024-10-02T18:57:17.188+0000] {python.py:237} INFO - Done. Returned value was: None
[2024-10-02T18:57:17.189+0000] {taskinstance.py:441} INFO - ::group::Post task execution logs
[2024-10-02T18:57:17.202+0000] {taskinstance.py:1206} INFO - Marking task as SUCCESS. dag_id=etl_covid_europa_pipeline, task_id=extrair, run_id=scheduled__2023-10-15T00:00:00+00:00, execution_date=20231015T000000, start_date=20241002T185709, end_date=20241002T185717
[2024-10-02T18:57:17.251+0000] {local_task_job_runner.py:240} INFO - Task exited with return code 0
[2024-10-02T18:57:17.280+0000] {taskinstance.py:3503} INFO - 1 downstream tasks scheduled from follow-on schedule check
[2024-10-02T18:57:17.282+0000] {local_task_job_runner.py:222} INFO - ::endgroup::
[2024-10-02T19:23:13.396+0000] {local_task_job_runner.py:120} INFO - ::group::Pre task execution logs
[2024-10-02T19:23:13.421+0000] {taskinstance.py:2076} INFO - Dependencies all met for dep_context=non-requeueable deps ti=<TaskInstance: etl_covid_europa_pipeline.extrair scheduled__2023-10-15T00:00:00+00:00 [queued]>
[2024-10-02T19:23:13.429+0000] {taskinstance.py:2076} INFO - Dependencies all met for dep_context=requeueable deps ti=<TaskInstance: etl_covid_europa_pipeline.extrair scheduled__2023-10-15T00:00:00+00:00 [queued]>
[2024-10-02T19:23:13.430+0000] {taskinstance.py:2306} INFO - Starting attempt 1 of 1
[2024-10-02T19:23:13.627+0000] {taskinstance.py:2330} INFO - Executing <Task(PythonOperator): extrair> on 2023-10-15 00:00:00+00:00
[2024-10-02T19:23:13.634+0000] {warnings.py:112} WARNING - /home/***/.local/lib/python3.12/site-packages/***/task/task_runner/standard_task_runner.py:61: DeprecationWarning: This process (pid=8742) is multi-threaded, use of fork() may lead to deadlocks in the child.
  pid = os.fork()

[2024-10-02T19:23:13.637+0000] {standard_task_runner.py:63} INFO - Started process 8752 to run task
[2024-10-02T19:23:13.637+0000] {standard_task_runner.py:90} INFO - Running: ['***', 'tasks', 'run', 'etl_covid_europa_pipeline', 'extrair', 'scheduled__2023-10-15T00:00:00+00:00', '--job-id', '2022', '--raw', '--subdir', 'DAGS_FOLDER/etl_pipeline.py', '--cfg-path', '/tmp/tmpxy1r26pm']
[2024-10-02T19:23:13.640+0000] {standard_task_runner.py:91} INFO - Job 2022: Subtask extrair
[2024-10-02T19:23:13.696+0000] {task_command.py:426} INFO - Running <TaskInstance: etl_covid_europa_pipeline.extrair scheduled__2023-10-15T00:00:00+00:00 [running]> on host 99de7dfc3871
[2024-10-02T19:23:13.766+0000] {taskinstance.py:2648} INFO - Exporting env vars: AIRFLOW_CTX_DAG_OWNER='***' AIRFLOW_CTX_DAG_ID='etl_covid_europa_pipeline' AIRFLOW_CTX_TASK_ID='extrair' AIRFLOW_CTX_EXECUTION_DATE='2023-10-15T00:00:00+00:00' AIRFLOW_CTX_TRY_NUMBER='1' AIRFLOW_CTX_DAG_RUN_ID='scheduled__2023-10-15T00:00:00+00:00'
[2024-10-02T19:23:13.767+0000] {taskinstance.py:430} INFO - ::endgroup::
[2024-10-02T19:23:24.706+0000] {taskinstance.py:441} INFO - ::group::Post task execution logs
[2024-10-02T19:23:24.706+0000] {taskinstance.py:2905} ERROR - Task failed with exception
Traceback (most recent call last):
  File "/home/airflow/.local/lib/python3.12/site-packages/airflow/models/taskinstance.py", line 465, in _execute_task
    result = _execute_callable(context=context, **execute_callable_kwargs)
             ^^^^^^^^^^^^^^^^^^^^^^^^^^^^^^^^^^^^^^^^^^^^^^^^^^^^^^^^^^^^^
  File "/home/airflow/.local/lib/python3.12/site-packages/airflow/models/taskinstance.py", line 432, in _execute_callable
    return execute_callable(context=context, **execute_callable_kwargs)
           ^^^^^^^^^^^^^^^^^^^^^^^^^^^^^^^^^^^^^^^^^^^^^^^^^^^^^^^^^^^^
  File "/home/airflow/.local/lib/python3.12/site-packages/airflow/models/baseoperator.py", line 401, in wrapper
    return func(self, *args, **kwargs)
           ^^^^^^^^^^^^^^^^^^^^^^^^^^^
  File "/home/airflow/.local/lib/python3.12/site-packages/airflow/operators/python.py", line 235, in execute
    return_value = self.execute_callable()
                   ^^^^^^^^^^^^^^^^^^^^^^^
  File "/home/airflow/.local/lib/python3.12/site-packages/airflow/operators/python.py", line 252, in execute_callable
    return self.python_callable(*self.op_args, **self.op_kwargs)
           ^^^^^^^^^^^^^^^^^^^^^^^^^^^^^^^^^^^^^^^^^^^^^^^^^^^^^
  File "/opt/airflow/dags/etl_pipeline.py", line 9, in extrair
    df = pd.read_csv(url)
         ^^^^^^^^^^^^^^^^
  File "/home/airflow/.local/lib/python3.12/site-packages/pandas/io/parsers/readers.py", line 948, in read_csv
    return _read(filepath_or_buffer, kwds)
           ^^^^^^^^^^^^^^^^^^^^^^^^^^^^^^^
  File "/home/airflow/.local/lib/python3.12/site-packages/pandas/io/parsers/readers.py", line 611, in _read
    parser = TextFileReader(filepath_or_buffer, **kwds)
             ^^^^^^^^^^^^^^^^^^^^^^^^^^^^^^^^^^^^^^^^^^
  File "/home/airflow/.local/lib/python3.12/site-packages/pandas/io/parsers/readers.py", line 1448, in __init__
    self._engine = self._make_engine(f, self.engine)
                   ^^^^^^^^^^^^^^^^^^^^^^^^^^^^^^^^^
  File "/home/airflow/.local/lib/python3.12/site-packages/pandas/io/parsers/readers.py", line 1705, in _make_engine
    self.handles = get_handle(
                   ^^^^^^^^^^^
  File "/home/airflow/.local/lib/python3.12/site-packages/pandas/io/common.py", line 718, in get_handle
    ioargs = _get_filepath_or_buffer(
             ^^^^^^^^^^^^^^^^^^^^^^^^
  File "/home/airflow/.local/lib/python3.12/site-packages/pandas/io/common.py", line 377, in _get_filepath_or_buffer
    reader = BytesIO(req.read())
                     ^^^^^^^^^^
  File "/usr/local/lib/python3.12/http/client.py", line 495, in read
    s = self._safe_read(self.length)
        ^^^^^^^^^^^^^^^^^^^^^^^^^^^^
  File "/usr/local/lib/python3.12/http/client.py", line 642, in _safe_read
    raise IncompleteRead(data, amt-len(data))
http.client.IncompleteRead: IncompleteRead(1894587 bytes read, 2412715 more expected)
[2024-10-02T19:23:24.719+0000] {taskinstance.py:1206} INFO - Marking task as FAILED. dag_id=etl_covid_europa_pipeline, task_id=extrair, run_id=scheduled__2023-10-15T00:00:00+00:00, execution_date=20231015T000000, start_date=20241002T192313, end_date=20241002T192324
[2024-10-02T19:23:24.756+0000] {standard_task_runner.py:110} ERROR - Failed to execute job 2022 for task extrair (IncompleteRead(1894587 bytes read, 2412715 more expected); 8752)
[2024-10-02T19:23:24.780+0000] {local_task_job_runner.py:240} INFO - Task exited with return code 1
[2024-10-02T19:23:24.797+0000] {taskinstance.py:3503} INFO - 0 downstream tasks scheduled from follow-on schedule check
[2024-10-02T19:23:24.802+0000] {local_task_job_runner.py:222} INFO - ::endgroup::
