[2024-10-02T17:26:06.817+0000] {local_task_job_runner.py:120} INFO - ::group::Pre task execution logs
[2024-10-02T17:26:06.840+0000] {taskinstance.py:2076} INFO - Dependencies all met for dep_context=non-requeueable deps ti=<TaskInstance: etl_covid_europa_pipeline.extrair scheduled__2023-11-27T00:00:00+00:00 [queued]>
[2024-10-02T17:26:06.849+0000] {taskinstance.py:2076} INFO - Dependencies all met for dep_context=requeueable deps ti=<TaskInstance: etl_covid_europa_pipeline.extrair scheduled__2023-11-27T00:00:00+00:00 [queued]>
[2024-10-02T17:26:06.849+0000] {taskinstance.py:2306} INFO - Starting attempt 1 of 1
[2024-10-02T17:26:07.038+0000] {taskinstance.py:2330} INFO - Executing <Task(PythonOperator): extrair> on 2023-11-27 00:00:00+00:00
[2024-10-02T17:26:07.046+0000] {warnings.py:112} WARNING - /home/***/.local/lib/python3.12/site-packages/***/task/task_runner/standard_task_runner.py:61: DeprecationWarning: This process (pid=1489) is multi-threaded, use of fork() may lead to deadlocks in the child.
  pid = os.fork()

[2024-10-02T17:26:07.047+0000] {standard_task_runner.py:63} INFO - Started process 1507 to run task
[2024-10-02T17:26:07.047+0000] {standard_task_runner.py:90} INFO - Running: ['***', 'tasks', 'run', 'etl_covid_europa_pipeline', 'extrair', 'scheduled__2023-11-27T00:00:00+00:00', '--job-id', '112', '--raw', '--subdir', 'DAGS_FOLDER/etl_pipeline.py', '--cfg-path', '/tmp/tmp0yyav7qe']
[2024-10-02T17:26:07.049+0000] {standard_task_runner.py:91} INFO - Job 112: Subtask extrair
[2024-10-02T17:26:07.100+0000] {task_command.py:426} INFO - Running <TaskInstance: etl_covid_europa_pipeline.extrair scheduled__2023-11-27T00:00:00+00:00 [running]> on host 99de7dfc3871
[2024-10-02T17:26:07.182+0000] {taskinstance.py:2648} INFO - Exporting env vars: AIRFLOW_CTX_DAG_OWNER='***' AIRFLOW_CTX_DAG_ID='etl_covid_europa_pipeline' AIRFLOW_CTX_TASK_ID='extrair' AIRFLOW_CTX_EXECUTION_DATE='2023-11-27T00:00:00+00:00' AIRFLOW_CTX_TRY_NUMBER='1' AIRFLOW_CTX_DAG_RUN_ID='scheduled__2023-11-27T00:00:00+00:00'
[2024-10-02T17:26:07.183+0000] {taskinstance.py:430} INFO - ::endgroup::
[2024-10-02T17:26:18.248+0000] {taskinstance.py:441} INFO - ::group::Post task execution logs
[2024-10-02T17:26:18.249+0000] {taskinstance.py:2905} ERROR - Task failed with exception
Traceback (most recent call last):
  File "/home/airflow/.local/lib/python3.12/site-packages/airflow/models/taskinstance.py", line 465, in _execute_task
    result = _execute_callable(context=context, **execute_callable_kwargs)
             ^^^^^^^^^^^^^^^^^^^^^^^^^^^^^^^^^^^^^^^^^^^^^^^^^^^^^^^^^^^^^
  File "/home/airflow/.local/lib/python3.12/site-packages/airflow/models/taskinstance.py", line 432, in _execute_callable
    return execute_callable(context=context, **execute_callable_kwargs)
           ^^^^^^^^^^^^^^^^^^^^^^^^^^^^^^^^^^^^^^^^^^^^^^^^^^^^^^^^^^^^
  File "/home/airflow/.local/lib/python3.12/site-packages/airflow/models/baseoperator.py", line 401, in wrapper
    return func(self, *args, **kwargs)
           ^^^^^^^^^^^^^^^^^^^^^^^^^^^
  File "/home/airflow/.local/lib/python3.12/site-packages/airflow/operators/python.py", line 235, in execute
    return_value = self.execute_callable()
                   ^^^^^^^^^^^^^^^^^^^^^^^
  File "/home/airflow/.local/lib/python3.12/site-packages/airflow/operators/python.py", line 252, in execute_callable
    return self.python_callable(*self.op_args, **self.op_kwargs)
           ^^^^^^^^^^^^^^^^^^^^^^^^^^^^^^^^^^^^^^^^^^^^^^^^^^^^^
  File "/opt/airflow/dags/etl_pipeline.py", line 9, in extrair
    df = pd.read_csv(url)
         ^^^^^^^^^^^^^^^^
  File "/home/airflow/.local/lib/python3.12/site-packages/pandas/io/parsers/readers.py", line 948, in read_csv
    return _read(filepath_or_buffer, kwds)
           ^^^^^^^^^^^^^^^^^^^^^^^^^^^^^^^
  File "/home/airflow/.local/lib/python3.12/site-packages/pandas/io/parsers/readers.py", line 611, in _read
    parser = TextFileReader(filepath_or_buffer, **kwds)
             ^^^^^^^^^^^^^^^^^^^^^^^^^^^^^^^^^^^^^^^^^^
  File "/home/airflow/.local/lib/python3.12/site-packages/pandas/io/parsers/readers.py", line 1448, in __init__
    self._engine = self._make_engine(f, self.engine)
                   ^^^^^^^^^^^^^^^^^^^^^^^^^^^^^^^^^
  File "/home/airflow/.local/lib/python3.12/site-packages/pandas/io/parsers/readers.py", line 1705, in _make_engine
    self.handles = get_handle(
                   ^^^^^^^^^^^
  File "/home/airflow/.local/lib/python3.12/site-packages/pandas/io/common.py", line 718, in get_handle
    ioargs = _get_filepath_or_buffer(
             ^^^^^^^^^^^^^^^^^^^^^^^^
  File "/home/airflow/.local/lib/python3.12/site-packages/pandas/io/common.py", line 377, in _get_filepath_or_buffer
    reader = BytesIO(req.read())
                     ^^^^^^^^^^
  File "/usr/local/lib/python3.12/http/client.py", line 495, in read
    s = self._safe_read(self.length)
        ^^^^^^^^^^^^^^^^^^^^^^^^^^^^
  File "/usr/local/lib/python3.12/http/client.py", line 642, in _safe_read
    raise IncompleteRead(data, amt-len(data))
http.client.IncompleteRead: IncompleteRead(2151571 bytes read, 2155731 more expected)
[2024-10-02T17:26:18.260+0000] {taskinstance.py:1206} INFO - Marking task as FAILED. dag_id=etl_covid_europa_pipeline, task_id=extrair, run_id=scheduled__2023-11-27T00:00:00+00:00, execution_date=20231127T000000, start_date=20241002T172606, end_date=20241002T172618
[2024-10-02T17:26:18.271+0000] {standard_task_runner.py:110} ERROR - Failed to execute job 112 for task extrair (IncompleteRead(2151571 bytes read, 2155731 more expected); 1507)
[2024-10-02T17:26:18.312+0000] {local_task_job_runner.py:240} INFO - Task exited with return code 1
[2024-10-02T17:26:18.332+0000] {taskinstance.py:3503} INFO - 0 downstream tasks scheduled from follow-on schedule check
[2024-10-02T17:26:18.336+0000] {local_task_job_runner.py:222} INFO - ::endgroup::
[2024-10-02T18:58:10.978+0000] {local_task_job_runner.py:120} INFO - ::group::Pre task execution logs
[2024-10-02T18:58:11.012+0000] {taskinstance.py:2076} INFO - Dependencies all met for dep_context=non-requeueable deps ti=<TaskInstance: etl_covid_europa_pipeline.extrair scheduled__2023-11-27T00:00:00+00:00 [queued]>
[2024-10-02T18:58:11.200+0000] {taskinstance.py:2076} INFO - Dependencies all met for dep_context=requeueable deps ti=<TaskInstance: etl_covid_europa_pipeline.extrair scheduled__2023-11-27T00:00:00+00:00 [queued]>
[2024-10-02T18:58:11.201+0000] {taskinstance.py:2306} INFO - Starting attempt 1 of 1
[2024-10-02T18:58:11.243+0000] {taskinstance.py:2330} INFO - Executing <Task(PythonOperator): extrair> on 2023-11-27 00:00:00+00:00
[2024-10-02T18:58:11.250+0000] {warnings.py:112} WARNING - /home/***/.local/lib/python3.12/site-packages/***/task/task_runner/standard_task_runner.py:61: DeprecationWarning: This process (pid=5718) is multi-threaded, use of fork() may lead to deadlocks in the child.
  pid = os.fork()

[2024-10-02T18:58:11.251+0000] {standard_task_runner.py:63} INFO - Started process 5734 to run task
[2024-10-02T18:58:11.251+0000] {standard_task_runner.py:90} INFO - Running: ['***', 'tasks', 'run', 'etl_covid_europa_pipeline', 'extrair', 'scheduled__2023-11-27T00:00:00+00:00', '--job-id', '1122', '--raw', '--subdir', 'DAGS_FOLDER/etl_pipeline.py', '--cfg-path', '/tmp/tmpqygh_c9u']
[2024-10-02T18:58:11.253+0000] {standard_task_runner.py:91} INFO - Job 1122: Subtask extrair
[2024-10-02T18:58:11.304+0000] {task_command.py:426} INFO - Running <TaskInstance: etl_covid_europa_pipeline.extrair scheduled__2023-11-27T00:00:00+00:00 [running]> on host 99de7dfc3871
[2024-10-02T18:58:11.389+0000] {taskinstance.py:2648} INFO - Exporting env vars: AIRFLOW_CTX_DAG_OWNER='***' AIRFLOW_CTX_DAG_ID='etl_covid_europa_pipeline' AIRFLOW_CTX_TASK_ID='extrair' AIRFLOW_CTX_EXECUTION_DATE='2023-11-27T00:00:00+00:00' AIRFLOW_CTX_TRY_NUMBER='1' AIRFLOW_CTX_DAG_RUN_ID='scheduled__2023-11-27T00:00:00+00:00'
[2024-10-02T18:58:11.393+0000] {taskinstance.py:430} INFO - ::endgroup::
[2024-10-02T18:58:17.359+0000] {python.py:237} INFO - Done. Returned value was: None
[2024-10-02T18:58:17.360+0000] {taskinstance.py:441} INFO - ::group::Post task execution logs
[2024-10-02T18:58:17.386+0000] {taskinstance.py:1206} INFO - Marking task as SUCCESS. dag_id=etl_covid_europa_pipeline, task_id=extrair, run_id=scheduled__2023-11-27T00:00:00+00:00, execution_date=20231127T000000, start_date=20241002T185811, end_date=20241002T185817
[2024-10-02T18:58:17.443+0000] {local_task_job_runner.py:240} INFO - Task exited with return code 0
[2024-10-02T18:58:17.495+0000] {taskinstance.py:3503} INFO - 1 downstream tasks scheduled from follow-on schedule check
[2024-10-02T18:58:17.519+0000] {local_task_job_runner.py:222} INFO - ::endgroup::
[2024-10-02T19:24:23.667+0000] {local_task_job_runner.py:120} INFO - ::group::Pre task execution logs
[2024-10-02T19:24:23.694+0000] {taskinstance.py:2076} INFO - Dependencies all met for dep_context=non-requeueable deps ti=<TaskInstance: etl_covid_europa_pipeline.extrair scheduled__2023-11-27T00:00:00+00:00 [queued]>
[2024-10-02T19:24:23.894+0000] {taskinstance.py:2076} INFO - Dependencies all met for dep_context=requeueable deps ti=<TaskInstance: etl_covid_europa_pipeline.extrair scheduled__2023-11-27T00:00:00+00:00 [queued]>
[2024-10-02T19:24:23.895+0000] {taskinstance.py:2306} INFO - Starting attempt 1 of 1
[2024-10-02T19:24:23.999+0000] {taskinstance.py:2330} INFO - Executing <Task(PythonOperator): extrair> on 2023-11-27 00:00:00+00:00
[2024-10-02T19:24:24.009+0000] {warnings.py:112} WARNING - /home/***/.local/lib/python3.12/site-packages/***/task/task_runner/standard_task_runner.py:61: DeprecationWarning: This process (pid=9083) is multi-threaded, use of fork() may lead to deadlocks in the child.
  pid = os.fork()

[2024-10-02T19:24:24.011+0000] {standard_task_runner.py:63} INFO - Started process 9101 to run task
[2024-10-02T19:24:24.011+0000] {standard_task_runner.py:90} INFO - Running: ['***', 'tasks', 'run', 'etl_covid_europa_pipeline', 'extrair', 'scheduled__2023-11-27T00:00:00+00:00', '--job-id', '2131', '--raw', '--subdir', 'DAGS_FOLDER/etl_pipeline.py', '--cfg-path', '/tmp/tmpasc5ez84']
[2024-10-02T19:24:24.014+0000] {standard_task_runner.py:91} INFO - Job 2131: Subtask extrair
[2024-10-02T19:24:24.062+0000] {task_command.py:426} INFO - Running <TaskInstance: etl_covid_europa_pipeline.extrair scheduled__2023-11-27T00:00:00+00:00 [running]> on host 99de7dfc3871
[2024-10-02T19:24:24.157+0000] {taskinstance.py:2648} INFO - Exporting env vars: AIRFLOW_CTX_DAG_OWNER='***' AIRFLOW_CTX_DAG_ID='etl_covid_europa_pipeline' AIRFLOW_CTX_TASK_ID='extrair' AIRFLOW_CTX_EXECUTION_DATE='2023-11-27T00:00:00+00:00' AIRFLOW_CTX_TRY_NUMBER='1' AIRFLOW_CTX_DAG_RUN_ID='scheduled__2023-11-27T00:00:00+00:00'
[2024-10-02T19:24:24.161+0000] {taskinstance.py:430} INFO - ::endgroup::
[2024-10-02T19:24:32.709+0000] {python.py:237} INFO - Done. Returned value was: None
[2024-10-02T19:24:32.710+0000] {taskinstance.py:441} INFO - ::group::Post task execution logs
[2024-10-02T19:24:32.721+0000] {taskinstance.py:1206} INFO - Marking task as SUCCESS. dag_id=etl_covid_europa_pipeline, task_id=extrair, run_id=scheduled__2023-11-27T00:00:00+00:00, execution_date=20231127T000000, start_date=20241002T192423, end_date=20241002T192432
[2024-10-02T19:24:32.769+0000] {local_task_job_runner.py:240} INFO - Task exited with return code 0
[2024-10-02T19:24:32.779+0000] {local_task_job_runner.py:222} INFO - ::endgroup::
