[2024-10-02T17:26:24.331+0000] {local_task_job_runner.py:120} INFO - ::group::Pre task execution logs
[2024-10-02T17:26:24.356+0000] {taskinstance.py:2076} INFO - Dependencies all met for dep_context=non-requeueable deps ti=<TaskInstance: etl_covid_europa_pipeline.extrair scheduled__2023-12-11T00:00:00+00:00 [queued]>
[2024-10-02T17:26:24.366+0000] {taskinstance.py:2076} INFO - Dependencies all met for dep_context=requeueable deps ti=<TaskInstance: etl_covid_europa_pipeline.extrair scheduled__2023-12-11T00:00:00+00:00 [queued]>
[2024-10-02T17:26:24.366+0000] {taskinstance.py:2306} INFO - Starting attempt 1 of 1
[2024-10-02T17:26:24.614+0000] {taskinstance.py:2330} INFO - Executing <Task(PythonOperator): extrair> on 2023-12-11 00:00:00+00:00
[2024-10-02T17:26:24.621+0000] {warnings.py:112} WARNING - /home/***/.local/lib/python3.12/site-packages/***/task/task_runner/standard_task_runner.py:61: DeprecationWarning: This process (pid=1584) is multi-threaded, use of fork() may lead to deadlocks in the child.
  pid = os.fork()

[2024-10-02T17:26:24.623+0000] {standard_task_runner.py:63} INFO - Started process 1598 to run task
[2024-10-02T17:26:24.623+0000] {standard_task_runner.py:90} INFO - Running: ['***', 'tasks', 'run', 'etl_covid_europa_pipeline', 'extrair', 'scheduled__2023-12-11T00:00:00+00:00', '--job-id', '140', '--raw', '--subdir', 'DAGS_FOLDER/etl_pipeline.py', '--cfg-path', '/tmp/tmpclhpq0in']
[2024-10-02T17:26:24.628+0000] {standard_task_runner.py:91} INFO - Job 140: Subtask extrair
[2024-10-02T17:26:24.685+0000] {task_command.py:426} INFO - Running <TaskInstance: etl_covid_europa_pipeline.extrair scheduled__2023-12-11T00:00:00+00:00 [running]> on host 99de7dfc3871
[2024-10-02T17:26:24.775+0000] {taskinstance.py:2648} INFO - Exporting env vars: AIRFLOW_CTX_DAG_OWNER='***' AIRFLOW_CTX_DAG_ID='etl_covid_europa_pipeline' AIRFLOW_CTX_TASK_ID='extrair' AIRFLOW_CTX_EXECUTION_DATE='2023-12-11T00:00:00+00:00' AIRFLOW_CTX_TRY_NUMBER='1' AIRFLOW_CTX_DAG_RUN_ID='scheduled__2023-12-11T00:00:00+00:00'
[2024-10-02T17:26:24.777+0000] {taskinstance.py:430} INFO - ::endgroup::
[2024-10-02T17:26:30.983+0000] {python.py:237} INFO - Done. Returned value was: None
[2024-10-02T17:26:30.983+0000] {taskinstance.py:441} INFO - ::group::Post task execution logs
[2024-10-02T17:26:30.991+0000] {taskinstance.py:1206} INFO - Marking task as SUCCESS. dag_id=etl_covid_europa_pipeline, task_id=extrair, run_id=scheduled__2023-12-11T00:00:00+00:00, execution_date=20231211T000000, start_date=20241002T172624, end_date=20241002T172630
[2024-10-02T17:26:31.046+0000] {local_task_job_runner.py:240} INFO - Task exited with return code 0
[2024-10-02T17:26:31.054+0000] {local_task_job_runner.py:222} INFO - ::endgroup::
[2024-10-02T18:58:27.111+0000] {local_task_job_runner.py:120} INFO - ::group::Pre task execution logs
[2024-10-02T18:58:27.133+0000] {taskinstance.py:2076} INFO - Dependencies all met for dep_context=non-requeueable deps ti=<TaskInstance: etl_covid_europa_pipeline.extrair scheduled__2023-12-11T00:00:00+00:00 [queued]>
[2024-10-02T18:58:27.326+0000] {taskinstance.py:2076} INFO - Dependencies all met for dep_context=requeueable deps ti=<TaskInstance: etl_covid_europa_pipeline.extrair scheduled__2023-12-11T00:00:00+00:00 [queued]>
[2024-10-02T18:58:27.326+0000] {taskinstance.py:2306} INFO - Starting attempt 1 of 1
[2024-10-02T18:58:27.342+0000] {taskinstance.py:2330} INFO - Executing <Task(PythonOperator): extrair> on 2023-12-11 00:00:00+00:00
[2024-10-02T18:58:27.349+0000] {warnings.py:112} WARNING - /home/***/.local/lib/python3.12/site-packages/***/task/task_runner/standard_task_runner.py:61: DeprecationWarning: This process (pid=5850) is multi-threaded, use of fork() may lead to deadlocks in the child.
  pid = os.fork()

[2024-10-02T18:58:27.351+0000] {standard_task_runner.py:63} INFO - Started process 5868 to run task
[2024-10-02T18:58:27.351+0000] {standard_task_runner.py:90} INFO - Running: ['***', 'tasks', 'run', 'etl_covid_europa_pipeline', 'extrair', 'scheduled__2023-12-11T00:00:00+00:00', '--job-id', '1166', '--raw', '--subdir', 'DAGS_FOLDER/etl_pipeline.py', '--cfg-path', '/tmp/tmp7xozo3ex']
[2024-10-02T18:58:27.353+0000] {standard_task_runner.py:91} INFO - Job 1166: Subtask extrair
[2024-10-02T18:58:27.399+0000] {task_command.py:426} INFO - Running <TaskInstance: etl_covid_europa_pipeline.extrair scheduled__2023-12-11T00:00:00+00:00 [running]> on host 99de7dfc3871
[2024-10-02T18:58:27.489+0000] {taskinstance.py:2648} INFO - Exporting env vars: AIRFLOW_CTX_DAG_OWNER='***' AIRFLOW_CTX_DAG_ID='etl_covid_europa_pipeline' AIRFLOW_CTX_TASK_ID='extrair' AIRFLOW_CTX_EXECUTION_DATE='2023-12-11T00:00:00+00:00' AIRFLOW_CTX_TRY_NUMBER='1' AIRFLOW_CTX_DAG_RUN_ID='scheduled__2023-12-11T00:00:00+00:00'
[2024-10-02T18:58:27.493+0000] {taskinstance.py:430} INFO - ::endgroup::
[2024-10-02T18:58:32.984+0000] {python.py:237} INFO - Done. Returned value was: None
[2024-10-02T18:58:32.985+0000] {taskinstance.py:441} INFO - ::group::Post task execution logs
[2024-10-02T18:58:32.996+0000] {taskinstance.py:1206} INFO - Marking task as SUCCESS. dag_id=etl_covid_europa_pipeline, task_id=extrair, run_id=scheduled__2023-12-11T00:00:00+00:00, execution_date=20231211T000000, start_date=20241002T185827, end_date=20241002T185832
[2024-10-02T18:58:33.133+0000] {local_task_job_runner.py:240} INFO - Task exited with return code 0
[2024-10-02T18:58:33.162+0000] {taskinstance.py:3503} INFO - 1 downstream tasks scheduled from follow-on schedule check
[2024-10-02T18:58:33.208+0000] {local_task_job_runner.py:222} INFO - ::endgroup::
[2024-10-02T19:24:45.355+0000] {local_task_job_runner.py:120} INFO - ::group::Pre task execution logs
[2024-10-02T19:24:45.394+0000] {taskinstance.py:2076} INFO - Dependencies all met for dep_context=non-requeueable deps ti=<TaskInstance: etl_covid_europa_pipeline.extrair scheduled__2023-12-11T00:00:00+00:00 [queued]>
[2024-10-02T19:24:45.621+0000] {taskinstance.py:2076} INFO - Dependencies all met for dep_context=requeueable deps ti=<TaskInstance: etl_covid_europa_pipeline.extrair scheduled__2023-12-11T00:00:00+00:00 [queued]>
[2024-10-02T19:24:45.622+0000] {taskinstance.py:2306} INFO - Starting attempt 1 of 1
[2024-10-02T19:24:45.639+0000] {taskinstance.py:2330} INFO - Executing <Task(PythonOperator): extrair> on 2023-12-11 00:00:00+00:00
[2024-10-02T19:24:45.646+0000] {warnings.py:112} WARNING - /home/***/.local/lib/python3.12/site-packages/***/task/task_runner/standard_task_runner.py:61: DeprecationWarning: This process (pid=9231) is multi-threaded, use of fork() may lead to deadlocks in the child.
  pid = os.fork()

[2024-10-02T19:24:45.648+0000] {standard_task_runner.py:63} INFO - Started process 9248 to run task
[2024-10-02T19:24:45.649+0000] {standard_task_runner.py:90} INFO - Running: ['***', 'tasks', 'run', 'etl_covid_europa_pipeline', 'extrair', 'scheduled__2023-12-11T00:00:00+00:00', '--job-id', '2178', '--raw', '--subdir', 'DAGS_FOLDER/etl_pipeline.py', '--cfg-path', '/tmp/tmp_yrtf54v']
[2024-10-02T19:24:45.652+0000] {standard_task_runner.py:91} INFO - Job 2178: Subtask extrair
[2024-10-02T19:24:45.702+0000] {task_command.py:426} INFO - Running <TaskInstance: etl_covid_europa_pipeline.extrair scheduled__2023-12-11T00:00:00+00:00 [running]> on host 99de7dfc3871
[2024-10-02T19:24:45.798+0000] {taskinstance.py:2648} INFO - Exporting env vars: AIRFLOW_CTX_DAG_OWNER='***' AIRFLOW_CTX_DAG_ID='etl_covid_europa_pipeline' AIRFLOW_CTX_TASK_ID='extrair' AIRFLOW_CTX_EXECUTION_DATE='2023-12-11T00:00:00+00:00' AIRFLOW_CTX_TRY_NUMBER='1' AIRFLOW_CTX_DAG_RUN_ID='scheduled__2023-12-11T00:00:00+00:00'
[2024-10-02T19:24:45.803+0000] {taskinstance.py:430} INFO - ::endgroup::
[2024-10-02T19:24:50.939+0000] {python.py:237} INFO - Done. Returned value was: None
[2024-10-02T19:24:50.940+0000] {taskinstance.py:441} INFO - ::group::Post task execution logs
[2024-10-02T19:24:50.948+0000] {taskinstance.py:1206} INFO - Marking task as SUCCESS. dag_id=etl_covid_europa_pipeline, task_id=extrair, run_id=scheduled__2023-12-11T00:00:00+00:00, execution_date=20231211T000000, start_date=20241002T192445, end_date=20241002T192450
[2024-10-02T19:24:50.991+0000] {local_task_job_runner.py:240} INFO - Task exited with return code 0
[2024-10-02T19:24:51.013+0000] {taskinstance.py:3503} INFO - 1 downstream tasks scheduled from follow-on schedule check
[2024-10-02T19:24:51.015+0000] {local_task_job_runner.py:222} INFO - ::endgroup::
