[2024-10-02T17:27:56.879+0000] {local_task_job_runner.py:120} INFO - ::group::Pre task execution logs
[2024-10-02T17:27:56.911+0000] {taskinstance.py:2076} INFO - Dependencies all met for dep_context=non-requeueable deps ti=<TaskInstance: etl_covid_europa_pipeline.transformar scheduled__2024-02-26T00:00:00+00:00 [queued]>
[2024-10-02T17:27:56.919+0000] {taskinstance.py:2076} INFO - Dependencies all met for dep_context=requeueable deps ti=<TaskInstance: etl_covid_europa_pipeline.transformar scheduled__2024-02-26T00:00:00+00:00 [queued]>
[2024-10-02T17:27:56.921+0000] {taskinstance.py:2306} INFO - Starting attempt 1 of 1
[2024-10-02T17:27:57.147+0000] {taskinstance.py:2330} INFO - Executing <Task(PythonOperator): transformar> on 2024-02-26 00:00:00+00:00
[2024-10-02T17:27:57.153+0000] {warnings.py:112} WARNING - /home/***/.local/lib/python3.12/site-packages/***/task/task_runner/standard_task_runner.py:61: DeprecationWarning: This process (pid=1977) is multi-threaded, use of fork() may lead to deadlocks in the child.
  pid = os.fork()

[2024-10-02T17:27:57.155+0000] {standard_task_runner.py:63} INFO - Started process 1994 to run task
[2024-10-02T17:27:57.155+0000] {standard_task_runner.py:90} INFO - Running: ['***', 'tasks', 'run', 'etl_covid_europa_pipeline', 'transformar', 'scheduled__2024-02-26T00:00:00+00:00', '--job-id', '264', '--raw', '--subdir', 'DAGS_FOLDER/etl_pipeline.py', '--cfg-path', '/tmp/tmp10fgxprs']
[2024-10-02T17:27:57.157+0000] {standard_task_runner.py:91} INFO - Job 264: Subtask transformar
[2024-10-02T17:27:57.208+0000] {task_command.py:426} INFO - Running <TaskInstance: etl_covid_europa_pipeline.transformar scheduled__2024-02-26T00:00:00+00:00 [running]> on host 99de7dfc3871
[2024-10-02T17:27:57.295+0000] {taskinstance.py:2648} INFO - Exporting env vars: AIRFLOW_CTX_DAG_OWNER='***' AIRFLOW_CTX_DAG_ID='etl_covid_europa_pipeline' AIRFLOW_CTX_TASK_ID='transformar' AIRFLOW_CTX_EXECUTION_DATE='2024-02-26T00:00:00+00:00' AIRFLOW_CTX_TRY_NUMBER='1' AIRFLOW_CTX_DAG_RUN_ID='scheduled__2024-02-26T00:00:00+00:00'
[2024-10-02T17:27:57.296+0000] {taskinstance.py:430} INFO - ::endgroup::
[2024-10-02T17:27:57.321+0000] {taskinstance.py:441} INFO - ::group::Post task execution logs
[2024-10-02T17:27:57.322+0000] {taskinstance.py:2905} ERROR - Task failed with exception
Traceback (most recent call last):
  File "/home/airflow/.local/lib/python3.12/site-packages/airflow/models/taskinstance.py", line 465, in _execute_task
    result = _execute_callable(context=context, **execute_callable_kwargs)
             ^^^^^^^^^^^^^^^^^^^^^^^^^^^^^^^^^^^^^^^^^^^^^^^^^^^^^^^^^^^^^
  File "/home/airflow/.local/lib/python3.12/site-packages/airflow/models/taskinstance.py", line 432, in _execute_callable
    return execute_callable(context=context, **execute_callable_kwargs)
           ^^^^^^^^^^^^^^^^^^^^^^^^^^^^^^^^^^^^^^^^^^^^^^^^^^^^^^^^^^^^
  File "/home/airflow/.local/lib/python3.12/site-packages/airflow/models/baseoperator.py", line 401, in wrapper
    return func(self, *args, **kwargs)
           ^^^^^^^^^^^^^^^^^^^^^^^^^^^
  File "/home/airflow/.local/lib/python3.12/site-packages/airflow/operators/python.py", line 235, in execute
    return_value = self.execute_callable()
                   ^^^^^^^^^^^^^^^^^^^^^^^
  File "/home/airflow/.local/lib/python3.12/site-packages/airflow/operators/python.py", line 252, in execute_callable
    return self.python_callable(*self.op_args, **self.op_kwargs)
           ^^^^^^^^^^^^^^^^^^^^^^^^^^^^^^^^^^^^^^^^^^^^^^^^^^^^^
  File "/opt/airflow/dags/etl_pipeline.py", line 13, in transformar
    df = pd.read_csv('data/dados_covid_extraidos.csv')
         ^^^^^^^^^^^^^^^^^^^^^^^^^^^^^^^^^^^^^^^^^^^^^
  File "/home/airflow/.local/lib/python3.12/site-packages/pandas/io/parsers/readers.py", line 948, in read_csv
    return _read(filepath_or_buffer, kwds)
           ^^^^^^^^^^^^^^^^^^^^^^^^^^^^^^^
  File "/home/airflow/.local/lib/python3.12/site-packages/pandas/io/parsers/readers.py", line 617, in _read
    return parser.read(nrows)
           ^^^^^^^^^^^^^^^^^^
  File "/home/airflow/.local/lib/python3.12/site-packages/pandas/io/parsers/readers.py", line 1748, in read
    ) = self._engine.read(  # type: ignore[attr-defined]
        ^^^^^^^^^^^^^^^^^^^^^^^^^^^^^^^^^^^^^^^^^^^^^^^^
  File "/home/airflow/.local/lib/python3.12/site-packages/pandas/io/parsers/c_parser_wrapper.py", line 234, in read
    chunks = self._reader.read_low_memory(nrows)
             ^^^^^^^^^^^^^^^^^^^^^^^^^^^^^^^^^^^
  File "parsers.pyx", line 843, in pandas._libs.parsers.TextReader.read_low_memory
  File "parsers.pyx", line 904, in pandas._libs.parsers.TextReader._read_rows
  File "parsers.pyx", line 879, in pandas._libs.parsers.TextReader._tokenize_rows
  File "parsers.pyx", line 890, in pandas._libs.parsers.TextReader._check_tokenize_status
  File "parsers.pyx", line 2058, in pandas._libs.parsers.raise_parser_error
pandas.errors.ParserError: Error tokenizing data. C error: Expected 1 fields in line 7201, saw 2

[2024-10-02T17:27:57.334+0000] {taskinstance.py:1206} INFO - Marking task as FAILED. dag_id=etl_covid_europa_pipeline, task_id=transformar, run_id=scheduled__2024-02-26T00:00:00+00:00, execution_date=20240226T000000, start_date=20241002T172756, end_date=20241002T172757
[2024-10-02T17:27:57.346+0000] {standard_task_runner.py:110} ERROR - Failed to execute job 264 for task transformar (Error tokenizing data. C error: Expected 1 fields in line 7201, saw 2
; 1994)
[2024-10-02T17:27:57.369+0000] {local_task_job_runner.py:240} INFO - Task exited with return code 1
[2024-10-02T17:27:57.396+0000] {taskinstance.py:3503} INFO - 0 downstream tasks scheduled from follow-on schedule check
[2024-10-02T17:27:57.400+0000] {local_task_job_runner.py:222} INFO - ::endgroup::
[2024-10-02T19:00:19.196+0000] {local_task_job_runner.py:120} INFO - ::group::Pre task execution logs
[2024-10-02T19:00:19.359+0000] {taskinstance.py:2076} INFO - Dependencies all met for dep_context=non-requeueable deps ti=<TaskInstance: etl_covid_europa_pipeline.transformar scheduled__2024-02-26T00:00:00+00:00 [queued]>
[2024-10-02T19:00:19.366+0000] {taskinstance.py:2076} INFO - Dependencies all met for dep_context=requeueable deps ti=<TaskInstance: etl_covid_europa_pipeline.transformar scheduled__2024-02-26T00:00:00+00:00 [queued]>
[2024-10-02T19:00:19.367+0000] {taskinstance.py:2306} INFO - Starting attempt 1 of 1
[2024-10-02T19:00:19.377+0000] {taskinstance.py:2330} INFO - Executing <Task(PythonOperator): transformar> on 2024-02-26 00:00:00+00:00
[2024-10-02T19:00:19.383+0000] {warnings.py:112} WARNING - /home/***/.local/lib/python3.12/site-packages/***/task/task_runner/standard_task_runner.py:61: DeprecationWarning: This process (pid=6564) is multi-threaded, use of fork() may lead to deadlocks in the child.
  pid = os.fork()

[2024-10-02T19:00:19.384+0000] {standard_task_runner.py:63} INFO - Started process 6566 to run task
[2024-10-02T19:00:19.384+0000] {standard_task_runner.py:90} INFO - Running: ['***', 'tasks', 'run', 'etl_covid_europa_pipeline', 'transformar', 'scheduled__2024-02-26T00:00:00+00:00', '--job-id', '1392', '--raw', '--subdir', 'DAGS_FOLDER/etl_pipeline.py', '--cfg-path', '/tmp/tmptvfcc92y']
[2024-10-02T19:00:19.386+0000] {standard_task_runner.py:91} INFO - Job 1392: Subtask transformar
[2024-10-02T19:00:19.420+0000] {task_command.py:426} INFO - Running <TaskInstance: etl_covid_europa_pipeline.transformar scheduled__2024-02-26T00:00:00+00:00 [running]> on host 99de7dfc3871
[2024-10-02T19:00:19.489+0000] {taskinstance.py:2648} INFO - Exporting env vars: AIRFLOW_CTX_DAG_OWNER='***' AIRFLOW_CTX_DAG_ID='etl_covid_europa_pipeline' AIRFLOW_CTX_TASK_ID='transformar' AIRFLOW_CTX_EXECUTION_DATE='2024-02-26T00:00:00+00:00' AIRFLOW_CTX_TRY_NUMBER='1' AIRFLOW_CTX_DAG_RUN_ID='scheduled__2024-02-26T00:00:00+00:00'
[2024-10-02T19:00:19.490+0000] {taskinstance.py:430} INFO - ::endgroup::
[2024-10-02T19:00:19.599+0000] {python.py:237} INFO - Done. Returned value was: None
[2024-10-02T19:00:19.600+0000] {taskinstance.py:441} INFO - ::group::Post task execution logs
[2024-10-02T19:00:19.607+0000] {taskinstance.py:1206} INFO - Marking task as SUCCESS. dag_id=etl_covid_europa_pipeline, task_id=transformar, run_id=scheduled__2024-02-26T00:00:00+00:00, execution_date=20240226T000000, start_date=20241002T190019, end_date=20241002T190019
[2024-10-02T19:00:19.637+0000] {local_task_job_runner.py:240} INFO - Task exited with return code 0
[2024-10-02T19:00:19.653+0000] {taskinstance.py:3503} INFO - 1 downstream tasks scheduled from follow-on schedule check
[2024-10-02T19:00:19.656+0000] {local_task_job_runner.py:222} INFO - ::endgroup::
[2024-10-02T19:26:29.290+0000] {local_task_job_runner.py:120} INFO - ::group::Pre task execution logs
[2024-10-02T19:26:29.340+0000] {taskinstance.py:2076} INFO - Dependencies all met for dep_context=non-requeueable deps ti=<TaskInstance: etl_covid_europa_pipeline.transformar scheduled__2024-02-26T00:00:00+00:00 [queued]>
[2024-10-02T19:26:29.600+0000] {taskinstance.py:2076} INFO - Dependencies all met for dep_context=requeueable deps ti=<TaskInstance: etl_covid_europa_pipeline.transformar scheduled__2024-02-26T00:00:00+00:00 [queued]>
[2024-10-02T19:26:29.601+0000] {taskinstance.py:2306} INFO - Starting attempt 1 of 1
[2024-10-02T19:26:29.624+0000] {taskinstance.py:2330} INFO - Executing <Task(PythonOperator): transformar> on 2024-02-26 00:00:00+00:00
[2024-10-02T19:26:29.632+0000] {warnings.py:112} WARNING - /home/***/.local/lib/python3.12/site-packages/***/task/task_runner/standard_task_runner.py:61: DeprecationWarning: This process (pid=9970) is multi-threaded, use of fork() may lead to deadlocks in the child.
  pid = os.fork()

[2024-10-02T19:26:29.635+0000] {standard_task_runner.py:63} INFO - Started process 9977 to run task
[2024-10-02T19:26:29.638+0000] {standard_task_runner.py:90} INFO - Running: ['***', 'tasks', 'run', 'etl_covid_europa_pipeline', 'transformar', 'scheduled__2024-02-26T00:00:00+00:00', '--job-id', '2417', '--raw', '--subdir', 'DAGS_FOLDER/etl_pipeline.py', '--cfg-path', '/tmp/tmp2ykpplzg']
[2024-10-02T19:26:29.641+0000] {standard_task_runner.py:91} INFO - Job 2417: Subtask transformar
[2024-10-02T19:26:29.702+0000] {task_command.py:426} INFO - Running <TaskInstance: etl_covid_europa_pipeline.transformar scheduled__2024-02-26T00:00:00+00:00 [running]> on host 99de7dfc3871
[2024-10-02T19:26:29.800+0000] {taskinstance.py:2648} INFO - Exporting env vars: AIRFLOW_CTX_DAG_OWNER='***' AIRFLOW_CTX_DAG_ID='etl_covid_europa_pipeline' AIRFLOW_CTX_TASK_ID='transformar' AIRFLOW_CTX_EXECUTION_DATE='2024-02-26T00:00:00+00:00' AIRFLOW_CTX_TRY_NUMBER='1' AIRFLOW_CTX_DAG_RUN_ID='scheduled__2024-02-26T00:00:00+00:00'
[2024-10-02T19:26:29.805+0000] {taskinstance.py:430} INFO - ::endgroup::
[2024-10-02T19:26:29.950+0000] {python.py:237} INFO - Done. Returned value was: None
[2024-10-02T19:26:29.951+0000] {taskinstance.py:441} INFO - ::group::Post task execution logs
[2024-10-02T19:26:29.960+0000] {taskinstance.py:1206} INFO - Marking task as SUCCESS. dag_id=etl_covid_europa_pipeline, task_id=transformar, run_id=scheduled__2024-02-26T00:00:00+00:00, execution_date=20240226T000000, start_date=20241002T192629, end_date=20241002T192629
[2024-10-02T19:26:30.012+0000] {local_task_job_runner.py:240} INFO - Task exited with return code 0
[2024-10-02T19:26:30.045+0000] {taskinstance.py:3503} INFO - 1 downstream tasks scheduled from follow-on schedule check
[2024-10-02T19:26:30.061+0000] {local_task_job_runner.py:222} INFO - ::endgroup::
