[2024-10-02T17:28:39.002+0000] {local_task_job_runner.py:120} INFO - ::group::Pre task execution logs
[2024-10-02T17:28:39.031+0000] {taskinstance.py:2076} INFO - Dependencies all met for dep_context=non-requeueable deps ti=<TaskInstance: etl_covid_europa_pipeline.extrair scheduled__2024-04-12T00:00:00+00:00 [queued]>
[2024-10-02T17:28:39.042+0000] {taskinstance.py:2076} INFO - Dependencies all met for dep_context=requeueable deps ti=<TaskInstance: etl_covid_europa_pipeline.extrair scheduled__2024-04-12T00:00:00+00:00 [queued]>
[2024-10-02T17:28:39.043+0000] {taskinstance.py:2306} INFO - Starting attempt 1 of 1
[2024-10-02T17:28:39.250+0000] {taskinstance.py:2330} INFO - Executing <Task(PythonOperator): extrair> on 2024-04-12 00:00:00+00:00
[2024-10-02T17:28:39.259+0000] {warnings.py:112} WARNING - /home/***/.local/lib/python3.12/site-packages/***/task/task_runner/standard_task_runner.py:61: DeprecationWarning: This process (pid=2199) is multi-threaded, use of fork() may lead to deadlocks in the child.
  pid = os.fork()

[2024-10-02T17:28:39.261+0000] {standard_task_runner.py:63} INFO - Started process 2216 to run task
[2024-10-02T17:28:39.261+0000] {standard_task_runner.py:90} INFO - Running: ['***', 'tasks', 'run', 'etl_covid_europa_pipeline', 'extrair', 'scheduled__2024-04-12T00:00:00+00:00', '--job-id', '336', '--raw', '--subdir', 'DAGS_FOLDER/etl_pipeline.py', '--cfg-path', '/tmp/tmpeqwtr_qg']
[2024-10-02T17:28:39.262+0000] {standard_task_runner.py:91} INFO - Job 336: Subtask extrair
[2024-10-02T17:28:39.309+0000] {task_command.py:426} INFO - Running <TaskInstance: etl_covid_europa_pipeline.extrair scheduled__2024-04-12T00:00:00+00:00 [running]> on host 99de7dfc3871
[2024-10-02T17:28:39.404+0000] {taskinstance.py:2648} INFO - Exporting env vars: AIRFLOW_CTX_DAG_OWNER='***' AIRFLOW_CTX_DAG_ID='etl_covid_europa_pipeline' AIRFLOW_CTX_TASK_ID='extrair' AIRFLOW_CTX_EXECUTION_DATE='2024-04-12T00:00:00+00:00' AIRFLOW_CTX_TRY_NUMBER='1' AIRFLOW_CTX_DAG_RUN_ID='scheduled__2024-04-12T00:00:00+00:00'
[2024-10-02T17:28:39.405+0000] {taskinstance.py:430} INFO - ::endgroup::
[2024-10-02T17:28:46.097+0000] {python.py:237} INFO - Done. Returned value was: None
[2024-10-02T17:28:46.098+0000] {taskinstance.py:441} INFO - ::group::Post task execution logs
[2024-10-02T17:28:46.108+0000] {taskinstance.py:1206} INFO - Marking task as SUCCESS. dag_id=etl_covid_europa_pipeline, task_id=extrair, run_id=scheduled__2024-04-12T00:00:00+00:00, execution_date=20240412T000000, start_date=20241002T172839, end_date=20241002T172846
[2024-10-02T17:28:46.166+0000] {local_task_job_runner.py:240} INFO - Task exited with return code 0
[2024-10-02T17:28:46.192+0000] {taskinstance.py:3503} INFO - 1 downstream tasks scheduled from follow-on schedule check
[2024-10-02T17:28:46.195+0000] {local_task_job_runner.py:222} INFO - ::endgroup::
[2024-10-02T19:01:13.610+0000] {local_task_job_runner.py:120} INFO - ::group::Pre task execution logs
[2024-10-02T19:01:13.636+0000] {taskinstance.py:2076} INFO - Dependencies all met for dep_context=non-requeueable deps ti=<TaskInstance: etl_covid_europa_pipeline.extrair scheduled__2024-04-12T00:00:00+00:00 [queued]>
[2024-10-02T19:01:13.834+0000] {taskinstance.py:2076} INFO - Dependencies all met for dep_context=requeueable deps ti=<TaskInstance: etl_covid_europa_pipeline.extrair scheduled__2024-04-12T00:00:00+00:00 [queued]>
[2024-10-02T19:01:13.835+0000] {taskinstance.py:2306} INFO - Starting attempt 1 of 1
[2024-10-02T19:01:13.852+0000] {taskinstance.py:2330} INFO - Executing <Task(PythonOperator): extrair> on 2024-04-12 00:00:00+00:00
[2024-10-02T19:01:13.858+0000] {warnings.py:112} WARNING - /home/***/.local/lib/python3.12/site-packages/***/task/task_runner/standard_task_runner.py:61: DeprecationWarning: This process (pid=6939) is multi-threaded, use of fork() may lead to deadlocks in the child.
  pid = os.fork()

[2024-10-02T19:01:13.860+0000] {standard_task_runner.py:63} INFO - Started process 6953 to run task
[2024-10-02T19:01:13.860+0000] {standard_task_runner.py:90} INFO - Running: ['***', 'tasks', 'run', 'etl_covid_europa_pipeline', 'extrair', 'scheduled__2024-04-12T00:00:00+00:00', '--job-id', '1516', '--raw', '--subdir', 'DAGS_FOLDER/etl_pipeline.py', '--cfg-path', '/tmp/tmpqt46kyjr']
[2024-10-02T19:01:13.862+0000] {standard_task_runner.py:91} INFO - Job 1516: Subtask extrair
[2024-10-02T19:01:13.911+0000] {task_command.py:426} INFO - Running <TaskInstance: etl_covid_europa_pipeline.extrair scheduled__2024-04-12T00:00:00+00:00 [running]> on host 99de7dfc3871
[2024-10-02T19:01:13.998+0000] {taskinstance.py:2648} INFO - Exporting env vars: AIRFLOW_CTX_DAG_OWNER='***' AIRFLOW_CTX_DAG_ID='etl_covid_europa_pipeline' AIRFLOW_CTX_TASK_ID='extrair' AIRFLOW_CTX_EXECUTION_DATE='2024-04-12T00:00:00+00:00' AIRFLOW_CTX_TRY_NUMBER='1' AIRFLOW_CTX_DAG_RUN_ID='scheduled__2024-04-12T00:00:00+00:00'
[2024-10-02T19:01:14.002+0000] {taskinstance.py:430} INFO - ::endgroup::
[2024-10-02T19:01:19.740+0000] {python.py:237} INFO - Done. Returned value was: None
[2024-10-02T19:01:19.740+0000] {taskinstance.py:441} INFO - ::group::Post task execution logs
[2024-10-02T19:01:19.749+0000] {taskinstance.py:1206} INFO - Marking task as SUCCESS. dag_id=etl_covid_europa_pipeline, task_id=extrair, run_id=scheduled__2024-04-12T00:00:00+00:00, execution_date=20240412T000000, start_date=20241002T190113, end_date=20241002T190119
[2024-10-02T19:01:19.804+0000] {local_task_job_runner.py:240} INFO - Task exited with return code 0
[2024-10-02T19:01:19.824+0000] {taskinstance.py:3503} INFO - 1 downstream tasks scheduled from follow-on schedule check
[2024-10-02T19:01:19.829+0000] {local_task_job_runner.py:222} INFO - ::endgroup::
[2024-10-02T19:27:26.043+0000] {local_task_job_runner.py:120} INFO - ::group::Pre task execution logs
[2024-10-02T19:27:26.277+0000] {taskinstance.py:2076} INFO - Dependencies all met for dep_context=non-requeueable deps ti=<TaskInstance: etl_covid_europa_pipeline.extrair scheduled__2024-04-12T00:00:00+00:00 [queued]>
[2024-10-02T19:27:26.287+0000] {taskinstance.py:2076} INFO - Dependencies all met for dep_context=requeueable deps ti=<TaskInstance: etl_covid_europa_pipeline.extrair scheduled__2024-04-12T00:00:00+00:00 [queued]>
[2024-10-02T19:27:26.288+0000] {taskinstance.py:2306} INFO - Starting attempt 1 of 1
[2024-10-02T19:27:26.304+0000] {taskinstance.py:2330} INFO - Executing <Task(PythonOperator): extrair> on 2024-04-12 00:00:00+00:00
[2024-10-02T19:27:26.310+0000] {warnings.py:112} WARNING - /home/***/.local/lib/python3.12/site-packages/***/task/task_runner/standard_task_runner.py:61: DeprecationWarning: This process (pid=10363) is multi-threaded, use of fork() may lead to deadlocks in the child.
  pid = os.fork()

[2024-10-02T19:27:26.312+0000] {standard_task_runner.py:63} INFO - Started process 10381 to run task
[2024-10-02T19:27:26.312+0000] {standard_task_runner.py:90} INFO - Running: ['***', 'tasks', 'run', 'etl_covid_europa_pipeline', 'extrair', 'scheduled__2024-04-12T00:00:00+00:00', '--job-id', '2546', '--raw', '--subdir', 'DAGS_FOLDER/etl_pipeline_agrupar_continente.py', '--cfg-path', '/tmp/tmp5yjxoqeu']
[2024-10-02T19:27:26.314+0000] {standard_task_runner.py:91} INFO - Job 2546: Subtask extrair
[2024-10-02T19:27:26.373+0000] {task_command.py:426} INFO - Running <TaskInstance: etl_covid_europa_pipeline.extrair scheduled__2024-04-12T00:00:00+00:00 [running]> on host 99de7dfc3871
[2024-10-02T19:27:26.477+0000] {taskinstance.py:2648} INFO - Exporting env vars: AIRFLOW_CTX_DAG_OWNER='***' AIRFLOW_CTX_DAG_ID='etl_covid_europa_pipeline' AIRFLOW_CTX_TASK_ID='extrair' AIRFLOW_CTX_EXECUTION_DATE='2024-04-12T00:00:00+00:00' AIRFLOW_CTX_TRY_NUMBER='1' AIRFLOW_CTX_DAG_RUN_ID='scheduled__2024-04-12T00:00:00+00:00'
[2024-10-02T19:27:26.479+0000] {taskinstance.py:430} INFO - ::endgroup::
[2024-10-02T19:27:32.037+0000] {python.py:237} INFO - Done. Returned value was: None
[2024-10-02T19:27:32.038+0000] {taskinstance.py:441} INFO - ::group::Post task execution logs
[2024-10-02T19:27:32.047+0000] {taskinstance.py:1206} INFO - Marking task as SUCCESS. dag_id=etl_covid_europa_pipeline, task_id=extrair, run_id=scheduled__2024-04-12T00:00:00+00:00, execution_date=20240412T000000, start_date=20241002T192726, end_date=20241002T192732
[2024-10-02T19:27:32.103+0000] {local_task_job_runner.py:240} INFO - Task exited with return code 0
[2024-10-02T19:27:32.137+0000] {taskinstance.py:3503} INFO - 1 downstream tasks scheduled from follow-on schedule check
[2024-10-02T19:27:32.140+0000] {local_task_job_runner.py:222} INFO - ::endgroup::
