[2024-10-02T18:59:16.564+0000] {local_task_job_runner.py:120} INFO - ::group::Pre task execution logs
[2024-10-02T18:59:16.591+0000] {taskinstance.py:2076} INFO - Dependencies all met for dep_context=non-requeueable deps ti=<TaskInstance: etl_covid_europa_pipeline.transformar scheduled__2024-01-06T00:00:00+00:00 [queued]>
[2024-10-02T18:59:16.813+0000] {taskinstance.py:2076} INFO - Dependencies all met for dep_context=requeueable deps ti=<TaskInstance: etl_covid_europa_pipeline.transformar scheduled__2024-01-06T00:00:00+00:00 [queued]>
[2024-10-02T18:59:16.814+0000] {taskinstance.py:2306} INFO - Starting attempt 1 of 1
[2024-10-02T18:59:16.828+0000] {taskinstance.py:2330} INFO - Executing <Task(PythonOperator): transformar> on 2024-01-06 00:00:00+00:00
[2024-10-02T18:59:16.834+0000] {warnings.py:112} WARNING - /home/***/.local/lib/python3.12/site-packages/***/task/task_runner/standard_task_runner.py:61: DeprecationWarning: This process (pid=6232) is multi-threaded, use of fork() may lead to deadlocks in the child.
  pid = os.fork()

[2024-10-02T18:59:16.836+0000] {standard_task_runner.py:63} INFO - Started process 6244 to run task
[2024-10-02T18:59:16.836+0000] {standard_task_runner.py:90} INFO - Running: ['***', 'tasks', 'run', 'etl_covid_europa_pipeline', 'transformar', 'scheduled__2024-01-06T00:00:00+00:00', '--job-id', '1285', '--raw', '--subdir', 'DAGS_FOLDER/etl_pipeline.py', '--cfg-path', '/tmp/tmpgwnrmi_y']
[2024-10-02T18:59:16.838+0000] {standard_task_runner.py:91} INFO - Job 1285: Subtask transformar
[2024-10-02T18:59:16.888+0000] {task_command.py:426} INFO - Running <TaskInstance: etl_covid_europa_pipeline.transformar scheduled__2024-01-06T00:00:00+00:00 [running]> on host 99de7dfc3871
[2024-10-02T18:59:16.995+0000] {taskinstance.py:2648} INFO - Exporting env vars: AIRFLOW_CTX_DAG_OWNER='***' AIRFLOW_CTX_DAG_ID='etl_covid_europa_pipeline' AIRFLOW_CTX_TASK_ID='transformar' AIRFLOW_CTX_EXECUTION_DATE='2024-01-06T00:00:00+00:00' AIRFLOW_CTX_TRY_NUMBER='1' AIRFLOW_CTX_DAG_RUN_ID='scheduled__2024-01-06T00:00:00+00:00'
[2024-10-02T18:59:17.000+0000] {taskinstance.py:430} INFO - ::endgroup::
[2024-10-02T18:59:17.153+0000] {python.py:237} INFO - Done. Returned value was: None
[2024-10-02T18:59:17.154+0000] {taskinstance.py:441} INFO - ::group::Post task execution logs
[2024-10-02T18:59:17.164+0000] {taskinstance.py:1206} INFO - Marking task as SUCCESS. dag_id=etl_covid_europa_pipeline, task_id=transformar, run_id=scheduled__2024-01-06T00:00:00+00:00, execution_date=20240106T000000, start_date=20241002T185916, end_date=20241002T185917
[2024-10-02T18:59:17.211+0000] {local_task_job_runner.py:240} INFO - Task exited with return code 0
[2024-10-02T18:59:17.231+0000] {taskinstance.py:3503} INFO - 1 downstream tasks scheduled from follow-on schedule check
[2024-10-02T18:59:17.234+0000] {local_task_job_runner.py:222} INFO - ::endgroup::
[2024-10-02T19:25:28.012+0000] {local_task_job_runner.py:120} INFO - ::group::Pre task execution logs
[2024-10-02T19:25:28.076+0000] {taskinstance.py:2076} INFO - Dependencies all met for dep_context=non-requeueable deps ti=<TaskInstance: etl_covid_europa_pipeline.transformar scheduled__2024-01-06T00:00:00+00:00 [queued]>
[2024-10-02T19:25:28.103+0000] {taskinstance.py:2076} INFO - Dependencies all met for dep_context=requeueable deps ti=<TaskInstance: etl_covid_europa_pipeline.transformar scheduled__2024-01-06T00:00:00+00:00 [queued]>
[2024-10-02T19:25:28.104+0000] {taskinstance.py:2306} INFO - Starting attempt 1 of 1
[2024-10-02T19:25:28.158+0000] {taskinstance.py:2330} INFO - Executing <Task(PythonOperator): transformar> on 2024-01-06 00:00:00+00:00
[2024-10-02T19:25:28.166+0000] {warnings.py:112} WARNING - /home/***/.local/lib/python3.12/site-packages/***/task/task_runner/standard_task_runner.py:61: DeprecationWarning: This process (pid=9511) is multi-threaded, use of fork() may lead to deadlocks in the child.
  pid = os.fork()

[2024-10-02T19:25:28.171+0000] {standard_task_runner.py:63} INFO - Started process 9523 to run task
[2024-10-02T19:25:28.168+0000] {standard_task_runner.py:90} INFO - Running: ['***', 'tasks', 'run', 'etl_covid_europa_pipeline', 'transformar', 'scheduled__2024-01-06T00:00:00+00:00', '--job-id', '2267', '--raw', '--subdir', 'DAGS_FOLDER/etl_pipeline.py', '--cfg-path', '/tmp/tmpv0wan9s8']
[2024-10-02T19:25:28.174+0000] {standard_task_runner.py:91} INFO - Job 2267: Subtask transformar
[2024-10-02T19:25:28.578+0000] {task_command.py:426} INFO - Running <TaskInstance: etl_covid_europa_pipeline.transformar scheduled__2024-01-06T00:00:00+00:00 [running]> on host 99de7dfc3871
[2024-10-02T19:25:28.697+0000] {taskinstance.py:2648} INFO - Exporting env vars: AIRFLOW_CTX_DAG_OWNER='***' AIRFLOW_CTX_DAG_ID='etl_covid_europa_pipeline' AIRFLOW_CTX_TASK_ID='transformar' AIRFLOW_CTX_EXECUTION_DATE='2024-01-06T00:00:00+00:00' AIRFLOW_CTX_TRY_NUMBER='1' AIRFLOW_CTX_DAG_RUN_ID='scheduled__2024-01-06T00:00:00+00:00'
[2024-10-02T19:25:28.699+0000] {taskinstance.py:430} INFO - ::endgroup::
[2024-10-02T19:25:28.939+0000] {python.py:237} INFO - Done. Returned value was: None
[2024-10-02T19:25:28.940+0000] {taskinstance.py:441} INFO - ::group::Post task execution logs
[2024-10-02T19:25:28.958+0000] {taskinstance.py:1206} INFO - Marking task as SUCCESS. dag_id=etl_covid_europa_pipeline, task_id=transformar, run_id=scheduled__2024-01-06T00:00:00+00:00, execution_date=20240106T000000, start_date=20241002T192528, end_date=20241002T192528
[2024-10-02T19:25:28.995+0000] {local_task_job_runner.py:240} INFO - Task exited with return code 0
[2024-10-02T19:25:29.006+0000] {local_task_job_runner.py:222} INFO - ::endgroup::
