[2024-10-02T19:00:53.886+0000] {local_task_job_runner.py:120} INFO - ::group::Pre task execution logs
[2024-10-02T19:00:53.927+0000] {taskinstance.py:2076} INFO - Dependencies all met for dep_context=non-requeueable deps ti=<TaskInstance: etl_covid_europa_pipeline.carregar scheduled__2024-03-19T00:00:00+00:00 [queued]>
[2024-10-02T19:00:54.163+0000] {taskinstance.py:2076} INFO - Dependencies all met for dep_context=requeueable deps ti=<TaskInstance: etl_covid_europa_pipeline.carregar scheduled__2024-03-19T00:00:00+00:00 [queued]>
[2024-10-02T19:00:54.164+0000] {taskinstance.py:2306} INFO - Starting attempt 1 of 1
[2024-10-02T19:00:54.183+0000] {taskinstance.py:2330} INFO - Executing <Task(PythonOperator): carregar> on 2024-03-19 00:00:00+00:00
[2024-10-02T19:00:54.190+0000] {warnings.py:112} WARNING - /home/***/.local/lib/python3.12/site-packages/***/task/task_runner/standard_task_runner.py:61: DeprecationWarning: This process (pid=6794) is multi-threaded, use of fork() may lead to deadlocks in the child.
  pid = os.fork()

[2024-10-02T19:00:54.194+0000] {standard_task_runner.py:63} INFO - Started process 6817 to run task
[2024-10-02T19:00:54.192+0000] {standard_task_runner.py:90} INFO - Running: ['***', 'tasks', 'run', 'etl_covid_europa_pipeline', 'carregar', 'scheduled__2024-03-19T00:00:00+00:00', '--job-id', '1470', '--raw', '--subdir', 'DAGS_FOLDER/etl_pipeline.py', '--cfg-path', '/tmp/tmptrlh71_k']
[2024-10-02T19:00:54.197+0000] {standard_task_runner.py:91} INFO - Job 1470: Subtask carregar
[2024-10-02T19:00:54.247+0000] {task_command.py:426} INFO - Running <TaskInstance: etl_covid_europa_pipeline.carregar scheduled__2024-03-19T00:00:00+00:00 [running]> on host 99de7dfc3871
[2024-10-02T19:00:54.365+0000] {taskinstance.py:2648} INFO - Exporting env vars: AIRFLOW_CTX_DAG_OWNER='***' AIRFLOW_CTX_DAG_ID='etl_covid_europa_pipeline' AIRFLOW_CTX_TASK_ID='carregar' AIRFLOW_CTX_EXECUTION_DATE='2024-03-19T00:00:00+00:00' AIRFLOW_CTX_TRY_NUMBER='1' AIRFLOW_CTX_DAG_RUN_ID='scheduled__2024-03-19T00:00:00+00:00'
[2024-10-02T19:00:54.370+0000] {taskinstance.py:430} INFO - ::endgroup::
[2024-10-02T19:00:54.467+0000] {python.py:237} INFO - Done. Returned value was: None
[2024-10-02T19:00:54.468+0000] {taskinstance.py:441} INFO - ::group::Post task execution logs
[2024-10-02T19:00:54.485+0000] {taskinstance.py:1206} INFO - Marking task as SUCCESS. dag_id=etl_covid_europa_pipeline, task_id=carregar, run_id=scheduled__2024-03-19T00:00:00+00:00, execution_date=20240319T000000, start_date=20241002T190053, end_date=20241002T190054
[2024-10-02T19:00:54.534+0000] {local_task_job_runner.py:240} INFO - Task exited with return code 0
[2024-10-02T19:00:54.555+0000] {taskinstance.py:3503} INFO - 0 downstream tasks scheduled from follow-on schedule check
[2024-10-02T19:00:54.558+0000] {local_task_job_runner.py:222} INFO - ::endgroup::
[2024-10-02T19:26:56.143+0000] {local_task_job_runner.py:120} INFO - ::group::Pre task execution logs
[2024-10-02T19:26:56.319+0000] {taskinstance.py:2076} INFO - Dependencies all met for dep_context=non-requeueable deps ti=<TaskInstance: etl_covid_europa_pipeline.carregar scheduled__2024-03-19T00:00:00+00:00 [queued]>
[2024-10-02T19:26:56.328+0000] {taskinstance.py:2076} INFO - Dependencies all met for dep_context=requeueable deps ti=<TaskInstance: etl_covid_europa_pipeline.carregar scheduled__2024-03-19T00:00:00+00:00 [queued]>
[2024-10-02T19:26:56.328+0000] {taskinstance.py:2306} INFO - Starting attempt 1 of 1
[2024-10-02T19:26:56.339+0000] {taskinstance.py:2330} INFO - Executing <Task(PythonOperator): carregar> on 2024-03-19 00:00:00+00:00
[2024-10-02T19:26:56.345+0000] {warnings.py:112} WARNING - /home/***/.local/lib/python3.12/site-packages/***/task/task_runner/standard_task_runner.py:61: DeprecationWarning: This process (pid=10181) is multi-threaded, use of fork() may lead to deadlocks in the child.
  pid = os.fork()

[2024-10-02T19:26:56.346+0000] {standard_task_runner.py:63} INFO - Started process 10186 to run task
[2024-10-02T19:26:56.346+0000] {standard_task_runner.py:90} INFO - Running: ['***', 'tasks', 'run', 'etl_covid_europa_pipeline', 'carregar', 'scheduled__2024-03-19T00:00:00+00:00', '--job-id', '2485', '--raw', '--subdir', 'DAGS_FOLDER/etl_pipeline_agrupar_continente.py', '--cfg-path', '/tmp/tmpd9d0qgkc']
[2024-10-02T19:26:56.348+0000] {standard_task_runner.py:91} INFO - Job 2485: Subtask carregar
[2024-10-02T19:26:56.388+0000] {task_command.py:426} INFO - Running <TaskInstance: etl_covid_europa_pipeline.carregar scheduled__2024-03-19T00:00:00+00:00 [running]> on host 99de7dfc3871
[2024-10-02T19:26:56.470+0000] {taskinstance.py:2648} INFO - Exporting env vars: AIRFLOW_CTX_DAG_OWNER='***' AIRFLOW_CTX_DAG_ID='etl_covid_europa_pipeline' AIRFLOW_CTX_TASK_ID='carregar' AIRFLOW_CTX_EXECUTION_DATE='2024-03-19T00:00:00+00:00' AIRFLOW_CTX_TRY_NUMBER='1' AIRFLOW_CTX_DAG_RUN_ID='scheduled__2024-03-19T00:00:00+00:00'
[2024-10-02T19:26:56.472+0000] {taskinstance.py:430} INFO - ::endgroup::
[2024-10-02T19:26:56.529+0000] {python.py:237} INFO - Done. Returned value was: None
[2024-10-02T19:26:56.529+0000] {taskinstance.py:441} INFO - ::group::Post task execution logs
[2024-10-02T19:26:56.539+0000] {taskinstance.py:1206} INFO - Marking task as SUCCESS. dag_id=etl_covid_europa_pipeline, task_id=carregar, run_id=scheduled__2024-03-19T00:00:00+00:00, execution_date=20240319T000000, start_date=20241002T192656, end_date=20241002T192656
[2024-10-02T19:26:56.600+0000] {local_task_job_runner.py:240} INFO - Task exited with return code 0
[2024-10-02T19:26:56.614+0000] {taskinstance.py:3503} INFO - 0 downstream tasks scheduled from follow-on schedule check
[2024-10-02T19:26:56.616+0000] {local_task_job_runner.py:222} INFO - ::endgroup::
