[2024-10-02T18:54:16.637+0000] {local_task_job_runner.py:120} INFO - ::group::Pre task execution logs
[2024-10-02T18:54:16.660+0000] {taskinstance.py:2076} INFO - Dependencies all met for dep_context=non-requeueable deps ti=<TaskInstance: etl_covid_europa_pipeline.carregar scheduled__2024-07-07T00:00:00+00:00 [queued]>
[2024-10-02T18:54:16.835+0000] {taskinstance.py:2076} INFO - Dependencies all met for dep_context=requeueable deps ti=<TaskInstance: etl_covid_europa_pipeline.carregar scheduled__2024-07-07T00:00:00+00:00 [queued]>
[2024-10-02T18:54:16.835+0000] {taskinstance.py:2306} INFO - Starting attempt 1 of 1
[2024-10-02T18:54:16.847+0000] {taskinstance.py:2330} INFO - Executing <Task(PythonOperator): carregar> on 2024-07-07 00:00:00+00:00
[2024-10-02T18:54:16.852+0000] {warnings.py:112} WARNING - /home/***/.local/lib/python3.12/site-packages/***/task/task_runner/standard_task_runner.py:61: DeprecationWarning: This process (pid=4457) is multi-threaded, use of fork() may lead to deadlocks in the child.
  pid = os.fork()

[2024-10-02T18:54:16.853+0000] {standard_task_runner.py:63} INFO - Started process 4465 to run task
[2024-10-02T18:54:16.853+0000] {standard_task_runner.py:90} INFO - Running: ['***', 'tasks', 'run', 'etl_covid_europa_pipeline', 'carregar', 'scheduled__2024-07-07T00:00:00+00:00', '--job-id', '716', '--raw', '--subdir', 'DAGS_FOLDER/etl_pipeline.py', '--cfg-path', '/tmp/tmp5nm77w2k']
[2024-10-02T18:54:16.855+0000] {standard_task_runner.py:91} INFO - Job 716: Subtask carregar
[2024-10-02T18:54:16.890+0000] {task_command.py:426} INFO - Running <TaskInstance: etl_covid_europa_pipeline.carregar scheduled__2024-07-07T00:00:00+00:00 [running]> on host 99de7dfc3871
[2024-10-02T18:54:16.956+0000] {taskinstance.py:2648} INFO - Exporting env vars: AIRFLOW_CTX_DAG_OWNER='***' AIRFLOW_CTX_DAG_ID='etl_covid_europa_pipeline' AIRFLOW_CTX_TASK_ID='carregar' AIRFLOW_CTX_EXECUTION_DATE='2024-07-07T00:00:00+00:00' AIRFLOW_CTX_TRY_NUMBER='1' AIRFLOW_CTX_DAG_RUN_ID='scheduled__2024-07-07T00:00:00+00:00'
[2024-10-02T18:54:16.958+0000] {taskinstance.py:430} INFO - ::endgroup::
[2024-10-02T18:54:17.019+0000] {python.py:237} INFO - Done. Returned value was: None
[2024-10-02T18:54:17.020+0000] {taskinstance.py:441} INFO - ::group::Post task execution logs
[2024-10-02T18:54:17.028+0000] {taskinstance.py:1206} INFO - Marking task as SUCCESS. dag_id=etl_covid_europa_pipeline, task_id=carregar, run_id=scheduled__2024-07-07T00:00:00+00:00, execution_date=20240707T000000, start_date=20241002T185416, end_date=20241002T185417
[2024-10-02T18:54:17.067+0000] {local_task_job_runner.py:240} INFO - Task exited with return code 0
[2024-10-02T18:54:17.079+0000] {taskinstance.py:3503} INFO - 0 downstream tasks scheduled from follow-on schedule check
[2024-10-02T18:54:17.082+0000] {local_task_job_runner.py:222} INFO - ::endgroup::
[2024-10-02T19:03:16.264+0000] {local_task_job_runner.py:120} INFO - ::group::Pre task execution logs
[2024-10-02T19:03:16.294+0000] {taskinstance.py:2076} INFO - Dependencies all met for dep_context=non-requeueable deps ti=<TaskInstance: etl_covid_europa_pipeline.carregar scheduled__2024-07-07T00:00:00+00:00 [queued]>
[2024-10-02T19:03:16.629+0000] {taskinstance.py:2076} INFO - Dependencies all met for dep_context=requeueable deps ti=<TaskInstance: etl_covid_europa_pipeline.carregar scheduled__2024-07-07T00:00:00+00:00 [queued]>
[2024-10-02T19:03:16.634+0000] {taskinstance.py:2306} INFO - Starting attempt 1 of 1
[2024-10-02T19:03:16.667+0000] {taskinstance.py:2330} INFO - Executing <Task(PythonOperator): carregar> on 2024-07-07 00:00:00+00:00
[2024-10-02T19:03:16.688+0000] {warnings.py:112} WARNING - /home/***/.local/lib/python3.12/site-packages/***/task/task_runner/standard_task_runner.py:61: DeprecationWarning: This process (pid=7712) is multi-threaded, use of fork() may lead to deadlocks in the child.
  pid = os.fork()

[2024-10-02T19:03:16.690+0000] {standard_task_runner.py:63} INFO - Started process 7741 to run task
[2024-10-02T19:03:16.691+0000] {standard_task_runner.py:90} INFO - Running: ['***', 'tasks', 'run', 'etl_covid_europa_pipeline', 'carregar', 'scheduled__2024-07-07T00:00:00+00:00', '--job-id', '1764', '--raw', '--subdir', 'DAGS_FOLDER/etl_pipeline.py', '--cfg-path', '/tmp/tmp43xz2u3z']
[2024-10-02T19:03:16.696+0000] {standard_task_runner.py:91} INFO - Job 1764: Subtask carregar
[2024-10-02T19:03:16.791+0000] {task_command.py:426} INFO - Running <TaskInstance: etl_covid_europa_pipeline.carregar scheduled__2024-07-07T00:00:00+00:00 [running]> on host 99de7dfc3871
[2024-10-02T19:03:16.917+0000] {taskinstance.py:2648} INFO - Exporting env vars: AIRFLOW_CTX_DAG_OWNER='***' AIRFLOW_CTX_DAG_ID='etl_covid_europa_pipeline' AIRFLOW_CTX_TASK_ID='carregar' AIRFLOW_CTX_EXECUTION_DATE='2024-07-07T00:00:00+00:00' AIRFLOW_CTX_TRY_NUMBER='1' AIRFLOW_CTX_DAG_RUN_ID='scheduled__2024-07-07T00:00:00+00:00'
[2024-10-02T19:03:16.924+0000] {taskinstance.py:430} INFO - ::endgroup::
[2024-10-02T19:03:17.058+0000] {python.py:237} INFO - Done. Returned value was: None
[2024-10-02T19:03:17.062+0000] {taskinstance.py:441} INFO - ::group::Post task execution logs
[2024-10-02T19:03:17.079+0000] {taskinstance.py:1206} INFO - Marking task as SUCCESS. dag_id=etl_covid_europa_pipeline, task_id=carregar, run_id=scheduled__2024-07-07T00:00:00+00:00, execution_date=20240707T000000, start_date=20241002T190316, end_date=20241002T190317
[2024-10-02T19:03:17.150+0000] {local_task_job_runner.py:240} INFO - Task exited with return code 0
[2024-10-02T19:03:17.180+0000] {taskinstance.py:3503} INFO - 0 downstream tasks scheduled from follow-on schedule check
[2024-10-02T19:03:17.188+0000] {local_task_job_runner.py:222} INFO - ::endgroup::
