[2024-10-02T17:31:01.367+0000] {local_task_job_runner.py:120} INFO - ::group::Pre task execution logs
[2024-10-02T17:31:01.391+0000] {taskinstance.py:2076} INFO - Dependencies all met for dep_context=non-requeueable deps ti=<TaskInstance: etl_covid_europa_pipeline.extrair scheduled__2024-08-04T00:00:00+00:00 [queued]>
[2024-10-02T17:31:01.398+0000] {taskinstance.py:2076} INFO - Dependencies all met for dep_context=requeueable deps ti=<TaskInstance: etl_covid_europa_pipeline.extrair scheduled__2024-08-04T00:00:00+00:00 [queued]>
[2024-10-02T17:31:01.398+0000] {taskinstance.py:2306} INFO - Starting attempt 1 of 1
[2024-10-02T17:31:01.583+0000] {taskinstance.py:2330} INFO - Executing <Task(PythonOperator): extrair> on 2024-08-04 00:00:00+00:00
[2024-10-02T17:31:01.591+0000] {warnings.py:112} WARNING - /home/***/.local/lib/python3.12/site-packages/***/task/task_runner/standard_task_runner.py:61: DeprecationWarning: This process (pid=2873) is multi-threaded, use of fork() may lead to deadlocks in the child.
  pid = os.fork()

[2024-10-02T17:31:01.593+0000] {standard_task_runner.py:63} INFO - Started process 2889 to run task
[2024-10-02T17:31:01.593+0000] {standard_task_runner.py:90} INFO - Running: ['***', 'tasks', 'run', 'etl_covid_europa_pipeline', 'extrair', 'scheduled__2024-08-04T00:00:00+00:00', '--job-id', '551', '--raw', '--subdir', 'DAGS_FOLDER/etl_pipeline.py', '--cfg-path', '/tmp/tmp4ke0mtod']
[2024-10-02T17:31:01.595+0000] {standard_task_runner.py:91} INFO - Job 551: Subtask extrair
[2024-10-02T17:31:01.644+0000] {task_command.py:426} INFO - Running <TaskInstance: etl_covid_europa_pipeline.extrair scheduled__2024-08-04T00:00:00+00:00 [running]> on host 99de7dfc3871
[2024-10-02T17:31:01.737+0000] {taskinstance.py:2648} INFO - Exporting env vars: AIRFLOW_CTX_DAG_OWNER='***' AIRFLOW_CTX_DAG_ID='etl_covid_europa_pipeline' AIRFLOW_CTX_TASK_ID='extrair' AIRFLOW_CTX_EXECUTION_DATE='2024-08-04T00:00:00+00:00' AIRFLOW_CTX_TRY_NUMBER='1' AIRFLOW_CTX_DAG_RUN_ID='scheduled__2024-08-04T00:00:00+00:00'
[2024-10-02T17:31:01.740+0000] {taskinstance.py:430} INFO - ::endgroup::
[2024-10-02T17:31:07.411+0000] {python.py:237} INFO - Done. Returned value was: None
[2024-10-02T17:31:07.411+0000] {taskinstance.py:441} INFO - ::group::Post task execution logs
[2024-10-02T17:31:07.421+0000] {taskinstance.py:1206} INFO - Marking task as SUCCESS. dag_id=etl_covid_europa_pipeline, task_id=extrair, run_id=scheduled__2024-08-04T00:00:00+00:00, execution_date=20240804T000000, start_date=20241002T173101, end_date=20241002T173107
[2024-10-02T17:31:07.450+0000] {local_task_job_runner.py:240} INFO - Task exited with return code 0
[2024-10-02T17:31:07.459+0000] {local_task_job_runner.py:222} INFO - ::endgroup::
[2024-10-02T18:54:46.073+0000] {local_task_job_runner.py:120} INFO - ::group::Pre task execution logs
[2024-10-02T18:54:46.102+0000] {taskinstance.py:2076} INFO - Dependencies all met for dep_context=non-requeueable deps ti=<TaskInstance: etl_covid_europa_pipeline.extrair scheduled__2024-08-04T00:00:00+00:00 [queued]>
[2024-10-02T18:54:46.299+0000] {taskinstance.py:2076} INFO - Dependencies all met for dep_context=requeueable deps ti=<TaskInstance: etl_covid_europa_pipeline.extrair scheduled__2024-08-04T00:00:00+00:00 [queued]>
[2024-10-02T18:54:46.299+0000] {taskinstance.py:2306} INFO - Starting attempt 1 of 1
[2024-10-02T18:54:46.382+0000] {taskinstance.py:2330} INFO - Executing <Task(PythonOperator): extrair> on 2024-08-04 00:00:00+00:00
[2024-10-02T18:54:46.389+0000] {warnings.py:112} WARNING - /home/***/.local/lib/python3.12/site-packages/***/task/task_runner/standard_task_runner.py:61: DeprecationWarning: This process (pid=4636) is multi-threaded, use of fork() may lead to deadlocks in the child.
  pid = os.fork()

[2024-10-02T18:54:46.391+0000] {standard_task_runner.py:63} INFO - Started process 4663 to run task
[2024-10-02T18:54:46.391+0000] {standard_task_runner.py:90} INFO - Running: ['***', 'tasks', 'run', 'etl_covid_europa_pipeline', 'extrair', 'scheduled__2024-08-04T00:00:00+00:00', '--job-id', '778', '--raw', '--subdir', 'DAGS_FOLDER/etl_pipeline.py', '--cfg-path', '/tmp/tmp9hu2ostn']
[2024-10-02T18:54:46.393+0000] {standard_task_runner.py:91} INFO - Job 778: Subtask extrair
[2024-10-02T18:54:46.441+0000] {task_command.py:426} INFO - Running <TaskInstance: etl_covid_europa_pipeline.extrair scheduled__2024-08-04T00:00:00+00:00 [running]> on host 99de7dfc3871
[2024-10-02T18:54:46.532+0000] {taskinstance.py:2648} INFO - Exporting env vars: AIRFLOW_CTX_DAG_OWNER='***' AIRFLOW_CTX_DAG_ID='etl_covid_europa_pipeline' AIRFLOW_CTX_TASK_ID='extrair' AIRFLOW_CTX_EXECUTION_DATE='2024-08-04T00:00:00+00:00' AIRFLOW_CTX_TRY_NUMBER='1' AIRFLOW_CTX_DAG_RUN_ID='scheduled__2024-08-04T00:00:00+00:00'
[2024-10-02T18:54:46.534+0000] {taskinstance.py:430} INFO - ::endgroup::
[2024-10-02T18:54:52.349+0000] {python.py:237} INFO - Done. Returned value was: None
[2024-10-02T18:54:52.349+0000] {taskinstance.py:441} INFO - ::group::Post task execution logs
[2024-10-02T18:54:52.358+0000] {taskinstance.py:1206} INFO - Marking task as SUCCESS. dag_id=etl_covid_europa_pipeline, task_id=extrair, run_id=scheduled__2024-08-04T00:00:00+00:00, execution_date=20240804T000000, start_date=20241002T185446, end_date=20241002T185452
[2024-10-02T18:54:52.411+0000] {local_task_job_runner.py:240} INFO - Task exited with return code 0
[2024-10-02T18:54:52.438+0000] {taskinstance.py:3503} INFO - 1 downstream tasks scheduled from follow-on schedule check
[2024-10-02T18:54:52.442+0000] {local_task_job_runner.py:222} INFO - ::endgroup::
[2024-10-02T19:03:42.123+0000] {local_task_job_runner.py:120} INFO - ::group::Pre task execution logs
[2024-10-02T19:03:42.326+0000] {taskinstance.py:2076} INFO - Dependencies all met for dep_context=non-requeueable deps ti=<TaskInstance: etl_covid_europa_pipeline.extrair scheduled__2024-08-04T00:00:00+00:00 [queued]>
[2024-10-02T19:03:42.335+0000] {taskinstance.py:2076} INFO - Dependencies all met for dep_context=requeueable deps ti=<TaskInstance: etl_covid_europa_pipeline.extrair scheduled__2024-08-04T00:00:00+00:00 [queued]>
[2024-10-02T19:03:42.336+0000] {taskinstance.py:2306} INFO - Starting attempt 1 of 1
[2024-10-02T19:03:42.360+0000] {taskinstance.py:2330} INFO - Executing <Task(PythonOperator): extrair> on 2024-08-04 00:00:00+00:00
[2024-10-02T19:03:42.368+0000] {warnings.py:112} WARNING - /home/***/.local/lib/python3.12/site-packages/***/task/task_runner/standard_task_runner.py:61: DeprecationWarning: This process (pid=7927) is multi-threaded, use of fork() may lead to deadlocks in the child.
  pid = os.fork()

[2024-10-02T19:03:42.370+0000] {standard_task_runner.py:63} INFO - Started process 7942 to run task
[2024-10-02T19:03:42.370+0000] {standard_task_runner.py:90} INFO - Running: ['***', 'tasks', 'run', 'etl_covid_europa_pipeline', 'extrair', 'scheduled__2024-08-04T00:00:00+00:00', '--job-id', '1833', '--raw', '--subdir', 'DAGS_FOLDER/etl_pipeline.py', '--cfg-path', '/tmp/tmp4_z8pt40']
[2024-10-02T19:03:42.372+0000] {standard_task_runner.py:91} INFO - Job 1833: Subtask extrair
[2024-10-02T19:03:42.421+0000] {task_command.py:426} INFO - Running <TaskInstance: etl_covid_europa_pipeline.extrair scheduled__2024-08-04T00:00:00+00:00 [running]> on host 99de7dfc3871
[2024-10-02T19:03:42.523+0000] {taskinstance.py:2648} INFO - Exporting env vars: AIRFLOW_CTX_DAG_OWNER='***' AIRFLOW_CTX_DAG_ID='etl_covid_europa_pipeline' AIRFLOW_CTX_TASK_ID='extrair' AIRFLOW_CTX_EXECUTION_DATE='2024-08-04T00:00:00+00:00' AIRFLOW_CTX_TRY_NUMBER='1' AIRFLOW_CTX_DAG_RUN_ID='scheduled__2024-08-04T00:00:00+00:00'
[2024-10-02T19:03:42.524+0000] {taskinstance.py:430} INFO - ::endgroup::
[2024-10-02T19:03:48.415+0000] {python.py:237} INFO - Done. Returned value was: None
[2024-10-02T19:03:48.416+0000] {taskinstance.py:441} INFO - ::group::Post task execution logs
[2024-10-02T19:03:48.425+0000] {taskinstance.py:1206} INFO - Marking task as SUCCESS. dag_id=etl_covid_europa_pipeline, task_id=extrair, run_id=scheduled__2024-08-04T00:00:00+00:00, execution_date=20240804T000000, start_date=20241002T190342, end_date=20241002T190348
[2024-10-02T19:03:48.473+0000] {local_task_job_runner.py:240} INFO - Task exited with return code 0
[2024-10-02T19:03:48.484+0000] {local_task_job_runner.py:222} INFO - ::endgroup::
