[2024-10-02T17:31:42.801+0000] {local_task_job_runner.py:120} INFO - ::group::Pre task execution logs
[2024-10-02T17:31:42.836+0000] {taskinstance.py:2076} INFO - Dependencies all met for dep_context=non-requeueable deps ti=<TaskInstance: etl_covid_europa_pipeline.transformar scheduled__2024-09-09T00:00:00+00:00 [queued]>
[2024-10-02T17:31:42.851+0000] {taskinstance.py:2076} INFO - Dependencies all met for dep_context=requeueable deps ti=<TaskInstance: etl_covid_europa_pipeline.transformar scheduled__2024-09-09T00:00:00+00:00 [queued]>
[2024-10-02T17:31:42.857+0000] {taskinstance.py:2306} INFO - Starting attempt 1 of 1
[2024-10-02T17:31:43.179+0000] {taskinstance.py:2330} INFO - Executing <Task(PythonOperator): transformar> on 2024-09-09 00:00:00+00:00
[2024-10-02T17:31:43.186+0000] {warnings.py:112} WARNING - /home/***/.local/lib/python3.12/site-packages/***/task/task_runner/standard_task_runner.py:61: DeprecationWarning: This process (pid=3104) is multi-threaded, use of fork() may lead to deadlocks in the child.
  pid = os.fork()

[2024-10-02T17:31:43.189+0000] {standard_task_runner.py:63} INFO - Started process 3131 to run task
[2024-10-02T17:31:43.188+0000] {standard_task_runner.py:90} INFO - Running: ['***', 'tasks', 'run', 'etl_covid_europa_pipeline', 'transformar', 'scheduled__2024-09-09T00:00:00+00:00', '--job-id', '630', '--raw', '--subdir', 'DAGS_FOLDER/etl_pipeline.py', '--cfg-path', '/tmp/tmpf3ytca33']
[2024-10-02T17:31:43.192+0000] {standard_task_runner.py:91} INFO - Job 630: Subtask transformar
[2024-10-02T17:31:43.249+0000] {task_command.py:426} INFO - Running <TaskInstance: etl_covid_europa_pipeline.transformar scheduled__2024-09-09T00:00:00+00:00 [running]> on host 99de7dfc3871
[2024-10-02T17:31:43.366+0000] {taskinstance.py:2648} INFO - Exporting env vars: AIRFLOW_CTX_DAG_OWNER='***' AIRFLOW_CTX_DAG_ID='etl_covid_europa_pipeline' AIRFLOW_CTX_TASK_ID='transformar' AIRFLOW_CTX_EXECUTION_DATE='2024-09-09T00:00:00+00:00' AIRFLOW_CTX_TRY_NUMBER='1' AIRFLOW_CTX_DAG_RUN_ID='scheduled__2024-09-09T00:00:00+00:00'
[2024-10-02T17:31:43.367+0000] {taskinstance.py:430} INFO - ::endgroup::
[2024-10-02T17:31:43.412+0000] {taskinstance.py:441} INFO - ::group::Post task execution logs
[2024-10-02T17:31:43.413+0000] {taskinstance.py:2905} ERROR - Task failed with exception
Traceback (most recent call last):
  File "/home/airflow/.local/lib/python3.12/site-packages/airflow/models/taskinstance.py", line 465, in _execute_task
    result = _execute_callable(context=context, **execute_callable_kwargs)
             ^^^^^^^^^^^^^^^^^^^^^^^^^^^^^^^^^^^^^^^^^^^^^^^^^^^^^^^^^^^^^
  File "/home/airflow/.local/lib/python3.12/site-packages/airflow/models/taskinstance.py", line 432, in _execute_callable
    return execute_callable(context=context, **execute_callable_kwargs)
           ^^^^^^^^^^^^^^^^^^^^^^^^^^^^^^^^^^^^^^^^^^^^^^^^^^^^^^^^^^^^
  File "/home/airflow/.local/lib/python3.12/site-packages/airflow/models/baseoperator.py", line 401, in wrapper
    return func(self, *args, **kwargs)
           ^^^^^^^^^^^^^^^^^^^^^^^^^^^
  File "/home/airflow/.local/lib/python3.12/site-packages/airflow/operators/python.py", line 235, in execute
    return_value = self.execute_callable()
                   ^^^^^^^^^^^^^^^^^^^^^^^
  File "/home/airflow/.local/lib/python3.12/site-packages/airflow/operators/python.py", line 252, in execute_callable
    return self.python_callable(*self.op_args, **self.op_kwargs)
           ^^^^^^^^^^^^^^^^^^^^^^^^^^^^^^^^^^^^^^^^^^^^^^^^^^^^^
  File "/opt/airflow/dags/etl_pipeline.py", line 13, in transformar
    df = pd.read_csv('data/dados_covid_extraidos.csv')
         ^^^^^^^^^^^^^^^^^^^^^^^^^^^^^^^^^^^^^^^^^^^^^
  File "/home/airflow/.local/lib/python3.12/site-packages/pandas/io/parsers/readers.py", line 948, in read_csv
    return _read(filepath_or_buffer, kwds)
           ^^^^^^^^^^^^^^^^^^^^^^^^^^^^^^^
  File "/home/airflow/.local/lib/python3.12/site-packages/pandas/io/parsers/readers.py", line 617, in _read
    return parser.read(nrows)
           ^^^^^^^^^^^^^^^^^^
  File "/home/airflow/.local/lib/python3.12/site-packages/pandas/io/parsers/readers.py", line 1748, in read
    ) = self._engine.read(  # type: ignore[attr-defined]
        ^^^^^^^^^^^^^^^^^^^^^^^^^^^^^^^^^^^^^^^^^^^^^^^^
  File "/home/airflow/.local/lib/python3.12/site-packages/pandas/io/parsers/c_parser_wrapper.py", line 234, in read
    chunks = self._reader.read_low_memory(nrows)
             ^^^^^^^^^^^^^^^^^^^^^^^^^^^^^^^^^^^
  File "parsers.pyx", line 843, in pandas._libs.parsers.TextReader.read_low_memory
  File "parsers.pyx", line 904, in pandas._libs.parsers.TextReader._read_rows
  File "parsers.pyx", line 879, in pandas._libs.parsers.TextReader._tokenize_rows
  File "parsers.pyx", line 890, in pandas._libs.parsers.TextReader._check_tokenize_status
  File "parsers.pyx", line 2058, in pandas._libs.parsers.raise_parser_error
pandas.errors.ParserError: Error tokenizing data. C error: Expected 1 fields in line 7201, saw 2

[2024-10-02T17:31:43.430+0000] {taskinstance.py:1206} INFO - Marking task as FAILED. dag_id=etl_covid_europa_pipeline, task_id=transformar, run_id=scheduled__2024-09-09T00:00:00+00:00, execution_date=20240909T000000, start_date=20241002T173142, end_date=20241002T173143
[2024-10-02T17:31:43.450+0000] {standard_task_runner.py:110} ERROR - Failed to execute job 630 for task transformar (Error tokenizing data. C error: Expected 1 fields in line 7201, saw 2
; 3131)
[2024-10-02T17:31:43.486+0000] {local_task_job_runner.py:240} INFO - Task exited with return code 1
[2024-10-02T17:31:43.519+0000] {taskinstance.py:3503} INFO - 0 downstream tasks scheduled from follow-on schedule check
[2024-10-02T17:31:43.529+0000] {local_task_job_runner.py:222} INFO - ::endgroup::
[2024-10-02T18:55:27.778+0000] {local_task_job_runner.py:120} INFO - ::group::Pre task execution logs
[2024-10-02T18:55:27.823+0000] {taskinstance.py:2076} INFO - Dependencies all met for dep_context=non-requeueable deps ti=<TaskInstance: etl_covid_europa_pipeline.transformar scheduled__2024-09-09T00:00:00+00:00 [queued]>
[2024-10-02T18:55:28.237+0000] {taskinstance.py:2076} INFO - Dependencies all met for dep_context=requeueable deps ti=<TaskInstance: etl_covid_europa_pipeline.transformar scheduled__2024-09-09T00:00:00+00:00 [queued]>
[2024-10-02T18:55:28.242+0000] {taskinstance.py:2306} INFO - Starting attempt 1 of 1
[2024-10-02T18:55:28.295+0000] {taskinstance.py:2330} INFO - Executing <Task(PythonOperator): transformar> on 2024-09-09 00:00:00+00:00
[2024-10-02T18:55:28.307+0000] {warnings.py:112} WARNING - /home/***/.local/lib/python3.12/site-packages/***/task/task_runner/standard_task_runner.py:61: DeprecationWarning: This process (pid=4984) is multi-threaded, use of fork() may lead to deadlocks in the child.
  pid = os.fork()

[2024-10-02T18:55:28.310+0000] {standard_task_runner.py:90} INFO - Running: ['***', 'tasks', 'run', 'etl_covid_europa_pipeline', 'transformar', 'scheduled__2024-09-09T00:00:00+00:00', '--job-id', '890', '--raw', '--subdir', 'DAGS_FOLDER/etl_pipeline.py', '--cfg-path', '/tmp/tmpbs9fo16g']
[2024-10-02T18:55:28.313+0000] {standard_task_runner.py:91} INFO - Job 890: Subtask transformar
[2024-10-02T18:55:28.313+0000] {standard_task_runner.py:63} INFO - Started process 5006 to run task
[2024-10-02T18:55:28.414+0000] {task_command.py:426} INFO - Running <TaskInstance: etl_covid_europa_pipeline.transformar scheduled__2024-09-09T00:00:00+00:00 [running]> on host 99de7dfc3871
[2024-10-02T18:55:28.624+0000] {taskinstance.py:2648} INFO - Exporting env vars: AIRFLOW_CTX_DAG_OWNER='***' AIRFLOW_CTX_DAG_ID='etl_covid_europa_pipeline' AIRFLOW_CTX_TASK_ID='transformar' AIRFLOW_CTX_EXECUTION_DATE='2024-09-09T00:00:00+00:00' AIRFLOW_CTX_TRY_NUMBER='1' AIRFLOW_CTX_DAG_RUN_ID='scheduled__2024-09-09T00:00:00+00:00'
[2024-10-02T18:55:28.632+0000] {taskinstance.py:430} INFO - ::endgroup::
[2024-10-02T18:55:28.844+0000] {python.py:237} INFO - Done. Returned value was: None
[2024-10-02T18:55:28.845+0000] {taskinstance.py:441} INFO - ::group::Post task execution logs
[2024-10-02T18:55:28.860+0000] {taskinstance.py:1206} INFO - Marking task as SUCCESS. dag_id=etl_covid_europa_pipeline, task_id=transformar, run_id=scheduled__2024-09-09T00:00:00+00:00, execution_date=20240909T000000, start_date=20241002T185527, end_date=20241002T185528
[2024-10-02T18:55:28.950+0000] {local_task_job_runner.py:240} INFO - Task exited with return code 0
[2024-10-02T18:55:28.981+0000] {taskinstance.py:3503} INFO - 1 downstream tasks scheduled from follow-on schedule check
[2024-10-02T18:55:28.993+0000] {local_task_job_runner.py:222} INFO - ::endgroup::
[2024-10-02T19:04:31.933+0000] {local_task_job_runner.py:120} INFO - ::group::Pre task execution logs
[2024-10-02T19:04:31.956+0000] {taskinstance.py:2076} INFO - Dependencies all met for dep_context=non-requeueable deps ti=<TaskInstance: etl_covid_europa_pipeline.transformar scheduled__2024-09-09T00:00:00+00:00 [queued]>
[2024-10-02T19:04:31.964+0000] {taskinstance.py:2076} INFO - Dependencies all met for dep_context=requeueable deps ti=<TaskInstance: etl_covid_europa_pipeline.transformar scheduled__2024-09-09T00:00:00+00:00 [queued]>
[2024-10-02T19:04:31.965+0000] {taskinstance.py:2306} INFO - Starting attempt 1 of 1
[2024-10-02T19:04:32.189+0000] {taskinstance.py:2330} INFO - Executing <Task(PythonOperator): transformar> on 2024-09-09 00:00:00+00:00
[2024-10-02T19:04:32.196+0000] {warnings.py:112} WARNING - /home/***/.local/lib/python3.12/site-packages/***/task/task_runner/standard_task_runner.py:61: DeprecationWarning: This process (pid=8263) is multi-threaded, use of fork() may lead to deadlocks in the child.
  pid = os.fork()

[2024-10-02T19:04:32.198+0000] {standard_task_runner.py:63} INFO - Started process 8273 to run task
[2024-10-02T19:04:32.198+0000] {standard_task_runner.py:90} INFO - Running: ['***', 'tasks', 'run', 'etl_covid_europa_pipeline', 'transformar', 'scheduled__2024-09-09T00:00:00+00:00', '--job-id', '1942', '--raw', '--subdir', 'DAGS_FOLDER/etl_pipeline.py', '--cfg-path', '/tmp/tmp2q5hyk_v']
[2024-10-02T19:04:32.200+0000] {standard_task_runner.py:91} INFO - Job 1942: Subtask transformar
[2024-10-02T19:04:32.247+0000] {task_command.py:426} INFO - Running <TaskInstance: etl_covid_europa_pipeline.transformar scheduled__2024-09-09T00:00:00+00:00 [running]> on host 99de7dfc3871
[2024-10-02T19:04:32.345+0000] {taskinstance.py:2648} INFO - Exporting env vars: AIRFLOW_CTX_DAG_OWNER='***' AIRFLOW_CTX_DAG_ID='etl_covid_europa_pipeline' AIRFLOW_CTX_TASK_ID='transformar' AIRFLOW_CTX_EXECUTION_DATE='2024-09-09T00:00:00+00:00' AIRFLOW_CTX_TRY_NUMBER='1' AIRFLOW_CTX_DAG_RUN_ID='scheduled__2024-09-09T00:00:00+00:00'
[2024-10-02T19:04:32.346+0000] {taskinstance.py:430} INFO - ::endgroup::
[2024-10-02T19:04:32.520+0000] {python.py:237} INFO - Done. Returned value was: None
[2024-10-02T19:04:32.520+0000] {taskinstance.py:441} INFO - ::group::Post task execution logs
[2024-10-02T19:04:32.535+0000] {taskinstance.py:1206} INFO - Marking task as SUCCESS. dag_id=etl_covid_europa_pipeline, task_id=transformar, run_id=scheduled__2024-09-09T00:00:00+00:00, execution_date=20240909T000000, start_date=20241002T190431, end_date=20241002T190432
[2024-10-02T19:04:32.572+0000] {local_task_job_runner.py:240} INFO - Task exited with return code 0
[2024-10-02T19:04:32.596+0000] {taskinstance.py:3503} INFO - 1 downstream tasks scheduled from follow-on schedule check
[2024-10-02T19:04:32.598+0000] {local_task_job_runner.py:222} INFO - ::endgroup::
