[2024-10-02T17:29:09.327+0000] {local_task_job_runner.py:120} INFO - ::group::Pre task execution logs
[2024-10-02T17:29:09.352+0000] {taskinstance.py:2076} INFO - Dependencies all met for dep_context=non-requeueable deps ti=<TaskInstance: etl_covid_europa_pipeline.extrair scheduled__2024-05-12T00:00:00+00:00 [queued]>
[2024-10-02T17:29:09.360+0000] {taskinstance.py:2076} INFO - Dependencies all met for dep_context=requeueable deps ti=<TaskInstance: etl_covid_europa_pipeline.extrair scheduled__2024-05-12T00:00:00+00:00 [queued]>
[2024-10-02T17:29:09.361+0000] {taskinstance.py:2306} INFO - Starting attempt 1 of 1
[2024-10-02T17:29:09.537+0000] {taskinstance.py:2330} INFO - Executing <Task(PythonOperator): extrair> on 2024-05-12 00:00:00+00:00
[2024-10-02T17:29:09.544+0000] {warnings.py:112} WARNING - /home/***/.local/lib/python3.12/site-packages/***/task/task_runner/standard_task_runner.py:61: DeprecationWarning: This process (pid=2379) is multi-threaded, use of fork() may lead to deadlocks in the child.
  pid = os.fork()

[2024-10-02T17:29:09.546+0000] {standard_task_runner.py:63} INFO - Started process 2388 to run task
[2024-10-02T17:29:09.546+0000] {standard_task_runner.py:90} INFO - Running: ['***', 'tasks', 'run', 'etl_covid_europa_pipeline', 'extrair', 'scheduled__2024-05-12T00:00:00+00:00', '--job-id', '394', '--raw', '--subdir', 'DAGS_FOLDER/etl_pipeline.py', '--cfg-path', '/tmp/tmpmhcwfqrl']
[2024-10-02T17:29:09.548+0000] {standard_task_runner.py:91} INFO - Job 394: Subtask extrair
[2024-10-02T17:29:09.593+0000] {task_command.py:426} INFO - Running <TaskInstance: etl_covid_europa_pipeline.extrair scheduled__2024-05-12T00:00:00+00:00 [running]> on host 99de7dfc3871
[2024-10-02T17:29:09.664+0000] {taskinstance.py:2648} INFO - Exporting env vars: AIRFLOW_CTX_DAG_OWNER='***' AIRFLOW_CTX_DAG_ID='etl_covid_europa_pipeline' AIRFLOW_CTX_TASK_ID='extrair' AIRFLOW_CTX_EXECUTION_DATE='2024-05-12T00:00:00+00:00' AIRFLOW_CTX_TRY_NUMBER='1' AIRFLOW_CTX_DAG_RUN_ID='scheduled__2024-05-12T00:00:00+00:00'
[2024-10-02T17:29:09.665+0000] {taskinstance.py:430} INFO - ::endgroup::
[2024-10-02T17:29:14.983+0000] {python.py:237} INFO - Done. Returned value was: None
[2024-10-02T17:29:14.984+0000] {taskinstance.py:441} INFO - ::group::Post task execution logs
[2024-10-02T17:29:14.991+0000] {taskinstance.py:1206} INFO - Marking task as SUCCESS. dag_id=etl_covid_europa_pipeline, task_id=extrair, run_id=scheduled__2024-05-12T00:00:00+00:00, execution_date=20240512T000000, start_date=20241002T172909, end_date=20241002T172914
[2024-10-02T17:29:15.043+0000] {local_task_job_runner.py:240} INFO - Task exited with return code 0
[2024-10-02T17:29:15.064+0000] {taskinstance.py:3503} INFO - 1 downstream tasks scheduled from follow-on schedule check
[2024-10-02T17:29:15.066+0000] {local_task_job_runner.py:222} INFO - ::endgroup::
[2024-10-02T19:01:51.529+0000] {local_task_job_runner.py:120} INFO - ::group::Pre task execution logs
[2024-10-02T19:01:51.550+0000] {taskinstance.py:2076} INFO - Dependencies all met for dep_context=non-requeueable deps ti=<TaskInstance: etl_covid_europa_pipeline.extrair scheduled__2024-05-12T00:00:00+00:00 [queued]>
[2024-10-02T19:01:51.560+0000] {taskinstance.py:2076} INFO - Dependencies all met for dep_context=requeueable deps ti=<TaskInstance: etl_covid_europa_pipeline.extrair scheduled__2024-05-12T00:00:00+00:00 [queued]>
[2024-10-02T19:01:51.561+0000] {taskinstance.py:2306} INFO - Starting attempt 1 of 1
[2024-10-02T19:01:51.739+0000] {taskinstance.py:2330} INFO - Executing <Task(PythonOperator): extrair> on 2024-05-12 00:00:00+00:00
[2024-10-02T19:01:51.745+0000] {warnings.py:112} WARNING - /home/***/.local/lib/python3.12/site-packages/***/task/task_runner/standard_task_runner.py:61: DeprecationWarning: This process (pid=7217) is multi-threaded, use of fork() may lead to deadlocks in the child.
  pid = os.fork()

[2024-10-02T19:01:51.747+0000] {standard_task_runner.py:63} INFO - Started process 7226 to run task
[2024-10-02T19:01:51.747+0000] {standard_task_runner.py:90} INFO - Running: ['***', 'tasks', 'run', 'etl_covid_europa_pipeline', 'extrair', 'scheduled__2024-05-12T00:00:00+00:00', '--job-id', '1606', '--raw', '--subdir', 'DAGS_FOLDER/etl_pipeline.py', '--cfg-path', '/tmp/tmp2e1w7z9m']
[2024-10-02T19:01:51.748+0000] {standard_task_runner.py:91} INFO - Job 1606: Subtask extrair
[2024-10-02T19:01:51.786+0000] {task_command.py:426} INFO - Running <TaskInstance: etl_covid_europa_pipeline.extrair scheduled__2024-05-12T00:00:00+00:00 [running]> on host 99de7dfc3871
[2024-10-02T19:01:51.866+0000] {taskinstance.py:2648} INFO - Exporting env vars: AIRFLOW_CTX_DAG_OWNER='***' AIRFLOW_CTX_DAG_ID='etl_covid_europa_pipeline' AIRFLOW_CTX_TASK_ID='extrair' AIRFLOW_CTX_EXECUTION_DATE='2024-05-12T00:00:00+00:00' AIRFLOW_CTX_TRY_NUMBER='1' AIRFLOW_CTX_DAG_RUN_ID='scheduled__2024-05-12T00:00:00+00:00'
[2024-10-02T19:01:51.868+0000] {taskinstance.py:430} INFO - ::endgroup::
[2024-10-02T19:01:57.163+0000] {python.py:237} INFO - Done. Returned value was: None
[2024-10-02T19:01:57.164+0000] {taskinstance.py:441} INFO - ::group::Post task execution logs
[2024-10-02T19:01:57.172+0000] {taskinstance.py:1206} INFO - Marking task as SUCCESS. dag_id=etl_covid_europa_pipeline, task_id=extrair, run_id=scheduled__2024-05-12T00:00:00+00:00, execution_date=20240512T000000, start_date=20241002T190151, end_date=20241002T190157
[2024-10-02T19:01:57.211+0000] {local_task_job_runner.py:240} INFO - Task exited with return code 0
[2024-10-02T19:01:57.230+0000] {taskinstance.py:3503} INFO - 1 downstream tasks scheduled from follow-on schedule check
[2024-10-02T19:01:57.233+0000] {local_task_job_runner.py:222} INFO - ::endgroup::
