[2024-10-02T17:26:34.972+0000] {local_task_job_runner.py:120} INFO - ::group::Pre task execution logs
[2024-10-02T17:26:34.998+0000] {taskinstance.py:2076} INFO - Dependencies all met for dep_context=non-requeueable deps ti=<TaskInstance: etl_covid_europa_pipeline.transformar scheduled__2023-12-22T00:00:00+00:00 [queued]>
[2024-10-02T17:26:35.007+0000] {taskinstance.py:2076} INFO - Dependencies all met for dep_context=requeueable deps ti=<TaskInstance: etl_covid_europa_pipeline.transformar scheduled__2023-12-22T00:00:00+00:00 [queued]>
[2024-10-02T17:26:35.008+0000] {taskinstance.py:2306} INFO - Starting attempt 1 of 1
[2024-10-02T17:26:35.259+0000] {taskinstance.py:2330} INFO - Executing <Task(PythonOperator): transformar> on 2023-12-22 00:00:00+00:00
[2024-10-02T17:26:35.267+0000] {warnings.py:112} WARNING - /home/***/.local/lib/python3.12/site-packages/***/task/task_runner/standard_task_runner.py:61: DeprecationWarning: This process (pid=1653) is multi-threaded, use of fork() may lead to deadlocks in the child.
  pid = os.fork()

[2024-10-02T17:26:35.269+0000] {standard_task_runner.py:63} INFO - Started process 1663 to run task
[2024-10-02T17:26:35.270+0000] {standard_task_runner.py:90} INFO - Running: ['***', 'tasks', 'run', 'etl_covid_europa_pipeline', 'transformar', 'scheduled__2023-12-22T00:00:00+00:00', '--job-id', '160', '--raw', '--subdir', 'DAGS_FOLDER/etl_pipeline.py', '--cfg-path', '/tmp/tmppsg4zwnj']
[2024-10-02T17:26:35.274+0000] {standard_task_runner.py:91} INFO - Job 160: Subtask transformar
[2024-10-02T17:26:35.326+0000] {task_command.py:426} INFO - Running <TaskInstance: etl_covid_europa_pipeline.transformar scheduled__2023-12-22T00:00:00+00:00 [running]> on host 99de7dfc3871
[2024-10-02T17:26:35.424+0000] {taskinstance.py:2648} INFO - Exporting env vars: AIRFLOW_CTX_DAG_OWNER='***' AIRFLOW_CTX_DAG_ID='etl_covid_europa_pipeline' AIRFLOW_CTX_TASK_ID='transformar' AIRFLOW_CTX_EXECUTION_DATE='2023-12-22T00:00:00+00:00' AIRFLOW_CTX_TRY_NUMBER='1' AIRFLOW_CTX_DAG_RUN_ID='scheduled__2023-12-22T00:00:00+00:00'
[2024-10-02T17:26:35.425+0000] {taskinstance.py:430} INFO - ::endgroup::
[2024-10-02T17:26:35.640+0000] {taskinstance.py:441} INFO - ::group::Post task execution logs
[2024-10-02T17:26:35.641+0000] {taskinstance.py:2905} ERROR - Task failed with exception
Traceback (most recent call last):
  File "/home/airflow/.local/lib/python3.12/site-packages/airflow/models/taskinstance.py", line 465, in _execute_task
    result = _execute_callable(context=context, **execute_callable_kwargs)
             ^^^^^^^^^^^^^^^^^^^^^^^^^^^^^^^^^^^^^^^^^^^^^^^^^^^^^^^^^^^^^
  File "/home/airflow/.local/lib/python3.12/site-packages/airflow/models/taskinstance.py", line 432, in _execute_callable
    return execute_callable(context=context, **execute_callable_kwargs)
           ^^^^^^^^^^^^^^^^^^^^^^^^^^^^^^^^^^^^^^^^^^^^^^^^^^^^^^^^^^^^
  File "/home/airflow/.local/lib/python3.12/site-packages/airflow/models/baseoperator.py", line 401, in wrapper
    return func(self, *args, **kwargs)
           ^^^^^^^^^^^^^^^^^^^^^^^^^^^
  File "/home/airflow/.local/lib/python3.12/site-packages/airflow/operators/python.py", line 235, in execute
    return_value = self.execute_callable()
                   ^^^^^^^^^^^^^^^^^^^^^^^
  File "/home/airflow/.local/lib/python3.12/site-packages/airflow/operators/python.py", line 252, in execute_callable
    return self.python_callable(*self.op_args, **self.op_kwargs)
           ^^^^^^^^^^^^^^^^^^^^^^^^^^^^^^^^^^^^^^^^^^^^^^^^^^^^^
  File "/opt/airflow/dags/etl_pipeline.py", line 17, in transformar
    df_agrupada = df.groupby('ContinentExp')[['cases', 'deaths']].sum().reset_index()
                  ^^^^^^^^^^^^^^^^^^^^^^^^^^
  File "/home/airflow/.local/lib/python3.12/site-packages/pandas/core/frame.py", line 8869, in groupby
    return DataFrameGroupBy(
           ^^^^^^^^^^^^^^^^^
  File "/home/airflow/.local/lib/python3.12/site-packages/pandas/core/groupby/groupby.py", line 1278, in __init__
    grouper, exclusions, obj = get_grouper(
                               ^^^^^^^^^^^^
  File "/home/airflow/.local/lib/python3.12/site-packages/pandas/core/groupby/grouper.py", line 1009, in get_grouper
    raise KeyError(gpr)
KeyError: 'ContinentExp'
[2024-10-02T17:26:35.657+0000] {taskinstance.py:1206} INFO - Marking task as FAILED. dag_id=etl_covid_europa_pipeline, task_id=transformar, run_id=scheduled__2023-12-22T00:00:00+00:00, execution_date=20231222T000000, start_date=20241002T172634, end_date=20241002T172635
[2024-10-02T17:26:35.682+0000] {standard_task_runner.py:110} ERROR - Failed to execute job 160 for task transformar ('ContinentExp'; 1663)
[2024-10-02T17:26:35.726+0000] {local_task_job_runner.py:240} INFO - Task exited with return code 1
[2024-10-02T17:26:35.748+0000] {taskinstance.py:3503} INFO - 0 downstream tasks scheduled from follow-on schedule check
[2024-10-02T17:26:35.755+0000] {local_task_job_runner.py:222} INFO - ::endgroup::
[2024-10-02T18:58:47.549+0000] {local_task_job_runner.py:120} INFO - ::group::Pre task execution logs
[2024-10-02T18:58:47.578+0000] {taskinstance.py:2076} INFO - Dependencies all met for dep_context=non-requeueable deps ti=<TaskInstance: etl_covid_europa_pipeline.transformar scheduled__2023-12-22T00:00:00+00:00 [queued]>
[2024-10-02T18:58:47.830+0000] {taskinstance.py:2076} INFO - Dependencies all met for dep_context=requeueable deps ti=<TaskInstance: etl_covid_europa_pipeline.transformar scheduled__2023-12-22T00:00:00+00:00 [queued]>
[2024-10-02T18:58:47.830+0000] {taskinstance.py:2306} INFO - Starting attempt 1 of 1
[2024-10-02T18:58:47.843+0000] {taskinstance.py:2330} INFO - Executing <Task(PythonOperator): transformar> on 2023-12-22 00:00:00+00:00
[2024-10-02T18:58:47.849+0000] {warnings.py:112} WARNING - /home/***/.local/lib/python3.12/site-packages/***/task/task_runner/standard_task_runner.py:61: DeprecationWarning: This process (pid=6008) is multi-threaded, use of fork() may lead to deadlocks in the child.
  pid = os.fork()

[2024-10-02T18:58:47.851+0000] {standard_task_runner.py:63} INFO - Started process 6026 to run task
[2024-10-02T18:58:47.851+0000] {standard_task_runner.py:90} INFO - Running: ['***', 'tasks', 'run', 'etl_covid_europa_pipeline', 'transformar', 'scheduled__2023-12-22T00:00:00+00:00', '--job-id', '1217', '--raw', '--subdir', 'DAGS_FOLDER/etl_pipeline.py', '--cfg-path', '/tmp/tmp1dzbeqjy']
[2024-10-02T18:58:47.854+0000] {standard_task_runner.py:91} INFO - Job 1217: Subtask transformar
[2024-10-02T18:58:47.898+0000] {task_command.py:426} INFO - Running <TaskInstance: etl_covid_europa_pipeline.transformar scheduled__2023-12-22T00:00:00+00:00 [running]> on host 99de7dfc3871
[2024-10-02T18:58:48.022+0000] {taskinstance.py:2648} INFO - Exporting env vars: AIRFLOW_CTX_DAG_OWNER='***' AIRFLOW_CTX_DAG_ID='etl_covid_europa_pipeline' AIRFLOW_CTX_TASK_ID='transformar' AIRFLOW_CTX_EXECUTION_DATE='2023-12-22T00:00:00+00:00' AIRFLOW_CTX_TRY_NUMBER='1' AIRFLOW_CTX_DAG_RUN_ID='scheduled__2023-12-22T00:00:00+00:00'
[2024-10-02T18:58:48.024+0000] {taskinstance.py:430} INFO - ::endgroup::
[2024-10-02T18:58:48.225+0000] {python.py:237} INFO - Done. Returned value was: None
[2024-10-02T18:58:48.226+0000] {taskinstance.py:441} INFO - ::group::Post task execution logs
[2024-10-02T18:58:48.242+0000] {taskinstance.py:1206} INFO - Marking task as SUCCESS. dag_id=etl_covid_europa_pipeline, task_id=transformar, run_id=scheduled__2023-12-22T00:00:00+00:00, execution_date=20231222T000000, start_date=20241002T185847, end_date=20241002T185848
[2024-10-02T18:58:48.306+0000] {local_task_job_runner.py:240} INFO - Task exited with return code 0
[2024-10-02T18:58:48.334+0000] {taskinstance.py:3503} INFO - 1 downstream tasks scheduled from follow-on schedule check
[2024-10-02T18:58:48.339+0000] {local_task_job_runner.py:222} INFO - ::endgroup::
[2024-10-02T19:25:05.722+0000] {local_task_job_runner.py:120} INFO - ::group::Pre task execution logs
[2024-10-02T19:25:05.893+0000] {taskinstance.py:2076} INFO - Dependencies all met for dep_context=non-requeueable deps ti=<TaskInstance: etl_covid_europa_pipeline.transformar scheduled__2023-12-22T00:00:00+00:00 [queued]>
[2024-10-02T19:25:05.902+0000] {taskinstance.py:2076} INFO - Dependencies all met for dep_context=requeueable deps ti=<TaskInstance: etl_covid_europa_pipeline.transformar scheduled__2023-12-22T00:00:00+00:00 [queued]>
[2024-10-02T19:25:05.902+0000] {taskinstance.py:2306} INFO - Starting attempt 1 of 1
[2024-10-02T19:25:05.914+0000] {taskinstance.py:2330} INFO - Executing <Task(PythonOperator): transformar> on 2023-12-22 00:00:00+00:00
[2024-10-02T19:25:05.919+0000] {warnings.py:112} WARNING - /home/***/.local/lib/python3.12/site-packages/***/task/task_runner/standard_task_runner.py:61: DeprecationWarning: This process (pid=9385) is multi-threaded, use of fork() may lead to deadlocks in the child.
  pid = os.fork()

[2024-10-02T19:25:05.920+0000] {standard_task_runner.py:63} INFO - Started process 9389 to run task
[2024-10-02T19:25:05.920+0000] {standard_task_runner.py:90} INFO - Running: ['***', 'tasks', 'run', 'etl_covid_europa_pipeline', 'transformar', 'scheduled__2023-12-22T00:00:00+00:00', '--job-id', '2228', '--raw', '--subdir', 'DAGS_FOLDER/etl_pipeline.py', '--cfg-path', '/tmp/tmpbbwyn_2a']
[2024-10-02T19:25:05.922+0000] {standard_task_runner.py:91} INFO - Job 2228: Subtask transformar
[2024-10-02T19:25:05.959+0000] {task_command.py:426} INFO - Running <TaskInstance: etl_covid_europa_pipeline.transformar scheduled__2023-12-22T00:00:00+00:00 [running]> on host 99de7dfc3871
[2024-10-02T19:25:06.046+0000] {taskinstance.py:2648} INFO - Exporting env vars: AIRFLOW_CTX_DAG_OWNER='***' AIRFLOW_CTX_DAG_ID='etl_covid_europa_pipeline' AIRFLOW_CTX_TASK_ID='transformar' AIRFLOW_CTX_EXECUTION_DATE='2023-12-22T00:00:00+00:00' AIRFLOW_CTX_TRY_NUMBER='1' AIRFLOW_CTX_DAG_RUN_ID='scheduled__2023-12-22T00:00:00+00:00'
[2024-10-02T19:25:06.047+0000] {taskinstance.py:430} INFO - ::endgroup::
[2024-10-02T19:25:06.165+0000] {python.py:237} INFO - Done. Returned value was: None
[2024-10-02T19:25:06.166+0000] {taskinstance.py:441} INFO - ::group::Post task execution logs
[2024-10-02T19:25:06.174+0000] {taskinstance.py:1206} INFO - Marking task as SUCCESS. dag_id=etl_covid_europa_pipeline, task_id=transformar, run_id=scheduled__2023-12-22T00:00:00+00:00, execution_date=20231222T000000, start_date=20241002T192505, end_date=20241002T192506
[2024-10-02T19:25:06.214+0000] {local_task_job_runner.py:240} INFO - Task exited with return code 0
[2024-10-02T19:25:06.231+0000] {taskinstance.py:3503} INFO - 1 downstream tasks scheduled from follow-on schedule check
[2024-10-02T19:25:06.235+0000] {local_task_job_runner.py:222} INFO - ::endgroup::
