[2024-10-02T17:31:02.603+0000] {local_task_job_runner.py:120} INFO - ::group::Pre task execution logs
[2024-10-02T17:31:02.627+0000] {taskinstance.py:2076} INFO - Dependencies all met for dep_context=non-requeueable deps ti=<TaskInstance: etl_covid_europa_pipeline.extrair scheduled__2024-08-12T00:00:00+00:00 [queued]>
[2024-10-02T17:31:02.635+0000] {taskinstance.py:2076} INFO - Dependencies all met for dep_context=requeueable deps ti=<TaskInstance: etl_covid_europa_pipeline.extrair scheduled__2024-08-12T00:00:00+00:00 [queued]>
[2024-10-02T17:31:02.635+0000] {taskinstance.py:2306} INFO - Starting attempt 1 of 1
[2024-10-02T17:31:02.799+0000] {taskinstance.py:2330} INFO - Executing <Task(PythonOperator): extrair> on 2024-08-12 00:00:00+00:00
[2024-10-02T17:31:02.804+0000] {warnings.py:112} WARNING - /home/***/.local/lib/python3.12/site-packages/***/task/task_runner/standard_task_runner.py:61: DeprecationWarning: This process (pid=2893) is multi-threaded, use of fork() may lead to deadlocks in the child.
  pid = os.fork()

[2024-10-02T17:31:02.806+0000] {standard_task_runner.py:63} INFO - Started process 2906 to run task
[2024-10-02T17:31:02.806+0000] {standard_task_runner.py:90} INFO - Running: ['***', 'tasks', 'run', 'etl_covid_europa_pipeline', 'extrair', 'scheduled__2024-08-12T00:00:00+00:00', '--job-id', '559', '--raw', '--subdir', 'DAGS_FOLDER/etl_pipeline.py', '--cfg-path', '/tmp/tmpk905jhpn']
[2024-10-02T17:31:02.808+0000] {standard_task_runner.py:91} INFO - Job 559: Subtask extrair
[2024-10-02T17:31:02.848+0000] {task_command.py:426} INFO - Running <TaskInstance: etl_covid_europa_pipeline.extrair scheduled__2024-08-12T00:00:00+00:00 [running]> on host 99de7dfc3871
[2024-10-02T17:31:02.918+0000] {taskinstance.py:2648} INFO - Exporting env vars: AIRFLOW_CTX_DAG_OWNER='***' AIRFLOW_CTX_DAG_ID='etl_covid_europa_pipeline' AIRFLOW_CTX_TASK_ID='extrair' AIRFLOW_CTX_EXECUTION_DATE='2024-08-12T00:00:00+00:00' AIRFLOW_CTX_TRY_NUMBER='1' AIRFLOW_CTX_DAG_RUN_ID='scheduled__2024-08-12T00:00:00+00:00'
[2024-10-02T17:31:02.918+0000] {taskinstance.py:430} INFO - ::endgroup::
[2024-10-02T17:31:08.435+0000] {python.py:237} INFO - Done. Returned value was: None
[2024-10-02T17:31:08.436+0000] {taskinstance.py:441} INFO - ::group::Post task execution logs
[2024-10-02T17:31:08.445+0000] {taskinstance.py:1206} INFO - Marking task as SUCCESS. dag_id=etl_covid_europa_pipeline, task_id=extrair, run_id=scheduled__2024-08-12T00:00:00+00:00, execution_date=20240812T000000, start_date=20241002T173102, end_date=20241002T173108
[2024-10-02T17:31:08.475+0000] {local_task_job_runner.py:240} INFO - Task exited with return code 0
[2024-10-02T17:31:08.498+0000] {taskinstance.py:3503} INFO - 1 downstream tasks scheduled from follow-on schedule check
[2024-10-02T17:31:08.501+0000] {local_task_job_runner.py:222} INFO - ::endgroup::
[2024-10-02T18:55:01.261+0000] {local_task_job_runner.py:120} INFO - ::group::Pre task execution logs
[2024-10-02T18:55:01.286+0000] {taskinstance.py:2076} INFO - Dependencies all met for dep_context=non-requeueable deps ti=<TaskInstance: etl_covid_europa_pipeline.extrair scheduled__2024-08-12T00:00:00+00:00 [queued]>
[2024-10-02T18:55:01.474+0000] {taskinstance.py:2076} INFO - Dependencies all met for dep_context=requeueable deps ti=<TaskInstance: etl_covid_europa_pipeline.extrair scheduled__2024-08-12T00:00:00+00:00 [queued]>
[2024-10-02T18:55:01.474+0000] {taskinstance.py:2306} INFO - Starting attempt 1 of 1
[2024-10-02T18:55:01.516+0000] {taskinstance.py:2330} INFO - Executing <Task(PythonOperator): extrair> on 2024-08-12 00:00:00+00:00
[2024-10-02T18:55:01.524+0000] {warnings.py:112} WARNING - /home/***/.local/lib/python3.12/site-packages/***/task/task_runner/standard_task_runner.py:61: DeprecationWarning: This process (pid=4763) is multi-threaded, use of fork() may lead to deadlocks in the child.
  pid = os.fork()

[2024-10-02T18:55:01.526+0000] {standard_task_runner.py:63} INFO - Started process 4778 to run task
[2024-10-02T18:55:01.526+0000] {standard_task_runner.py:90} INFO - Running: ['***', 'tasks', 'run', 'etl_covid_europa_pipeline', 'extrair', 'scheduled__2024-08-12T00:00:00+00:00', '--job-id', '816', '--raw', '--subdir', 'DAGS_FOLDER/etl_pipeline.py', '--cfg-path', '/tmp/tmpnr453gyo']
[2024-10-02T18:55:01.528+0000] {standard_task_runner.py:91} INFO - Job 816: Subtask extrair
[2024-10-02T18:55:01.581+0000] {task_command.py:426} INFO - Running <TaskInstance: etl_covid_europa_pipeline.extrair scheduled__2024-08-12T00:00:00+00:00 [running]> on host 99de7dfc3871
[2024-10-02T18:55:01.688+0000] {taskinstance.py:2648} INFO - Exporting env vars: AIRFLOW_CTX_DAG_OWNER='***' AIRFLOW_CTX_DAG_ID='etl_covid_europa_pipeline' AIRFLOW_CTX_TASK_ID='extrair' AIRFLOW_CTX_EXECUTION_DATE='2024-08-12T00:00:00+00:00' AIRFLOW_CTX_TRY_NUMBER='1' AIRFLOW_CTX_DAG_RUN_ID='scheduled__2024-08-12T00:00:00+00:00'
[2024-10-02T18:55:01.692+0000] {taskinstance.py:430} INFO - ::endgroup::
[2024-10-02T18:55:08.131+0000] {python.py:237} INFO - Done. Returned value was: None
[2024-10-02T18:55:08.131+0000] {taskinstance.py:441} INFO - ::group::Post task execution logs
[2024-10-02T18:55:08.142+0000] {taskinstance.py:1206} INFO - Marking task as SUCCESS. dag_id=etl_covid_europa_pipeline, task_id=extrair, run_id=scheduled__2024-08-12T00:00:00+00:00, execution_date=20240812T000000, start_date=20241002T185501, end_date=20241002T185508
[2024-10-02T18:55:08.193+0000] {local_task_job_runner.py:240} INFO - Task exited with return code 0
[2024-10-02T18:55:08.228+0000] {taskinstance.py:3503} INFO - 1 downstream tasks scheduled from follow-on schedule check
[2024-10-02T18:55:08.232+0000] {local_task_job_runner.py:222} INFO - ::endgroup::
[2024-10-02T19:03:43.350+0000] {local_task_job_runner.py:120} INFO - ::group::Pre task execution logs
[2024-10-02T19:03:43.373+0000] {taskinstance.py:2076} INFO - Dependencies all met for dep_context=non-requeueable deps ti=<TaskInstance: etl_covid_europa_pipeline.extrair scheduled__2024-08-12T00:00:00+00:00 [queued]>
[2024-10-02T19:03:43.565+0000] {taskinstance.py:2076} INFO - Dependencies all met for dep_context=requeueable deps ti=<TaskInstance: etl_covid_europa_pipeline.extrair scheduled__2024-08-12T00:00:00+00:00 [queued]>
[2024-10-02T19:03:43.566+0000] {taskinstance.py:2306} INFO - Starting attempt 1 of 1
[2024-10-02T19:03:43.649+0000] {taskinstance.py:2330} INFO - Executing <Task(PythonOperator): extrair> on 2024-08-12 00:00:00+00:00
[2024-10-02T19:03:43.657+0000] {warnings.py:112} WARNING - /home/***/.local/lib/python3.12/site-packages/***/task/task_runner/standard_task_runner.py:61: DeprecationWarning: This process (pid=7945) is multi-threaded, use of fork() may lead to deadlocks in the child.
  pid = os.fork()

[2024-10-02T19:03:43.658+0000] {standard_task_runner.py:63} INFO - Started process 7963 to run task
[2024-10-02T19:03:43.659+0000] {standard_task_runner.py:90} INFO - Running: ['***', 'tasks', 'run', 'etl_covid_europa_pipeline', 'extrair', 'scheduled__2024-08-12T00:00:00+00:00', '--job-id', '1841', '--raw', '--subdir', 'DAGS_FOLDER/etl_pipeline.py', '--cfg-path', '/tmp/tmpffqeuicd']
[2024-10-02T19:03:43.661+0000] {standard_task_runner.py:91} INFO - Job 1841: Subtask extrair
[2024-10-02T19:03:43.711+0000] {task_command.py:426} INFO - Running <TaskInstance: etl_covid_europa_pipeline.extrair scheduled__2024-08-12T00:00:00+00:00 [running]> on host 99de7dfc3871
[2024-10-02T19:03:43.829+0000] {taskinstance.py:2648} INFO - Exporting env vars: AIRFLOW_CTX_DAG_OWNER='***' AIRFLOW_CTX_DAG_ID='etl_covid_europa_pipeline' AIRFLOW_CTX_TASK_ID='extrair' AIRFLOW_CTX_EXECUTION_DATE='2024-08-12T00:00:00+00:00' AIRFLOW_CTX_TRY_NUMBER='1' AIRFLOW_CTX_DAG_RUN_ID='scheduled__2024-08-12T00:00:00+00:00'
[2024-10-02T19:03:43.835+0000] {taskinstance.py:430} INFO - ::endgroup::
[2024-10-02T19:03:49.108+0000] {python.py:237} INFO - Done. Returned value was: None
[2024-10-02T19:03:49.109+0000] {taskinstance.py:441} INFO - ::group::Post task execution logs
[2024-10-02T19:03:49.122+0000] {taskinstance.py:1206} INFO - Marking task as SUCCESS. dag_id=etl_covid_europa_pipeline, task_id=extrair, run_id=scheduled__2024-08-12T00:00:00+00:00, execution_date=20240812T000000, start_date=20241002T190343, end_date=20241002T190349
[2024-10-02T19:03:49.164+0000] {local_task_job_runner.py:240} INFO - Task exited with return code 0
[2024-10-02T19:03:49.172+0000] {local_task_job_runner.py:222} INFO - ::endgroup::
