[2024-10-02T17:32:06.729+0000] {local_task_job_runner.py:120} INFO - ::group::Pre task execution logs
[2024-10-02T17:32:06.750+0000] {taskinstance.py:2076} INFO - Dependencies all met for dep_context=non-requeueable deps ti=<TaskInstance: etl_covid_europa_pipeline.transformar scheduled__2024-10-01T00:00:00+00:00 [queued]>
[2024-10-02T17:32:06.757+0000] {taskinstance.py:2076} INFO - Dependencies all met for dep_context=requeueable deps ti=<TaskInstance: etl_covid_europa_pipeline.transformar scheduled__2024-10-01T00:00:00+00:00 [queued]>
[2024-10-02T17:32:06.757+0000] {taskinstance.py:2306} INFO - Starting attempt 1 of 1
[2024-10-02T17:32:06.902+0000] {taskinstance.py:2330} INFO - Executing <Task(PythonOperator): transformar> on 2024-10-01 00:00:00+00:00
[2024-10-02T17:32:06.907+0000] {warnings.py:112} WARNING - /home/***/.local/lib/python3.12/site-packages/***/task/task_runner/standard_task_runner.py:61: DeprecationWarning: This process (pid=3235) is multi-threaded, use of fork() may lead to deadlocks in the child.
  pid = os.fork()

[2024-10-02T17:32:06.909+0000] {standard_task_runner.py:63} INFO - Started process 3237 to run task
[2024-10-02T17:32:06.909+0000] {standard_task_runner.py:90} INFO - Running: ['***', 'tasks', 'run', 'etl_covid_europa_pipeline', 'transformar', 'scheduled__2024-10-01T00:00:00+00:00', '--job-id', '666', '--raw', '--subdir', 'DAGS_FOLDER/etl_pipeline.py', '--cfg-path', '/tmp/tmp6kktg4cc']
[2024-10-02T17:32:06.910+0000] {standard_task_runner.py:91} INFO - Job 666: Subtask transformar
[2024-10-02T17:32:06.945+0000] {task_command.py:426} INFO - Running <TaskInstance: etl_covid_europa_pipeline.transformar scheduled__2024-10-01T00:00:00+00:00 [running]> on host 99de7dfc3871
[2024-10-02T17:32:07.008+0000] {taskinstance.py:2648} INFO - Exporting env vars: AIRFLOW_CTX_DAG_OWNER='***' AIRFLOW_CTX_DAG_ID='etl_covid_europa_pipeline' AIRFLOW_CTX_TASK_ID='transformar' AIRFLOW_CTX_EXECUTION_DATE='2024-10-01T00:00:00+00:00' AIRFLOW_CTX_TRY_NUMBER='1' AIRFLOW_CTX_DAG_RUN_ID='scheduled__2024-10-01T00:00:00+00:00'
[2024-10-02T17:32:07.010+0000] {taskinstance.py:430} INFO - ::endgroup::
[2024-10-02T17:32:07.029+0000] {taskinstance.py:441} INFO - ::group::Post task execution logs
[2024-10-02T17:32:07.030+0000] {taskinstance.py:2905} ERROR - Task failed with exception
Traceback (most recent call last):
  File "/home/airflow/.local/lib/python3.12/site-packages/airflow/models/taskinstance.py", line 465, in _execute_task
    result = _execute_callable(context=context, **execute_callable_kwargs)
             ^^^^^^^^^^^^^^^^^^^^^^^^^^^^^^^^^^^^^^^^^^^^^^^^^^^^^^^^^^^^^
  File "/home/airflow/.local/lib/python3.12/site-packages/airflow/models/taskinstance.py", line 432, in _execute_callable
    return execute_callable(context=context, **execute_callable_kwargs)
           ^^^^^^^^^^^^^^^^^^^^^^^^^^^^^^^^^^^^^^^^^^^^^^^^^^^^^^^^^^^^
  File "/home/airflow/.local/lib/python3.12/site-packages/airflow/models/baseoperator.py", line 401, in wrapper
    return func(self, *args, **kwargs)
           ^^^^^^^^^^^^^^^^^^^^^^^^^^^
  File "/home/airflow/.local/lib/python3.12/site-packages/airflow/operators/python.py", line 235, in execute
    return_value = self.execute_callable()
                   ^^^^^^^^^^^^^^^^^^^^^^^
  File "/home/airflow/.local/lib/python3.12/site-packages/airflow/operators/python.py", line 252, in execute_callable
    return self.python_callable(*self.op_args, **self.op_kwargs)
           ^^^^^^^^^^^^^^^^^^^^^^^^^^^^^^^^^^^^^^^^^^^^^^^^^^^^^
  File "/opt/airflow/dags/etl_pipeline.py", line 13, in transformar
    df = pd.read_csv('data/dados_covid_extraidos.csv')
         ^^^^^^^^^^^^^^^^^^^^^^^^^^^^^^^^^^^^^^^^^^^^^
  File "/home/airflow/.local/lib/python3.12/site-packages/pandas/io/parsers/readers.py", line 948, in read_csv
    return _read(filepath_or_buffer, kwds)
           ^^^^^^^^^^^^^^^^^^^^^^^^^^^^^^^
  File "/home/airflow/.local/lib/python3.12/site-packages/pandas/io/parsers/readers.py", line 617, in _read
    return parser.read(nrows)
           ^^^^^^^^^^^^^^^^^^
  File "/home/airflow/.local/lib/python3.12/site-packages/pandas/io/parsers/readers.py", line 1748, in read
    ) = self._engine.read(  # type: ignore[attr-defined]
        ^^^^^^^^^^^^^^^^^^^^^^^^^^^^^^^^^^^^^^^^^^^^^^^^
  File "/home/airflow/.local/lib/python3.12/site-packages/pandas/io/parsers/c_parser_wrapper.py", line 234, in read
    chunks = self._reader.read_low_memory(nrows)
             ^^^^^^^^^^^^^^^^^^^^^^^^^^^^^^^^^^^
  File "parsers.pyx", line 843, in pandas._libs.parsers.TextReader.read_low_memory
  File "parsers.pyx", line 904, in pandas._libs.parsers.TextReader._read_rows
  File "parsers.pyx", line 879, in pandas._libs.parsers.TextReader._tokenize_rows
  File "parsers.pyx", line 890, in pandas._libs.parsers.TextReader._check_tokenize_status
  File "parsers.pyx", line 2058, in pandas._libs.parsers.raise_parser_error
pandas.errors.ParserError: Error tokenizing data. C error: Expected 1 fields in line 7201, saw 2

[2024-10-02T17:32:07.039+0000] {taskinstance.py:1206} INFO - Marking task as FAILED. dag_id=etl_covid_europa_pipeline, task_id=transformar, run_id=scheduled__2024-10-01T00:00:00+00:00, execution_date=20241001T000000, start_date=20241002T173206, end_date=20241002T173207
[2024-10-02T17:32:07.049+0000] {standard_task_runner.py:110} ERROR - Failed to execute job 666 for task transformar (Error tokenizing data. C error: Expected 1 fields in line 7201, saw 2
; 3237)
[2024-10-02T17:32:07.082+0000] {local_task_job_runner.py:240} INFO - Task exited with return code 1
[2024-10-02T17:32:07.100+0000] {taskinstance.py:3503} INFO - 0 downstream tasks scheduled from follow-on schedule check
[2024-10-02T17:32:07.103+0000] {local_task_job_runner.py:222} INFO - ::endgroup::
[2024-10-02T18:56:01.180+0000] {local_task_job_runner.py:120} INFO - ::group::Pre task execution logs
[2024-10-02T18:56:01.203+0000] {taskinstance.py:2076} INFO - Dependencies all met for dep_context=non-requeueable deps ti=<TaskInstance: etl_covid_europa_pipeline.transformar scheduled__2024-10-01T00:00:00+00:00 [queued]>
[2024-10-02T18:56:01.382+0000] {taskinstance.py:2076} INFO - Dependencies all met for dep_context=requeueable deps ti=<TaskInstance: etl_covid_europa_pipeline.transformar scheduled__2024-10-01T00:00:00+00:00 [queued]>
[2024-10-02T18:56:01.383+0000] {taskinstance.py:2306} INFO - Starting attempt 1 of 1
[2024-10-02T18:56:01.398+0000] {taskinstance.py:2330} INFO - Executing <Task(PythonOperator): transformar> on 2024-10-01 00:00:00+00:00
[2024-10-02T18:56:01.405+0000] {warnings.py:112} WARNING - /home/***/.local/lib/python3.12/site-packages/***/task/task_runner/standard_task_runner.py:61: DeprecationWarning: This process (pid=5211) is multi-threaded, use of fork() may lead to deadlocks in the child.
  pid = os.fork()

[2024-10-02T18:56:01.407+0000] {standard_task_runner.py:63} INFO - Started process 5220 to run task
[2024-10-02T18:56:01.406+0000] {standard_task_runner.py:90} INFO - Running: ['***', 'tasks', 'run', 'etl_covid_europa_pipeline', 'transformar', 'scheduled__2024-10-01T00:00:00+00:00', '--job-id', '960', '--raw', '--subdir', 'DAGS_FOLDER/etl_pipeline.py', '--cfg-path', '/tmp/tmp3siy4ek6']
[2024-10-02T18:56:01.407+0000] {standard_task_runner.py:91} INFO - Job 960: Subtask transformar
[2024-10-02T18:56:01.448+0000] {task_command.py:426} INFO - Running <TaskInstance: etl_covid_europa_pipeline.transformar scheduled__2024-10-01T00:00:00+00:00 [running]> on host 99de7dfc3871
[2024-10-02T18:56:01.523+0000] {taskinstance.py:2648} INFO - Exporting env vars: AIRFLOW_CTX_DAG_OWNER='***' AIRFLOW_CTX_DAG_ID='etl_covid_europa_pipeline' AIRFLOW_CTX_TASK_ID='transformar' AIRFLOW_CTX_EXECUTION_DATE='2024-10-01T00:00:00+00:00' AIRFLOW_CTX_TRY_NUMBER='1' AIRFLOW_CTX_DAG_RUN_ID='scheduled__2024-10-01T00:00:00+00:00'
[2024-10-02T18:56:01.526+0000] {taskinstance.py:430} INFO - ::endgroup::
[2024-10-02T18:56:01.653+0000] {python.py:237} INFO - Done. Returned value was: None
[2024-10-02T18:56:01.654+0000] {taskinstance.py:441} INFO - ::group::Post task execution logs
[2024-10-02T18:56:01.662+0000] {taskinstance.py:1206} INFO - Marking task as SUCCESS. dag_id=etl_covid_europa_pipeline, task_id=transformar, run_id=scheduled__2024-10-01T00:00:00+00:00, execution_date=20241001T000000, start_date=20241002T185601, end_date=20241002T185601
[2024-10-02T18:56:01.701+0000] {local_task_job_runner.py:240} INFO - Task exited with return code 0
[2024-10-02T18:56:01.723+0000] {taskinstance.py:3503} INFO - 1 downstream tasks scheduled from follow-on schedule check
[2024-10-02T18:56:01.725+0000] {local_task_job_runner.py:222} INFO - ::endgroup::
[2024-10-02T19:04:56.268+0000] {local_task_job_runner.py:120} INFO - ::group::Pre task execution logs
[2024-10-02T19:04:56.287+0000] {taskinstance.py:2076} INFO - Dependencies all met for dep_context=non-requeueable deps ti=<TaskInstance: etl_covid_europa_pipeline.transformar scheduled__2024-10-01T00:00:00+00:00 [queued]>
[2024-10-02T19:04:56.295+0000] {taskinstance.py:2076} INFO - Dependencies all met for dep_context=requeueable deps ti=<TaskInstance: etl_covid_europa_pipeline.transformar scheduled__2024-10-01T00:00:00+00:00 [queued]>
[2024-10-02T19:04:56.296+0000] {taskinstance.py:2306} INFO - Starting attempt 1 of 1
[2024-10-02T19:04:56.463+0000] {taskinstance.py:2330} INFO - Executing <Task(PythonOperator): transformar> on 2024-10-01 00:00:00+00:00
[2024-10-02T19:04:56.469+0000] {warnings.py:112} WARNING - /home/***/.local/lib/python3.12/site-packages/***/task/task_runner/standard_task_runner.py:61: DeprecationWarning: This process (pid=8446) is multi-threaded, use of fork() may lead to deadlocks in the child.
  pid = os.fork()

[2024-10-02T19:04:56.470+0000] {standard_task_runner.py:63} INFO - Started process 8452 to run task
[2024-10-02T19:04:56.470+0000] {standard_task_runner.py:90} INFO - Running: ['***', 'tasks', 'run', 'etl_covid_europa_pipeline', 'transformar', 'scheduled__2024-10-01T00:00:00+00:00', '--job-id', '2002', '--raw', '--subdir', 'DAGS_FOLDER/etl_pipeline.py', '--cfg-path', '/tmp/tmp4xed497u']
[2024-10-02T19:04:56.472+0000] {standard_task_runner.py:91} INFO - Job 2002: Subtask transformar
[2024-10-02T19:04:56.512+0000] {task_command.py:426} INFO - Running <TaskInstance: etl_covid_europa_pipeline.transformar scheduled__2024-10-01T00:00:00+00:00 [running]> on host 99de7dfc3871
[2024-10-02T19:04:56.611+0000] {taskinstance.py:2648} INFO - Exporting env vars: AIRFLOW_CTX_DAG_OWNER='***' AIRFLOW_CTX_DAG_ID='etl_covid_europa_pipeline' AIRFLOW_CTX_TASK_ID='transformar' AIRFLOW_CTX_EXECUTION_DATE='2024-10-01T00:00:00+00:00' AIRFLOW_CTX_TRY_NUMBER='1' AIRFLOW_CTX_DAG_RUN_ID='scheduled__2024-10-01T00:00:00+00:00'
[2024-10-02T19:04:56.613+0000] {taskinstance.py:430} INFO - ::endgroup::
[2024-10-02T19:04:56.731+0000] {python.py:237} INFO - Done. Returned value was: None
[2024-10-02T19:04:56.731+0000] {taskinstance.py:441} INFO - ::group::Post task execution logs
[2024-10-02T19:04:56.738+0000] {taskinstance.py:1206} INFO - Marking task as SUCCESS. dag_id=etl_covid_europa_pipeline, task_id=transformar, run_id=scheduled__2024-10-01T00:00:00+00:00, execution_date=20241001T000000, start_date=20241002T190456, end_date=20241002T190456
[2024-10-02T19:04:56.764+0000] {local_task_job_runner.py:240} INFO - Task exited with return code 0
[2024-10-02T19:04:56.784+0000] {taskinstance.py:3503} INFO - 1 downstream tasks scheduled from follow-on schedule check
[2024-10-02T19:04:56.787+0000] {local_task_job_runner.py:222} INFO - ::endgroup::
