[2024-10-02T18:59:19.093+0000] {local_task_job_runner.py:120} INFO - ::group::Pre task execution logs
[2024-10-02T18:59:19.116+0000] {taskinstance.py:2076} INFO - Dependencies all met for dep_context=non-requeueable deps ti=<TaskInstance: etl_covid_europa_pipeline.transformar scheduled__2024-01-13T00:00:00+00:00 [queued]>
[2024-10-02T18:59:19.320+0000] {taskinstance.py:2076} INFO - Dependencies all met for dep_context=requeueable deps ti=<TaskInstance: etl_covid_europa_pipeline.transformar scheduled__2024-01-13T00:00:00+00:00 [queued]>
[2024-10-02T18:59:19.320+0000] {taskinstance.py:2306} INFO - Starting attempt 1 of 1
[2024-10-02T18:59:19.334+0000] {taskinstance.py:2330} INFO - Executing <Task(PythonOperator): transformar> on 2024-01-13 00:00:00+00:00
[2024-10-02T18:59:19.339+0000] {warnings.py:112} WARNING - /home/***/.local/lib/python3.12/site-packages/***/task/task_runner/standard_task_runner.py:61: DeprecationWarning: This process (pid=6255) is multi-threaded, use of fork() may lead to deadlocks in the child.
  pid = os.fork()

[2024-10-02T18:59:19.340+0000] {standard_task_runner.py:63} INFO - Started process 6265 to run task
[2024-10-02T18:59:19.340+0000] {standard_task_runner.py:90} INFO - Running: ['***', 'tasks', 'run', 'etl_covid_europa_pipeline', 'transformar', 'scheduled__2024-01-13T00:00:00+00:00', '--job-id', '1294', '--raw', '--subdir', 'DAGS_FOLDER/etl_pipeline.py', '--cfg-path', '/tmp/tmpclg8mjb3']
[2024-10-02T18:59:19.342+0000] {standard_task_runner.py:91} INFO - Job 1294: Subtask transformar
[2024-10-02T18:59:19.387+0000] {task_command.py:426} INFO - Running <TaskInstance: etl_covid_europa_pipeline.transformar scheduled__2024-01-13T00:00:00+00:00 [running]> on host 99de7dfc3871
[2024-10-02T18:59:19.474+0000] {taskinstance.py:2648} INFO - Exporting env vars: AIRFLOW_CTX_DAG_OWNER='***' AIRFLOW_CTX_DAG_ID='etl_covid_europa_pipeline' AIRFLOW_CTX_TASK_ID='transformar' AIRFLOW_CTX_EXECUTION_DATE='2024-01-13T00:00:00+00:00' AIRFLOW_CTX_TRY_NUMBER='1' AIRFLOW_CTX_DAG_RUN_ID='scheduled__2024-01-13T00:00:00+00:00'
[2024-10-02T18:59:19.477+0000] {taskinstance.py:430} INFO - ::endgroup::
[2024-10-02T18:59:19.622+0000] {python.py:237} INFO - Done. Returned value was: None
[2024-10-02T18:59:19.622+0000] {taskinstance.py:441} INFO - ::group::Post task execution logs
[2024-10-02T18:59:19.631+0000] {taskinstance.py:1206} INFO - Marking task as SUCCESS. dag_id=etl_covid_europa_pipeline, task_id=transformar, run_id=scheduled__2024-01-13T00:00:00+00:00, execution_date=20240113T000000, start_date=20241002T185919, end_date=20241002T185919
[2024-10-02T18:59:19.674+0000] {local_task_job_runner.py:240} INFO - Task exited with return code 0
[2024-10-02T18:59:19.691+0000] {taskinstance.py:3503} INFO - 1 downstream tasks scheduled from follow-on schedule check
[2024-10-02T18:59:19.693+0000] {local_task_job_runner.py:222} INFO - ::endgroup::
[2024-10-02T19:25:30.396+0000] {local_task_job_runner.py:120} INFO - ::group::Pre task execution logs
[2024-10-02T19:25:30.452+0000] {taskinstance.py:2076} INFO - Dependencies all met for dep_context=non-requeueable deps ti=<TaskInstance: etl_covid_europa_pipeline.transformar scheduled__2024-01-13T00:00:00+00:00 [queued]>
[2024-10-02T19:25:30.843+0000] {taskinstance.py:2076} INFO - Dependencies all met for dep_context=requeueable deps ti=<TaskInstance: etl_covid_europa_pipeline.transformar scheduled__2024-01-13T00:00:00+00:00 [queued]>
[2024-10-02T19:25:30.843+0000] {taskinstance.py:2306} INFO - Starting attempt 1 of 1
[2024-10-02T19:25:30.874+0000] {taskinstance.py:2330} INFO - Executing <Task(PythonOperator): transformar> on 2024-01-13 00:00:00+00:00
[2024-10-02T19:25:30.894+0000] {warnings.py:112} WARNING - /home/***/.local/lib/python3.12/site-packages/***/task/task_runner/standard_task_runner.py:61: DeprecationWarning: This process (pid=9536) is multi-threaded, use of fork() may lead to deadlocks in the child.
  pid = os.fork()

[2024-10-02T19:25:30.896+0000] {standard_task_runner.py:63} INFO - Started process 9564 to run task
[2024-10-02T19:25:30.896+0000] {standard_task_runner.py:90} INFO - Running: ['***', 'tasks', 'run', 'etl_covid_europa_pipeline', 'transformar', 'scheduled__2024-01-13T00:00:00+00:00', '--job-id', '2280', '--raw', '--subdir', 'DAGS_FOLDER/etl_pipeline.py', '--cfg-path', '/tmp/tmpr9abk009']
[2024-10-02T19:25:30.898+0000] {standard_task_runner.py:91} INFO - Job 2280: Subtask transformar
[2024-10-02T19:25:30.987+0000] {task_command.py:426} INFO - Running <TaskInstance: etl_covid_europa_pipeline.transformar scheduled__2024-01-13T00:00:00+00:00 [running]> on host 99de7dfc3871
[2024-10-02T19:25:31.140+0000] {taskinstance.py:2648} INFO - Exporting env vars: AIRFLOW_CTX_DAG_OWNER='***' AIRFLOW_CTX_DAG_ID='etl_covid_europa_pipeline' AIRFLOW_CTX_TASK_ID='transformar' AIRFLOW_CTX_EXECUTION_DATE='2024-01-13T00:00:00+00:00' AIRFLOW_CTX_TRY_NUMBER='1' AIRFLOW_CTX_DAG_RUN_ID='scheduled__2024-01-13T00:00:00+00:00'
[2024-10-02T19:25:31.142+0000] {taskinstance.py:430} INFO - ::endgroup::
[2024-10-02T19:25:31.449+0000] {python.py:237} INFO - Done. Returned value was: None
[2024-10-02T19:25:31.458+0000] {taskinstance.py:441} INFO - ::group::Post task execution logs
[2024-10-02T19:25:31.491+0000] {taskinstance.py:1206} INFO - Marking task as SUCCESS. dag_id=etl_covid_europa_pipeline, task_id=transformar, run_id=scheduled__2024-01-13T00:00:00+00:00, execution_date=20240113T000000, start_date=20241002T192530, end_date=20241002T192531
[2024-10-02T19:25:31.541+0000] {local_task_job_runner.py:240} INFO - Task exited with return code 0
[2024-10-02T19:25:31.592+0000] {taskinstance.py:3503} INFO - 1 downstream tasks scheduled from follow-on schedule check
[2024-10-02T19:25:31.610+0000] {local_task_job_runner.py:222} INFO - ::endgroup::
