[2024-10-02T17:25:27.492+0000] {local_task_job_runner.py:120} INFO - ::group::Pre task execution logs
[2024-10-02T17:25:27.516+0000] {taskinstance.py:2076} INFO - Dependencies all met for dep_context=non-requeueable deps ti=<TaskInstance: etl_covid_europa_pipeline.extrair scheduled__2023-11-01T00:00:00+00:00 [queued]>
[2024-10-02T17:25:27.523+0000] {taskinstance.py:2076} INFO - Dependencies all met for dep_context=requeueable deps ti=<TaskInstance: etl_covid_europa_pipeline.extrair scheduled__2023-11-01T00:00:00+00:00 [queued]>
[2024-10-02T17:25:27.523+0000] {taskinstance.py:2306} INFO - Starting attempt 1 of 1
[2024-10-02T17:25:27.691+0000] {taskinstance.py:2330} INFO - Executing <Task(PythonOperator): extrair> on 2023-11-01 00:00:00+00:00
[2024-10-02T17:25:27.697+0000] {warnings.py:112} WARNING - /home/***/.local/lib/python3.12/site-packages/***/task/task_runner/standard_task_runner.py:61: DeprecationWarning: This process (pid=1308) is multi-threaded, use of fork() may lead to deadlocks in the child.
  pid = os.fork()

[2024-10-02T17:25:27.699+0000] {standard_task_runner.py:63} INFO - Started process 1314 to run task
[2024-10-02T17:25:27.699+0000] {standard_task_runner.py:90} INFO - Running: ['***', 'tasks', 'run', 'etl_covid_europa_pipeline', 'extrair', 'scheduled__2023-11-01T00:00:00+00:00', '--job-id', '53', '--raw', '--subdir', 'DAGS_FOLDER/etl_pipeline.py', '--cfg-path', '/tmp/tmpy2uw5u9j']
[2024-10-02T17:25:27.701+0000] {standard_task_runner.py:91} INFO - Job 53: Subtask extrair
[2024-10-02T17:25:27.738+0000] {task_command.py:426} INFO - Running <TaskInstance: etl_covid_europa_pipeline.extrair scheduled__2023-11-01T00:00:00+00:00 [running]> on host 99de7dfc3871
[2024-10-02T17:25:27.818+0000] {taskinstance.py:2648} INFO - Exporting env vars: AIRFLOW_CTX_DAG_OWNER='***' AIRFLOW_CTX_DAG_ID='etl_covid_europa_pipeline' AIRFLOW_CTX_TASK_ID='extrair' AIRFLOW_CTX_EXECUTION_DATE='2023-11-01T00:00:00+00:00' AIRFLOW_CTX_TRY_NUMBER='1' AIRFLOW_CTX_DAG_RUN_ID='scheduled__2023-11-01T00:00:00+00:00'
[2024-10-02T17:25:27.819+0000] {taskinstance.py:430} INFO - ::endgroup::
[2024-10-02T17:25:34.090+0000] {python.py:237} INFO - Done. Returned value was: None
[2024-10-02T17:25:34.091+0000] {taskinstance.py:441} INFO - ::group::Post task execution logs
[2024-10-02T17:25:34.106+0000] {taskinstance.py:1206} INFO - Marking task as SUCCESS. dag_id=etl_covid_europa_pipeline, task_id=extrair, run_id=scheduled__2023-11-01T00:00:00+00:00, execution_date=20231101T000000, start_date=20241002T172527, end_date=20241002T172534
[2024-10-02T17:25:34.137+0000] {local_task_job_runner.py:240} INFO - Task exited with return code 0
[2024-10-02T17:25:34.167+0000] {taskinstance.py:3503} INFO - 1 downstream tasks scheduled from follow-on schedule check
[2024-10-02T17:25:34.170+0000] {local_task_job_runner.py:222} INFO - ::endgroup::
[2024-10-02T18:57:28.347+0000] {local_task_job_runner.py:120} INFO - ::group::Pre task execution logs
[2024-10-02T18:57:28.369+0000] {taskinstance.py:2076} INFO - Dependencies all met for dep_context=non-requeueable deps ti=<TaskInstance: etl_covid_europa_pipeline.extrair scheduled__2023-11-01T00:00:00+00:00 [queued]>
[2024-10-02T18:57:28.523+0000] {taskinstance.py:2076} INFO - Dependencies all met for dep_context=requeueable deps ti=<TaskInstance: etl_covid_europa_pipeline.extrair scheduled__2023-11-01T00:00:00+00:00 [queued]>
[2024-10-02T18:57:28.524+0000] {taskinstance.py:2306} INFO - Starting attempt 1 of 1
[2024-10-02T18:57:28.536+0000] {taskinstance.py:2330} INFO - Executing <Task(PythonOperator): extrair> on 2023-11-01 00:00:00+00:00
[2024-10-02T18:57:28.542+0000] {warnings.py:112} WARNING - /home/***/.local/lib/python3.12/site-packages/***/task/task_runner/standard_task_runner.py:61: DeprecationWarning: This process (pid=5432) is multi-threaded, use of fork() may lead to deadlocks in the child.
  pid = os.fork()

[2024-10-02T18:57:28.543+0000] {standard_task_runner.py:63} INFO - Started process 5437 to run task
[2024-10-02T18:57:28.543+0000] {standard_task_runner.py:90} INFO - Running: ['***', 'tasks', 'run', 'etl_covid_europa_pipeline', 'extrair', 'scheduled__2023-11-01T00:00:00+00:00', '--job-id', '1030', '--raw', '--subdir', 'DAGS_FOLDER/etl_pipeline.py', '--cfg-path', '/tmp/tmpu3yvvy18']
[2024-10-02T18:57:28.544+0000] {standard_task_runner.py:91} INFO - Job 1030: Subtask extrair
[2024-10-02T18:57:28.580+0000] {task_command.py:426} INFO - Running <TaskInstance: etl_covid_europa_pipeline.extrair scheduled__2023-11-01T00:00:00+00:00 [running]> on host 99de7dfc3871
[2024-10-02T18:57:28.653+0000] {taskinstance.py:2648} INFO - Exporting env vars: AIRFLOW_CTX_DAG_OWNER='***' AIRFLOW_CTX_DAG_ID='etl_covid_europa_pipeline' AIRFLOW_CTX_TASK_ID='extrair' AIRFLOW_CTX_EXECUTION_DATE='2023-11-01T00:00:00+00:00' AIRFLOW_CTX_TRY_NUMBER='1' AIRFLOW_CTX_DAG_RUN_ID='scheduled__2023-11-01T00:00:00+00:00'
[2024-10-02T18:57:28.656+0000] {taskinstance.py:430} INFO - ::endgroup::
[2024-10-02T18:57:37.023+0000] {python.py:237} INFO - Done. Returned value was: None
[2024-10-02T18:57:37.024+0000] {taskinstance.py:441} INFO - ::group::Post task execution logs
[2024-10-02T18:57:37.038+0000] {taskinstance.py:1206} INFO - Marking task as SUCCESS. dag_id=etl_covid_europa_pipeline, task_id=extrair, run_id=scheduled__2023-11-01T00:00:00+00:00, execution_date=20231101T000000, start_date=20241002T185728, end_date=20241002T185737
[2024-10-02T18:57:37.112+0000] {local_task_job_runner.py:240} INFO - Task exited with return code 0
[2024-10-02T18:57:37.148+0000] {taskinstance.py:3503} INFO - 1 downstream tasks scheduled from follow-on schedule check
[2024-10-02T18:57:37.155+0000] {local_task_job_runner.py:222} INFO - ::endgroup::
[2024-10-02T19:23:47.150+0000] {local_task_job_runner.py:120} INFO - ::group::Pre task execution logs
[2024-10-02T19:23:47.210+0000] {taskinstance.py:2076} INFO - Dependencies all met for dep_context=non-requeueable deps ti=<TaskInstance: etl_covid_europa_pipeline.extrair scheduled__2023-11-01T00:00:00+00:00 [queued]>
[2024-10-02T19:23:47.486+0000] {taskinstance.py:2076} INFO - Dependencies all met for dep_context=requeueable deps ti=<TaskInstance: etl_covid_europa_pipeline.extrair scheduled__2023-11-01T00:00:00+00:00 [queued]>
[2024-10-02T19:23:47.487+0000] {taskinstance.py:2306} INFO - Starting attempt 1 of 1
[2024-10-02T19:23:47.519+0000] {taskinstance.py:2330} INFO - Executing <Task(PythonOperator): extrair> on 2023-11-01 00:00:00+00:00
[2024-10-02T19:23:47.527+0000] {warnings.py:112} WARNING - /home/***/.local/lib/python3.12/site-packages/***/task/task_runner/standard_task_runner.py:61: DeprecationWarning: This process (pid=8837) is multi-threaded, use of fork() may lead to deadlocks in the child.
  pid = os.fork()

[2024-10-02T19:23:47.530+0000] {standard_task_runner.py:63} INFO - Started process 8858 to run task
[2024-10-02T19:23:47.529+0000] {standard_task_runner.py:90} INFO - Running: ['***', 'tasks', 'run', 'etl_covid_europa_pipeline', 'extrair', 'scheduled__2023-11-01T00:00:00+00:00', '--job-id', '2051', '--raw', '--subdir', 'DAGS_FOLDER/etl_pipeline.py', '--cfg-path', '/tmp/tmp0_6q1gqa']
[2024-10-02T19:23:47.532+0000] {standard_task_runner.py:91} INFO - Job 2051: Subtask extrair
[2024-10-02T19:23:47.590+0000] {task_command.py:426} INFO - Running <TaskInstance: etl_covid_europa_pipeline.extrair scheduled__2023-11-01T00:00:00+00:00 [running]> on host 99de7dfc3871
[2024-10-02T19:23:47.701+0000] {taskinstance.py:2648} INFO - Exporting env vars: AIRFLOW_CTX_DAG_OWNER='***' AIRFLOW_CTX_DAG_ID='etl_covid_europa_pipeline' AIRFLOW_CTX_TASK_ID='extrair' AIRFLOW_CTX_EXECUTION_DATE='2023-11-01T00:00:00+00:00' AIRFLOW_CTX_TRY_NUMBER='1' AIRFLOW_CTX_DAG_RUN_ID='scheduled__2023-11-01T00:00:00+00:00'
[2024-10-02T19:23:47.705+0000] {taskinstance.py:430} INFO - ::endgroup::
[2024-10-02T19:23:53.655+0000] {python.py:237} INFO - Done. Returned value was: None
[2024-10-02T19:23:53.657+0000] {taskinstance.py:441} INFO - ::group::Post task execution logs
[2024-10-02T19:23:53.664+0000] {taskinstance.py:1206} INFO - Marking task as SUCCESS. dag_id=etl_covid_europa_pipeline, task_id=extrair, run_id=scheduled__2023-11-01T00:00:00+00:00, execution_date=20231101T000000, start_date=20241002T192347, end_date=20241002T192353
[2024-10-02T19:23:53.716+0000] {local_task_job_runner.py:240} INFO - Task exited with return code 0
[2024-10-02T19:23:53.736+0000] {taskinstance.py:3503} INFO - 1 downstream tasks scheduled from follow-on schedule check
[2024-10-02T19:23:53.738+0000] {local_task_job_runner.py:222} INFO - ::endgroup::
