[2024-10-02T17:26:24.843+0000] {local_task_job_runner.py:120} INFO - ::group::Pre task execution logs
[2024-10-02T17:26:24.873+0000] {taskinstance.py:2076} INFO - Dependencies all met for dep_context=non-requeueable deps ti=<TaskInstance: etl_covid_europa_pipeline.extrair scheduled__2023-12-14T00:00:00+00:00 [queued]>
[2024-10-02T17:26:24.889+0000] {taskinstance.py:2076} INFO - Dependencies all met for dep_context=requeueable deps ti=<TaskInstance: etl_covid_europa_pipeline.extrair scheduled__2023-12-14T00:00:00+00:00 [queued]>
[2024-10-02T17:26:24.889+0000] {taskinstance.py:2306} INFO - Starting attempt 1 of 1
[2024-10-02T17:26:25.100+0000] {taskinstance.py:2330} INFO - Executing <Task(PythonOperator): extrair> on 2023-12-14 00:00:00+00:00
[2024-10-02T17:26:25.110+0000] {standard_task_runner.py:90} INFO - Running: ['***', 'tasks', 'run', 'etl_covid_europa_pipeline', 'extrair', 'scheduled__2023-12-14T00:00:00+00:00', '--job-id', '143', '--raw', '--subdir', 'DAGS_FOLDER/etl_pipeline.py', '--cfg-path', '/tmp/tmptlku710l']
[2024-10-02T17:26:25.110+0000] {warnings.py:112} WARNING - /home/***/.local/lib/python3.12/site-packages/***/task/task_runner/standard_task_runner.py:61: DeprecationWarning: This process (pid=1590) is multi-threaded, use of fork() may lead to deadlocks in the child.
  pid = os.fork()

[2024-10-02T17:26:25.113+0000] {standard_task_runner.py:91} INFO - Job 143: Subtask extrair
[2024-10-02T17:26:25.113+0000] {standard_task_runner.py:63} INFO - Started process 1605 to run task
[2024-10-02T17:26:25.170+0000] {task_command.py:426} INFO - Running <TaskInstance: etl_covid_europa_pipeline.extrair scheduled__2023-12-14T00:00:00+00:00 [running]> on host 99de7dfc3871
[2024-10-02T17:26:25.273+0000] {taskinstance.py:2648} INFO - Exporting env vars: AIRFLOW_CTX_DAG_OWNER='***' AIRFLOW_CTX_DAG_ID='etl_covid_europa_pipeline' AIRFLOW_CTX_TASK_ID='extrair' AIRFLOW_CTX_EXECUTION_DATE='2023-12-14T00:00:00+00:00' AIRFLOW_CTX_TRY_NUMBER='1' AIRFLOW_CTX_DAG_RUN_ID='scheduled__2023-12-14T00:00:00+00:00'
[2024-10-02T17:26:25.275+0000] {taskinstance.py:430} INFO - ::endgroup::
[2024-10-02T17:26:36.272+0000] {python.py:237} INFO - Done. Returned value was: None
[2024-10-02T17:26:36.273+0000] {taskinstance.py:441} INFO - ::group::Post task execution logs
[2024-10-02T17:26:36.280+0000] {taskinstance.py:1206} INFO - Marking task as SUCCESS. dag_id=etl_covid_europa_pipeline, task_id=extrair, run_id=scheduled__2023-12-14T00:00:00+00:00, execution_date=20231214T000000, start_date=20241002T172624, end_date=20241002T172636
[2024-10-02T17:26:36.342+0000] {local_task_job_runner.py:240} INFO - Task exited with return code 0
[2024-10-02T17:26:36.361+0000] {taskinstance.py:3503} INFO - 1 downstream tasks scheduled from follow-on schedule check
[2024-10-02T17:26:36.363+0000] {local_task_job_runner.py:222} INFO - ::endgroup::
[2024-10-02T18:58:27.616+0000] {local_task_job_runner.py:120} INFO - ::group::Pre task execution logs
[2024-10-02T18:58:27.640+0000] {taskinstance.py:2076} INFO - Dependencies all met for dep_context=non-requeueable deps ti=<TaskInstance: etl_covid_europa_pipeline.extrair scheduled__2023-12-14T00:00:00+00:00 [queued]>
[2024-10-02T18:58:27.829+0000] {taskinstance.py:2076} INFO - Dependencies all met for dep_context=requeueable deps ti=<TaskInstance: etl_covid_europa_pipeline.extrair scheduled__2023-12-14T00:00:00+00:00 [queued]>
[2024-10-02T18:58:27.829+0000] {taskinstance.py:2306} INFO - Starting attempt 1 of 1
[2024-10-02T18:58:27.900+0000] {taskinstance.py:2330} INFO - Executing <Task(PythonOperator): extrair> on 2023-12-14 00:00:00+00:00
[2024-10-02T18:58:27.907+0000] {warnings.py:112} WARNING - /home/***/.local/lib/python3.12/site-packages/***/task/task_runner/standard_task_runner.py:61: DeprecationWarning: This process (pid=5859) is multi-threaded, use of fork() may lead to deadlocks in the child.
  pid = os.fork()

[2024-10-02T18:58:27.909+0000] {standard_task_runner.py:63} INFO - Started process 5876 to run task
[2024-10-02T18:58:27.909+0000] {standard_task_runner.py:90} INFO - Running: ['***', 'tasks', 'run', 'etl_covid_europa_pipeline', 'extrair', 'scheduled__2023-12-14T00:00:00+00:00', '--job-id', '1169', '--raw', '--subdir', 'DAGS_FOLDER/etl_pipeline.py', '--cfg-path', '/tmp/tmp9zr29eth']
[2024-10-02T18:58:27.910+0000] {standard_task_runner.py:91} INFO - Job 1169: Subtask extrair
[2024-10-02T18:58:27.954+0000] {task_command.py:426} INFO - Running <TaskInstance: etl_covid_europa_pipeline.extrair scheduled__2023-12-14T00:00:00+00:00 [running]> on host 99de7dfc3871
[2024-10-02T18:58:28.051+0000] {taskinstance.py:2648} INFO - Exporting env vars: AIRFLOW_CTX_DAG_OWNER='***' AIRFLOW_CTX_DAG_ID='etl_covid_europa_pipeline' AIRFLOW_CTX_TASK_ID='extrair' AIRFLOW_CTX_EXECUTION_DATE='2023-12-14T00:00:00+00:00' AIRFLOW_CTX_TRY_NUMBER='1' AIRFLOW_CTX_DAG_RUN_ID='scheduled__2023-12-14T00:00:00+00:00'
[2024-10-02T18:58:28.055+0000] {taskinstance.py:430} INFO - ::endgroup::
[2024-10-02T18:58:36.611+0000] {python.py:237} INFO - Done. Returned value was: None
[2024-10-02T18:58:36.612+0000] {taskinstance.py:441} INFO - ::group::Post task execution logs
[2024-10-02T18:58:36.631+0000] {taskinstance.py:1206} INFO - Marking task as SUCCESS. dag_id=etl_covid_europa_pipeline, task_id=extrair, run_id=scheduled__2023-12-14T00:00:00+00:00, execution_date=20231214T000000, start_date=20241002T185827, end_date=20241002T185836
[2024-10-02T18:58:36.666+0000] {local_task_job_runner.py:240} INFO - Task exited with return code 0
[2024-10-02T18:58:36.696+0000] {taskinstance.py:3503} INFO - 1 downstream tasks scheduled from follow-on schedule check
[2024-10-02T18:58:36.698+0000] {local_task_job_runner.py:222} INFO - ::endgroup::
[2024-10-02T19:24:45.939+0000] {local_task_job_runner.py:120} INFO - ::group::Pre task execution logs
[2024-10-02T19:24:45.965+0000] {taskinstance.py:2076} INFO - Dependencies all met for dep_context=non-requeueable deps ti=<TaskInstance: etl_covid_europa_pipeline.extrair scheduled__2023-12-14T00:00:00+00:00 [queued]>
[2024-10-02T19:24:46.133+0000] {taskinstance.py:2076} INFO - Dependencies all met for dep_context=requeueable deps ti=<TaskInstance: etl_covid_europa_pipeline.extrair scheduled__2023-12-14T00:00:00+00:00 [queued]>
[2024-10-02T19:24:46.133+0000] {taskinstance.py:2306} INFO - Starting attempt 1 of 1
[2024-10-02T19:24:46.144+0000] {taskinstance.py:2330} INFO - Executing <Task(PythonOperator): extrair> on 2023-12-14 00:00:00+00:00
[2024-10-02T19:24:46.150+0000] {warnings.py:112} WARNING - /home/***/.local/lib/python3.12/site-packages/***/task/task_runner/standard_task_runner.py:61: DeprecationWarning: This process (pid=9240) is multi-threaded, use of fork() may lead to deadlocks in the child.
  pid = os.fork()

[2024-10-02T19:24:46.151+0000] {standard_task_runner.py:63} INFO - Started process 9253 to run task
[2024-10-02T19:24:46.151+0000] {standard_task_runner.py:90} INFO - Running: ['***', 'tasks', 'run', 'etl_covid_europa_pipeline', 'extrair', 'scheduled__2023-12-14T00:00:00+00:00', '--job-id', '2181', '--raw', '--subdir', 'DAGS_FOLDER/etl_pipeline.py', '--cfg-path', '/tmp/tmpb8zlkv3v']
[2024-10-02T19:24:46.153+0000] {standard_task_runner.py:91} INFO - Job 2181: Subtask extrair
[2024-10-02T19:24:46.195+0000] {task_command.py:426} INFO - Running <TaskInstance: etl_covid_europa_pipeline.extrair scheduled__2023-12-14T00:00:00+00:00 [running]> on host 99de7dfc3871
[2024-10-02T19:24:46.299+0000] {taskinstance.py:2648} INFO - Exporting env vars: AIRFLOW_CTX_DAG_OWNER='***' AIRFLOW_CTX_DAG_ID='etl_covid_europa_pipeline' AIRFLOW_CTX_TASK_ID='extrair' AIRFLOW_CTX_EXECUTION_DATE='2023-12-14T00:00:00+00:00' AIRFLOW_CTX_TRY_NUMBER='1' AIRFLOW_CTX_DAG_RUN_ID='scheduled__2023-12-14T00:00:00+00:00'
[2024-10-02T19:24:46.301+0000] {taskinstance.py:430} INFO - ::endgroup::
[2024-10-02T19:24:52.524+0000] {python.py:237} INFO - Done. Returned value was: None
[2024-10-02T19:24:52.525+0000] {taskinstance.py:441} INFO - ::group::Post task execution logs
[2024-10-02T19:24:52.533+0000] {taskinstance.py:1206} INFO - Marking task as SUCCESS. dag_id=etl_covid_europa_pipeline, task_id=extrair, run_id=scheduled__2023-12-14T00:00:00+00:00, execution_date=20231214T000000, start_date=20241002T192445, end_date=20241002T192452
[2024-10-02T19:24:52.588+0000] {local_task_job_runner.py:240} INFO - Task exited with return code 0
[2024-10-02T19:24:52.618+0000] {taskinstance.py:3503} INFO - 1 downstream tasks scheduled from follow-on schedule check
[2024-10-02T19:24:52.624+0000] {local_task_job_runner.py:222} INFO - ::endgroup::
