[2024-10-02T17:31:55.068+0000] {local_task_job_runner.py:120} INFO - ::group::Pre task execution logs
[2024-10-02T17:31:55.095+0000] {taskinstance.py:2076} INFO - Dependencies all met for dep_context=non-requeueable deps ti=<TaskInstance: etl_covid_europa_pipeline.extrair scheduled__2024-09-22T00:00:00+00:00 [queued]>
[2024-10-02T17:31:55.104+0000] {taskinstance.py:2076} INFO - Dependencies all met for dep_context=requeueable deps ti=<TaskInstance: etl_covid_europa_pipeline.extrair scheduled__2024-09-22T00:00:00+00:00 [queued]>
[2024-10-02T17:31:55.104+0000] {taskinstance.py:2306} INFO - Starting attempt 1 of 1
[2024-10-02T17:31:55.395+0000] {taskinstance.py:2330} INFO - Executing <Task(PythonOperator): extrair> on 2024-09-22 00:00:00+00:00
[2024-10-02T17:31:55.403+0000] {warnings.py:112} WARNING - /home/***/.local/lib/python3.12/site-packages/***/task/task_runner/standard_task_runner.py:61: DeprecationWarning: This process (pid=3160) is multi-threaded, use of fork() may lead to deadlocks in the child.
  pid = os.fork()

[2024-10-02T17:31:55.405+0000] {standard_task_runner.py:63} INFO - Started process 3177 to run task
[2024-10-02T17:31:55.405+0000] {standard_task_runner.py:90} INFO - Running: ['***', 'tasks', 'run', 'etl_covid_europa_pipeline', 'extrair', 'scheduled__2024-09-22T00:00:00+00:00', '--job-id', '643', '--raw', '--subdir', 'DAGS_FOLDER/etl_pipeline.py', '--cfg-path', '/tmp/tmp42cv3lj5']
[2024-10-02T17:31:55.407+0000] {standard_task_runner.py:91} INFO - Job 643: Subtask extrair
[2024-10-02T17:31:55.457+0000] {task_command.py:426} INFO - Running <TaskInstance: etl_covid_europa_pipeline.extrair scheduled__2024-09-22T00:00:00+00:00 [running]> on host 99de7dfc3871
[2024-10-02T17:31:55.554+0000] {taskinstance.py:2648} INFO - Exporting env vars: AIRFLOW_CTX_DAG_OWNER='***' AIRFLOW_CTX_DAG_ID='etl_covid_europa_pipeline' AIRFLOW_CTX_TASK_ID='extrair' AIRFLOW_CTX_EXECUTION_DATE='2024-09-22T00:00:00+00:00' AIRFLOW_CTX_TRY_NUMBER='1' AIRFLOW_CTX_DAG_RUN_ID='scheduled__2024-09-22T00:00:00+00:00'
[2024-10-02T17:31:55.555+0000] {taskinstance.py:430} INFO - ::endgroup::
[2024-10-02T17:32:01.480+0000] {python.py:237} INFO - Done. Returned value was: None
[2024-10-02T17:32:01.480+0000] {taskinstance.py:441} INFO - ::group::Post task execution logs
[2024-10-02T17:32:01.488+0000] {taskinstance.py:1206} INFO - Marking task as SUCCESS. dag_id=etl_covid_europa_pipeline, task_id=extrair, run_id=scheduled__2024-09-22T00:00:00+00:00, execution_date=20240922T000000, start_date=20241002T173155, end_date=20241002T173201
[2024-10-02T17:32:01.513+0000] {local_task_job_runner.py:240} INFO - Task exited with return code 0
[2024-10-02T17:32:01.533+0000] {taskinstance.py:3503} INFO - 1 downstream tasks scheduled from follow-on schedule check
[2024-10-02T17:32:01.536+0000] {local_task_job_runner.py:222} INFO - ::endgroup::
[2024-10-02T18:55:36.789+0000] {local_task_job_runner.py:120} INFO - ::group::Pre task execution logs
[2024-10-02T18:55:36.812+0000] {taskinstance.py:2076} INFO - Dependencies all met for dep_context=non-requeueable deps ti=<TaskInstance: etl_covid_europa_pipeline.extrair scheduled__2024-09-22T00:00:00+00:00 [queued]>
[2024-10-02T18:55:36.983+0000] {taskinstance.py:2076} INFO - Dependencies all met for dep_context=requeueable deps ti=<TaskInstance: etl_covid_europa_pipeline.extrair scheduled__2024-09-22T00:00:00+00:00 [queued]>
[2024-10-02T18:55:36.983+0000] {taskinstance.py:2306} INFO - Starting attempt 1 of 1
[2024-10-02T18:55:37.073+0000] {taskinstance.py:2330} INFO - Executing <Task(PythonOperator): extrair> on 2024-09-22 00:00:00+00:00
[2024-10-02T18:55:37.081+0000] {warnings.py:112} WARNING - /home/***/.local/lib/python3.12/site-packages/***/task/task_runner/standard_task_runner.py:61: DeprecationWarning: This process (pid=5072) is multi-threaded, use of fork() may lead to deadlocks in the child.
  pid = os.fork()

[2024-10-02T18:55:37.082+0000] {standard_task_runner.py:63} INFO - Started process 5088 to run task
[2024-10-02T18:55:37.083+0000] {standard_task_runner.py:90} INFO - Running: ['***', 'tasks', 'run', 'etl_covid_europa_pipeline', 'extrair', 'scheduled__2024-09-22T00:00:00+00:00', '--job-id', '918', '--raw', '--subdir', 'DAGS_FOLDER/etl_pipeline.py', '--cfg-path', '/tmp/tmppgkfws_8']
[2024-10-02T18:55:37.085+0000] {standard_task_runner.py:91} INFO - Job 918: Subtask extrair
[2024-10-02T18:55:37.128+0000] {task_command.py:426} INFO - Running <TaskInstance: etl_covid_europa_pipeline.extrair scheduled__2024-09-22T00:00:00+00:00 [running]> on host 99de7dfc3871
[2024-10-02T18:55:37.219+0000] {taskinstance.py:2648} INFO - Exporting env vars: AIRFLOW_CTX_DAG_OWNER='***' AIRFLOW_CTX_DAG_ID='etl_covid_europa_pipeline' AIRFLOW_CTX_TASK_ID='extrair' AIRFLOW_CTX_EXECUTION_DATE='2024-09-22T00:00:00+00:00' AIRFLOW_CTX_TRY_NUMBER='1' AIRFLOW_CTX_DAG_RUN_ID='scheduled__2024-09-22T00:00:00+00:00'
[2024-10-02T18:55:37.221+0000] {taskinstance.py:430} INFO - ::endgroup::
[2024-10-02T18:55:43.106+0000] {python.py:237} INFO - Done. Returned value was: None
[2024-10-02T18:55:43.107+0000] {taskinstance.py:441} INFO - ::group::Post task execution logs
[2024-10-02T18:55:43.115+0000] {taskinstance.py:1206} INFO - Marking task as SUCCESS. dag_id=etl_covid_europa_pipeline, task_id=extrair, run_id=scheduled__2024-09-22T00:00:00+00:00, execution_date=20240922T000000, start_date=20241002T185536, end_date=20241002T185543
[2024-10-02T18:55:43.147+0000] {local_task_job_runner.py:240} INFO - Task exited with return code 0
[2024-10-02T18:55:43.176+0000] {taskinstance.py:3503} INFO - 1 downstream tasks scheduled from follow-on schedule check
[2024-10-02T18:55:43.179+0000] {local_task_job_runner.py:222} INFO - ::endgroup::
[2024-10-02T19:04:43.701+0000] {local_task_job_runner.py:120} INFO - ::group::Pre task execution logs
[2024-10-02T19:04:43.731+0000] {taskinstance.py:2076} INFO - Dependencies all met for dep_context=non-requeueable deps ti=<TaskInstance: etl_covid_europa_pipeline.extrair scheduled__2024-09-22T00:00:00+00:00 [queued]>
[2024-10-02T19:04:43.954+0000] {taskinstance.py:2076} INFO - Dependencies all met for dep_context=requeueable deps ti=<TaskInstance: etl_covid_europa_pipeline.extrair scheduled__2024-09-22T00:00:00+00:00 [queued]>
[2024-10-02T19:04:43.955+0000] {taskinstance.py:2306} INFO - Starting attempt 1 of 1
[2024-10-02T19:04:43.974+0000] {taskinstance.py:2330} INFO - Executing <Task(PythonOperator): extrair> on 2024-09-22 00:00:00+00:00
[2024-10-02T19:04:43.985+0000] {warnings.py:112} WARNING - /home/***/.local/lib/python3.12/site-packages/***/task/task_runner/standard_task_runner.py:61: DeprecationWarning: This process (pid=8365) is multi-threaded, use of fork() may lead to deadlocks in the child.
  pid = os.fork()

[2024-10-02T19:04:43.988+0000] {standard_task_runner.py:63} INFO - Started process 8383 to run task
[2024-10-02T19:04:43.988+0000] {standard_task_runner.py:90} INFO - Running: ['***', 'tasks', 'run', 'etl_covid_europa_pipeline', 'extrair', 'scheduled__2024-09-22T00:00:00+00:00', '--job-id', '1976', '--raw', '--subdir', 'DAGS_FOLDER/etl_pipeline.py', '--cfg-path', '/tmp/tmpg4xwd_8u']
[2024-10-02T19:04:43.990+0000] {standard_task_runner.py:91} INFO - Job 1976: Subtask extrair
[2024-10-02T19:04:44.061+0000] {task_command.py:426} INFO - Running <TaskInstance: etl_covid_europa_pipeline.extrair scheduled__2024-09-22T00:00:00+00:00 [running]> on host 99de7dfc3871
[2024-10-02T19:04:44.154+0000] {taskinstance.py:2648} INFO - Exporting env vars: AIRFLOW_CTX_DAG_OWNER='***' AIRFLOW_CTX_DAG_ID='etl_covid_europa_pipeline' AIRFLOW_CTX_TASK_ID='extrair' AIRFLOW_CTX_EXECUTION_DATE='2024-09-22T00:00:00+00:00' AIRFLOW_CTX_TRY_NUMBER='1' AIRFLOW_CTX_DAG_RUN_ID='scheduled__2024-09-22T00:00:00+00:00'
[2024-10-02T19:04:44.158+0000] {taskinstance.py:430} INFO - ::endgroup::
[2024-10-02T19:04:49.126+0000] {python.py:237} INFO - Done. Returned value was: None
[2024-10-02T19:04:49.127+0000] {taskinstance.py:441} INFO - ::group::Post task execution logs
[2024-10-02T19:04:49.135+0000] {taskinstance.py:1206} INFO - Marking task as SUCCESS. dag_id=etl_covid_europa_pipeline, task_id=extrair, run_id=scheduled__2024-09-22T00:00:00+00:00, execution_date=20240922T000000, start_date=20241002T190443, end_date=20241002T190449
[2024-10-02T19:04:49.176+0000] {local_task_job_runner.py:240} INFO - Task exited with return code 0
[2024-10-02T19:04:49.198+0000] {taskinstance.py:3503} INFO - 1 downstream tasks scheduled from follow-on schedule check
[2024-10-02T19:04:49.201+0000] {local_task_job_runner.py:222} INFO - ::endgroup::
