[2024-10-02T18:55:47.789+0000] {local_task_job_runner.py:120} INFO - ::group::Pre task execution logs
[2024-10-02T18:55:47.826+0000] {taskinstance.py:2076} INFO - Dependencies all met for dep_context=non-requeueable deps ti=<TaskInstance: etl_covid_europa_pipeline.carregar scheduled__2024-09-24T00:00:00+00:00 [queued]>
[2024-10-02T18:55:48.129+0000] {taskinstance.py:2076} INFO - Dependencies all met for dep_context=requeueable deps ti=<TaskInstance: etl_covid_europa_pipeline.carregar scheduled__2024-09-24T00:00:00+00:00 [queued]>
[2024-10-02T18:55:48.130+0000] {taskinstance.py:2306} INFO - Starting attempt 1 of 1
[2024-10-02T18:55:48.156+0000] {taskinstance.py:2330} INFO - Executing <Task(PythonOperator): carregar> on 2024-09-24 00:00:00+00:00
[2024-10-02T18:55:48.167+0000] {warnings.py:112} WARNING - /home/***/.local/lib/python3.12/site-packages/***/task/task_runner/standard_task_runner.py:61: DeprecationWarning: This process (pid=5160) is multi-threaded, use of fork() may lead to deadlocks in the child.
  pid = os.fork()

[2024-10-02T18:55:48.167+0000] {standard_task_runner.py:90} INFO - Running: ['***', 'tasks', 'run', 'etl_covid_europa_pipeline', 'carregar', 'scheduled__2024-09-24T00:00:00+00:00', '--job-id', '950', '--raw', '--subdir', 'DAGS_FOLDER/etl_pipeline.py', '--cfg-path', '/tmp/tmp749and8l']
[2024-10-02T18:55:48.171+0000] {standard_task_runner.py:91} INFO - Job 950: Subtask carregar
[2024-10-02T18:55:48.170+0000] {standard_task_runner.py:63} INFO - Started process 5180 to run task
[2024-10-02T18:55:48.243+0000] {task_command.py:426} INFO - Running <TaskInstance: etl_covid_europa_pipeline.carregar scheduled__2024-09-24T00:00:00+00:00 [running]> on host 99de7dfc3871
[2024-10-02T18:55:48.368+0000] {taskinstance.py:2648} INFO - Exporting env vars: AIRFLOW_CTX_DAG_OWNER='***' AIRFLOW_CTX_DAG_ID='etl_covid_europa_pipeline' AIRFLOW_CTX_TASK_ID='carregar' AIRFLOW_CTX_EXECUTION_DATE='2024-09-24T00:00:00+00:00' AIRFLOW_CTX_TRY_NUMBER='1' AIRFLOW_CTX_DAG_RUN_ID='scheduled__2024-09-24T00:00:00+00:00'
[2024-10-02T18:55:48.380+0000] {taskinstance.py:430} INFO - ::endgroup::
[2024-10-02T18:55:48.503+0000] {python.py:237} INFO - Done. Returned value was: None
[2024-10-02T18:55:48.504+0000] {taskinstance.py:441} INFO - ::group::Post task execution logs
[2024-10-02T18:55:48.514+0000] {taskinstance.py:1206} INFO - Marking task as SUCCESS. dag_id=etl_covid_europa_pipeline, task_id=carregar, run_id=scheduled__2024-09-24T00:00:00+00:00, execution_date=20240924T000000, start_date=20241002T185547, end_date=20241002T185548
[2024-10-02T18:55:48.549+0000] {local_task_job_runner.py:240} INFO - Task exited with return code 0
[2024-10-02T18:55:48.566+0000] {taskinstance.py:3503} INFO - 0 downstream tasks scheduled from follow-on schedule check
[2024-10-02T18:55:48.568+0000] {local_task_job_runner.py:222} INFO - ::endgroup::
[2024-10-02T19:04:52.500+0000] {local_task_job_runner.py:120} INFO - ::group::Pre task execution logs
[2024-10-02T19:04:52.528+0000] {taskinstance.py:2076} INFO - Dependencies all met for dep_context=non-requeueable deps ti=<TaskInstance: etl_covid_europa_pipeline.carregar scheduled__2024-09-24T00:00:00+00:00 [queued]>
[2024-10-02T19:04:52.538+0000] {taskinstance.py:2076} INFO - Dependencies all met for dep_context=requeueable deps ti=<TaskInstance: etl_covid_europa_pipeline.carregar scheduled__2024-09-24T00:00:00+00:00 [queued]>
[2024-10-02T19:04:52.540+0000] {taskinstance.py:2306} INFO - Starting attempt 1 of 1
[2024-10-02T19:04:52.843+0000] {taskinstance.py:2330} INFO - Executing <Task(PythonOperator): carregar> on 2024-09-24 00:00:00+00:00
[2024-10-02T19:04:52.852+0000] {warnings.py:112} WARNING - /home/***/.local/lib/python3.12/site-packages/***/task/task_runner/standard_task_runner.py:61: DeprecationWarning: This process (pid=8426) is multi-threaded, use of fork() may lead to deadlocks in the child.
  pid = os.fork()

[2024-10-02T19:04:52.853+0000] {standard_task_runner.py:63} INFO - Started process 8441 to run task
[2024-10-02T19:04:52.853+0000] {standard_task_runner.py:90} INFO - Running: ['***', 'tasks', 'run', 'etl_covid_europa_pipeline', 'carregar', 'scheduled__2024-09-24T00:00:00+00:00', '--job-id', '1997', '--raw', '--subdir', 'DAGS_FOLDER/etl_pipeline.py', '--cfg-path', '/tmp/tmpy8jyevb9']
[2024-10-02T19:04:52.856+0000] {standard_task_runner.py:91} INFO - Job 1997: Subtask carregar
[2024-10-02T19:04:52.900+0000] {task_command.py:426} INFO - Running <TaskInstance: etl_covid_europa_pipeline.carregar scheduled__2024-09-24T00:00:00+00:00 [running]> on host 99de7dfc3871
[2024-10-02T19:04:52.993+0000] {taskinstance.py:2648} INFO - Exporting env vars: AIRFLOW_CTX_DAG_OWNER='***' AIRFLOW_CTX_DAG_ID='etl_covid_europa_pipeline' AIRFLOW_CTX_TASK_ID='carregar' AIRFLOW_CTX_EXECUTION_DATE='2024-09-24T00:00:00+00:00' AIRFLOW_CTX_TRY_NUMBER='1' AIRFLOW_CTX_DAG_RUN_ID='scheduled__2024-09-24T00:00:00+00:00'
[2024-10-02T19:04:52.994+0000] {taskinstance.py:430} INFO - ::endgroup::
[2024-10-02T19:04:53.079+0000] {python.py:237} INFO - Done. Returned value was: None
[2024-10-02T19:04:53.080+0000] {taskinstance.py:441} INFO - ::group::Post task execution logs
[2024-10-02T19:04:53.089+0000] {taskinstance.py:1206} INFO - Marking task as SUCCESS. dag_id=etl_covid_europa_pipeline, task_id=carregar, run_id=scheduled__2024-09-24T00:00:00+00:00, execution_date=20240924T000000, start_date=20241002T190452, end_date=20241002T190453
[2024-10-02T19:04:53.148+0000] {local_task_job_runner.py:240} INFO - Task exited with return code 0
[2024-10-02T19:04:53.179+0000] {taskinstance.py:3503} INFO - 0 downstream tasks scheduled from follow-on schedule check
[2024-10-02T19:04:53.181+0000] {local_task_job_runner.py:222} INFO - ::endgroup::
