[2024-10-02T17:31:02.125+0000] {local_task_job_runner.py:120} INFO - ::group::Pre task execution logs
[2024-10-02T17:31:02.149+0000] {taskinstance.py:2076} INFO - Dependencies all met for dep_context=non-requeueable deps ti=<TaskInstance: etl_covid_europa_pipeline.extrair scheduled__2024-08-09T00:00:00+00:00 [queued]>
[2024-10-02T17:31:02.159+0000] {taskinstance.py:2076} INFO - Dependencies all met for dep_context=requeueable deps ti=<TaskInstance: etl_covid_europa_pipeline.extrair scheduled__2024-08-09T00:00:00+00:00 [queued]>
[2024-10-02T17:31:02.159+0000] {taskinstance.py:2306} INFO - Starting attempt 1 of 1
[2024-10-02T17:31:02.406+0000] {taskinstance.py:2330} INFO - Executing <Task(PythonOperator): extrair> on 2024-08-09 00:00:00+00:00
[2024-10-02T17:31:02.412+0000] {warnings.py:112} WARNING - /home/***/.local/lib/python3.12/site-packages/***/task/task_runner/standard_task_runner.py:61: DeprecationWarning: This process (pid=2884) is multi-threaded, use of fork() may lead to deadlocks in the child.
  pid = os.fork()

[2024-10-02T17:31:02.414+0000] {standard_task_runner.py:63} INFO - Started process 2902 to run task
[2024-10-02T17:31:02.414+0000] {standard_task_runner.py:90} INFO - Running: ['***', 'tasks', 'run', 'etl_covid_europa_pipeline', 'extrair', 'scheduled__2024-08-09T00:00:00+00:00', '--job-id', '556', '--raw', '--subdir', 'DAGS_FOLDER/etl_pipeline.py', '--cfg-path', '/tmp/tmpw6abno3y']
[2024-10-02T17:31:02.416+0000] {standard_task_runner.py:91} INFO - Job 556: Subtask extrair
[2024-10-02T17:31:02.456+0000] {task_command.py:426} INFO - Running <TaskInstance: etl_covid_europa_pipeline.extrair scheduled__2024-08-09T00:00:00+00:00 [running]> on host 99de7dfc3871
[2024-10-02T17:31:02.538+0000] {taskinstance.py:2648} INFO - Exporting env vars: AIRFLOW_CTX_DAG_OWNER='***' AIRFLOW_CTX_DAG_ID='etl_covid_europa_pipeline' AIRFLOW_CTX_TASK_ID='extrair' AIRFLOW_CTX_EXECUTION_DATE='2024-08-09T00:00:00+00:00' AIRFLOW_CTX_TRY_NUMBER='1' AIRFLOW_CTX_DAG_RUN_ID='scheduled__2024-08-09T00:00:00+00:00'
[2024-10-02T17:31:02.540+0000] {taskinstance.py:430} INFO - ::endgroup::
[2024-10-02T17:31:08.273+0000] {python.py:237} INFO - Done. Returned value was: None
[2024-10-02T17:31:08.274+0000] {taskinstance.py:441} INFO - ::group::Post task execution logs
[2024-10-02T17:31:08.284+0000] {taskinstance.py:1206} INFO - Marking task as SUCCESS. dag_id=etl_covid_europa_pipeline, task_id=extrair, run_id=scheduled__2024-08-09T00:00:00+00:00, execution_date=20240809T000000, start_date=20241002T173102, end_date=20241002T173108
[2024-10-02T17:31:08.316+0000] {local_task_job_runner.py:240} INFO - Task exited with return code 0
[2024-10-02T17:31:08.344+0000] {taskinstance.py:3503} INFO - 1 downstream tasks scheduled from follow-on schedule check
[2024-10-02T17:31:08.349+0000] {local_task_job_runner.py:222} INFO - ::endgroup::
[2024-10-02T18:54:47.116+0000] {local_task_job_runner.py:120} INFO - ::group::Pre task execution logs
[2024-10-02T18:54:47.136+0000] {taskinstance.py:2076} INFO - Dependencies all met for dep_context=non-requeueable deps ti=<TaskInstance: etl_covid_europa_pipeline.extrair scheduled__2024-08-09T00:00:00+00:00 [queued]>
[2024-10-02T18:54:47.283+0000] {taskinstance.py:2076} INFO - Dependencies all met for dep_context=requeueable deps ti=<TaskInstance: etl_covid_europa_pipeline.extrair scheduled__2024-08-09T00:00:00+00:00 [queued]>
[2024-10-02T18:54:47.283+0000] {taskinstance.py:2306} INFO - Starting attempt 1 of 1
[2024-10-02T18:54:47.297+0000] {taskinstance.py:2330} INFO - Executing <Task(PythonOperator): extrair> on 2024-08-09 00:00:00+00:00
[2024-10-02T18:54:47.302+0000] {warnings.py:112} WARNING - /home/***/.local/lib/python3.12/site-packages/***/task/task_runner/standard_task_runner.py:61: DeprecationWarning: This process (pid=4664) is multi-threaded, use of fork() may lead to deadlocks in the child.
  pid = os.fork()

[2024-10-02T18:54:47.303+0000] {standard_task_runner.py:63} INFO - Started process 4673 to run task
[2024-10-02T18:54:47.303+0000] {standard_task_runner.py:90} INFO - Running: ['***', 'tasks', 'run', 'etl_covid_europa_pipeline', 'extrair', 'scheduled__2024-08-09T00:00:00+00:00', '--job-id', '784', '--raw', '--subdir', 'DAGS_FOLDER/etl_pipeline.py', '--cfg-path', '/tmp/tmpzzldn80f']
[2024-10-02T18:54:47.306+0000] {standard_task_runner.py:91} INFO - Job 784: Subtask extrair
[2024-10-02T18:54:47.342+0000] {task_command.py:426} INFO - Running <TaskInstance: etl_covid_europa_pipeline.extrair scheduled__2024-08-09T00:00:00+00:00 [running]> on host 99de7dfc3871
[2024-10-02T18:54:47.417+0000] {taskinstance.py:2648} INFO - Exporting env vars: AIRFLOW_CTX_DAG_OWNER='***' AIRFLOW_CTX_DAG_ID='etl_covid_europa_pipeline' AIRFLOW_CTX_TASK_ID='extrair' AIRFLOW_CTX_EXECUTION_DATE='2024-08-09T00:00:00+00:00' AIRFLOW_CTX_TRY_NUMBER='1' AIRFLOW_CTX_DAG_RUN_ID='scheduled__2024-08-09T00:00:00+00:00'
[2024-10-02T18:54:47.420+0000] {taskinstance.py:430} INFO - ::endgroup::
[2024-10-02T18:54:53.742+0000] {python.py:237} INFO - Done. Returned value was: None
[2024-10-02T18:54:53.743+0000] {taskinstance.py:441} INFO - ::group::Post task execution logs
[2024-10-02T18:54:53.755+0000] {taskinstance.py:1206} INFO - Marking task as SUCCESS. dag_id=etl_covid_europa_pipeline, task_id=extrair, run_id=scheduled__2024-08-09T00:00:00+00:00, execution_date=20240809T000000, start_date=20241002T185447, end_date=20241002T185453
[2024-10-02T18:54:53.929+0000] {local_task_job_runner.py:240} INFO - Task exited with return code 0
[2024-10-02T18:54:53.963+0000] {taskinstance.py:3503} INFO - 1 downstream tasks scheduled from follow-on schedule check
[2024-10-02T18:54:53.966+0000] {local_task_job_runner.py:222} INFO - ::endgroup::
[2024-10-02T19:03:42.828+0000] {local_task_job_runner.py:120} INFO - ::group::Pre task execution logs
[2024-10-02T19:03:42.854+0000] {taskinstance.py:2076} INFO - Dependencies all met for dep_context=non-requeueable deps ti=<TaskInstance: etl_covid_europa_pipeline.extrair scheduled__2024-08-09T00:00:00+00:00 [queued]>
[2024-10-02T19:03:43.044+0000] {taskinstance.py:2076} INFO - Dependencies all met for dep_context=requeueable deps ti=<TaskInstance: etl_covid_europa_pipeline.extrair scheduled__2024-08-09T00:00:00+00:00 [queued]>
[2024-10-02T19:03:43.044+0000] {taskinstance.py:2306} INFO - Starting attempt 1 of 1
[2024-10-02T19:03:43.059+0000] {taskinstance.py:2330} INFO - Executing <Task(PythonOperator): extrair> on 2024-08-09 00:00:00+00:00
[2024-10-02T19:03:43.066+0000] {warnings.py:112} WARNING - /home/***/.local/lib/python3.12/site-packages/***/task/task_runner/standard_task_runner.py:61: DeprecationWarning: This process (pid=7937) is multi-threaded, use of fork() may lead to deadlocks in the child.
  pid = os.fork()

[2024-10-02T19:03:43.068+0000] {standard_task_runner.py:63} INFO - Started process 7955 to run task
[2024-10-02T19:03:43.069+0000] {standard_task_runner.py:90} INFO - Running: ['***', 'tasks', 'run', 'etl_covid_europa_pipeline', 'extrair', 'scheduled__2024-08-09T00:00:00+00:00', '--job-id', '1838', '--raw', '--subdir', 'DAGS_FOLDER/etl_pipeline.py', '--cfg-path', '/tmp/tmpbuyptx9_']
[2024-10-02T19:03:43.071+0000] {standard_task_runner.py:91} INFO - Job 1838: Subtask extrair
[2024-10-02T19:03:43.115+0000] {task_command.py:426} INFO - Running <TaskInstance: etl_covid_europa_pipeline.extrair scheduled__2024-08-09T00:00:00+00:00 [running]> on host 99de7dfc3871
[2024-10-02T19:03:43.210+0000] {taskinstance.py:2648} INFO - Exporting env vars: AIRFLOW_CTX_DAG_OWNER='***' AIRFLOW_CTX_DAG_ID='etl_covid_europa_pipeline' AIRFLOW_CTX_TASK_ID='extrair' AIRFLOW_CTX_EXECUTION_DATE='2024-08-09T00:00:00+00:00' AIRFLOW_CTX_TRY_NUMBER='1' AIRFLOW_CTX_DAG_RUN_ID='scheduled__2024-08-09T00:00:00+00:00'
[2024-10-02T19:03:43.214+0000] {taskinstance.py:430} INFO - ::endgroup::
[2024-10-02T19:03:48.850+0000] {python.py:237} INFO - Done. Returned value was: None
[2024-10-02T19:03:48.850+0000] {taskinstance.py:441} INFO - ::group::Post task execution logs
[2024-10-02T19:03:48.858+0000] {taskinstance.py:1206} INFO - Marking task as SUCCESS. dag_id=etl_covid_europa_pipeline, task_id=extrair, run_id=scheduled__2024-08-09T00:00:00+00:00, execution_date=20240809T000000, start_date=20241002T190342, end_date=20241002T190348
[2024-10-02T19:03:48.937+0000] {local_task_job_runner.py:240} INFO - Task exited with return code 0
[2024-10-02T19:03:48.969+0000] {taskinstance.py:3503} INFO - 1 downstream tasks scheduled from follow-on schedule check
[2024-10-02T19:03:48.974+0000] {local_task_job_runner.py:222} INFO - ::endgroup::
