[2024-10-02T17:29:26.828+0000] {local_task_job_runner.py:120} INFO - ::group::Pre task execution logs
[2024-10-02T17:29:26.849+0000] {taskinstance.py:2076} INFO - Dependencies all met for dep_context=non-requeueable deps ti=<TaskInstance: etl_covid_europa_pipeline.extrair scheduled__2024-05-28T00:00:00+00:00 [queued]>
[2024-10-02T17:29:26.857+0000] {taskinstance.py:2076} INFO - Dependencies all met for dep_context=requeueable deps ti=<TaskInstance: etl_covid_europa_pipeline.extrair scheduled__2024-05-28T00:00:00+00:00 [queued]>
[2024-10-02T17:29:26.857+0000] {taskinstance.py:2306} INFO - Starting attempt 1 of 1
[2024-10-02T17:29:27.023+0000] {taskinstance.py:2330} INFO - Executing <Task(PythonOperator): extrair> on 2024-05-28 00:00:00+00:00
[2024-10-02T17:29:27.029+0000] {warnings.py:112} WARNING - /home/***/.local/lib/python3.12/site-packages/***/task/task_runner/standard_task_runner.py:61: DeprecationWarning: This process (pid=2437) is multi-threaded, use of fork() may lead to deadlocks in the child.
  pid = os.fork()

[2024-10-02T17:29:27.030+0000] {standard_task_runner.py:63} INFO - Started process 2445 to run task
[2024-10-02T17:29:27.030+0000] {standard_task_runner.py:90} INFO - Running: ['***', 'tasks', 'run', 'etl_covid_europa_pipeline', 'extrair', 'scheduled__2024-05-28T00:00:00+00:00', '--job-id', '413', '--raw', '--subdir', 'DAGS_FOLDER/etl_pipeline.py', '--cfg-path', '/tmp/tmpspjlnvug']
[2024-10-02T17:29:27.032+0000] {standard_task_runner.py:91} INFO - Job 413: Subtask extrair
[2024-10-02T17:29:27.069+0000] {task_command.py:426} INFO - Running <TaskInstance: etl_covid_europa_pipeline.extrair scheduled__2024-05-28T00:00:00+00:00 [running]> on host 99de7dfc3871
[2024-10-02T17:29:27.142+0000] {taskinstance.py:2648} INFO - Exporting env vars: AIRFLOW_CTX_DAG_OWNER='***' AIRFLOW_CTX_DAG_ID='etl_covid_europa_pipeline' AIRFLOW_CTX_TASK_ID='extrair' AIRFLOW_CTX_EXECUTION_DATE='2024-05-28T00:00:00+00:00' AIRFLOW_CTX_TRY_NUMBER='1' AIRFLOW_CTX_DAG_RUN_ID='scheduled__2024-05-28T00:00:00+00:00'
[2024-10-02T17:29:27.144+0000] {taskinstance.py:430} INFO - ::endgroup::
[2024-10-02T17:29:33.162+0000] {python.py:237} INFO - Done. Returned value was: None
[2024-10-02T17:29:33.164+0000] {taskinstance.py:441} INFO - ::group::Post task execution logs
[2024-10-02T17:29:33.173+0000] {taskinstance.py:1206} INFO - Marking task as SUCCESS. dag_id=etl_covid_europa_pipeline, task_id=extrair, run_id=scheduled__2024-05-28T00:00:00+00:00, execution_date=20240528T000000, start_date=20241002T172926, end_date=20241002T172933
[2024-10-02T17:29:33.223+0000] {local_task_job_runner.py:240} INFO - Task exited with return code 0
[2024-10-02T17:29:33.244+0000] {taskinstance.py:3503} INFO - 1 downstream tasks scheduled from follow-on schedule check
[2024-10-02T17:29:33.246+0000] {local_task_job_runner.py:222} INFO - ::endgroup::
[2024-10-02T19:02:08.763+0000] {local_task_job_runner.py:120} INFO - ::group::Pre task execution logs
[2024-10-02T19:02:08.787+0000] {taskinstance.py:2076} INFO - Dependencies all met for dep_context=non-requeueable deps ti=<TaskInstance: etl_covid_europa_pipeline.extrair scheduled__2024-05-28T00:00:00+00:00 [queued]>
[2024-10-02T19:02:08.951+0000] {taskinstance.py:2076} INFO - Dependencies all met for dep_context=requeueable deps ti=<TaskInstance: etl_covid_europa_pipeline.extrair scheduled__2024-05-28T00:00:00+00:00 [queued]>
[2024-10-02T19:02:08.951+0000] {taskinstance.py:2306} INFO - Starting attempt 1 of 1
[2024-10-02T19:02:08.963+0000] {taskinstance.py:2330} INFO - Executing <Task(PythonOperator): extrair> on 2024-05-28 00:00:00+00:00
[2024-10-02T19:02:08.969+0000] {warnings.py:112} WARNING - /home/***/.local/lib/python3.12/site-packages/***/task/task_runner/standard_task_runner.py:61: DeprecationWarning: This process (pid=7301) is multi-threaded, use of fork() may lead to deadlocks in the child.
  pid = os.fork()

[2024-10-02T19:02:08.971+0000] {standard_task_runner.py:63} INFO - Started process 7311 to run task
[2024-10-02T19:02:08.971+0000] {standard_task_runner.py:90} INFO - Running: ['***', 'tasks', 'run', 'etl_covid_europa_pipeline', 'extrair', 'scheduled__2024-05-28T00:00:00+00:00', '--job-id', '1632', '--raw', '--subdir', 'DAGS_FOLDER/etl_pipeline.py', '--cfg-path', '/tmp/tmp_zdj8xg_']
[2024-10-02T19:02:08.973+0000] {standard_task_runner.py:91} INFO - Job 1632: Subtask extrair
[2024-10-02T19:02:09.012+0000] {task_command.py:426} INFO - Running <TaskInstance: etl_covid_europa_pipeline.extrair scheduled__2024-05-28T00:00:00+00:00 [running]> on host 99de7dfc3871
[2024-10-02T19:02:09.090+0000] {taskinstance.py:2648} INFO - Exporting env vars: AIRFLOW_CTX_DAG_OWNER='***' AIRFLOW_CTX_DAG_ID='etl_covid_europa_pipeline' AIRFLOW_CTX_TASK_ID='extrair' AIRFLOW_CTX_EXECUTION_DATE='2024-05-28T00:00:00+00:00' AIRFLOW_CTX_TRY_NUMBER='1' AIRFLOW_CTX_DAG_RUN_ID='scheduled__2024-05-28T00:00:00+00:00'
[2024-10-02T19:02:09.092+0000] {taskinstance.py:430} INFO - ::endgroup::
[2024-10-02T19:02:15.202+0000] {python.py:237} INFO - Done. Returned value was: None
[2024-10-02T19:02:15.203+0000] {taskinstance.py:441} INFO - ::group::Post task execution logs
[2024-10-02T19:02:15.214+0000] {taskinstance.py:1206} INFO - Marking task as SUCCESS. dag_id=etl_covid_europa_pipeline, task_id=extrair, run_id=scheduled__2024-05-28T00:00:00+00:00, execution_date=20240528T000000, start_date=20241002T190208, end_date=20241002T190215
[2024-10-02T19:02:15.287+0000] {local_task_job_runner.py:240} INFO - Task exited with return code 0
[2024-10-02T19:02:15.305+0000] {local_task_job_runner.py:222} INFO - ::endgroup::
