[2024-10-02T17:28:23.364+0000] {local_task_job_runner.py:120} INFO - ::group::Pre task execution logs
[2024-10-02T17:28:23.392+0000] {taskinstance.py:2076} INFO - Dependencies all met for dep_context=non-requeueable deps ti=<TaskInstance: etl_covid_europa_pipeline.extrair scheduled__2024-03-28T00:00:00+00:00 [queued]>
[2024-10-02T17:28:23.402+0000] {taskinstance.py:2076} INFO - Dependencies all met for dep_context=requeueable deps ti=<TaskInstance: etl_covid_europa_pipeline.extrair scheduled__2024-03-28T00:00:00+00:00 [queued]>
[2024-10-02T17:28:23.402+0000] {taskinstance.py:2306} INFO - Starting attempt 1 of 1
[2024-10-02T17:28:23.616+0000] {taskinstance.py:2330} INFO - Executing <Task(PythonOperator): extrair> on 2024-03-28 00:00:00+00:00
[2024-10-02T17:28:23.624+0000] {warnings.py:112} WARNING - /home/***/.local/lib/python3.12/site-packages/***/task/task_runner/standard_task_runner.py:61: DeprecationWarning: This process (pid=2100) is multi-threaded, use of fork() may lead to deadlocks in the child.
  pid = os.fork()

[2024-10-02T17:28:23.626+0000] {standard_task_runner.py:63} INFO - Started process 2114 to run task
[2024-10-02T17:28:23.625+0000] {standard_task_runner.py:90} INFO - Running: ['***', 'tasks', 'run', 'etl_covid_europa_pipeline', 'extrair', 'scheduled__2024-03-28T00:00:00+00:00', '--job-id', '305', '--raw', '--subdir', 'DAGS_FOLDER/etl_pipeline.py', '--cfg-path', '/tmp/tmp4y2z6d53']
[2024-10-02T17:28:23.628+0000] {standard_task_runner.py:91} INFO - Job 305: Subtask extrair
[2024-10-02T17:28:23.683+0000] {task_command.py:426} INFO - Running <TaskInstance: etl_covid_europa_pipeline.extrair scheduled__2024-03-28T00:00:00+00:00 [running]> on host 99de7dfc3871
[2024-10-02T17:28:23.793+0000] {taskinstance.py:2648} INFO - Exporting env vars: AIRFLOW_CTX_DAG_OWNER='***' AIRFLOW_CTX_DAG_ID='etl_covid_europa_pipeline' AIRFLOW_CTX_TASK_ID='extrair' AIRFLOW_CTX_EXECUTION_DATE='2024-03-28T00:00:00+00:00' AIRFLOW_CTX_TRY_NUMBER='1' AIRFLOW_CTX_DAG_RUN_ID='scheduled__2024-03-28T00:00:00+00:00'
[2024-10-02T17:28:23.794+0000] {taskinstance.py:430} INFO - ::endgroup::
[2024-10-02T17:28:29.769+0000] {python.py:237} INFO - Done. Returned value was: None
[2024-10-02T17:28:29.770+0000] {taskinstance.py:441} INFO - ::group::Post task execution logs
[2024-10-02T17:28:29.778+0000] {taskinstance.py:1206} INFO - Marking task as SUCCESS. dag_id=etl_covid_europa_pipeline, task_id=extrair, run_id=scheduled__2024-03-28T00:00:00+00:00, execution_date=20240328T000000, start_date=20241002T172823, end_date=20241002T172829
[2024-10-02T17:28:29.807+0000] {local_task_job_runner.py:240} INFO - Task exited with return code 0
[2024-10-02T17:28:29.829+0000] {taskinstance.py:3503} INFO - 1 downstream tasks scheduled from follow-on schedule check
[2024-10-02T17:28:29.832+0000] {local_task_job_runner.py:222} INFO - ::endgroup::
[2024-10-02T19:00:45.475+0000] {local_task_job_runner.py:120} INFO - ::group::Pre task execution logs
[2024-10-02T19:00:45.495+0000] {taskinstance.py:2076} INFO - Dependencies all met for dep_context=non-requeueable deps ti=<TaskInstance: etl_covid_europa_pipeline.extrair scheduled__2024-03-28T00:00:00+00:00 [queued]>
[2024-10-02T19:00:45.640+0000] {taskinstance.py:2076} INFO - Dependencies all met for dep_context=requeueable deps ti=<TaskInstance: etl_covid_europa_pipeline.extrair scheduled__2024-03-28T00:00:00+00:00 [queued]>
[2024-10-02T19:00:45.641+0000] {taskinstance.py:2306} INFO - Starting attempt 1 of 1
[2024-10-02T19:00:45.653+0000] {taskinstance.py:2330} INFO - Executing <Task(PythonOperator): extrair> on 2024-03-28 00:00:00+00:00
[2024-10-02T19:00:45.659+0000] {warnings.py:112} WARNING - /home/***/.local/lib/python3.12/site-packages/***/task/task_runner/standard_task_runner.py:61: DeprecationWarning: This process (pid=6737) is multi-threaded, use of fork() may lead to deadlocks in the child.
  pid = os.fork()

[2024-10-02T19:00:45.661+0000] {standard_task_runner.py:63} INFO - Started process 6745 to run task
[2024-10-02T19:00:45.659+0000] {standard_task_runner.py:90} INFO - Running: ['***', 'tasks', 'run', 'etl_covid_europa_pipeline', 'extrair', 'scheduled__2024-03-28T00:00:00+00:00', '--job-id', '1451', '--raw', '--subdir', 'DAGS_FOLDER/etl_pipeline.py', '--cfg-path', '/tmp/tmpi8sl8oze']
[2024-10-02T19:00:45.661+0000] {standard_task_runner.py:91} INFO - Job 1451: Subtask extrair
[2024-10-02T19:00:45.698+0000] {task_command.py:426} INFO - Running <TaskInstance: etl_covid_europa_pipeline.extrair scheduled__2024-03-28T00:00:00+00:00 [running]> on host 99de7dfc3871
[2024-10-02T19:00:45.784+0000] {taskinstance.py:2648} INFO - Exporting env vars: AIRFLOW_CTX_DAG_OWNER='***' AIRFLOW_CTX_DAG_ID='etl_covid_europa_pipeline' AIRFLOW_CTX_TASK_ID='extrair' AIRFLOW_CTX_EXECUTION_DATE='2024-03-28T00:00:00+00:00' AIRFLOW_CTX_TRY_NUMBER='1' AIRFLOW_CTX_DAG_RUN_ID='scheduled__2024-03-28T00:00:00+00:00'
[2024-10-02T19:00:45.787+0000] {taskinstance.py:430} INFO - ::endgroup::
[2024-10-02T19:00:52.590+0000] {python.py:237} INFO - Done. Returned value was: None
[2024-10-02T19:00:52.591+0000] {taskinstance.py:441} INFO - ::group::Post task execution logs
[2024-10-02T19:00:52.604+0000] {taskinstance.py:1206} INFO - Marking task as SUCCESS. dag_id=etl_covid_europa_pipeline, task_id=extrair, run_id=scheduled__2024-03-28T00:00:00+00:00, execution_date=20240328T000000, start_date=20241002T190045, end_date=20241002T190052
[2024-10-02T19:00:52.665+0000] {local_task_job_runner.py:240} INFO - Task exited with return code 0
[2024-10-02T19:00:52.698+0000] {taskinstance.py:3503} INFO - 1 downstream tasks scheduled from follow-on schedule check
[2024-10-02T19:00:52.703+0000] {local_task_job_runner.py:222} INFO - ::endgroup::
[2024-10-02T19:27:09.723+0000] {local_task_job_runner.py:120} INFO - ::group::Pre task execution logs
[2024-10-02T19:27:09.942+0000] {taskinstance.py:2076} INFO - Dependencies all met for dep_context=non-requeueable deps ti=<TaskInstance: etl_covid_europa_pipeline.extrair scheduled__2024-03-28T00:00:00+00:00 [queued]>
[2024-10-02T19:27:09.953+0000] {taskinstance.py:2076} INFO - Dependencies all met for dep_context=requeueable deps ti=<TaskInstance: etl_covid_europa_pipeline.extrair scheduled__2024-03-28T00:00:00+00:00 [queued]>
[2024-10-02T19:27:09.953+0000] {taskinstance.py:2306} INFO - Starting attempt 1 of 1
[2024-10-02T19:27:09.984+0000] {taskinstance.py:2330} INFO - Executing <Task(PythonOperator): extrair> on 2024-03-28 00:00:00+00:00
[2024-10-02T19:27:09.991+0000] {warnings.py:112} WARNING - /home/***/.local/lib/python3.12/site-packages/***/task/task_runner/standard_task_runner.py:61: DeprecationWarning: This process (pid=10228) is multi-threaded, use of fork() may lead to deadlocks in the child.
  pid = os.fork()

[2024-10-02T19:27:09.993+0000] {standard_task_runner.py:90} INFO - Running: ['***', 'tasks', 'run', 'etl_covid_europa_pipeline', 'extrair', 'scheduled__2024-03-28T00:00:00+00:00', '--job-id', '2501', '--raw', '--subdir', 'DAGS_FOLDER/etl_pipeline_agrupar_continente.py', '--cfg-path', '/tmp/tmp96d8hl0t']
[2024-10-02T19:27:10.003+0000] {standard_task_runner.py:63} INFO - Started process 10245 to run task
[2024-10-02T19:27:10.004+0000] {standard_task_runner.py:91} INFO - Job 2501: Subtask extrair
[2024-10-02T19:27:10.049+0000] {task_command.py:426} INFO - Running <TaskInstance: etl_covid_europa_pipeline.extrair scheduled__2024-03-28T00:00:00+00:00 [running]> on host 99de7dfc3871
[2024-10-02T19:27:10.147+0000] {taskinstance.py:2648} INFO - Exporting env vars: AIRFLOW_CTX_DAG_OWNER='***' AIRFLOW_CTX_DAG_ID='etl_covid_europa_pipeline' AIRFLOW_CTX_TASK_ID='extrair' AIRFLOW_CTX_EXECUTION_DATE='2024-03-28T00:00:00+00:00' AIRFLOW_CTX_TRY_NUMBER='1' AIRFLOW_CTX_DAG_RUN_ID='scheduled__2024-03-28T00:00:00+00:00'
[2024-10-02T19:27:10.148+0000] {taskinstance.py:430} INFO - ::endgroup::
[2024-10-02T19:27:16.852+0000] {python.py:237} INFO - Done. Returned value was: None
[2024-10-02T19:27:16.855+0000] {taskinstance.py:441} INFO - ::group::Post task execution logs
[2024-10-02T19:27:16.866+0000] {taskinstance.py:1206} INFO - Marking task as SUCCESS. dag_id=etl_covid_europa_pipeline, task_id=extrair, run_id=scheduled__2024-03-28T00:00:00+00:00, execution_date=20240328T000000, start_date=20241002T192709, end_date=20241002T192716
[2024-10-02T19:27:16.963+0000] {local_task_job_runner.py:240} INFO - Task exited with return code 0
[2024-10-02T19:27:16.994+0000] {taskinstance.py:3503} INFO - 1 downstream tasks scheduled from follow-on schedule check
[2024-10-02T19:27:16.996+0000] {local_task_job_runner.py:222} INFO - ::endgroup::
