[2024-10-02T17:25:52.081+0000] {local_task_job_runner.py:120} INFO - ::group::Pre task execution logs
[2024-10-02T17:25:52.105+0000] {taskinstance.py:2076} INFO - Dependencies all met for dep_context=non-requeueable deps ti=<TaskInstance: etl_covid_europa_pipeline.transformar scheduled__2023-11-08T00:00:00+00:00 [queued]>
[2024-10-02T17:25:52.116+0000] {taskinstance.py:2076} INFO - Dependencies all met for dep_context=requeueable deps ti=<TaskInstance: etl_covid_europa_pipeline.transformar scheduled__2023-11-08T00:00:00+00:00 [queued]>
[2024-10-02T17:25:52.117+0000] {taskinstance.py:2306} INFO - Starting attempt 1 of 1
[2024-10-02T17:25:52.131+0000] {taskinstance.py:2330} INFO - Executing <Task(PythonOperator): transformar> on 2023-11-08 00:00:00+00:00
[2024-10-02T17:25:52.141+0000] {warnings.py:112} WARNING - /home/***/.local/lib/python3.12/site-packages/***/task/task_runner/standard_task_runner.py:61: DeprecationWarning: This process (pid=1439) is multi-threaded, use of fork() may lead to deadlocks in the child.
  pid = os.fork()

[2024-10-02T17:25:52.142+0000] {standard_task_runner.py:63} INFO - Started process 1446 to run task
[2024-10-02T17:25:52.142+0000] {standard_task_runner.py:90} INFO - Running: ['***', 'tasks', 'run', 'etl_covid_europa_pipeline', 'transformar', 'scheduled__2023-11-08T00:00:00+00:00', '--job-id', '94', '--raw', '--subdir', 'DAGS_FOLDER/etl_pipeline.py', '--cfg-path', '/tmp/tmpm9diiar4']
[2024-10-02T17:25:52.144+0000] {standard_task_runner.py:91} INFO - Job 94: Subtask transformar
[2024-10-02T17:25:52.390+0000] {task_command.py:426} INFO - Running <TaskInstance: etl_covid_europa_pipeline.transformar scheduled__2023-11-08T00:00:00+00:00 [running]> on host 99de7dfc3871
[2024-10-02T17:25:52.472+0000] {taskinstance.py:2648} INFO - Exporting env vars: AIRFLOW_CTX_DAG_OWNER='***' AIRFLOW_CTX_DAG_ID='etl_covid_europa_pipeline' AIRFLOW_CTX_TASK_ID='transformar' AIRFLOW_CTX_EXECUTION_DATE='2023-11-08T00:00:00+00:00' AIRFLOW_CTX_TRY_NUMBER='1' AIRFLOW_CTX_DAG_RUN_ID='scheduled__2023-11-08T00:00:00+00:00'
[2024-10-02T17:25:52.474+0000] {taskinstance.py:430} INFO - ::endgroup::
[2024-10-02T17:25:52.618+0000] {taskinstance.py:441} INFO - ::group::Post task execution logs
[2024-10-02T17:25:52.620+0000] {taskinstance.py:2905} ERROR - Task failed with exception
Traceback (most recent call last):
  File "/home/airflow/.local/lib/python3.12/site-packages/airflow/models/taskinstance.py", line 465, in _execute_task
    result = _execute_callable(context=context, **execute_callable_kwargs)
             ^^^^^^^^^^^^^^^^^^^^^^^^^^^^^^^^^^^^^^^^^^^^^^^^^^^^^^^^^^^^^
  File "/home/airflow/.local/lib/python3.12/site-packages/airflow/models/taskinstance.py", line 432, in _execute_callable
    return execute_callable(context=context, **execute_callable_kwargs)
           ^^^^^^^^^^^^^^^^^^^^^^^^^^^^^^^^^^^^^^^^^^^^^^^^^^^^^^^^^^^^
  File "/home/airflow/.local/lib/python3.12/site-packages/airflow/models/baseoperator.py", line 401, in wrapper
    return func(self, *args, **kwargs)
           ^^^^^^^^^^^^^^^^^^^^^^^^^^^
  File "/home/airflow/.local/lib/python3.12/site-packages/airflow/operators/python.py", line 235, in execute
    return_value = self.execute_callable()
                   ^^^^^^^^^^^^^^^^^^^^^^^
  File "/home/airflow/.local/lib/python3.12/site-packages/airflow/operators/python.py", line 252, in execute_callable
    return self.python_callable(*self.op_args, **self.op_kwargs)
           ^^^^^^^^^^^^^^^^^^^^^^^^^^^^^^^^^^^^^^^^^^^^^^^^^^^^^
  File "/opt/airflow/dags/etl_pipeline.py", line 17, in transformar
    df_agrupada = df.groupby('ContinentExp')[['cases', 'deaths']].sum().reset_index()
                  ^^^^^^^^^^^^^^^^^^^^^^^^^^
  File "/home/airflow/.local/lib/python3.12/site-packages/pandas/core/frame.py", line 8869, in groupby
    return DataFrameGroupBy(
           ^^^^^^^^^^^^^^^^^
  File "/home/airflow/.local/lib/python3.12/site-packages/pandas/core/groupby/groupby.py", line 1278, in __init__
    grouper, exclusions, obj = get_grouper(
                               ^^^^^^^^^^^^
  File "/home/airflow/.local/lib/python3.12/site-packages/pandas/core/groupby/grouper.py", line 1009, in get_grouper
    raise KeyError(gpr)
KeyError: 'ContinentExp'
[2024-10-02T17:25:52.638+0000] {taskinstance.py:1206} INFO - Marking task as FAILED. dag_id=etl_covid_europa_pipeline, task_id=transformar, run_id=scheduled__2023-11-08T00:00:00+00:00, execution_date=20231108T000000, start_date=20241002T172552, end_date=20241002T172552
[2024-10-02T17:25:52.650+0000] {standard_task_runner.py:110} ERROR - Failed to execute job 94 for task transformar ('ContinentExp'; 1446)
[2024-10-02T17:25:52.677+0000] {local_task_job_runner.py:240} INFO - Task exited with return code 1
[2024-10-02T17:25:52.903+0000] {taskinstance.py:3503} INFO - 0 downstream tasks scheduled from follow-on schedule check
[2024-10-02T17:25:52.906+0000] {local_task_job_runner.py:222} INFO - ::endgroup::
[2024-10-02T18:57:52.201+0000] {local_task_job_runner.py:120} INFO - ::group::Pre task execution logs
[2024-10-02T18:57:52.245+0000] {taskinstance.py:2076} INFO - Dependencies all met for dep_context=non-requeueable deps ti=<TaskInstance: etl_covid_europa_pipeline.transformar scheduled__2023-11-08T00:00:00+00:00 [queued]>
[2024-10-02T18:57:52.553+0000] {taskinstance.py:2076} INFO - Dependencies all met for dep_context=requeueable deps ti=<TaskInstance: etl_covid_europa_pipeline.transformar scheduled__2023-11-08T00:00:00+00:00 [queued]>
[2024-10-02T18:57:52.553+0000] {taskinstance.py:2306} INFO - Starting attempt 1 of 1
[2024-10-02T18:57:52.572+0000] {taskinstance.py:2330} INFO - Executing <Task(PythonOperator): transformar> on 2023-11-08 00:00:00+00:00
[2024-10-02T18:57:52.583+0000] {warnings.py:112} WARNING - /home/***/.local/lib/python3.12/site-packages/***/task/task_runner/standard_task_runner.py:61: DeprecationWarning: This process (pid=5612) is multi-threaded, use of fork() may lead to deadlocks in the child.
  pid = os.fork()

[2024-10-02T18:57:52.585+0000] {standard_task_runner.py:63} INFO - Started process 5627 to run task
[2024-10-02T18:57:52.585+0000] {standard_task_runner.py:90} INFO - Running: ['***', 'tasks', 'run', 'etl_covid_europa_pipeline', 'transformar', 'scheduled__2023-11-08T00:00:00+00:00', '--job-id', '1089', '--raw', '--subdir', 'DAGS_FOLDER/etl_pipeline.py', '--cfg-path', '/tmp/tmpw5iv90ry']
[2024-10-02T18:57:52.588+0000] {standard_task_runner.py:91} INFO - Job 1089: Subtask transformar
[2024-10-02T18:57:52.646+0000] {task_command.py:426} INFO - Running <TaskInstance: etl_covid_europa_pipeline.transformar scheduled__2023-11-08T00:00:00+00:00 [running]> on host 99de7dfc3871
[2024-10-02T18:57:52.734+0000] {taskinstance.py:2648} INFO - Exporting env vars: AIRFLOW_CTX_DAG_OWNER='***' AIRFLOW_CTX_DAG_ID='etl_covid_europa_pipeline' AIRFLOW_CTX_TASK_ID='transformar' AIRFLOW_CTX_EXECUTION_DATE='2023-11-08T00:00:00+00:00' AIRFLOW_CTX_TRY_NUMBER='1' AIRFLOW_CTX_DAG_RUN_ID='scheduled__2023-11-08T00:00:00+00:00'
[2024-10-02T18:57:52.737+0000] {taskinstance.py:430} INFO - ::endgroup::
[2024-10-02T18:57:52.873+0000] {python.py:237} INFO - Done. Returned value was: None
[2024-10-02T18:57:52.874+0000] {taskinstance.py:441} INFO - ::group::Post task execution logs
[2024-10-02T18:57:52.884+0000] {taskinstance.py:1206} INFO - Marking task as SUCCESS. dag_id=etl_covid_europa_pipeline, task_id=transformar, run_id=scheduled__2023-11-08T00:00:00+00:00, execution_date=20231108T000000, start_date=20241002T185752, end_date=20241002T185752
[2024-10-02T18:57:52.919+0000] {local_task_job_runner.py:240} INFO - Task exited with return code 0
[2024-10-02T18:57:52.938+0000] {taskinstance.py:3503} INFO - 1 downstream tasks scheduled from follow-on schedule check
[2024-10-02T18:57:52.941+0000] {local_task_job_runner.py:222} INFO - ::endgroup::
[2024-10-02T19:24:09.050+0000] {local_task_job_runner.py:120} INFO - ::group::Pre task execution logs
[2024-10-02T19:24:09.077+0000] {taskinstance.py:2076} INFO - Dependencies all met for dep_context=non-requeueable deps ti=<TaskInstance: etl_covid_europa_pipeline.transformar scheduled__2023-11-08T00:00:00+00:00 [queued]>
[2024-10-02T19:24:09.089+0000] {taskinstance.py:2076} INFO - Dependencies all met for dep_context=requeueable deps ti=<TaskInstance: etl_covid_europa_pipeline.transformar scheduled__2023-11-08T00:00:00+00:00 [queued]>
[2024-10-02T19:24:09.090+0000] {taskinstance.py:2306} INFO - Starting attempt 1 of 1
[2024-10-02T19:24:09.377+0000] {taskinstance.py:2330} INFO - Executing <Task(PythonOperator): transformar> on 2023-11-08 00:00:00+00:00
[2024-10-02T19:24:09.384+0000] {warnings.py:112} WARNING - /home/***/.local/lib/python3.12/site-packages/***/task/task_runner/standard_task_runner.py:61: DeprecationWarning: This process (pid=8977) is multi-threaded, use of fork() may lead to deadlocks in the child.
  pid = os.fork()

[2024-10-02T19:24:09.386+0000] {standard_task_runner.py:63} INFO - Started process 8991 to run task
[2024-10-02T19:24:09.386+0000] {standard_task_runner.py:90} INFO - Running: ['***', 'tasks', 'run', 'etl_covid_europa_pipeline', 'transformar', 'scheduled__2023-11-08T00:00:00+00:00', '--job-id', '2093', '--raw', '--subdir', 'DAGS_FOLDER/etl_pipeline.py', '--cfg-path', '/tmp/tmpepq9nlvd']
[2024-10-02T19:24:09.389+0000] {standard_task_runner.py:91} INFO - Job 2093: Subtask transformar
[2024-10-02T19:24:09.456+0000] {task_command.py:426} INFO - Running <TaskInstance: etl_covid_europa_pipeline.transformar scheduled__2023-11-08T00:00:00+00:00 [running]> on host 99de7dfc3871
[2024-10-02T19:24:09.590+0000] {taskinstance.py:2648} INFO - Exporting env vars: AIRFLOW_CTX_DAG_OWNER='***' AIRFLOW_CTX_DAG_ID='etl_covid_europa_pipeline' AIRFLOW_CTX_TASK_ID='transformar' AIRFLOW_CTX_EXECUTION_DATE='2023-11-08T00:00:00+00:00' AIRFLOW_CTX_TRY_NUMBER='1' AIRFLOW_CTX_DAG_RUN_ID='scheduled__2023-11-08T00:00:00+00:00'
[2024-10-02T19:24:09.592+0000] {taskinstance.py:430} INFO - ::endgroup::
[2024-10-02T19:24:09.726+0000] {python.py:237} INFO - Done. Returned value was: None
[2024-10-02T19:24:09.727+0000] {taskinstance.py:441} INFO - ::group::Post task execution logs
[2024-10-02T19:24:09.739+0000] {taskinstance.py:1206} INFO - Marking task as SUCCESS. dag_id=etl_covid_europa_pipeline, task_id=transformar, run_id=scheduled__2023-11-08T00:00:00+00:00, execution_date=20231108T000000, start_date=20241002T192409, end_date=20241002T192409
[2024-10-02T19:24:09.803+0000] {local_task_job_runner.py:240} INFO - Task exited with return code 0
[2024-10-02T19:24:09.828+0000] {taskinstance.py:3503} INFO - 1 downstream tasks scheduled from follow-on schedule check
[2024-10-02T19:24:09.830+0000] {local_task_job_runner.py:222} INFO - ::endgroup::
