[2024-10-02T17:27:47.415+0000] {local_task_job_runner.py:120} INFO - ::group::Pre task execution logs
[2024-10-02T17:27:47.440+0000] {taskinstance.py:2076} INFO - Dependencies all met for dep_context=non-requeueable deps ti=<TaskInstance: etl_covid_europa_pipeline.extrair scheduled__2024-02-28T00:00:00+00:00 [queued]>
[2024-10-02T17:27:47.449+0000] {taskinstance.py:2076} INFO - Dependencies all met for dep_context=requeueable deps ti=<TaskInstance: etl_covid_europa_pipeline.extrair scheduled__2024-02-28T00:00:00+00:00 [queued]>
[2024-10-02T17:27:47.450+0000] {taskinstance.py:2306} INFO - Starting attempt 1 of 1
[2024-10-02T17:27:47.791+0000] {taskinstance.py:2330} INFO - Executing <Task(PythonOperator): extrair> on 2024-02-28 00:00:00+00:00
[2024-10-02T17:27:47.802+0000] {warnings.py:112} WARNING - /home/***/.local/lib/python3.12/site-packages/***/task/task_runner/standard_task_runner.py:61: DeprecationWarning: This process (pid=1912) is multi-threaded, use of fork() may lead to deadlocks in the child.
  pid = os.fork()

[2024-10-02T17:27:47.804+0000] {standard_task_runner.py:63} INFO - Started process 1930 to run task
[2024-10-02T17:27:47.802+0000] {standard_task_runner.py:90} INFO - Running: ['***', 'tasks', 'run', 'etl_covid_europa_pipeline', 'extrair', 'scheduled__2024-02-28T00:00:00+00:00', '--job-id', '246', '--raw', '--subdir', 'DAGS_FOLDER/etl_pipeline.py', '--cfg-path', '/tmp/tmp0fvp2t7w']
[2024-10-02T17:27:47.804+0000] {standard_task_runner.py:91} INFO - Job 246: Subtask extrair
[2024-10-02T17:27:47.872+0000] {task_command.py:426} INFO - Running <TaskInstance: etl_covid_europa_pipeline.extrair scheduled__2024-02-28T00:00:00+00:00 [running]> on host 99de7dfc3871
[2024-10-02T17:27:48.003+0000] {taskinstance.py:2648} INFO - Exporting env vars: AIRFLOW_CTX_DAG_OWNER='***' AIRFLOW_CTX_DAG_ID='etl_covid_europa_pipeline' AIRFLOW_CTX_TASK_ID='extrair' AIRFLOW_CTX_EXECUTION_DATE='2024-02-28T00:00:00+00:00' AIRFLOW_CTX_TRY_NUMBER='1' AIRFLOW_CTX_DAG_RUN_ID='scheduled__2024-02-28T00:00:00+00:00'
[2024-10-02T17:27:48.004+0000] {taskinstance.py:430} INFO - ::endgroup::
[2024-10-02T17:27:53.859+0000] {python.py:237} INFO - Done. Returned value was: None
[2024-10-02T17:27:53.860+0000] {taskinstance.py:441} INFO - ::group::Post task execution logs
[2024-10-02T17:27:53.872+0000] {taskinstance.py:1206} INFO - Marking task as SUCCESS. dag_id=etl_covid_europa_pipeline, task_id=extrair, run_id=scheduled__2024-02-28T00:00:00+00:00, execution_date=20240228T000000, start_date=20241002T172747, end_date=20241002T172753
[2024-10-02T17:27:53.993+0000] {local_task_job_runner.py:240} INFO - Task exited with return code 0
[2024-10-02T17:27:54.017+0000] {taskinstance.py:3503} INFO - 1 downstream tasks scheduled from follow-on schedule check
[2024-10-02T17:27:54.020+0000] {local_task_job_runner.py:222} INFO - ::endgroup::
[2024-10-02T19:00:23.439+0000] {local_task_job_runner.py:120} INFO - ::group::Pre task execution logs
[2024-10-02T19:00:23.461+0000] {taskinstance.py:2076} INFO - Dependencies all met for dep_context=non-requeueable deps ti=<TaskInstance: etl_covid_europa_pipeline.extrair scheduled__2024-02-28T00:00:00+00:00 [queued]>
[2024-10-02T19:00:23.640+0000] {taskinstance.py:2076} INFO - Dependencies all met for dep_context=requeueable deps ti=<TaskInstance: etl_covid_europa_pipeline.extrair scheduled__2024-02-28T00:00:00+00:00 [queued]>
[2024-10-02T19:00:23.640+0000] {taskinstance.py:2306} INFO - Starting attempt 1 of 1
[2024-10-02T19:00:23.664+0000] {taskinstance.py:2330} INFO - Executing <Task(PythonOperator): extrair> on 2024-02-28 00:00:00+00:00
[2024-10-02T19:00:23.673+0000] {warnings.py:112} WARNING - /home/***/.local/lib/python3.12/site-packages/***/task/task_runner/standard_task_runner.py:61: DeprecationWarning: This process (pid=6571) is multi-threaded, use of fork() may lead to deadlocks in the child.
  pid = os.fork()

[2024-10-02T19:00:23.674+0000] {standard_task_runner.py:63} INFO - Started process 6586 to run task
[2024-10-02T19:00:23.675+0000] {standard_task_runner.py:90} INFO - Running: ['***', 'tasks', 'run', 'etl_covid_europa_pipeline', 'extrair', 'scheduled__2024-02-28T00:00:00+00:00', '--job-id', '1395', '--raw', '--subdir', 'DAGS_FOLDER/etl_pipeline.py', '--cfg-path', '/tmp/tmp9ryu1jeu']
[2024-10-02T19:00:23.677+0000] {standard_task_runner.py:91} INFO - Job 1395: Subtask extrair
[2024-10-02T19:00:23.739+0000] {task_command.py:426} INFO - Running <TaskInstance: etl_covid_europa_pipeline.extrair scheduled__2024-02-28T00:00:00+00:00 [running]> on host 99de7dfc3871
[2024-10-02T19:00:23.884+0000] {taskinstance.py:2648} INFO - Exporting env vars: AIRFLOW_CTX_DAG_OWNER='***' AIRFLOW_CTX_DAG_ID='etl_covid_europa_pipeline' AIRFLOW_CTX_TASK_ID='extrair' AIRFLOW_CTX_EXECUTION_DATE='2024-02-28T00:00:00+00:00' AIRFLOW_CTX_TRY_NUMBER='1' AIRFLOW_CTX_DAG_RUN_ID='scheduled__2024-02-28T00:00:00+00:00'
[2024-10-02T19:00:23.888+0000] {taskinstance.py:430} INFO - ::endgroup::
[2024-10-02T19:00:29.836+0000] {python.py:237} INFO - Done. Returned value was: None
[2024-10-02T19:00:29.836+0000] {taskinstance.py:441} INFO - ::group::Post task execution logs
[2024-10-02T19:00:29.846+0000] {taskinstance.py:1206} INFO - Marking task as SUCCESS. dag_id=etl_covid_europa_pipeline, task_id=extrair, run_id=scheduled__2024-02-28T00:00:00+00:00, execution_date=20240228T000000, start_date=20241002T190023, end_date=20241002T190029
[2024-10-02T19:00:29.983+0000] {local_task_job_runner.py:240} INFO - Task exited with return code 0
[2024-10-02T19:00:30.016+0000] {taskinstance.py:3503} INFO - 1 downstream tasks scheduled from follow-on schedule check
[2024-10-02T19:00:30.018+0000] {local_task_job_runner.py:222} INFO - ::endgroup::
[2024-10-02T19:26:21.672+0000] {local_task_job_runner.py:120} INFO - ::group::Pre task execution logs
[2024-10-02T19:26:21.697+0000] {taskinstance.py:2076} INFO - Dependencies all met for dep_context=non-requeueable deps ti=<TaskInstance: etl_covid_europa_pipeline.extrair scheduled__2024-02-28T00:00:00+00:00 [queued]>
[2024-10-02T19:26:21.904+0000] {taskinstance.py:2076} INFO - Dependencies all met for dep_context=requeueable deps ti=<TaskInstance: etl_covid_europa_pipeline.extrair scheduled__2024-02-28T00:00:00+00:00 [queued]>
[2024-10-02T19:26:21.905+0000] {taskinstance.py:2306} INFO - Starting attempt 1 of 1
[2024-10-02T19:26:22.031+0000] {taskinstance.py:2330} INFO - Executing <Task(PythonOperator): extrair> on 2024-02-28 00:00:00+00:00
[2024-10-02T19:26:22.039+0000] {warnings.py:112} WARNING - /home/***/.local/lib/python3.12/site-packages/***/task/task_runner/standard_task_runner.py:61: DeprecationWarning: This process (pid=9927) is multi-threaded, use of fork() may lead to deadlocks in the child.
  pid = os.fork()

[2024-10-02T19:26:22.041+0000] {standard_task_runner.py:63} INFO - Started process 9944 to run task
[2024-10-02T19:26:22.046+0000] {standard_task_runner.py:90} INFO - Running: ['***', 'tasks', 'run', 'etl_covid_europa_pipeline', 'extrair', 'scheduled__2024-02-28T00:00:00+00:00', '--job-id', '2406', '--raw', '--subdir', 'DAGS_FOLDER/etl_pipeline.py', '--cfg-path', '/tmp/tmpxydc1u93']
[2024-10-02T19:26:22.049+0000] {standard_task_runner.py:91} INFO - Job 2406: Subtask extrair
[2024-10-02T19:26:22.102+0000] {task_command.py:426} INFO - Running <TaskInstance: etl_covid_europa_pipeline.extrair scheduled__2024-02-28T00:00:00+00:00 [running]> on host 99de7dfc3871
[2024-10-02T19:26:22.198+0000] {taskinstance.py:2648} INFO - Exporting env vars: AIRFLOW_CTX_DAG_OWNER='***' AIRFLOW_CTX_DAG_ID='etl_covid_europa_pipeline' AIRFLOW_CTX_TASK_ID='extrair' AIRFLOW_CTX_EXECUTION_DATE='2024-02-28T00:00:00+00:00' AIRFLOW_CTX_TRY_NUMBER='1' AIRFLOW_CTX_DAG_RUN_ID='scheduled__2024-02-28T00:00:00+00:00'
[2024-10-02T19:26:22.202+0000] {taskinstance.py:430} INFO - ::endgroup::
[2024-10-02T19:26:32.889+0000] {python.py:237} INFO - Done. Returned value was: None
[2024-10-02T19:26:32.890+0000] {taskinstance.py:441} INFO - ::group::Post task execution logs
[2024-10-02T19:26:32.901+0000] {taskinstance.py:1206} INFO - Marking task as SUCCESS. dag_id=etl_covid_europa_pipeline, task_id=extrair, run_id=scheduled__2024-02-28T00:00:00+00:00, execution_date=20240228T000000, start_date=20241002T192621, end_date=20241002T192632
[2024-10-02T19:26:32.940+0000] {local_task_job_runner.py:240} INFO - Task exited with return code 0
[2024-10-02T19:26:32.968+0000] {taskinstance.py:3503} INFO - 1 downstream tasks scheduled from follow-on schedule check
[2024-10-02T19:26:32.971+0000] {local_task_job_runner.py:222} INFO - ::endgroup::
