[2024-10-02T18:58:56.555+0000] {local_task_job_runner.py:120} INFO - ::group::Pre task execution logs
[2024-10-02T18:58:56.592+0000] {taskinstance.py:2076} INFO - Dependencies all met for dep_context=non-requeueable deps ti=<TaskInstance: etl_covid_europa_pipeline.carregar scheduled__2023-12-27T00:00:00+00:00 [queued]>
[2024-10-02T18:58:56.881+0000] {taskinstance.py:2076} INFO - Dependencies all met for dep_context=requeueable deps ti=<TaskInstance: etl_covid_europa_pipeline.carregar scheduled__2023-12-27T00:00:00+00:00 [queued]>
[2024-10-02T18:58:56.881+0000] {taskinstance.py:2306} INFO - Starting attempt 1 of 1
[2024-10-02T18:58:56.902+0000] {taskinstance.py:2330} INFO - Executing <Task(PythonOperator): carregar> on 2023-12-27 00:00:00+00:00
[2024-10-02T18:58:56.912+0000] {warnings.py:112} WARNING - /home/***/.local/lib/python3.12/site-packages/***/task/task_runner/standard_task_runner.py:61: DeprecationWarning: This process (pid=6073) is multi-threaded, use of fork() may lead to deadlocks in the child.
  pid = os.fork()

[2024-10-02T18:58:56.916+0000] {standard_task_runner.py:63} INFO - Started process 6096 to run task
[2024-10-02T18:58:56.914+0000] {standard_task_runner.py:90} INFO - Running: ['***', 'tasks', 'run', 'etl_covid_europa_pipeline', 'carregar', 'scheduled__2023-12-27T00:00:00+00:00', '--job-id', '1240', '--raw', '--subdir', 'DAGS_FOLDER/etl_pipeline.py', '--cfg-path', '/tmp/tmpf84mxt57']
[2024-10-02T18:58:56.917+0000] {standard_task_runner.py:91} INFO - Job 1240: Subtask carregar
[2024-10-02T18:58:56.975+0000] {task_command.py:426} INFO - Running <TaskInstance: etl_covid_europa_pipeline.carregar scheduled__2023-12-27T00:00:00+00:00 [running]> on host 99de7dfc3871
[2024-10-02T18:58:57.081+0000] {taskinstance.py:2648} INFO - Exporting env vars: AIRFLOW_CTX_DAG_OWNER='***' AIRFLOW_CTX_DAG_ID='etl_covid_europa_pipeline' AIRFLOW_CTX_TASK_ID='carregar' AIRFLOW_CTX_EXECUTION_DATE='2023-12-27T00:00:00+00:00' AIRFLOW_CTX_TRY_NUMBER='1' AIRFLOW_CTX_DAG_RUN_ID='scheduled__2023-12-27T00:00:00+00:00'
[2024-10-02T18:58:57.085+0000] {taskinstance.py:430} INFO - ::endgroup::
[2024-10-02T18:58:57.157+0000] {python.py:237} INFO - Done. Returned value was: None
[2024-10-02T18:58:57.158+0000] {taskinstance.py:441} INFO - ::group::Post task execution logs
[2024-10-02T18:58:57.171+0000] {taskinstance.py:1206} INFO - Marking task as SUCCESS. dag_id=etl_covid_europa_pipeline, task_id=carregar, run_id=scheduled__2023-12-27T00:00:00+00:00, execution_date=20231227T000000, start_date=20241002T185856, end_date=20241002T185857
[2024-10-02T18:58:57.212+0000] {local_task_job_runner.py:240} INFO - Task exited with return code 0
[2024-10-02T18:58:57.224+0000] {local_task_job_runner.py:222} INFO - ::endgroup::
[2024-10-02T19:25:08.685+0000] {local_task_job_runner.py:120} INFO - ::group::Pre task execution logs
[2024-10-02T19:25:08.712+0000] {taskinstance.py:2076} INFO - Dependencies all met for dep_context=non-requeueable deps ti=<TaskInstance: etl_covid_europa_pipeline.carregar scheduled__2023-12-27T00:00:00+00:00 [queued]>
[2024-10-02T19:25:08.723+0000] {taskinstance.py:2076} INFO - Dependencies all met for dep_context=requeueable deps ti=<TaskInstance: etl_covid_europa_pipeline.carregar scheduled__2023-12-27T00:00:00+00:00 [queued]>
[2024-10-02T19:25:08.724+0000] {taskinstance.py:2306} INFO - Starting attempt 1 of 1
[2024-10-02T19:25:08.915+0000] {taskinstance.py:2330} INFO - Executing <Task(PythonOperator): carregar> on 2023-12-27 00:00:00+00:00
[2024-10-02T19:25:08.922+0000] {warnings.py:112} WARNING - /home/***/.local/lib/python3.12/site-packages/***/task/task_runner/standard_task_runner.py:61: DeprecationWarning: This process (pid=9416) is multi-threaded, use of fork() may lead to deadlocks in the child.
  pid = os.fork()

[2024-10-02T19:25:08.923+0000] {standard_task_runner.py:63} INFO - Started process 9428 to run task
[2024-10-02T19:25:08.923+0000] {standard_task_runner.py:90} INFO - Running: ['***', 'tasks', 'run', 'etl_covid_europa_pipeline', 'carregar', 'scheduled__2023-12-27T00:00:00+00:00', '--job-id', '2241', '--raw', '--subdir', 'DAGS_FOLDER/etl_pipeline.py', '--cfg-path', '/tmp/tmpl89l732h']
[2024-10-02T19:25:08.925+0000] {standard_task_runner.py:91} INFO - Job 2241: Subtask carregar
[2024-10-02T19:25:08.966+0000] {task_command.py:426} INFO - Running <TaskInstance: etl_covid_europa_pipeline.carregar scheduled__2023-12-27T00:00:00+00:00 [running]> on host 99de7dfc3871
[2024-10-02T19:25:09.049+0000] {taskinstance.py:2648} INFO - Exporting env vars: AIRFLOW_CTX_DAG_OWNER='***' AIRFLOW_CTX_DAG_ID='etl_covid_europa_pipeline' AIRFLOW_CTX_TASK_ID='carregar' AIRFLOW_CTX_EXECUTION_DATE='2023-12-27T00:00:00+00:00' AIRFLOW_CTX_TRY_NUMBER='1' AIRFLOW_CTX_DAG_RUN_ID='scheduled__2023-12-27T00:00:00+00:00'
[2024-10-02T19:25:09.050+0000] {taskinstance.py:430} INFO - ::endgroup::
[2024-10-02T19:25:09.112+0000] {python.py:237} INFO - Done. Returned value was: None
[2024-10-02T19:25:09.113+0000] {taskinstance.py:441} INFO - ::group::Post task execution logs
[2024-10-02T19:25:09.122+0000] {taskinstance.py:1206} INFO - Marking task as SUCCESS. dag_id=etl_covid_europa_pipeline, task_id=carregar, run_id=scheduled__2023-12-27T00:00:00+00:00, execution_date=20231227T000000, start_date=20241002T192508, end_date=20241002T192509
[2024-10-02T19:25:09.177+0000] {local_task_job_runner.py:240} INFO - Task exited with return code 0
[2024-10-02T19:25:09.186+0000] {local_task_job_runner.py:222} INFO - ::endgroup::
