[2024-10-02T18:59:14.117+0000] {local_task_job_runner.py:120} INFO - ::group::Pre task execution logs
[2024-10-02T18:59:14.166+0000] {taskinstance.py:2076} INFO - Dependencies all met for dep_context=non-requeueable deps ti=<TaskInstance: etl_covid_europa_pipeline.transformar scheduled__2024-01-16T00:00:00+00:00 [queued]>
[2024-10-02T18:59:14.547+0000] {taskinstance.py:2076} INFO - Dependencies all met for dep_context=requeueable deps ti=<TaskInstance: etl_covid_europa_pipeline.transformar scheduled__2024-01-16T00:00:00+00:00 [queued]>
[2024-10-02T18:59:14.548+0000] {taskinstance.py:2306} INFO - Starting attempt 1 of 1
[2024-10-02T18:59:14.577+0000] {taskinstance.py:2330} INFO - Executing <Task(PythonOperator): transformar> on 2024-01-16 00:00:00+00:00
[2024-10-02T18:59:14.588+0000] {warnings.py:112} WARNING - /home/***/.local/lib/python3.12/site-packages/***/task/task_runner/standard_task_runner.py:61: DeprecationWarning: This process (pid=6194) is multi-threaded, use of fork() may lead to deadlocks in the child.
  pid = os.fork()

[2024-10-02T18:59:14.589+0000] {standard_task_runner.py:90} INFO - Running: ['***', 'tasks', 'run', 'etl_covid_europa_pipeline', 'transformar', 'scheduled__2024-01-16T00:00:00+00:00', '--job-id', '1273', '--raw', '--subdir', 'DAGS_FOLDER/etl_pipeline.py', '--cfg-path', '/tmp/tmpj5tuwhc3']
[2024-10-02T18:59:14.598+0000] {standard_task_runner.py:63} INFO - Started process 6218 to run task
[2024-10-02T18:59:14.602+0000] {standard_task_runner.py:91} INFO - Job 1273: Subtask transformar
[2024-10-02T18:59:14.685+0000] {task_command.py:426} INFO - Running <TaskInstance: etl_covid_europa_pipeline.transformar scheduled__2024-01-16T00:00:00+00:00 [running]> on host 99de7dfc3871
[2024-10-02T18:59:14.848+0000] {taskinstance.py:2648} INFO - Exporting env vars: AIRFLOW_CTX_DAG_OWNER='***' AIRFLOW_CTX_DAG_ID='etl_covid_europa_pipeline' AIRFLOW_CTX_TASK_ID='transformar' AIRFLOW_CTX_EXECUTION_DATE='2024-01-16T00:00:00+00:00' AIRFLOW_CTX_TRY_NUMBER='1' AIRFLOW_CTX_DAG_RUN_ID='scheduled__2024-01-16T00:00:00+00:00'
[2024-10-02T18:59:14.854+0000] {taskinstance.py:430} INFO - ::endgroup::
[2024-10-02T18:59:15.235+0000] {python.py:237} INFO - Done. Returned value was: None
[2024-10-02T18:59:15.237+0000] {taskinstance.py:441} INFO - ::group::Post task execution logs
[2024-10-02T18:59:15.265+0000] {taskinstance.py:1206} INFO - Marking task as SUCCESS. dag_id=etl_covid_europa_pipeline, task_id=transformar, run_id=scheduled__2024-01-16T00:00:00+00:00, execution_date=20240116T000000, start_date=20241002T185914, end_date=20241002T185915
[2024-10-02T18:59:15.320+0000] {local_task_job_runner.py:240} INFO - Task exited with return code 0
[2024-10-02T18:59:15.357+0000] {taskinstance.py:3503} INFO - 1 downstream tasks scheduled from follow-on schedule check
[2024-10-02T18:59:15.360+0000] {local_task_job_runner.py:222} INFO - ::endgroup::
[2024-10-02T19:25:30.356+0000] {local_task_job_runner.py:120} INFO - ::group::Pre task execution logs
[2024-10-02T19:25:30.409+0000] {taskinstance.py:2076} INFO - Dependencies all met for dep_context=non-requeueable deps ti=<TaskInstance: etl_covid_europa_pipeline.transformar scheduled__2024-01-16T00:00:00+00:00 [queued]>
[2024-10-02T19:25:30.807+0000] {taskinstance.py:2076} INFO - Dependencies all met for dep_context=requeueable deps ti=<TaskInstance: etl_covid_europa_pipeline.transformar scheduled__2024-01-16T00:00:00+00:00 [queued]>
[2024-10-02T19:25:30.809+0000] {taskinstance.py:2306} INFO - Starting attempt 1 of 1
[2024-10-02T19:25:30.834+0000] {taskinstance.py:2330} INFO - Executing <Task(PythonOperator): transformar> on 2024-01-16 00:00:00+00:00
[2024-10-02T19:25:30.845+0000] {warnings.py:112} WARNING - /home/***/.local/lib/python3.12/site-packages/***/task/task_runner/standard_task_runner.py:61: DeprecationWarning: This process (pid=9530) is multi-threaded, use of fork() may lead to deadlocks in the child.
  pid = os.fork()

[2024-10-02T19:25:30.847+0000] {standard_task_runner.py:63} INFO - Started process 9561 to run task
[2024-10-02T19:25:30.850+0000] {standard_task_runner.py:90} INFO - Running: ['***', 'tasks', 'run', 'etl_covid_europa_pipeline', 'transformar', 'scheduled__2024-01-16T00:00:00+00:00', '--job-id', '2275', '--raw', '--subdir', 'DAGS_FOLDER/etl_pipeline.py', '--cfg-path', '/tmp/tmp_fxuam7j']
[2024-10-02T19:25:30.852+0000] {standard_task_runner.py:91} INFO - Job 2275: Subtask transformar
[2024-10-02T19:25:30.927+0000] {task_command.py:426} INFO - Running <TaskInstance: etl_covid_europa_pipeline.transformar scheduled__2024-01-16T00:00:00+00:00 [running]> on host 99de7dfc3871
[2024-10-02T19:25:31.088+0000] {taskinstance.py:2648} INFO - Exporting env vars: AIRFLOW_CTX_DAG_OWNER='***' AIRFLOW_CTX_DAG_ID='etl_covid_europa_pipeline' AIRFLOW_CTX_TASK_ID='transformar' AIRFLOW_CTX_EXECUTION_DATE='2024-01-16T00:00:00+00:00' AIRFLOW_CTX_TRY_NUMBER='1' AIRFLOW_CTX_DAG_RUN_ID='scheduled__2024-01-16T00:00:00+00:00'
[2024-10-02T19:25:31.089+0000] {taskinstance.py:430} INFO - ::endgroup::
[2024-10-02T19:25:31.405+0000] {python.py:237} INFO - Done. Returned value was: None
[2024-10-02T19:25:31.406+0000] {taskinstance.py:441} INFO - ::group::Post task execution logs
[2024-10-02T19:25:31.423+0000] {taskinstance.py:1206} INFO - Marking task as SUCCESS. dag_id=etl_covid_europa_pipeline, task_id=transformar, run_id=scheduled__2024-01-16T00:00:00+00:00, execution_date=20240116T000000, start_date=20241002T192530, end_date=20241002T192531
[2024-10-02T19:25:31.476+0000] {local_task_job_runner.py:240} INFO - Task exited with return code 0
[2024-10-02T19:25:31.512+0000] {taskinstance.py:3503} INFO - 1 downstream tasks scheduled from follow-on schedule check
[2024-10-02T19:25:31.538+0000] {local_task_job_runner.py:222} INFO - ::endgroup::
