[2024-10-02T17:28:38.739+0000] {local_task_job_runner.py:120} INFO - ::group::Pre task execution logs
[2024-10-02T17:28:38.765+0000] {taskinstance.py:2076} INFO - Dependencies all met for dep_context=non-requeueable deps ti=<TaskInstance: etl_covid_europa_pipeline.extrair scheduled__2024-04-10T00:00:00+00:00 [queued]>
[2024-10-02T17:28:38.773+0000] {taskinstance.py:2076} INFO - Dependencies all met for dep_context=requeueable deps ti=<TaskInstance: etl_covid_europa_pipeline.extrair scheduled__2024-04-10T00:00:00+00:00 [queued]>
[2024-10-02T17:28:38.774+0000] {taskinstance.py:2306} INFO - Starting attempt 1 of 1
[2024-10-02T17:28:39.007+0000] {taskinstance.py:2330} INFO - Executing <Task(PythonOperator): extrair> on 2024-04-10 00:00:00+00:00
[2024-10-02T17:28:39.014+0000] {warnings.py:112} WARNING - /home/***/.local/lib/python3.12/site-packages/***/task/task_runner/standard_task_runner.py:61: DeprecationWarning: This process (pid=2195) is multi-threaded, use of fork() may lead to deadlocks in the child.
  pid = os.fork()

[2024-10-02T17:28:39.015+0000] {standard_task_runner.py:63} INFO - Started process 2211 to run task
[2024-10-02T17:28:39.015+0000] {standard_task_runner.py:90} INFO - Running: ['***', 'tasks', 'run', 'etl_covid_europa_pipeline', 'extrair', 'scheduled__2024-04-10T00:00:00+00:00', '--job-id', '334', '--raw', '--subdir', 'DAGS_FOLDER/etl_pipeline.py', '--cfg-path', '/tmp/tmpg2xj1hpz']
[2024-10-02T17:28:39.017+0000] {standard_task_runner.py:91} INFO - Job 334: Subtask extrair
[2024-10-02T17:28:39.066+0000] {task_command.py:426} INFO - Running <TaskInstance: etl_covid_europa_pipeline.extrair scheduled__2024-04-10T00:00:00+00:00 [running]> on host 99de7dfc3871
[2024-10-02T17:28:39.154+0000] {taskinstance.py:2648} INFO - Exporting env vars: AIRFLOW_CTX_DAG_OWNER='***' AIRFLOW_CTX_DAG_ID='etl_covid_europa_pipeline' AIRFLOW_CTX_TASK_ID='extrair' AIRFLOW_CTX_EXECUTION_DATE='2024-04-10T00:00:00+00:00' AIRFLOW_CTX_TRY_NUMBER='1' AIRFLOW_CTX_DAG_RUN_ID='scheduled__2024-04-10T00:00:00+00:00'
[2024-10-02T17:28:39.156+0000] {taskinstance.py:430} INFO - ::endgroup::
[2024-10-02T17:28:45.244+0000] {python.py:237} INFO - Done. Returned value was: None
[2024-10-02T17:28:45.245+0000] {taskinstance.py:441} INFO - ::group::Post task execution logs
[2024-10-02T17:28:45.253+0000] {taskinstance.py:1206} INFO - Marking task as SUCCESS. dag_id=etl_covid_europa_pipeline, task_id=extrair, run_id=scheduled__2024-04-10T00:00:00+00:00, execution_date=20240410T000000, start_date=20241002T172838, end_date=20241002T172845
[2024-10-02T17:28:45.280+0000] {local_task_job_runner.py:240} INFO - Task exited with return code 0
[2024-10-02T17:28:45.300+0000] {taskinstance.py:3503} INFO - 1 downstream tasks scheduled from follow-on schedule check
[2024-10-02T17:28:45.302+0000] {local_task_job_runner.py:222} INFO - ::endgroup::
[2024-10-02T19:01:13.348+0000] {local_task_job_runner.py:120} INFO - ::group::Pre task execution logs
[2024-10-02T19:01:13.376+0000] {taskinstance.py:2076} INFO - Dependencies all met for dep_context=non-requeueable deps ti=<TaskInstance: etl_covid_europa_pipeline.extrair scheduled__2024-04-10T00:00:00+00:00 [queued]>
[2024-10-02T19:01:13.388+0000] {taskinstance.py:2076} INFO - Dependencies all met for dep_context=requeueable deps ti=<TaskInstance: etl_covid_europa_pipeline.extrair scheduled__2024-04-10T00:00:00+00:00 [queued]>
[2024-10-02T19:01:13.388+0000] {taskinstance.py:2306} INFO - Starting attempt 1 of 1
[2024-10-02T19:01:13.665+0000] {taskinstance.py:2330} INFO - Executing <Task(PythonOperator): extrair> on 2024-04-10 00:00:00+00:00
[2024-10-02T19:01:13.672+0000] {warnings.py:112} WARNING - /home/***/.local/lib/python3.12/site-packages/***/task/task_runner/standard_task_runner.py:61: DeprecationWarning: This process (pid=6936) is multi-threaded, use of fork() may lead to deadlocks in the child.
  pid = os.fork()

[2024-10-02T19:01:13.674+0000] {standard_task_runner.py:63} INFO - Started process 6950 to run task
[2024-10-02T19:01:13.673+0000] {standard_task_runner.py:90} INFO - Running: ['***', 'tasks', 'run', 'etl_covid_europa_pipeline', 'extrair', 'scheduled__2024-04-10T00:00:00+00:00', '--job-id', '1514', '--raw', '--subdir', 'DAGS_FOLDER/etl_pipeline.py', '--cfg-path', '/tmp/tmp808nw4ik']
[2024-10-02T19:01:13.676+0000] {standard_task_runner.py:91} INFO - Job 1514: Subtask extrair
[2024-10-02T19:01:13.722+0000] {task_command.py:426} INFO - Running <TaskInstance: etl_covid_europa_pipeline.extrair scheduled__2024-04-10T00:00:00+00:00 [running]> on host 99de7dfc3871
[2024-10-02T19:01:13.816+0000] {taskinstance.py:2648} INFO - Exporting env vars: AIRFLOW_CTX_DAG_OWNER='***' AIRFLOW_CTX_DAG_ID='etl_covid_europa_pipeline' AIRFLOW_CTX_TASK_ID='extrair' AIRFLOW_CTX_EXECUTION_DATE='2024-04-10T00:00:00+00:00' AIRFLOW_CTX_TRY_NUMBER='1' AIRFLOW_CTX_DAG_RUN_ID='scheduled__2024-04-10T00:00:00+00:00'
[2024-10-02T19:01:13.818+0000] {taskinstance.py:430} INFO - ::endgroup::
[2024-10-02T19:01:21.528+0000] {python.py:237} INFO - Done. Returned value was: None
[2024-10-02T19:01:21.529+0000] {taskinstance.py:441} INFO - ::group::Post task execution logs
[2024-10-02T19:01:21.539+0000] {taskinstance.py:1206} INFO - Marking task as SUCCESS. dag_id=etl_covid_europa_pipeline, task_id=extrair, run_id=scheduled__2024-04-10T00:00:00+00:00, execution_date=20240410T000000, start_date=20241002T190113, end_date=20241002T190121
[2024-10-02T19:01:21.584+0000] {local_task_job_runner.py:240} INFO - Task exited with return code 0
[2024-10-02T19:01:21.607+0000] {taskinstance.py:3503} INFO - 1 downstream tasks scheduled from follow-on schedule check
[2024-10-02T19:01:21.610+0000] {local_task_job_runner.py:222} INFO - ::endgroup::
[2024-10-02T19:27:25.723+0000] {local_task_job_runner.py:120} INFO - ::group::Pre task execution logs
[2024-10-02T19:27:25.752+0000] {taskinstance.py:2076} INFO - Dependencies all met for dep_context=non-requeueable deps ti=<TaskInstance: etl_covid_europa_pipeline.extrair scheduled__2024-04-10T00:00:00+00:00 [queued]>
[2024-10-02T19:27:25.762+0000] {taskinstance.py:2076} INFO - Dependencies all met for dep_context=requeueable deps ti=<TaskInstance: etl_covid_europa_pipeline.extrair scheduled__2024-04-10T00:00:00+00:00 [queued]>
[2024-10-02T19:27:25.763+0000] {taskinstance.py:2306} INFO - Starting attempt 1 of 1
[2024-10-02T19:27:25.816+0000] {taskinstance.py:2330} INFO - Executing <Task(PythonOperator): extrair> on 2024-04-10 00:00:00+00:00
[2024-10-02T19:27:25.825+0000] {warnings.py:112} WARNING - /home/***/.local/lib/python3.12/site-packages/***/task/task_runner/standard_task_runner.py:61: DeprecationWarning: This process (pid=10359) is multi-threaded, use of fork() may lead to deadlocks in the child.
  pid = os.fork()

[2024-10-02T19:27:25.826+0000] {standard_task_runner.py:90} INFO - Running: ['***', 'tasks', 'run', 'etl_covid_europa_pipeline', 'extrair', 'scheduled__2024-04-10T00:00:00+00:00', '--job-id', '2544', '--raw', '--subdir', 'DAGS_FOLDER/etl_pipeline_agrupar_continente.py', '--cfg-path', '/tmp/tmpu6lt2n23']
[2024-10-02T19:27:25.832+0000] {standard_task_runner.py:63} INFO - Started process 10371 to run task
[2024-10-02T19:27:25.832+0000] {standard_task_runner.py:91} INFO - Job 2544: Subtask extrair
[2024-10-02T19:27:26.173+0000] {task_command.py:426} INFO - Running <TaskInstance: etl_covid_europa_pipeline.extrair scheduled__2024-04-10T00:00:00+00:00 [running]> on host 99de7dfc3871
[2024-10-02T19:27:26.362+0000] {taskinstance.py:2648} INFO - Exporting env vars: AIRFLOW_CTX_DAG_OWNER='***' AIRFLOW_CTX_DAG_ID='etl_covid_europa_pipeline' AIRFLOW_CTX_TASK_ID='extrair' AIRFLOW_CTX_EXECUTION_DATE='2024-04-10T00:00:00+00:00' AIRFLOW_CTX_TRY_NUMBER='1' AIRFLOW_CTX_DAG_RUN_ID='scheduled__2024-04-10T00:00:00+00:00'
[2024-10-02T19:27:26.365+0000] {taskinstance.py:430} INFO - ::endgroup::
[2024-10-02T19:27:32.557+0000] {python.py:237} INFO - Done. Returned value was: None
[2024-10-02T19:27:32.558+0000] {taskinstance.py:441} INFO - ::group::Post task execution logs
[2024-10-02T19:27:32.571+0000] {taskinstance.py:1206} INFO - Marking task as SUCCESS. dag_id=etl_covid_europa_pipeline, task_id=extrair, run_id=scheduled__2024-04-10T00:00:00+00:00, execution_date=20240410T000000, start_date=20241002T192725, end_date=20241002T192732
[2024-10-02T19:27:32.689+0000] {local_task_job_runner.py:240} INFO - Task exited with return code 0
[2024-10-02T19:27:32.723+0000] {taskinstance.py:3503} INFO - 1 downstream tasks scheduled from follow-on schedule check
[2024-10-02T19:27:32.725+0000] {local_task_job_runner.py:222} INFO - ::endgroup::
