[2024-10-02T17:28:23.113+0000] {local_task_job_runner.py:120} INFO - ::group::Pre task execution logs
[2024-10-02T17:28:23.137+0000] {taskinstance.py:2076} INFO - Dependencies all met for dep_context=non-requeueable deps ti=<TaskInstance: etl_covid_europa_pipeline.extrair scheduled__2024-03-26T00:00:00+00:00 [queued]>
[2024-10-02T17:28:23.146+0000] {taskinstance.py:2076} INFO - Dependencies all met for dep_context=requeueable deps ti=<TaskInstance: etl_covid_europa_pipeline.extrair scheduled__2024-03-26T00:00:00+00:00 [queued]>
[2024-10-02T17:28:23.146+0000] {taskinstance.py:2306} INFO - Starting attempt 1 of 1
[2024-10-02T17:28:23.423+0000] {taskinstance.py:2330} INFO - Executing <Task(PythonOperator): extrair> on 2024-03-26 00:00:00+00:00
[2024-10-02T17:28:23.433+0000] {warnings.py:112} WARNING - /home/***/.local/lib/python3.12/site-packages/***/task/task_runner/standard_task_runner.py:61: DeprecationWarning: This process (pid=2097) is multi-threaded, use of fork() may lead to deadlocks in the child.
  pid = os.fork()

[2024-10-02T17:28:23.434+0000] {standard_task_runner.py:63} INFO - Started process 2111 to run task
[2024-10-02T17:28:23.434+0000] {standard_task_runner.py:90} INFO - Running: ['***', 'tasks', 'run', 'etl_covid_europa_pipeline', 'extrair', 'scheduled__2024-03-26T00:00:00+00:00', '--job-id', '303', '--raw', '--subdir', 'DAGS_FOLDER/etl_pipeline.py', '--cfg-path', '/tmp/tmpdfl1y38g']
[2024-10-02T17:28:23.436+0000] {standard_task_runner.py:91} INFO - Job 303: Subtask extrair
[2024-10-02T17:28:23.493+0000] {task_command.py:426} INFO - Running <TaskInstance: etl_covid_europa_pipeline.extrair scheduled__2024-03-26T00:00:00+00:00 [running]> on host 99de7dfc3871
[2024-10-02T17:28:23.579+0000] {taskinstance.py:2648} INFO - Exporting env vars: AIRFLOW_CTX_DAG_OWNER='***' AIRFLOW_CTX_DAG_ID='etl_covid_europa_pipeline' AIRFLOW_CTX_TASK_ID='extrair' AIRFLOW_CTX_EXECUTION_DATE='2024-03-26T00:00:00+00:00' AIRFLOW_CTX_TRY_NUMBER='1' AIRFLOW_CTX_DAG_RUN_ID='scheduled__2024-03-26T00:00:00+00:00'
[2024-10-02T17:28:23.580+0000] {taskinstance.py:430} INFO - ::endgroup::
[2024-10-02T17:28:31.035+0000] {python.py:237} INFO - Done. Returned value was: None
[2024-10-02T17:28:31.036+0000] {taskinstance.py:441} INFO - ::group::Post task execution logs
[2024-10-02T17:28:31.047+0000] {taskinstance.py:1206} INFO - Marking task as SUCCESS. dag_id=etl_covid_europa_pipeline, task_id=extrair, run_id=scheduled__2024-03-26T00:00:00+00:00, execution_date=20240326T000000, start_date=20241002T172823, end_date=20241002T172831
[2024-10-02T17:28:31.103+0000] {local_task_job_runner.py:240} INFO - Task exited with return code 0
[2024-10-02T17:28:31.111+0000] {local_task_job_runner.py:222} INFO - ::endgroup::
[2024-10-02T19:00:45.090+0000] {local_task_job_runner.py:120} INFO - ::group::Pre task execution logs
[2024-10-02T19:00:45.114+0000] {taskinstance.py:2076} INFO - Dependencies all met for dep_context=non-requeueable deps ti=<TaskInstance: etl_covid_europa_pipeline.extrair scheduled__2024-03-26T00:00:00+00:00 [queued]>
[2024-10-02T19:00:45.290+0000] {taskinstance.py:2076} INFO - Dependencies all met for dep_context=requeueable deps ti=<TaskInstance: etl_covid_europa_pipeline.extrair scheduled__2024-03-26T00:00:00+00:00 [queued]>
[2024-10-02T19:00:45.290+0000] {taskinstance.py:2306} INFO - Starting attempt 1 of 1
[2024-10-02T19:00:45.302+0000] {taskinstance.py:2330} INFO - Executing <Task(PythonOperator): extrair> on 2024-03-26 00:00:00+00:00
[2024-10-02T19:00:45.308+0000] {warnings.py:112} WARNING - /home/***/.local/lib/python3.12/site-packages/***/task/task_runner/standard_task_runner.py:61: DeprecationWarning: This process (pid=6729) is multi-threaded, use of fork() may lead to deadlocks in the child.
  pid = os.fork()

[2024-10-02T19:00:45.309+0000] {standard_task_runner.py:63} INFO - Started process 6743 to run task
[2024-10-02T19:00:45.309+0000] {standard_task_runner.py:90} INFO - Running: ['***', 'tasks', 'run', 'etl_covid_europa_pipeline', 'extrair', 'scheduled__2024-03-26T00:00:00+00:00', '--job-id', '1449', '--raw', '--subdir', 'DAGS_FOLDER/etl_pipeline.py', '--cfg-path', '/tmp/tmpabd54dc7']
[2024-10-02T19:00:45.311+0000] {standard_task_runner.py:91} INFO - Job 1449: Subtask extrair
[2024-10-02T19:00:45.352+0000] {task_command.py:426} INFO - Running <TaskInstance: etl_covid_europa_pipeline.extrair scheduled__2024-03-26T00:00:00+00:00 [running]> on host 99de7dfc3871
[2024-10-02T19:00:45.431+0000] {taskinstance.py:2648} INFO - Exporting env vars: AIRFLOW_CTX_DAG_OWNER='***' AIRFLOW_CTX_DAG_ID='etl_covid_europa_pipeline' AIRFLOW_CTX_TASK_ID='extrair' AIRFLOW_CTX_EXECUTION_DATE='2024-03-26T00:00:00+00:00' AIRFLOW_CTX_TRY_NUMBER='1' AIRFLOW_CTX_DAG_RUN_ID='scheduled__2024-03-26T00:00:00+00:00'
[2024-10-02T19:00:45.435+0000] {taskinstance.py:430} INFO - ::endgroup::
[2024-10-02T19:00:52.694+0000] {python.py:237} INFO - Done. Returned value was: None
[2024-10-02T19:00:52.696+0000] {taskinstance.py:441} INFO - ::group::Post task execution logs
[2024-10-02T19:00:52.705+0000] {taskinstance.py:1206} INFO - Marking task as SUCCESS. dag_id=etl_covid_europa_pipeline, task_id=extrair, run_id=scheduled__2024-03-26T00:00:00+00:00, execution_date=20240326T000000, start_date=20241002T190045, end_date=20241002T190052
[2024-10-02T19:00:52.786+0000] {local_task_job_runner.py:240} INFO - Task exited with return code 0
[2024-10-02T19:00:52.827+0000] {taskinstance.py:3503} INFO - 1 downstream tasks scheduled from follow-on schedule check
[2024-10-02T19:00:52.829+0000] {local_task_job_runner.py:222} INFO - ::endgroup::
[2024-10-02T19:27:09.439+0000] {local_task_job_runner.py:120} INFO - ::group::Pre task execution logs
[2024-10-02T19:27:09.464+0000] {taskinstance.py:2076} INFO - Dependencies all met for dep_context=non-requeueable deps ti=<TaskInstance: etl_covid_europa_pipeline.extrair scheduled__2024-03-26T00:00:00+00:00 [queued]>
[2024-10-02T19:27:09.473+0000] {taskinstance.py:2076} INFO - Dependencies all met for dep_context=requeueable deps ti=<TaskInstance: etl_covid_europa_pipeline.extrair scheduled__2024-03-26T00:00:00+00:00 [queued]>
[2024-10-02T19:27:09.473+0000] {taskinstance.py:2306} INFO - Starting attempt 1 of 1
[2024-10-02T19:27:09.761+0000] {taskinstance.py:2330} INFO - Executing <Task(PythonOperator): extrair> on 2024-03-26 00:00:00+00:00
[2024-10-02T19:27:09.770+0000] {warnings.py:112} WARNING - /home/***/.local/lib/python3.12/site-packages/***/task/task_runner/standard_task_runner.py:61: DeprecationWarning: This process (pid=10224) is multi-threaded, use of fork() may lead to deadlocks in the child.
  pid = os.fork()

[2024-10-02T19:27:09.772+0000] {standard_task_runner.py:63} INFO - Started process 10241 to run task
[2024-10-02T19:27:09.771+0000] {standard_task_runner.py:90} INFO - Running: ['***', 'tasks', 'run', 'etl_covid_europa_pipeline', 'extrair', 'scheduled__2024-03-26T00:00:00+00:00', '--job-id', '2499', '--raw', '--subdir', 'DAGS_FOLDER/etl_pipeline_agrupar_continente.py', '--cfg-path', '/tmp/tmpbibltfh0']
[2024-10-02T19:27:09.774+0000] {standard_task_runner.py:91} INFO - Job 2499: Subtask extrair
[2024-10-02T19:27:09.829+0000] {task_command.py:426} INFO - Running <TaskInstance: etl_covid_europa_pipeline.extrair scheduled__2024-03-26T00:00:00+00:00 [running]> on host 99de7dfc3871
[2024-10-02T19:27:09.942+0000] {taskinstance.py:2648} INFO - Exporting env vars: AIRFLOW_CTX_DAG_OWNER='***' AIRFLOW_CTX_DAG_ID='etl_covid_europa_pipeline' AIRFLOW_CTX_TASK_ID='extrair' AIRFLOW_CTX_EXECUTION_DATE='2024-03-26T00:00:00+00:00' AIRFLOW_CTX_TRY_NUMBER='1' AIRFLOW_CTX_DAG_RUN_ID='scheduled__2024-03-26T00:00:00+00:00'
[2024-10-02T19:27:09.943+0000] {taskinstance.py:430} INFO - ::endgroup::
[2024-10-02T19:27:16.111+0000] {python.py:237} INFO - Done. Returned value was: None
[2024-10-02T19:27:16.112+0000] {taskinstance.py:441} INFO - ::group::Post task execution logs
[2024-10-02T19:27:16.121+0000] {taskinstance.py:1206} INFO - Marking task as SUCCESS. dag_id=etl_covid_europa_pipeline, task_id=extrair, run_id=scheduled__2024-03-26T00:00:00+00:00, execution_date=20240326T000000, start_date=20241002T192709, end_date=20241002T192716
[2024-10-02T19:27:16.157+0000] {local_task_job_runner.py:240} INFO - Task exited with return code 0
[2024-10-02T19:27:16.165+0000] {local_task_job_runner.py:222} INFO - ::endgroup::
