[2024-10-02T17:30:27.870+0000] {local_task_job_runner.py:120} INFO - ::group::Pre task execution logs
[2024-10-02T17:30:27.899+0000] {taskinstance.py:2076} INFO - Dependencies all met for dep_context=non-requeueable deps ti=<TaskInstance: etl_covid_europa_pipeline.extrair scheduled__2024-07-12T00:00:00+00:00 [queued]>
[2024-10-02T17:30:27.908+0000] {taskinstance.py:2076} INFO - Dependencies all met for dep_context=requeueable deps ti=<TaskInstance: etl_covid_europa_pipeline.extrair scheduled__2024-07-12T00:00:00+00:00 [queued]>
[2024-10-02T17:30:27.908+0000] {taskinstance.py:2306} INFO - Starting attempt 1 of 1
[2024-10-02T17:30:28.193+0000] {taskinstance.py:2330} INFO - Executing <Task(PythonOperator): extrair> on 2024-07-12 00:00:00+00:00
[2024-10-02T17:30:28.199+0000] {warnings.py:112} WARNING - /home/***/.local/lib/python3.12/site-packages/***/task/task_runner/standard_task_runner.py:61: DeprecationWarning: This process (pid=2705) is multi-threaded, use of fork() may lead to deadlocks in the child.
  pid = os.fork()

[2024-10-02T17:30:28.201+0000] {standard_task_runner.py:63} INFO - Started process 2719 to run task
[2024-10-02T17:30:28.201+0000] {standard_task_runner.py:90} INFO - Running: ['***', 'tasks', 'run', 'etl_covid_europa_pipeline', 'extrair', 'scheduled__2024-07-12T00:00:00+00:00', '--job-id', '498', '--raw', '--subdir', 'DAGS_FOLDER/etl_pipeline.py', '--cfg-path', '/tmp/tmp0vb58s1e']
[2024-10-02T17:30:28.203+0000] {standard_task_runner.py:91} INFO - Job 498: Subtask extrair
[2024-10-02T17:30:28.247+0000] {task_command.py:426} INFO - Running <TaskInstance: etl_covid_europa_pipeline.extrair scheduled__2024-07-12T00:00:00+00:00 [running]> on host 99de7dfc3871
[2024-10-02T17:30:28.331+0000] {taskinstance.py:2648} INFO - Exporting env vars: AIRFLOW_CTX_DAG_OWNER='***' AIRFLOW_CTX_DAG_ID='etl_covid_europa_pipeline' AIRFLOW_CTX_TASK_ID='extrair' AIRFLOW_CTX_EXECUTION_DATE='2024-07-12T00:00:00+00:00' AIRFLOW_CTX_TRY_NUMBER='1' AIRFLOW_CTX_DAG_RUN_ID='scheduled__2024-07-12T00:00:00+00:00'
[2024-10-02T17:30:28.332+0000] {taskinstance.py:430} INFO - ::endgroup::
[2024-10-02T17:30:35.459+0000] {python.py:237} INFO - Done. Returned value was: None
[2024-10-02T17:30:35.460+0000] {taskinstance.py:441} INFO - ::group::Post task execution logs
[2024-10-02T17:30:35.470+0000] {taskinstance.py:1206} INFO - Marking task as SUCCESS. dag_id=etl_covid_europa_pipeline, task_id=extrair, run_id=scheduled__2024-07-12T00:00:00+00:00, execution_date=20240712T000000, start_date=20241002T173027, end_date=20241002T173035
[2024-10-02T17:30:35.521+0000] {local_task_job_runner.py:240} INFO - Task exited with return code 0
[2024-10-02T17:30:35.579+0000] {taskinstance.py:3503} INFO - 1 downstream tasks scheduled from follow-on schedule check
[2024-10-02T17:30:35.588+0000] {local_task_job_runner.py:222} INFO - ::endgroup::
[2024-10-02T18:54:20.627+0000] {local_task_job_runner.py:120} INFO - ::group::Pre task execution logs
[2024-10-02T18:54:20.654+0000] {taskinstance.py:2076} INFO - Dependencies all met for dep_context=non-requeueable deps ti=<TaskInstance: etl_covid_europa_pipeline.extrair scheduled__2024-07-12T00:00:00+00:00 [queued]>
[2024-10-02T18:54:20.667+0000] {taskinstance.py:2076} INFO - Dependencies all met for dep_context=requeueable deps ti=<TaskInstance: etl_covid_europa_pipeline.extrair scheduled__2024-07-12T00:00:00+00:00 [queued]>
[2024-10-02T18:54:20.668+0000] {taskinstance.py:2306} INFO - Starting attempt 1 of 1
[2024-10-02T18:54:20.903+0000] {taskinstance.py:2330} INFO - Executing <Task(PythonOperator): extrair> on 2024-07-12 00:00:00+00:00
[2024-10-02T18:54:20.911+0000] {warnings.py:112} WARNING - /home/***/.local/lib/python3.12/site-packages/***/task/task_runner/standard_task_runner.py:61: DeprecationWarning: This process (pid=4471) is multi-threaded, use of fork() may lead to deadlocks in the child.
  pid = os.fork()

[2024-10-02T18:54:20.912+0000] {standard_task_runner.py:63} INFO - Started process 4488 to run task
[2024-10-02T18:54:20.912+0000] {standard_task_runner.py:90} INFO - Running: ['***', 'tasks', 'run', 'etl_covid_europa_pipeline', 'extrair', 'scheduled__2024-07-12T00:00:00+00:00', '--job-id', '722', '--raw', '--subdir', 'DAGS_FOLDER/etl_pipeline.py', '--cfg-path', '/tmp/tmp_bbuk9uq']
[2024-10-02T18:54:20.915+0000] {standard_task_runner.py:91} INFO - Job 722: Subtask extrair
[2024-10-02T18:54:20.962+0000] {task_command.py:426} INFO - Running <TaskInstance: etl_covid_europa_pipeline.extrair scheduled__2024-07-12T00:00:00+00:00 [running]> on host 99de7dfc3871
[2024-10-02T18:54:21.056+0000] {taskinstance.py:2648} INFO - Exporting env vars: AIRFLOW_CTX_DAG_OWNER='***' AIRFLOW_CTX_DAG_ID='etl_covid_europa_pipeline' AIRFLOW_CTX_TASK_ID='extrair' AIRFLOW_CTX_EXECUTION_DATE='2024-07-12T00:00:00+00:00' AIRFLOW_CTX_TRY_NUMBER='1' AIRFLOW_CTX_DAG_RUN_ID='scheduled__2024-07-12T00:00:00+00:00'
[2024-10-02T18:54:21.058+0000] {taskinstance.py:430} INFO - ::endgroup::
[2024-10-02T18:54:27.923+0000] {python.py:237} INFO - Done. Returned value was: None
[2024-10-02T18:54:27.927+0000] {taskinstance.py:441} INFO - ::group::Post task execution logs
[2024-10-02T18:54:27.938+0000] {taskinstance.py:1206} INFO - Marking task as SUCCESS. dag_id=etl_covid_europa_pipeline, task_id=extrair, run_id=scheduled__2024-07-12T00:00:00+00:00, execution_date=20240712T000000, start_date=20241002T185420, end_date=20241002T185427
[2024-10-02T18:54:27.979+0000] {local_task_job_runner.py:240} INFO - Task exited with return code 0
[2024-10-02T18:54:28.017+0000] {taskinstance.py:3503} INFO - 1 downstream tasks scheduled from follow-on schedule check
[2024-10-02T18:54:28.023+0000] {local_task_job_runner.py:222} INFO - ::endgroup::
[2024-10-02T19:03:07.845+0000] {local_task_job_runner.py:120} INFO - ::group::Pre task execution logs
[2024-10-02T19:03:07.869+0000] {taskinstance.py:2076} INFO - Dependencies all met for dep_context=non-requeueable deps ti=<TaskInstance: etl_covid_europa_pipeline.extrair scheduled__2024-07-12T00:00:00+00:00 [queued]>
[2024-10-02T19:03:08.049+0000] {taskinstance.py:2076} INFO - Dependencies all met for dep_context=requeueable deps ti=<TaskInstance: etl_covid_europa_pipeline.extrair scheduled__2024-07-12T00:00:00+00:00 [queued]>
[2024-10-02T19:03:08.049+0000] {taskinstance.py:2306} INFO - Starting attempt 1 of 1
[2024-10-02T19:03:08.206+0000] {taskinstance.py:2330} INFO - Executing <Task(PythonOperator): extrair> on 2024-07-12 00:00:00+00:00
[2024-10-02T19:03:08.213+0000] {warnings.py:112} WARNING - /home/***/.local/lib/python3.12/site-packages/***/task/task_runner/standard_task_runner.py:61: DeprecationWarning: This process (pid=7658) is multi-threaded, use of fork() may lead to deadlocks in the child.
  pid = os.fork()

[2024-10-02T19:03:08.215+0000] {standard_task_runner.py:63} INFO - Started process 7674 to run task
[2024-10-02T19:03:08.215+0000] {standard_task_runner.py:90} INFO - Running: ['***', 'tasks', 'run', 'etl_covid_europa_pipeline', 'extrair', 'scheduled__2024-07-12T00:00:00+00:00', '--job-id', '1747', '--raw', '--subdir', 'DAGS_FOLDER/etl_pipeline.py', '--cfg-path', '/tmp/tmp1cfmhd0y']
[2024-10-02T19:03:08.217+0000] {standard_task_runner.py:91} INFO - Job 1747: Subtask extrair
[2024-10-02T19:03:08.278+0000] {task_command.py:426} INFO - Running <TaskInstance: etl_covid_europa_pipeline.extrair scheduled__2024-07-12T00:00:00+00:00 [running]> on host 99de7dfc3871
[2024-10-02T19:03:08.375+0000] {taskinstance.py:2648} INFO - Exporting env vars: AIRFLOW_CTX_DAG_OWNER='***' AIRFLOW_CTX_DAG_ID='etl_covid_europa_pipeline' AIRFLOW_CTX_TASK_ID='extrair' AIRFLOW_CTX_EXECUTION_DATE='2024-07-12T00:00:00+00:00' AIRFLOW_CTX_TRY_NUMBER='1' AIRFLOW_CTX_DAG_RUN_ID='scheduled__2024-07-12T00:00:00+00:00'
[2024-10-02T19:03:08.378+0000] {taskinstance.py:430} INFO - ::endgroup::
[2024-10-02T19:03:13.689+0000] {python.py:237} INFO - Done. Returned value was: None
[2024-10-02T19:03:13.691+0000] {taskinstance.py:441} INFO - ::group::Post task execution logs
[2024-10-02T19:03:13.703+0000] {taskinstance.py:1206} INFO - Marking task as SUCCESS. dag_id=etl_covid_europa_pipeline, task_id=extrair, run_id=scheduled__2024-07-12T00:00:00+00:00, execution_date=20240712T000000, start_date=20241002T190307, end_date=20241002T190313
[2024-10-02T19:03:13.892+0000] {local_task_job_runner.py:240} INFO - Task exited with return code 0
[2024-10-02T19:03:13.927+0000] {taskinstance.py:3503} INFO - 1 downstream tasks scheduled from follow-on schedule check
[2024-10-02T19:03:13.930+0000] {local_task_job_runner.py:222} INFO - ::endgroup::
