[2024-10-02T19:01:08.199+0000] {local_task_job_runner.py:120} INFO - ::group::Pre task execution logs
[2024-10-02T19:01:08.232+0000] {taskinstance.py:2076} INFO - Dependencies all met for dep_context=non-requeueable deps ti=<TaskInstance: etl_covid_europa_pipeline.carregar scheduled__2024-04-01T00:00:00+00:00 [queued]>
[2024-10-02T19:01:08.475+0000] {taskinstance.py:2076} INFO - Dependencies all met for dep_context=requeueable deps ti=<TaskInstance: etl_covid_europa_pipeline.carregar scheduled__2024-04-01T00:00:00+00:00 [queued]>
[2024-10-02T19:01:08.476+0000] {taskinstance.py:2306} INFO - Starting attempt 1 of 1
[2024-10-02T19:01:08.498+0000] {taskinstance.py:2330} INFO - Executing <Task(PythonOperator): carregar> on 2024-04-01 00:00:00+00:00
[2024-10-02T19:01:08.505+0000] {warnings.py:112} WARNING - /home/***/.local/lib/python3.12/site-packages/***/task/task_runner/standard_task_runner.py:61: DeprecationWarning: This process (pid=6905) is multi-threaded, use of fork() may lead to deadlocks in the child.
  pid = os.fork()

[2024-10-02T19:01:08.506+0000] {standard_task_runner.py:63} INFO - Started process 6918 to run task
[2024-10-02T19:01:08.507+0000] {standard_task_runner.py:90} INFO - Running: ['***', 'tasks', 'run', 'etl_covid_europa_pipeline', 'carregar', 'scheduled__2024-04-01T00:00:00+00:00', '--job-id', '1502', '--raw', '--subdir', 'DAGS_FOLDER/etl_pipeline.py', '--cfg-path', '/tmp/tmpa4vyk6vh']
[2024-10-02T19:01:08.508+0000] {standard_task_runner.py:91} INFO - Job 1502: Subtask carregar
[2024-10-02T19:01:08.557+0000] {task_command.py:426} INFO - Running <TaskInstance: etl_covid_europa_pipeline.carregar scheduled__2024-04-01T00:00:00+00:00 [running]> on host 99de7dfc3871
[2024-10-02T19:01:08.667+0000] {taskinstance.py:2648} INFO - Exporting env vars: AIRFLOW_CTX_DAG_OWNER='***' AIRFLOW_CTX_DAG_ID='etl_covid_europa_pipeline' AIRFLOW_CTX_TASK_ID='carregar' AIRFLOW_CTX_EXECUTION_DATE='2024-04-01T00:00:00+00:00' AIRFLOW_CTX_TRY_NUMBER='1' AIRFLOW_CTX_DAG_RUN_ID='scheduled__2024-04-01T00:00:00+00:00'
[2024-10-02T19:01:08.672+0000] {taskinstance.py:430} INFO - ::endgroup::
[2024-10-02T19:01:08.733+0000] {python.py:237} INFO - Done. Returned value was: None
[2024-10-02T19:01:08.734+0000] {taskinstance.py:441} INFO - ::group::Post task execution logs
[2024-10-02T19:01:08.743+0000] {taskinstance.py:1206} INFO - Marking task as SUCCESS. dag_id=etl_covid_europa_pipeline, task_id=carregar, run_id=scheduled__2024-04-01T00:00:00+00:00, execution_date=20240401T000000, start_date=20241002T190108, end_date=20241002T190108
[2024-10-02T19:01:08.800+0000] {local_task_job_runner.py:240} INFO - Task exited with return code 0
[2024-10-02T19:01:08.816+0000] {taskinstance.py:3503} INFO - 0 downstream tasks scheduled from follow-on schedule check
[2024-10-02T19:01:08.818+0000] {local_task_job_runner.py:222} INFO - ::endgroup::
[2024-10-02T19:27:20.956+0000] {local_task_job_runner.py:120} INFO - ::group::Pre task execution logs
[2024-10-02T19:27:21.313+0000] {taskinstance.py:2076} INFO - Dependencies all met for dep_context=non-requeueable deps ti=<TaskInstance: etl_covid_europa_pipeline.carregar scheduled__2024-04-01T00:00:00+00:00 [queued]>
[2024-10-02T19:27:21.333+0000] {taskinstance.py:2076} INFO - Dependencies all met for dep_context=requeueable deps ti=<TaskInstance: etl_covid_europa_pipeline.carregar scheduled__2024-04-01T00:00:00+00:00 [queued]>
[2024-10-02T19:27:21.334+0000] {taskinstance.py:2306} INFO - Starting attempt 1 of 1
[2024-10-02T19:27:21.434+0000] {taskinstance.py:2330} INFO - Executing <Task(PythonOperator): carregar> on 2024-04-01 00:00:00+00:00
[2024-10-02T19:27:21.445+0000] {warnings.py:112} WARNING - /home/***/.local/lib/python3.12/site-packages/***/task/task_runner/standard_task_runner.py:61: DeprecationWarning: This process (pid=10310) is multi-threaded, use of fork() may lead to deadlocks in the child.
  pid = os.fork()

[2024-10-02T19:27:21.447+0000] {standard_task_runner.py:63} INFO - Started process 10335 to run task
[2024-10-02T19:27:21.445+0000] {standard_task_runner.py:90} INFO - Running: ['***', 'tasks', 'run', 'etl_covid_europa_pipeline', 'carregar', 'scheduled__2024-04-01T00:00:00+00:00', '--job-id', '2532', '--raw', '--subdir', 'DAGS_FOLDER/etl_pipeline_agrupar_continente.py', '--cfg-path', '/tmp/tmp2649vw29']
[2024-10-02T19:27:21.449+0000] {standard_task_runner.py:91} INFO - Job 2532: Subtask carregar
[2024-10-02T19:27:21.527+0000] {task_command.py:426} INFO - Running <TaskInstance: etl_covid_europa_pipeline.carregar scheduled__2024-04-01T00:00:00+00:00 [running]> on host 99de7dfc3871
[2024-10-02T19:27:21.661+0000] {taskinstance.py:2648} INFO - Exporting env vars: AIRFLOW_CTX_DAG_OWNER='***' AIRFLOW_CTX_DAG_ID='etl_covid_europa_pipeline' AIRFLOW_CTX_TASK_ID='carregar' AIRFLOW_CTX_EXECUTION_DATE='2024-04-01T00:00:00+00:00' AIRFLOW_CTX_TRY_NUMBER='1' AIRFLOW_CTX_DAG_RUN_ID='scheduled__2024-04-01T00:00:00+00:00'
[2024-10-02T19:27:21.662+0000] {taskinstance.py:430} INFO - ::endgroup::
[2024-10-02T19:27:21.755+0000] {python.py:237} INFO - Done. Returned value was: None
[2024-10-02T19:27:21.756+0000] {taskinstance.py:441} INFO - ::group::Post task execution logs
[2024-10-02T19:27:21.767+0000] {taskinstance.py:1206} INFO - Marking task as SUCCESS. dag_id=etl_covid_europa_pipeline, task_id=carregar, run_id=scheduled__2024-04-01T00:00:00+00:00, execution_date=20240401T000000, start_date=20241002T192721, end_date=20241002T192721
[2024-10-02T19:27:21.824+0000] {local_task_job_runner.py:240} INFO - Task exited with return code 0
[2024-10-02T19:27:21.845+0000] {taskinstance.py:3503} INFO - 0 downstream tasks scheduled from follow-on schedule check
[2024-10-02T19:27:21.849+0000] {local_task_job_runner.py:222} INFO - ::endgroup::
