[2024-10-02T19:00:54.213+0000] {local_task_job_runner.py:120} INFO - ::group::Pre task execution logs
[2024-10-02T19:00:54.246+0000] {taskinstance.py:2076} INFO - Dependencies all met for dep_context=non-requeueable deps ti=<TaskInstance: etl_covid_europa_pipeline.carregar scheduled__2024-03-24T00:00:00+00:00 [queued]>
[2024-10-02T19:00:54.556+0000] {taskinstance.py:2076} INFO - Dependencies all met for dep_context=requeueable deps ti=<TaskInstance: etl_covid_europa_pipeline.carregar scheduled__2024-03-24T00:00:00+00:00 [queued]>
[2024-10-02T19:00:54.557+0000] {taskinstance.py:2306} INFO - Starting attempt 1 of 1
[2024-10-02T19:00:54.573+0000] {taskinstance.py:2330} INFO - Executing <Task(PythonOperator): carregar> on 2024-03-24 00:00:00+00:00
[2024-10-02T19:00:54.581+0000] {warnings.py:112} WARNING - /home/***/.local/lib/python3.12/site-packages/***/task/task_runner/standard_task_runner.py:61: DeprecationWarning: This process (pid=6799) is multi-threaded, use of fork() may lead to deadlocks in the child.
  pid = os.fork()

[2024-10-02T19:00:54.582+0000] {standard_task_runner.py:63} INFO - Started process 6818 to run task
[2024-10-02T19:00:54.582+0000] {standard_task_runner.py:90} INFO - Running: ['***', 'tasks', 'run', 'etl_covid_europa_pipeline', 'carregar', 'scheduled__2024-03-24T00:00:00+00:00', '--job-id', '1471', '--raw', '--subdir', 'DAGS_FOLDER/etl_pipeline.py', '--cfg-path', '/tmp/tmphdnmsb8d']
[2024-10-02T19:00:54.585+0000] {standard_task_runner.py:91} INFO - Job 1471: Subtask carregar
[2024-10-02T19:00:54.630+0000] {task_command.py:426} INFO - Running <TaskInstance: etl_covid_europa_pipeline.carregar scheduled__2024-03-24T00:00:00+00:00 [running]> on host 99de7dfc3871
[2024-10-02T19:00:54.726+0000] {taskinstance.py:2648} INFO - Exporting env vars: AIRFLOW_CTX_DAG_OWNER='***' AIRFLOW_CTX_DAG_ID='etl_covid_europa_pipeline' AIRFLOW_CTX_TASK_ID='carregar' AIRFLOW_CTX_EXECUTION_DATE='2024-03-24T00:00:00+00:00' AIRFLOW_CTX_TRY_NUMBER='1' AIRFLOW_CTX_DAG_RUN_ID='scheduled__2024-03-24T00:00:00+00:00'
[2024-10-02T19:00:54.730+0000] {taskinstance.py:430} INFO - ::endgroup::
[2024-10-02T19:00:54.788+0000] {python.py:237} INFO - Done. Returned value was: None
[2024-10-02T19:00:54.789+0000] {taskinstance.py:441} INFO - ::group::Post task execution logs
[2024-10-02T19:00:54.798+0000] {taskinstance.py:1206} INFO - Marking task as SUCCESS. dag_id=etl_covid_europa_pipeline, task_id=carregar, run_id=scheduled__2024-03-24T00:00:00+00:00, execution_date=20240324T000000, start_date=20241002T190054, end_date=20241002T190054
[2024-10-02T19:00:54.837+0000] {local_task_job_runner.py:240} INFO - Task exited with return code 0
[2024-10-02T19:00:54.852+0000] {taskinstance.py:3503} INFO - 0 downstream tasks scheduled from follow-on schedule check
[2024-10-02T19:00:54.854+0000] {local_task_job_runner.py:222} INFO - ::endgroup::
[2024-10-02T19:27:20.154+0000] {local_task_job_runner.py:120} INFO - ::group::Pre task execution logs
[2024-10-02T19:27:20.570+0000] {taskinstance.py:2076} INFO - Dependencies all met for dep_context=non-requeueable deps ti=<TaskInstance: etl_covid_europa_pipeline.carregar scheduled__2024-03-24T00:00:00+00:00 [queued]>
[2024-10-02T19:27:20.594+0000] {taskinstance.py:2076} INFO - Dependencies all met for dep_context=requeueable deps ti=<TaskInstance: etl_covid_europa_pipeline.carregar scheduled__2024-03-24T00:00:00+00:00 [queued]>
[2024-10-02T19:27:20.594+0000] {taskinstance.py:2306} INFO - Starting attempt 1 of 1
[2024-10-02T19:27:20.633+0000] {taskinstance.py:2330} INFO - Executing <Task(PythonOperator): carregar> on 2024-03-24 00:00:00+00:00
[2024-10-02T19:27:20.646+0000] {warnings.py:112} WARNING - /home/***/.local/lib/python3.12/site-packages/***/task/task_runner/standard_task_runner.py:61: DeprecationWarning: This process (pid=10300) is multi-threaded, use of fork() may lead to deadlocks in the child.
  pid = os.fork()

[2024-10-02T19:27:20.648+0000] {standard_task_runner.py:63} INFO - Started process 10326 to run task
[2024-10-02T19:27:20.650+0000] {standard_task_runner.py:90} INFO - Running: ['***', 'tasks', 'run', 'etl_covid_europa_pipeline', 'carregar', 'scheduled__2024-03-24T00:00:00+00:00', '--job-id', '2527', '--raw', '--subdir', 'DAGS_FOLDER/etl_pipeline_agrupar_continente.py', '--cfg-path', '/tmp/tmpwnio4ssx']
[2024-10-02T19:27:20.654+0000] {standard_task_runner.py:91} INFO - Job 2527: Subtask carregar
[2024-10-02T19:27:20.777+0000] {task_command.py:426} INFO - Running <TaskInstance: etl_covid_europa_pipeline.carregar scheduled__2024-03-24T00:00:00+00:00 [running]> on host 99de7dfc3871
[2024-10-02T19:27:20.994+0000] {taskinstance.py:2648} INFO - Exporting env vars: AIRFLOW_CTX_DAG_OWNER='***' AIRFLOW_CTX_DAG_ID='etl_covid_europa_pipeline' AIRFLOW_CTX_TASK_ID='carregar' AIRFLOW_CTX_EXECUTION_DATE='2024-03-24T00:00:00+00:00' AIRFLOW_CTX_TRY_NUMBER='1' AIRFLOW_CTX_DAG_RUN_ID='scheduled__2024-03-24T00:00:00+00:00'
[2024-10-02T19:27:20.996+0000] {taskinstance.py:430} INFO - ::endgroup::
[2024-10-02T19:27:21.145+0000] {python.py:237} INFO - Done. Returned value was: None
[2024-10-02T19:27:21.146+0000] {taskinstance.py:441} INFO - ::group::Post task execution logs
[2024-10-02T19:27:21.159+0000] {taskinstance.py:1206} INFO - Marking task as SUCCESS. dag_id=etl_covid_europa_pipeline, task_id=carregar, run_id=scheduled__2024-03-24T00:00:00+00:00, execution_date=20240324T000000, start_date=20241002T192720, end_date=20241002T192721
[2024-10-02T19:27:21.237+0000] {local_task_job_runner.py:240} INFO - Task exited with return code 0
[2024-10-02T19:27:21.267+0000] {taskinstance.py:3503} INFO - 0 downstream tasks scheduled from follow-on schedule check
[2024-10-02T19:27:21.277+0000] {local_task_job_runner.py:222} INFO - ::endgroup::
