[2024-10-02T18:58:56.601+0000] {local_task_job_runner.py:120} INFO - ::group::Pre task execution logs
[2024-10-02T18:58:56.645+0000] {taskinstance.py:2076} INFO - Dependencies all met for dep_context=non-requeueable deps ti=<TaskInstance: etl_covid_europa_pipeline.transformar scheduled__2024-01-03T00:00:00+00:00 [queued]>
[2024-10-02T18:58:56.669+0000] {taskinstance.py:2076} INFO - Dependencies all met for dep_context=requeueable deps ti=<TaskInstance: etl_covid_europa_pipeline.transformar scheduled__2024-01-03T00:00:00+00:00 [queued]>
[2024-10-02T18:58:56.670+0000] {taskinstance.py:2306} INFO - Starting attempt 1 of 1
[2024-10-02T18:58:56.943+0000] {taskinstance.py:2330} INFO - Executing <Task(PythonOperator): transformar> on 2024-01-03 00:00:00+00:00
[2024-10-02T18:58:56.953+0000] {warnings.py:112} WARNING - /home/***/.local/lib/python3.12/site-packages/***/task/task_runner/standard_task_runner.py:61: DeprecationWarning: This process (pid=6079) is multi-threaded, use of fork() may lead to deadlocks in the child.
  pid = os.fork()

[2024-10-02T18:58:56.956+0000] {standard_task_runner.py:63} INFO - Started process 6097 to run task
[2024-10-02T18:58:56.955+0000] {standard_task_runner.py:90} INFO - Running: ['***', 'tasks', 'run', 'etl_covid_europa_pipeline', 'transformar', 'scheduled__2024-01-03T00:00:00+00:00', '--job-id', '1243', '--raw', '--subdir', 'DAGS_FOLDER/etl_pipeline.py', '--cfg-path', '/tmp/tmp85wji30j']
[2024-10-02T18:58:56.958+0000] {standard_task_runner.py:91} INFO - Job 1243: Subtask transformar
[2024-10-02T18:58:57.014+0000] {task_command.py:426} INFO - Running <TaskInstance: etl_covid_europa_pipeline.transformar scheduled__2024-01-03T00:00:00+00:00 [running]> on host 99de7dfc3871
[2024-10-02T18:58:57.123+0000] {taskinstance.py:2648} INFO - Exporting env vars: AIRFLOW_CTX_DAG_OWNER='***' AIRFLOW_CTX_DAG_ID='etl_covid_europa_pipeline' AIRFLOW_CTX_TASK_ID='transformar' AIRFLOW_CTX_EXECUTION_DATE='2024-01-03T00:00:00+00:00' AIRFLOW_CTX_TRY_NUMBER='1' AIRFLOW_CTX_DAG_RUN_ID='scheduled__2024-01-03T00:00:00+00:00'
[2024-10-02T18:58:57.125+0000] {taskinstance.py:430} INFO - ::endgroup::
[2024-10-02T18:58:57.254+0000] {python.py:237} INFO - Done. Returned value was: None
[2024-10-02T18:58:57.255+0000] {taskinstance.py:441} INFO - ::group::Post task execution logs
[2024-10-02T18:58:57.268+0000] {taskinstance.py:1206} INFO - Marking task as SUCCESS. dag_id=etl_covid_europa_pipeline, task_id=transformar, run_id=scheduled__2024-01-03T00:00:00+00:00, execution_date=20240103T000000, start_date=20241002T185856, end_date=20241002T185857
[2024-10-02T18:58:57.331+0000] {local_task_job_runner.py:240} INFO - Task exited with return code 0
[2024-10-02T18:58:57.348+0000] {taskinstance.py:3503} INFO - 1 downstream tasks scheduled from follow-on schedule check
[2024-10-02T18:58:57.351+0000] {local_task_job_runner.py:222} INFO - ::endgroup::
[2024-10-02T19:25:28.029+0000] {local_task_job_runner.py:120} INFO - ::group::Pre task execution logs
[2024-10-02T19:25:28.077+0000] {taskinstance.py:2076} INFO - Dependencies all met for dep_context=non-requeueable deps ti=<TaskInstance: etl_covid_europa_pipeline.transformar scheduled__2024-01-03T00:00:00+00:00 [queued]>
[2024-10-02T19:25:28.436+0000] {taskinstance.py:2076} INFO - Dependencies all met for dep_context=requeueable deps ti=<TaskInstance: etl_covid_europa_pipeline.transformar scheduled__2024-01-03T00:00:00+00:00 [queued]>
[2024-10-02T19:25:28.437+0000] {taskinstance.py:2306} INFO - Starting attempt 1 of 1
[2024-10-02T19:25:28.461+0000] {taskinstance.py:2330} INFO - Executing <Task(PythonOperator): transformar> on 2024-01-03 00:00:00+00:00
[2024-10-02T19:25:28.471+0000] {warnings.py:112} WARNING - /home/***/.local/lib/python3.12/site-packages/***/task/task_runner/standard_task_runner.py:61: DeprecationWarning: This process (pid=9513) is multi-threaded, use of fork() may lead to deadlocks in the child.
  pid = os.fork()

[2024-10-02T19:25:28.472+0000] {standard_task_runner.py:63} INFO - Started process 9524 to run task
[2024-10-02T19:25:28.473+0000] {standard_task_runner.py:90} INFO - Running: ['***', 'tasks', 'run', 'etl_covid_europa_pipeline', 'transformar', 'scheduled__2024-01-03T00:00:00+00:00', '--job-id', '2268', '--raw', '--subdir', 'DAGS_FOLDER/etl_pipeline.py', '--cfg-path', '/tmp/tmpn7p5sq3g']
[2024-10-02T19:25:28.475+0000] {standard_task_runner.py:91} INFO - Job 2268: Subtask transformar
[2024-10-02T19:25:28.549+0000] {task_command.py:426} INFO - Running <TaskInstance: etl_covid_europa_pipeline.transformar scheduled__2024-01-03T00:00:00+00:00 [running]> on host 99de7dfc3871
[2024-10-02T19:25:28.671+0000] {taskinstance.py:2648} INFO - Exporting env vars: AIRFLOW_CTX_DAG_OWNER='***' AIRFLOW_CTX_DAG_ID='etl_covid_europa_pipeline' AIRFLOW_CTX_TASK_ID='transformar' AIRFLOW_CTX_EXECUTION_DATE='2024-01-03T00:00:00+00:00' AIRFLOW_CTX_TRY_NUMBER='1' AIRFLOW_CTX_DAG_RUN_ID='scheduled__2024-01-03T00:00:00+00:00'
[2024-10-02T19:25:28.675+0000] {taskinstance.py:430} INFO - ::endgroup::
[2024-10-02T19:25:28.929+0000] {python.py:237} INFO - Done. Returned value was: None
[2024-10-02T19:25:28.931+0000] {taskinstance.py:441} INFO - ::group::Post task execution logs
[2024-10-02T19:25:28.944+0000] {taskinstance.py:1206} INFO - Marking task as SUCCESS. dag_id=etl_covid_europa_pipeline, task_id=transformar, run_id=scheduled__2024-01-03T00:00:00+00:00, execution_date=20240103T000000, start_date=20241002T192528, end_date=20241002T192528
[2024-10-02T19:25:29.009+0000] {local_task_job_runner.py:240} INFO - Task exited with return code 0
[2024-10-02T19:25:29.021+0000] {local_task_job_runner.py:222} INFO - ::endgroup::
