[2024-10-02T19:01:08.223+0000] {local_task_job_runner.py:120} INFO - ::group::Pre task execution logs
[2024-10-02T19:01:08.250+0000] {taskinstance.py:2076} INFO - Dependencies all met for dep_context=non-requeueable deps ti=<TaskInstance: etl_covid_europa_pipeline.carregar scheduled__2024-04-06T00:00:00+00:00 [queued]>
[2024-10-02T19:01:08.493+0000] {taskinstance.py:2076} INFO - Dependencies all met for dep_context=requeueable deps ti=<TaskInstance: etl_covid_europa_pipeline.carregar scheduled__2024-04-06T00:00:00+00:00 [queued]>
[2024-10-02T19:01:08.494+0000] {taskinstance.py:2306} INFO - Starting attempt 1 of 1
[2024-10-02T19:01:08.510+0000] {taskinstance.py:2330} INFO - Executing <Task(PythonOperator): carregar> on 2024-04-06 00:00:00+00:00
[2024-10-02T19:01:08.517+0000] {warnings.py:112} WARNING - /home/***/.local/lib/python3.12/site-packages/***/task/task_runner/standard_task_runner.py:61: DeprecationWarning: This process (pid=6906) is multi-threaded, use of fork() may lead to deadlocks in the child.
  pid = os.fork()

[2024-10-02T19:01:08.519+0000] {standard_task_runner.py:63} INFO - Started process 6920 to run task
[2024-10-02T19:01:08.519+0000] {standard_task_runner.py:90} INFO - Running: ['***', 'tasks', 'run', 'etl_covid_europa_pipeline', 'carregar', 'scheduled__2024-04-06T00:00:00+00:00', '--job-id', '1506', '--raw', '--subdir', 'DAGS_FOLDER/etl_pipeline.py', '--cfg-path', '/tmp/tmp98sfhpiv']
[2024-10-02T19:01:08.522+0000] {standard_task_runner.py:91} INFO - Job 1506: Subtask carregar
[2024-10-02T19:01:08.572+0000] {task_command.py:426} INFO - Running <TaskInstance: etl_covid_europa_pipeline.carregar scheduled__2024-04-06T00:00:00+00:00 [running]> on host 99de7dfc3871
[2024-10-02T19:01:08.675+0000] {taskinstance.py:2648} INFO - Exporting env vars: AIRFLOW_CTX_DAG_OWNER='***' AIRFLOW_CTX_DAG_ID='etl_covid_europa_pipeline' AIRFLOW_CTX_TASK_ID='carregar' AIRFLOW_CTX_EXECUTION_DATE='2024-04-06T00:00:00+00:00' AIRFLOW_CTX_TRY_NUMBER='1' AIRFLOW_CTX_DAG_RUN_ID='scheduled__2024-04-06T00:00:00+00:00'
[2024-10-02T19:01:08.678+0000] {taskinstance.py:430} INFO - ::endgroup::
[2024-10-02T19:01:08.745+0000] {python.py:237} INFO - Done. Returned value was: None
[2024-10-02T19:01:08.746+0000] {taskinstance.py:441} INFO - ::group::Post task execution logs
[2024-10-02T19:01:08.755+0000] {taskinstance.py:1206} INFO - Marking task as SUCCESS. dag_id=etl_covid_europa_pipeline, task_id=carregar, run_id=scheduled__2024-04-06T00:00:00+00:00, execution_date=20240406T000000, start_date=20241002T190108, end_date=20241002T190108
[2024-10-02T19:01:08.814+0000] {local_task_job_runner.py:240} INFO - Task exited with return code 0
[2024-10-02T19:01:08.832+0000] {taskinstance.py:3503} INFO - 0 downstream tasks scheduled from follow-on schedule check
[2024-10-02T19:01:08.835+0000] {local_task_job_runner.py:222} INFO - ::endgroup::
[2024-10-02T19:27:22.601+0000] {local_task_job_runner.py:120} INFO - ::group::Pre task execution logs
[2024-10-02T19:27:22.643+0000] {taskinstance.py:2076} INFO - Dependencies all met for dep_context=non-requeueable deps ti=<TaskInstance: etl_covid_europa_pipeline.carregar scheduled__2024-04-06T00:00:00+00:00 [queued]>
[2024-10-02T19:27:22.653+0000] {taskinstance.py:2076} INFO - Dependencies all met for dep_context=requeueable deps ti=<TaskInstance: etl_covid_europa_pipeline.carregar scheduled__2024-04-06T00:00:00+00:00 [queued]>
[2024-10-02T19:27:22.653+0000] {taskinstance.py:2306} INFO - Starting attempt 1 of 1
[2024-10-02T19:27:22.668+0000] {taskinstance.py:2330} INFO - Executing <Task(PythonOperator): carregar> on 2024-04-06 00:00:00+00:00
[2024-10-02T19:27:22.674+0000] {warnings.py:112} WARNING - /home/***/.local/lib/python3.12/site-packages/***/task/task_runner/standard_task_runner.py:61: DeprecationWarning: This process (pid=10341) is multi-threaded, use of fork() may lead to deadlocks in the child.
  pid = os.fork()

[2024-10-02T19:27:22.675+0000] {standard_task_runner.py:63} INFO - Started process 10353 to run task
[2024-10-02T19:27:22.675+0000] {standard_task_runner.py:90} INFO - Running: ['***', 'tasks', 'run', 'etl_covid_europa_pipeline', 'carregar', 'scheduled__2024-04-06T00:00:00+00:00', '--job-id', '2539', '--raw', '--subdir', 'DAGS_FOLDER/etl_pipeline_agrupar_continente.py', '--cfg-path', '/tmp/tmpdcun9618']
[2024-10-02T19:27:22.677+0000] {standard_task_runner.py:91} INFO - Job 2539: Subtask carregar
[2024-10-02T19:27:22.920+0000] {task_command.py:426} INFO - Running <TaskInstance: etl_covid_europa_pipeline.carregar scheduled__2024-04-06T00:00:00+00:00 [running]> on host 99de7dfc3871
[2024-10-02T19:27:23.004+0000] {taskinstance.py:2648} INFO - Exporting env vars: AIRFLOW_CTX_DAG_OWNER='***' AIRFLOW_CTX_DAG_ID='etl_covid_europa_pipeline' AIRFLOW_CTX_TASK_ID='carregar' AIRFLOW_CTX_EXECUTION_DATE='2024-04-06T00:00:00+00:00' AIRFLOW_CTX_TRY_NUMBER='1' AIRFLOW_CTX_DAG_RUN_ID='scheduled__2024-04-06T00:00:00+00:00'
[2024-10-02T19:27:23.005+0000] {taskinstance.py:430} INFO - ::endgroup::
[2024-10-02T19:27:23.058+0000] {python.py:237} INFO - Done. Returned value was: None
[2024-10-02T19:27:23.059+0000] {taskinstance.py:441} INFO - ::group::Post task execution logs
[2024-10-02T19:27:23.067+0000] {taskinstance.py:1206} INFO - Marking task as SUCCESS. dag_id=etl_covid_europa_pipeline, task_id=carregar, run_id=scheduled__2024-04-06T00:00:00+00:00, execution_date=20240406T000000, start_date=20241002T192722, end_date=20241002T192723
[2024-10-02T19:27:23.130+0000] {local_task_job_runner.py:240} INFO - Task exited with return code 0
[2024-10-02T19:27:23.312+0000] {taskinstance.py:3503} INFO - 0 downstream tasks scheduled from follow-on schedule check
[2024-10-02T19:27:23.314+0000] {local_task_job_runner.py:222} INFO - ::endgroup::
