[2024-10-02T17:31:18.522+0000] {local_task_job_runner.py:120} INFO - ::group::Pre task execution logs
[2024-10-02T17:31:18.547+0000] {taskinstance.py:2076} INFO - Dependencies all met for dep_context=non-requeueable deps ti=<TaskInstance: etl_covid_europa_pipeline.extrair scheduled__2024-08-23T00:00:00+00:00 [queued]>
[2024-10-02T17:31:18.556+0000] {taskinstance.py:2076} INFO - Dependencies all met for dep_context=requeueable deps ti=<TaskInstance: etl_covid_europa_pipeline.extrair scheduled__2024-08-23T00:00:00+00:00 [queued]>
[2024-10-02T17:31:18.556+0000] {taskinstance.py:2306} INFO - Starting attempt 1 of 1
[2024-10-02T17:31:18.753+0000] {taskinstance.py:2330} INFO - Executing <Task(PythonOperator): extrair> on 2024-08-23 00:00:00+00:00
[2024-10-02T17:31:18.761+0000] {warnings.py:112} WARNING - /home/***/.local/lib/python3.12/site-packages/***/task/task_runner/standard_task_runner.py:61: DeprecationWarning: This process (pid=2966) is multi-threaded, use of fork() may lead to deadlocks in the child.
  pid = os.fork()

[2024-10-02T17:31:18.762+0000] {standard_task_runner.py:63} INFO - Started process 2982 to run task
[2024-10-02T17:31:18.762+0000] {standard_task_runner.py:90} INFO - Running: ['***', 'tasks', 'run', 'etl_covid_europa_pipeline', 'extrair', 'scheduled__2024-08-23T00:00:00+00:00', '--job-id', '581', '--raw', '--subdir', 'DAGS_FOLDER/etl_pipeline.py', '--cfg-path', '/tmp/tmp4juvhsy1']
[2024-10-02T17:31:18.764+0000] {standard_task_runner.py:91} INFO - Job 581: Subtask extrair
[2024-10-02T17:31:18.816+0000] {task_command.py:426} INFO - Running <TaskInstance: etl_covid_europa_pipeline.extrair scheduled__2024-08-23T00:00:00+00:00 [running]> on host 99de7dfc3871
[2024-10-02T17:31:18.911+0000] {taskinstance.py:2648} INFO - Exporting env vars: AIRFLOW_CTX_DAG_OWNER='***' AIRFLOW_CTX_DAG_ID='etl_covid_europa_pipeline' AIRFLOW_CTX_TASK_ID='extrair' AIRFLOW_CTX_EXECUTION_DATE='2024-08-23T00:00:00+00:00' AIRFLOW_CTX_TRY_NUMBER='1' AIRFLOW_CTX_DAG_RUN_ID='scheduled__2024-08-23T00:00:00+00:00'
[2024-10-02T17:31:18.912+0000] {taskinstance.py:430} INFO - ::endgroup::
[2024-10-02T17:31:27.293+0000] {python.py:237} INFO - Done. Returned value was: None
[2024-10-02T17:31:27.294+0000] {taskinstance.py:441} INFO - ::group::Post task execution logs
[2024-10-02T17:31:27.303+0000] {taskinstance.py:1206} INFO - Marking task as SUCCESS. dag_id=etl_covid_europa_pipeline, task_id=extrair, run_id=scheduled__2024-08-23T00:00:00+00:00, execution_date=20240823T000000, start_date=20241002T173118, end_date=20241002T173127
[2024-10-02T17:31:27.397+0000] {local_task_job_runner.py:240} INFO - Task exited with return code 0
[2024-10-02T17:31:27.424+0000] {taskinstance.py:3503} INFO - 1 downstream tasks scheduled from follow-on schedule check
[2024-10-02T17:31:27.427+0000] {local_task_job_runner.py:222} INFO - ::endgroup::
[2024-10-02T18:55:03.092+0000] {local_task_job_runner.py:120} INFO - ::group::Pre task execution logs
[2024-10-02T18:55:03.115+0000] {taskinstance.py:2076} INFO - Dependencies all met for dep_context=non-requeueable deps ti=<TaskInstance: etl_covid_europa_pipeline.extrair scheduled__2024-08-23T00:00:00+00:00 [queued]>
[2024-10-02T18:55:03.313+0000] {taskinstance.py:2076} INFO - Dependencies all met for dep_context=requeueable deps ti=<TaskInstance: etl_covid_europa_pipeline.extrair scheduled__2024-08-23T00:00:00+00:00 [queued]>
[2024-10-02T18:55:03.313+0000] {taskinstance.py:2306} INFO - Starting attempt 1 of 1
[2024-10-02T18:55:03.328+0000] {taskinstance.py:2330} INFO - Executing <Task(PythonOperator): extrair> on 2024-08-23 00:00:00+00:00
[2024-10-02T18:55:03.334+0000] {warnings.py:112} WARNING - /home/***/.local/lib/python3.12/site-packages/***/task/task_runner/standard_task_runner.py:61: DeprecationWarning: This process (pid=4793) is multi-threaded, use of fork() may lead to deadlocks in the child.
  pid = os.fork()

[2024-10-02T18:55:03.335+0000] {standard_task_runner.py:63} INFO - Started process 4806 to run task
[2024-10-02T18:55:03.336+0000] {standard_task_runner.py:90} INFO - Running: ['***', 'tasks', 'run', 'etl_covid_europa_pipeline', 'extrair', 'scheduled__2024-08-23T00:00:00+00:00', '--job-id', '827', '--raw', '--subdir', 'DAGS_FOLDER/etl_pipeline.py', '--cfg-path', '/tmp/tmpvb1t8xpt']
[2024-10-02T18:55:03.338+0000] {standard_task_runner.py:91} INFO - Job 827: Subtask extrair
[2024-10-02T18:55:03.380+0000] {task_command.py:426} INFO - Running <TaskInstance: etl_covid_europa_pipeline.extrair scheduled__2024-08-23T00:00:00+00:00 [running]> on host 99de7dfc3871
[2024-10-02T18:55:03.461+0000] {taskinstance.py:2648} INFO - Exporting env vars: AIRFLOW_CTX_DAG_OWNER='***' AIRFLOW_CTX_DAG_ID='etl_covid_europa_pipeline' AIRFLOW_CTX_TASK_ID='extrair' AIRFLOW_CTX_EXECUTION_DATE='2024-08-23T00:00:00+00:00' AIRFLOW_CTX_TRY_NUMBER='1' AIRFLOW_CTX_DAG_RUN_ID='scheduled__2024-08-23T00:00:00+00:00'
[2024-10-02T18:55:03.464+0000] {taskinstance.py:430} INFO - ::endgroup::
[2024-10-02T18:55:10.486+0000] {python.py:237} INFO - Done. Returned value was: None
[2024-10-02T18:55:10.487+0000] {taskinstance.py:441} INFO - ::group::Post task execution logs
[2024-10-02T18:55:10.497+0000] {taskinstance.py:1206} INFO - Marking task as SUCCESS. dag_id=etl_covid_europa_pipeline, task_id=extrair, run_id=scheduled__2024-08-23T00:00:00+00:00, execution_date=20240823T000000, start_date=20241002T185503, end_date=20241002T185510
[2024-10-02T18:55:10.521+0000] {local_task_job_runner.py:240} INFO - Task exited with return code 0
[2024-10-02T18:55:10.553+0000] {taskinstance.py:3503} INFO - 1 downstream tasks scheduled from follow-on schedule check
[2024-10-02T18:55:10.558+0000] {local_task_job_runner.py:222} INFO - ::endgroup::
[2024-10-02T19:04:03.296+0000] {local_task_job_runner.py:120} INFO - ::group::Pre task execution logs
[2024-10-02T19:04:03.323+0000] {taskinstance.py:2076} INFO - Dependencies all met for dep_context=non-requeueable deps ti=<TaskInstance: etl_covid_europa_pipeline.extrair scheduled__2024-08-23T00:00:00+00:00 [queued]>
[2024-10-02T19:04:03.523+0000] {taskinstance.py:2076} INFO - Dependencies all met for dep_context=requeueable deps ti=<TaskInstance: etl_covid_europa_pipeline.extrair scheduled__2024-08-23T00:00:00+00:00 [queued]>
[2024-10-02T19:04:03.524+0000] {taskinstance.py:2306} INFO - Starting attempt 1 of 1
[2024-10-02T19:04:03.539+0000] {taskinstance.py:2330} INFO - Executing <Task(PythonOperator): extrair> on 2024-08-23 00:00:00+00:00
[2024-10-02T19:04:03.545+0000] {warnings.py:112} WARNING - /home/***/.local/lib/python3.12/site-packages/***/task/task_runner/standard_task_runner.py:61: DeprecationWarning: This process (pid=8071) is multi-threaded, use of fork() may lead to deadlocks in the child.
  pid = os.fork()

[2024-10-02T19:04:03.547+0000] {standard_task_runner.py:63} INFO - Started process 8087 to run task
[2024-10-02T19:04:03.547+0000] {standard_task_runner.py:90} INFO - Running: ['***', 'tasks', 'run', 'etl_covid_europa_pipeline', 'extrair', 'scheduled__2024-08-23T00:00:00+00:00', '--job-id', '1882', '--raw', '--subdir', 'DAGS_FOLDER/etl_pipeline.py', '--cfg-path', '/tmp/tmp9g4c18dz']
[2024-10-02T19:04:03.550+0000] {standard_task_runner.py:91} INFO - Job 1882: Subtask extrair
[2024-10-02T19:04:03.596+0000] {task_command.py:426} INFO - Running <TaskInstance: etl_covid_europa_pipeline.extrair scheduled__2024-08-23T00:00:00+00:00 [running]> on host 99de7dfc3871
[2024-10-02T19:04:03.702+0000] {taskinstance.py:2648} INFO - Exporting env vars: AIRFLOW_CTX_DAG_OWNER='***' AIRFLOW_CTX_DAG_ID='etl_covid_europa_pipeline' AIRFLOW_CTX_TASK_ID='extrair' AIRFLOW_CTX_EXECUTION_DATE='2024-08-23T00:00:00+00:00' AIRFLOW_CTX_TRY_NUMBER='1' AIRFLOW_CTX_DAG_RUN_ID='scheduled__2024-08-23T00:00:00+00:00'
[2024-10-02T19:04:03.706+0000] {taskinstance.py:430} INFO - ::endgroup::
[2024-10-02T19:04:09.822+0000] {python.py:237} INFO - Done. Returned value was: None
[2024-10-02T19:04:09.823+0000] {taskinstance.py:441} INFO - ::group::Post task execution logs
[2024-10-02T19:04:09.832+0000] {taskinstance.py:1206} INFO - Marking task as SUCCESS. dag_id=etl_covid_europa_pipeline, task_id=extrair, run_id=scheduled__2024-08-23T00:00:00+00:00, execution_date=20240823T000000, start_date=20241002T190403, end_date=20241002T190409
[2024-10-02T19:04:10.013+0000] {local_task_job_runner.py:240} INFO - Task exited with return code 0
[2024-10-02T19:04:10.043+0000] {taskinstance.py:3503} INFO - 1 downstream tasks scheduled from follow-on schedule check
[2024-10-02T19:04:10.046+0000] {local_task_job_runner.py:222} INFO - ::endgroup::
