[2024-10-02T19:00:12.046+0000] {local_task_job_runner.py:120} INFO - ::group::Pre task execution logs
[2024-10-02T19:00:12.081+0000] {taskinstance.py:2076} INFO - Dependencies all met for dep_context=non-requeueable deps ti=<TaskInstance: etl_covid_europa_pipeline.carregar scheduled__2024-02-23T00:00:00+00:00 [queued]>
[2024-10-02T19:00:12.096+0000] {taskinstance.py:2076} INFO - Dependencies all met for dep_context=requeueable deps ti=<TaskInstance: etl_covid_europa_pipeline.carregar scheduled__2024-02-23T00:00:00+00:00 [queued]>
[2024-10-02T19:00:12.096+0000] {taskinstance.py:2306} INFO - Starting attempt 1 of 1
[2024-10-02T19:00:12.352+0000] {taskinstance.py:2330} INFO - Executing <Task(PythonOperator): carregar> on 2024-02-23 00:00:00+00:00
[2024-10-02T19:00:12.361+0000] {warnings.py:112} WARNING - /home/***/.local/lib/python3.12/site-packages/***/task/task_runner/standard_task_runner.py:61: DeprecationWarning: This process (pid=6525) is multi-threaded, use of fork() may lead to deadlocks in the child.
  pid = os.fork()

[2024-10-02T19:00:12.362+0000] {standard_task_runner.py:63} INFO - Started process 6546 to run task
[2024-10-02T19:00:12.362+0000] {standard_task_runner.py:90} INFO - Running: ['***', 'tasks', 'run', 'etl_covid_europa_pipeline', 'carregar', 'scheduled__2024-02-23T00:00:00+00:00', '--job-id', '1385', '--raw', '--subdir', 'DAGS_FOLDER/etl_pipeline.py', '--cfg-path', '/tmp/tmp1f5985ws']
[2024-10-02T19:00:12.365+0000] {standard_task_runner.py:91} INFO - Job 1385: Subtask carregar
[2024-10-02T19:00:12.413+0000] {task_command.py:426} INFO - Running <TaskInstance: etl_covid_europa_pipeline.carregar scheduled__2024-02-23T00:00:00+00:00 [running]> on host 99de7dfc3871
[2024-10-02T19:00:12.514+0000] {taskinstance.py:2648} INFO - Exporting env vars: AIRFLOW_CTX_DAG_OWNER='***' AIRFLOW_CTX_DAG_ID='etl_covid_europa_pipeline' AIRFLOW_CTX_TASK_ID='carregar' AIRFLOW_CTX_EXECUTION_DATE='2024-02-23T00:00:00+00:00' AIRFLOW_CTX_TRY_NUMBER='1' AIRFLOW_CTX_DAG_RUN_ID='scheduled__2024-02-23T00:00:00+00:00'
[2024-10-02T19:00:12.516+0000] {taskinstance.py:430} INFO - ::endgroup::
[2024-10-02T19:00:12.570+0000] {python.py:237} INFO - Done. Returned value was: None
[2024-10-02T19:00:12.571+0000] {taskinstance.py:441} INFO - ::group::Post task execution logs
[2024-10-02T19:00:12.581+0000] {taskinstance.py:1206} INFO - Marking task as SUCCESS. dag_id=etl_covid_europa_pipeline, task_id=carregar, run_id=scheduled__2024-02-23T00:00:00+00:00, execution_date=20240223T000000, start_date=20241002T190012, end_date=20241002T190012
[2024-10-02T19:00:12.616+0000] {local_task_job_runner.py:240} INFO - Task exited with return code 0
[2024-10-02T19:00:12.631+0000] {taskinstance.py:3503} INFO - 0 downstream tasks scheduled from follow-on schedule check
[2024-10-02T19:00:12.633+0000] {local_task_job_runner.py:222} INFO - ::endgroup::
[2024-10-02T19:26:31.339+0000] {local_task_job_runner.py:120} INFO - ::group::Pre task execution logs
[2024-10-02T19:26:31.848+0000] {taskinstance.py:2076} INFO - Dependencies all met for dep_context=non-requeueable deps ti=<TaskInstance: etl_covid_europa_pipeline.carregar scheduled__2024-02-23T00:00:00+00:00 [queued]>
[2024-10-02T19:26:31.858+0000] {taskinstance.py:2076} INFO - Dependencies all met for dep_context=requeueable deps ti=<TaskInstance: etl_covid_europa_pipeline.carregar scheduled__2024-02-23T00:00:00+00:00 [queued]>
[2024-10-02T19:26:31.860+0000] {taskinstance.py:2306} INFO - Starting attempt 1 of 1
[2024-10-02T19:26:31.892+0000] {taskinstance.py:2330} INFO - Executing <Task(PythonOperator): carregar> on 2024-02-23 00:00:00+00:00
[2024-10-02T19:26:31.907+0000] {warnings.py:112} WARNING - /home/***/.local/lib/python3.12/site-packages/***/task/task_runner/standard_task_runner.py:61: DeprecationWarning: This process (pid=9987) is multi-threaded, use of fork() may lead to deadlocks in the child.
  pid = os.fork()

[2024-10-02T19:26:31.908+0000] {standard_task_runner.py:63} INFO - Started process 10016 to run task
[2024-10-02T19:26:31.909+0000] {standard_task_runner.py:90} INFO - Running: ['***', 'tasks', 'run', 'etl_covid_europa_pipeline', 'carregar', 'scheduled__2024-02-23T00:00:00+00:00', '--job-id', '2428', '--raw', '--subdir', 'DAGS_FOLDER/etl_pipeline_agrupar_continente.py', '--cfg-path', '/tmp/tmpu_xcdd8x']
[2024-10-02T19:26:31.913+0000] {standard_task_runner.py:91} INFO - Job 2428: Subtask carregar
[2024-10-02T19:26:32.004+0000] {task_command.py:426} INFO - Running <TaskInstance: etl_covid_europa_pipeline.carregar scheduled__2024-02-23T00:00:00+00:00 [running]> on host 99de7dfc3871
[2024-10-02T19:26:32.141+0000] {taskinstance.py:2648} INFO - Exporting env vars: AIRFLOW_CTX_DAG_OWNER='***' AIRFLOW_CTX_DAG_ID='etl_covid_europa_pipeline' AIRFLOW_CTX_TASK_ID='carregar' AIRFLOW_CTX_EXECUTION_DATE='2024-02-23T00:00:00+00:00' AIRFLOW_CTX_TRY_NUMBER='1' AIRFLOW_CTX_DAG_RUN_ID='scheduled__2024-02-23T00:00:00+00:00'
[2024-10-02T19:26:32.146+0000] {taskinstance.py:430} INFO - ::endgroup::
[2024-10-02T19:26:32.305+0000] {python.py:237} INFO - Done. Returned value was: None
[2024-10-02T19:26:32.307+0000] {taskinstance.py:441} INFO - ::group::Post task execution logs
[2024-10-02T19:26:32.336+0000] {taskinstance.py:1206} INFO - Marking task as SUCCESS. dag_id=etl_covid_europa_pipeline, task_id=carregar, run_id=scheduled__2024-02-23T00:00:00+00:00, execution_date=20240223T000000, start_date=20241002T192631, end_date=20241002T192632
[2024-10-02T19:26:32.423+0000] {local_task_job_runner.py:240} INFO - Task exited with return code 0
[2024-10-02T19:26:32.465+0000] {taskinstance.py:3503} INFO - 0 downstream tasks scheduled from follow-on schedule check
[2024-10-02T19:26:32.483+0000] {local_task_job_runner.py:222} INFO - ::endgroup::
