[2024-10-02T18:54:31.456+0000] {local_task_job_runner.py:120} INFO - ::group::Pre task execution logs
[2024-10-02T18:54:31.486+0000] {taskinstance.py:2076} INFO - Dependencies all met for dep_context=non-requeueable deps ti=<TaskInstance: etl_covid_europa_pipeline.carregar scheduled__2024-07-14T00:00:00+00:00 [queued]>
[2024-10-02T18:54:31.699+0000] {taskinstance.py:2076} INFO - Dependencies all met for dep_context=requeueable deps ti=<TaskInstance: etl_covid_europa_pipeline.carregar scheduled__2024-07-14T00:00:00+00:00 [queued]>
[2024-10-02T18:54:31.700+0000] {taskinstance.py:2306} INFO - Starting attempt 1 of 1
[2024-10-02T18:54:31.717+0000] {taskinstance.py:2330} INFO - Executing <Task(PythonOperator): carregar> on 2024-07-14 00:00:00+00:00
[2024-10-02T18:54:31.725+0000] {warnings.py:112} WARNING - /home/***/.local/lib/python3.12/site-packages/***/task/task_runner/standard_task_runner.py:61: DeprecationWarning: This process (pid=4552) is multi-threaded, use of fork() may lead to deadlocks in the child.
  pid = os.fork()

[2024-10-02T18:54:31.728+0000] {standard_task_runner.py:63} INFO - Started process 4570 to run task
[2024-10-02T18:54:31.728+0000] {standard_task_runner.py:90} INFO - Running: ['***', 'tasks', 'run', 'etl_covid_europa_pipeline', 'carregar', 'scheduled__2024-07-14T00:00:00+00:00', '--job-id', '753', '--raw', '--subdir', 'DAGS_FOLDER/etl_pipeline.py', '--cfg-path', '/tmp/tmpna9k6ira']
[2024-10-02T18:54:31.731+0000] {standard_task_runner.py:91} INFO - Job 753: Subtask carregar
[2024-10-02T18:54:31.783+0000] {task_command.py:426} INFO - Running <TaskInstance: etl_covid_europa_pipeline.carregar scheduled__2024-07-14T00:00:00+00:00 [running]> on host 99de7dfc3871
[2024-10-02T18:54:31.866+0000] {taskinstance.py:2648} INFO - Exporting env vars: AIRFLOW_CTX_DAG_OWNER='***' AIRFLOW_CTX_DAG_ID='etl_covid_europa_pipeline' AIRFLOW_CTX_TASK_ID='carregar' AIRFLOW_CTX_EXECUTION_DATE='2024-07-14T00:00:00+00:00' AIRFLOW_CTX_TRY_NUMBER='1' AIRFLOW_CTX_DAG_RUN_ID='scheduled__2024-07-14T00:00:00+00:00'
[2024-10-02T18:54:31.869+0000] {taskinstance.py:430} INFO - ::endgroup::
[2024-10-02T18:54:31.922+0000] {python.py:237} INFO - Done. Returned value was: None
[2024-10-02T18:54:31.923+0000] {taskinstance.py:441} INFO - ::group::Post task execution logs
[2024-10-02T18:54:31.933+0000] {taskinstance.py:1206} INFO - Marking task as SUCCESS. dag_id=etl_covid_europa_pipeline, task_id=carregar, run_id=scheduled__2024-07-14T00:00:00+00:00, execution_date=20240714T000000, start_date=20241002T185431, end_date=20241002T185431
[2024-10-02T18:54:31.983+0000] {local_task_job_runner.py:240} INFO - Task exited with return code 0
[2024-10-02T18:54:31.993+0000] {local_task_job_runner.py:222} INFO - ::endgroup::
[2024-10-02T19:03:18.845+0000] {local_task_job_runner.py:120} INFO - ::group::Pre task execution logs
[2024-10-02T19:03:18.872+0000] {taskinstance.py:2076} INFO - Dependencies all met for dep_context=non-requeueable deps ti=<TaskInstance: etl_covid_europa_pipeline.carregar scheduled__2024-07-14T00:00:00+00:00 [queued]>
[2024-10-02T19:03:19.061+0000] {taskinstance.py:2076} INFO - Dependencies all met for dep_context=requeueable deps ti=<TaskInstance: etl_covid_europa_pipeline.carregar scheduled__2024-07-14T00:00:00+00:00 [queued]>
[2024-10-02T19:03:19.062+0000] {taskinstance.py:2306} INFO - Starting attempt 1 of 1
[2024-10-02T19:03:19.074+0000] {taskinstance.py:2330} INFO - Executing <Task(PythonOperator): carregar> on 2024-07-14 00:00:00+00:00
[2024-10-02T19:03:19.080+0000] {warnings.py:112} WARNING - /home/***/.local/lib/python3.12/site-packages/***/task/task_runner/standard_task_runner.py:61: DeprecationWarning: This process (pid=7761) is multi-threaded, use of fork() may lead to deadlocks in the child.
  pid = os.fork()

[2024-10-02T19:03:19.082+0000] {standard_task_runner.py:63} INFO - Started process 7770 to run task
[2024-10-02T19:03:19.082+0000] {standard_task_runner.py:90} INFO - Running: ['***', 'tasks', 'run', 'etl_covid_europa_pipeline', 'carregar', 'scheduled__2024-07-14T00:00:00+00:00', '--job-id', '1782', '--raw', '--subdir', 'DAGS_FOLDER/etl_pipeline.py', '--cfg-path', '/tmp/tmpoecl5j11']
[2024-10-02T19:03:19.084+0000] {standard_task_runner.py:91} INFO - Job 1782: Subtask carregar
[2024-10-02T19:03:19.122+0000] {task_command.py:426} INFO - Running <TaskInstance: etl_covid_europa_pipeline.carregar scheduled__2024-07-14T00:00:00+00:00 [running]> on host 99de7dfc3871
[2024-10-02T19:03:19.213+0000] {taskinstance.py:2648} INFO - Exporting env vars: AIRFLOW_CTX_DAG_OWNER='***' AIRFLOW_CTX_DAG_ID='etl_covid_europa_pipeline' AIRFLOW_CTX_TASK_ID='carregar' AIRFLOW_CTX_EXECUTION_DATE='2024-07-14T00:00:00+00:00' AIRFLOW_CTX_TRY_NUMBER='1' AIRFLOW_CTX_DAG_RUN_ID='scheduled__2024-07-14T00:00:00+00:00'
[2024-10-02T19:03:19.216+0000] {taskinstance.py:430} INFO - ::endgroup::
[2024-10-02T19:03:19.310+0000] {python.py:237} INFO - Done. Returned value was: None
[2024-10-02T19:03:19.311+0000] {taskinstance.py:441} INFO - ::group::Post task execution logs
[2024-10-02T19:03:19.321+0000] {taskinstance.py:1206} INFO - Marking task as SUCCESS. dag_id=etl_covid_europa_pipeline, task_id=carregar, run_id=scheduled__2024-07-14T00:00:00+00:00, execution_date=20240714T000000, start_date=20241002T190318, end_date=20241002T190319
[2024-10-02T19:03:19.377+0000] {local_task_job_runner.py:240} INFO - Task exited with return code 0
[2024-10-02T19:03:19.392+0000] {taskinstance.py:3503} INFO - 0 downstream tasks scheduled from follow-on schedule check
[2024-10-02T19:03:19.394+0000] {local_task_job_runner.py:222} INFO - ::endgroup::
