[2024-10-02T17:29:39.322+0000] {local_task_job_runner.py:120} INFO - ::group::Pre task execution logs
[2024-10-02T17:29:39.340+0000] {taskinstance.py:2076} INFO - Dependencies all met for dep_context=non-requeueable deps ti=<TaskInstance: etl_covid_europa_pipeline.extrair scheduled__2024-05-30T00:00:00+00:00 [queued]>
[2024-10-02T17:29:39.346+0000] {taskinstance.py:2076} INFO - Dependencies all met for dep_context=requeueable deps ti=<TaskInstance: etl_covid_europa_pipeline.extrair scheduled__2024-05-30T00:00:00+00:00 [queued]>
[2024-10-02T17:29:39.347+0000] {taskinstance.py:2306} INFO - Starting attempt 1 of 1
[2024-10-02T17:29:39.484+0000] {taskinstance.py:2330} INFO - Executing <Task(PythonOperator): extrair> on 2024-05-30 00:00:00+00:00
[2024-10-02T17:29:39.489+0000] {warnings.py:112} WARNING - /home/***/.local/lib/python3.12/site-packages/***/task/task_runner/standard_task_runner.py:61: DeprecationWarning: This process (pid=2490) is multi-threaded, use of fork() may lead to deadlocks in the child.
  pid = os.fork()

[2024-10-02T17:29:39.490+0000] {standard_task_runner.py:63} INFO - Started process 2492 to run task
[2024-10-02T17:29:39.490+0000] {standard_task_runner.py:90} INFO - Running: ['***', 'tasks', 'run', 'etl_covid_europa_pipeline', 'extrair', 'scheduled__2024-05-30T00:00:00+00:00', '--job-id', '427', '--raw', '--subdir', 'DAGS_FOLDER/etl_pipeline.py', '--cfg-path', '/tmp/tmpbcca1see']
[2024-10-02T17:29:39.492+0000] {standard_task_runner.py:91} INFO - Job 427: Subtask extrair
[2024-10-02T17:29:39.527+0000] {task_command.py:426} INFO - Running <TaskInstance: etl_covid_europa_pipeline.extrair scheduled__2024-05-30T00:00:00+00:00 [running]> on host 99de7dfc3871
[2024-10-02T17:29:39.593+0000] {taskinstance.py:2648} INFO - Exporting env vars: AIRFLOW_CTX_DAG_OWNER='***' AIRFLOW_CTX_DAG_ID='etl_covid_europa_pipeline' AIRFLOW_CTX_TASK_ID='extrair' AIRFLOW_CTX_EXECUTION_DATE='2024-05-30T00:00:00+00:00' AIRFLOW_CTX_TRY_NUMBER='1' AIRFLOW_CTX_DAG_RUN_ID='scheduled__2024-05-30T00:00:00+00:00'
[2024-10-02T17:29:39.594+0000] {taskinstance.py:430} INFO - ::endgroup::
[2024-10-02T17:29:46.040+0000] {python.py:237} INFO - Done. Returned value was: None
[2024-10-02T17:29:46.040+0000] {taskinstance.py:441} INFO - ::group::Post task execution logs
[2024-10-02T17:29:46.048+0000] {taskinstance.py:1206} INFO - Marking task as SUCCESS. dag_id=etl_covid_europa_pipeline, task_id=extrair, run_id=scheduled__2024-05-30T00:00:00+00:00, execution_date=20240530T000000, start_date=20241002T172939, end_date=20241002T172946
[2024-10-02T17:29:46.070+0000] {local_task_job_runner.py:240} INFO - Task exited with return code 0
[2024-10-02T17:29:46.091+0000] {taskinstance.py:3503} INFO - 1 downstream tasks scheduled from follow-on schedule check
[2024-10-02T17:29:46.093+0000] {local_task_job_runner.py:222} INFO - ::endgroup::
[2024-10-02T19:02:09.145+0000] {local_task_job_runner.py:120} INFO - ::group::Pre task execution logs
[2024-10-02T19:02:09.165+0000] {taskinstance.py:2076} INFO - Dependencies all met for dep_context=non-requeueable deps ti=<TaskInstance: etl_covid_europa_pipeline.extrair scheduled__2024-05-30T00:00:00+00:00 [queued]>
[2024-10-02T19:02:09.320+0000] {taskinstance.py:2076} INFO - Dependencies all met for dep_context=requeueable deps ti=<TaskInstance: etl_covid_europa_pipeline.extrair scheduled__2024-05-30T00:00:00+00:00 [queued]>
[2024-10-02T19:02:09.320+0000] {taskinstance.py:2306} INFO - Starting attempt 1 of 1
[2024-10-02T19:02:09.332+0000] {taskinstance.py:2330} INFO - Executing <Task(PythonOperator): extrair> on 2024-05-30 00:00:00+00:00
[2024-10-02T19:02:09.336+0000] {warnings.py:112} WARNING - /home/***/.local/lib/python3.12/site-packages/***/task/task_runner/standard_task_runner.py:61: DeprecationWarning: This process (pid=7307) is multi-threaded, use of fork() may lead to deadlocks in the child.
  pid = os.fork()

[2024-10-02T19:02:09.338+0000] {standard_task_runner.py:63} INFO - Started process 7313 to run task
[2024-10-02T19:02:09.338+0000] {standard_task_runner.py:90} INFO - Running: ['***', 'tasks', 'run', 'etl_covid_europa_pipeline', 'extrair', 'scheduled__2024-05-30T00:00:00+00:00', '--job-id', '1634', '--raw', '--subdir', 'DAGS_FOLDER/etl_pipeline.py', '--cfg-path', '/tmp/tmp406igxel']
[2024-10-02T19:02:09.339+0000] {standard_task_runner.py:91} INFO - Job 1634: Subtask extrair
[2024-10-02T19:02:09.375+0000] {task_command.py:426} INFO - Running <TaskInstance: etl_covid_europa_pipeline.extrair scheduled__2024-05-30T00:00:00+00:00 [running]> on host 99de7dfc3871
[2024-10-02T19:02:09.446+0000] {taskinstance.py:2648} INFO - Exporting env vars: AIRFLOW_CTX_DAG_OWNER='***' AIRFLOW_CTX_DAG_ID='etl_covid_europa_pipeline' AIRFLOW_CTX_TASK_ID='extrair' AIRFLOW_CTX_EXECUTION_DATE='2024-05-30T00:00:00+00:00' AIRFLOW_CTX_TRY_NUMBER='1' AIRFLOW_CTX_DAG_RUN_ID='scheduled__2024-05-30T00:00:00+00:00'
[2024-10-02T19:02:09.448+0000] {taskinstance.py:430} INFO - ::endgroup::
[2024-10-02T19:02:15.514+0000] {python.py:237} INFO - Done. Returned value was: None
[2024-10-02T19:02:15.515+0000] {taskinstance.py:441} INFO - ::group::Post task execution logs
[2024-10-02T19:02:15.529+0000] {taskinstance.py:1206} INFO - Marking task as SUCCESS. dag_id=etl_covid_europa_pipeline, task_id=extrair, run_id=scheduled__2024-05-30T00:00:00+00:00, execution_date=20240530T000000, start_date=20241002T190209, end_date=20241002T190215
[2024-10-02T19:02:15.594+0000] {local_task_job_runner.py:240} INFO - Task exited with return code 0
[2024-10-02T19:02:15.629+0000] {taskinstance.py:3503} INFO - 1 downstream tasks scheduled from follow-on schedule check
[2024-10-02T19:02:15.642+0000] {local_task_job_runner.py:222} INFO - ::endgroup::
