[2024-10-02T17:27:46.651+0000] {local_task_job_runner.py:120} INFO - ::group::Pre task execution logs
[2024-10-02T17:27:46.681+0000] {taskinstance.py:2076} INFO - Dependencies all met for dep_context=non-requeueable deps ti=<TaskInstance: etl_covid_europa_pipeline.extrair scheduled__2024-02-23T00:00:00+00:00 [queued]>
[2024-10-02T17:27:46.690+0000] {taskinstance.py:2076} INFO - Dependencies all met for dep_context=requeueable deps ti=<TaskInstance: etl_covid_europa_pipeline.extrair scheduled__2024-02-23T00:00:00+00:00 [queued]>
[2024-10-02T17:27:46.691+0000] {taskinstance.py:2306} INFO - Starting attempt 1 of 1
[2024-10-02T17:27:46.924+0000] {taskinstance.py:2330} INFO - Executing <Task(PythonOperator): extrair> on 2024-02-23 00:00:00+00:00
[2024-10-02T17:27:46.933+0000] {warnings.py:112} WARNING - /home/***/.local/lib/python3.12/site-packages/***/task/task_runner/standard_task_runner.py:61: DeprecationWarning: This process (pid=1902) is multi-threaded, use of fork() may lead to deadlocks in the child.
  pid = os.fork()

[2024-10-02T17:27:46.934+0000] {standard_task_runner.py:63} INFO - Started process 1918 to run task
[2024-10-02T17:27:46.934+0000] {standard_task_runner.py:90} INFO - Running: ['***', 'tasks', 'run', 'etl_covid_europa_pipeline', 'extrair', 'scheduled__2024-02-23T00:00:00+00:00', '--job-id', '241', '--raw', '--subdir', 'DAGS_FOLDER/etl_pipeline.py', '--cfg-path', '/tmp/tmpl7t78ixe']
[2024-10-02T17:27:46.936+0000] {standard_task_runner.py:91} INFO - Job 241: Subtask extrair
[2024-10-02T17:27:47.007+0000] {task_command.py:426} INFO - Running <TaskInstance: etl_covid_europa_pipeline.extrair scheduled__2024-02-23T00:00:00+00:00 [running]> on host 99de7dfc3871
[2024-10-02T17:27:47.099+0000] {taskinstance.py:2648} INFO - Exporting env vars: AIRFLOW_CTX_DAG_OWNER='***' AIRFLOW_CTX_DAG_ID='etl_covid_europa_pipeline' AIRFLOW_CTX_TASK_ID='extrair' AIRFLOW_CTX_EXECUTION_DATE='2024-02-23T00:00:00+00:00' AIRFLOW_CTX_TRY_NUMBER='1' AIRFLOW_CTX_DAG_RUN_ID='scheduled__2024-02-23T00:00:00+00:00'
[2024-10-02T17:27:47.100+0000] {taskinstance.py:430} INFO - ::endgroup::
[2024-10-02T17:27:53.471+0000] {python.py:237} INFO - Done. Returned value was: None
[2024-10-02T17:27:53.472+0000] {taskinstance.py:441} INFO - ::group::Post task execution logs
[2024-10-02T17:27:53.482+0000] {taskinstance.py:1206} INFO - Marking task as SUCCESS. dag_id=etl_covid_europa_pipeline, task_id=extrair, run_id=scheduled__2024-02-23T00:00:00+00:00, execution_date=20240223T000000, start_date=20241002T172746, end_date=20241002T172753
[2024-10-02T17:27:53.527+0000] {local_task_job_runner.py:240} INFO - Task exited with return code 0
[2024-10-02T17:27:53.537+0000] {local_task_job_runner.py:222} INFO - ::endgroup::
[2024-10-02T19:00:01.743+0000] {local_task_job_runner.py:120} INFO - ::group::Pre task execution logs
[2024-10-02T19:00:01.770+0000] {taskinstance.py:2076} INFO - Dependencies all met for dep_context=non-requeueable deps ti=<TaskInstance: etl_covid_europa_pipeline.extrair scheduled__2024-02-23T00:00:00+00:00 [queued]>
[2024-10-02T19:00:01.948+0000] {taskinstance.py:2076} INFO - Dependencies all met for dep_context=requeueable deps ti=<TaskInstance: etl_covid_europa_pipeline.extrair scheduled__2024-02-23T00:00:00+00:00 [queued]>
[2024-10-02T19:00:01.948+0000] {taskinstance.py:2306} INFO - Starting attempt 1 of 1
[2024-10-02T19:00:01.961+0000] {taskinstance.py:2330} INFO - Executing <Task(PythonOperator): extrair> on 2024-02-23 00:00:00+00:00
[2024-10-02T19:00:01.967+0000] {warnings.py:112} WARNING - /home/***/.local/lib/python3.12/site-packages/***/task/task_runner/standard_task_runner.py:61: DeprecationWarning: This process (pid=6462) is multi-threaded, use of fork() may lead to deadlocks in the child.
  pid = os.fork()

[2024-10-02T19:00:01.969+0000] {standard_task_runner.py:63} INFO - Started process 6473 to run task
[2024-10-02T19:00:01.969+0000] {standard_task_runner.py:90} INFO - Running: ['***', 'tasks', 'run', 'etl_covid_europa_pipeline', 'extrair', 'scheduled__2024-02-23T00:00:00+00:00', '--job-id', '1362', '--raw', '--subdir', 'DAGS_FOLDER/etl_pipeline.py', '--cfg-path', '/tmp/tmp8erzl3tl']
[2024-10-02T19:00:01.971+0000] {standard_task_runner.py:91} INFO - Job 1362: Subtask extrair
[2024-10-02T19:00:02.014+0000] {task_command.py:426} INFO - Running <TaskInstance: etl_covid_europa_pipeline.extrair scheduled__2024-02-23T00:00:00+00:00 [running]> on host 99de7dfc3871
[2024-10-02T19:00:02.102+0000] {taskinstance.py:2648} INFO - Exporting env vars: AIRFLOW_CTX_DAG_OWNER='***' AIRFLOW_CTX_DAG_ID='etl_covid_europa_pipeline' AIRFLOW_CTX_TASK_ID='extrair' AIRFLOW_CTX_EXECUTION_DATE='2024-02-23T00:00:00+00:00' AIRFLOW_CTX_TRY_NUMBER='1' AIRFLOW_CTX_DAG_RUN_ID='scheduled__2024-02-23T00:00:00+00:00'
[2024-10-02T19:00:02.106+0000] {taskinstance.py:430} INFO - ::endgroup::
[2024-10-02T19:00:08.037+0000] {python.py:237} INFO - Done. Returned value was: None
[2024-10-02T19:00:08.039+0000] {taskinstance.py:441} INFO - ::group::Post task execution logs
[2024-10-02T19:00:08.060+0000] {taskinstance.py:1206} INFO - Marking task as SUCCESS. dag_id=etl_covid_europa_pipeline, task_id=extrair, run_id=scheduled__2024-02-23T00:00:00+00:00, execution_date=20240223T000000, start_date=20241002T190001, end_date=20241002T190008
[2024-10-02T19:00:08.208+0000] {local_task_job_runner.py:240} INFO - Task exited with return code 0
[2024-10-02T19:00:08.263+0000] {taskinstance.py:3503} INFO - 1 downstream tasks scheduled from follow-on schedule check
[2024-10-02T19:00:08.282+0000] {local_task_job_runner.py:222} INFO - ::endgroup::
[2024-10-02T19:26:20.710+0000] {local_task_job_runner.py:120} INFO - ::group::Pre task execution logs
[2024-10-02T19:26:20.735+0000] {taskinstance.py:2076} INFO - Dependencies all met for dep_context=non-requeueable deps ti=<TaskInstance: etl_covid_europa_pipeline.extrair scheduled__2024-02-23T00:00:00+00:00 [queued]>
[2024-10-02T19:26:20.958+0000] {taskinstance.py:2076} INFO - Dependencies all met for dep_context=requeueable deps ti=<TaskInstance: etl_covid_europa_pipeline.extrair scheduled__2024-02-23T00:00:00+00:00 [queued]>
[2024-10-02T19:26:20.958+0000] {taskinstance.py:2306} INFO - Starting attempt 1 of 1
[2024-10-02T19:26:20.977+0000] {taskinstance.py:2330} INFO - Executing <Task(PythonOperator): extrair> on 2024-02-23 00:00:00+00:00
[2024-10-02T19:26:20.984+0000] {warnings.py:112} WARNING - /home/***/.local/lib/python3.12/site-packages/***/task/task_runner/standard_task_runner.py:61: DeprecationWarning: This process (pid=9911) is multi-threaded, use of fork() may lead to deadlocks in the child.
  pid = os.fork()

[2024-10-02T19:26:20.986+0000] {standard_task_runner.py:63} INFO - Started process 9929 to run task
[2024-10-02T19:26:20.986+0000] {standard_task_runner.py:90} INFO - Running: ['***', 'tasks', 'run', 'etl_covid_europa_pipeline', 'extrair', 'scheduled__2024-02-23T00:00:00+00:00', '--job-id', '2400', '--raw', '--subdir', 'DAGS_FOLDER/etl_pipeline.py', '--cfg-path', '/tmp/tmpjr8pgioc']
[2024-10-02T19:26:20.989+0000] {standard_task_runner.py:91} INFO - Job 2400: Subtask extrair
[2024-10-02T19:26:21.039+0000] {task_command.py:426} INFO - Running <TaskInstance: etl_covid_europa_pipeline.extrair scheduled__2024-02-23T00:00:00+00:00 [running]> on host 99de7dfc3871
[2024-10-02T19:26:21.136+0000] {taskinstance.py:2648} INFO - Exporting env vars: AIRFLOW_CTX_DAG_OWNER='***' AIRFLOW_CTX_DAG_ID='etl_covid_europa_pipeline' AIRFLOW_CTX_TASK_ID='extrair' AIRFLOW_CTX_EXECUTION_DATE='2024-02-23T00:00:00+00:00' AIRFLOW_CTX_TRY_NUMBER='1' AIRFLOW_CTX_DAG_RUN_ID='scheduled__2024-02-23T00:00:00+00:00'
[2024-10-02T19:26:21.139+0000] {taskinstance.py:430} INFO - ::endgroup::
[2024-10-02T19:26:27.409+0000] {python.py:237} INFO - Done. Returned value was: None
[2024-10-02T19:26:27.409+0000] {taskinstance.py:441} INFO - ::group::Post task execution logs
[2024-10-02T19:26:27.421+0000] {taskinstance.py:1206} INFO - Marking task as SUCCESS. dag_id=etl_covid_europa_pipeline, task_id=extrair, run_id=scheduled__2024-02-23T00:00:00+00:00, execution_date=20240223T000000, start_date=20241002T192620, end_date=20241002T192627
[2024-10-02T19:26:27.454+0000] {local_task_job_runner.py:240} INFO - Task exited with return code 0
[2024-10-02T19:26:27.463+0000] {local_task_job_runner.py:222} INFO - ::endgroup::
