[2024-10-02T19:00:55.631+0000] {local_task_job_runner.py:120} INFO - ::group::Pre task execution logs
[2024-10-02T19:00:55.857+0000] {taskinstance.py:2076} INFO - Dependencies all met for dep_context=non-requeueable deps ti=<TaskInstance: etl_covid_europa_pipeline.carregar scheduled__2024-03-21T00:00:00+00:00 [queued]>
[2024-10-02T19:00:55.867+0000] {taskinstance.py:2076} INFO - Dependencies all met for dep_context=requeueable deps ti=<TaskInstance: etl_covid_europa_pipeline.carregar scheduled__2024-03-21T00:00:00+00:00 [queued]>
[2024-10-02T19:00:55.867+0000] {taskinstance.py:2306} INFO - Starting attempt 1 of 1
[2024-10-02T19:00:55.883+0000] {taskinstance.py:2330} INFO - Executing <Task(PythonOperator): carregar> on 2024-03-21 00:00:00+00:00
[2024-10-02T19:00:55.889+0000] {warnings.py:112} WARNING - /home/***/.local/lib/python3.12/site-packages/***/task/task_runner/standard_task_runner.py:61: DeprecationWarning: This process (pid=6824) is multi-threaded, use of fork() may lead to deadlocks in the child.
  pid = os.fork()

[2024-10-02T19:00:55.890+0000] {standard_task_runner.py:63} INFO - Started process 6839 to run task
[2024-10-02T19:00:55.890+0000] {standard_task_runner.py:90} INFO - Running: ['***', 'tasks', 'run', 'etl_covid_europa_pipeline', 'carregar', 'scheduled__2024-03-21T00:00:00+00:00', '--job-id', '1478', '--raw', '--subdir', 'DAGS_FOLDER/etl_pipeline.py', '--cfg-path', '/tmp/tmp56bu4jlm']
[2024-10-02T19:00:55.893+0000] {standard_task_runner.py:91} INFO - Job 1478: Subtask carregar
[2024-10-02T19:00:55.945+0000] {task_command.py:426} INFO - Running <TaskInstance: etl_covid_europa_pipeline.carregar scheduled__2024-03-21T00:00:00+00:00 [running]> on host 99de7dfc3871
[2024-10-02T19:00:56.050+0000] {taskinstance.py:2648} INFO - Exporting env vars: AIRFLOW_CTX_DAG_OWNER='***' AIRFLOW_CTX_DAG_ID='etl_covid_europa_pipeline' AIRFLOW_CTX_TASK_ID='carregar' AIRFLOW_CTX_EXECUTION_DATE='2024-03-21T00:00:00+00:00' AIRFLOW_CTX_TRY_NUMBER='1' AIRFLOW_CTX_DAG_RUN_ID='scheduled__2024-03-21T00:00:00+00:00'
[2024-10-02T19:00:56.051+0000] {taskinstance.py:430} INFO - ::endgroup::
[2024-10-02T19:00:56.106+0000] {python.py:237} INFO - Done. Returned value was: None
[2024-10-02T19:00:56.107+0000] {taskinstance.py:441} INFO - ::group::Post task execution logs
[2024-10-02T19:00:56.115+0000] {taskinstance.py:1206} INFO - Marking task as SUCCESS. dag_id=etl_covid_europa_pipeline, task_id=carregar, run_id=scheduled__2024-03-21T00:00:00+00:00, execution_date=20240321T000000, start_date=20241002T190055, end_date=20241002T190056
[2024-10-02T19:00:56.144+0000] {local_task_job_runner.py:240} INFO - Task exited with return code 0
[2024-10-02T19:00:56.159+0000] {taskinstance.py:3503} INFO - 0 downstream tasks scheduled from follow-on schedule check
[2024-10-02T19:00:56.162+0000] {local_task_job_runner.py:222} INFO - ::endgroup::
[2024-10-02T19:27:05.210+0000] {local_task_job_runner.py:120} INFO - ::group::Pre task execution logs
[2024-10-02T19:27:05.368+0000] {taskinstance.py:2076} INFO - Dependencies all met for dep_context=non-requeueable deps ti=<TaskInstance: etl_covid_europa_pipeline.carregar scheduled__2024-03-21T00:00:00+00:00 [queued]>
[2024-10-02T19:27:05.376+0000] {taskinstance.py:2076} INFO - Dependencies all met for dep_context=requeueable deps ti=<TaskInstance: etl_covid_europa_pipeline.carregar scheduled__2024-03-21T00:00:00+00:00 [queued]>
[2024-10-02T19:27:05.376+0000] {taskinstance.py:2306} INFO - Starting attempt 1 of 1
[2024-10-02T19:27:05.388+0000] {taskinstance.py:2330} INFO - Executing <Task(PythonOperator): carregar> on 2024-03-21 00:00:00+00:00
[2024-10-02T19:27:05.394+0000] {warnings.py:112} WARNING - /home/***/.local/lib/python3.12/site-packages/***/task/task_runner/standard_task_runner.py:61: DeprecationWarning: This process (pid=10210) is multi-threaded, use of fork() may lead to deadlocks in the child.
  pid = os.fork()

[2024-10-02T19:27:05.395+0000] {standard_task_runner.py:63} INFO - Started process 10214 to run task
[2024-10-02T19:27:05.395+0000] {standard_task_runner.py:90} INFO - Running: ['***', 'tasks', 'run', 'etl_covid_europa_pipeline', 'carregar', 'scheduled__2024-03-21T00:00:00+00:00', '--job-id', '2494', '--raw', '--subdir', 'DAGS_FOLDER/etl_pipeline_agrupar_continente.py', '--cfg-path', '/tmp/tmpy5hvvoc8']
[2024-10-02T19:27:05.397+0000] {standard_task_runner.py:91} INFO - Job 2494: Subtask carregar
[2024-10-02T19:27:05.436+0000] {task_command.py:426} INFO - Running <TaskInstance: etl_covid_europa_pipeline.carregar scheduled__2024-03-21T00:00:00+00:00 [running]> on host 99de7dfc3871
[2024-10-02T19:27:05.513+0000] {taskinstance.py:2648} INFO - Exporting env vars: AIRFLOW_CTX_DAG_OWNER='***' AIRFLOW_CTX_DAG_ID='etl_covid_europa_pipeline' AIRFLOW_CTX_TASK_ID='carregar' AIRFLOW_CTX_EXECUTION_DATE='2024-03-21T00:00:00+00:00' AIRFLOW_CTX_TRY_NUMBER='1' AIRFLOW_CTX_DAG_RUN_ID='scheduled__2024-03-21T00:00:00+00:00'
[2024-10-02T19:27:05.514+0000] {taskinstance.py:430} INFO - ::endgroup::
[2024-10-02T19:27:05.566+0000] {python.py:237} INFO - Done. Returned value was: None
[2024-10-02T19:27:05.567+0000] {taskinstance.py:441} INFO - ::group::Post task execution logs
[2024-10-02T19:27:05.575+0000] {taskinstance.py:1206} INFO - Marking task as SUCCESS. dag_id=etl_covid_europa_pipeline, task_id=carregar, run_id=scheduled__2024-03-21T00:00:00+00:00, execution_date=20240321T000000, start_date=20241002T192705, end_date=20241002T192705
[2024-10-02T19:27:05.609+0000] {local_task_job_runner.py:240} INFO - Task exited with return code 0
[2024-10-02T19:27:05.623+0000] {taskinstance.py:3503} INFO - 0 downstream tasks scheduled from follow-on schedule check
[2024-10-02T19:27:05.626+0000] {local_task_job_runner.py:222} INFO - ::endgroup::
