[2024-10-02T17:25:42.619+0000] {local_task_job_runner.py:120} INFO - ::group::Pre task execution logs
[2024-10-02T17:25:42.645+0000] {taskinstance.py:2076} INFO - Dependencies all met for dep_context=non-requeueable deps ti=<TaskInstance: etl_covid_europa_pipeline.extrair scheduled__2023-11-09T00:00:00+00:00 [queued]>
[2024-10-02T17:25:42.655+0000] {taskinstance.py:2076} INFO - Dependencies all met for dep_context=requeueable deps ti=<TaskInstance: etl_covid_europa_pipeline.extrair scheduled__2023-11-09T00:00:00+00:00 [queued]>
[2024-10-02T17:25:42.656+0000] {taskinstance.py:2306} INFO - Starting attempt 1 of 1
[2024-10-02T17:25:42.860+0000] {taskinstance.py:2330} INFO - Executing <Task(PythonOperator): extrair> on 2023-11-09 00:00:00+00:00
[2024-10-02T17:25:42.866+0000] {warnings.py:112} WARNING - /home/***/.local/lib/python3.12/site-packages/***/task/task_runner/standard_task_runner.py:61: DeprecationWarning: This process (pid=1384) is multi-threaded, use of fork() may lead to deadlocks in the child.
  pid = os.fork()

[2024-10-02T17:25:42.867+0000] {standard_task_runner.py:63} INFO - Started process 1402 to run task
[2024-10-02T17:25:42.867+0000] {standard_task_runner.py:90} INFO - Running: ['***', 'tasks', 'run', 'etl_covid_europa_pipeline', 'extrair', 'scheduled__2023-11-09T00:00:00+00:00', '--job-id', '77', '--raw', '--subdir', 'DAGS_FOLDER/etl_pipeline.py', '--cfg-path', '/tmp/tmpk3ae00vt']
[2024-10-02T17:25:42.869+0000] {standard_task_runner.py:91} INFO - Job 77: Subtask extrair
[2024-10-02T17:25:42.914+0000] {task_command.py:426} INFO - Running <TaskInstance: etl_covid_europa_pipeline.extrair scheduled__2023-11-09T00:00:00+00:00 [running]> on host 99de7dfc3871
[2024-10-02T17:25:42.991+0000] {taskinstance.py:2648} INFO - Exporting env vars: AIRFLOW_CTX_DAG_OWNER='***' AIRFLOW_CTX_DAG_ID='etl_covid_europa_pipeline' AIRFLOW_CTX_TASK_ID='extrair' AIRFLOW_CTX_EXECUTION_DATE='2023-11-09T00:00:00+00:00' AIRFLOW_CTX_TRY_NUMBER='1' AIRFLOW_CTX_DAG_RUN_ID='scheduled__2023-11-09T00:00:00+00:00'
[2024-10-02T17:25:42.993+0000] {taskinstance.py:430} INFO - ::endgroup::
[2024-10-02T17:25:53.661+0000] {python.py:237} INFO - Done. Returned value was: None
[2024-10-02T17:25:53.662+0000] {taskinstance.py:441} INFO - ::group::Post task execution logs
[2024-10-02T17:25:53.670+0000] {taskinstance.py:1206} INFO - Marking task as SUCCESS. dag_id=etl_covid_europa_pipeline, task_id=extrair, run_id=scheduled__2023-11-09T00:00:00+00:00, execution_date=20231109T000000, start_date=20241002T172542, end_date=20241002T172553
[2024-10-02T17:25:53.691+0000] {local_task_job_runner.py:240} INFO - Task exited with return code 0
[2024-10-02T17:25:53.710+0000] {taskinstance.py:3503} INFO - 1 downstream tasks scheduled from follow-on schedule check
[2024-10-02T17:25:53.712+0000] {local_task_job_runner.py:222} INFO - ::endgroup::
[2024-10-02T18:57:43.358+0000] {local_task_job_runner.py:120} INFO - ::group::Pre task execution logs
[2024-10-02T18:57:43.388+0000] {taskinstance.py:2076} INFO - Dependencies all met for dep_context=non-requeueable deps ti=<TaskInstance: etl_covid_europa_pipeline.extrair scheduled__2023-11-09T00:00:00+00:00 [queued]>
[2024-10-02T18:57:43.588+0000] {taskinstance.py:2076} INFO - Dependencies all met for dep_context=requeueable deps ti=<TaskInstance: etl_covid_europa_pipeline.extrair scheduled__2023-11-09T00:00:00+00:00 [queued]>
[2024-10-02T18:57:43.589+0000] {taskinstance.py:2306} INFO - Starting attempt 1 of 1
[2024-10-02T18:57:43.610+0000] {taskinstance.py:2330} INFO - Executing <Task(PythonOperator): extrair> on 2023-11-09 00:00:00+00:00
[2024-10-02T18:57:43.617+0000] {warnings.py:112} WARNING - /home/***/.local/lib/python3.12/site-packages/***/task/task_runner/standard_task_runner.py:61: DeprecationWarning: This process (pid=5555) is multi-threaded, use of fork() may lead to deadlocks in the child.
  pid = os.fork()

[2024-10-02T18:57:43.619+0000] {standard_task_runner.py:63} INFO - Started process 5573 to run task
[2024-10-02T18:57:43.620+0000] {standard_task_runner.py:90} INFO - Running: ['***', 'tasks', 'run', 'etl_covid_europa_pipeline', 'extrair', 'scheduled__2023-11-09T00:00:00+00:00', '--job-id', '1070', '--raw', '--subdir', 'DAGS_FOLDER/etl_pipeline.py', '--cfg-path', '/tmp/tmpho1m8rn0']
[2024-10-02T18:57:43.622+0000] {standard_task_runner.py:91} INFO - Job 1070: Subtask extrair
[2024-10-02T18:57:43.668+0000] {task_command.py:426} INFO - Running <TaskInstance: etl_covid_europa_pipeline.extrair scheduled__2023-11-09T00:00:00+00:00 [running]> on host 99de7dfc3871
[2024-10-02T18:57:43.761+0000] {taskinstance.py:2648} INFO - Exporting env vars: AIRFLOW_CTX_DAG_OWNER='***' AIRFLOW_CTX_DAG_ID='etl_covid_europa_pipeline' AIRFLOW_CTX_TASK_ID='extrair' AIRFLOW_CTX_EXECUTION_DATE='2023-11-09T00:00:00+00:00' AIRFLOW_CTX_TRY_NUMBER='1' AIRFLOW_CTX_DAG_RUN_ID='scheduled__2023-11-09T00:00:00+00:00'
[2024-10-02T18:57:43.764+0000] {taskinstance.py:430} INFO - ::endgroup::
[2024-10-02T18:57:49.352+0000] {python.py:237} INFO - Done. Returned value was: None
[2024-10-02T18:57:49.353+0000] {taskinstance.py:441} INFO - ::group::Post task execution logs
[2024-10-02T18:57:49.361+0000] {taskinstance.py:1206} INFO - Marking task as SUCCESS. dag_id=etl_covid_europa_pipeline, task_id=extrair, run_id=scheduled__2023-11-09T00:00:00+00:00, execution_date=20231109T000000, start_date=20241002T185743, end_date=20241002T185749
[2024-10-02T18:57:49.400+0000] {local_task_job_runner.py:240} INFO - Task exited with return code 0
[2024-10-02T18:57:49.420+0000] {taskinstance.py:3503} INFO - 1 downstream tasks scheduled from follow-on schedule check
[2024-10-02T18:57:49.423+0000] {local_task_job_runner.py:222} INFO - ::endgroup::
[2024-10-02T19:24:01.360+0000] {local_task_job_runner.py:120} INFO - ::group::Pre task execution logs
[2024-10-02T19:24:01.385+0000] {taskinstance.py:2076} INFO - Dependencies all met for dep_context=non-requeueable deps ti=<TaskInstance: etl_covid_europa_pipeline.extrair scheduled__2023-11-09T00:00:00+00:00 [queued]>
[2024-10-02T19:24:01.564+0000] {taskinstance.py:2076} INFO - Dependencies all met for dep_context=requeueable deps ti=<TaskInstance: etl_covid_europa_pipeline.extrair scheduled__2023-11-09T00:00:00+00:00 [queued]>
[2024-10-02T19:24:01.565+0000] {taskinstance.py:2306} INFO - Starting attempt 1 of 1
[2024-10-02T19:24:01.582+0000] {taskinstance.py:2330} INFO - Executing <Task(PythonOperator): extrair> on 2023-11-09 00:00:00+00:00
[2024-10-02T19:24:01.589+0000] {warnings.py:112} WARNING - /home/***/.local/lib/python3.12/site-packages/***/task/task_runner/standard_task_runner.py:61: DeprecationWarning: This process (pid=8923) is multi-threaded, use of fork() may lead to deadlocks in the child.
  pid = os.fork()

[2024-10-02T19:24:01.590+0000] {standard_task_runner.py:63} INFO - Started process 8940 to run task
[2024-10-02T19:24:01.591+0000] {standard_task_runner.py:90} INFO - Running: ['***', 'tasks', 'run', 'etl_covid_europa_pipeline', 'extrair', 'scheduled__2023-11-09T00:00:00+00:00', '--job-id', '2080', '--raw', '--subdir', 'DAGS_FOLDER/etl_pipeline.py', '--cfg-path', '/tmp/tmp4v0aobpx']
[2024-10-02T19:24:01.593+0000] {standard_task_runner.py:91} INFO - Job 2080: Subtask extrair
[2024-10-02T19:24:01.638+0000] {task_command.py:426} INFO - Running <TaskInstance: etl_covid_europa_pipeline.extrair scheduled__2023-11-09T00:00:00+00:00 [running]> on host 99de7dfc3871
[2024-10-02T19:24:01.743+0000] {taskinstance.py:2648} INFO - Exporting env vars: AIRFLOW_CTX_DAG_OWNER='***' AIRFLOW_CTX_DAG_ID='etl_covid_europa_pipeline' AIRFLOW_CTX_TASK_ID='extrair' AIRFLOW_CTX_EXECUTION_DATE='2023-11-09T00:00:00+00:00' AIRFLOW_CTX_TRY_NUMBER='1' AIRFLOW_CTX_DAG_RUN_ID='scheduled__2023-11-09T00:00:00+00:00'
[2024-10-02T19:24:01.747+0000] {taskinstance.py:430} INFO - ::endgroup::
[2024-10-02T19:24:12.100+0000] {python.py:237} INFO - Done. Returned value was: None
[2024-10-02T19:24:12.102+0000] {taskinstance.py:441} INFO - ::group::Post task execution logs
[2024-10-02T19:24:12.116+0000] {taskinstance.py:1206} INFO - Marking task as SUCCESS. dag_id=etl_covid_europa_pipeline, task_id=extrair, run_id=scheduled__2023-11-09T00:00:00+00:00, execution_date=20231109T000000, start_date=20241002T192401, end_date=20241002T192412
[2024-10-02T19:24:12.223+0000] {local_task_job_runner.py:240} INFO - Task exited with return code 0
[2024-10-02T19:24:12.262+0000] {taskinstance.py:3503} INFO - 1 downstream tasks scheduled from follow-on schedule check
[2024-10-02T19:24:12.266+0000] {local_task_job_runner.py:222} INFO - ::endgroup::
