[2024-10-02T17:26:47.656+0000] {local_task_job_runner.py:120} INFO - ::group::Pre task execution logs
[2024-10-02T17:26:47.690+0000] {taskinstance.py:2076} INFO - Dependencies all met for dep_context=non-requeueable deps ti=<TaskInstance: etl_covid_europa_pipeline.transformar scheduled__2024-01-02T00:00:00+00:00 [queued]>
[2024-10-02T17:26:47.704+0000] {taskinstance.py:2076} INFO - Dependencies all met for dep_context=requeueable deps ti=<TaskInstance: etl_covid_europa_pipeline.transformar scheduled__2024-01-02T00:00:00+00:00 [queued]>
[2024-10-02T17:26:47.705+0000] {taskinstance.py:2306} INFO - Starting attempt 1 of 1
[2024-10-02T17:26:47.973+0000] {taskinstance.py:2330} INFO - Executing <Task(PythonOperator): transformar> on 2024-01-02 00:00:00+00:00
[2024-10-02T17:26:47.982+0000] {warnings.py:112} WARNING - /home/***/.local/lib/python3.12/site-packages/***/task/task_runner/standard_task_runner.py:61: DeprecationWarning: This process (pid=1728) is multi-threaded, use of fork() may lead to deadlocks in the child.
  pid = os.fork()

[2024-10-02T17:26:47.984+0000] {standard_task_runner.py:63} INFO - Started process 1743 to run task
[2024-10-02T17:26:47.984+0000] {standard_task_runner.py:90} INFO - Running: ['***', 'tasks', 'run', 'etl_covid_europa_pipeline', 'transformar', 'scheduled__2024-01-02T00:00:00+00:00', '--job-id', '189', '--raw', '--subdir', 'DAGS_FOLDER/etl_pipeline.py', '--cfg-path', '/tmp/tmp_svom6an']
[2024-10-02T17:26:47.986+0000] {standard_task_runner.py:91} INFO - Job 189: Subtask transformar
[2024-10-02T17:26:48.045+0000] {task_command.py:426} INFO - Running <TaskInstance: etl_covid_europa_pipeline.transformar scheduled__2024-01-02T00:00:00+00:00 [running]> on host 99de7dfc3871
[2024-10-02T17:26:48.164+0000] {taskinstance.py:2648} INFO - Exporting env vars: AIRFLOW_CTX_DAG_OWNER='***' AIRFLOW_CTX_DAG_ID='etl_covid_europa_pipeline' AIRFLOW_CTX_TASK_ID='transformar' AIRFLOW_CTX_EXECUTION_DATE='2024-01-02T00:00:00+00:00' AIRFLOW_CTX_TRY_NUMBER='1' AIRFLOW_CTX_DAG_RUN_ID='scheduled__2024-01-02T00:00:00+00:00'
[2024-10-02T17:26:48.165+0000] {taskinstance.py:430} INFO - ::endgroup::
[2024-10-02T17:26:48.192+0000] {taskinstance.py:441} INFO - ::group::Post task execution logs
[2024-10-02T17:26:48.194+0000] {taskinstance.py:2905} ERROR - Task failed with exception
Traceback (most recent call last):
  File "/home/airflow/.local/lib/python3.12/site-packages/airflow/models/taskinstance.py", line 465, in _execute_task
    result = _execute_callable(context=context, **execute_callable_kwargs)
             ^^^^^^^^^^^^^^^^^^^^^^^^^^^^^^^^^^^^^^^^^^^^^^^^^^^^^^^^^^^^^
  File "/home/airflow/.local/lib/python3.12/site-packages/airflow/models/taskinstance.py", line 432, in _execute_callable
    return execute_callable(context=context, **execute_callable_kwargs)
           ^^^^^^^^^^^^^^^^^^^^^^^^^^^^^^^^^^^^^^^^^^^^^^^^^^^^^^^^^^^^
  File "/home/airflow/.local/lib/python3.12/site-packages/airflow/models/baseoperator.py", line 401, in wrapper
    return func(self, *args, **kwargs)
           ^^^^^^^^^^^^^^^^^^^^^^^^^^^
  File "/home/airflow/.local/lib/python3.12/site-packages/airflow/operators/python.py", line 235, in execute
    return_value = self.execute_callable()
                   ^^^^^^^^^^^^^^^^^^^^^^^
  File "/home/airflow/.local/lib/python3.12/site-packages/airflow/operators/python.py", line 252, in execute_callable
    return self.python_callable(*self.op_args, **self.op_kwargs)
           ^^^^^^^^^^^^^^^^^^^^^^^^^^^^^^^^^^^^^^^^^^^^^^^^^^^^^
  File "/opt/airflow/dags/etl_pipeline.py", line 13, in transformar
    df = pd.read_csv('data/dados_covid_extraidos.csv')
         ^^^^^^^^^^^^^^^^^^^^^^^^^^^^^^^^^^^^^^^^^^^^^
  File "/home/airflow/.local/lib/python3.12/site-packages/pandas/io/parsers/readers.py", line 948, in read_csv
    return _read(filepath_or_buffer, kwds)
           ^^^^^^^^^^^^^^^^^^^^^^^^^^^^^^^
  File "/home/airflow/.local/lib/python3.12/site-packages/pandas/io/parsers/readers.py", line 611, in _read
    parser = TextFileReader(filepath_or_buffer, **kwds)
             ^^^^^^^^^^^^^^^^^^^^^^^^^^^^^^^^^^^^^^^^^^
  File "/home/airflow/.local/lib/python3.12/site-packages/pandas/io/parsers/readers.py", line 1448, in __init__
    self._engine = self._make_engine(f, self.engine)
                   ^^^^^^^^^^^^^^^^^^^^^^^^^^^^^^^^^
  File "/home/airflow/.local/lib/python3.12/site-packages/pandas/io/parsers/readers.py", line 1723, in _make_engine
    return mapping[engine](f, **self.options)
           ^^^^^^^^^^^^^^^^^^^^^^^^^^^^^^^^^^
  File "/home/airflow/.local/lib/python3.12/site-packages/pandas/io/parsers/c_parser_wrapper.py", line 93, in __init__
    self._reader = parsers.TextReader(src, **kwds)
                   ^^^^^^^^^^^^^^^^^^^^^^^^^^^^^^^
  File "parsers.pyx", line 579, in pandas._libs.parsers.TextReader.__cinit__
  File "parsers.pyx", line 668, in pandas._libs.parsers.TextReader._get_header
  File "parsers.pyx", line 879, in pandas._libs.parsers.TextReader._tokenize_rows
  File "parsers.pyx", line 890, in pandas._libs.parsers.TextReader._check_tokenize_status
  File "parsers.pyx", line 2050, in pandas._libs.parsers.raise_parser_error
OSError: [Errno 5] Input/output error
[2024-10-02T17:26:48.208+0000] {taskinstance.py:1206} INFO - Marking task as FAILED. dag_id=etl_covid_europa_pipeline, task_id=transformar, run_id=scheduled__2024-01-02T00:00:00+00:00, execution_date=20240102T000000, start_date=20241002T172647, end_date=20241002T172648
[2024-10-02T17:26:48.221+0000] {standard_task_runner.py:110} ERROR - Failed to execute job 189 for task transformar ([Errno 5] Input/output error; 1743)
[2024-10-02T17:26:48.239+0000] {local_task_job_runner.py:240} INFO - Task exited with return code 1
[2024-10-02T17:26:48.272+0000] {taskinstance.py:3503} INFO - 0 downstream tasks scheduled from follow-on schedule check
[2024-10-02T17:26:48.279+0000] {local_task_job_runner.py:222} INFO - ::endgroup::
[2024-10-02T18:58:56.514+0000] {local_task_job_runner.py:120} INFO - ::group::Pre task execution logs
[2024-10-02T18:58:56.543+0000] {taskinstance.py:2076} INFO - Dependencies all met for dep_context=non-requeueable deps ti=<TaskInstance: etl_covid_europa_pipeline.transformar scheduled__2024-01-02T00:00:00+00:00 [queued]>
[2024-10-02T18:58:56.848+0000] {taskinstance.py:2076} INFO - Dependencies all met for dep_context=requeueable deps ti=<TaskInstance: etl_covid_europa_pipeline.transformar scheduled__2024-01-02T00:00:00+00:00 [queued]>
[2024-10-02T18:58:56.848+0000] {taskinstance.py:2306} INFO - Starting attempt 1 of 1
[2024-10-02T18:58:56.863+0000] {taskinstance.py:2330} INFO - Executing <Task(PythonOperator): transformar> on 2024-01-02 00:00:00+00:00
[2024-10-02T18:58:56.871+0000] {warnings.py:112} WARNING - /home/***/.local/lib/python3.12/site-packages/***/task/task_runner/standard_task_runner.py:61: DeprecationWarning: This process (pid=6078) is multi-threaded, use of fork() may lead to deadlocks in the child.
  pid = os.fork()

[2024-10-02T18:58:56.872+0000] {standard_task_runner.py:63} INFO - Started process 6089 to run task
[2024-10-02T18:58:56.872+0000] {standard_task_runner.py:90} INFO - Running: ['***', 'tasks', 'run', 'etl_covid_europa_pipeline', 'transformar', 'scheduled__2024-01-02T00:00:00+00:00', '--job-id', '1235', '--raw', '--subdir', 'DAGS_FOLDER/etl_pipeline.py', '--cfg-path', '/tmp/tmpyzypwexz']
[2024-10-02T18:58:56.874+0000] {standard_task_runner.py:91} INFO - Job 1235: Subtask transformar
[2024-10-02T18:58:56.944+0000] {task_command.py:426} INFO - Running <TaskInstance: etl_covid_europa_pipeline.transformar scheduled__2024-01-02T00:00:00+00:00 [running]> on host 99de7dfc3871
[2024-10-02T18:58:57.054+0000] {taskinstance.py:2648} INFO - Exporting env vars: AIRFLOW_CTX_DAG_OWNER='***' AIRFLOW_CTX_DAG_ID='etl_covid_europa_pipeline' AIRFLOW_CTX_TASK_ID='transformar' AIRFLOW_CTX_EXECUTION_DATE='2024-01-02T00:00:00+00:00' AIRFLOW_CTX_TRY_NUMBER='1' AIRFLOW_CTX_DAG_RUN_ID='scheduled__2024-01-02T00:00:00+00:00'
[2024-10-02T18:58:57.057+0000] {taskinstance.py:430} INFO - ::endgroup::
[2024-10-02T18:58:57.136+0000] {python.py:237} INFO - Done. Returned value was: None
[2024-10-02T18:58:57.136+0000] {taskinstance.py:441} INFO - ::group::Post task execution logs
[2024-10-02T18:58:57.146+0000] {taskinstance.py:1206} INFO - Marking task as SUCCESS. dag_id=etl_covid_europa_pipeline, task_id=transformar, run_id=scheduled__2024-01-02T00:00:00+00:00, execution_date=20240102T000000, start_date=20241002T185856, end_date=20241002T185857
[2024-10-02T18:58:57.206+0000] {local_task_job_runner.py:240} INFO - Task exited with return code 0
[2024-10-02T18:58:57.218+0000] {local_task_job_runner.py:222} INFO - ::endgroup::
[2024-10-02T19:25:28.614+0000] {local_task_job_runner.py:120} INFO - ::group::Pre task execution logs
[2024-10-02T19:25:28.645+0000] {taskinstance.py:2076} INFO - Dependencies all met for dep_context=non-requeueable deps ti=<TaskInstance: etl_covid_europa_pipeline.transformar scheduled__2024-01-02T00:00:00+00:00 [queued]>
[2024-10-02T19:25:28.936+0000] {taskinstance.py:2076} INFO - Dependencies all met for dep_context=requeueable deps ti=<TaskInstance: etl_covid_europa_pipeline.transformar scheduled__2024-01-02T00:00:00+00:00 [queued]>
[2024-10-02T19:25:28.937+0000] {taskinstance.py:2306} INFO - Starting attempt 1 of 1
[2024-10-02T19:25:28.962+0000] {taskinstance.py:2330} INFO - Executing <Task(PythonOperator): transformar> on 2024-01-02 00:00:00+00:00
[2024-10-02T19:25:28.973+0000] {warnings.py:112} WARNING - /home/***/.local/lib/python3.12/site-packages/***/task/task_runner/standard_task_runner.py:61: DeprecationWarning: This process (pid=9520) is multi-threaded, use of fork() may lead to deadlocks in the child.
  pid = os.fork()

[2024-10-02T19:25:28.975+0000] {standard_task_runner.py:63} INFO - Started process 9527 to run task
[2024-10-02T19:25:28.975+0000] {standard_task_runner.py:90} INFO - Running: ['***', 'tasks', 'run', 'etl_covid_europa_pipeline', 'transformar', 'scheduled__2024-01-02T00:00:00+00:00', '--job-id', '2271', '--raw', '--subdir', 'DAGS_FOLDER/etl_pipeline.py', '--cfg-path', '/tmp/tmpgzw0832p']
[2024-10-02T19:25:28.977+0000] {standard_task_runner.py:91} INFO - Job 2271: Subtask transformar
[2024-10-02T19:25:29.025+0000] {task_command.py:426} INFO - Running <TaskInstance: etl_covid_europa_pipeline.transformar scheduled__2024-01-02T00:00:00+00:00 [running]> on host 99de7dfc3871
[2024-10-02T19:25:29.186+0000] {taskinstance.py:2648} INFO - Exporting env vars: AIRFLOW_CTX_DAG_OWNER='***' AIRFLOW_CTX_DAG_ID='etl_covid_europa_pipeline' AIRFLOW_CTX_TASK_ID='transformar' AIRFLOW_CTX_EXECUTION_DATE='2024-01-02T00:00:00+00:00' AIRFLOW_CTX_TRY_NUMBER='1' AIRFLOW_CTX_DAG_RUN_ID='scheduled__2024-01-02T00:00:00+00:00'
[2024-10-02T19:25:29.189+0000] {taskinstance.py:430} INFO - ::endgroup::
[2024-10-02T19:25:29.540+0000] {python.py:237} INFO - Done. Returned value was: None
[2024-10-02T19:25:29.542+0000] {taskinstance.py:441} INFO - ::group::Post task execution logs
[2024-10-02T19:25:29.564+0000] {taskinstance.py:1206} INFO - Marking task as SUCCESS. dag_id=etl_covid_europa_pipeline, task_id=transformar, run_id=scheduled__2024-01-02T00:00:00+00:00, execution_date=20240102T000000, start_date=20241002T192528, end_date=20241002T192529
[2024-10-02T19:25:29.651+0000] {local_task_job_runner.py:240} INFO - Task exited with return code 0
[2024-10-02T19:25:29.662+0000] {local_task_job_runner.py:222} INFO - ::endgroup::
