[2024-10-02T18:59:14.153+0000] {local_task_job_runner.py:120} INFO - ::group::Pre task execution logs
[2024-10-02T18:59:14.189+0000] {taskinstance.py:2076} INFO - Dependencies all met for dep_context=non-requeueable deps ti=<TaskInstance: etl_covid_europa_pipeline.transformar scheduled__2024-01-14T00:00:00+00:00 [queued]>
[2024-10-02T18:59:14.209+0000] {taskinstance.py:2076} INFO - Dependencies all met for dep_context=requeueable deps ti=<TaskInstance: etl_covid_europa_pipeline.transformar scheduled__2024-01-14T00:00:00+00:00 [queued]>
[2024-10-02T18:59:14.211+0000] {taskinstance.py:2306} INFO - Starting attempt 1 of 1
[2024-10-02T18:59:14.598+0000] {taskinstance.py:2330} INFO - Executing <Task(PythonOperator): transformar> on 2024-01-14 00:00:00+00:00
[2024-10-02T18:59:14.608+0000] {standard_task_runner.py:90} INFO - Running: ['***', 'tasks', 'run', 'etl_covid_europa_pipeline', 'transformar', 'scheduled__2024-01-14T00:00:00+00:00', '--job-id', '1275', '--raw', '--subdir', 'DAGS_FOLDER/etl_pipeline.py', '--cfg-path', '/tmp/tmpzobvqymo']
[2024-10-02T18:59:14.606+0000] {warnings.py:112} WARNING - /home/***/.local/lib/python3.12/site-packages/***/task/task_runner/standard_task_runner.py:61: DeprecationWarning: This process (pid=6193) is multi-threaded, use of fork() may lead to deadlocks in the child.
  pid = os.fork()

[2024-10-02T18:59:14.612+0000] {standard_task_runner.py:91} INFO - Job 1275: Subtask transformar
[2024-10-02T18:59:14.613+0000] {standard_task_runner.py:63} INFO - Started process 6220 to run task
[2024-10-02T18:59:14.691+0000] {task_command.py:426} INFO - Running <TaskInstance: etl_covid_europa_pipeline.transformar scheduled__2024-01-14T00:00:00+00:00 [running]> on host 99de7dfc3871
[2024-10-02T18:59:14.866+0000] {taskinstance.py:2648} INFO - Exporting env vars: AIRFLOW_CTX_DAG_OWNER='***' AIRFLOW_CTX_DAG_ID='etl_covid_europa_pipeline' AIRFLOW_CTX_TASK_ID='transformar' AIRFLOW_CTX_EXECUTION_DATE='2024-01-14T00:00:00+00:00' AIRFLOW_CTX_TRY_NUMBER='1' AIRFLOW_CTX_DAG_RUN_ID='scheduled__2024-01-14T00:00:00+00:00'
[2024-10-02T18:59:14.869+0000] {taskinstance.py:430} INFO - ::endgroup::
[2024-10-02T18:59:15.268+0000] {python.py:237} INFO - Done. Returned value was: None
[2024-10-02T18:59:15.269+0000] {taskinstance.py:441} INFO - ::group::Post task execution logs
[2024-10-02T18:59:15.282+0000] {taskinstance.py:1206} INFO - Marking task as SUCCESS. dag_id=etl_covid_europa_pipeline, task_id=transformar, run_id=scheduled__2024-01-14T00:00:00+00:00, execution_date=20240114T000000, start_date=20241002T185914, end_date=20241002T185915
[2024-10-02T18:59:15.320+0000] {local_task_job_runner.py:240} INFO - Task exited with return code 0
[2024-10-02T18:59:15.357+0000] {taskinstance.py:3503} INFO - 1 downstream tasks scheduled from follow-on schedule check
[2024-10-02T18:59:15.362+0000] {local_task_job_runner.py:222} INFO - ::endgroup::
[2024-10-02T19:25:31.174+0000] {local_task_job_runner.py:120} INFO - ::group::Pre task execution logs
[2024-10-02T19:25:31.220+0000] {taskinstance.py:2076} INFO - Dependencies all met for dep_context=non-requeueable deps ti=<TaskInstance: etl_covid_europa_pipeline.transformar scheduled__2024-01-14T00:00:00+00:00 [queued]>
[2024-10-02T19:25:31.251+0000] {taskinstance.py:2076} INFO - Dependencies all met for dep_context=requeueable deps ti=<TaskInstance: etl_covid_europa_pipeline.transformar scheduled__2024-01-14T00:00:00+00:00 [queued]>
[2024-10-02T19:25:31.253+0000] {taskinstance.py:2306} INFO - Starting attempt 1 of 1
[2024-10-02T19:25:31.700+0000] {taskinstance.py:2330} INFO - Executing <Task(PythonOperator): transformar> on 2024-01-14 00:00:00+00:00
[2024-10-02T19:25:31.708+0000] {warnings.py:112} WARNING - /home/***/.local/lib/python3.12/site-packages/***/task/task_runner/standard_task_runner.py:61: DeprecationWarning: This process (pid=9549) is multi-threaded, use of fork() may lead to deadlocks in the child.
  pid = os.fork()

[2024-10-02T19:25:31.711+0000] {standard_task_runner.py:63} INFO - Started process 9570 to run task
[2024-10-02T19:25:31.711+0000] {standard_task_runner.py:90} INFO - Running: ['***', 'tasks', 'run', 'etl_covid_europa_pipeline', 'transformar', 'scheduled__2024-01-14T00:00:00+00:00', '--job-id', '2283', '--raw', '--subdir', 'DAGS_FOLDER/etl_pipeline.py', '--cfg-path', '/tmp/tmp_ilb5nav']
[2024-10-02T19:25:31.714+0000] {standard_task_runner.py:91} INFO - Job 2283: Subtask transformar
[2024-10-02T19:25:31.769+0000] {task_command.py:426} INFO - Running <TaskInstance: etl_covid_europa_pipeline.transformar scheduled__2024-01-14T00:00:00+00:00 [running]> on host 99de7dfc3871
[2024-10-02T19:25:31.868+0000] {taskinstance.py:2648} INFO - Exporting env vars: AIRFLOW_CTX_DAG_OWNER='***' AIRFLOW_CTX_DAG_ID='etl_covid_europa_pipeline' AIRFLOW_CTX_TASK_ID='transformar' AIRFLOW_CTX_EXECUTION_DATE='2024-01-14T00:00:00+00:00' AIRFLOW_CTX_TRY_NUMBER='1' AIRFLOW_CTX_DAG_RUN_ID='scheduled__2024-01-14T00:00:00+00:00'
[2024-10-02T19:25:31.869+0000] {taskinstance.py:430} INFO - ::endgroup::
[2024-10-02T19:25:32.038+0000] {python.py:237} INFO - Done. Returned value was: None
[2024-10-02T19:25:32.039+0000] {taskinstance.py:441} INFO - ::group::Post task execution logs
[2024-10-02T19:25:32.048+0000] {taskinstance.py:1206} INFO - Marking task as SUCCESS. dag_id=etl_covid_europa_pipeline, task_id=transformar, run_id=scheduled__2024-01-14T00:00:00+00:00, execution_date=20240114T000000, start_date=20241002T192531, end_date=20241002T192532
[2024-10-02T19:25:32.084+0000] {local_task_job_runner.py:240} INFO - Task exited with return code 0
[2024-10-02T19:25:32.092+0000] {local_task_job_runner.py:222} INFO - ::endgroup::
