[2024-10-02T17:30:43.479+0000] {local_task_job_runner.py:120} INFO - ::group::Pre task execution logs
[2024-10-02T17:30:43.500+0000] {taskinstance.py:2076} INFO - Dependencies all met for dep_context=non-requeueable deps ti=<TaskInstance: etl_covid_europa_pipeline.extrair scheduled__2024-08-02T00:00:00+00:00 [queued]>
[2024-10-02T17:30:43.508+0000] {taskinstance.py:2076} INFO - Dependencies all met for dep_context=requeueable deps ti=<TaskInstance: etl_covid_europa_pipeline.extrair scheduled__2024-08-02T00:00:00+00:00 [queued]>
[2024-10-02T17:30:43.508+0000] {taskinstance.py:2306} INFO - Starting attempt 1 of 1
[2024-10-02T17:30:43.653+0000] {taskinstance.py:2330} INFO - Executing <Task(PythonOperator): extrair> on 2024-08-02 00:00:00+00:00
[2024-10-02T17:30:43.658+0000] {warnings.py:112} WARNING - /home/***/.local/lib/python3.12/site-packages/***/task/task_runner/standard_task_runner.py:61: DeprecationWarning: This process (pid=2824) is multi-threaded, use of fork() may lead to deadlocks in the child.
  pid = os.fork()

[2024-10-02T17:30:43.659+0000] {standard_task_runner.py:63} INFO - Started process 2830 to run task
[2024-10-02T17:30:43.659+0000] {standard_task_runner.py:90} INFO - Running: ['***', 'tasks', 'run', 'etl_covid_europa_pipeline', 'extrair', 'scheduled__2024-08-02T00:00:00+00:00', '--job-id', '535', '--raw', '--subdir', 'DAGS_FOLDER/etl_pipeline.py', '--cfg-path', '/tmp/tmpyaw0c052']
[2024-10-02T17:30:43.661+0000] {standard_task_runner.py:91} INFO - Job 535: Subtask extrair
[2024-10-02T17:30:43.696+0000] {task_command.py:426} INFO - Running <TaskInstance: etl_covid_europa_pipeline.extrair scheduled__2024-08-02T00:00:00+00:00 [running]> on host 99de7dfc3871
[2024-10-02T17:30:43.766+0000] {taskinstance.py:2648} INFO - Exporting env vars: AIRFLOW_CTX_DAG_OWNER='***' AIRFLOW_CTX_DAG_ID='etl_covid_europa_pipeline' AIRFLOW_CTX_TASK_ID='extrair' AIRFLOW_CTX_EXECUTION_DATE='2024-08-02T00:00:00+00:00' AIRFLOW_CTX_TRY_NUMBER='1' AIRFLOW_CTX_DAG_RUN_ID='scheduled__2024-08-02T00:00:00+00:00'
[2024-10-02T17:30:43.767+0000] {taskinstance.py:430} INFO - ::endgroup::
[2024-10-02T17:30:50.279+0000] {python.py:237} INFO - Done. Returned value was: None
[2024-10-02T17:30:50.279+0000] {taskinstance.py:441} INFO - ::group::Post task execution logs
[2024-10-02T17:30:50.289+0000] {taskinstance.py:1206} INFO - Marking task as SUCCESS. dag_id=etl_covid_europa_pipeline, task_id=extrair, run_id=scheduled__2024-08-02T00:00:00+00:00, execution_date=20240802T000000, start_date=20241002T173043, end_date=20241002T173050
[2024-10-02T17:30:50.406+0000] {local_task_job_runner.py:240} INFO - Task exited with return code 0
[2024-10-02T17:30:50.435+0000] {taskinstance.py:3503} INFO - 1 downstream tasks scheduled from follow-on schedule check
[2024-10-02T17:30:50.438+0000] {local_task_job_runner.py:222} INFO - ::endgroup::
[2024-10-02T18:54:45.725+0000] {local_task_job_runner.py:120} INFO - ::group::Pre task execution logs
[2024-10-02T18:54:45.751+0000] {taskinstance.py:2076} INFO - Dependencies all met for dep_context=non-requeueable deps ti=<TaskInstance: etl_covid_europa_pipeline.extrair scheduled__2024-08-02T00:00:00+00:00 [queued]>
[2024-10-02T18:54:45.942+0000] {taskinstance.py:2076} INFO - Dependencies all met for dep_context=requeueable deps ti=<TaskInstance: etl_covid_europa_pipeline.extrair scheduled__2024-08-02T00:00:00+00:00 [queued]>
[2024-10-02T18:54:45.943+0000] {taskinstance.py:2306} INFO - Starting attempt 1 of 1
[2024-10-02T18:54:45.958+0000] {taskinstance.py:2330} INFO - Executing <Task(PythonOperator): extrair> on 2024-08-02 00:00:00+00:00
[2024-10-02T18:54:45.965+0000] {warnings.py:112} WARNING - /home/***/.local/lib/python3.12/site-packages/***/task/task_runner/standard_task_runner.py:61: DeprecationWarning: This process (pid=4629) is multi-threaded, use of fork() may lead to deadlocks in the child.
  pid = os.fork()

[2024-10-02T18:54:45.967+0000] {standard_task_runner.py:63} INFO - Started process 4648 to run task
[2024-10-02T18:54:45.967+0000] {standard_task_runner.py:90} INFO - Running: ['***', 'tasks', 'run', 'etl_covid_europa_pipeline', 'extrair', 'scheduled__2024-08-02T00:00:00+00:00', '--job-id', '776', '--raw', '--subdir', 'DAGS_FOLDER/etl_pipeline.py', '--cfg-path', '/tmp/tmp6xeli55i']
[2024-10-02T18:54:45.970+0000] {standard_task_runner.py:91} INFO - Job 776: Subtask extrair
[2024-10-02T18:54:46.012+0000] {task_command.py:426} INFO - Running <TaskInstance: etl_covid_europa_pipeline.extrair scheduled__2024-08-02T00:00:00+00:00 [running]> on host 99de7dfc3871
[2024-10-02T18:54:46.108+0000] {taskinstance.py:2648} INFO - Exporting env vars: AIRFLOW_CTX_DAG_OWNER='***' AIRFLOW_CTX_DAG_ID='etl_covid_europa_pipeline' AIRFLOW_CTX_TASK_ID='extrair' AIRFLOW_CTX_EXECUTION_DATE='2024-08-02T00:00:00+00:00' AIRFLOW_CTX_TRY_NUMBER='1' AIRFLOW_CTX_DAG_RUN_ID='scheduled__2024-08-02T00:00:00+00:00'
[2024-10-02T18:54:46.111+0000] {taskinstance.py:430} INFO - ::endgroup::
[2024-10-02T18:54:52.351+0000] {python.py:237} INFO - Done. Returned value was: None
[2024-10-02T18:54:52.352+0000] {taskinstance.py:441} INFO - ::group::Post task execution logs
[2024-10-02T18:54:52.361+0000] {taskinstance.py:1206} INFO - Marking task as SUCCESS. dag_id=etl_covid_europa_pipeline, task_id=extrair, run_id=scheduled__2024-08-02T00:00:00+00:00, execution_date=20240802T000000, start_date=20241002T185445, end_date=20241002T185452
[2024-10-02T18:54:52.391+0000] {local_task_job_runner.py:240} INFO - Task exited with return code 0
[2024-10-02T18:54:52.410+0000] {taskinstance.py:3503} INFO - 1 downstream tasks scheduled from follow-on schedule check
[2024-10-02T18:54:52.413+0000] {local_task_job_runner.py:222} INFO - ::endgroup::
[2024-10-02T19:03:27.391+0000] {local_task_job_runner.py:120} INFO - ::group::Pre task execution logs
[2024-10-02T19:03:27.412+0000] {taskinstance.py:2076} INFO - Dependencies all met for dep_context=non-requeueable deps ti=<TaskInstance: etl_covid_europa_pipeline.extrair scheduled__2024-08-02T00:00:00+00:00 [queued]>
[2024-10-02T19:03:27.554+0000] {taskinstance.py:2076} INFO - Dependencies all met for dep_context=requeueable deps ti=<TaskInstance: etl_covid_europa_pipeline.extrair scheduled__2024-08-02T00:00:00+00:00 [queued]>
[2024-10-02T19:03:27.554+0000] {taskinstance.py:2306} INFO - Starting attempt 1 of 1
[2024-10-02T19:03:27.566+0000] {taskinstance.py:2330} INFO - Executing <Task(PythonOperator): extrair> on 2024-08-02 00:00:00+00:00
[2024-10-02T19:03:27.571+0000] {warnings.py:112} WARNING - /home/***/.local/lib/python3.12/site-packages/***/task/task_runner/standard_task_runner.py:61: DeprecationWarning: This process (pid=7821) is multi-threaded, use of fork() may lead to deadlocks in the child.
  pid = os.fork()

[2024-10-02T19:03:27.572+0000] {standard_task_runner.py:63} INFO - Started process 7828 to run task
[2024-10-02T19:03:27.572+0000] {standard_task_runner.py:90} INFO - Running: ['***', 'tasks', 'run', 'etl_covid_europa_pipeline', 'extrair', 'scheduled__2024-08-02T00:00:00+00:00', '--job-id', '1801', '--raw', '--subdir', 'DAGS_FOLDER/etl_pipeline.py', '--cfg-path', '/tmp/tmpotjqzvr8']
[2024-10-02T19:03:27.574+0000] {standard_task_runner.py:91} INFO - Job 1801: Subtask extrair
[2024-10-02T19:03:27.609+0000] {task_command.py:426} INFO - Running <TaskInstance: etl_covid_europa_pipeline.extrair scheduled__2024-08-02T00:00:00+00:00 [running]> on host 99de7dfc3871
[2024-10-02T19:03:27.688+0000] {taskinstance.py:2648} INFO - Exporting env vars: AIRFLOW_CTX_DAG_OWNER='***' AIRFLOW_CTX_DAG_ID='etl_covid_europa_pipeline' AIRFLOW_CTX_TASK_ID='extrair' AIRFLOW_CTX_EXECUTION_DATE='2024-08-02T00:00:00+00:00' AIRFLOW_CTX_TRY_NUMBER='1' AIRFLOW_CTX_DAG_RUN_ID='scheduled__2024-08-02T00:00:00+00:00'
[2024-10-02T19:03:27.691+0000] {taskinstance.py:430} INFO - ::endgroup::
[2024-10-02T19:03:37.262+0000] {python.py:237} INFO - Done. Returned value was: None
[2024-10-02T19:03:37.263+0000] {taskinstance.py:441} INFO - ::group::Post task execution logs
[2024-10-02T19:03:37.271+0000] {taskinstance.py:1206} INFO - Marking task as SUCCESS. dag_id=etl_covid_europa_pipeline, task_id=extrair, run_id=scheduled__2024-08-02T00:00:00+00:00, execution_date=20240802T000000, start_date=20241002T190327, end_date=20241002T190337
[2024-10-02T19:03:37.298+0000] {local_task_job_runner.py:240} INFO - Task exited with return code 0
[2024-10-02T19:03:37.321+0000] {taskinstance.py:3503} INFO - 1 downstream tasks scheduled from follow-on schedule check
[2024-10-02T19:03:37.323+0000] {local_task_job_runner.py:222} INFO - ::endgroup::
