[2024-10-02T17:28:07.877+0000] {local_task_job_runner.py:120} INFO - ::group::Pre task execution logs
[2024-10-02T17:28:07.904+0000] {taskinstance.py:2076} INFO - Dependencies all met for dep_context=non-requeueable deps ti=<TaskInstance: etl_covid_europa_pipeline.extrair scheduled__2024-03-15T00:00:00+00:00 [queued]>
[2024-10-02T17:28:07.915+0000] {taskinstance.py:2076} INFO - Dependencies all met for dep_context=requeueable deps ti=<TaskInstance: etl_covid_europa_pipeline.extrair scheduled__2024-03-15T00:00:00+00:00 [queued]>
[2024-10-02T17:28:07.916+0000] {taskinstance.py:2306} INFO - Starting attempt 1 of 1
[2024-10-02T17:28:08.128+0000] {taskinstance.py:2330} INFO - Executing <Task(PythonOperator): extrair> on 2024-03-15 00:00:00+00:00
[2024-10-02T17:28:08.136+0000] {warnings.py:112} WARNING - /home/***/.local/lib/python3.12/site-packages/***/task/task_runner/standard_task_runner.py:61: DeprecationWarning: This process (pid=2012) is multi-threaded, use of fork() may lead to deadlocks in the child.
  pid = os.fork()

[2024-10-02T17:28:08.137+0000] {standard_task_runner.py:63} INFO - Started process 2030 to run task
[2024-10-02T17:28:08.137+0000] {standard_task_runner.py:90} INFO - Running: ['***', 'tasks', 'run', 'etl_covid_europa_pipeline', 'extrair', 'scheduled__2024-03-15T00:00:00+00:00', '--job-id', '277', '--raw', '--subdir', 'DAGS_FOLDER/etl_pipeline.py', '--cfg-path', '/tmp/tmphej7a01k']
[2024-10-02T17:28:08.139+0000] {standard_task_runner.py:91} INFO - Job 277: Subtask extrair
[2024-10-02T17:28:08.186+0000] {task_command.py:426} INFO - Running <TaskInstance: etl_covid_europa_pipeline.extrair scheduled__2024-03-15T00:00:00+00:00 [running]> on host 99de7dfc3871
[2024-10-02T17:28:08.273+0000] {taskinstance.py:2648} INFO - Exporting env vars: AIRFLOW_CTX_DAG_OWNER='***' AIRFLOW_CTX_DAG_ID='etl_covid_europa_pipeline' AIRFLOW_CTX_TASK_ID='extrair' AIRFLOW_CTX_EXECUTION_DATE='2024-03-15T00:00:00+00:00' AIRFLOW_CTX_TRY_NUMBER='1' AIRFLOW_CTX_DAG_RUN_ID='scheduled__2024-03-15T00:00:00+00:00'
[2024-10-02T17:28:08.274+0000] {taskinstance.py:430} INFO - ::endgroup::
[2024-10-02T17:28:14.169+0000] {python.py:237} INFO - Done. Returned value was: None
[2024-10-02T17:28:14.170+0000] {taskinstance.py:441} INFO - ::group::Post task execution logs
[2024-10-02T17:28:14.178+0000] {taskinstance.py:1206} INFO - Marking task as SUCCESS. dag_id=etl_covid_europa_pipeline, task_id=extrair, run_id=scheduled__2024-03-15T00:00:00+00:00, execution_date=20240315T000000, start_date=20241002T172807, end_date=20241002T172814
[2024-10-02T17:28:14.238+0000] {local_task_job_runner.py:240} INFO - Task exited with return code 0
[2024-10-02T17:28:14.275+0000] {taskinstance.py:3503} INFO - 1 downstream tasks scheduled from follow-on schedule check
[2024-10-02T17:28:14.278+0000] {local_task_job_runner.py:222} INFO - ::endgroup::
[2024-10-02T19:00:43.334+0000] {local_task_job_runner.py:120} INFO - ::group::Pre task execution logs
[2024-10-02T19:00:43.355+0000] {taskinstance.py:2076} INFO - Dependencies all met for dep_context=non-requeueable deps ti=<TaskInstance: etl_covid_europa_pipeline.extrair scheduled__2024-03-15T00:00:00+00:00 [queued]>
[2024-10-02T19:00:43.540+0000] {taskinstance.py:2076} INFO - Dependencies all met for dep_context=requeueable deps ti=<TaskInstance: etl_covid_europa_pipeline.extrair scheduled__2024-03-15T00:00:00+00:00 [queued]>
[2024-10-02T19:00:43.540+0000] {taskinstance.py:2306} INFO - Starting attempt 1 of 1
[2024-10-02T19:00:43.574+0000] {taskinstance.py:2330} INFO - Executing <Task(PythonOperator): extrair> on 2024-03-15 00:00:00+00:00
[2024-10-02T19:00:43.580+0000] {warnings.py:112} WARNING - /home/***/.local/lib/python3.12/site-packages/***/task/task_runner/standard_task_runner.py:61: DeprecationWarning: This process (pid=6700) is multi-threaded, use of fork() may lead to deadlocks in the child.
  pid = os.fork()

[2024-10-02T19:00:43.582+0000] {standard_task_runner.py:63} INFO - Started process 6715 to run task
[2024-10-02T19:00:43.582+0000] {standard_task_runner.py:90} INFO - Running: ['***', 'tasks', 'run', 'etl_covid_europa_pipeline', 'extrair', 'scheduled__2024-03-15T00:00:00+00:00', '--job-id', '1438', '--raw', '--subdir', 'DAGS_FOLDER/etl_pipeline.py', '--cfg-path', '/tmp/tmpocozlmh5']
[2024-10-02T19:00:43.585+0000] {standard_task_runner.py:91} INFO - Job 1438: Subtask extrair
[2024-10-02T19:00:43.637+0000] {task_command.py:426} INFO - Running <TaskInstance: etl_covid_europa_pipeline.extrair scheduled__2024-03-15T00:00:00+00:00 [running]> on host 99de7dfc3871
[2024-10-02T19:00:43.732+0000] {taskinstance.py:2648} INFO - Exporting env vars: AIRFLOW_CTX_DAG_OWNER='***' AIRFLOW_CTX_DAG_ID='etl_covid_europa_pipeline' AIRFLOW_CTX_TASK_ID='extrair' AIRFLOW_CTX_EXECUTION_DATE='2024-03-15T00:00:00+00:00' AIRFLOW_CTX_TRY_NUMBER='1' AIRFLOW_CTX_DAG_RUN_ID='scheduled__2024-03-15T00:00:00+00:00'
[2024-10-02T19:00:43.737+0000] {taskinstance.py:430} INFO - ::endgroup::
[2024-10-02T19:00:49.511+0000] {python.py:237} INFO - Done. Returned value was: None
[2024-10-02T19:00:49.512+0000] {taskinstance.py:441} INFO - ::group::Post task execution logs
[2024-10-02T19:00:49.519+0000] {taskinstance.py:1206} INFO - Marking task as SUCCESS. dag_id=etl_covid_europa_pipeline, task_id=extrair, run_id=scheduled__2024-03-15T00:00:00+00:00, execution_date=20240315T000000, start_date=20241002T190043, end_date=20241002T190049
[2024-10-02T19:00:49.564+0000] {local_task_job_runner.py:240} INFO - Task exited with return code 0
[2024-10-02T19:00:49.587+0000] {taskinstance.py:3503} INFO - 1 downstream tasks scheduled from follow-on schedule check
[2024-10-02T19:00:49.590+0000] {local_task_job_runner.py:222} INFO - ::endgroup::
[2024-10-02T19:26:44.372+0000] {local_task_job_runner.py:120} INFO - ::group::Pre task execution logs
[2024-10-02T19:26:44.578+0000] {taskinstance.py:2076} INFO - Dependencies all met for dep_context=non-requeueable deps ti=<TaskInstance: etl_covid_europa_pipeline.extrair scheduled__2024-03-15T00:00:00+00:00 [queued]>
[2024-10-02T19:26:44.586+0000] {taskinstance.py:2076} INFO - Dependencies all met for dep_context=requeueable deps ti=<TaskInstance: etl_covid_europa_pipeline.extrair scheduled__2024-03-15T00:00:00+00:00 [queued]>
[2024-10-02T19:26:44.587+0000] {taskinstance.py:2306} INFO - Starting attempt 1 of 1
[2024-10-02T19:26:44.610+0000] {taskinstance.py:2330} INFO - Executing <Task(PythonOperator): extrair> on 2024-03-15 00:00:00+00:00
[2024-10-02T19:26:44.617+0000] {warnings.py:112} WARNING - /home/***/.local/lib/python3.12/site-packages/***/task/task_runner/standard_task_runner.py:61: DeprecationWarning: This process (pid=10073) is multi-threaded, use of fork() may lead to deadlocks in the child.
  pid = os.fork()

[2024-10-02T19:26:44.618+0000] {standard_task_runner.py:63} INFO - Started process 10089 to run task
[2024-10-02T19:26:44.618+0000] {standard_task_runner.py:90} INFO - Running: ['***', 'tasks', 'run', 'etl_covid_europa_pipeline', 'extrair', 'scheduled__2024-03-15T00:00:00+00:00', '--job-id', '2452', '--raw', '--subdir', 'DAGS_FOLDER/etl_pipeline_agrupar_continente.py', '--cfg-path', '/tmp/tmpggqkgpku']
[2024-10-02T19:26:44.619+0000] {standard_task_runner.py:91} INFO - Job 2452: Subtask extrair
[2024-10-02T19:26:44.664+0000] {task_command.py:426} INFO - Running <TaskInstance: etl_covid_europa_pipeline.extrair scheduled__2024-03-15T00:00:00+00:00 [running]> on host 99de7dfc3871
[2024-10-02T19:26:44.755+0000] {taskinstance.py:2648} INFO - Exporting env vars: AIRFLOW_CTX_DAG_OWNER='***' AIRFLOW_CTX_DAG_ID='etl_covid_europa_pipeline' AIRFLOW_CTX_TASK_ID='extrair' AIRFLOW_CTX_EXECUTION_DATE='2024-03-15T00:00:00+00:00' AIRFLOW_CTX_TRY_NUMBER='1' AIRFLOW_CTX_DAG_RUN_ID='scheduled__2024-03-15T00:00:00+00:00'
[2024-10-02T19:26:44.756+0000] {taskinstance.py:430} INFO - ::endgroup::
[2024-10-02T19:26:50.141+0000] {python.py:237} INFO - Done. Returned value was: None
[2024-10-02T19:26:50.141+0000] {taskinstance.py:441} INFO - ::group::Post task execution logs
[2024-10-02T19:26:50.158+0000] {taskinstance.py:1206} INFO - Marking task as SUCCESS. dag_id=etl_covid_europa_pipeline, task_id=extrair, run_id=scheduled__2024-03-15T00:00:00+00:00, execution_date=20240315T000000, start_date=20241002T192644, end_date=20241002T192650
[2024-10-02T19:26:50.204+0000] {local_task_job_runner.py:240} INFO - Task exited with return code 0
[2024-10-02T19:26:50.249+0000] {taskinstance.py:3503} INFO - 1 downstream tasks scheduled from follow-on schedule check
[2024-10-02T19:26:50.253+0000] {local_task_job_runner.py:222} INFO - ::endgroup::
