[2024-10-02T19:01:32.644+0000] {local_task_job_runner.py:120} INFO - ::group::Pre task execution logs
[2024-10-02T19:01:32.668+0000] {taskinstance.py:2076} INFO - Dependencies all met for dep_context=non-requeueable deps ti=<TaskInstance: etl_covid_europa_pipeline.carregar scheduled__2024-04-20T00:00:00+00:00 [queued]>
[2024-10-02T19:01:32.893+0000] {taskinstance.py:2076} INFO - Dependencies all met for dep_context=requeueable deps ti=<TaskInstance: etl_covid_europa_pipeline.carregar scheduled__2024-04-20T00:00:00+00:00 [queued]>
[2024-10-02T19:01:32.894+0000] {taskinstance.py:2306} INFO - Starting attempt 1 of 1
[2024-10-02T19:01:32.910+0000] {taskinstance.py:2330} INFO - Executing <Task(PythonOperator): carregar> on 2024-04-20 00:00:00+00:00
[2024-10-02T19:01:32.916+0000] {warnings.py:112} WARNING - /home/***/.local/lib/python3.12/site-packages/***/task/task_runner/standard_task_runner.py:61: DeprecationWarning: This process (pid=7052) is multi-threaded, use of fork() may lead to deadlocks in the child.
  pid = os.fork()

[2024-10-02T19:01:32.918+0000] {standard_task_runner.py:63} INFO - Started process 7064 to run task
[2024-10-02T19:01:32.919+0000] {standard_task_runner.py:90} INFO - Running: ['***', 'tasks', 'run', 'etl_covid_europa_pipeline', 'carregar', 'scheduled__2024-04-20T00:00:00+00:00', '--job-id', '1553', '--raw', '--subdir', 'DAGS_FOLDER/etl_pipeline.py', '--cfg-path', '/tmp/tmpw2igo779']
[2024-10-02T19:01:32.922+0000] {standard_task_runner.py:91} INFO - Job 1553: Subtask carregar
[2024-10-02T19:01:32.968+0000] {task_command.py:426} INFO - Running <TaskInstance: etl_covid_europa_pipeline.carregar scheduled__2024-04-20T00:00:00+00:00 [running]> on host 99de7dfc3871
[2024-10-02T19:01:33.058+0000] {taskinstance.py:2648} INFO - Exporting env vars: AIRFLOW_CTX_DAG_OWNER='***' AIRFLOW_CTX_DAG_ID='etl_covid_europa_pipeline' AIRFLOW_CTX_TASK_ID='carregar' AIRFLOW_CTX_EXECUTION_DATE='2024-04-20T00:00:00+00:00' AIRFLOW_CTX_TRY_NUMBER='1' AIRFLOW_CTX_DAG_RUN_ID='scheduled__2024-04-20T00:00:00+00:00'
[2024-10-02T19:01:33.062+0000] {taskinstance.py:430} INFO - ::endgroup::
[2024-10-02T19:01:33.153+0000] {python.py:237} INFO - Done. Returned value was: None
[2024-10-02T19:01:33.153+0000] {taskinstance.py:441} INFO - ::group::Post task execution logs
[2024-10-02T19:01:33.166+0000] {taskinstance.py:1206} INFO - Marking task as SUCCESS. dag_id=etl_covid_europa_pipeline, task_id=carregar, run_id=scheduled__2024-04-20T00:00:00+00:00, execution_date=20240420T000000, start_date=20241002T190132, end_date=20241002T190133
[2024-10-02T19:01:33.212+0000] {local_task_job_runner.py:240} INFO - Task exited with return code 0
[2024-10-02T19:01:33.221+0000] {local_task_job_runner.py:222} INFO - ::endgroup::
[2024-10-02T19:27:37.321+0000] {local_task_job_runner.py:120} INFO - ::group::Pre task execution logs
[2024-10-02T19:27:37.541+0000] {taskinstance.py:2076} INFO - Dependencies all met for dep_context=non-requeueable deps ti=<TaskInstance: etl_covid_europa_pipeline.carregar scheduled__2024-04-20T00:00:00+00:00 [queued]>
[2024-10-02T19:27:37.548+0000] {taskinstance.py:2076} INFO - Dependencies all met for dep_context=requeueable deps ti=<TaskInstance: etl_covid_europa_pipeline.carregar scheduled__2024-04-20T00:00:00+00:00 [queued]>
[2024-10-02T19:27:37.548+0000] {taskinstance.py:2306} INFO - Starting attempt 1 of 1
[2024-10-02T19:27:37.560+0000] {taskinstance.py:2330} INFO - Executing <Task(PythonOperator): carregar> on 2024-04-20 00:00:00+00:00
[2024-10-02T19:27:37.567+0000] {warnings.py:112} WARNING - /home/***/.local/lib/python3.12/site-packages/***/task/task_runner/standard_task_runner.py:61: DeprecationWarning: This process (pid=10466) is multi-threaded, use of fork() may lead to deadlocks in the child.
  pid = os.fork()

[2024-10-02T19:27:37.569+0000] {standard_task_runner.py:63} INFO - Started process 10477 to run task
[2024-10-02T19:27:37.568+0000] {standard_task_runner.py:90} INFO - Running: ['***', 'tasks', 'run', 'etl_covid_europa_pipeline', 'carregar', 'scheduled__2024-04-20T00:00:00+00:00', '--job-id', '2579', '--raw', '--subdir', 'DAGS_FOLDER/etl_pipeline_agrupar_continente.py', '--cfg-path', '/tmp/tmp6fj_k_p1']
[2024-10-02T19:27:37.571+0000] {standard_task_runner.py:91} INFO - Job 2579: Subtask carregar
[2024-10-02T19:27:37.613+0000] {task_command.py:426} INFO - Running <TaskInstance: etl_covid_europa_pipeline.carregar scheduled__2024-04-20T00:00:00+00:00 [running]> on host 99de7dfc3871
[2024-10-02T19:27:37.695+0000] {taskinstance.py:2648} INFO - Exporting env vars: AIRFLOW_CTX_DAG_OWNER='***' AIRFLOW_CTX_DAG_ID='etl_covid_europa_pipeline' AIRFLOW_CTX_TASK_ID='carregar' AIRFLOW_CTX_EXECUTION_DATE='2024-04-20T00:00:00+00:00' AIRFLOW_CTX_TRY_NUMBER='1' AIRFLOW_CTX_DAG_RUN_ID='scheduled__2024-04-20T00:00:00+00:00'
[2024-10-02T19:27:37.696+0000] {taskinstance.py:430} INFO - ::endgroup::
[2024-10-02T19:27:37.746+0000] {python.py:237} INFO - Done. Returned value was: None
[2024-10-02T19:27:37.746+0000] {taskinstance.py:441} INFO - ::group::Post task execution logs
[2024-10-02T19:27:37.754+0000] {taskinstance.py:1206} INFO - Marking task as SUCCESS. dag_id=etl_covid_europa_pipeline, task_id=carregar, run_id=scheduled__2024-04-20T00:00:00+00:00, execution_date=20240420T000000, start_date=20241002T192737, end_date=20241002T192737
[2024-10-02T19:27:37.783+0000] {local_task_job_runner.py:240} INFO - Task exited with return code 0
[2024-10-02T19:27:37.792+0000] {local_task_job_runner.py:222} INFO - ::endgroup::
