[2024-10-02T17:26:06.500+0000] {local_task_job_runner.py:120} INFO - ::group::Pre task execution logs
[2024-10-02T17:26:06.529+0000] {taskinstance.py:2076} INFO - Dependencies all met for dep_context=non-requeueable deps ti=<TaskInstance: etl_covid_europa_pipeline.extrair scheduled__2023-11-25T00:00:00+00:00 [queued]>
[2024-10-02T17:26:06.538+0000] {taskinstance.py:2076} INFO - Dependencies all met for dep_context=requeueable deps ti=<TaskInstance: etl_covid_europa_pipeline.extrair scheduled__2023-11-25T00:00:00+00:00 [queued]>
[2024-10-02T17:26:06.539+0000] {taskinstance.py:2306} INFO - Starting attempt 1 of 1
[2024-10-02T17:26:06.763+0000] {taskinstance.py:2330} INFO - Executing <Task(PythonOperator): extrair> on 2023-11-25 00:00:00+00:00
[2024-10-02T17:26:06.769+0000] {warnings.py:112} WARNING - /home/***/.local/lib/python3.12/site-packages/***/task/task_runner/standard_task_runner.py:61: DeprecationWarning: This process (pid=1485) is multi-threaded, use of fork() may lead to deadlocks in the child.
  pid = os.fork()

[2024-10-02T17:26:06.771+0000] {standard_task_runner.py:63} INFO - Started process 1501 to run task
[2024-10-02T17:26:06.771+0000] {standard_task_runner.py:90} INFO - Running: ['***', 'tasks', 'run', 'etl_covid_europa_pipeline', 'extrair', 'scheduled__2023-11-25T00:00:00+00:00', '--job-id', '110', '--raw', '--subdir', 'DAGS_FOLDER/etl_pipeline.py', '--cfg-path', '/tmp/tmpytyojl84']
[2024-10-02T17:26:06.774+0000] {standard_task_runner.py:91} INFO - Job 110: Subtask extrair
[2024-10-02T17:26:06.823+0000] {task_command.py:426} INFO - Running <TaskInstance: etl_covid_europa_pipeline.extrair scheduled__2023-11-25T00:00:00+00:00 [running]> on host 99de7dfc3871
[2024-10-02T17:26:06.905+0000] {taskinstance.py:2648} INFO - Exporting env vars: AIRFLOW_CTX_DAG_OWNER='***' AIRFLOW_CTX_DAG_ID='etl_covid_europa_pipeline' AIRFLOW_CTX_TASK_ID='extrair' AIRFLOW_CTX_EXECUTION_DATE='2023-11-25T00:00:00+00:00' AIRFLOW_CTX_TRY_NUMBER='1' AIRFLOW_CTX_DAG_RUN_ID='scheduled__2023-11-25T00:00:00+00:00'
[2024-10-02T17:26:06.906+0000] {taskinstance.py:430} INFO - ::endgroup::
[2024-10-02T17:26:13.374+0000] {python.py:237} INFO - Done. Returned value was: None
[2024-10-02T17:26:13.375+0000] {taskinstance.py:441} INFO - ::group::Post task execution logs
[2024-10-02T17:26:13.384+0000] {taskinstance.py:1206} INFO - Marking task as SUCCESS. dag_id=etl_covid_europa_pipeline, task_id=extrair, run_id=scheduled__2023-11-25T00:00:00+00:00, execution_date=20231125T000000, start_date=20241002T172606, end_date=20241002T172613
[2024-10-02T17:26:13.480+0000] {local_task_job_runner.py:240} INFO - Task exited with return code 0
[2024-10-02T17:26:13.510+0000] {taskinstance.py:3503} INFO - 1 downstream tasks scheduled from follow-on schedule check
[2024-10-02T17:26:13.512+0000] {local_task_job_runner.py:222} INFO - ::endgroup::
[2024-10-02T18:58:10.663+0000] {local_task_job_runner.py:120} INFO - ::group::Pre task execution logs
[2024-10-02T18:58:10.686+0000] {taskinstance.py:2076} INFO - Dependencies all met for dep_context=non-requeueable deps ti=<TaskInstance: etl_covid_europa_pipeline.extrair scheduled__2023-11-25T00:00:00+00:00 [queued]>
[2024-10-02T18:58:10.893+0000] {taskinstance.py:2076} INFO - Dependencies all met for dep_context=requeueable deps ti=<TaskInstance: etl_covid_europa_pipeline.extrair scheduled__2023-11-25T00:00:00+00:00 [queued]>
[2024-10-02T18:58:10.894+0000] {taskinstance.py:2306} INFO - Starting attempt 1 of 1
[2024-10-02T18:58:11.016+0000] {taskinstance.py:2330} INFO - Executing <Task(PythonOperator): extrair> on 2023-11-25 00:00:00+00:00
[2024-10-02T18:58:11.022+0000] {warnings.py:112} WARNING - /home/***/.local/lib/python3.12/site-packages/***/task/task_runner/standard_task_runner.py:61: DeprecationWarning: This process (pid=5713) is multi-threaded, use of fork() may lead to deadlocks in the child.
  pid = os.fork()

[2024-10-02T18:58:11.024+0000] {standard_task_runner.py:63} INFO - Started process 5730 to run task
[2024-10-02T18:58:11.024+0000] {standard_task_runner.py:90} INFO - Running: ['***', 'tasks', 'run', 'etl_covid_europa_pipeline', 'extrair', 'scheduled__2023-11-25T00:00:00+00:00', '--job-id', '1120', '--raw', '--subdir', 'DAGS_FOLDER/etl_pipeline.py', '--cfg-path', '/tmp/tmpf17lnsbz']
[2024-10-02T18:58:11.026+0000] {standard_task_runner.py:91} INFO - Job 1120: Subtask extrair
[2024-10-02T18:58:11.072+0000] {task_command.py:426} INFO - Running <TaskInstance: etl_covid_europa_pipeline.extrair scheduled__2023-11-25T00:00:00+00:00 [running]> on host 99de7dfc3871
[2024-10-02T18:58:11.171+0000] {taskinstance.py:2648} INFO - Exporting env vars: AIRFLOW_CTX_DAG_OWNER='***' AIRFLOW_CTX_DAG_ID='etl_covid_europa_pipeline' AIRFLOW_CTX_TASK_ID='extrair' AIRFLOW_CTX_EXECUTION_DATE='2023-11-25T00:00:00+00:00' AIRFLOW_CTX_TRY_NUMBER='1' AIRFLOW_CTX_DAG_RUN_ID='scheduled__2023-11-25T00:00:00+00:00'
[2024-10-02T18:58:11.175+0000] {taskinstance.py:430} INFO - ::endgroup::
[2024-10-02T18:58:16.931+0000] {python.py:237} INFO - Done. Returned value was: None
[2024-10-02T18:58:16.932+0000] {taskinstance.py:441} INFO - ::group::Post task execution logs
[2024-10-02T18:58:16.942+0000] {taskinstance.py:1206} INFO - Marking task as SUCCESS. dag_id=etl_covid_europa_pipeline, task_id=extrair, run_id=scheduled__2023-11-25T00:00:00+00:00, execution_date=20231125T000000, start_date=20241002T185810, end_date=20241002T185816
[2024-10-02T18:58:16.986+0000] {local_task_job_runner.py:240} INFO - Task exited with return code 0
[2024-10-02T18:58:17.017+0000] {taskinstance.py:3503} INFO - 1 downstream tasks scheduled from follow-on schedule check
[2024-10-02T18:58:17.020+0000] {local_task_job_runner.py:222} INFO - ::endgroup::
[2024-10-02T19:24:23.321+0000] {local_task_job_runner.py:120} INFO - ::group::Pre task execution logs
[2024-10-02T19:24:23.350+0000] {taskinstance.py:2076} INFO - Dependencies all met for dep_context=non-requeueable deps ti=<TaskInstance: etl_covid_europa_pipeline.extrair scheduled__2023-11-25T00:00:00+00:00 [queued]>
[2024-10-02T19:24:23.547+0000] {taskinstance.py:2076} INFO - Dependencies all met for dep_context=requeueable deps ti=<TaskInstance: etl_covid_europa_pipeline.extrair scheduled__2023-11-25T00:00:00+00:00 [queued]>
[2024-10-02T19:24:23.548+0000] {taskinstance.py:2306} INFO - Starting attempt 1 of 1
[2024-10-02T19:24:23.567+0000] {taskinstance.py:2330} INFO - Executing <Task(PythonOperator): extrair> on 2023-11-25 00:00:00+00:00
[2024-10-02T19:24:23.574+0000] {warnings.py:112} WARNING - /home/***/.local/lib/python3.12/site-packages/***/task/task_runner/standard_task_runner.py:61: DeprecationWarning: This process (pid=9076) is multi-threaded, use of fork() may lead to deadlocks in the child.
  pid = os.fork()

[2024-10-02T19:24:23.577+0000] {standard_task_runner.py:63} INFO - Started process 9096 to run task
[2024-10-02T19:24:23.577+0000] {standard_task_runner.py:90} INFO - Running: ['***', 'tasks', 'run', 'etl_covid_europa_pipeline', 'extrair', 'scheduled__2023-11-25T00:00:00+00:00', '--job-id', '2129', '--raw', '--subdir', 'DAGS_FOLDER/etl_pipeline.py', '--cfg-path', '/tmp/tmpzyl7lqsr']
[2024-10-02T19:24:23.580+0000] {standard_task_runner.py:91} INFO - Job 2129: Subtask extrair
[2024-10-02T19:24:23.632+0000] {task_command.py:426} INFO - Running <TaskInstance: etl_covid_europa_pipeline.extrair scheduled__2023-11-25T00:00:00+00:00 [running]> on host 99de7dfc3871
[2024-10-02T19:24:23.724+0000] {taskinstance.py:2648} INFO - Exporting env vars: AIRFLOW_CTX_DAG_OWNER='***' AIRFLOW_CTX_DAG_ID='etl_covid_europa_pipeline' AIRFLOW_CTX_TASK_ID='extrair' AIRFLOW_CTX_EXECUTION_DATE='2023-11-25T00:00:00+00:00' AIRFLOW_CTX_TRY_NUMBER='1' AIRFLOW_CTX_DAG_RUN_ID='scheduled__2023-11-25T00:00:00+00:00'
[2024-10-02T19:24:23.728+0000] {taskinstance.py:430} INFO - ::endgroup::
[2024-10-02T19:24:29.339+0000] {python.py:237} INFO - Done. Returned value was: None
[2024-10-02T19:24:29.339+0000] {taskinstance.py:441} INFO - ::group::Post task execution logs
[2024-10-02T19:24:29.347+0000] {taskinstance.py:1206} INFO - Marking task as SUCCESS. dag_id=etl_covid_europa_pipeline, task_id=extrair, run_id=scheduled__2023-11-25T00:00:00+00:00, execution_date=20231125T000000, start_date=20241002T192423, end_date=20241002T192429
[2024-10-02T19:24:29.402+0000] {local_task_job_runner.py:240} INFO - Task exited with return code 0
[2024-10-02T19:24:29.421+0000] {taskinstance.py:3503} INFO - 1 downstream tasks scheduled from follow-on schedule check
[2024-10-02T19:24:29.427+0000] {local_task_job_runner.py:222} INFO - ::endgroup::
