[2024-10-02T17:31:12.315+0000] {local_task_job_runner.py:120} INFO - ::group::Pre task execution logs
[2024-10-02T17:31:12.337+0000] {taskinstance.py:2076} INFO - Dependencies all met for dep_context=non-requeueable deps ti=<TaskInstance: etl_covid_europa_pipeline.extrair scheduled__2024-08-16T00:00:00+00:00 [queued]>
[2024-10-02T17:31:12.343+0000] {taskinstance.py:2076} INFO - Dependencies all met for dep_context=requeueable deps ti=<TaskInstance: etl_covid_europa_pipeline.extrair scheduled__2024-08-16T00:00:00+00:00 [queued]>
[2024-10-02T17:31:12.344+0000] {taskinstance.py:2306} INFO - Starting attempt 1 of 1
[2024-10-02T17:31:12.356+0000] {taskinstance.py:2330} INFO - Executing <Task(PythonOperator): extrair> on 2024-08-16 00:00:00+00:00
[2024-10-02T17:31:12.361+0000] {warnings.py:112} WARNING - /home/***/.local/lib/python3.12/site-packages/***/task/task_runner/standard_task_runner.py:61: DeprecationWarning: This process (pid=2948) is multi-threaded, use of fork() may lead to deadlocks in the child.
  pid = os.fork()

[2024-10-02T17:31:12.363+0000] {standard_task_runner.py:63} INFO - Started process 2952 to run task
[2024-10-02T17:31:12.364+0000] {standard_task_runner.py:90} INFO - Running: ['***', 'tasks', 'run', 'etl_covid_europa_pipeline', 'extrair', 'scheduled__2024-08-16T00:00:00+00:00', '--job-id', '574', '--raw', '--subdir', 'DAGS_FOLDER/etl_pipeline.py', '--cfg-path', '/tmp/tmp8y__o43e']
[2024-10-02T17:31:12.365+0000] {standard_task_runner.py:91} INFO - Job 574: Subtask extrair
[2024-10-02T17:31:12.566+0000] {task_command.py:426} INFO - Running <TaskInstance: etl_covid_europa_pipeline.extrair scheduled__2024-08-16T00:00:00+00:00 [running]> on host 99de7dfc3871
[2024-10-02T17:31:12.631+0000] {taskinstance.py:2648} INFO - Exporting env vars: AIRFLOW_CTX_DAG_OWNER='***' AIRFLOW_CTX_DAG_ID='etl_covid_europa_pipeline' AIRFLOW_CTX_TASK_ID='extrair' AIRFLOW_CTX_EXECUTION_DATE='2024-08-16T00:00:00+00:00' AIRFLOW_CTX_TRY_NUMBER='1' AIRFLOW_CTX_DAG_RUN_ID='scheduled__2024-08-16T00:00:00+00:00'
[2024-10-02T17:31:12.632+0000] {taskinstance.py:430} INFO - ::endgroup::
[2024-10-02T17:31:22.597+0000] {python.py:237} INFO - Done. Returned value was: None
[2024-10-02T17:31:22.598+0000] {taskinstance.py:441} INFO - ::group::Post task execution logs
[2024-10-02T17:31:22.606+0000] {taskinstance.py:1206} INFO - Marking task as SUCCESS. dag_id=etl_covid_europa_pipeline, task_id=extrair, run_id=scheduled__2024-08-16T00:00:00+00:00, execution_date=20240816T000000, start_date=20241002T173112, end_date=20241002T173122
[2024-10-02T17:31:22.722+0000] {local_task_job_runner.py:240} INFO - Task exited with return code 0
[2024-10-02T17:31:22.744+0000] {taskinstance.py:3503} INFO - 1 downstream tasks scheduled from follow-on schedule check
[2024-10-02T17:31:22.746+0000] {local_task_job_runner.py:222} INFO - ::endgroup::
[2024-10-02T18:55:01.810+0000] {local_task_job_runner.py:120} INFO - ::group::Pre task execution logs
[2024-10-02T18:55:01.835+0000] {taskinstance.py:2076} INFO - Dependencies all met for dep_context=non-requeueable deps ti=<TaskInstance: etl_covid_europa_pipeline.extrair scheduled__2024-08-16T00:00:00+00:00 [queued]>
[2024-10-02T18:55:02.031+0000] {taskinstance.py:2076} INFO - Dependencies all met for dep_context=requeueable deps ti=<TaskInstance: etl_covid_europa_pipeline.extrair scheduled__2024-08-16T00:00:00+00:00 [queued]>
[2024-10-02T18:55:02.032+0000] {taskinstance.py:2306} INFO - Starting attempt 1 of 1
[2024-10-02T18:55:02.144+0000] {taskinstance.py:2330} INFO - Executing <Task(PythonOperator): extrair> on 2024-08-16 00:00:00+00:00
[2024-10-02T18:55:02.150+0000] {warnings.py:112} WARNING - /home/***/.local/lib/python3.12/site-packages/***/task/task_runner/standard_task_runner.py:61: DeprecationWarning: This process (pid=4771) is multi-threaded, use of fork() may lead to deadlocks in the child.
  pid = os.fork()

[2024-10-02T18:55:02.152+0000] {standard_task_runner.py:63} INFO - Started process 4788 to run task
[2024-10-02T18:55:02.152+0000] {standard_task_runner.py:90} INFO - Running: ['***', 'tasks', 'run', 'etl_covid_europa_pipeline', 'extrair', 'scheduled__2024-08-16T00:00:00+00:00', '--job-id', '820', '--raw', '--subdir', 'DAGS_FOLDER/etl_pipeline.py', '--cfg-path', '/tmp/tmppe1124xh']
[2024-10-02T18:55:02.154+0000] {standard_task_runner.py:91} INFO - Job 820: Subtask extrair
[2024-10-02T18:55:02.196+0000] {task_command.py:426} INFO - Running <TaskInstance: etl_covid_europa_pipeline.extrair scheduled__2024-08-16T00:00:00+00:00 [running]> on host 99de7dfc3871
[2024-10-02T18:55:02.293+0000] {taskinstance.py:2648} INFO - Exporting env vars: AIRFLOW_CTX_DAG_OWNER='***' AIRFLOW_CTX_DAG_ID='etl_covid_europa_pipeline' AIRFLOW_CTX_TASK_ID='extrair' AIRFLOW_CTX_EXECUTION_DATE='2024-08-16T00:00:00+00:00' AIRFLOW_CTX_TRY_NUMBER='1' AIRFLOW_CTX_DAG_RUN_ID='scheduled__2024-08-16T00:00:00+00:00'
[2024-10-02T18:55:02.296+0000] {taskinstance.py:430} INFO - ::endgroup::
[2024-10-02T18:55:08.509+0000] {python.py:237} INFO - Done. Returned value was: None
[2024-10-02T18:55:08.510+0000] {taskinstance.py:441} INFO - ::group::Post task execution logs
[2024-10-02T18:55:08.518+0000] {taskinstance.py:1206} INFO - Marking task as SUCCESS. dag_id=etl_covid_europa_pipeline, task_id=extrair, run_id=scheduled__2024-08-16T00:00:00+00:00, execution_date=20240816T000000, start_date=20241002T185501, end_date=20241002T185508
[2024-10-02T18:55:08.576+0000] {local_task_job_runner.py:240} INFO - Task exited with return code 0
[2024-10-02T18:55:08.583+0000] {local_task_job_runner.py:222} INFO - ::endgroup::
[2024-10-02T19:03:44.213+0000] {local_task_job_runner.py:120} INFO - ::group::Pre task execution logs
[2024-10-02T19:03:44.238+0000] {taskinstance.py:2076} INFO - Dependencies all met for dep_context=non-requeueable deps ti=<TaskInstance: etl_covid_europa_pipeline.extrair scheduled__2024-08-16T00:00:00+00:00 [queued]>
[2024-10-02T19:03:44.400+0000] {taskinstance.py:2076} INFO - Dependencies all met for dep_context=requeueable deps ti=<TaskInstance: etl_covid_europa_pipeline.extrair scheduled__2024-08-16T00:00:00+00:00 [queued]>
[2024-10-02T19:03:44.401+0000] {taskinstance.py:2306} INFO - Starting attempt 1 of 1
[2024-10-02T19:03:44.414+0000] {taskinstance.py:2330} INFO - Executing <Task(PythonOperator): extrair> on 2024-08-16 00:00:00+00:00
[2024-10-02T19:03:44.419+0000] {warnings.py:112} WARNING - /home/***/.local/lib/python3.12/site-packages/***/task/task_runner/standard_task_runner.py:61: DeprecationWarning: This process (pid=7961) is multi-threaded, use of fork() may lead to deadlocks in the child.
  pid = os.fork()

[2024-10-02T19:03:44.420+0000] {standard_task_runner.py:63} INFO - Started process 7971 to run task
[2024-10-02T19:03:44.420+0000] {standard_task_runner.py:90} INFO - Running: ['***', 'tasks', 'run', 'etl_covid_europa_pipeline', 'extrair', 'scheduled__2024-08-16T00:00:00+00:00', '--job-id', '1845', '--raw', '--subdir', 'DAGS_FOLDER/etl_pipeline.py', '--cfg-path', '/tmp/tmpy6a0x7qz']
[2024-10-02T19:03:44.422+0000] {standard_task_runner.py:91} INFO - Job 1845: Subtask extrair
[2024-10-02T19:03:44.459+0000] {task_command.py:426} INFO - Running <TaskInstance: etl_covid_europa_pipeline.extrair scheduled__2024-08-16T00:00:00+00:00 [running]> on host 99de7dfc3871
[2024-10-02T19:03:44.537+0000] {taskinstance.py:2648} INFO - Exporting env vars: AIRFLOW_CTX_DAG_OWNER='***' AIRFLOW_CTX_DAG_ID='etl_covid_europa_pipeline' AIRFLOW_CTX_TASK_ID='extrair' AIRFLOW_CTX_EXECUTION_DATE='2024-08-16T00:00:00+00:00' AIRFLOW_CTX_TRY_NUMBER='1' AIRFLOW_CTX_DAG_RUN_ID='scheduled__2024-08-16T00:00:00+00:00'
[2024-10-02T19:03:44.539+0000] {taskinstance.py:430} INFO - ::endgroup::
[2024-10-02T19:03:50.319+0000] {python.py:237} INFO - Done. Returned value was: None
[2024-10-02T19:03:50.323+0000] {taskinstance.py:441} INFO - ::group::Post task execution logs
[2024-10-02T19:03:50.337+0000] {taskinstance.py:1206} INFO - Marking task as SUCCESS. dag_id=etl_covid_europa_pipeline, task_id=extrair, run_id=scheduled__2024-08-16T00:00:00+00:00, execution_date=20240816T000000, start_date=20241002T190344, end_date=20241002T190350
[2024-10-02T19:03:50.422+0000] {local_task_job_runner.py:240} INFO - Task exited with return code 0
[2024-10-02T19:03:50.435+0000] {local_task_job_runner.py:222} INFO - ::endgroup::
