[2024-10-02T18:54:14.570+0000] {local_task_job_runner.py:120} INFO - ::group::Pre task execution logs
[2024-10-02T18:54:14.613+0000] {taskinstance.py:2076} INFO - Dependencies all met for dep_context=non-requeueable deps ti=<TaskInstance: etl_covid_europa_pipeline.carregar scheduled__2024-06-25T00:00:00+00:00 [queued]>
[2024-10-02T18:54:14.977+0000] {taskinstance.py:2076} INFO - Dependencies all met for dep_context=requeueable deps ti=<TaskInstance: etl_covid_europa_pipeline.carregar scheduled__2024-06-25T00:00:00+00:00 [queued]>
[2024-10-02T18:54:14.981+0000] {taskinstance.py:2306} INFO - Starting attempt 1 of 1
[2024-10-02T18:54:15.007+0000] {taskinstance.py:2330} INFO - Executing <Task(PythonOperator): carregar> on 2024-06-25 00:00:00+00:00
[2024-10-02T18:54:15.016+0000] {warnings.py:112} WARNING - /home/***/.local/lib/python3.12/site-packages/***/task/task_runner/standard_task_runner.py:61: DeprecationWarning: This process (pid=4422) is multi-threaded, use of fork() may lead to deadlocks in the child.
  pid = os.fork()

[2024-10-02T18:54:15.021+0000] {standard_task_runner.py:63} INFO - Started process 4451 to run task
[2024-10-02T18:54:15.020+0000] {standard_task_runner.py:90} INFO - Running: ['***', 'tasks', 'run', 'etl_covid_europa_pipeline', 'carregar', 'scheduled__2024-06-25T00:00:00+00:00', '--job-id', '711', '--raw', '--subdir', 'DAGS_FOLDER/etl_pipeline.py', '--cfg-path', '/tmp/tmpxa79e8gk']
[2024-10-02T18:54:15.023+0000] {standard_task_runner.py:91} INFO - Job 711: Subtask carregar
[2024-10-02T18:54:15.106+0000] {task_command.py:426} INFO - Running <TaskInstance: etl_covid_europa_pipeline.carregar scheduled__2024-06-25T00:00:00+00:00 [running]> on host 99de7dfc3871
[2024-10-02T18:54:15.237+0000] {taskinstance.py:2648} INFO - Exporting env vars: AIRFLOW_CTX_DAG_OWNER='***' AIRFLOW_CTX_DAG_ID='etl_covid_europa_pipeline' AIRFLOW_CTX_TASK_ID='carregar' AIRFLOW_CTX_EXECUTION_DATE='2024-06-25T00:00:00+00:00' AIRFLOW_CTX_TRY_NUMBER='1' AIRFLOW_CTX_DAG_RUN_ID='scheduled__2024-06-25T00:00:00+00:00'
[2024-10-02T18:54:15.244+0000] {taskinstance.py:430} INFO - ::endgroup::
[2024-10-02T18:54:15.405+0000] {python.py:237} INFO - Done. Returned value was: None
[2024-10-02T18:54:15.406+0000] {taskinstance.py:441} INFO - ::group::Post task execution logs
[2024-10-02T18:54:15.419+0000] {taskinstance.py:1206} INFO - Marking task as SUCCESS. dag_id=etl_covid_europa_pipeline, task_id=carregar, run_id=scheduled__2024-06-25T00:00:00+00:00, execution_date=20240625T000000, start_date=20241002T185414, end_date=20241002T185415
[2024-10-02T18:54:15.483+0000] {local_task_job_runner.py:240} INFO - Task exited with return code 0
[2024-10-02T18:54:15.502+0000] {taskinstance.py:3503} INFO - 0 downstream tasks scheduled from follow-on schedule check
[2024-10-02T18:54:15.507+0000] {local_task_job_runner.py:222} INFO - ::endgroup::
[2024-10-02T19:02:50.847+0000] {local_task_job_runner.py:120} INFO - ::group::Pre task execution logs
[2024-10-02T19:02:50.876+0000] {taskinstance.py:2076} INFO - Dependencies all met for dep_context=non-requeueable deps ti=<TaskInstance: etl_covid_europa_pipeline.carregar scheduled__2024-06-25T00:00:00+00:00 [queued]>
[2024-10-02T19:02:50.893+0000] {taskinstance.py:2076} INFO - Dependencies all met for dep_context=requeueable deps ti=<TaskInstance: etl_covid_europa_pipeline.carregar scheduled__2024-06-25T00:00:00+00:00 [queued]>
[2024-10-02T19:02:50.894+0000] {taskinstance.py:2306} INFO - Starting attempt 1 of 1
[2024-10-02T19:02:51.307+0000] {taskinstance.py:2330} INFO - Executing <Task(PythonOperator): carregar> on 2024-06-25 00:00:00+00:00
[2024-10-02T19:02:51.317+0000] {warnings.py:112} WARNING - /home/***/.local/lib/python3.12/site-packages/***/task/task_runner/standard_task_runner.py:61: DeprecationWarning: This process (pid=7560) is multi-threaded, use of fork() may lead to deadlocks in the child.
  pid = os.fork()

[2024-10-02T19:02:51.321+0000] {standard_task_runner.py:63} INFO - Started process 7590 to run task
[2024-10-02T19:02:51.318+0000] {standard_task_runner.py:90} INFO - Running: ['***', 'tasks', 'run', 'etl_covid_europa_pipeline', 'carregar', 'scheduled__2024-06-25T00:00:00+00:00', '--job-id', '1721', '--raw', '--subdir', 'DAGS_FOLDER/etl_pipeline.py', '--cfg-path', '/tmp/tmpbz_k6d3l']
[2024-10-02T19:02:51.328+0000] {standard_task_runner.py:91} INFO - Job 1721: Subtask carregar
[2024-10-02T19:02:51.400+0000] {task_command.py:426} INFO - Running <TaskInstance: etl_covid_europa_pipeline.carregar scheduled__2024-06-25T00:00:00+00:00 [running]> on host 99de7dfc3871
[2024-10-02T19:02:51.522+0000] {taskinstance.py:2648} INFO - Exporting env vars: AIRFLOW_CTX_DAG_OWNER='***' AIRFLOW_CTX_DAG_ID='etl_covid_europa_pipeline' AIRFLOW_CTX_TASK_ID='carregar' AIRFLOW_CTX_EXECUTION_DATE='2024-06-25T00:00:00+00:00' AIRFLOW_CTX_TRY_NUMBER='1' AIRFLOW_CTX_DAG_RUN_ID='scheduled__2024-06-25T00:00:00+00:00'
[2024-10-02T19:02:51.524+0000] {taskinstance.py:430} INFO - ::endgroup::
[2024-10-02T19:02:51.609+0000] {python.py:237} INFO - Done. Returned value was: None
[2024-10-02T19:02:51.610+0000] {taskinstance.py:441} INFO - ::group::Post task execution logs
[2024-10-02T19:02:51.625+0000] {taskinstance.py:1206} INFO - Marking task as SUCCESS. dag_id=etl_covid_europa_pipeline, task_id=carregar, run_id=scheduled__2024-06-25T00:00:00+00:00, execution_date=20240625T000000, start_date=20241002T190250, end_date=20241002T190251
[2024-10-02T19:02:51.669+0000] {local_task_job_runner.py:240} INFO - Task exited with return code 0
[2024-10-02T19:02:51.707+0000] {taskinstance.py:3503} INFO - 0 downstream tasks scheduled from follow-on schedule check
[2024-10-02T19:02:51.712+0000] {local_task_job_runner.py:222} INFO - ::endgroup::
