[2024-10-02T17:28:07.670+0000] {local_task_job_runner.py:120} INFO - ::group::Pre task execution logs
[2024-10-02T17:28:07.697+0000] {taskinstance.py:2076} INFO - Dependencies all met for dep_context=non-requeueable deps ti=<TaskInstance: etl_covid_europa_pipeline.extrair scheduled__2024-03-14T00:00:00+00:00 [queued]>
[2024-10-02T17:28:07.706+0000] {taskinstance.py:2076} INFO - Dependencies all met for dep_context=requeueable deps ti=<TaskInstance: etl_covid_europa_pipeline.extrair scheduled__2024-03-14T00:00:00+00:00 [queued]>
[2024-10-02T17:28:07.707+0000] {taskinstance.py:2306} INFO - Starting attempt 1 of 1
[2024-10-02T17:28:08.040+0000] {taskinstance.py:2330} INFO - Executing <Task(PythonOperator): extrair> on 2024-03-14 00:00:00+00:00
[2024-10-02T17:28:08.048+0000] {warnings.py:112} WARNING - /home/***/.local/lib/python3.12/site-packages/***/task/task_runner/standard_task_runner.py:61: DeprecationWarning: This process (pid=2010) is multi-threaded, use of fork() may lead to deadlocks in the child.
  pid = os.fork()

[2024-10-02T17:28:08.050+0000] {standard_task_runner.py:63} INFO - Started process 2027 to run task
[2024-10-02T17:28:08.049+0000] {standard_task_runner.py:90} INFO - Running: ['***', 'tasks', 'run', 'etl_covid_europa_pipeline', 'extrair', 'scheduled__2024-03-14T00:00:00+00:00', '--job-id', '276', '--raw', '--subdir', 'DAGS_FOLDER/etl_pipeline.py', '--cfg-path', '/tmp/tmpa1g99gi3']
[2024-10-02T17:28:08.051+0000] {standard_task_runner.py:91} INFO - Job 276: Subtask extrair
[2024-10-02T17:28:08.098+0000] {task_command.py:426} INFO - Running <TaskInstance: etl_covid_europa_pipeline.extrair scheduled__2024-03-14T00:00:00+00:00 [running]> on host 99de7dfc3871
[2024-10-02T17:28:08.185+0000] {taskinstance.py:2648} INFO - Exporting env vars: AIRFLOW_CTX_DAG_OWNER='***' AIRFLOW_CTX_DAG_ID='etl_covid_europa_pipeline' AIRFLOW_CTX_TASK_ID='extrair' AIRFLOW_CTX_EXECUTION_DATE='2024-03-14T00:00:00+00:00' AIRFLOW_CTX_TRY_NUMBER='1' AIRFLOW_CTX_DAG_RUN_ID='scheduled__2024-03-14T00:00:00+00:00'
[2024-10-02T17:28:08.186+0000] {taskinstance.py:430} INFO - ::endgroup::
[2024-10-02T17:28:14.630+0000] {python.py:237} INFO - Done. Returned value was: None
[2024-10-02T17:28:14.631+0000] {taskinstance.py:441} INFO - ::group::Post task execution logs
[2024-10-02T17:28:14.641+0000] {taskinstance.py:1206} INFO - Marking task as SUCCESS. dag_id=etl_covid_europa_pipeline, task_id=extrair, run_id=scheduled__2024-03-14T00:00:00+00:00, execution_date=20240314T000000, start_date=20241002T172807, end_date=20241002T172814
[2024-10-02T17:28:14.677+0000] {local_task_job_runner.py:240} INFO - Task exited with return code 0
[2024-10-02T17:28:14.707+0000] {taskinstance.py:3503} INFO - 1 downstream tasks scheduled from follow-on schedule check
[2024-10-02T17:28:14.709+0000] {local_task_job_runner.py:222} INFO - ::endgroup::
[2024-10-02T19:00:43.211+0000] {local_task_job_runner.py:120} INFO - ::group::Pre task execution logs
[2024-10-02T19:00:43.414+0000] {taskinstance.py:2076} INFO - Dependencies all met for dep_context=non-requeueable deps ti=<TaskInstance: etl_covid_europa_pipeline.extrair scheduled__2024-03-14T00:00:00+00:00 [queued]>
[2024-10-02T19:00:43.422+0000] {taskinstance.py:2076} INFO - Dependencies all met for dep_context=requeueable deps ti=<TaskInstance: etl_covid_europa_pipeline.extrair scheduled__2024-03-14T00:00:00+00:00 [queued]>
[2024-10-02T19:00:43.423+0000] {taskinstance.py:2306} INFO - Starting attempt 1 of 1
[2024-10-02T19:00:43.437+0000] {taskinstance.py:2330} INFO - Executing <Task(PythonOperator): extrair> on 2024-03-14 00:00:00+00:00
[2024-10-02T19:00:43.443+0000] {warnings.py:112} WARNING - /home/***/.local/lib/python3.12/site-packages/***/task/task_runner/standard_task_runner.py:61: DeprecationWarning: This process (pid=6699) is multi-threaded, use of fork() may lead to deadlocks in the child.
  pid = os.fork()

[2024-10-02T19:00:43.444+0000] {standard_task_runner.py:63} INFO - Started process 6713 to run task
[2024-10-02T19:00:43.445+0000] {standard_task_runner.py:90} INFO - Running: ['***', 'tasks', 'run', 'etl_covid_europa_pipeline', 'extrair', 'scheduled__2024-03-14T00:00:00+00:00', '--job-id', '1437', '--raw', '--subdir', 'DAGS_FOLDER/etl_pipeline.py', '--cfg-path', '/tmp/tmpehknigo8']
[2024-10-02T19:00:43.447+0000] {standard_task_runner.py:91} INFO - Job 1437: Subtask extrair
[2024-10-02T19:00:43.495+0000] {task_command.py:426} INFO - Running <TaskInstance: etl_covid_europa_pipeline.extrair scheduled__2024-03-14T00:00:00+00:00 [running]> on host 99de7dfc3871
[2024-10-02T19:00:43.586+0000] {taskinstance.py:2648} INFO - Exporting env vars: AIRFLOW_CTX_DAG_OWNER='***' AIRFLOW_CTX_DAG_ID='etl_covid_europa_pipeline' AIRFLOW_CTX_TASK_ID='extrair' AIRFLOW_CTX_EXECUTION_DATE='2024-03-14T00:00:00+00:00' AIRFLOW_CTX_TRY_NUMBER='1' AIRFLOW_CTX_DAG_RUN_ID='scheduled__2024-03-14T00:00:00+00:00'
[2024-10-02T19:00:43.588+0000] {taskinstance.py:430} INFO - ::endgroup::
[2024-10-02T19:00:49.329+0000] {python.py:237} INFO - Done. Returned value was: None
[2024-10-02T19:00:49.334+0000] {taskinstance.py:441} INFO - ::group::Post task execution logs
[2024-10-02T19:00:49.343+0000] {taskinstance.py:1206} INFO - Marking task as SUCCESS. dag_id=etl_covid_europa_pipeline, task_id=extrair, run_id=scheduled__2024-03-14T00:00:00+00:00, execution_date=20240314T000000, start_date=20241002T190043, end_date=20241002T190049
[2024-10-02T19:00:49.385+0000] {local_task_job_runner.py:240} INFO - Task exited with return code 0
[2024-10-02T19:00:49.412+0000] {taskinstance.py:3503} INFO - 1 downstream tasks scheduled from follow-on schedule check
[2024-10-02T19:00:49.415+0000] {local_task_job_runner.py:222} INFO - ::endgroup::
[2024-10-02T19:26:44.158+0000] {local_task_job_runner.py:120} INFO - ::group::Pre task execution logs
[2024-10-02T19:26:44.374+0000] {taskinstance.py:2076} INFO - Dependencies all met for dep_context=non-requeueable deps ti=<TaskInstance: etl_covid_europa_pipeline.extrair scheduled__2024-03-14T00:00:00+00:00 [queued]>
[2024-10-02T19:26:44.385+0000] {taskinstance.py:2076} INFO - Dependencies all met for dep_context=requeueable deps ti=<TaskInstance: etl_covid_europa_pipeline.extrair scheduled__2024-03-14T00:00:00+00:00 [queued]>
[2024-10-02T19:26:44.385+0000] {taskinstance.py:2306} INFO - Starting attempt 1 of 1
[2024-10-02T19:26:44.400+0000] {taskinstance.py:2330} INFO - Executing <Task(PythonOperator): extrair> on 2024-03-14 00:00:00+00:00
[2024-10-02T19:26:44.408+0000] {warnings.py:112} WARNING - /home/***/.local/lib/python3.12/site-packages/***/task/task_runner/standard_task_runner.py:61: DeprecationWarning: This process (pid=10070) is multi-threaded, use of fork() may lead to deadlocks in the child.
  pid = os.fork()

[2024-10-02T19:26:44.410+0000] {standard_task_runner.py:90} INFO - Running: ['***', 'tasks', 'run', 'etl_covid_europa_pipeline', 'extrair', 'scheduled__2024-03-14T00:00:00+00:00', '--job-id', '2451', '--raw', '--subdir', 'DAGS_FOLDER/etl_pipeline_agrupar_continente.py', '--cfg-path', '/tmp/tmpx2337sy5']
[2024-10-02T19:26:44.412+0000] {standard_task_runner.py:63} INFO - Started process 10086 to run task
[2024-10-02T19:26:44.413+0000] {standard_task_runner.py:91} INFO - Job 2451: Subtask extrair
[2024-10-02T19:26:44.456+0000] {task_command.py:426} INFO - Running <TaskInstance: etl_covid_europa_pipeline.extrair scheduled__2024-03-14T00:00:00+00:00 [running]> on host 99de7dfc3871
[2024-10-02T19:26:44.554+0000] {taskinstance.py:2648} INFO - Exporting env vars: AIRFLOW_CTX_DAG_OWNER='***' AIRFLOW_CTX_DAG_ID='etl_covid_europa_pipeline' AIRFLOW_CTX_TASK_ID='extrair' AIRFLOW_CTX_EXECUTION_DATE='2024-03-14T00:00:00+00:00' AIRFLOW_CTX_TRY_NUMBER='1' AIRFLOW_CTX_DAG_RUN_ID='scheduled__2024-03-14T00:00:00+00:00'
[2024-10-02T19:26:44.555+0000] {taskinstance.py:430} INFO - ::endgroup::
[2024-10-02T19:26:54.366+0000] {python.py:237} INFO - Done. Returned value was: None
[2024-10-02T19:26:54.379+0000] {taskinstance.py:441} INFO - ::group::Post task execution logs
[2024-10-02T19:26:54.398+0000] {taskinstance.py:1206} INFO - Marking task as SUCCESS. dag_id=etl_covid_europa_pipeline, task_id=extrair, run_id=scheduled__2024-03-14T00:00:00+00:00, execution_date=20240314T000000, start_date=20241002T192644, end_date=20241002T192654
[2024-10-02T19:26:54.451+0000] {local_task_job_runner.py:240} INFO - Task exited with return code 0
[2024-10-02T19:26:54.495+0000] {taskinstance.py:3503} INFO - 1 downstream tasks scheduled from follow-on schedule check
[2024-10-02T19:26:54.498+0000] {local_task_job_runner.py:222} INFO - ::endgroup::
