[2024-10-02T17:28:07.372+0000] {local_task_job_runner.py:120} INFO - ::group::Pre task execution logs
[2024-10-02T17:28:07.397+0000] {taskinstance.py:2076} INFO - Dependencies all met for dep_context=non-requeueable deps ti=<TaskInstance: etl_covid_europa_pipeline.extrair scheduled__2024-03-12T00:00:00+00:00 [queued]>
[2024-10-02T17:28:07.404+0000] {taskinstance.py:2076} INFO - Dependencies all met for dep_context=requeueable deps ti=<TaskInstance: etl_covid_europa_pipeline.extrair scheduled__2024-03-12T00:00:00+00:00 [queued]>
[2024-10-02T17:28:07.405+0000] {taskinstance.py:2306} INFO - Starting attempt 1 of 1
[2024-10-02T17:28:07.622+0000] {taskinstance.py:2330} INFO - Executing <Task(PythonOperator): extrair> on 2024-03-12 00:00:00+00:00
[2024-10-02T17:28:07.629+0000] {warnings.py:112} WARNING - /home/***/.local/lib/python3.12/site-packages/***/task/task_runner/standard_task_runner.py:61: DeprecationWarning: This process (pid=2006) is multi-threaded, use of fork() may lead to deadlocks in the child.
  pid = os.fork()

[2024-10-02T17:28:07.631+0000] {standard_task_runner.py:63} INFO - Started process 2022 to run task
[2024-10-02T17:28:07.631+0000] {standard_task_runner.py:90} INFO - Running: ['***', 'tasks', 'run', 'etl_covid_europa_pipeline', 'extrair', 'scheduled__2024-03-12T00:00:00+00:00', '--job-id', '274', '--raw', '--subdir', 'DAGS_FOLDER/etl_pipeline.py', '--cfg-path', '/tmp/tmpa3wc139e']
[2024-10-02T17:28:07.633+0000] {standard_task_runner.py:91} INFO - Job 274: Subtask extrair
[2024-10-02T17:28:07.681+0000] {task_command.py:426} INFO - Running <TaskInstance: etl_covid_europa_pipeline.extrair scheduled__2024-03-12T00:00:00+00:00 [running]> on host 99de7dfc3871
[2024-10-02T17:28:07.786+0000] {taskinstance.py:2648} INFO - Exporting env vars: AIRFLOW_CTX_DAG_OWNER='***' AIRFLOW_CTX_DAG_ID='etl_covid_europa_pipeline' AIRFLOW_CTX_TASK_ID='extrair' AIRFLOW_CTX_EXECUTION_DATE='2024-03-12T00:00:00+00:00' AIRFLOW_CTX_TRY_NUMBER='1' AIRFLOW_CTX_DAG_RUN_ID='scheduled__2024-03-12T00:00:00+00:00'
[2024-10-02T17:28:07.787+0000] {taskinstance.py:430} INFO - ::endgroup::
[2024-10-02T17:28:15.097+0000] {python.py:237} INFO - Done. Returned value was: None
[2024-10-02T17:28:15.098+0000] {taskinstance.py:441} INFO - ::group::Post task execution logs
[2024-10-02T17:28:15.110+0000] {taskinstance.py:1206} INFO - Marking task as SUCCESS. dag_id=etl_covid_europa_pipeline, task_id=extrair, run_id=scheduled__2024-03-12T00:00:00+00:00, execution_date=20240312T000000, start_date=20241002T172807, end_date=20241002T172815
[2024-10-02T17:28:15.141+0000] {local_task_job_runner.py:240} INFO - Task exited with return code 0
[2024-10-02T17:28:15.166+0000] {taskinstance.py:3503} INFO - 1 downstream tasks scheduled from follow-on schedule check
[2024-10-02T17:28:15.169+0000] {local_task_job_runner.py:222} INFO - ::endgroup::
[2024-10-02T19:00:25.712+0000] {local_task_job_runner.py:120} INFO - ::group::Pre task execution logs
[2024-10-02T19:00:25.737+0000] {taskinstance.py:2076} INFO - Dependencies all met for dep_context=non-requeueable deps ti=<TaskInstance: etl_covid_europa_pipeline.extrair scheduled__2024-03-12T00:00:00+00:00 [queued]>
[2024-10-02T19:00:25.893+0000] {taskinstance.py:2076} INFO - Dependencies all met for dep_context=requeueable deps ti=<TaskInstance: etl_covid_europa_pipeline.extrair scheduled__2024-03-12T00:00:00+00:00 [queued]>
[2024-10-02T19:00:25.893+0000] {taskinstance.py:2306} INFO - Starting attempt 1 of 1
[2024-10-02T19:00:25.905+0000] {taskinstance.py:2330} INFO - Executing <Task(PythonOperator): extrair> on 2024-03-12 00:00:00+00:00
[2024-10-02T19:00:25.910+0000] {warnings.py:112} WARNING - /home/***/.local/lib/python3.12/site-packages/***/task/task_runner/standard_task_runner.py:61: DeprecationWarning: This process (pid=6608) is multi-threaded, use of fork() may lead to deadlocks in the child.
  pid = os.fork()

[2024-10-02T19:00:25.912+0000] {standard_task_runner.py:63} INFO - Started process 6616 to run task
[2024-10-02T19:00:25.912+0000] {standard_task_runner.py:90} INFO - Running: ['***', 'tasks', 'run', 'etl_covid_europa_pipeline', 'extrair', 'scheduled__2024-03-12T00:00:00+00:00', '--job-id', '1408', '--raw', '--subdir', 'DAGS_FOLDER/etl_pipeline.py', '--cfg-path', '/tmp/tmpf5_4sj0u']
[2024-10-02T19:00:25.913+0000] {standard_task_runner.py:91} INFO - Job 1408: Subtask extrair
[2024-10-02T19:00:25.952+0000] {task_command.py:426} INFO - Running <TaskInstance: etl_covid_europa_pipeline.extrair scheduled__2024-03-12T00:00:00+00:00 [running]> on host 99de7dfc3871
[2024-10-02T19:00:26.028+0000] {taskinstance.py:2648} INFO - Exporting env vars: AIRFLOW_CTX_DAG_OWNER='***' AIRFLOW_CTX_DAG_ID='etl_covid_europa_pipeline' AIRFLOW_CTX_TASK_ID='extrair' AIRFLOW_CTX_EXECUTION_DATE='2024-03-12T00:00:00+00:00' AIRFLOW_CTX_TRY_NUMBER='1' AIRFLOW_CTX_DAG_RUN_ID='scheduled__2024-03-12T00:00:00+00:00'
[2024-10-02T19:00:26.031+0000] {taskinstance.py:430} INFO - ::endgroup::
[2024-10-02T19:00:32.165+0000] {python.py:237} INFO - Done. Returned value was: None
[2024-10-02T19:00:32.166+0000] {taskinstance.py:441} INFO - ::group::Post task execution logs
[2024-10-02T19:00:32.179+0000] {taskinstance.py:1206} INFO - Marking task as SUCCESS. dag_id=etl_covid_europa_pipeline, task_id=extrair, run_id=scheduled__2024-03-12T00:00:00+00:00, execution_date=20240312T000000, start_date=20241002T190025, end_date=20241002T190032
[2024-10-02T19:00:32.437+0000] {local_task_job_runner.py:240} INFO - Task exited with return code 0
[2024-10-02T19:00:32.475+0000] {taskinstance.py:3503} INFO - 1 downstream tasks scheduled from follow-on schedule check
[2024-10-02T19:00:32.478+0000] {local_task_job_runner.py:222} INFO - ::endgroup::
[2024-10-02T19:26:43.795+0000] {local_task_job_runner.py:120} INFO - ::group::Pre task execution logs
[2024-10-02T19:26:43.997+0000] {taskinstance.py:2076} INFO - Dependencies all met for dep_context=non-requeueable deps ti=<TaskInstance: etl_covid_europa_pipeline.extrair scheduled__2024-03-12T00:00:00+00:00 [queued]>
[2024-10-02T19:26:44.005+0000] {taskinstance.py:2076} INFO - Dependencies all met for dep_context=requeueable deps ti=<TaskInstance: etl_covid_europa_pipeline.extrair scheduled__2024-03-12T00:00:00+00:00 [queued]>
[2024-10-02T19:26:44.006+0000] {taskinstance.py:2306} INFO - Starting attempt 1 of 1
[2024-10-02T19:26:44.022+0000] {taskinstance.py:2330} INFO - Executing <Task(PythonOperator): extrair> on 2024-03-12 00:00:00+00:00
[2024-10-02T19:26:44.029+0000] {warnings.py:112} WARNING - /home/***/.local/lib/python3.12/site-packages/***/task/task_runner/standard_task_runner.py:61: DeprecationWarning: This process (pid=10062) is multi-threaded, use of fork() may lead to deadlocks in the child.
  pid = os.fork()

[2024-10-02T19:26:44.030+0000] {standard_task_runner.py:63} INFO - Started process 10081 to run task
[2024-10-02T19:26:44.031+0000] {standard_task_runner.py:90} INFO - Running: ['***', 'tasks', 'run', 'etl_covid_europa_pipeline', 'extrair', 'scheduled__2024-03-12T00:00:00+00:00', '--job-id', '2449', '--raw', '--subdir', 'DAGS_FOLDER/etl_pipeline_agrupar_continente.py', '--cfg-path', '/tmp/tmpyu3t6ruj']
[2024-10-02T19:26:44.032+0000] {standard_task_runner.py:91} INFO - Job 2449: Subtask extrair
[2024-10-02T19:26:44.078+0000] {task_command.py:426} INFO - Running <TaskInstance: etl_covid_europa_pipeline.extrair scheduled__2024-03-12T00:00:00+00:00 [running]> on host 99de7dfc3871
[2024-10-02T19:26:44.173+0000] {taskinstance.py:2648} INFO - Exporting env vars: AIRFLOW_CTX_DAG_OWNER='***' AIRFLOW_CTX_DAG_ID='etl_covid_europa_pipeline' AIRFLOW_CTX_TASK_ID='extrair' AIRFLOW_CTX_EXECUTION_DATE='2024-03-12T00:00:00+00:00' AIRFLOW_CTX_TRY_NUMBER='1' AIRFLOW_CTX_DAG_RUN_ID='scheduled__2024-03-12T00:00:00+00:00'
[2024-10-02T19:26:44.174+0000] {taskinstance.py:430} INFO - ::endgroup::
[2024-10-02T19:26:49.532+0000] {python.py:237} INFO - Done. Returned value was: None
[2024-10-02T19:26:49.533+0000] {taskinstance.py:441} INFO - ::group::Post task execution logs
[2024-10-02T19:26:49.541+0000] {taskinstance.py:1206} INFO - Marking task as SUCCESS. dag_id=etl_covid_europa_pipeline, task_id=extrair, run_id=scheduled__2024-03-12T00:00:00+00:00, execution_date=20240312T000000, start_date=20241002T192643, end_date=20241002T192649
[2024-10-02T19:26:49.700+0000] {local_task_job_runner.py:240} INFO - Task exited with return code 0
[2024-10-02T19:26:49.728+0000] {taskinstance.py:3503} INFO - 1 downstream tasks scheduled from follow-on schedule check
[2024-10-02T19:26:49.732+0000] {local_task_job_runner.py:222} INFO - ::endgroup::
