[2024-10-02T17:31:56.371+0000] {local_task_job_runner.py:120} INFO - ::group::Pre task execution logs
[2024-10-02T17:31:56.394+0000] {taskinstance.py:2076} INFO - Dependencies all met for dep_context=non-requeueable deps ti=<TaskInstance: etl_covid_europa_pipeline.extrair scheduled__2024-09-29T00:00:00+00:00 [queued]>
[2024-10-02T17:31:56.402+0000] {taskinstance.py:2076} INFO - Dependencies all met for dep_context=requeueable deps ti=<TaskInstance: etl_covid_europa_pipeline.extrair scheduled__2024-09-29T00:00:00+00:00 [queued]>
[2024-10-02T17:31:56.403+0000] {taskinstance.py:2306} INFO - Starting attempt 1 of 1
[2024-10-02T17:31:56.558+0000] {taskinstance.py:2330} INFO - Executing <Task(PythonOperator): extrair> on 2024-09-29 00:00:00+00:00
[2024-10-02T17:31:56.563+0000] {warnings.py:112} WARNING - /home/***/.local/lib/python3.12/site-packages/***/task/task_runner/standard_task_runner.py:61: DeprecationWarning: This process (pid=3181) is multi-threaded, use of fork() may lead to deadlocks in the child.
  pid = os.fork()

[2024-10-02T17:31:56.564+0000] {standard_task_runner.py:63} INFO - Started process 3193 to run task
[2024-10-02T17:31:56.564+0000] {standard_task_runner.py:90} INFO - Running: ['***', 'tasks', 'run', 'etl_covid_europa_pipeline', 'extrair', 'scheduled__2024-09-29T00:00:00+00:00', '--job-id', '650', '--raw', '--subdir', 'DAGS_FOLDER/etl_pipeline.py', '--cfg-path', '/tmp/tmpy30kk7mq']
[2024-10-02T17:31:56.566+0000] {standard_task_runner.py:91} INFO - Job 650: Subtask extrair
[2024-10-02T17:31:56.603+0000] {task_command.py:426} INFO - Running <TaskInstance: etl_covid_europa_pipeline.extrair scheduled__2024-09-29T00:00:00+00:00 [running]> on host 99de7dfc3871
[2024-10-02T17:31:56.684+0000] {taskinstance.py:2648} INFO - Exporting env vars: AIRFLOW_CTX_DAG_OWNER='***' AIRFLOW_CTX_DAG_ID='etl_covid_europa_pipeline' AIRFLOW_CTX_TASK_ID='extrair' AIRFLOW_CTX_EXECUTION_DATE='2024-09-29T00:00:00+00:00' AIRFLOW_CTX_TRY_NUMBER='1' AIRFLOW_CTX_DAG_RUN_ID='scheduled__2024-09-29T00:00:00+00:00'
[2024-10-02T17:31:56.685+0000] {taskinstance.py:430} INFO - ::endgroup::
[2024-10-02T17:32:02.915+0000] {python.py:237} INFO - Done. Returned value was: None
[2024-10-02T17:32:02.916+0000] {taskinstance.py:441} INFO - ::group::Post task execution logs
[2024-10-02T17:32:02.928+0000] {taskinstance.py:1206} INFO - Marking task as SUCCESS. dag_id=etl_covid_europa_pipeline, task_id=extrair, run_id=scheduled__2024-09-29T00:00:00+00:00, execution_date=20240929T000000, start_date=20241002T173156, end_date=20241002T173202
[2024-10-02T17:32:02.988+0000] {local_task_job_runner.py:240} INFO - Task exited with return code 0
[2024-10-02T17:32:03.014+0000] {taskinstance.py:3503} INFO - 1 downstream tasks scheduled from follow-on schedule check
[2024-10-02T17:32:03.019+0000] {local_task_job_runner.py:222} INFO - ::endgroup::
[2024-10-02T18:55:54.311+0000] {local_task_job_runner.py:120} INFO - ::group::Pre task execution logs
[2024-10-02T18:55:54.338+0000] {taskinstance.py:2076} INFO - Dependencies all met for dep_context=non-requeueable deps ti=<TaskInstance: etl_covid_europa_pipeline.extrair scheduled__2024-09-29T00:00:00+00:00 [queued]>
[2024-10-02T18:55:54.350+0000] {taskinstance.py:2076} INFO - Dependencies all met for dep_context=requeueable deps ti=<TaskInstance: etl_covid_europa_pipeline.extrair scheduled__2024-09-29T00:00:00+00:00 [queued]>
[2024-10-02T18:55:54.351+0000] {taskinstance.py:2306} INFO - Starting attempt 1 of 1
[2024-10-02T18:55:54.545+0000] {taskinstance.py:2330} INFO - Executing <Task(PythonOperator): extrair> on 2024-09-29 00:00:00+00:00
[2024-10-02T18:55:54.551+0000] {warnings.py:112} WARNING - /home/***/.local/lib/python3.12/site-packages/***/task/task_runner/standard_task_runner.py:61: DeprecationWarning: This process (pid=5194) is multi-threaded, use of fork() may lead to deadlocks in the child.
  pid = os.fork()

[2024-10-02T18:55:54.552+0000] {standard_task_runner.py:63} INFO - Started process 5202 to run task
[2024-10-02T18:55:54.553+0000] {standard_task_runner.py:90} INFO - Running: ['***', 'tasks', 'run', 'etl_covid_europa_pipeline', 'extrair', 'scheduled__2024-09-29T00:00:00+00:00', '--job-id', '955', '--raw', '--subdir', 'DAGS_FOLDER/etl_pipeline.py', '--cfg-path', '/tmp/tmpyzxxjhg7']
[2024-10-02T18:55:54.555+0000] {standard_task_runner.py:91} INFO - Job 955: Subtask extrair
[2024-10-02T18:55:54.596+0000] {task_command.py:426} INFO - Running <TaskInstance: etl_covid_europa_pipeline.extrair scheduled__2024-09-29T00:00:00+00:00 [running]> on host 99de7dfc3871
[2024-10-02T18:55:54.677+0000] {taskinstance.py:2648} INFO - Exporting env vars: AIRFLOW_CTX_DAG_OWNER='***' AIRFLOW_CTX_DAG_ID='etl_covid_europa_pipeline' AIRFLOW_CTX_TASK_ID='extrair' AIRFLOW_CTX_EXECUTION_DATE='2024-09-29T00:00:00+00:00' AIRFLOW_CTX_TRY_NUMBER='1' AIRFLOW_CTX_DAG_RUN_ID='scheduled__2024-09-29T00:00:00+00:00'
[2024-10-02T18:55:54.678+0000] {taskinstance.py:430} INFO - ::endgroup::
[2024-10-02T18:56:00.184+0000] {python.py:237} INFO - Done. Returned value was: None
[2024-10-02T18:56:00.185+0000] {taskinstance.py:441} INFO - ::group::Post task execution logs
[2024-10-02T18:56:00.198+0000] {taskinstance.py:1206} INFO - Marking task as SUCCESS. dag_id=etl_covid_europa_pipeline, task_id=extrair, run_id=scheduled__2024-09-29T00:00:00+00:00, execution_date=20240929T000000, start_date=20241002T185554, end_date=20241002T185600
[2024-10-02T18:56:00.250+0000] {local_task_job_runner.py:240} INFO - Task exited with return code 0
[2024-10-02T18:56:00.269+0000] {taskinstance.py:3503} INFO - 1 downstream tasks scheduled from follow-on schedule check
[2024-10-02T18:56:00.271+0000] {local_task_job_runner.py:222} INFO - ::endgroup::
[2024-10-02T19:04:48.836+0000] {local_task_job_runner.py:120} INFO - ::group::Pre task execution logs
[2024-10-02T19:04:49.015+0000] {taskinstance.py:2076} INFO - Dependencies all met for dep_context=non-requeueable deps ti=<TaskInstance: etl_covid_europa_pipeline.extrair scheduled__2024-09-29T00:00:00+00:00 [queued]>
[2024-10-02T19:04:49.023+0000] {taskinstance.py:2076} INFO - Dependencies all met for dep_context=requeueable deps ti=<TaskInstance: etl_covid_europa_pipeline.extrair scheduled__2024-09-29T00:00:00+00:00 [queued]>
[2024-10-02T19:04:49.024+0000] {taskinstance.py:2306} INFO - Starting attempt 1 of 1
[2024-10-02T19:04:49.042+0000] {taskinstance.py:2330} INFO - Executing <Task(PythonOperator): extrair> on 2024-09-29 00:00:00+00:00
[2024-10-02T19:04:49.048+0000] {warnings.py:112} WARNING - /home/***/.local/lib/python3.12/site-packages/***/task/task_runner/standard_task_runner.py:61: DeprecationWarning: This process (pid=8393) is multi-threaded, use of fork() may lead to deadlocks in the child.
  pid = os.fork()

[2024-10-02T19:04:49.050+0000] {standard_task_runner.py:63} INFO - Started process 8399 to run task
[2024-10-02T19:04:49.049+0000] {standard_task_runner.py:90} INFO - Running: ['***', 'tasks', 'run', 'etl_covid_europa_pipeline', 'extrair', 'scheduled__2024-09-29T00:00:00+00:00', '--job-id', '1983', '--raw', '--subdir', 'DAGS_FOLDER/etl_pipeline.py', '--cfg-path', '/tmp/tmpc2wdho72']
[2024-10-02T19:04:49.051+0000] {standard_task_runner.py:91} INFO - Job 1983: Subtask extrair
[2024-10-02T19:04:49.096+0000] {task_command.py:426} INFO - Running <TaskInstance: etl_covid_europa_pipeline.extrair scheduled__2024-09-29T00:00:00+00:00 [running]> on host 99de7dfc3871
[2024-10-02T19:04:49.194+0000] {taskinstance.py:2648} INFO - Exporting env vars: AIRFLOW_CTX_DAG_OWNER='***' AIRFLOW_CTX_DAG_ID='etl_covid_europa_pipeline' AIRFLOW_CTX_TASK_ID='extrair' AIRFLOW_CTX_EXECUTION_DATE='2024-09-29T00:00:00+00:00' AIRFLOW_CTX_TRY_NUMBER='1' AIRFLOW_CTX_DAG_RUN_ID='scheduled__2024-09-29T00:00:00+00:00'
[2024-10-02T19:04:49.196+0000] {taskinstance.py:430} INFO - ::endgroup::
[2024-10-02T19:04:56.090+0000] {python.py:237} INFO - Done. Returned value was: None
[2024-10-02T19:04:56.090+0000] {taskinstance.py:441} INFO - ::group::Post task execution logs
[2024-10-02T19:04:56.099+0000] {taskinstance.py:1206} INFO - Marking task as SUCCESS. dag_id=etl_covid_europa_pipeline, task_id=extrair, run_id=scheduled__2024-09-29T00:00:00+00:00, execution_date=20240929T000000, start_date=20241002T190449, end_date=20241002T190456
[2024-10-02T19:04:56.120+0000] {local_task_job_runner.py:240} INFO - Task exited with return code 0
[2024-10-02T19:04:56.141+0000] {taskinstance.py:3503} INFO - 1 downstream tasks scheduled from follow-on schedule check
[2024-10-02T19:04:56.145+0000] {local_task_job_runner.py:222} INFO - ::endgroup::
