[2024-10-02T17:31:36.173+0000] {local_task_job_runner.py:120} INFO - ::group::Pre task execution logs
[2024-10-02T17:31:36.197+0000] {taskinstance.py:2076} INFO - Dependencies all met for dep_context=non-requeueable deps ti=<TaskInstance: etl_covid_europa_pipeline.extrair scheduled__2024-09-14T00:00:00+00:00 [queued]>
[2024-10-02T17:31:36.204+0000] {taskinstance.py:2076} INFO - Dependencies all met for dep_context=requeueable deps ti=<TaskInstance: etl_covid_europa_pipeline.extrair scheduled__2024-09-14T00:00:00+00:00 [queued]>
[2024-10-02T17:31:36.204+0000] {taskinstance.py:2306} INFO - Starting attempt 1 of 1
[2024-10-02T17:31:36.357+0000] {taskinstance.py:2330} INFO - Executing <Task(PythonOperator): extrair> on 2024-09-14 00:00:00+00:00
[2024-10-02T17:31:36.362+0000] {warnings.py:112} WARNING - /home/***/.local/lib/python3.12/site-packages/***/task/task_runner/standard_task_runner.py:61: DeprecationWarning: This process (pid=3083) is multi-threaded, use of fork() may lead to deadlocks in the child.
  pid = os.fork()

[2024-10-02T17:31:36.363+0000] {standard_task_runner.py:63} INFO - Started process 3091 to run task
[2024-10-02T17:31:36.363+0000] {standard_task_runner.py:90} INFO - Running: ['***', 'tasks', 'run', 'etl_covid_europa_pipeline', 'extrair', 'scheduled__2024-09-14T00:00:00+00:00', '--job-id', '619', '--raw', '--subdir', 'DAGS_FOLDER/etl_pipeline.py', '--cfg-path', '/tmp/tmp7i1l52q5']
[2024-10-02T17:31:36.365+0000] {standard_task_runner.py:91} INFO - Job 619: Subtask extrair
[2024-10-02T17:31:36.404+0000] {task_command.py:426} INFO - Running <TaskInstance: etl_covid_europa_pipeline.extrair scheduled__2024-09-14T00:00:00+00:00 [running]> on host 99de7dfc3871
[2024-10-02T17:31:36.475+0000] {taskinstance.py:2648} INFO - Exporting env vars: AIRFLOW_CTX_DAG_OWNER='***' AIRFLOW_CTX_DAG_ID='etl_covid_europa_pipeline' AIRFLOW_CTX_TASK_ID='extrair' AIRFLOW_CTX_EXECUTION_DATE='2024-09-14T00:00:00+00:00' AIRFLOW_CTX_TRY_NUMBER='1' AIRFLOW_CTX_DAG_RUN_ID='scheduled__2024-09-14T00:00:00+00:00'
[2024-10-02T17:31:36.476+0000] {taskinstance.py:430} INFO - ::endgroup::
[2024-10-02T17:31:42.976+0000] {python.py:237} INFO - Done. Returned value was: None
[2024-10-02T17:31:42.977+0000] {taskinstance.py:441} INFO - ::group::Post task execution logs
[2024-10-02T17:31:42.995+0000] {taskinstance.py:1206} INFO - Marking task as SUCCESS. dag_id=etl_covid_europa_pipeline, task_id=extrair, run_id=scheduled__2024-09-14T00:00:00+00:00, execution_date=20240914T000000, start_date=20241002T173136, end_date=20241002T173142
[2024-10-02T17:31:43.068+0000] {local_task_job_runner.py:240} INFO - Task exited with return code 0
[2024-10-02T17:31:43.102+0000] {taskinstance.py:3503} INFO - 1 downstream tasks scheduled from follow-on schedule check
[2024-10-02T17:31:43.106+0000] {local_task_job_runner.py:222} INFO - ::endgroup::
[2024-10-02T18:55:35.485+0000] {local_task_job_runner.py:120} INFO - ::group::Pre task execution logs
[2024-10-02T18:55:35.511+0000] {taskinstance.py:2076} INFO - Dependencies all met for dep_context=non-requeueable deps ti=<TaskInstance: etl_covid_europa_pipeline.extrair scheduled__2024-09-14T00:00:00+00:00 [queued]>
[2024-10-02T18:55:35.520+0000] {taskinstance.py:2076} INFO - Dependencies all met for dep_context=requeueable deps ti=<TaskInstance: etl_covid_europa_pipeline.extrair scheduled__2024-09-14T00:00:00+00:00 [queued]>
[2024-10-02T18:55:35.521+0000] {taskinstance.py:2306} INFO - Starting attempt 1 of 1
[2024-10-02T18:55:35.856+0000] {taskinstance.py:2330} INFO - Executing <Task(PythonOperator): extrair> on 2024-09-14 00:00:00+00:00
[2024-10-02T18:55:35.865+0000] {warnings.py:112} WARNING - /home/***/.local/lib/python3.12/site-packages/***/task/task_runner/standard_task_runner.py:61: DeprecationWarning: This process (pid=5051) is multi-threaded, use of fork() may lead to deadlocks in the child.
  pid = os.fork()

[2024-10-02T18:55:35.866+0000] {standard_task_runner.py:63} INFO - Started process 5068 to run task
[2024-10-02T18:55:35.866+0000] {standard_task_runner.py:90} INFO - Running: ['***', 'tasks', 'run', 'etl_covid_europa_pipeline', 'extrair', 'scheduled__2024-09-14T00:00:00+00:00', '--job-id', '910', '--raw', '--subdir', 'DAGS_FOLDER/etl_pipeline.py', '--cfg-path', '/tmp/tmprxss8bfb']
[2024-10-02T18:55:35.869+0000] {standard_task_runner.py:91} INFO - Job 910: Subtask extrair
[2024-10-02T18:55:35.920+0000] {task_command.py:426} INFO - Running <TaskInstance: etl_covid_europa_pipeline.extrair scheduled__2024-09-14T00:00:00+00:00 [running]> on host 99de7dfc3871
[2024-10-02T18:55:36.019+0000] {taskinstance.py:2648} INFO - Exporting env vars: AIRFLOW_CTX_DAG_OWNER='***' AIRFLOW_CTX_DAG_ID='etl_covid_europa_pipeline' AIRFLOW_CTX_TASK_ID='extrair' AIRFLOW_CTX_EXECUTION_DATE='2024-09-14T00:00:00+00:00' AIRFLOW_CTX_TRY_NUMBER='1' AIRFLOW_CTX_DAG_RUN_ID='scheduled__2024-09-14T00:00:00+00:00'
[2024-10-02T18:55:36.020+0000] {taskinstance.py:430} INFO - ::endgroup::
[2024-10-02T18:55:41.752+0000] {python.py:237} INFO - Done. Returned value was: None
[2024-10-02T18:55:41.752+0000] {taskinstance.py:441} INFO - ::group::Post task execution logs
[2024-10-02T18:55:41.761+0000] {taskinstance.py:1206} INFO - Marking task as SUCCESS. dag_id=etl_covid_europa_pipeline, task_id=extrair, run_id=scheduled__2024-09-14T00:00:00+00:00, execution_date=20240914T000000, start_date=20241002T185535, end_date=20241002T185541
[2024-10-02T18:55:41.813+0000] {local_task_job_runner.py:240} INFO - Task exited with return code 0
[2024-10-02T18:55:41.834+0000] {taskinstance.py:3503} INFO - 1 downstream tasks scheduled from follow-on schedule check
[2024-10-02T18:55:41.836+0000] {local_task_job_runner.py:222} INFO - ::endgroup::
[2024-10-02T19:04:25.919+0000] {local_task_job_runner.py:120} INFO - ::group::Pre task execution logs
[2024-10-02T19:04:25.940+0000] {taskinstance.py:2076} INFO - Dependencies all met for dep_context=non-requeueable deps ti=<TaskInstance: etl_covid_europa_pipeline.extrair scheduled__2024-09-14T00:00:00+00:00 [queued]>
[2024-10-02T19:04:26.107+0000] {taskinstance.py:2076} INFO - Dependencies all met for dep_context=requeueable deps ti=<TaskInstance: etl_covid_europa_pipeline.extrair scheduled__2024-09-14T00:00:00+00:00 [queued]>
[2024-10-02T19:04:26.107+0000] {taskinstance.py:2306} INFO - Starting attempt 1 of 1
[2024-10-02T19:04:26.121+0000] {taskinstance.py:2330} INFO - Executing <Task(PythonOperator): extrair> on 2024-09-14 00:00:00+00:00
[2024-10-02T19:04:26.127+0000] {warnings.py:112} WARNING - /home/***/.local/lib/python3.12/site-packages/***/task/task_runner/standard_task_runner.py:61: DeprecationWarning: This process (pid=8242) is multi-threaded, use of fork() may lead to deadlocks in the child.
  pid = os.fork()

[2024-10-02T19:04:26.128+0000] {standard_task_runner.py:63} INFO - Started process 8256 to run task
[2024-10-02T19:04:26.129+0000] {standard_task_runner.py:90} INFO - Running: ['***', 'tasks', 'run', 'etl_covid_europa_pipeline', 'extrair', 'scheduled__2024-09-14T00:00:00+00:00', '--job-id', '1937', '--raw', '--subdir', 'DAGS_FOLDER/etl_pipeline.py', '--cfg-path', '/tmp/tmp5z3tmmmy']
[2024-10-02T19:04:26.130+0000] {standard_task_runner.py:91} INFO - Job 1937: Subtask extrair
[2024-10-02T19:04:26.177+0000] {task_command.py:426} INFO - Running <TaskInstance: etl_covid_europa_pipeline.extrair scheduled__2024-09-14T00:00:00+00:00 [running]> on host 99de7dfc3871
[2024-10-02T19:04:26.259+0000] {taskinstance.py:2648} INFO - Exporting env vars: AIRFLOW_CTX_DAG_OWNER='***' AIRFLOW_CTX_DAG_ID='etl_covid_europa_pipeline' AIRFLOW_CTX_TASK_ID='extrair' AIRFLOW_CTX_EXECUTION_DATE='2024-09-14T00:00:00+00:00' AIRFLOW_CTX_TRY_NUMBER='1' AIRFLOW_CTX_DAG_RUN_ID='scheduled__2024-09-14T00:00:00+00:00'
[2024-10-02T19:04:26.262+0000] {taskinstance.py:430} INFO - ::endgroup::
[2024-10-02T19:04:31.311+0000] {python.py:237} INFO - Done. Returned value was: None
[2024-10-02T19:04:31.311+0000] {taskinstance.py:441} INFO - ::group::Post task execution logs
[2024-10-02T19:04:31.318+0000] {taskinstance.py:1206} INFO - Marking task as SUCCESS. dag_id=etl_covid_europa_pipeline, task_id=extrair, run_id=scheduled__2024-09-14T00:00:00+00:00, execution_date=20240914T000000, start_date=20241002T190425, end_date=20241002T190431
[2024-10-02T19:04:31.406+0000] {local_task_job_runner.py:240} INFO - Task exited with return code 0
[2024-10-02T19:04:31.428+0000] {taskinstance.py:3503} INFO - 1 downstream tasks scheduled from follow-on schedule check
[2024-10-02T19:04:31.431+0000] {local_task_job_runner.py:222} INFO - ::endgroup::
