[2024-10-02T17:26:15.961+0000] {local_task_job_runner.py:120} INFO - ::group::Pre task execution logs
[2024-10-02T17:26:15.990+0000] {taskinstance.py:2076} INFO - Dependencies all met for dep_context=non-requeueable deps ti=<TaskInstance: etl_covid_europa_pipeline.transformar scheduled__2023-11-30T00:00:00+00:00 [queued]>
[2024-10-02T17:26:16.000+0000] {taskinstance.py:2076} INFO - Dependencies all met for dep_context=requeueable deps ti=<TaskInstance: etl_covid_europa_pipeline.transformar scheduled__2023-11-30T00:00:00+00:00 [queued]>
[2024-10-02T17:26:16.001+0000] {taskinstance.py:2306} INFO - Starting attempt 1 of 1
[2024-10-02T17:26:16.273+0000] {taskinstance.py:2330} INFO - Executing <Task(PythonOperator): transformar> on 2023-11-30 00:00:00+00:00
[2024-10-02T17:26:16.281+0000] {warnings.py:112} WARNING - /home/***/.local/lib/python3.12/site-packages/***/task/task_runner/standard_task_runner.py:61: DeprecationWarning: This process (pid=1553) is multi-threaded, use of fork() may lead to deadlocks in the child.
  pid = os.fork()

[2024-10-02T17:26:16.284+0000] {standard_task_runner.py:90} INFO - Running: ['***', 'tasks', 'run', 'etl_covid_europa_pipeline', 'transformar', 'scheduled__2023-11-30T00:00:00+00:00', '--job-id', '131', '--raw', '--subdir', 'DAGS_FOLDER/etl_pipeline.py', '--cfg-path', '/tmp/tmppe1cklh7']
[2024-10-02T17:26:16.287+0000] {standard_task_runner.py:63} INFO - Started process 1568 to run task
[2024-10-02T17:26:16.287+0000] {standard_task_runner.py:91} INFO - Job 131: Subtask transformar
[2024-10-02T17:26:16.348+0000] {task_command.py:426} INFO - Running <TaskInstance: etl_covid_europa_pipeline.transformar scheduled__2023-11-30T00:00:00+00:00 [running]> on host 99de7dfc3871
[2024-10-02T17:26:16.435+0000] {taskinstance.py:2648} INFO - Exporting env vars: AIRFLOW_CTX_DAG_OWNER='***' AIRFLOW_CTX_DAG_ID='etl_covid_europa_pipeline' AIRFLOW_CTX_TASK_ID='transformar' AIRFLOW_CTX_EXECUTION_DATE='2023-11-30T00:00:00+00:00' AIRFLOW_CTX_TRY_NUMBER='1' AIRFLOW_CTX_DAG_RUN_ID='scheduled__2023-11-30T00:00:00+00:00'
[2024-10-02T17:26:16.436+0000] {taskinstance.py:430} INFO - ::endgroup::
[2024-10-02T17:26:16.587+0000] {taskinstance.py:441} INFO - ::group::Post task execution logs
[2024-10-02T17:26:16.588+0000] {taskinstance.py:2905} ERROR - Task failed with exception
Traceback (most recent call last):
  File "/home/airflow/.local/lib/python3.12/site-packages/airflow/models/taskinstance.py", line 465, in _execute_task
    result = _execute_callable(context=context, **execute_callable_kwargs)
             ^^^^^^^^^^^^^^^^^^^^^^^^^^^^^^^^^^^^^^^^^^^^^^^^^^^^^^^^^^^^^
  File "/home/airflow/.local/lib/python3.12/site-packages/airflow/models/taskinstance.py", line 432, in _execute_callable
    return execute_callable(context=context, **execute_callable_kwargs)
           ^^^^^^^^^^^^^^^^^^^^^^^^^^^^^^^^^^^^^^^^^^^^^^^^^^^^^^^^^^^^
  File "/home/airflow/.local/lib/python3.12/site-packages/airflow/models/baseoperator.py", line 401, in wrapper
    return func(self, *args, **kwargs)
           ^^^^^^^^^^^^^^^^^^^^^^^^^^^
  File "/home/airflow/.local/lib/python3.12/site-packages/airflow/operators/python.py", line 235, in execute
    return_value = self.execute_callable()
                   ^^^^^^^^^^^^^^^^^^^^^^^
  File "/home/airflow/.local/lib/python3.12/site-packages/airflow/operators/python.py", line 252, in execute_callable
    return self.python_callable(*self.op_args, **self.op_kwargs)
           ^^^^^^^^^^^^^^^^^^^^^^^^^^^^^^^^^^^^^^^^^^^^^^^^^^^^^
  File "/opt/airflow/dags/etl_pipeline.py", line 17, in transformar
    df_agrupada = df.groupby('ContinentExp')[['cases', 'deaths']].sum().reset_index()
                  ^^^^^^^^^^^^^^^^^^^^^^^^^^
  File "/home/airflow/.local/lib/python3.12/site-packages/pandas/core/frame.py", line 8869, in groupby
    return DataFrameGroupBy(
           ^^^^^^^^^^^^^^^^^
  File "/home/airflow/.local/lib/python3.12/site-packages/pandas/core/groupby/groupby.py", line 1278, in __init__
    grouper, exclusions, obj = get_grouper(
                               ^^^^^^^^^^^^
  File "/home/airflow/.local/lib/python3.12/site-packages/pandas/core/groupby/grouper.py", line 1009, in get_grouper
    raise KeyError(gpr)
KeyError: 'ContinentExp'
[2024-10-02T17:26:16.599+0000] {taskinstance.py:1206} INFO - Marking task as FAILED. dag_id=etl_covid_europa_pipeline, task_id=transformar, run_id=scheduled__2023-11-30T00:00:00+00:00, execution_date=20231130T000000, start_date=20241002T172615, end_date=20241002T172616
[2024-10-02T17:26:16.612+0000] {standard_task_runner.py:110} ERROR - Failed to execute job 131 for task transformar ('ContinentExp'; 1568)
[2024-10-02T17:26:16.662+0000] {local_task_job_runner.py:240} INFO - Task exited with return code 1
[2024-10-02T17:26:16.684+0000] {taskinstance.py:3503} INFO - 0 downstream tasks scheduled from follow-on schedule check
[2024-10-02T17:26:16.689+0000] {local_task_job_runner.py:222} INFO - ::endgroup::
[2024-10-02T18:58:22.128+0000] {local_task_job_runner.py:120} INFO - ::group::Pre task execution logs
[2024-10-02T18:58:22.174+0000] {taskinstance.py:2076} INFO - Dependencies all met for dep_context=non-requeueable deps ti=<TaskInstance: etl_covid_europa_pipeline.transformar scheduled__2023-11-30T00:00:00+00:00 [queued]>
[2024-10-02T18:58:22.194+0000] {taskinstance.py:2076} INFO - Dependencies all met for dep_context=requeueable deps ti=<TaskInstance: etl_covid_europa_pipeline.transformar scheduled__2023-11-30T00:00:00+00:00 [queued]>
[2024-10-02T18:58:22.195+0000] {taskinstance.py:2306} INFO - Starting attempt 1 of 1
[2024-10-02T18:58:22.624+0000] {taskinstance.py:2330} INFO - Executing <Task(PythonOperator): transformar> on 2023-11-30 00:00:00+00:00
[2024-10-02T18:58:22.634+0000] {warnings.py:112} WARNING - /home/***/.local/lib/python3.12/site-packages/***/task/task_runner/standard_task_runner.py:61: DeprecationWarning: This process (pid=5783) is multi-threaded, use of fork() may lead to deadlocks in the child.
  pid = os.fork()

[2024-10-02T18:58:22.636+0000] {standard_task_runner.py:90} INFO - Running: ['***', 'tasks', 'run', 'etl_covid_europa_pipeline', 'transformar', 'scheduled__2023-11-30T00:00:00+00:00', '--job-id', '1144', '--raw', '--subdir', 'DAGS_FOLDER/etl_pipeline.py', '--cfg-path', '/tmp/tmplvy2i9tc']
[2024-10-02T18:58:22.644+0000] {standard_task_runner.py:91} INFO - Job 1144: Subtask transformar
[2024-10-02T18:58:22.643+0000] {standard_task_runner.py:63} INFO - Started process 5811 to run task
[2024-10-02T18:58:22.726+0000] {task_command.py:426} INFO - Running <TaskInstance: etl_covid_europa_pipeline.transformar scheduled__2023-11-30T00:00:00+00:00 [running]> on host 99de7dfc3871
[2024-10-02T18:58:22.885+0000] {taskinstance.py:2648} INFO - Exporting env vars: AIRFLOW_CTX_DAG_OWNER='***' AIRFLOW_CTX_DAG_ID='etl_covid_europa_pipeline' AIRFLOW_CTX_TASK_ID='transformar' AIRFLOW_CTX_EXECUTION_DATE='2023-11-30T00:00:00+00:00' AIRFLOW_CTX_TRY_NUMBER='1' AIRFLOW_CTX_DAG_RUN_ID='scheduled__2023-11-30T00:00:00+00:00'
[2024-10-02T18:58:22.887+0000] {taskinstance.py:430} INFO - ::endgroup::
[2024-10-02T18:58:23.239+0000] {python.py:237} INFO - Done. Returned value was: None
[2024-10-02T18:58:23.241+0000] {taskinstance.py:441} INFO - ::group::Post task execution logs
[2024-10-02T18:58:23.255+0000] {taskinstance.py:1206} INFO - Marking task as SUCCESS. dag_id=etl_covid_europa_pipeline, task_id=transformar, run_id=scheduled__2023-11-30T00:00:00+00:00, execution_date=20231130T000000, start_date=20241002T185822, end_date=20241002T185823
[2024-10-02T18:58:23.310+0000] {local_task_job_runner.py:240} INFO - Task exited with return code 0
[2024-10-02T18:58:23.342+0000] {taskinstance.py:3503} INFO - 1 downstream tasks scheduled from follow-on schedule check
[2024-10-02T18:58:23.345+0000] {local_task_job_runner.py:222} INFO - ::endgroup::
[2024-10-02T19:24:35.750+0000] {local_task_job_runner.py:120} INFO - ::group::Pre task execution logs
[2024-10-02T19:24:35.776+0000] {taskinstance.py:2076} INFO - Dependencies all met for dep_context=non-requeueable deps ti=<TaskInstance: etl_covid_europa_pipeline.transformar scheduled__2023-11-30T00:00:00+00:00 [queued]>
[2024-10-02T19:24:35.960+0000] {taskinstance.py:2076} INFO - Dependencies all met for dep_context=requeueable deps ti=<TaskInstance: etl_covid_europa_pipeline.transformar scheduled__2023-11-30T00:00:00+00:00 [queued]>
[2024-10-02T19:24:35.960+0000] {taskinstance.py:2306} INFO - Starting attempt 1 of 1
[2024-10-02T19:24:35.974+0000] {taskinstance.py:2330} INFO - Executing <Task(PythonOperator): transformar> on 2023-11-30 00:00:00+00:00
[2024-10-02T19:24:35.980+0000] {warnings.py:112} WARNING - /home/***/.local/lib/python3.12/site-packages/***/task/task_runner/standard_task_runner.py:61: DeprecationWarning: This process (pid=9195) is multi-threaded, use of fork() may lead to deadlocks in the child.
  pid = os.fork()

[2024-10-02T19:24:35.981+0000] {standard_task_runner.py:63} INFO - Started process 9204 to run task
[2024-10-02T19:24:35.981+0000] {standard_task_runner.py:90} INFO - Running: ['***', 'tasks', 'run', 'etl_covid_europa_pipeline', 'transformar', 'scheduled__2023-11-30T00:00:00+00:00', '--job-id', '2169', '--raw', '--subdir', 'DAGS_FOLDER/etl_pipeline.py', '--cfg-path', '/tmp/tmpa96mb6j9']
[2024-10-02T19:24:35.983+0000] {standard_task_runner.py:91} INFO - Job 2169: Subtask transformar
[2024-10-02T19:24:36.030+0000] {task_command.py:426} INFO - Running <TaskInstance: etl_covid_europa_pipeline.transformar scheduled__2023-11-30T00:00:00+00:00 [running]> on host 99de7dfc3871
[2024-10-02T19:24:36.117+0000] {taskinstance.py:2648} INFO - Exporting env vars: AIRFLOW_CTX_DAG_OWNER='***' AIRFLOW_CTX_DAG_ID='etl_covid_europa_pipeline' AIRFLOW_CTX_TASK_ID='transformar' AIRFLOW_CTX_EXECUTION_DATE='2023-11-30T00:00:00+00:00' AIRFLOW_CTX_TRY_NUMBER='1' AIRFLOW_CTX_DAG_RUN_ID='scheduled__2023-11-30T00:00:00+00:00'
[2024-10-02T19:24:36.120+0000] {taskinstance.py:430} INFO - ::endgroup::
[2024-10-02T19:24:36.249+0000] {python.py:237} INFO - Done. Returned value was: None
[2024-10-02T19:24:36.250+0000] {taskinstance.py:441} INFO - ::group::Post task execution logs
[2024-10-02T19:24:36.258+0000] {taskinstance.py:1206} INFO - Marking task as SUCCESS. dag_id=etl_covid_europa_pipeline, task_id=transformar, run_id=scheduled__2023-11-30T00:00:00+00:00, execution_date=20231130T000000, start_date=20241002T192435, end_date=20241002T192436
[2024-10-02T19:24:36.315+0000] {local_task_job_runner.py:240} INFO - Task exited with return code 0
[2024-10-02T19:24:36.332+0000] {taskinstance.py:3503} INFO - 1 downstream tasks scheduled from follow-on schedule check
[2024-10-02T19:24:36.334+0000] {local_task_job_runner.py:222} INFO - ::endgroup::
