[2024-10-02T17:31:35.795+0000] {local_task_job_runner.py:120} INFO - ::group::Pre task execution logs
[2024-10-02T17:31:35.819+0000] {taskinstance.py:2076} INFO - Dependencies all met for dep_context=non-requeueable deps ti=<TaskInstance: etl_covid_europa_pipeline.extrair scheduled__2024-09-12T00:00:00+00:00 [queued]>
[2024-10-02T17:31:35.825+0000] {taskinstance.py:2076} INFO - Dependencies all met for dep_context=requeueable deps ti=<TaskInstance: etl_covid_europa_pipeline.extrair scheduled__2024-09-12T00:00:00+00:00 [queued]>
[2024-10-02T17:31:35.826+0000] {taskinstance.py:2306} INFO - Starting attempt 1 of 1
[2024-10-02T17:31:36.001+0000] {taskinstance.py:2330} INFO - Executing <Task(PythonOperator): extrair> on 2024-09-12 00:00:00+00:00
[2024-10-02T17:31:36.006+0000] {warnings.py:112} WARNING - /home/***/.local/lib/python3.12/site-packages/***/task/task_runner/standard_task_runner.py:61: DeprecationWarning: This process (pid=3076) is multi-threaded, use of fork() may lead to deadlocks in the child.
  pid = os.fork()

[2024-10-02T17:31:36.008+0000] {standard_task_runner.py:63} INFO - Started process 3089 to run task
[2024-10-02T17:31:36.007+0000] {standard_task_runner.py:90} INFO - Running: ['***', 'tasks', 'run', 'etl_covid_europa_pipeline', 'extrair', 'scheduled__2024-09-12T00:00:00+00:00', '--job-id', '617', '--raw', '--subdir', 'DAGS_FOLDER/etl_pipeline.py', '--cfg-path', '/tmp/tmppz96inpf']
[2024-10-02T17:31:36.009+0000] {standard_task_runner.py:91} INFO - Job 617: Subtask extrair
[2024-10-02T17:31:36.053+0000] {task_command.py:426} INFO - Running <TaskInstance: etl_covid_europa_pipeline.extrair scheduled__2024-09-12T00:00:00+00:00 [running]> on host 99de7dfc3871
[2024-10-02T17:31:36.134+0000] {taskinstance.py:2648} INFO - Exporting env vars: AIRFLOW_CTX_DAG_OWNER='***' AIRFLOW_CTX_DAG_ID='etl_covid_europa_pipeline' AIRFLOW_CTX_TASK_ID='extrair' AIRFLOW_CTX_EXECUTION_DATE='2024-09-12T00:00:00+00:00' AIRFLOW_CTX_TRY_NUMBER='1' AIRFLOW_CTX_DAG_RUN_ID='scheduled__2024-09-12T00:00:00+00:00'
[2024-10-02T17:31:36.135+0000] {taskinstance.py:430} INFO - ::endgroup::
[2024-10-02T17:31:44.570+0000] {python.py:237} INFO - Done. Returned value was: None
[2024-10-02T17:31:44.571+0000] {taskinstance.py:441} INFO - ::group::Post task execution logs
[2024-10-02T17:31:44.579+0000] {taskinstance.py:1206} INFO - Marking task as SUCCESS. dag_id=etl_covid_europa_pipeline, task_id=extrair, run_id=scheduled__2024-09-12T00:00:00+00:00, execution_date=20240912T000000, start_date=20241002T173135, end_date=20241002T173144
[2024-10-02T17:31:44.614+0000] {local_task_job_runner.py:240} INFO - Task exited with return code 0
[2024-10-02T17:31:44.635+0000] {taskinstance.py:3503} INFO - 1 downstream tasks scheduled from follow-on schedule check
[2024-10-02T17:31:44.638+0000] {local_task_job_runner.py:222} INFO - ::endgroup::
[2024-10-02T18:55:35.253+0000] {local_task_job_runner.py:120} INFO - ::group::Pre task execution logs
[2024-10-02T18:55:35.286+0000] {taskinstance.py:2076} INFO - Dependencies all met for dep_context=non-requeueable deps ti=<TaskInstance: etl_covid_europa_pipeline.extrair scheduled__2024-09-12T00:00:00+00:00 [queued]>
[2024-10-02T18:55:35.480+0000] {taskinstance.py:2076} INFO - Dependencies all met for dep_context=requeueable deps ti=<TaskInstance: etl_covid_europa_pipeline.extrair scheduled__2024-09-12T00:00:00+00:00 [queued]>
[2024-10-02T18:55:35.481+0000] {taskinstance.py:2306} INFO - Starting attempt 1 of 1
[2024-10-02T18:55:35.496+0000] {taskinstance.py:2330} INFO - Executing <Task(PythonOperator): extrair> on 2024-09-12 00:00:00+00:00
[2024-10-02T18:55:35.503+0000] {warnings.py:112} WARNING - /home/***/.local/lib/python3.12/site-packages/***/task/task_runner/standard_task_runner.py:61: DeprecationWarning: This process (pid=5048) is multi-threaded, use of fork() may lead to deadlocks in the child.
  pid = os.fork()

[2024-10-02T18:55:35.505+0000] {standard_task_runner.py:63} INFO - Started process 5062 to run task
[2024-10-02T18:55:35.504+0000] {standard_task_runner.py:90} INFO - Running: ['***', 'tasks', 'run', 'etl_covid_europa_pipeline', 'extrair', 'scheduled__2024-09-12T00:00:00+00:00', '--job-id', '908', '--raw', '--subdir', 'DAGS_FOLDER/etl_pipeline.py', '--cfg-path', '/tmp/tmpmu9plkun']
[2024-10-02T18:55:35.506+0000] {standard_task_runner.py:91} INFO - Job 908: Subtask extrair
[2024-10-02T18:55:35.580+0000] {task_command.py:426} INFO - Running <TaskInstance: etl_covid_europa_pipeline.extrair scheduled__2024-09-12T00:00:00+00:00 [running]> on host 99de7dfc3871
[2024-10-02T18:55:35.689+0000] {taskinstance.py:2648} INFO - Exporting env vars: AIRFLOW_CTX_DAG_OWNER='***' AIRFLOW_CTX_DAG_ID='etl_covid_europa_pipeline' AIRFLOW_CTX_TASK_ID='extrair' AIRFLOW_CTX_EXECUTION_DATE='2024-09-12T00:00:00+00:00' AIRFLOW_CTX_TRY_NUMBER='1' AIRFLOW_CTX_DAG_RUN_ID='scheduled__2024-09-12T00:00:00+00:00'
[2024-10-02T18:55:35.694+0000] {taskinstance.py:430} INFO - ::endgroup::
[2024-10-02T18:55:56.893+0000] {python.py:237} INFO - Done. Returned value was: None
[2024-10-02T18:55:56.894+0000] {taskinstance.py:441} INFO - ::group::Post task execution logs
[2024-10-02T18:55:56.902+0000] {taskinstance.py:1206} INFO - Marking task as SUCCESS. dag_id=etl_covid_europa_pipeline, task_id=extrair, run_id=scheduled__2024-09-12T00:00:00+00:00, execution_date=20240912T000000, start_date=20241002T185535, end_date=20241002T185556
[2024-10-02T18:55:56.922+0000] {local_task_job_runner.py:240} INFO - Task exited with return code 0
[2024-10-02T18:55:56.941+0000] {taskinstance.py:3503} INFO - 1 downstream tasks scheduled from follow-on schedule check
[2024-10-02T18:55:56.943+0000] {local_task_job_runner.py:222} INFO - ::endgroup::
[2024-10-02T19:04:25.582+0000] {local_task_job_runner.py:120} INFO - ::group::Pre task execution logs
[2024-10-02T19:04:25.606+0000] {taskinstance.py:2076} INFO - Dependencies all met for dep_context=non-requeueable deps ti=<TaskInstance: etl_covid_europa_pipeline.extrair scheduled__2024-09-12T00:00:00+00:00 [queued]>
[2024-10-02T19:04:25.790+0000] {taskinstance.py:2076} INFO - Dependencies all met for dep_context=requeueable deps ti=<TaskInstance: etl_covid_europa_pipeline.extrair scheduled__2024-09-12T00:00:00+00:00 [queued]>
[2024-10-02T19:04:25.791+0000] {taskinstance.py:2306} INFO - Starting attempt 1 of 1
[2024-10-02T19:04:25.804+0000] {taskinstance.py:2330} INFO - Executing <Task(PythonOperator): extrair> on 2024-09-12 00:00:00+00:00
[2024-10-02T19:04:25.810+0000] {warnings.py:112} WARNING - /home/***/.local/lib/python3.12/site-packages/***/task/task_runner/standard_task_runner.py:61: DeprecationWarning: This process (pid=8234) is multi-threaded, use of fork() may lead to deadlocks in the child.
  pid = os.fork()

[2024-10-02T19:04:25.811+0000] {standard_task_runner.py:63} INFO - Started process 8254 to run task
[2024-10-02T19:04:25.811+0000] {standard_task_runner.py:90} INFO - Running: ['***', 'tasks', 'run', 'etl_covid_europa_pipeline', 'extrair', 'scheduled__2024-09-12T00:00:00+00:00', '--job-id', '1935', '--raw', '--subdir', 'DAGS_FOLDER/etl_pipeline.py', '--cfg-path', '/tmp/tmp05dsxiey']
[2024-10-02T19:04:25.813+0000] {standard_task_runner.py:91} INFO - Job 1935: Subtask extrair
[2024-10-02T19:04:25.854+0000] {task_command.py:426} INFO - Running <TaskInstance: etl_covid_europa_pipeline.extrair scheduled__2024-09-12T00:00:00+00:00 [running]> on host 99de7dfc3871
[2024-10-02T19:04:25.934+0000] {taskinstance.py:2648} INFO - Exporting env vars: AIRFLOW_CTX_DAG_OWNER='***' AIRFLOW_CTX_DAG_ID='etl_covid_europa_pipeline' AIRFLOW_CTX_TASK_ID='extrair' AIRFLOW_CTX_EXECUTION_DATE='2024-09-12T00:00:00+00:00' AIRFLOW_CTX_TRY_NUMBER='1' AIRFLOW_CTX_DAG_RUN_ID='scheduled__2024-09-12T00:00:00+00:00'
[2024-10-02T19:04:25.938+0000] {taskinstance.py:430} INFO - ::endgroup::
[2024-10-02T19:04:31.201+0000] {python.py:237} INFO - Done. Returned value was: None
[2024-10-02T19:04:31.202+0000] {taskinstance.py:441} INFO - ::group::Post task execution logs
[2024-10-02T19:04:31.210+0000] {taskinstance.py:1206} INFO - Marking task as SUCCESS. dag_id=etl_covid_europa_pipeline, task_id=extrair, run_id=scheduled__2024-09-12T00:00:00+00:00, execution_date=20240912T000000, start_date=20241002T190425, end_date=20241002T190431
[2024-10-02T19:04:31.238+0000] {local_task_job_runner.py:240} INFO - Task exited with return code 0
[2024-10-02T19:04:31.265+0000] {taskinstance.py:3503} INFO - 1 downstream tasks scheduled from follow-on schedule check
[2024-10-02T19:04:31.267+0000] {local_task_job_runner.py:222} INFO - ::endgroup::
