[2024-10-02T18:57:54.398+0000] {local_task_job_runner.py:120} INFO - ::group::Pre task execution logs
[2024-10-02T18:57:54.447+0000] {taskinstance.py:2076} INFO - Dependencies all met for dep_context=non-requeueable deps ti=<TaskInstance: etl_covid_europa_pipeline.carregar scheduled__2023-11-11T00:00:00+00:00 [queued]>
[2024-10-02T18:57:54.952+0000] {taskinstance.py:2076} INFO - Dependencies all met for dep_context=requeueable deps ti=<TaskInstance: etl_covid_europa_pipeline.carregar scheduled__2023-11-11T00:00:00+00:00 [queued]>
[2024-10-02T18:57:54.953+0000] {taskinstance.py:2306} INFO - Starting attempt 1 of 1
[2024-10-02T18:57:54.985+0000] {taskinstance.py:2330} INFO - Executing <Task(PythonOperator): carregar> on 2023-11-11 00:00:00+00:00
[2024-10-02T18:57:54.994+0000] {warnings.py:112} WARNING - /home/***/.local/lib/python3.12/site-packages/***/task/task_runner/standard_task_runner.py:61: DeprecationWarning: This process (pid=5641) is multi-threaded, use of fork() may lead to deadlocks in the child.
  pid = os.fork()

[2024-10-02T18:57:54.998+0000] {standard_task_runner.py:63} INFO - Started process 5670 to run task
[2024-10-02T18:57:54.997+0000] {standard_task_runner.py:90} INFO - Running: ['***', 'tasks', 'run', 'etl_covid_europa_pipeline', 'carregar', 'scheduled__2023-11-11T00:00:00+00:00', '--job-id', '1096', '--raw', '--subdir', 'DAGS_FOLDER/etl_pipeline.py', '--cfg-path', '/tmp/tmpexkz6y89']
[2024-10-02T18:57:55.003+0000] {standard_task_runner.py:91} INFO - Job 1096: Subtask carregar
[2024-10-02T18:57:55.084+0000] {task_command.py:426} INFO - Running <TaskInstance: etl_covid_europa_pipeline.carregar scheduled__2023-11-11T00:00:00+00:00 [running]> on host 99de7dfc3871
[2024-10-02T18:57:55.257+0000] {taskinstance.py:2648} INFO - Exporting env vars: AIRFLOW_CTX_DAG_OWNER='***' AIRFLOW_CTX_DAG_ID='etl_covid_europa_pipeline' AIRFLOW_CTX_TASK_ID='carregar' AIRFLOW_CTX_EXECUTION_DATE='2023-11-11T00:00:00+00:00' AIRFLOW_CTX_TRY_NUMBER='1' AIRFLOW_CTX_DAG_RUN_ID='scheduled__2023-11-11T00:00:00+00:00'
[2024-10-02T18:57:55.273+0000] {taskinstance.py:430} INFO - ::endgroup::
[2024-10-02T18:57:55.387+0000] {python.py:237} INFO - Done. Returned value was: None
[2024-10-02T18:57:55.389+0000] {taskinstance.py:441} INFO - ::group::Post task execution logs
[2024-10-02T18:57:55.403+0000] {taskinstance.py:1206} INFO - Marking task as SUCCESS. dag_id=etl_covid_europa_pipeline, task_id=carregar, run_id=scheduled__2023-11-11T00:00:00+00:00, execution_date=20231111T000000, start_date=20241002T185754, end_date=20241002T185755
[2024-10-02T18:57:55.460+0000] {local_task_job_runner.py:240} INFO - Task exited with return code 0
[2024-10-02T18:57:55.486+0000] {taskinstance.py:3503} INFO - 0 downstream tasks scheduled from follow-on schedule check
[2024-10-02T18:57:55.488+0000] {local_task_job_runner.py:222} INFO - ::endgroup::
[2024-10-02T19:24:11.556+0000] {local_task_job_runner.py:120} INFO - ::group::Pre task execution logs
[2024-10-02T19:24:11.628+0000] {taskinstance.py:2076} INFO - Dependencies all met for dep_context=non-requeueable deps ti=<TaskInstance: etl_covid_europa_pipeline.carregar scheduled__2023-11-11T00:00:00+00:00 [queued]>
[2024-10-02T19:24:12.000+0000] {taskinstance.py:2076} INFO - Dependencies all met for dep_context=requeueable deps ti=<TaskInstance: etl_covid_europa_pipeline.carregar scheduled__2023-11-11T00:00:00+00:00 [queued]>
[2024-10-02T19:24:12.004+0000] {taskinstance.py:2306} INFO - Starting attempt 1 of 1
[2024-10-02T19:24:12.032+0000] {taskinstance.py:2330} INFO - Executing <Task(PythonOperator): carregar> on 2023-11-11 00:00:00+00:00
[2024-10-02T19:24:12.044+0000] {warnings.py:112} WARNING - /home/***/.local/lib/python3.12/site-packages/***/task/task_runner/standard_task_runner.py:61: DeprecationWarning: This process (pid=9005) is multi-threaded, use of fork() may lead to deadlocks in the child.
  pid = os.fork()

[2024-10-02T19:24:12.048+0000] {standard_task_runner.py:63} INFO - Started process 9029 to run task
[2024-10-02T19:24:12.045+0000] {standard_task_runner.py:90} INFO - Running: ['***', 'tasks', 'run', 'etl_covid_europa_pipeline', 'carregar', 'scheduled__2023-11-11T00:00:00+00:00', '--job-id', '2109', '--raw', '--subdir', 'DAGS_FOLDER/etl_pipeline.py', '--cfg-path', '/tmp/tmpbnd02h9m']
[2024-10-02T19:24:12.050+0000] {standard_task_runner.py:91} INFO - Job 2109: Subtask carregar
[2024-10-02T19:24:12.137+0000] {task_command.py:426} INFO - Running <TaskInstance: etl_covid_europa_pipeline.carregar scheduled__2023-11-11T00:00:00+00:00 [running]> on host 99de7dfc3871
[2024-10-02T19:24:12.280+0000] {taskinstance.py:2648} INFO - Exporting env vars: AIRFLOW_CTX_DAG_OWNER='***' AIRFLOW_CTX_DAG_ID='etl_covid_europa_pipeline' AIRFLOW_CTX_TASK_ID='carregar' AIRFLOW_CTX_EXECUTION_DATE='2023-11-11T00:00:00+00:00' AIRFLOW_CTX_TRY_NUMBER='1' AIRFLOW_CTX_DAG_RUN_ID='scheduled__2023-11-11T00:00:00+00:00'
[2024-10-02T19:24:12.287+0000] {taskinstance.py:430} INFO - ::endgroup::
[2024-10-02T19:24:12.445+0000] {python.py:237} INFO - Done. Returned value was: None
[2024-10-02T19:24:12.447+0000] {taskinstance.py:441} INFO - ::group::Post task execution logs
[2024-10-02T19:24:12.462+0000] {taskinstance.py:1206} INFO - Marking task as SUCCESS. dag_id=etl_covid_europa_pipeline, task_id=carregar, run_id=scheduled__2023-11-11T00:00:00+00:00, execution_date=20231111T000000, start_date=20241002T192411, end_date=20241002T192412
[2024-10-02T19:24:12.593+0000] {local_task_job_runner.py:240} INFO - Task exited with return code 0
[2024-10-02T19:24:12.612+0000] {taskinstance.py:3503} INFO - 0 downstream tasks scheduled from follow-on schedule check
[2024-10-02T19:24:12.627+0000] {local_task_job_runner.py:222} INFO - ::endgroup::
