[2024-10-02T17:26:06.376+0000] {local_task_job_runner.py:120} INFO - ::group::Pre task execution logs
[2024-10-02T17:26:06.401+0000] {taskinstance.py:2076} INFO - Dependencies all met for dep_context=non-requeueable deps ti=<TaskInstance: etl_covid_europa_pipeline.extrair scheduled__2023-11-24T00:00:00+00:00 [queued]>
[2024-10-02T17:26:06.411+0000] {taskinstance.py:2076} INFO - Dependencies all met for dep_context=requeueable deps ti=<TaskInstance: etl_covid_europa_pipeline.extrair scheduled__2023-11-24T00:00:00+00:00 [queued]>
[2024-10-02T17:26:06.412+0000] {taskinstance.py:2306} INFO - Starting attempt 1 of 1
[2024-10-02T17:26:06.430+0000] {taskinstance.py:2330} INFO - Executing <Task(PythonOperator): extrair> on 2023-11-24 00:00:00+00:00
[2024-10-02T17:26:06.436+0000] {warnings.py:112} WARNING - /home/***/.local/lib/python3.12/site-packages/***/task/task_runner/standard_task_runner.py:61: DeprecationWarning: This process (pid=1483) is multi-threaded, use of fork() may lead to deadlocks in the child.
  pid = os.fork()

[2024-10-02T17:26:06.437+0000] {standard_task_runner.py:63} INFO - Started process 1497 to run task
[2024-10-02T17:26:06.437+0000] {standard_task_runner.py:90} INFO - Running: ['***', 'tasks', 'run', 'etl_covid_europa_pipeline', 'extrair', 'scheduled__2023-11-24T00:00:00+00:00', '--job-id', '109', '--raw', '--subdir', 'DAGS_FOLDER/etl_pipeline.py', '--cfg-path', '/tmp/tmpfsga5bpt']
[2024-10-02T17:26:06.439+0000] {standard_task_runner.py:91} INFO - Job 109: Subtask extrair
[2024-10-02T17:26:06.683+0000] {task_command.py:426} INFO - Running <TaskInstance: etl_covid_europa_pipeline.extrair scheduled__2023-11-24T00:00:00+00:00 [running]> on host 99de7dfc3871
[2024-10-02T17:26:06.764+0000] {taskinstance.py:2648} INFO - Exporting env vars: AIRFLOW_CTX_DAG_OWNER='***' AIRFLOW_CTX_DAG_ID='etl_covid_europa_pipeline' AIRFLOW_CTX_TASK_ID='extrair' AIRFLOW_CTX_EXECUTION_DATE='2023-11-24T00:00:00+00:00' AIRFLOW_CTX_TRY_NUMBER='1' AIRFLOW_CTX_DAG_RUN_ID='scheduled__2023-11-24T00:00:00+00:00'
[2024-10-02T17:26:06.766+0000] {taskinstance.py:430} INFO - ::endgroup::
[2024-10-02T17:26:12.315+0000] {python.py:237} INFO - Done. Returned value was: None
[2024-10-02T17:26:12.316+0000] {taskinstance.py:441} INFO - ::group::Post task execution logs
[2024-10-02T17:26:12.327+0000] {taskinstance.py:1206} INFO - Marking task as SUCCESS. dag_id=etl_covid_europa_pipeline, task_id=extrair, run_id=scheduled__2023-11-24T00:00:00+00:00, execution_date=20231124T000000, start_date=20241002T172606, end_date=20241002T172612
[2024-10-02T17:26:12.359+0000] {local_task_job_runner.py:240} INFO - Task exited with return code 0
[2024-10-02T17:26:12.392+0000] {taskinstance.py:3503} INFO - 1 downstream tasks scheduled from follow-on schedule check
[2024-10-02T17:26:12.394+0000] {local_task_job_runner.py:222} INFO - ::endgroup::
[2024-10-02T18:58:10.485+0000] {local_task_job_runner.py:120} INFO - ::group::Pre task execution logs
[2024-10-02T18:58:10.516+0000] {taskinstance.py:2076} INFO - Dependencies all met for dep_context=non-requeueable deps ti=<TaskInstance: etl_covid_europa_pipeline.extrair scheduled__2023-11-24T00:00:00+00:00 [queued]>
[2024-10-02T18:58:10.716+0000] {taskinstance.py:2076} INFO - Dependencies all met for dep_context=requeueable deps ti=<TaskInstance: etl_covid_europa_pipeline.extrair scheduled__2023-11-24T00:00:00+00:00 [queued]>
[2024-10-02T18:58:10.717+0000] {taskinstance.py:2306} INFO - Starting attempt 1 of 1
[2024-10-02T18:58:10.782+0000] {taskinstance.py:2330} INFO - Executing <Task(PythonOperator): extrair> on 2023-11-24 00:00:00+00:00
[2024-10-02T18:58:10.789+0000] {warnings.py:112} WARNING - /home/***/.local/lib/python3.12/site-packages/***/task/task_runner/standard_task_runner.py:61: DeprecationWarning: This process (pid=5711) is multi-threaded, use of fork() may lead to deadlocks in the child.
  pid = os.fork()

[2024-10-02T18:58:10.791+0000] {standard_task_runner.py:63} INFO - Started process 5727 to run task
[2024-10-02T18:58:10.790+0000] {standard_task_runner.py:90} INFO - Running: ['***', 'tasks', 'run', 'etl_covid_europa_pipeline', 'extrair', 'scheduled__2023-11-24T00:00:00+00:00', '--job-id', '1119', '--raw', '--subdir', 'DAGS_FOLDER/etl_pipeline.py', '--cfg-path', '/tmp/tmpv9631wz_']
[2024-10-02T18:58:10.793+0000] {standard_task_runner.py:91} INFO - Job 1119: Subtask extrair
[2024-10-02T18:58:10.852+0000] {task_command.py:426} INFO - Running <TaskInstance: etl_covid_europa_pipeline.extrair scheduled__2023-11-24T00:00:00+00:00 [running]> on host 99de7dfc3871
[2024-10-02T18:58:10.939+0000] {taskinstance.py:2648} INFO - Exporting env vars: AIRFLOW_CTX_DAG_OWNER='***' AIRFLOW_CTX_DAG_ID='etl_covid_europa_pipeline' AIRFLOW_CTX_TASK_ID='extrair' AIRFLOW_CTX_EXECUTION_DATE='2023-11-24T00:00:00+00:00' AIRFLOW_CTX_TRY_NUMBER='1' AIRFLOW_CTX_DAG_RUN_ID='scheduled__2023-11-24T00:00:00+00:00'
[2024-10-02T18:58:10.944+0000] {taskinstance.py:430} INFO - ::endgroup::
[2024-10-02T18:58:17.405+0000] {python.py:237} INFO - Done. Returned value was: None
[2024-10-02T18:58:17.405+0000] {taskinstance.py:441} INFO - ::group::Post task execution logs
[2024-10-02T18:58:17.416+0000] {taskinstance.py:1206} INFO - Marking task as SUCCESS. dag_id=etl_covid_europa_pipeline, task_id=extrair, run_id=scheduled__2023-11-24T00:00:00+00:00, execution_date=20231124T000000, start_date=20241002T185810, end_date=20241002T185817
[2024-10-02T18:58:17.457+0000] {local_task_job_runner.py:240} INFO - Task exited with return code 0
[2024-10-02T18:58:17.508+0000] {taskinstance.py:3503} INFO - 1 downstream tasks scheduled from follow-on schedule check
[2024-10-02T18:58:17.524+0000] {local_task_job_runner.py:222} INFO - ::endgroup::
[2024-10-02T19:24:23.127+0000] {local_task_job_runner.py:120} INFO - ::group::Pre task execution logs
[2024-10-02T19:24:23.158+0000] {taskinstance.py:2076} INFO - Dependencies all met for dep_context=non-requeueable deps ti=<TaskInstance: etl_covid_europa_pipeline.extrair scheduled__2023-11-24T00:00:00+00:00 [queued]>
[2024-10-02T19:24:23.368+0000] {taskinstance.py:2076} INFO - Dependencies all met for dep_context=requeueable deps ti=<TaskInstance: etl_covid_europa_pipeline.extrair scheduled__2023-11-24T00:00:00+00:00 [queued]>
[2024-10-02T19:24:23.368+0000] {taskinstance.py:2306} INFO - Starting attempt 1 of 1
[2024-10-02T19:24:23.389+0000] {taskinstance.py:2330} INFO - Executing <Task(PythonOperator): extrair> on 2023-11-24 00:00:00+00:00
[2024-10-02T19:24:23.397+0000] {warnings.py:112} WARNING - /home/***/.local/lib/python3.12/site-packages/***/task/task_runner/standard_task_runner.py:61: DeprecationWarning: This process (pid=9074) is multi-threaded, use of fork() may lead to deadlocks in the child.
  pid = os.fork()

[2024-10-02T19:24:23.399+0000] {standard_task_runner.py:63} INFO - Started process 9092 to run task
[2024-10-02T19:24:23.399+0000] {standard_task_runner.py:90} INFO - Running: ['***', 'tasks', 'run', 'etl_covid_europa_pipeline', 'extrair', 'scheduled__2023-11-24T00:00:00+00:00', '--job-id', '2128', '--raw', '--subdir', 'DAGS_FOLDER/etl_pipeline.py', '--cfg-path', '/tmp/tmpld2r27_8']
[2024-10-02T19:24:23.401+0000] {standard_task_runner.py:91} INFO - Job 2128: Subtask extrair
[2024-10-02T19:24:23.451+0000] {task_command.py:426} INFO - Running <TaskInstance: etl_covid_europa_pipeline.extrair scheduled__2023-11-24T00:00:00+00:00 [running]> on host 99de7dfc3871
[2024-10-02T19:24:23.549+0000] {taskinstance.py:2648} INFO - Exporting env vars: AIRFLOW_CTX_DAG_OWNER='***' AIRFLOW_CTX_DAG_ID='etl_covid_europa_pipeline' AIRFLOW_CTX_TASK_ID='extrair' AIRFLOW_CTX_EXECUTION_DATE='2023-11-24T00:00:00+00:00' AIRFLOW_CTX_TRY_NUMBER='1' AIRFLOW_CTX_DAG_RUN_ID='scheduled__2023-11-24T00:00:00+00:00'
[2024-10-02T19:24:23.553+0000] {taskinstance.py:430} INFO - ::endgroup::
[2024-10-02T19:24:29.172+0000] {python.py:237} INFO - Done. Returned value was: None
[2024-10-02T19:24:29.173+0000] {taskinstance.py:441} INFO - ::group::Post task execution logs
[2024-10-02T19:24:29.184+0000] {taskinstance.py:1206} INFO - Marking task as SUCCESS. dag_id=etl_covid_europa_pipeline, task_id=extrair, run_id=scheduled__2023-11-24T00:00:00+00:00, execution_date=20231124T000000, start_date=20241002T192423, end_date=20241002T192429
[2024-10-02T19:24:29.226+0000] {local_task_job_runner.py:240} INFO - Task exited with return code 0
[2024-10-02T19:24:29.259+0000] {taskinstance.py:3503} INFO - 1 downstream tasks scheduled from follow-on schedule check
[2024-10-02T19:24:29.261+0000] {local_task_job_runner.py:222} INFO - ::endgroup::
