[2024-10-02T19:01:32.636+0000] {local_task_job_runner.py:120} INFO - ::group::Pre task execution logs
[2024-10-02T19:01:32.659+0000] {taskinstance.py:2076} INFO - Dependencies all met for dep_context=non-requeueable deps ti=<TaskInstance: etl_covid_europa_pipeline.carregar scheduled__2024-04-22T00:00:00+00:00 [queued]>
[2024-10-02T19:01:32.668+0000] {taskinstance.py:2076} INFO - Dependencies all met for dep_context=requeueable deps ti=<TaskInstance: etl_covid_europa_pipeline.carregar scheduled__2024-04-22T00:00:00+00:00 [queued]>
[2024-10-02T19:01:32.669+0000] {taskinstance.py:2306} INFO - Starting attempt 1 of 1
[2024-10-02T19:01:32.906+0000] {taskinstance.py:2330} INFO - Executing <Task(PythonOperator): carregar> on 2024-04-22 00:00:00+00:00
[2024-10-02T19:01:32.914+0000] {warnings.py:112} WARNING - /home/***/.local/lib/python3.12/site-packages/***/task/task_runner/standard_task_runner.py:61: DeprecationWarning: This process (pid=7049) is multi-threaded, use of fork() may lead to deadlocks in the child.
  pid = os.fork()

[2024-10-02T19:01:32.915+0000] {standard_task_runner.py:63} INFO - Started process 7062 to run task
[2024-10-02T19:01:32.916+0000] {standard_task_runner.py:90} INFO - Running: ['***', 'tasks', 'run', 'etl_covid_europa_pipeline', 'carregar', 'scheduled__2024-04-22T00:00:00+00:00', '--job-id', '1550', '--raw', '--subdir', 'DAGS_FOLDER/etl_pipeline.py', '--cfg-path', '/tmp/tmp8xbbyc25']
[2024-10-02T19:01:32.918+0000] {standard_task_runner.py:91} INFO - Job 1550: Subtask carregar
[2024-10-02T19:01:32.968+0000] {task_command.py:426} INFO - Running <TaskInstance: etl_covid_europa_pipeline.carregar scheduled__2024-04-22T00:00:00+00:00 [running]> on host 99de7dfc3871
[2024-10-02T19:01:33.060+0000] {taskinstance.py:2648} INFO - Exporting env vars: AIRFLOW_CTX_DAG_OWNER='***' AIRFLOW_CTX_DAG_ID='etl_covid_europa_pipeline' AIRFLOW_CTX_TASK_ID='carregar' AIRFLOW_CTX_EXECUTION_DATE='2024-04-22T00:00:00+00:00' AIRFLOW_CTX_TRY_NUMBER='1' AIRFLOW_CTX_DAG_RUN_ID='scheduled__2024-04-22T00:00:00+00:00'
[2024-10-02T19:01:33.061+0000] {taskinstance.py:430} INFO - ::endgroup::
[2024-10-02T19:01:33.123+0000] {python.py:237} INFO - Done. Returned value was: None
[2024-10-02T19:01:33.125+0000] {taskinstance.py:441} INFO - ::group::Post task execution logs
[2024-10-02T19:01:33.133+0000] {taskinstance.py:1206} INFO - Marking task as SUCCESS. dag_id=etl_covid_europa_pipeline, task_id=carregar, run_id=scheduled__2024-04-22T00:00:00+00:00, execution_date=20240422T000000, start_date=20241002T190132, end_date=20241002T190133
[2024-10-02T19:01:33.169+0000] {local_task_job_runner.py:240} INFO - Task exited with return code 0
[2024-10-02T19:01:33.185+0000] {taskinstance.py:3503} INFO - 0 downstream tasks scheduled from follow-on schedule check
[2024-10-02T19:01:33.188+0000] {local_task_job_runner.py:222} INFO - ::endgroup::
[2024-10-02T19:27:40.409+0000] {local_task_job_runner.py:120} INFO - ::group::Pre task execution logs
[2024-10-02T19:27:40.435+0000] {taskinstance.py:2076} INFO - Dependencies all met for dep_context=non-requeueable deps ti=<TaskInstance: etl_covid_europa_pipeline.carregar scheduled__2024-04-22T00:00:00+00:00 [queued]>
[2024-10-02T19:27:40.443+0000] {taskinstance.py:2076} INFO - Dependencies all met for dep_context=requeueable deps ti=<TaskInstance: etl_covid_europa_pipeline.carregar scheduled__2024-04-22T00:00:00+00:00 [queued]>
[2024-10-02T19:27:40.443+0000] {taskinstance.py:2306} INFO - Starting attempt 1 of 1
[2024-10-02T19:27:40.455+0000] {taskinstance.py:2330} INFO - Executing <Task(PythonOperator): carregar> on 2024-04-22 00:00:00+00:00
[2024-10-02T19:27:40.462+0000] {warnings.py:112} WARNING - /home/***/.local/lib/python3.12/site-packages/***/task/task_runner/standard_task_runner.py:61: DeprecationWarning: This process (pid=10492) is multi-threaded, use of fork() may lead to deadlocks in the child.
  pid = os.fork()

[2024-10-02T19:27:40.463+0000] {standard_task_runner.py:63} INFO - Started process 10498 to run task
[2024-10-02T19:27:40.463+0000] {standard_task_runner.py:90} INFO - Running: ['***', 'tasks', 'run', 'etl_covid_europa_pipeline', 'carregar', 'scheduled__2024-04-22T00:00:00+00:00', '--job-id', '2586', '--raw', '--subdir', 'DAGS_FOLDER/etl_pipeline_agrupar_continente.py', '--cfg-path', '/tmp/tmpho4l18z7']
[2024-10-02T19:27:40.464+0000] {standard_task_runner.py:91} INFO - Job 2586: Subtask carregar
[2024-10-02T19:27:40.681+0000] {task_command.py:426} INFO - Running <TaskInstance: etl_covid_europa_pipeline.carregar scheduled__2024-04-22T00:00:00+00:00 [running]> on host 99de7dfc3871
[2024-10-02T19:27:40.764+0000] {taskinstance.py:2648} INFO - Exporting env vars: AIRFLOW_CTX_DAG_OWNER='***' AIRFLOW_CTX_DAG_ID='etl_covid_europa_pipeline' AIRFLOW_CTX_TASK_ID='carregar' AIRFLOW_CTX_EXECUTION_DATE='2024-04-22T00:00:00+00:00' AIRFLOW_CTX_TRY_NUMBER='1' AIRFLOW_CTX_DAG_RUN_ID='scheduled__2024-04-22T00:00:00+00:00'
[2024-10-02T19:27:40.765+0000] {taskinstance.py:430} INFO - ::endgroup::
[2024-10-02T19:27:40.826+0000] {python.py:237} INFO - Done. Returned value was: None
[2024-10-02T19:27:40.827+0000] {taskinstance.py:441} INFO - ::group::Post task execution logs
[2024-10-02T19:27:40.835+0000] {taskinstance.py:1206} INFO - Marking task as SUCCESS. dag_id=etl_covid_europa_pipeline, task_id=carregar, run_id=scheduled__2024-04-22T00:00:00+00:00, execution_date=20240422T000000, start_date=20241002T192740, end_date=20241002T192740
[2024-10-02T19:27:40.877+0000] {local_task_job_runner.py:240} INFO - Task exited with return code 0
[2024-10-02T19:27:41.053+0000] {taskinstance.py:3503} INFO - 0 downstream tasks scheduled from follow-on schedule check
[2024-10-02T19:27:41.055+0000] {local_task_job_runner.py:222} INFO - ::endgroup::
