[2024-10-02T17:25:26.132+0000] {local_task_job_runner.py:120} INFO - ::group::Pre task execution logs
[2024-10-02T17:25:26.157+0000] {taskinstance.py:2076} INFO - Dependencies all met for dep_context=non-requeueable deps ti=<TaskInstance: etl_covid_europa_pipeline.extrair scheduled__2023-10-25T00:00:00+00:00 [queued]>
[2024-10-02T17:25:26.168+0000] {taskinstance.py:2076} INFO - Dependencies all met for dep_context=requeueable deps ti=<TaskInstance: etl_covid_europa_pipeline.extrair scheduled__2023-10-25T00:00:00+00:00 [queued]>
[2024-10-02T17:25:26.168+0000] {taskinstance.py:2306} INFO - Starting attempt 1 of 1
[2024-10-02T17:25:26.391+0000] {taskinstance.py:2330} INFO - Executing <Task(PythonOperator): extrair> on 2023-10-25 00:00:00+00:00
[2024-10-02T17:25:26.398+0000] {warnings.py:112} WARNING - /home/***/.local/lib/python3.12/site-packages/***/task/task_runner/standard_task_runner.py:61: DeprecationWarning: This process (pid=1285) is multi-threaded, use of fork() may lead to deadlocks in the child.
  pid = os.fork()

[2024-10-02T17:25:26.400+0000] {standard_task_runner.py:63} INFO - Started process 1300 to run task
[2024-10-02T17:25:26.400+0000] {standard_task_runner.py:90} INFO - Running: ['***', 'tasks', 'run', 'etl_covid_europa_pipeline', 'extrair', 'scheduled__2023-10-25T00:00:00+00:00', '--job-id', '46', '--raw', '--subdir', 'DAGS_FOLDER/etl_pipeline.py', '--cfg-path', '/tmp/tmpgrzbqhrw']
[2024-10-02T17:25:26.402+0000] {standard_task_runner.py:91} INFO - Job 46: Subtask extrair
[2024-10-02T17:25:26.451+0000] {task_command.py:426} INFO - Running <TaskInstance: etl_covid_europa_pipeline.extrair scheduled__2023-10-25T00:00:00+00:00 [running]> on host 99de7dfc3871
[2024-10-02T17:25:26.533+0000] {taskinstance.py:2648} INFO - Exporting env vars: AIRFLOW_CTX_DAG_OWNER='***' AIRFLOW_CTX_DAG_ID='etl_covid_europa_pipeline' AIRFLOW_CTX_TASK_ID='extrair' AIRFLOW_CTX_EXECUTION_DATE='2023-10-25T00:00:00+00:00' AIRFLOW_CTX_TRY_NUMBER='1' AIRFLOW_CTX_DAG_RUN_ID='scheduled__2023-10-25T00:00:00+00:00'
[2024-10-02T17:25:26.534+0000] {taskinstance.py:430} INFO - ::endgroup::
[2024-10-02T17:25:32.770+0000] {python.py:237} INFO - Done. Returned value was: None
[2024-10-02T17:25:32.771+0000] {taskinstance.py:441} INFO - ::group::Post task execution logs
[2024-10-02T17:25:32.781+0000] {taskinstance.py:1206} INFO - Marking task as SUCCESS. dag_id=etl_covid_europa_pipeline, task_id=extrair, run_id=scheduled__2023-10-25T00:00:00+00:00, execution_date=20231025T000000, start_date=20241002T172526, end_date=20241002T172532
[2024-10-02T17:25:32.828+0000] {local_task_job_runner.py:240} INFO - Task exited with return code 0
[2024-10-02T17:25:32.857+0000] {taskinstance.py:3503} INFO - 1 downstream tasks scheduled from follow-on schedule check
[2024-10-02T17:25:32.860+0000] {local_task_job_runner.py:222} INFO - ::endgroup::
[2024-10-02T18:57:26.633+0000] {local_task_job_runner.py:120} INFO - ::group::Pre task execution logs
[2024-10-02T18:57:26.665+0000] {taskinstance.py:2076} INFO - Dependencies all met for dep_context=non-requeueable deps ti=<TaskInstance: etl_covid_europa_pipeline.extrair scheduled__2023-10-25T00:00:00+00:00 [queued]>
[2024-10-02T18:57:26.877+0000] {taskinstance.py:2076} INFO - Dependencies all met for dep_context=requeueable deps ti=<TaskInstance: etl_covid_europa_pipeline.extrair scheduled__2023-10-25T00:00:00+00:00 [queued]>
[2024-10-02T18:57:26.877+0000] {taskinstance.py:2306} INFO - Starting attempt 1 of 1
[2024-10-02T18:57:27.137+0000] {taskinstance.py:2330} INFO - Executing <Task(PythonOperator): extrair> on 2023-10-25 00:00:00+00:00
[2024-10-02T18:57:27.145+0000] {warnings.py:112} WARNING - /home/***/.local/lib/python3.12/site-packages/***/task/task_runner/standard_task_runner.py:61: DeprecationWarning: This process (pid=5407) is multi-threaded, use of fork() may lead to deadlocks in the child.
  pid = os.fork()

[2024-10-02T18:57:27.147+0000] {standard_task_runner.py:63} INFO - Started process 5425 to run task
[2024-10-02T18:57:27.146+0000] {standard_task_runner.py:90} INFO - Running: ['***', 'tasks', 'run', 'etl_covid_europa_pipeline', 'extrair', 'scheduled__2023-10-25T00:00:00+00:00', '--job-id', '1023', '--raw', '--subdir', 'DAGS_FOLDER/etl_pipeline.py', '--cfg-path', '/tmp/tmpf2dp1_l8']
[2024-10-02T18:57:27.148+0000] {standard_task_runner.py:91} INFO - Job 1023: Subtask extrair
[2024-10-02T18:57:27.197+0000] {task_command.py:426} INFO - Running <TaskInstance: etl_covid_europa_pipeline.extrair scheduled__2023-10-25T00:00:00+00:00 [running]> on host 99de7dfc3871
[2024-10-02T18:57:27.290+0000] {taskinstance.py:2648} INFO - Exporting env vars: AIRFLOW_CTX_DAG_OWNER='***' AIRFLOW_CTX_DAG_ID='etl_covid_europa_pipeline' AIRFLOW_CTX_TASK_ID='extrair' AIRFLOW_CTX_EXECUTION_DATE='2023-10-25T00:00:00+00:00' AIRFLOW_CTX_TRY_NUMBER='1' AIRFLOW_CTX_DAG_RUN_ID='scheduled__2023-10-25T00:00:00+00:00'
[2024-10-02T18:57:27.293+0000] {taskinstance.py:430} INFO - ::endgroup::
[2024-10-02T18:57:34.796+0000] {python.py:237} INFO - Done. Returned value was: None
[2024-10-02T18:57:34.797+0000] {taskinstance.py:441} INFO - ::group::Post task execution logs
[2024-10-02T18:57:34.810+0000] {taskinstance.py:1206} INFO - Marking task as SUCCESS. dag_id=etl_covid_europa_pipeline, task_id=extrair, run_id=scheduled__2023-10-25T00:00:00+00:00, execution_date=20231025T000000, start_date=20241002T185726, end_date=20241002T185734
[2024-10-02T18:57:34.856+0000] {local_task_job_runner.py:240} INFO - Task exited with return code 0
[2024-10-02T18:57:34.887+0000] {taskinstance.py:3503} INFO - 1 downstream tasks scheduled from follow-on schedule check
[2024-10-02T18:57:34.889+0000] {local_task_job_runner.py:222} INFO - ::endgroup::
[2024-10-02T19:23:37.409+0000] {local_task_job_runner.py:120} INFO - ::group::Pre task execution logs
[2024-10-02T19:23:37.443+0000] {taskinstance.py:2076} INFO - Dependencies all met for dep_context=non-requeueable deps ti=<TaskInstance: etl_covid_europa_pipeline.extrair scheduled__2023-10-25T00:00:00+00:00 [queued]>
[2024-10-02T19:23:37.454+0000] {taskinstance.py:2076} INFO - Dependencies all met for dep_context=requeueable deps ti=<TaskInstance: etl_covid_europa_pipeline.extrair scheduled__2023-10-25T00:00:00+00:00 [queued]>
[2024-10-02T19:23:37.455+0000] {taskinstance.py:2306} INFO - Starting attempt 1 of 1
[2024-10-02T19:23:37.681+0000] {taskinstance.py:2330} INFO - Executing <Task(PythonOperator): extrair> on 2023-10-25 00:00:00+00:00
[2024-10-02T19:23:37.688+0000] {warnings.py:112} WARNING - /home/***/.local/lib/python3.12/site-packages/***/task/task_runner/standard_task_runner.py:61: DeprecationWarning: This process (pid=8787) is multi-threaded, use of fork() may lead to deadlocks in the child.
  pid = os.fork()

[2024-10-02T19:23:37.690+0000] {standard_task_runner.py:63} INFO - Started process 8802 to run task
[2024-10-02T19:23:37.689+0000] {standard_task_runner.py:90} INFO - Running: ['***', 'tasks', 'run', 'etl_covid_europa_pipeline', 'extrair', 'scheduled__2023-10-25T00:00:00+00:00', '--job-id', '2035', '--raw', '--subdir', 'DAGS_FOLDER/etl_pipeline.py', '--cfg-path', '/tmp/tmp3_ny0ia7']
[2024-10-02T19:23:37.691+0000] {standard_task_runner.py:91} INFO - Job 2035: Subtask extrair
[2024-10-02T19:23:37.743+0000] {task_command.py:426} INFO - Running <TaskInstance: etl_covid_europa_pipeline.extrair scheduled__2023-10-25T00:00:00+00:00 [running]> on host 99de7dfc3871
[2024-10-02T19:23:37.827+0000] {taskinstance.py:2648} INFO - Exporting env vars: AIRFLOW_CTX_DAG_OWNER='***' AIRFLOW_CTX_DAG_ID='etl_covid_europa_pipeline' AIRFLOW_CTX_TASK_ID='extrair' AIRFLOW_CTX_EXECUTION_DATE='2023-10-25T00:00:00+00:00' AIRFLOW_CTX_TRY_NUMBER='1' AIRFLOW_CTX_DAG_RUN_ID='scheduled__2023-10-25T00:00:00+00:00'
[2024-10-02T19:23:37.828+0000] {taskinstance.py:430} INFO - ::endgroup::
[2024-10-02T19:23:44.287+0000] {python.py:237} INFO - Done. Returned value was: None
[2024-10-02T19:23:44.287+0000] {taskinstance.py:441} INFO - ::group::Post task execution logs
[2024-10-02T19:23:44.295+0000] {taskinstance.py:1206} INFO - Marking task as SUCCESS. dag_id=etl_covid_europa_pipeline, task_id=extrair, run_id=scheduled__2023-10-25T00:00:00+00:00, execution_date=20231025T000000, start_date=20241002T192337, end_date=20241002T192344
[2024-10-02T19:23:44.317+0000] {local_task_job_runner.py:240} INFO - Task exited with return code 0
[2024-10-02T19:23:44.337+0000] {taskinstance.py:3503} INFO - 1 downstream tasks scheduled from follow-on schedule check
[2024-10-02T19:23:44.339+0000] {local_task_job_runner.py:222} INFO - ::endgroup::
