[2024-10-02T18:55:13.838+0000] {local_task_job_runner.py:120} INFO - ::group::Pre task execution logs
[2024-10-02T18:55:13.866+0000] {taskinstance.py:2076} INFO - Dependencies all met for dep_context=non-requeueable deps ti=<TaskInstance: etl_covid_europa_pipeline.carregar scheduled__2024-08-18T00:00:00+00:00 [queued]>
[2024-10-02T18:55:13.880+0000] {taskinstance.py:2076} INFO - Dependencies all met for dep_context=requeueable deps ti=<TaskInstance: etl_covid_europa_pipeline.carregar scheduled__2024-08-18T00:00:00+00:00 [queued]>
[2024-10-02T18:55:13.881+0000] {taskinstance.py:2306} INFO - Starting attempt 1 of 1
[2024-10-02T18:55:14.119+0000] {taskinstance.py:2330} INFO - Executing <Task(PythonOperator): carregar> on 2024-08-18 00:00:00+00:00
[2024-10-02T18:55:14.126+0000] {warnings.py:112} WARNING - /home/***/.local/lib/python3.12/site-packages/***/task/task_runner/standard_task_runner.py:61: DeprecationWarning: This process (pid=4871) is multi-threaded, use of fork() may lead to deadlocks in the child.
  pid = os.fork()

[2024-10-02T18:55:14.129+0000] {standard_task_runner.py:63} INFO - Started process 4888 to run task
[2024-10-02T18:55:14.132+0000] {standard_task_runner.py:90} INFO - Running: ['***', 'tasks', 'run', 'etl_covid_europa_pipeline', 'carregar', 'scheduled__2024-08-18T00:00:00+00:00', '--job-id', '852', '--raw', '--subdir', 'DAGS_FOLDER/etl_pipeline.py', '--cfg-path', '/tmp/tmpau2yvlc3']
[2024-10-02T18:55:14.134+0000] {standard_task_runner.py:91} INFO - Job 852: Subtask carregar
[2024-10-02T18:55:14.196+0000] {task_command.py:426} INFO - Running <TaskInstance: etl_covid_europa_pipeline.carregar scheduled__2024-08-18T00:00:00+00:00 [running]> on host 99de7dfc3871
[2024-10-02T18:55:14.326+0000] {taskinstance.py:2648} INFO - Exporting env vars: AIRFLOW_CTX_DAG_OWNER='***' AIRFLOW_CTX_DAG_ID='etl_covid_europa_pipeline' AIRFLOW_CTX_TASK_ID='carregar' AIRFLOW_CTX_EXECUTION_DATE='2024-08-18T00:00:00+00:00' AIRFLOW_CTX_TRY_NUMBER='1' AIRFLOW_CTX_DAG_RUN_ID='scheduled__2024-08-18T00:00:00+00:00'
[2024-10-02T18:55:14.331+0000] {taskinstance.py:430} INFO - ::endgroup::
[2024-10-02T18:55:14.460+0000] {python.py:237} INFO - Done. Returned value was: None
[2024-10-02T18:55:14.468+0000] {taskinstance.py:441} INFO - ::group::Post task execution logs
[2024-10-02T18:55:14.482+0000] {taskinstance.py:1206} INFO - Marking task as SUCCESS. dag_id=etl_covid_europa_pipeline, task_id=carregar, run_id=scheduled__2024-08-18T00:00:00+00:00, execution_date=20240818T000000, start_date=20241002T185513, end_date=20241002T185514
[2024-10-02T18:55:14.588+0000] {local_task_job_runner.py:240} INFO - Task exited with return code 0
[2024-10-02T18:55:14.607+0000] {taskinstance.py:3503} INFO - 0 downstream tasks scheduled from follow-on schedule check
[2024-10-02T18:55:14.609+0000] {local_task_job_runner.py:222} INFO - ::endgroup::
[2024-10-02T19:03:55.598+0000] {local_task_job_runner.py:120} INFO - ::group::Pre task execution logs
[2024-10-02T19:03:55.618+0000] {taskinstance.py:2076} INFO - Dependencies all met for dep_context=non-requeueable deps ti=<TaskInstance: etl_covid_europa_pipeline.carregar scheduled__2024-08-18T00:00:00+00:00 [queued]>
[2024-10-02T19:03:55.627+0000] {taskinstance.py:2076} INFO - Dependencies all met for dep_context=requeueable deps ti=<TaskInstance: etl_covid_europa_pipeline.carregar scheduled__2024-08-18T00:00:00+00:00 [queued]>
[2024-10-02T19:03:55.628+0000] {taskinstance.py:2306} INFO - Starting attempt 1 of 1
[2024-10-02T19:03:55.822+0000] {taskinstance.py:2330} INFO - Executing <Task(PythonOperator): carregar> on 2024-08-18 00:00:00+00:00
[2024-10-02T19:03:55.829+0000] {warnings.py:112} WARNING - /home/***/.local/lib/python3.12/site-packages/***/task/task_runner/standard_task_runner.py:61: DeprecationWarning: This process (pid=8056) is multi-threaded, use of fork() may lead to deadlocks in the child.
  pid = os.fork()

[2024-10-02T19:03:55.830+0000] {standard_task_runner.py:63} INFO - Started process 8061 to run task
[2024-10-02T19:03:55.830+0000] {standard_task_runner.py:90} INFO - Running: ['***', 'tasks', 'run', 'etl_covid_europa_pipeline', 'carregar', 'scheduled__2024-08-18T00:00:00+00:00', '--job-id', '1875', '--raw', '--subdir', 'DAGS_FOLDER/etl_pipeline.py', '--cfg-path', '/tmp/tmpbjiix9ql']
[2024-10-02T19:03:55.832+0000] {standard_task_runner.py:91} INFO - Job 1875: Subtask carregar
[2024-10-02T19:03:55.872+0000] {task_command.py:426} INFO - Running <TaskInstance: etl_covid_europa_pipeline.carregar scheduled__2024-08-18T00:00:00+00:00 [running]> on host 99de7dfc3871
[2024-10-02T19:03:55.947+0000] {taskinstance.py:2648} INFO - Exporting env vars: AIRFLOW_CTX_DAG_OWNER='***' AIRFLOW_CTX_DAG_ID='etl_covid_europa_pipeline' AIRFLOW_CTX_TASK_ID='carregar' AIRFLOW_CTX_EXECUTION_DATE='2024-08-18T00:00:00+00:00' AIRFLOW_CTX_TRY_NUMBER='1' AIRFLOW_CTX_DAG_RUN_ID='scheduled__2024-08-18T00:00:00+00:00'
[2024-10-02T19:03:55.948+0000] {taskinstance.py:430} INFO - ::endgroup::
[2024-10-02T19:03:56.007+0000] {python.py:237} INFO - Done. Returned value was: None
[2024-10-02T19:03:56.008+0000] {taskinstance.py:441} INFO - ::group::Post task execution logs
[2024-10-02T19:03:56.017+0000] {taskinstance.py:1206} INFO - Marking task as SUCCESS. dag_id=etl_covid_europa_pipeline, task_id=carregar, run_id=scheduled__2024-08-18T00:00:00+00:00, execution_date=20240818T000000, start_date=20241002T190355, end_date=20241002T190356
[2024-10-02T19:03:56.044+0000] {local_task_job_runner.py:240} INFO - Task exited with return code 0
[2024-10-02T19:03:56.057+0000] {taskinstance.py:3503} INFO - 0 downstream tasks scheduled from follow-on schedule check
[2024-10-02T19:03:56.061+0000] {local_task_job_runner.py:222} INFO - ::endgroup::
