[2024-10-02T19:01:31.106+0000] {local_task_job_runner.py:120} INFO - ::group::Pre task execution logs
[2024-10-02T19:01:31.134+0000] {taskinstance.py:2076} INFO - Dependencies all met for dep_context=non-requeueable deps ti=<TaskInstance: etl_covid_europa_pipeline.transformar scheduled__2024-04-21T00:00:00+00:00 [queued]>
[2024-10-02T19:01:31.146+0000] {taskinstance.py:2076} INFO - Dependencies all met for dep_context=requeueable deps ti=<TaskInstance: etl_covid_europa_pipeline.transformar scheduled__2024-04-21T00:00:00+00:00 [queued]>
[2024-10-02T19:01:31.147+0000] {taskinstance.py:2306} INFO - Starting attempt 1 of 1
[2024-10-02T19:01:31.370+0000] {taskinstance.py:2330} INFO - Executing <Task(PythonOperator): transformar> on 2024-04-21 00:00:00+00:00
[2024-10-02T19:01:31.378+0000] {warnings.py:112} WARNING - /home/***/.local/lib/python3.12/site-packages/***/task/task_runner/standard_task_runner.py:61: DeprecationWarning: This process (pid=7031) is multi-threaded, use of fork() may lead to deadlocks in the child.
  pid = os.fork()

[2024-10-02T19:01:31.382+0000] {standard_task_runner.py:63} INFO - Started process 7045 to run task
[2024-10-02T19:01:31.380+0000] {standard_task_runner.py:90} INFO - Running: ['***', 'tasks', 'run', 'etl_covid_europa_pipeline', 'transformar', 'scheduled__2024-04-21T00:00:00+00:00', '--job-id', '1547', '--raw', '--subdir', 'DAGS_FOLDER/etl_pipeline.py', '--cfg-path', '/tmp/tmph4j2od18']
[2024-10-02T19:01:31.383+0000] {standard_task_runner.py:91} INFO - Job 1547: Subtask transformar
[2024-10-02T19:01:31.435+0000] {task_command.py:426} INFO - Running <TaskInstance: etl_covid_europa_pipeline.transformar scheduled__2024-04-21T00:00:00+00:00 [running]> on host 99de7dfc3871
[2024-10-02T19:01:31.527+0000] {taskinstance.py:2648} INFO - Exporting env vars: AIRFLOW_CTX_DAG_OWNER='***' AIRFLOW_CTX_DAG_ID='etl_covid_europa_pipeline' AIRFLOW_CTX_TASK_ID='transformar' AIRFLOW_CTX_EXECUTION_DATE='2024-04-21T00:00:00+00:00' AIRFLOW_CTX_TRY_NUMBER='1' AIRFLOW_CTX_DAG_RUN_ID='scheduled__2024-04-21T00:00:00+00:00'
[2024-10-02T19:01:31.528+0000] {taskinstance.py:430} INFO - ::endgroup::
[2024-10-02T19:01:31.695+0000] {python.py:237} INFO - Done. Returned value was: None
[2024-10-02T19:01:31.696+0000] {taskinstance.py:441} INFO - ::group::Post task execution logs
[2024-10-02T19:01:31.704+0000] {taskinstance.py:1206} INFO - Marking task as SUCCESS. dag_id=etl_covid_europa_pipeline, task_id=transformar, run_id=scheduled__2024-04-21T00:00:00+00:00, execution_date=20240421T000000, start_date=20241002T190131, end_date=20241002T190131
[2024-10-02T19:01:31.757+0000] {local_task_job_runner.py:240} INFO - Task exited with return code 0
[2024-10-02T19:01:31.784+0000] {taskinstance.py:3503} INFO - 1 downstream tasks scheduled from follow-on schedule check
[2024-10-02T19:01:31.786+0000] {local_task_job_runner.py:222} INFO - ::endgroup::
[2024-10-02T19:27:38.866+0000] {local_task_job_runner.py:120} INFO - ::group::Pre task execution logs
[2024-10-02T19:27:38.901+0000] {taskinstance.py:2076} INFO - Dependencies all met for dep_context=non-requeueable deps ti=<TaskInstance: etl_covid_europa_pipeline.transformar scheduled__2024-04-21T00:00:00+00:00 [queued]>
[2024-10-02T19:27:38.911+0000] {taskinstance.py:2076} INFO - Dependencies all met for dep_context=requeueable deps ti=<TaskInstance: etl_covid_europa_pipeline.transformar scheduled__2024-04-21T00:00:00+00:00 [queued]>
[2024-10-02T19:27:38.911+0000] {taskinstance.py:2306} INFO - Starting attempt 1 of 1
[2024-10-02T19:27:39.095+0000] {taskinstance.py:2330} INFO - Executing <Task(PythonOperator): transformar> on 2024-04-21 00:00:00+00:00
[2024-10-02T19:27:39.100+0000] {warnings.py:112} WARNING - /home/***/.local/lib/python3.12/site-packages/***/task/task_runner/standard_task_runner.py:61: DeprecationWarning: This process (pid=10481) is multi-threaded, use of fork() may lead to deadlocks in the child.
  pid = os.fork()

[2024-10-02T19:27:39.101+0000] {standard_task_runner.py:63} INFO - Started process 10489 to run task
[2024-10-02T19:27:39.101+0000] {standard_task_runner.py:90} INFO - Running: ['***', 'tasks', 'run', 'etl_covid_europa_pipeline', 'transformar', 'scheduled__2024-04-21T00:00:00+00:00', '--job-id', '2583', '--raw', '--subdir', 'DAGS_FOLDER/etl_pipeline_agrupar_continente.py', '--cfg-path', '/tmp/tmppwszwtjx']
[2024-10-02T19:27:39.103+0000] {standard_task_runner.py:91} INFO - Job 2583: Subtask transformar
[2024-10-02T19:27:39.140+0000] {task_command.py:426} INFO - Running <TaskInstance: etl_covid_europa_pipeline.transformar scheduled__2024-04-21T00:00:00+00:00 [running]> on host 99de7dfc3871
[2024-10-02T19:27:39.220+0000] {taskinstance.py:2648} INFO - Exporting env vars: AIRFLOW_CTX_DAG_OWNER='***' AIRFLOW_CTX_DAG_ID='etl_covid_europa_pipeline' AIRFLOW_CTX_TASK_ID='transformar' AIRFLOW_CTX_EXECUTION_DATE='2024-04-21T00:00:00+00:00' AIRFLOW_CTX_TRY_NUMBER='1' AIRFLOW_CTX_DAG_RUN_ID='scheduled__2024-04-21T00:00:00+00:00'
[2024-10-02T19:27:39.222+0000] {taskinstance.py:430} INFO - ::endgroup::
[2024-10-02T19:27:39.335+0000] {python.py:237} INFO - Done. Returned value was: None
[2024-10-02T19:27:39.336+0000] {taskinstance.py:441} INFO - ::group::Post task execution logs
[2024-10-02T19:27:39.343+0000] {taskinstance.py:1206} INFO - Marking task as SUCCESS. dag_id=etl_covid_europa_pipeline, task_id=transformar, run_id=scheduled__2024-04-21T00:00:00+00:00, execution_date=20240421T000000, start_date=20241002T192738, end_date=20241002T192739
[2024-10-02T19:27:39.395+0000] {local_task_job_runner.py:240} INFO - Task exited with return code 0
[2024-10-02T19:27:39.417+0000] {taskinstance.py:3503} INFO - 1 downstream tasks scheduled from follow-on schedule check
[2024-10-02T19:27:39.419+0000] {local_task_job_runner.py:222} INFO - ::endgroup::
