[2024-10-02T19:00:09.057+0000] {local_task_job_runner.py:120} INFO - ::group::Pre task execution logs
[2024-10-02T19:00:09.103+0000] {taskinstance.py:2076} INFO - Dependencies all met for dep_context=non-requeueable deps ti=<TaskInstance: etl_covid_europa_pipeline.transformar scheduled__2024-02-21T00:00:00+00:00 [queued]>
[2024-10-02T19:00:09.436+0000] {taskinstance.py:2076} INFO - Dependencies all met for dep_context=requeueable deps ti=<TaskInstance: etl_covid_europa_pipeline.transformar scheduled__2024-02-21T00:00:00+00:00 [queued]>
[2024-10-02T19:00:09.439+0000] {taskinstance.py:2306} INFO - Starting attempt 1 of 1
[2024-10-02T19:00:09.621+0000] {taskinstance.py:2330} INFO - Executing <Task(PythonOperator): transformar> on 2024-02-21 00:00:00+00:00
[2024-10-02T19:00:09.632+0000] {warnings.py:112} WARNING - /home/***/.local/lib/python3.12/site-packages/***/task/task_runner/standard_task_runner.py:61: DeprecationWarning: This process (pid=6484) is multi-threaded, use of fork() may lead to deadlocks in the child.
  pid = os.fork()

[2024-10-02T19:00:09.635+0000] {standard_task_runner.py:63} INFO - Started process 6504 to run task
[2024-10-02T19:00:09.634+0000] {standard_task_runner.py:90} INFO - Running: ['***', 'tasks', 'run', 'etl_covid_europa_pipeline', 'transformar', 'scheduled__2024-02-21T00:00:00+00:00', '--job-id', '1369', '--raw', '--subdir', 'DAGS_FOLDER/etl_pipeline.py', '--cfg-path', '/tmp/tmp17hbha1r']
[2024-10-02T19:00:09.643+0000] {standard_task_runner.py:91} INFO - Job 1369: Subtask transformar
[2024-10-02T19:00:09.735+0000] {task_command.py:426} INFO - Running <TaskInstance: etl_covid_europa_pipeline.transformar scheduled__2024-02-21T00:00:00+00:00 [running]> on host 99de7dfc3871
[2024-10-02T19:00:09.899+0000] {taskinstance.py:2648} INFO - Exporting env vars: AIRFLOW_CTX_DAG_OWNER='***' AIRFLOW_CTX_DAG_ID='etl_covid_europa_pipeline' AIRFLOW_CTX_TASK_ID='transformar' AIRFLOW_CTX_EXECUTION_DATE='2024-02-21T00:00:00+00:00' AIRFLOW_CTX_TRY_NUMBER='1' AIRFLOW_CTX_DAG_RUN_ID='scheduled__2024-02-21T00:00:00+00:00'
[2024-10-02T19:00:09.903+0000] {taskinstance.py:430} INFO - ::endgroup::
[2024-10-02T19:00:10.081+0000] {python.py:237} INFO - Done. Returned value was: None
[2024-10-02T19:00:10.082+0000] {taskinstance.py:441} INFO - ::group::Post task execution logs
[2024-10-02T19:00:10.097+0000] {taskinstance.py:1206} INFO - Marking task as SUCCESS. dag_id=etl_covid_europa_pipeline, task_id=transformar, run_id=scheduled__2024-02-21T00:00:00+00:00, execution_date=20240221T000000, start_date=20241002T190009, end_date=20241002T190010
[2024-10-02T19:00:10.139+0000] {local_task_job_runner.py:240} INFO - Task exited with return code 0
[2024-10-02T19:00:10.166+0000] {taskinstance.py:3503} INFO - 1 downstream tasks scheduled from follow-on schedule check
[2024-10-02T19:00:10.172+0000] {local_task_job_runner.py:222} INFO - ::endgroup::
[2024-10-02T19:26:28.657+0000] {local_task_job_runner.py:120} INFO - ::group::Pre task execution logs
[2024-10-02T19:26:28.700+0000] {taskinstance.py:2076} INFO - Dependencies all met for dep_context=non-requeueable deps ti=<TaskInstance: etl_covid_europa_pipeline.transformar scheduled__2024-02-21T00:00:00+00:00 [queued]>
[2024-10-02T19:26:29.155+0000] {taskinstance.py:2076} INFO - Dependencies all met for dep_context=requeueable deps ti=<TaskInstance: etl_covid_europa_pipeline.transformar scheduled__2024-02-21T00:00:00+00:00 [queued]>
[2024-10-02T19:26:29.158+0000] {taskinstance.py:2306} INFO - Starting attempt 1 of 1
[2024-10-02T19:26:29.188+0000] {taskinstance.py:2330} INFO - Executing <Task(PythonOperator): transformar> on 2024-02-21 00:00:00+00:00
[2024-10-02T19:26:29.195+0000] {warnings.py:112} WARNING - /home/***/.local/lib/python3.12/site-packages/***/task/task_runner/standard_task_runner.py:61: DeprecationWarning: This process (pid=9966) is multi-threaded, use of fork() may lead to deadlocks in the child.
  pid = os.fork()

[2024-10-02T19:26:29.198+0000] {standard_task_runner.py:63} INFO - Started process 9975 to run task
[2024-10-02T19:26:29.197+0000] {standard_task_runner.py:90} INFO - Running: ['***', 'tasks', 'run', 'etl_covid_europa_pipeline', 'transformar', 'scheduled__2024-02-21T00:00:00+00:00', '--job-id', '2414', '--raw', '--subdir', 'DAGS_FOLDER/etl_pipeline.py', '--cfg-path', '/tmp/tmplaw3okb8']
[2024-10-02T19:26:29.200+0000] {standard_task_runner.py:91} INFO - Job 2414: Subtask transformar
[2024-10-02T19:26:29.275+0000] {task_command.py:426} INFO - Running <TaskInstance: etl_covid_europa_pipeline.transformar scheduled__2024-02-21T00:00:00+00:00 [running]> on host 99de7dfc3871
[2024-10-02T19:26:29.462+0000] {taskinstance.py:2648} INFO - Exporting env vars: AIRFLOW_CTX_DAG_OWNER='***' AIRFLOW_CTX_DAG_ID='etl_covid_europa_pipeline' AIRFLOW_CTX_TASK_ID='transformar' AIRFLOW_CTX_EXECUTION_DATE='2024-02-21T00:00:00+00:00' AIRFLOW_CTX_TRY_NUMBER='1' AIRFLOW_CTX_DAG_RUN_ID='scheduled__2024-02-21T00:00:00+00:00'
[2024-10-02T19:26:29.470+0000] {taskinstance.py:430} INFO - ::endgroup::
[2024-10-02T19:26:29.649+0000] {python.py:237} INFO - Done. Returned value was: None
[2024-10-02T19:26:29.651+0000] {taskinstance.py:441} INFO - ::group::Post task execution logs
[2024-10-02T19:26:29.662+0000] {taskinstance.py:1206} INFO - Marking task as SUCCESS. dag_id=etl_covid_europa_pipeline, task_id=transformar, run_id=scheduled__2024-02-21T00:00:00+00:00, execution_date=20240221T000000, start_date=20241002T192628, end_date=20241002T192629
[2024-10-02T19:26:29.697+0000] {local_task_job_runner.py:240} INFO - Task exited with return code 0
[2024-10-02T19:26:29.721+0000] {taskinstance.py:3503} INFO - 1 downstream tasks scheduled from follow-on schedule check
[2024-10-02T19:26:29.726+0000] {local_task_job_runner.py:222} INFO - ::endgroup::
