[2024-10-02T17:31:35.979+0000] {local_task_job_runner.py:120} INFO - ::group::Pre task execution logs
[2024-10-02T17:31:36.001+0000] {taskinstance.py:2076} INFO - Dependencies all met for dep_context=non-requeueable deps ti=<TaskInstance: etl_covid_europa_pipeline.extrair scheduled__2024-09-13T00:00:00+00:00 [queued]>
[2024-10-02T17:31:36.008+0000] {taskinstance.py:2076} INFO - Dependencies all met for dep_context=requeueable deps ti=<TaskInstance: etl_covid_europa_pipeline.extrair scheduled__2024-09-13T00:00:00+00:00 [queued]>
[2024-10-02T17:31:36.008+0000] {taskinstance.py:2306} INFO - Starting attempt 1 of 1
[2024-10-02T17:31:36.173+0000] {taskinstance.py:2330} INFO - Executing <Task(PythonOperator): extrair> on 2024-09-13 00:00:00+00:00
[2024-10-02T17:31:36.178+0000] {warnings.py:112} WARNING - /home/***/.local/lib/python3.12/site-packages/***/task/task_runner/standard_task_runner.py:61: DeprecationWarning: This process (pid=3079) is multi-threaded, use of fork() may lead to deadlocks in the child.
  pid = os.fork()

[2024-10-02T17:31:36.179+0000] {standard_task_runner.py:63} INFO - Started process 3090 to run task
[2024-10-02T17:31:36.179+0000] {standard_task_runner.py:90} INFO - Running: ['***', 'tasks', 'run', 'etl_covid_europa_pipeline', 'extrair', 'scheduled__2024-09-13T00:00:00+00:00', '--job-id', '618', '--raw', '--subdir', 'DAGS_FOLDER/etl_pipeline.py', '--cfg-path', '/tmp/tmpn61er64a']
[2024-10-02T17:31:36.181+0000] {standard_task_runner.py:91} INFO - Job 618: Subtask extrair
[2024-10-02T17:31:36.218+0000] {task_command.py:426} INFO - Running <TaskInstance: etl_covid_europa_pipeline.extrair scheduled__2024-09-13T00:00:00+00:00 [running]> on host 99de7dfc3871
[2024-10-02T17:31:36.291+0000] {taskinstance.py:2648} INFO - Exporting env vars: AIRFLOW_CTX_DAG_OWNER='***' AIRFLOW_CTX_DAG_ID='etl_covid_europa_pipeline' AIRFLOW_CTX_TASK_ID='extrair' AIRFLOW_CTX_EXECUTION_DATE='2024-09-13T00:00:00+00:00' AIRFLOW_CTX_TRY_NUMBER='1' AIRFLOW_CTX_DAG_RUN_ID='scheduled__2024-09-13T00:00:00+00:00'
[2024-10-02T17:31:36.292+0000] {taskinstance.py:430} INFO - ::endgroup::
[2024-10-02T17:31:44.573+0000] {python.py:237} INFO - Done. Returned value was: None
[2024-10-02T17:31:44.574+0000] {taskinstance.py:441} INFO - ::group::Post task execution logs
[2024-10-02T17:31:44.581+0000] {taskinstance.py:1206} INFO - Marking task as SUCCESS. dag_id=etl_covid_europa_pipeline, task_id=extrair, run_id=scheduled__2024-09-13T00:00:00+00:00, execution_date=20240913T000000, start_date=20241002T173136, end_date=20241002T173144
[2024-10-02T17:31:44.618+0000] {local_task_job_runner.py:240} INFO - Task exited with return code 0
[2024-10-02T17:31:44.638+0000] {taskinstance.py:3503} INFO - 1 downstream tasks scheduled from follow-on schedule check
[2024-10-02T17:31:44.640+0000] {local_task_job_runner.py:222} INFO - ::endgroup::
[2024-10-02T18:55:35.375+0000] {local_task_job_runner.py:120} INFO - ::group::Pre task execution logs
[2024-10-02T18:55:35.402+0000] {taskinstance.py:2076} INFO - Dependencies all met for dep_context=non-requeueable deps ti=<TaskInstance: etl_covid_europa_pipeline.extrair scheduled__2024-09-13T00:00:00+00:00 [queued]>
[2024-10-02T18:55:35.593+0000] {taskinstance.py:2076} INFO - Dependencies all met for dep_context=requeueable deps ti=<TaskInstance: etl_covid_europa_pipeline.extrair scheduled__2024-09-13T00:00:00+00:00 [queued]>
[2024-10-02T18:55:35.594+0000] {taskinstance.py:2306} INFO - Starting attempt 1 of 1
[2024-10-02T18:55:35.637+0000] {taskinstance.py:2330} INFO - Executing <Task(PythonOperator): extrair> on 2024-09-13 00:00:00+00:00
[2024-10-02T18:55:35.646+0000] {warnings.py:112} WARNING - /home/***/.local/lib/python3.12/site-packages/***/task/task_runner/standard_task_runner.py:61: DeprecationWarning: This process (pid=5049) is multi-threaded, use of fork() may lead to deadlocks in the child.
  pid = os.fork()

[2024-10-02T18:55:35.648+0000] {standard_task_runner.py:63} INFO - Started process 5064 to run task
[2024-10-02T18:55:35.647+0000] {standard_task_runner.py:90} INFO - Running: ['***', 'tasks', 'run', 'etl_covid_europa_pipeline', 'extrair', 'scheduled__2024-09-13T00:00:00+00:00', '--job-id', '909', '--raw', '--subdir', 'DAGS_FOLDER/etl_pipeline.py', '--cfg-path', '/tmp/tmphw94zqny']
[2024-10-02T18:55:35.650+0000] {standard_task_runner.py:91} INFO - Job 909: Subtask extrair
[2024-10-02T18:55:35.699+0000] {task_command.py:426} INFO - Running <TaskInstance: etl_covid_europa_pipeline.extrair scheduled__2024-09-13T00:00:00+00:00 [running]> on host 99de7dfc3871
[2024-10-02T18:55:35.800+0000] {taskinstance.py:2648} INFO - Exporting env vars: AIRFLOW_CTX_DAG_OWNER='***' AIRFLOW_CTX_DAG_ID='etl_covid_europa_pipeline' AIRFLOW_CTX_TASK_ID='extrair' AIRFLOW_CTX_EXECUTION_DATE='2024-09-13T00:00:00+00:00' AIRFLOW_CTX_TRY_NUMBER='1' AIRFLOW_CTX_DAG_RUN_ID='scheduled__2024-09-13T00:00:00+00:00'
[2024-10-02T18:55:35.804+0000] {taskinstance.py:430} INFO - ::endgroup::
[2024-10-02T18:55:43.420+0000] {python.py:237} INFO - Done. Returned value was: None
[2024-10-02T18:55:43.421+0000] {taskinstance.py:441} INFO - ::group::Post task execution logs
[2024-10-02T18:55:43.431+0000] {taskinstance.py:1206} INFO - Marking task as SUCCESS. dag_id=etl_covid_europa_pipeline, task_id=extrair, run_id=scheduled__2024-09-13T00:00:00+00:00, execution_date=20240913T000000, start_date=20241002T185535, end_date=20241002T185543
[2024-10-02T18:55:43.486+0000] {local_task_job_runner.py:240} INFO - Task exited with return code 0
[2024-10-02T18:55:43.509+0000] {taskinstance.py:3503} INFO - 1 downstream tasks scheduled from follow-on schedule check
[2024-10-02T18:55:43.511+0000] {local_task_job_runner.py:222} INFO - ::endgroup::
[2024-10-02T19:04:25.758+0000] {local_task_job_runner.py:120} INFO - ::group::Pre task execution logs
[2024-10-02T19:04:25.778+0000] {taskinstance.py:2076} INFO - Dependencies all met for dep_context=non-requeueable deps ti=<TaskInstance: etl_covid_europa_pipeline.extrair scheduled__2024-09-13T00:00:00+00:00 [queued]>
[2024-10-02T19:04:25.947+0000] {taskinstance.py:2076} INFO - Dependencies all met for dep_context=requeueable deps ti=<TaskInstance: etl_covid_europa_pipeline.extrair scheduled__2024-09-13T00:00:00+00:00 [queued]>
[2024-10-02T19:04:25.947+0000] {taskinstance.py:2306} INFO - Starting attempt 1 of 1
[2024-10-02T19:04:25.959+0000] {taskinstance.py:2330} INFO - Executing <Task(PythonOperator): extrair> on 2024-09-13 00:00:00+00:00
[2024-10-02T19:04:25.965+0000] {warnings.py:112} WARNING - /home/***/.local/lib/python3.12/site-packages/***/task/task_runner/standard_task_runner.py:61: DeprecationWarning: This process (pid=8238) is multi-threaded, use of fork() may lead to deadlocks in the child.
  pid = os.fork()

[2024-10-02T19:04:25.966+0000] {standard_task_runner.py:63} INFO - Started process 8255 to run task
[2024-10-02T19:04:25.966+0000] {standard_task_runner.py:90} INFO - Running: ['***', 'tasks', 'run', 'etl_covid_europa_pipeline', 'extrair', 'scheduled__2024-09-13T00:00:00+00:00', '--job-id', '1936', '--raw', '--subdir', 'DAGS_FOLDER/etl_pipeline.py', '--cfg-path', '/tmp/tmp2a8rgzo0']
[2024-10-02T19:04:25.968+0000] {standard_task_runner.py:91} INFO - Job 1936: Subtask extrair
[2024-10-02T19:04:26.007+0000] {task_command.py:426} INFO - Running <TaskInstance: etl_covid_europa_pipeline.extrair scheduled__2024-09-13T00:00:00+00:00 [running]> on host 99de7dfc3871
[2024-10-02T19:04:26.088+0000] {taskinstance.py:2648} INFO - Exporting env vars: AIRFLOW_CTX_DAG_OWNER='***' AIRFLOW_CTX_DAG_ID='etl_covid_europa_pipeline' AIRFLOW_CTX_TASK_ID='extrair' AIRFLOW_CTX_EXECUTION_DATE='2024-09-13T00:00:00+00:00' AIRFLOW_CTX_TRY_NUMBER='1' AIRFLOW_CTX_DAG_RUN_ID='scheduled__2024-09-13T00:00:00+00:00'
[2024-10-02T19:04:26.091+0000] {taskinstance.py:430} INFO - ::endgroup::
[2024-10-02T19:04:31.901+0000] {python.py:237} INFO - Done. Returned value was: None
[2024-10-02T19:04:31.902+0000] {taskinstance.py:441} INFO - ::group::Post task execution logs
[2024-10-02T19:04:31.910+0000] {taskinstance.py:1206} INFO - Marking task as SUCCESS. dag_id=etl_covid_europa_pipeline, task_id=extrair, run_id=scheduled__2024-09-13T00:00:00+00:00, execution_date=20240913T000000, start_date=20241002T190425, end_date=20241002T190431
[2024-10-02T19:04:31.947+0000] {local_task_job_runner.py:240} INFO - Task exited with return code 0
[2024-10-02T19:04:31.968+0000] {taskinstance.py:3503} INFO - 1 downstream tasks scheduled from follow-on schedule check
[2024-10-02T19:04:31.971+0000] {local_task_job_runner.py:222} INFO - ::endgroup::
