[2024-10-02T17:29:41.264+0000] {local_task_job_runner.py:120} INFO - ::group::Pre task execution logs
[2024-10-02T17:29:41.298+0000] {taskinstance.py:2076} INFO - Dependencies all met for dep_context=non-requeueable deps ti=<TaskInstance: etl_covid_europa_pipeline.extrair scheduled__2024-06-05T00:00:00+00:00 [queued]>
[2024-10-02T17:29:41.306+0000] {taskinstance.py:2076} INFO - Dependencies all met for dep_context=requeueable deps ti=<TaskInstance: etl_covid_europa_pipeline.extrair scheduled__2024-06-05T00:00:00+00:00 [queued]>
[2024-10-02T17:29:41.306+0000] {taskinstance.py:2306} INFO - Starting attempt 1 of 1
[2024-10-02T17:29:41.509+0000] {taskinstance.py:2330} INFO - Executing <Task(PythonOperator): extrair> on 2024-06-05 00:00:00+00:00
[2024-10-02T17:29:41.516+0000] {warnings.py:112} WARNING - /home/***/.local/lib/python3.12/site-packages/***/task/task_runner/standard_task_runner.py:61: DeprecationWarning: This process (pid=2502) is multi-threaded, use of fork() may lead to deadlocks in the child.
  pid = os.fork()

[2024-10-02T17:29:41.517+0000] {standard_task_runner.py:63} INFO - Started process 2519 to run task
[2024-10-02T17:29:41.518+0000] {standard_task_runner.py:90} INFO - Running: ['***', 'tasks', 'run', 'etl_covid_europa_pipeline', 'extrair', 'scheduled__2024-06-05T00:00:00+00:00', '--job-id', '433', '--raw', '--subdir', 'DAGS_FOLDER/etl_pipeline.py', '--cfg-path', '/tmp/tmpq1q1eblm']
[2024-10-02T17:29:41.520+0000] {standard_task_runner.py:91} INFO - Job 433: Subtask extrair
[2024-10-02T17:29:41.564+0000] {task_command.py:426} INFO - Running <TaskInstance: etl_covid_europa_pipeline.extrair scheduled__2024-06-05T00:00:00+00:00 [running]> on host 99de7dfc3871
[2024-10-02T17:29:41.652+0000] {taskinstance.py:2648} INFO - Exporting env vars: AIRFLOW_CTX_DAG_OWNER='***' AIRFLOW_CTX_DAG_ID='etl_covid_europa_pipeline' AIRFLOW_CTX_TASK_ID='extrair' AIRFLOW_CTX_EXECUTION_DATE='2024-06-05T00:00:00+00:00' AIRFLOW_CTX_TRY_NUMBER='1' AIRFLOW_CTX_DAG_RUN_ID='scheduled__2024-06-05T00:00:00+00:00'
[2024-10-02T17:29:41.655+0000] {taskinstance.py:430} INFO - ::endgroup::
[2024-10-02T17:29:47.823+0000] {python.py:237} INFO - Done. Returned value was: None
[2024-10-02T17:29:47.825+0000] {taskinstance.py:441} INFO - ::group::Post task execution logs
[2024-10-02T17:29:47.836+0000] {taskinstance.py:1206} INFO - Marking task as SUCCESS. dag_id=etl_covid_europa_pipeline, task_id=extrair, run_id=scheduled__2024-06-05T00:00:00+00:00, execution_date=20240605T000000, start_date=20241002T172941, end_date=20241002T172947
[2024-10-02T17:29:47.899+0000] {local_task_job_runner.py:240} INFO - Task exited with return code 0
[2024-10-02T17:29:47.925+0000] {taskinstance.py:3503} INFO - 1 downstream tasks scheduled from follow-on schedule check
[2024-10-02T17:29:47.929+0000] {local_task_job_runner.py:222} INFO - ::endgroup::
[2024-10-02T19:02:23.513+0000] {local_task_job_runner.py:120} INFO - ::group::Pre task execution logs
[2024-10-02T19:02:23.540+0000] {taskinstance.py:2076} INFO - Dependencies all met for dep_context=non-requeueable deps ti=<TaskInstance: etl_covid_europa_pipeline.extrair scheduled__2024-06-05T00:00:00+00:00 [queued]>
[2024-10-02T19:02:23.750+0000] {taskinstance.py:2076} INFO - Dependencies all met for dep_context=requeueable deps ti=<TaskInstance: etl_covid_europa_pipeline.extrair scheduled__2024-06-05T00:00:00+00:00 [queued]>
[2024-10-02T19:02:23.751+0000] {taskinstance.py:2306} INFO - Starting attempt 1 of 1
[2024-10-02T19:02:23.827+0000] {taskinstance.py:2330} INFO - Executing <Task(PythonOperator): extrair> on 2024-06-05 00:00:00+00:00
[2024-10-02T19:02:23.835+0000] {warnings.py:112} WARNING - /home/***/.local/lib/python3.12/site-packages/***/task/task_runner/standard_task_runner.py:61: DeprecationWarning: This process (pid=7419) is multi-threaded, use of fork() may lead to deadlocks in the child.
  pid = os.fork()

[2024-10-02T19:02:23.837+0000] {standard_task_runner.py:63} INFO - Started process 7436 to run task
[2024-10-02T19:02:23.837+0000] {standard_task_runner.py:90} INFO - Running: ['***', 'tasks', 'run', 'etl_covid_europa_pipeline', 'extrair', 'scheduled__2024-06-05T00:00:00+00:00', '--job-id', '1672', '--raw', '--subdir', 'DAGS_FOLDER/etl_pipeline.py', '--cfg-path', '/tmp/tmp1mvqkzc_']
[2024-10-02T19:02:23.839+0000] {standard_task_runner.py:91} INFO - Job 1672: Subtask extrair
[2024-10-02T19:02:23.891+0000] {task_command.py:426} INFO - Running <TaskInstance: etl_covid_europa_pipeline.extrair scheduled__2024-06-05T00:00:00+00:00 [running]> on host 99de7dfc3871
[2024-10-02T19:02:23.993+0000] {taskinstance.py:2648} INFO - Exporting env vars: AIRFLOW_CTX_DAG_OWNER='***' AIRFLOW_CTX_DAG_ID='etl_covid_europa_pipeline' AIRFLOW_CTX_TASK_ID='extrair' AIRFLOW_CTX_EXECUTION_DATE='2024-06-05T00:00:00+00:00' AIRFLOW_CTX_TRY_NUMBER='1' AIRFLOW_CTX_DAG_RUN_ID='scheduled__2024-06-05T00:00:00+00:00'
[2024-10-02T19:02:23.996+0000] {taskinstance.py:430} INFO - ::endgroup::
[2024-10-02T19:02:30.867+0000] {python.py:237} INFO - Done. Returned value was: None
[2024-10-02T19:02:30.867+0000] {taskinstance.py:441} INFO - ::group::Post task execution logs
[2024-10-02T19:02:30.876+0000] {taskinstance.py:1206} INFO - Marking task as SUCCESS. dag_id=etl_covid_europa_pipeline, task_id=extrair, run_id=scheduled__2024-06-05T00:00:00+00:00, execution_date=20240605T000000, start_date=20241002T190223, end_date=20241002T190230
[2024-10-02T19:02:30.940+0000] {local_task_job_runner.py:240} INFO - Task exited with return code 0
[2024-10-02T19:02:30.959+0000] {taskinstance.py:3503} INFO - 1 downstream tasks scheduled from follow-on schedule check
[2024-10-02T19:02:30.961+0000] {local_task_job_runner.py:222} INFO - ::endgroup::
