[2024-10-02T17:27:49.030+0000] {local_task_job_runner.py:120} INFO - ::group::Pre task execution logs
[2024-10-02T17:27:49.054+0000] {taskinstance.py:2076} INFO - Dependencies all met for dep_context=non-requeueable deps ti=<TaskInstance: etl_covid_europa_pipeline.extrair scheduled__2024-03-07T00:00:00+00:00 [queued]>
[2024-10-02T17:27:49.064+0000] {taskinstance.py:2076} INFO - Dependencies all met for dep_context=requeueable deps ti=<TaskInstance: etl_covid_europa_pipeline.extrair scheduled__2024-03-07T00:00:00+00:00 [queued]>
[2024-10-02T17:27:49.065+0000] {taskinstance.py:2306} INFO - Starting attempt 1 of 1
[2024-10-02T17:27:49.239+0000] {taskinstance.py:2330} INFO - Executing <Task(PythonOperator): extrair> on 2024-03-07 00:00:00+00:00
[2024-10-02T17:27:49.244+0000] {warnings.py:112} WARNING - /home/***/.local/lib/python3.12/site-packages/***/task/task_runner/standard_task_runner.py:61: DeprecationWarning: This process (pid=1939) is multi-threaded, use of fork() may lead to deadlocks in the child.
  pid = os.fork()

[2024-10-02T17:27:49.246+0000] {standard_task_runner.py:63} INFO - Started process 1947 to run task
[2024-10-02T17:27:49.247+0000] {standard_task_runner.py:90} INFO - Running: ['***', 'tasks', 'run', 'etl_covid_europa_pipeline', 'extrair', 'scheduled__2024-03-07T00:00:00+00:00', '--job-id', '254', '--raw', '--subdir', 'DAGS_FOLDER/etl_pipeline.py', '--cfg-path', '/tmp/tmpv5pkuz1q']
[2024-10-02T17:27:49.249+0000] {standard_task_runner.py:91} INFO - Job 254: Subtask extrair
[2024-10-02T17:27:49.293+0000] {task_command.py:426} INFO - Running <TaskInstance: etl_covid_europa_pipeline.extrair scheduled__2024-03-07T00:00:00+00:00 [running]> on host 99de7dfc3871
[2024-10-02T17:27:49.365+0000] {taskinstance.py:2648} INFO - Exporting env vars: AIRFLOW_CTX_DAG_OWNER='***' AIRFLOW_CTX_DAG_ID='etl_covid_europa_pipeline' AIRFLOW_CTX_TASK_ID='extrair' AIRFLOW_CTX_EXECUTION_DATE='2024-03-07T00:00:00+00:00' AIRFLOW_CTX_TRY_NUMBER='1' AIRFLOW_CTX_DAG_RUN_ID='scheduled__2024-03-07T00:00:00+00:00'
[2024-10-02T17:27:49.367+0000] {taskinstance.py:430} INFO - ::endgroup::
[2024-10-02T17:27:55.673+0000] {python.py:237} INFO - Done. Returned value was: None
[2024-10-02T17:27:55.674+0000] {taskinstance.py:441} INFO - ::group::Post task execution logs
[2024-10-02T17:27:55.683+0000] {taskinstance.py:1206} INFO - Marking task as SUCCESS. dag_id=etl_covid_europa_pipeline, task_id=extrair, run_id=scheduled__2024-03-07T00:00:00+00:00, execution_date=20240307T000000, start_date=20241002T172749, end_date=20241002T172755
[2024-10-02T17:27:55.719+0000] {local_task_job_runner.py:240} INFO - Task exited with return code 0
[2024-10-02T17:27:55.756+0000] {taskinstance.py:3503} INFO - 1 downstream tasks scheduled from follow-on schedule check
[2024-10-02T17:27:55.758+0000] {local_task_job_runner.py:222} INFO - ::endgroup::
[2024-10-02T19:00:24.760+0000] {local_task_job_runner.py:120} INFO - ::group::Pre task execution logs
[2024-10-02T19:00:24.789+0000] {taskinstance.py:2076} INFO - Dependencies all met for dep_context=non-requeueable deps ti=<TaskInstance: etl_covid_europa_pipeline.extrair scheduled__2024-03-07T00:00:00+00:00 [queued]>
[2024-10-02T19:00:24.971+0000] {taskinstance.py:2076} INFO - Dependencies all met for dep_context=requeueable deps ti=<TaskInstance: etl_covid_europa_pipeline.extrair scheduled__2024-03-07T00:00:00+00:00 [queued]>
[2024-10-02T19:00:24.972+0000] {taskinstance.py:2306} INFO - Starting attempt 1 of 1
[2024-10-02T19:00:25.017+0000] {taskinstance.py:2330} INFO - Executing <Task(PythonOperator): extrair> on 2024-03-07 00:00:00+00:00
[2024-10-02T19:00:25.024+0000] {warnings.py:112} WARNING - /home/***/.local/lib/python3.12/site-packages/***/task/task_runner/standard_task_runner.py:61: DeprecationWarning: This process (pid=6590) is multi-threaded, use of fork() may lead to deadlocks in the child.
  pid = os.fork()

[2024-10-02T19:00:25.026+0000] {standard_task_runner.py:63} INFO - Started process 6606 to run task
[2024-10-02T19:00:25.026+0000] {standard_task_runner.py:90} INFO - Running: ['***', 'tasks', 'run', 'etl_covid_europa_pipeline', 'extrair', 'scheduled__2024-03-07T00:00:00+00:00', '--job-id', '1403', '--raw', '--subdir', 'DAGS_FOLDER/etl_pipeline.py', '--cfg-path', '/tmp/tmpfe5gazom']
[2024-10-02T19:00:25.028+0000] {standard_task_runner.py:91} INFO - Job 1403: Subtask extrair
[2024-10-02T19:00:25.073+0000] {task_command.py:426} INFO - Running <TaskInstance: etl_covid_europa_pipeline.extrair scheduled__2024-03-07T00:00:00+00:00 [running]> on host 99de7dfc3871
[2024-10-02T19:00:25.158+0000] {taskinstance.py:2648} INFO - Exporting env vars: AIRFLOW_CTX_DAG_OWNER='***' AIRFLOW_CTX_DAG_ID='etl_covid_europa_pipeline' AIRFLOW_CTX_TASK_ID='extrair' AIRFLOW_CTX_EXECUTION_DATE='2024-03-07T00:00:00+00:00' AIRFLOW_CTX_TRY_NUMBER='1' AIRFLOW_CTX_DAG_RUN_ID='scheduled__2024-03-07T00:00:00+00:00'
[2024-10-02T19:00:25.161+0000] {taskinstance.py:430} INFO - ::endgroup::
[2024-10-02T19:00:30.070+0000] {python.py:237} INFO - Done. Returned value was: None
[2024-10-02T19:00:30.071+0000] {taskinstance.py:441} INFO - ::group::Post task execution logs
[2024-10-02T19:00:30.081+0000] {taskinstance.py:1206} INFO - Marking task as SUCCESS. dag_id=etl_covid_europa_pipeline, task_id=extrair, run_id=scheduled__2024-03-07T00:00:00+00:00, execution_date=20240307T000000, start_date=20241002T190024, end_date=20241002T190030
[2024-10-02T19:00:30.105+0000] {local_task_job_runner.py:240} INFO - Task exited with return code 0
[2024-10-02T19:00:30.128+0000] {taskinstance.py:3503} INFO - 1 downstream tasks scheduled from follow-on schedule check
[2024-10-02T19:00:30.130+0000] {local_task_job_runner.py:222} INFO - ::endgroup::
[2024-10-02T19:26:42.989+0000] {local_task_job_runner.py:120} INFO - ::group::Pre task execution logs
[2024-10-02T19:26:43.013+0000] {taskinstance.py:2076} INFO - Dependencies all met for dep_context=non-requeueable deps ti=<TaskInstance: etl_covid_europa_pipeline.extrair scheduled__2024-03-07T00:00:00+00:00 [queued]>
[2024-10-02T19:26:43.023+0000] {taskinstance.py:2076} INFO - Dependencies all met for dep_context=requeueable deps ti=<TaskInstance: etl_covid_europa_pipeline.extrair scheduled__2024-03-07T00:00:00+00:00 [queued]>
[2024-10-02T19:26:43.023+0000] {taskinstance.py:2306} INFO - Starting attempt 1 of 1
[2024-10-02T19:26:43.046+0000] {taskinstance.py:2330} INFO - Executing <Task(PythonOperator): extrair> on 2024-03-07 00:00:00+00:00
[2024-10-02T19:26:43.053+0000] {warnings.py:112} WARNING - /home/***/.local/lib/python3.12/site-packages/***/task/task_runner/standard_task_runner.py:61: DeprecationWarning: This process (pid=10052) is multi-threaded, use of fork() may lead to deadlocks in the child.
  pid = os.fork()

[2024-10-02T19:26:43.055+0000] {standard_task_runner.py:63} INFO - Started process 10064 to run task
[2024-10-02T19:26:43.055+0000] {standard_task_runner.py:90} INFO - Running: ['***', 'tasks', 'run', 'etl_covid_europa_pipeline', 'extrair', 'scheduled__2024-03-07T00:00:00+00:00', '--job-id', '2444', '--raw', '--subdir', 'DAGS_FOLDER/etl_pipeline_agrupar_continente.py', '--cfg-path', '/tmp/tmp1_e3rb8q']
[2024-10-02T19:26:43.057+0000] {standard_task_runner.py:91} INFO - Job 2444: Subtask extrair
[2024-10-02T19:26:43.369+0000] {task_command.py:426} INFO - Running <TaskInstance: etl_covid_europa_pipeline.extrair scheduled__2024-03-07T00:00:00+00:00 [running]> on host 99de7dfc3871
[2024-10-02T19:26:43.585+0000] {taskinstance.py:2648} INFO - Exporting env vars: AIRFLOW_CTX_DAG_OWNER='***' AIRFLOW_CTX_DAG_ID='etl_covid_europa_pipeline' AIRFLOW_CTX_TASK_ID='extrair' AIRFLOW_CTX_EXECUTION_DATE='2024-03-07T00:00:00+00:00' AIRFLOW_CTX_TRY_NUMBER='1' AIRFLOW_CTX_DAG_RUN_ID='scheduled__2024-03-07T00:00:00+00:00'
[2024-10-02T19:26:43.587+0000] {taskinstance.py:430} INFO - ::endgroup::
[2024-10-02T19:26:49.115+0000] {python.py:237} INFO - Done. Returned value was: None
[2024-10-02T19:26:49.116+0000] {taskinstance.py:441} INFO - ::group::Post task execution logs
[2024-10-02T19:26:49.125+0000] {taskinstance.py:1206} INFO - Marking task as SUCCESS. dag_id=etl_covid_europa_pipeline, task_id=extrair, run_id=scheduled__2024-03-07T00:00:00+00:00, execution_date=20240307T000000, start_date=20241002T192643, end_date=20241002T192649
[2024-10-02T19:26:49.220+0000] {local_task_job_runner.py:240} INFO - Task exited with return code 0
[2024-10-02T19:26:49.245+0000] {taskinstance.py:3503} INFO - 1 downstream tasks scheduled from follow-on schedule check
[2024-10-02T19:26:49.248+0000] {local_task_job_runner.py:222} INFO - ::endgroup::
