[2024-10-02T17:25:14.766+0000] {local_task_job_runner.py:120} INFO - ::group::Pre task execution logs
[2024-10-02T17:25:14.796+0000] {taskinstance.py:2076} INFO - Dependencies all met for dep_context=non-requeueable deps ti=<TaskInstance: etl_covid_europa_pipeline.transformar scheduled__2023-10-10T00:00:00+00:00 [queued]>
[2024-10-02T17:25:14.808+0000] {taskinstance.py:2076} INFO - Dependencies all met for dep_context=requeueable deps ti=<TaskInstance: etl_covid_europa_pipeline.transformar scheduled__2023-10-10T00:00:00+00:00 [queued]>
[2024-10-02T17:25:14.809+0000] {taskinstance.py:2306} INFO - Starting attempt 1 of 1
[2024-10-02T17:25:14.832+0000] {taskinstance.py:2330} INFO - Executing <Task(PythonOperator): transformar> on 2023-10-10 00:00:00+00:00
[2024-10-02T17:25:14.845+0000] {warnings.py:112} WARNING - /home/***/.local/lib/python3.12/site-packages/***/task/task_runner/standard_task_runner.py:61: DeprecationWarning: This process (pid=1227) is multi-threaded, use of fork() may lead to deadlocks in the child.
  pid = os.fork()

[2024-10-02T17:25:14.847+0000] {standard_task_runner.py:63} INFO - Started process 1249 to run task
[2024-10-02T17:25:14.847+0000] {standard_task_runner.py:90} INFO - Running: ['***', 'tasks', 'run', 'etl_covid_europa_pipeline', 'transformar', 'scheduled__2023-10-10T00:00:00+00:00', '--job-id', '27', '--raw', '--subdir', 'DAGS_FOLDER/etl_pipeline.py', '--cfg-path', '/tmp/tmpi7vh12fm']
[2024-10-02T17:25:14.850+0000] {standard_task_runner.py:91} INFO - Job 27: Subtask transformar
[2024-10-02T17:25:15.210+0000] {task_command.py:426} INFO - Running <TaskInstance: etl_covid_europa_pipeline.transformar scheduled__2023-10-10T00:00:00+00:00 [running]> on host 99de7dfc3871
[2024-10-02T17:25:15.321+0000] {taskinstance.py:2648} INFO - Exporting env vars: AIRFLOW_CTX_DAG_OWNER='***' AIRFLOW_CTX_DAG_ID='etl_covid_europa_pipeline' AIRFLOW_CTX_TASK_ID='transformar' AIRFLOW_CTX_EXECUTION_DATE='2023-10-10T00:00:00+00:00' AIRFLOW_CTX_TRY_NUMBER='1' AIRFLOW_CTX_DAG_RUN_ID='scheduled__2023-10-10T00:00:00+00:00'
[2024-10-02T17:25:15.322+0000] {taskinstance.py:430} INFO - ::endgroup::
[2024-10-02T17:25:15.543+0000] {taskinstance.py:441} INFO - ::group::Post task execution logs
[2024-10-02T17:25:15.545+0000] {taskinstance.py:2905} ERROR - Task failed with exception
Traceback (most recent call last):
  File "/home/airflow/.local/lib/python3.12/site-packages/airflow/models/taskinstance.py", line 465, in _execute_task
    result = _execute_callable(context=context, **execute_callable_kwargs)
             ^^^^^^^^^^^^^^^^^^^^^^^^^^^^^^^^^^^^^^^^^^^^^^^^^^^^^^^^^^^^^
  File "/home/airflow/.local/lib/python3.12/site-packages/airflow/models/taskinstance.py", line 432, in _execute_callable
    return execute_callable(context=context, **execute_callable_kwargs)
           ^^^^^^^^^^^^^^^^^^^^^^^^^^^^^^^^^^^^^^^^^^^^^^^^^^^^^^^^^^^^
  File "/home/airflow/.local/lib/python3.12/site-packages/airflow/models/baseoperator.py", line 401, in wrapper
    return func(self, *args, **kwargs)
           ^^^^^^^^^^^^^^^^^^^^^^^^^^^
  File "/home/airflow/.local/lib/python3.12/site-packages/airflow/operators/python.py", line 235, in execute
    return_value = self.execute_callable()
                   ^^^^^^^^^^^^^^^^^^^^^^^
  File "/home/airflow/.local/lib/python3.12/site-packages/airflow/operators/python.py", line 252, in execute_callable
    return self.python_callable(*self.op_args, **self.op_kwargs)
           ^^^^^^^^^^^^^^^^^^^^^^^^^^^^^^^^^^^^^^^^^^^^^^^^^^^^^
  File "/opt/airflow/dags/etl_pipeline.py", line 17, in transformar
    df_agrupada = df.groupby('ContinentExp')[['cases', 'deaths']].sum().reset_index()
                  ^^^^^^^^^^^^^^^^^^^^^^^^^^
  File "/home/airflow/.local/lib/python3.12/site-packages/pandas/core/frame.py", line 8869, in groupby
    return DataFrameGroupBy(
           ^^^^^^^^^^^^^^^^^
  File "/home/airflow/.local/lib/python3.12/site-packages/pandas/core/groupby/groupby.py", line 1278, in __init__
    grouper, exclusions, obj = get_grouper(
                               ^^^^^^^^^^^^
  File "/home/airflow/.local/lib/python3.12/site-packages/pandas/core/groupby/grouper.py", line 1009, in get_grouper
    raise KeyError(gpr)
KeyError: 'ContinentExp'
[2024-10-02T17:25:15.566+0000] {taskinstance.py:1206} INFO - Marking task as FAILED. dag_id=etl_covid_europa_pipeline, task_id=transformar, run_id=scheduled__2023-10-10T00:00:00+00:00, execution_date=20231010T000000, start_date=20241002T172514, end_date=20241002T172515
[2024-10-02T17:25:15.598+0000] {standard_task_runner.py:110} ERROR - Failed to execute job 27 for task transformar ('ContinentExp'; 1249)
[2024-10-02T17:25:15.628+0000] {local_task_job_runner.py:240} INFO - Task exited with return code 1
[2024-10-02T17:25:15.866+0000] {taskinstance.py:3503} INFO - 0 downstream tasks scheduled from follow-on schedule check
[2024-10-02T17:25:15.871+0000] {local_task_job_runner.py:222} INFO - ::endgroup::
[2024-10-02T18:57:15.877+0000] {local_task_job_runner.py:120} INFO - ::group::Pre task execution logs
[2024-10-02T18:57:15.917+0000] {taskinstance.py:2076} INFO - Dependencies all met for dep_context=non-requeueable deps ti=<TaskInstance: etl_covid_europa_pipeline.transformar scheduled__2023-10-10T00:00:00+00:00 [queued]>
[2024-10-02T18:57:15.927+0000] {taskinstance.py:2076} INFO - Dependencies all met for dep_context=requeueable deps ti=<TaskInstance: etl_covid_europa_pipeline.transformar scheduled__2023-10-10T00:00:00+00:00 [queued]>
[2024-10-02T18:57:15.929+0000] {taskinstance.py:2306} INFO - Starting attempt 1 of 1
[2024-10-02T18:57:16.218+0000] {taskinstance.py:2330} INFO - Executing <Task(PythonOperator): transformar> on 2023-10-10 00:00:00+00:00
[2024-10-02T18:57:16.230+0000] {warnings.py:112} WARNING - /home/***/.local/lib/python3.12/site-packages/***/task/task_runner/standard_task_runner.py:61: DeprecationWarning: This process (pid=5309) is multi-threaded, use of fork() may lead to deadlocks in the child.
  pid = os.fork()

[2024-10-02T18:57:16.232+0000] {standard_task_runner.py:63} INFO - Started process 5330 to run task
[2024-10-02T18:57:16.233+0000] {standard_task_runner.py:90} INFO - Running: ['***', 'tasks', 'run', 'etl_covid_europa_pipeline', 'transformar', 'scheduled__2023-10-10T00:00:00+00:00', '--job-id', '989', '--raw', '--subdir', 'DAGS_FOLDER/etl_pipeline.py', '--cfg-path', '/tmp/tmpeqla7bw7']
[2024-10-02T18:57:16.236+0000] {standard_task_runner.py:91} INFO - Job 989: Subtask transformar
[2024-10-02T18:57:16.324+0000] {task_command.py:426} INFO - Running <TaskInstance: etl_covid_europa_pipeline.transformar scheduled__2023-10-10T00:00:00+00:00 [running]> on host 99de7dfc3871
[2024-10-02T18:57:16.463+0000] {taskinstance.py:2648} INFO - Exporting env vars: AIRFLOW_CTX_DAG_OWNER='***' AIRFLOW_CTX_DAG_ID='etl_covid_europa_pipeline' AIRFLOW_CTX_TASK_ID='transformar' AIRFLOW_CTX_EXECUTION_DATE='2023-10-10T00:00:00+00:00' AIRFLOW_CTX_TRY_NUMBER='1' AIRFLOW_CTX_DAG_RUN_ID='scheduled__2023-10-10T00:00:00+00:00'
[2024-10-02T18:57:16.465+0000] {taskinstance.py:430} INFO - ::endgroup::
[2024-10-02T18:57:16.637+0000] {python.py:237} INFO - Done. Returned value was: None
[2024-10-02T18:57:16.639+0000] {taskinstance.py:441} INFO - ::group::Post task execution logs
[2024-10-02T18:57:16.654+0000] {taskinstance.py:1206} INFO - Marking task as SUCCESS. dag_id=etl_covid_europa_pipeline, task_id=transformar, run_id=scheduled__2023-10-10T00:00:00+00:00, execution_date=20231010T000000, start_date=20241002T185715, end_date=20241002T185716
[2024-10-02T18:57:16.735+0000] {local_task_job_runner.py:240} INFO - Task exited with return code 0
[2024-10-02T18:57:16.783+0000] {taskinstance.py:3503} INFO - 1 downstream tasks scheduled from follow-on schedule check
[2024-10-02T18:57:16.787+0000] {local_task_job_runner.py:222} INFO - ::endgroup::
