[2024-10-02T17:25:42.980+0000] {local_task_job_runner.py:120} INFO - ::group::Pre task execution logs
[2024-10-02T17:25:43.007+0000] {taskinstance.py:2076} INFO - Dependencies all met for dep_context=non-requeueable deps ti=<TaskInstance: etl_covid_europa_pipeline.extrair scheduled__2023-11-11T00:00:00+00:00 [queued]>
[2024-10-02T17:25:43.014+0000] {taskinstance.py:2076} INFO - Dependencies all met for dep_context=requeueable deps ti=<TaskInstance: etl_covid_europa_pipeline.extrair scheduled__2023-11-11T00:00:00+00:00 [queued]>
[2024-10-02T17:25:43.014+0000] {taskinstance.py:2306} INFO - Starting attempt 1 of 1
[2024-10-02T17:25:43.242+0000] {taskinstance.py:2330} INFO - Executing <Task(PythonOperator): extrair> on 2023-11-11 00:00:00+00:00
[2024-10-02T17:25:43.247+0000] {warnings.py:112} WARNING - /home/***/.local/lib/python3.12/site-packages/***/task/task_runner/standard_task_runner.py:61: DeprecationWarning: This process (pid=1391) is multi-threaded, use of fork() may lead to deadlocks in the child.
  pid = os.fork()

[2024-10-02T17:25:43.249+0000] {standard_task_runner.py:63} INFO - Started process 1406 to run task
[2024-10-02T17:25:43.249+0000] {standard_task_runner.py:90} INFO - Running: ['***', 'tasks', 'run', 'etl_covid_europa_pipeline', 'extrair', 'scheduled__2023-11-11T00:00:00+00:00', '--job-id', '79', '--raw', '--subdir', 'DAGS_FOLDER/etl_pipeline.py', '--cfg-path', '/tmp/tmp34xcm8hi']
[2024-10-02T17:25:43.250+0000] {standard_task_runner.py:91} INFO - Job 79: Subtask extrair
[2024-10-02T17:25:43.295+0000] {task_command.py:426} INFO - Running <TaskInstance: etl_covid_europa_pipeline.extrair scheduled__2023-11-11T00:00:00+00:00 [running]> on host 99de7dfc3871
[2024-10-02T17:25:43.380+0000] {taskinstance.py:2648} INFO - Exporting env vars: AIRFLOW_CTX_DAG_OWNER='***' AIRFLOW_CTX_DAG_ID='etl_covid_europa_pipeline' AIRFLOW_CTX_TASK_ID='extrair' AIRFLOW_CTX_EXECUTION_DATE='2023-11-11T00:00:00+00:00' AIRFLOW_CTX_TRY_NUMBER='1' AIRFLOW_CTX_DAG_RUN_ID='scheduled__2023-11-11T00:00:00+00:00'
[2024-10-02T17:25:43.381+0000] {taskinstance.py:430} INFO - ::endgroup::
[2024-10-02T17:25:49.255+0000] {python.py:237} INFO - Done. Returned value was: None
[2024-10-02T17:25:49.255+0000] {taskinstance.py:441} INFO - ::group::Post task execution logs
[2024-10-02T17:25:49.266+0000] {taskinstance.py:1206} INFO - Marking task as SUCCESS. dag_id=etl_covid_europa_pipeline, task_id=extrair, run_id=scheduled__2023-11-11T00:00:00+00:00, execution_date=20231111T000000, start_date=20241002T172543, end_date=20241002T172549
[2024-10-02T17:25:49.307+0000] {local_task_job_runner.py:240} INFO - Task exited with return code 0
[2024-10-02T17:25:49.330+0000] {taskinstance.py:3503} INFO - 1 downstream tasks scheduled from follow-on schedule check
[2024-10-02T17:25:49.332+0000] {local_task_job_runner.py:222} INFO - ::endgroup::
[2024-10-02T18:57:43.723+0000] {local_task_job_runner.py:120} INFO - ::group::Pre task execution logs
[2024-10-02T18:57:43.749+0000] {taskinstance.py:2076} INFO - Dependencies all met for dep_context=non-requeueable deps ti=<TaskInstance: etl_covid_europa_pipeline.extrair scheduled__2023-11-11T00:00:00+00:00 [queued]>
[2024-10-02T18:57:43.935+0000] {taskinstance.py:2076} INFO - Dependencies all met for dep_context=requeueable deps ti=<TaskInstance: etl_covid_europa_pipeline.extrair scheduled__2023-11-11T00:00:00+00:00 [queued]>
[2024-10-02T18:57:43.935+0000] {taskinstance.py:2306} INFO - Starting attempt 1 of 1
[2024-10-02T18:57:43.987+0000] {taskinstance.py:2330} INFO - Executing <Task(PythonOperator): extrair> on 2023-11-11 00:00:00+00:00
[2024-10-02T18:57:43.993+0000] {warnings.py:112} WARNING - /home/***/.local/lib/python3.12/site-packages/***/task/task_runner/standard_task_runner.py:61: DeprecationWarning: This process (pid=5561) is multi-threaded, use of fork() may lead to deadlocks in the child.
  pid = os.fork()

[2024-10-02T18:57:43.994+0000] {standard_task_runner.py:63} INFO - Started process 5577 to run task
[2024-10-02T18:57:43.994+0000] {standard_task_runner.py:90} INFO - Running: ['***', 'tasks', 'run', 'etl_covid_europa_pipeline', 'extrair', 'scheduled__2023-11-11T00:00:00+00:00', '--job-id', '1072', '--raw', '--subdir', 'DAGS_FOLDER/etl_pipeline.py', '--cfg-path', '/tmp/tmpn8zymi5o']
[2024-10-02T18:57:43.996+0000] {standard_task_runner.py:91} INFO - Job 1072: Subtask extrair
[2024-10-02T18:57:44.047+0000] {task_command.py:426} INFO - Running <TaskInstance: etl_covid_europa_pipeline.extrair scheduled__2023-11-11T00:00:00+00:00 [running]> on host 99de7dfc3871
[2024-10-02T18:57:44.140+0000] {taskinstance.py:2648} INFO - Exporting env vars: AIRFLOW_CTX_DAG_OWNER='***' AIRFLOW_CTX_DAG_ID='etl_covid_europa_pipeline' AIRFLOW_CTX_TASK_ID='extrair' AIRFLOW_CTX_EXECUTION_DATE='2023-11-11T00:00:00+00:00' AIRFLOW_CTX_TRY_NUMBER='1' AIRFLOW_CTX_DAG_RUN_ID='scheduled__2023-11-11T00:00:00+00:00'
[2024-10-02T18:57:44.143+0000] {taskinstance.py:430} INFO - ::endgroup::
[2024-10-02T18:57:49.903+0000] {python.py:237} INFO - Done. Returned value was: None
[2024-10-02T18:57:49.904+0000] {taskinstance.py:441} INFO - ::group::Post task execution logs
[2024-10-02T18:57:49.912+0000] {taskinstance.py:1206} INFO - Marking task as SUCCESS. dag_id=etl_covid_europa_pipeline, task_id=extrair, run_id=scheduled__2023-11-11T00:00:00+00:00, execution_date=20231111T000000, start_date=20241002T185743, end_date=20241002T185749
[2024-10-02T18:57:49.936+0000] {local_task_job_runner.py:240} INFO - Task exited with return code 0
[2024-10-02T18:57:49.958+0000] {taskinstance.py:3503} INFO - 1 downstream tasks scheduled from follow-on schedule check
[2024-10-02T18:57:49.960+0000] {local_task_job_runner.py:222} INFO - ::endgroup::
[2024-10-02T19:24:01.681+0000] {local_task_job_runner.py:120} INFO - ::group::Pre task execution logs
[2024-10-02T19:24:01.710+0000] {taskinstance.py:2076} INFO - Dependencies all met for dep_context=non-requeueable deps ti=<TaskInstance: etl_covid_europa_pipeline.extrair scheduled__2023-11-11T00:00:00+00:00 [queued]>
[2024-10-02T19:24:01.898+0000] {taskinstance.py:2076} INFO - Dependencies all met for dep_context=requeueable deps ti=<TaskInstance: etl_covid_europa_pipeline.extrair scheduled__2023-11-11T00:00:00+00:00 [queued]>
[2024-10-02T19:24:01.899+0000] {taskinstance.py:2306} INFO - Starting attempt 1 of 1
[2024-10-02T19:24:01.956+0000] {taskinstance.py:2330} INFO - Executing <Task(PythonOperator): extrair> on 2023-11-11 00:00:00+00:00
[2024-10-02T19:24:01.964+0000] {warnings.py:112} WARNING - /home/***/.local/lib/python3.12/site-packages/***/task/task_runner/standard_task_runner.py:61: DeprecationWarning: This process (pid=8929) is multi-threaded, use of fork() may lead to deadlocks in the child.
  pid = os.fork()

[2024-10-02T19:24:01.966+0000] {standard_task_runner.py:90} INFO - Running: ['***', 'tasks', 'run', 'etl_covid_europa_pipeline', 'extrair', 'scheduled__2023-11-11T00:00:00+00:00', '--job-id', '2082', '--raw', '--subdir', 'DAGS_FOLDER/etl_pipeline.py', '--cfg-path', '/tmp/tmpkamz3ett']
[2024-10-02T19:24:01.969+0000] {standard_task_runner.py:63} INFO - Started process 8944 to run task
[2024-10-02T19:24:01.969+0000] {standard_task_runner.py:91} INFO - Job 2082: Subtask extrair
[2024-10-02T19:24:02.019+0000] {task_command.py:426} INFO - Running <TaskInstance: etl_covid_europa_pipeline.extrair scheduled__2023-11-11T00:00:00+00:00 [running]> on host 99de7dfc3871
[2024-10-02T19:24:02.103+0000] {taskinstance.py:2648} INFO - Exporting env vars: AIRFLOW_CTX_DAG_OWNER='***' AIRFLOW_CTX_DAG_ID='etl_covid_europa_pipeline' AIRFLOW_CTX_TASK_ID='extrair' AIRFLOW_CTX_EXECUTION_DATE='2023-11-11T00:00:00+00:00' AIRFLOW_CTX_TRY_NUMBER='1' AIRFLOW_CTX_DAG_RUN_ID='scheduled__2023-11-11T00:00:00+00:00'
[2024-10-02T19:24:02.106+0000] {taskinstance.py:430} INFO - ::endgroup::
[2024-10-02T19:24:07.194+0000] {python.py:237} INFO - Done. Returned value was: None
[2024-10-02T19:24:07.195+0000] {taskinstance.py:441} INFO - ::group::Post task execution logs
[2024-10-02T19:24:07.205+0000] {taskinstance.py:1206} INFO - Marking task as SUCCESS. dag_id=etl_covid_europa_pipeline, task_id=extrair, run_id=scheduled__2023-11-11T00:00:00+00:00, execution_date=20231111T000000, start_date=20241002T192401, end_date=20241002T192407
[2024-10-02T19:24:07.271+0000] {local_task_job_runner.py:240} INFO - Task exited with return code 0
[2024-10-02T19:24:07.294+0000] {taskinstance.py:3503} INFO - 1 downstream tasks scheduled from follow-on schedule check
[2024-10-02T19:24:07.297+0000] {local_task_job_runner.py:222} INFO - ::endgroup::
