[2024-10-02T17:28:31.267+0000] {local_task_job_runner.py:120} INFO - ::group::Pre task execution logs
[2024-10-02T17:28:31.294+0000] {taskinstance.py:2076} INFO - Dependencies all met for dep_context=non-requeueable deps ti=<TaskInstance: etl_covid_europa_pipeline.transformar scheduled__2024-03-28T00:00:00+00:00 [queued]>
[2024-10-02T17:28:31.304+0000] {taskinstance.py:2076} INFO - Dependencies all met for dep_context=requeueable deps ti=<TaskInstance: etl_covid_europa_pipeline.transformar scheduled__2024-03-28T00:00:00+00:00 [queued]>
[2024-10-02T17:28:31.305+0000] {taskinstance.py:2306} INFO - Starting attempt 1 of 1
[2024-10-02T17:28:31.555+0000] {taskinstance.py:2330} INFO - Executing <Task(PythonOperator): transformar> on 2024-03-28 00:00:00+00:00
[2024-10-02T17:28:31.565+0000] {standard_task_runner.py:90} INFO - Running: ['***', 'tasks', 'run', 'etl_covid_europa_pipeline', 'transformar', 'scheduled__2024-03-28T00:00:00+00:00', '--job-id', '321', '--raw', '--subdir', 'DAGS_FOLDER/etl_pipeline.py', '--cfg-path', '/tmp/tmpuymx88vj']
[2024-10-02T17:28:31.567+0000] {warnings.py:112} WARNING - /home/***/.local/lib/python3.12/site-packages/***/task/task_runner/standard_task_runner.py:61: DeprecationWarning: This process (pid=2152) is multi-threaded, use of fork() may lead to deadlocks in the child.
  pid = os.fork()

[2024-10-02T17:28:31.569+0000] {standard_task_runner.py:91} INFO - Job 321: Subtask transformar
[2024-10-02T17:28:31.569+0000] {standard_task_runner.py:63} INFO - Started process 2170 to run task
[2024-10-02T17:28:31.628+0000] {task_command.py:426} INFO - Running <TaskInstance: etl_covid_europa_pipeline.transformar scheduled__2024-03-28T00:00:00+00:00 [running]> on host 99de7dfc3871
[2024-10-02T17:28:31.735+0000] {taskinstance.py:2648} INFO - Exporting env vars: AIRFLOW_CTX_DAG_OWNER='***' AIRFLOW_CTX_DAG_ID='etl_covid_europa_pipeline' AIRFLOW_CTX_TASK_ID='transformar' AIRFLOW_CTX_EXECUTION_DATE='2024-03-28T00:00:00+00:00' AIRFLOW_CTX_TRY_NUMBER='1' AIRFLOW_CTX_DAG_RUN_ID='scheduled__2024-03-28T00:00:00+00:00'
[2024-10-02T17:28:31.737+0000] {taskinstance.py:430} INFO - ::endgroup::
[2024-10-02T17:28:31.775+0000] {taskinstance.py:441} INFO - ::group::Post task execution logs
[2024-10-02T17:28:31.776+0000] {taskinstance.py:2905} ERROR - Task failed with exception
Traceback (most recent call last):
  File "/home/airflow/.local/lib/python3.12/site-packages/airflow/models/taskinstance.py", line 465, in _execute_task
    result = _execute_callable(context=context, **execute_callable_kwargs)
             ^^^^^^^^^^^^^^^^^^^^^^^^^^^^^^^^^^^^^^^^^^^^^^^^^^^^^^^^^^^^^
  File "/home/airflow/.local/lib/python3.12/site-packages/airflow/models/taskinstance.py", line 432, in _execute_callable
    return execute_callable(context=context, **execute_callable_kwargs)
           ^^^^^^^^^^^^^^^^^^^^^^^^^^^^^^^^^^^^^^^^^^^^^^^^^^^^^^^^^^^^
  File "/home/airflow/.local/lib/python3.12/site-packages/airflow/models/baseoperator.py", line 401, in wrapper
    return func(self, *args, **kwargs)
           ^^^^^^^^^^^^^^^^^^^^^^^^^^^
  File "/home/airflow/.local/lib/python3.12/site-packages/airflow/operators/python.py", line 235, in execute
    return_value = self.execute_callable()
                   ^^^^^^^^^^^^^^^^^^^^^^^
  File "/home/airflow/.local/lib/python3.12/site-packages/airflow/operators/python.py", line 252, in execute_callable
    return self.python_callable(*self.op_args, **self.op_kwargs)
           ^^^^^^^^^^^^^^^^^^^^^^^^^^^^^^^^^^^^^^^^^^^^^^^^^^^^^
  File "/opt/airflow/dags/etl_pipeline.py", line 13, in transformar
    df = pd.read_csv('data/dados_covid_extraidos.csv')
         ^^^^^^^^^^^^^^^^^^^^^^^^^^^^^^^^^^^^^^^^^^^^^
  File "/home/airflow/.local/lib/python3.12/site-packages/pandas/io/parsers/readers.py", line 948, in read_csv
    return _read(filepath_or_buffer, kwds)
           ^^^^^^^^^^^^^^^^^^^^^^^^^^^^^^^
  File "/home/airflow/.local/lib/python3.12/site-packages/pandas/io/parsers/readers.py", line 617, in _read
    return parser.read(nrows)
           ^^^^^^^^^^^^^^^^^^
  File "/home/airflow/.local/lib/python3.12/site-packages/pandas/io/parsers/readers.py", line 1748, in read
    ) = self._engine.read(  # type: ignore[attr-defined]
        ^^^^^^^^^^^^^^^^^^^^^^^^^^^^^^^^^^^^^^^^^^^^^^^^
  File "/home/airflow/.local/lib/python3.12/site-packages/pandas/io/parsers/c_parser_wrapper.py", line 234, in read
    chunks = self._reader.read_low_memory(nrows)
             ^^^^^^^^^^^^^^^^^^^^^^^^^^^^^^^^^^^
  File "parsers.pyx", line 843, in pandas._libs.parsers.TextReader.read_low_memory
  File "parsers.pyx", line 904, in pandas._libs.parsers.TextReader._read_rows
  File "parsers.pyx", line 879, in pandas._libs.parsers.TextReader._tokenize_rows
  File "parsers.pyx", line 890, in pandas._libs.parsers.TextReader._check_tokenize_status
  File "parsers.pyx", line 2058, in pandas._libs.parsers.raise_parser_error
pandas.errors.ParserError: Error tokenizing data. C error: Expected 1 fields in line 7201, saw 2

[2024-10-02T17:28:31.797+0000] {taskinstance.py:1206} INFO - Marking task as FAILED. dag_id=etl_covid_europa_pipeline, task_id=transformar, run_id=scheduled__2024-03-28T00:00:00+00:00, execution_date=20240328T000000, start_date=20241002T172831, end_date=20241002T172831
[2024-10-02T17:28:31.815+0000] {standard_task_runner.py:110} ERROR - Failed to execute job 321 for task transformar (Error tokenizing data. C error: Expected 1 fields in line 7201, saw 2
; 2170)
[2024-10-02T17:28:31.864+0000] {local_task_job_runner.py:240} INFO - Task exited with return code 1
[2024-10-02T17:28:31.897+0000] {taskinstance.py:3503} INFO - 0 downstream tasks scheduled from follow-on schedule check
[2024-10-02T17:28:31.902+0000] {local_task_job_runner.py:222} INFO - ::endgroup::
[2024-10-02T19:00:54.224+0000] {local_task_job_runner.py:120} INFO - ::group::Pre task execution logs
[2024-10-02T19:00:54.253+0000] {taskinstance.py:2076} INFO - Dependencies all met for dep_context=non-requeueable deps ti=<TaskInstance: etl_covid_europa_pipeline.transformar scheduled__2024-03-28T00:00:00+00:00 [queued]>
[2024-10-02T19:00:54.557+0000] {taskinstance.py:2076} INFO - Dependencies all met for dep_context=requeueable deps ti=<TaskInstance: etl_covid_europa_pipeline.transformar scheduled__2024-03-28T00:00:00+00:00 [queued]>
[2024-10-02T19:00:54.559+0000] {taskinstance.py:2306} INFO - Starting attempt 1 of 1
[2024-10-02T19:00:54.575+0000] {taskinstance.py:2330} INFO - Executing <Task(PythonOperator): transformar> on 2024-03-28 00:00:00+00:00
[2024-10-02T19:00:54.583+0000] {warnings.py:112} WARNING - /home/***/.local/lib/python3.12/site-packages/***/task/task_runner/standard_task_runner.py:61: DeprecationWarning: This process (pid=6798) is multi-threaded, use of fork() may lead to deadlocks in the child.
  pid = os.fork()

[2024-10-02T19:00:54.585+0000] {standard_task_runner.py:63} INFO - Started process 6819 to run task
[2024-10-02T19:00:54.585+0000] {standard_task_runner.py:90} INFO - Running: ['***', 'tasks', 'run', 'etl_covid_europa_pipeline', 'transformar', 'scheduled__2024-03-28T00:00:00+00:00', '--job-id', '1472', '--raw', '--subdir', 'DAGS_FOLDER/etl_pipeline.py', '--cfg-path', '/tmp/tmpi5odnkh0']
[2024-10-02T19:00:54.587+0000] {standard_task_runner.py:91} INFO - Job 1472: Subtask transformar
[2024-10-02T19:00:54.630+0000] {task_command.py:426} INFO - Running <TaskInstance: etl_covid_europa_pipeline.transformar scheduled__2024-03-28T00:00:00+00:00 [running]> on host 99de7dfc3871
[2024-10-02T19:00:54.725+0000] {taskinstance.py:2648} INFO - Exporting env vars: AIRFLOW_CTX_DAG_OWNER='***' AIRFLOW_CTX_DAG_ID='etl_covid_europa_pipeline' AIRFLOW_CTX_TASK_ID='transformar' AIRFLOW_CTX_EXECUTION_DATE='2024-03-28T00:00:00+00:00' AIRFLOW_CTX_TRY_NUMBER='1' AIRFLOW_CTX_DAG_RUN_ID='scheduled__2024-03-28T00:00:00+00:00'
[2024-10-02T19:00:54.729+0000] {taskinstance.py:430} INFO - ::endgroup::
[2024-10-02T19:00:54.891+0000] {python.py:237} INFO - Done. Returned value was: None
[2024-10-02T19:00:54.892+0000] {taskinstance.py:441} INFO - ::group::Post task execution logs
[2024-10-02T19:00:54.904+0000] {taskinstance.py:1206} INFO - Marking task as SUCCESS. dag_id=etl_covid_europa_pipeline, task_id=transformar, run_id=scheduled__2024-03-28T00:00:00+00:00, execution_date=20240328T000000, start_date=20241002T190054, end_date=20241002T190054
[2024-10-02T19:00:54.959+0000] {local_task_job_runner.py:240} INFO - Task exited with return code 0
[2024-10-02T19:00:54.981+0000] {taskinstance.py:3503} INFO - 1 downstream tasks scheduled from follow-on schedule check
[2024-10-02T19:00:54.983+0000] {local_task_job_runner.py:222} INFO - ::endgroup::
[2024-10-02T19:27:18.703+0000] {local_task_job_runner.py:120} INFO - ::group::Pre task execution logs
[2024-10-02T19:27:19.018+0000] {taskinstance.py:2076} INFO - Dependencies all met for dep_context=non-requeueable deps ti=<TaskInstance: etl_covid_europa_pipeline.transformar scheduled__2024-03-28T00:00:00+00:00 [queued]>
[2024-10-02T19:27:19.032+0000] {taskinstance.py:2076} INFO - Dependencies all met for dep_context=requeueable deps ti=<TaskInstance: etl_covid_europa_pipeline.transformar scheduled__2024-03-28T00:00:00+00:00 [queued]>
[2024-10-02T19:27:19.035+0000] {taskinstance.py:2306} INFO - Starting attempt 1 of 1
[2024-10-02T19:27:19.059+0000] {taskinstance.py:2330} INFO - Executing <Task(PythonOperator): transformar> on 2024-03-28 00:00:00+00:00
[2024-10-02T19:27:19.066+0000] {warnings.py:112} WARNING - /home/***/.local/lib/python3.12/site-packages/***/task/task_runner/standard_task_runner.py:61: DeprecationWarning: This process (pid=10281) is multi-threaded, use of fork() may lead to deadlocks in the child.
  pid = os.fork()

[2024-10-02T19:27:19.069+0000] {standard_task_runner.py:63} INFO - Started process 10301 to run task
[2024-10-02T19:27:19.068+0000] {standard_task_runner.py:90} INFO - Running: ['***', 'tasks', 'run', 'etl_covid_europa_pipeline', 'transformar', 'scheduled__2024-03-28T00:00:00+00:00', '--job-id', '2519', '--raw', '--subdir', 'DAGS_FOLDER/etl_pipeline_agrupar_continente.py', '--cfg-path', '/tmp/tmp4n3b7pey']
[2024-10-02T19:27:19.070+0000] {standard_task_runner.py:91} INFO - Job 2519: Subtask transformar
[2024-10-02T19:27:19.145+0000] {task_command.py:426} INFO - Running <TaskInstance: etl_covid_europa_pipeline.transformar scheduled__2024-03-28T00:00:00+00:00 [running]> on host 99de7dfc3871
[2024-10-02T19:27:19.273+0000] {taskinstance.py:2648} INFO - Exporting env vars: AIRFLOW_CTX_DAG_OWNER='***' AIRFLOW_CTX_DAG_ID='etl_covid_europa_pipeline' AIRFLOW_CTX_TASK_ID='transformar' AIRFLOW_CTX_EXECUTION_DATE='2024-03-28T00:00:00+00:00' AIRFLOW_CTX_TRY_NUMBER='1' AIRFLOW_CTX_DAG_RUN_ID='scheduled__2024-03-28T00:00:00+00:00'
[2024-10-02T19:27:19.274+0000] {taskinstance.py:430} INFO - ::endgroup::
[2024-10-02T19:27:19.469+0000] {python.py:237} INFO - Done. Returned value was: None
[2024-10-02T19:27:19.470+0000] {taskinstance.py:441} INFO - ::group::Post task execution logs
[2024-10-02T19:27:19.482+0000] {taskinstance.py:1206} INFO - Marking task as SUCCESS. dag_id=etl_covid_europa_pipeline, task_id=transformar, run_id=scheduled__2024-03-28T00:00:00+00:00, execution_date=20240328T000000, start_date=20241002T192719, end_date=20241002T192719
[2024-10-02T19:27:19.575+0000] {local_task_job_runner.py:240} INFO - Task exited with return code 0
[2024-10-02T19:27:19.602+0000] {taskinstance.py:3503} INFO - 1 downstream tasks scheduled from follow-on schedule check
[2024-10-02T19:27:19.613+0000] {local_task_job_runner.py:222} INFO - ::endgroup::
