[2024-10-02T17:28:23.533+0000] {local_task_job_runner.py:120} INFO - ::group::Pre task execution logs
[2024-10-02T17:28:23.558+0000] {taskinstance.py:2076} INFO - Dependencies all met for dep_context=non-requeueable deps ti=<TaskInstance: etl_covid_europa_pipeline.extrair scheduled__2024-03-29T00:00:00+00:00 [queued]>
[2024-10-02T17:28:23.567+0000] {taskinstance.py:2076} INFO - Dependencies all met for dep_context=requeueable deps ti=<TaskInstance: etl_covid_europa_pipeline.extrair scheduled__2024-03-29T00:00:00+00:00 [queued]>
[2024-10-02T17:28:23.567+0000] {taskinstance.py:2306} INFO - Starting attempt 1 of 1
[2024-10-02T17:28:23.857+0000] {taskinstance.py:2330} INFO - Executing <Task(PythonOperator): extrair> on 2024-03-29 00:00:00+00:00
[2024-10-02T17:28:23.864+0000] {warnings.py:112} WARNING - /home/***/.local/lib/python3.12/site-packages/***/task/task_runner/standard_task_runner.py:61: DeprecationWarning: This process (pid=2102) is multi-threaded, use of fork() may lead to deadlocks in the child.
  pid = os.fork()

[2024-10-02T17:28:23.865+0000] {standard_task_runner.py:63} INFO - Started process 2117 to run task
[2024-10-02T17:28:23.865+0000] {standard_task_runner.py:90} INFO - Running: ['***', 'tasks', 'run', 'etl_covid_europa_pipeline', 'extrair', 'scheduled__2024-03-29T00:00:00+00:00', '--job-id', '306', '--raw', '--subdir', 'DAGS_FOLDER/etl_pipeline.py', '--cfg-path', '/tmp/tmp5c2bzplo']
[2024-10-02T17:28:23.866+0000] {standard_task_runner.py:91} INFO - Job 306: Subtask extrair
[2024-10-02T17:28:23.923+0000] {task_command.py:426} INFO - Running <TaskInstance: etl_covid_europa_pipeline.extrair scheduled__2024-03-29T00:00:00+00:00 [running]> on host 99de7dfc3871
[2024-10-02T17:28:24.012+0000] {taskinstance.py:2648} INFO - Exporting env vars: AIRFLOW_CTX_DAG_OWNER='***' AIRFLOW_CTX_DAG_ID='etl_covid_europa_pipeline' AIRFLOW_CTX_TASK_ID='extrair' AIRFLOW_CTX_EXECUTION_DATE='2024-03-29T00:00:00+00:00' AIRFLOW_CTX_TRY_NUMBER='1' AIRFLOW_CTX_DAG_RUN_ID='scheduled__2024-03-29T00:00:00+00:00'
[2024-10-02T17:28:24.014+0000] {taskinstance.py:430} INFO - ::endgroup::
[2024-10-02T17:28:29.485+0000] {python.py:237} INFO - Done. Returned value was: None
[2024-10-02T17:28:29.485+0000] {taskinstance.py:441} INFO - ::group::Post task execution logs
[2024-10-02T17:28:29.493+0000] {taskinstance.py:1206} INFO - Marking task as SUCCESS. dag_id=etl_covid_europa_pipeline, task_id=extrair, run_id=scheduled__2024-03-29T00:00:00+00:00, execution_date=20240329T000000, start_date=20241002T172823, end_date=20241002T172829
[2024-10-02T17:28:29.524+0000] {local_task_job_runner.py:240} INFO - Task exited with return code 0
[2024-10-02T17:28:29.545+0000] {taskinstance.py:3503} INFO - 1 downstream tasks scheduled from follow-on schedule check
[2024-10-02T17:28:29.548+0000] {local_task_job_runner.py:222} INFO - ::endgroup::
[2024-10-02T19:00:45.646+0000] {local_task_job_runner.py:120} INFO - ::group::Pre task execution logs
[2024-10-02T19:00:45.665+0000] {taskinstance.py:2076} INFO - Dependencies all met for dep_context=non-requeueable deps ti=<TaskInstance: etl_covid_europa_pipeline.extrair scheduled__2024-03-29T00:00:00+00:00 [queued]>
[2024-10-02T19:00:45.814+0000] {taskinstance.py:2076} INFO - Dependencies all met for dep_context=requeueable deps ti=<TaskInstance: etl_covid_europa_pipeline.extrair scheduled__2024-03-29T00:00:00+00:00 [queued]>
[2024-10-02T19:00:45.815+0000] {taskinstance.py:2306} INFO - Starting attempt 1 of 1
[2024-10-02T19:00:45.826+0000] {taskinstance.py:2330} INFO - Executing <Task(PythonOperator): extrair> on 2024-03-29 00:00:00+00:00
[2024-10-02T19:00:45.830+0000] {warnings.py:112} WARNING - /home/***/.local/lib/python3.12/site-packages/***/task/task_runner/standard_task_runner.py:61: DeprecationWarning: This process (pid=6740) is multi-threaded, use of fork() may lead to deadlocks in the child.
  pid = os.fork()

[2024-10-02T19:00:45.832+0000] {standard_task_runner.py:63} INFO - Started process 6746 to run task
[2024-10-02T19:00:45.832+0000] {standard_task_runner.py:90} INFO - Running: ['***', 'tasks', 'run', 'etl_covid_europa_pipeline', 'extrair', 'scheduled__2024-03-29T00:00:00+00:00', '--job-id', '1452', '--raw', '--subdir', 'DAGS_FOLDER/etl_pipeline.py', '--cfg-path', '/tmp/tmpn22iw8gn']
[2024-10-02T19:00:45.833+0000] {standard_task_runner.py:91} INFO - Job 1452: Subtask extrair
[2024-10-02T19:00:45.870+0000] {task_command.py:426} INFO - Running <TaskInstance: etl_covid_europa_pipeline.extrair scheduled__2024-03-29T00:00:00+00:00 [running]> on host 99de7dfc3871
[2024-10-02T19:00:45.941+0000] {taskinstance.py:2648} INFO - Exporting env vars: AIRFLOW_CTX_DAG_OWNER='***' AIRFLOW_CTX_DAG_ID='etl_covid_europa_pipeline' AIRFLOW_CTX_TASK_ID='extrair' AIRFLOW_CTX_EXECUTION_DATE='2024-03-29T00:00:00+00:00' AIRFLOW_CTX_TRY_NUMBER='1' AIRFLOW_CTX_DAG_RUN_ID='scheduled__2024-03-29T00:00:00+00:00'
[2024-10-02T19:00:45.944+0000] {taskinstance.py:430} INFO - ::endgroup::
[2024-10-02T19:00:52.646+0000] {python.py:237} INFO - Done. Returned value was: None
[2024-10-02T19:00:52.647+0000] {taskinstance.py:441} INFO - ::group::Post task execution logs
[2024-10-02T19:00:52.658+0000] {taskinstance.py:1206} INFO - Marking task as SUCCESS. dag_id=etl_covid_europa_pipeline, task_id=extrair, run_id=scheduled__2024-03-29T00:00:00+00:00, execution_date=20240329T000000, start_date=20241002T190045, end_date=20241002T190052
[2024-10-02T19:00:52.689+0000] {local_task_job_runner.py:240} INFO - Task exited with return code 0
[2024-10-02T19:00:52.725+0000] {taskinstance.py:3503} INFO - 1 downstream tasks scheduled from follow-on schedule check
[2024-10-02T19:00:52.745+0000] {local_task_job_runner.py:222} INFO - ::endgroup::
[2024-10-02T19:27:09.891+0000] {local_task_job_runner.py:120} INFO - ::group::Pre task execution logs
[2024-10-02T19:27:10.104+0000] {taskinstance.py:2076} INFO - Dependencies all met for dep_context=non-requeueable deps ti=<TaskInstance: etl_covid_europa_pipeline.extrair scheduled__2024-03-29T00:00:00+00:00 [queued]>
[2024-10-02T19:27:10.112+0000] {taskinstance.py:2076} INFO - Dependencies all met for dep_context=requeueable deps ti=<TaskInstance: etl_covid_europa_pipeline.extrair scheduled__2024-03-29T00:00:00+00:00 [queued]>
[2024-10-02T19:27:10.113+0000] {taskinstance.py:2306} INFO - Starting attempt 1 of 1
[2024-10-02T19:27:10.204+0000] {taskinstance.py:2330} INFO - Executing <Task(PythonOperator): extrair> on 2024-03-29 00:00:00+00:00
[2024-10-02T19:27:10.210+0000] {warnings.py:112} WARNING - /home/***/.local/lib/python3.12/site-packages/***/task/task_runner/standard_task_runner.py:61: DeprecationWarning: This process (pid=10230) is multi-threaded, use of fork() may lead to deadlocks in the child.
  pid = os.fork()

[2024-10-02T19:27:10.211+0000] {standard_task_runner.py:63} INFO - Started process 10248 to run task
[2024-10-02T19:27:10.211+0000] {standard_task_runner.py:90} INFO - Running: ['***', 'tasks', 'run', 'etl_covid_europa_pipeline', 'extrair', 'scheduled__2024-03-29T00:00:00+00:00', '--job-id', '2502', '--raw', '--subdir', 'DAGS_FOLDER/etl_pipeline_agrupar_continente.py', '--cfg-path', '/tmp/tmpyrodsoze']
[2024-10-02T19:27:10.213+0000] {standard_task_runner.py:91} INFO - Job 2502: Subtask extrair
[2024-10-02T19:27:10.265+0000] {task_command.py:426} INFO - Running <TaskInstance: etl_covid_europa_pipeline.extrair scheduled__2024-03-29T00:00:00+00:00 [running]> on host 99de7dfc3871
[2024-10-02T19:27:10.366+0000] {taskinstance.py:2648} INFO - Exporting env vars: AIRFLOW_CTX_DAG_OWNER='***' AIRFLOW_CTX_DAG_ID='etl_covid_europa_pipeline' AIRFLOW_CTX_TASK_ID='extrair' AIRFLOW_CTX_EXECUTION_DATE='2024-03-29T00:00:00+00:00' AIRFLOW_CTX_TRY_NUMBER='1' AIRFLOW_CTX_DAG_RUN_ID='scheduled__2024-03-29T00:00:00+00:00'
[2024-10-02T19:27:10.367+0000] {taskinstance.py:430} INFO - ::endgroup::
[2024-10-02T19:27:17.045+0000] {python.py:237} INFO - Done. Returned value was: None
[2024-10-02T19:27:17.046+0000] {taskinstance.py:441} INFO - ::group::Post task execution logs
[2024-10-02T19:27:17.058+0000] {taskinstance.py:1206} INFO - Marking task as SUCCESS. dag_id=etl_covid_europa_pipeline, task_id=extrair, run_id=scheduled__2024-03-29T00:00:00+00:00, execution_date=20240329T000000, start_date=20241002T192710, end_date=20241002T192717
[2024-10-02T19:27:17.245+0000] {local_task_job_runner.py:240} INFO - Task exited with return code 0
[2024-10-02T19:27:17.279+0000] {taskinstance.py:3503} INFO - 1 downstream tasks scheduled from follow-on schedule check
[2024-10-02T19:27:17.281+0000] {local_task_job_runner.py:222} INFO - ::endgroup::
