[2024-10-02T17:30:52.374+0000] {local_task_job_runner.py:120} INFO - ::group::Pre task execution logs
[2024-10-02T17:30:52.402+0000] {taskinstance.py:2076} INFO - Dependencies all met for dep_context=non-requeueable deps ti=<TaskInstance: etl_covid_europa_pipeline.transformar scheduled__2024-08-02T00:00:00+00:00 [queued]>
[2024-10-02T17:30:52.410+0000] {taskinstance.py:2076} INFO - Dependencies all met for dep_context=requeueable deps ti=<TaskInstance: etl_covid_europa_pipeline.transformar scheduled__2024-08-02T00:00:00+00:00 [queued]>
[2024-10-02T17:30:52.410+0000] {taskinstance.py:2306} INFO - Starting attempt 1 of 1
[2024-10-02T17:30:52.626+0000] {taskinstance.py:2330} INFO - Executing <Task(PythonOperator): transformar> on 2024-08-02 00:00:00+00:00
[2024-10-02T17:30:52.633+0000] {warnings.py:112} WARNING - /home/***/.local/lib/python3.12/site-packages/***/task/task_runner/standard_task_runner.py:61: DeprecationWarning: This process (pid=2847) is multi-threaded, use of fork() may lead to deadlocks in the child.
  pid = os.fork()

[2024-10-02T17:30:52.635+0000] {standard_task_runner.py:63} INFO - Started process 2862 to run task
[2024-10-02T17:30:52.635+0000] {standard_task_runner.py:90} INFO - Running: ['***', 'tasks', 'run', 'etl_covid_europa_pipeline', 'transformar', 'scheduled__2024-08-02T00:00:00+00:00', '--job-id', '543', '--raw', '--subdir', 'DAGS_FOLDER/etl_pipeline.py', '--cfg-path', '/tmp/tmphog2pqy_']
[2024-10-02T17:30:52.637+0000] {standard_task_runner.py:91} INFO - Job 543: Subtask transformar
[2024-10-02T17:30:52.693+0000] {task_command.py:426} INFO - Running <TaskInstance: etl_covid_europa_pipeline.transformar scheduled__2024-08-02T00:00:00+00:00 [running]> on host 99de7dfc3871
[2024-10-02T17:30:52.802+0000] {taskinstance.py:2648} INFO - Exporting env vars: AIRFLOW_CTX_DAG_OWNER='***' AIRFLOW_CTX_DAG_ID='etl_covid_europa_pipeline' AIRFLOW_CTX_TASK_ID='transformar' AIRFLOW_CTX_EXECUTION_DATE='2024-08-02T00:00:00+00:00' AIRFLOW_CTX_TRY_NUMBER='1' AIRFLOW_CTX_DAG_RUN_ID='scheduled__2024-08-02T00:00:00+00:00'
[2024-10-02T17:30:52.803+0000] {taskinstance.py:430} INFO - ::endgroup::
[2024-10-02T17:30:52.828+0000] {taskinstance.py:441} INFO - ::group::Post task execution logs
[2024-10-02T17:30:52.829+0000] {taskinstance.py:2905} ERROR - Task failed with exception
Traceback (most recent call last):
  File "/home/airflow/.local/lib/python3.12/site-packages/airflow/models/taskinstance.py", line 465, in _execute_task
    result = _execute_callable(context=context, **execute_callable_kwargs)
             ^^^^^^^^^^^^^^^^^^^^^^^^^^^^^^^^^^^^^^^^^^^^^^^^^^^^^^^^^^^^^
  File "/home/airflow/.local/lib/python3.12/site-packages/airflow/models/taskinstance.py", line 432, in _execute_callable
    return execute_callable(context=context, **execute_callable_kwargs)
           ^^^^^^^^^^^^^^^^^^^^^^^^^^^^^^^^^^^^^^^^^^^^^^^^^^^^^^^^^^^^
  File "/home/airflow/.local/lib/python3.12/site-packages/airflow/models/baseoperator.py", line 401, in wrapper
    return func(self, *args, **kwargs)
           ^^^^^^^^^^^^^^^^^^^^^^^^^^^
  File "/home/airflow/.local/lib/python3.12/site-packages/airflow/operators/python.py", line 235, in execute
    return_value = self.execute_callable()
                   ^^^^^^^^^^^^^^^^^^^^^^^
  File "/home/airflow/.local/lib/python3.12/site-packages/airflow/operators/python.py", line 252, in execute_callable
    return self.python_callable(*self.op_args, **self.op_kwargs)
           ^^^^^^^^^^^^^^^^^^^^^^^^^^^^^^^^^^^^^^^^^^^^^^^^^^^^^
  File "/opt/airflow/dags/etl_pipeline.py", line 13, in transformar
    df = pd.read_csv('data/dados_covid_extraidos.csv')
         ^^^^^^^^^^^^^^^^^^^^^^^^^^^^^^^^^^^^^^^^^^^^^
  File "/home/airflow/.local/lib/python3.12/site-packages/pandas/io/parsers/readers.py", line 948, in read_csv
    return _read(filepath_or_buffer, kwds)
           ^^^^^^^^^^^^^^^^^^^^^^^^^^^^^^^
  File "/home/airflow/.local/lib/python3.12/site-packages/pandas/io/parsers/readers.py", line 617, in _read
    return parser.read(nrows)
           ^^^^^^^^^^^^^^^^^^
  File "/home/airflow/.local/lib/python3.12/site-packages/pandas/io/parsers/readers.py", line 1748, in read
    ) = self._engine.read(  # type: ignore[attr-defined]
        ^^^^^^^^^^^^^^^^^^^^^^^^^^^^^^^^^^^^^^^^^^^^^^^^
  File "/home/airflow/.local/lib/python3.12/site-packages/pandas/io/parsers/c_parser_wrapper.py", line 234, in read
    chunks = self._reader.read_low_memory(nrows)
             ^^^^^^^^^^^^^^^^^^^^^^^^^^^^^^^^^^^
  File "parsers.pyx", line 843, in pandas._libs.parsers.TextReader.read_low_memory
  File "parsers.pyx", line 904, in pandas._libs.parsers.TextReader._read_rows
  File "parsers.pyx", line 879, in pandas._libs.parsers.TextReader._tokenize_rows
  File "parsers.pyx", line 890, in pandas._libs.parsers.TextReader._check_tokenize_status
  File "parsers.pyx", line 2058, in pandas._libs.parsers.raise_parser_error
pandas.errors.ParserError: Error tokenizing data. C error: Expected 1 fields in line 7201, saw 2

[2024-10-02T17:30:52.842+0000] {taskinstance.py:1206} INFO - Marking task as FAILED. dag_id=etl_covid_europa_pipeline, task_id=transformar, run_id=scheduled__2024-08-02T00:00:00+00:00, execution_date=20240802T000000, start_date=20241002T173052, end_date=20241002T173052
[2024-10-02T17:30:52.855+0000] {standard_task_runner.py:110} ERROR - Failed to execute job 543 for task transformar (Error tokenizing data. C error: Expected 1 fields in line 7201, saw 2
; 2862)
[2024-10-02T17:30:52.889+0000] {local_task_job_runner.py:240} INFO - Task exited with return code 1
[2024-10-02T17:30:52.911+0000] {taskinstance.py:3503} INFO - 0 downstream tasks scheduled from follow-on schedule check
[2024-10-02T17:30:52.916+0000] {local_task_job_runner.py:222} INFO - ::endgroup::
[2024-10-02T18:54:54.457+0000] {local_task_job_runner.py:120} INFO - ::group::Pre task execution logs
[2024-10-02T18:54:54.496+0000] {taskinstance.py:2076} INFO - Dependencies all met for dep_context=non-requeueable deps ti=<TaskInstance: etl_covid_europa_pipeline.transformar scheduled__2024-08-02T00:00:00+00:00 [queued]>
[2024-10-02T18:54:54.516+0000] {taskinstance.py:2076} INFO - Dependencies all met for dep_context=requeueable deps ti=<TaskInstance: etl_covid_europa_pipeline.transformar scheduled__2024-08-02T00:00:00+00:00 [queued]>
[2024-10-02T18:54:54.517+0000] {taskinstance.py:2306} INFO - Starting attempt 1 of 1
[2024-10-02T18:54:54.560+0000] {taskinstance.py:2330} INFO - Executing <Task(PythonOperator): transformar> on 2024-08-02 00:00:00+00:00
[2024-10-02T18:54:54.579+0000] {warnings.py:112} WARNING - /home/***/.local/lib/python3.12/site-packages/***/task/task_runner/standard_task_runner.py:61: DeprecationWarning: This process (pid=4692) is multi-threaded, use of fork() may lead to deadlocks in the child.
  pid = os.fork()

[2024-10-02T18:54:54.582+0000] {standard_task_runner.py:63} INFO - Started process 4713 to run task
[2024-10-02T18:54:54.586+0000] {standard_task_runner.py:90} INFO - Running: ['***', 'tasks', 'run', 'etl_covid_europa_pipeline', 'transformar', 'scheduled__2024-08-02T00:00:00+00:00', '--job-id', '798', '--raw', '--subdir', 'DAGS_FOLDER/etl_pipeline.py', '--cfg-path', '/tmp/tmp05mjtu14']
[2024-10-02T18:54:54.590+0000] {standard_task_runner.py:91} INFO - Job 798: Subtask transformar
[2024-10-02T18:54:55.000+0000] {task_command.py:426} INFO - Running <TaskInstance: etl_covid_europa_pipeline.transformar scheduled__2024-08-02T00:00:00+00:00 [running]> on host 99de7dfc3871
[2024-10-02T18:54:55.136+0000] {taskinstance.py:2648} INFO - Exporting env vars: AIRFLOW_CTX_DAG_OWNER='***' AIRFLOW_CTX_DAG_ID='etl_covid_europa_pipeline' AIRFLOW_CTX_TASK_ID='transformar' AIRFLOW_CTX_EXECUTION_DATE='2024-08-02T00:00:00+00:00' AIRFLOW_CTX_TRY_NUMBER='1' AIRFLOW_CTX_DAG_RUN_ID='scheduled__2024-08-02T00:00:00+00:00'
[2024-10-02T18:54:55.137+0000] {taskinstance.py:430} INFO - ::endgroup::
[2024-10-02T18:54:55.435+0000] {python.py:237} INFO - Done. Returned value was: None
[2024-10-02T18:54:55.437+0000] {taskinstance.py:441} INFO - ::group::Post task execution logs
[2024-10-02T18:54:55.454+0000] {taskinstance.py:1206} INFO - Marking task as SUCCESS. dag_id=etl_covid_europa_pipeline, task_id=transformar, run_id=scheduled__2024-08-02T00:00:00+00:00, execution_date=20240802T000000, start_date=20241002T185454, end_date=20241002T185455
[2024-10-02T18:54:55.534+0000] {local_task_job_runner.py:240} INFO - Task exited with return code 0
[2024-10-02T18:54:55.805+0000] {taskinstance.py:3503} INFO - 1 downstream tasks scheduled from follow-on schedule check
[2024-10-02T18:54:55.807+0000] {local_task_job_runner.py:222} INFO - ::endgroup::
[2024-10-02T19:03:38.577+0000] {local_task_job_runner.py:120} INFO - ::group::Pre task execution logs
[2024-10-02T19:03:38.786+0000] {taskinstance.py:2076} INFO - Dependencies all met for dep_context=non-requeueable deps ti=<TaskInstance: etl_covid_europa_pipeline.transformar scheduled__2024-08-02T00:00:00+00:00 [queued]>
[2024-10-02T19:03:38.793+0000] {taskinstance.py:2076} INFO - Dependencies all met for dep_context=requeueable deps ti=<TaskInstance: etl_covid_europa_pipeline.transformar scheduled__2024-08-02T00:00:00+00:00 [queued]>
[2024-10-02T19:03:38.794+0000] {taskinstance.py:2306} INFO - Starting attempt 1 of 1
[2024-10-02T19:03:38.807+0000] {taskinstance.py:2330} INFO - Executing <Task(PythonOperator): transformar> on 2024-08-02 00:00:00+00:00
[2024-10-02T19:03:38.814+0000] {warnings.py:112} WARNING - /home/***/.local/lib/python3.12/site-packages/***/task/task_runner/standard_task_runner.py:61: DeprecationWarning: This process (pid=7908) is multi-threaded, use of fork() may lead to deadlocks in the child.
  pid = os.fork()

[2024-10-02T19:03:38.815+0000] {standard_task_runner.py:63} INFO - Started process 7922 to run task
[2024-10-02T19:03:38.816+0000] {standard_task_runner.py:90} INFO - Running: ['***', 'tasks', 'run', 'etl_covid_europa_pipeline', 'transformar', 'scheduled__2024-08-02T00:00:00+00:00', '--job-id', '1830', '--raw', '--subdir', 'DAGS_FOLDER/etl_pipeline.py', '--cfg-path', '/tmp/tmpc3hz_5rp']
[2024-10-02T19:03:38.818+0000] {standard_task_runner.py:91} INFO - Job 1830: Subtask transformar
[2024-10-02T19:03:38.858+0000] {task_command.py:426} INFO - Running <TaskInstance: etl_covid_europa_pipeline.transformar scheduled__2024-08-02T00:00:00+00:00 [running]> on host 99de7dfc3871
[2024-10-02T19:03:38.941+0000] {taskinstance.py:2648} INFO - Exporting env vars: AIRFLOW_CTX_DAG_OWNER='***' AIRFLOW_CTX_DAG_ID='etl_covid_europa_pipeline' AIRFLOW_CTX_TASK_ID='transformar' AIRFLOW_CTX_EXECUTION_DATE='2024-08-02T00:00:00+00:00' AIRFLOW_CTX_TRY_NUMBER='1' AIRFLOW_CTX_DAG_RUN_ID='scheduled__2024-08-02T00:00:00+00:00'
[2024-10-02T19:03:38.942+0000] {taskinstance.py:430} INFO - ::endgroup::
[2024-10-02T19:03:39.078+0000] {python.py:237} INFO - Done. Returned value was: None
[2024-10-02T19:03:39.079+0000] {taskinstance.py:441} INFO - ::group::Post task execution logs
[2024-10-02T19:03:39.088+0000] {taskinstance.py:1206} INFO - Marking task as SUCCESS. dag_id=etl_covid_europa_pipeline, task_id=transformar, run_id=scheduled__2024-08-02T00:00:00+00:00, execution_date=20240802T000000, start_date=20241002T190338, end_date=20241002T190339
[2024-10-02T19:03:39.167+0000] {local_task_job_runner.py:240} INFO - Task exited with return code 0
[2024-10-02T19:03:39.185+0000] {taskinstance.py:3503} INFO - 0 downstream tasks scheduled from follow-on schedule check
[2024-10-02T19:03:39.187+0000] {local_task_job_runner.py:222} INFO - ::endgroup::
