[2024-10-02T19:01:08.214+0000] {local_task_job_runner.py:120} INFO - ::group::Pre task execution logs
[2024-10-02T19:01:08.241+0000] {taskinstance.py:2076} INFO - Dependencies all met for dep_context=non-requeueable deps ti=<TaskInstance: etl_covid_europa_pipeline.carregar scheduled__2024-04-04T00:00:00+00:00 [queued]>
[2024-10-02T19:01:08.254+0000] {taskinstance.py:2076} INFO - Dependencies all met for dep_context=requeueable deps ti=<TaskInstance: etl_covid_europa_pipeline.carregar scheduled__2024-04-04T00:00:00+00:00 [queued]>
[2024-10-02T19:01:08.255+0000] {taskinstance.py:2306} INFO - Starting attempt 1 of 1
[2024-10-02T19:01:08.516+0000] {taskinstance.py:2330} INFO - Executing <Task(PythonOperator): carregar> on 2024-04-04 00:00:00+00:00
[2024-10-02T19:01:08.524+0000] {warnings.py:112} WARNING - /home/***/.local/lib/python3.12/site-packages/***/task/task_runner/standard_task_runner.py:61: DeprecationWarning: This process (pid=6901) is multi-threaded, use of fork() may lead to deadlocks in the child.
  pid = os.fork()

[2024-10-02T19:01:08.525+0000] {standard_task_runner.py:63} INFO - Started process 6921 to run task
[2024-10-02T19:01:08.525+0000] {standard_task_runner.py:90} INFO - Running: ['***', 'tasks', 'run', 'etl_covid_europa_pipeline', 'carregar', 'scheduled__2024-04-04T00:00:00+00:00', '--job-id', '1504', '--raw', '--subdir', 'DAGS_FOLDER/etl_pipeline.py', '--cfg-path', '/tmp/tmpxwrxdwk0']
[2024-10-02T19:01:08.527+0000] {standard_task_runner.py:91} INFO - Job 1504: Subtask carregar
[2024-10-02T19:01:08.577+0000] {task_command.py:426} INFO - Running <TaskInstance: etl_covid_europa_pipeline.carregar scheduled__2024-04-04T00:00:00+00:00 [running]> on host 99de7dfc3871
[2024-10-02T19:01:08.675+0000] {taskinstance.py:2648} INFO - Exporting env vars: AIRFLOW_CTX_DAG_OWNER='***' AIRFLOW_CTX_DAG_ID='etl_covid_europa_pipeline' AIRFLOW_CTX_TASK_ID='carregar' AIRFLOW_CTX_EXECUTION_DATE='2024-04-04T00:00:00+00:00' AIRFLOW_CTX_TRY_NUMBER='1' AIRFLOW_CTX_DAG_RUN_ID='scheduled__2024-04-04T00:00:00+00:00'
[2024-10-02T19:01:08.676+0000] {taskinstance.py:430} INFO - ::endgroup::
[2024-10-02T19:01:08.767+0000] {python.py:237} INFO - Done. Returned value was: None
[2024-10-02T19:01:08.768+0000] {taskinstance.py:441} INFO - ::group::Post task execution logs
[2024-10-02T19:01:08.778+0000] {taskinstance.py:1206} INFO - Marking task as SUCCESS. dag_id=etl_covid_europa_pipeline, task_id=carregar, run_id=scheduled__2024-04-04T00:00:00+00:00, execution_date=20240404T000000, start_date=20241002T190108, end_date=20241002T190108
[2024-10-02T19:01:08.819+0000] {local_task_job_runner.py:240} INFO - Task exited with return code 0
[2024-10-02T19:01:08.836+0000] {taskinstance.py:3503} INFO - 0 downstream tasks scheduled from follow-on schedule check
[2024-10-02T19:01:08.840+0000] {local_task_job_runner.py:222} INFO - ::endgroup::
[2024-10-02T19:27:21.947+0000] {local_task_job_runner.py:120} INFO - ::group::Pre task execution logs
[2024-10-02T19:27:22.169+0000] {taskinstance.py:2076} INFO - Dependencies all met for dep_context=non-requeueable deps ti=<TaskInstance: etl_covid_europa_pipeline.carregar scheduled__2024-04-04T00:00:00+00:00 [queued]>
[2024-10-02T19:27:22.180+0000] {taskinstance.py:2076} INFO - Dependencies all met for dep_context=requeueable deps ti=<TaskInstance: etl_covid_europa_pipeline.carregar scheduled__2024-04-04T00:00:00+00:00 [queued]>
[2024-10-02T19:27:22.180+0000] {taskinstance.py:2306} INFO - Starting attempt 1 of 1
[2024-10-02T19:27:22.196+0000] {taskinstance.py:2330} INFO - Executing <Task(PythonOperator): carregar> on 2024-04-04 00:00:00+00:00
[2024-10-02T19:27:22.203+0000] {warnings.py:112} WARNING - /home/***/.local/lib/python3.12/site-packages/***/task/task_runner/standard_task_runner.py:61: DeprecationWarning: This process (pid=10329) is multi-threaded, use of fork() may lead to deadlocks in the child.
  pid = os.fork()

[2024-10-02T19:27:22.205+0000] {standard_task_runner.py:63} INFO - Started process 10348 to run task
[2024-10-02T19:27:22.204+0000] {standard_task_runner.py:90} INFO - Running: ['***', 'tasks', 'run', 'etl_covid_europa_pipeline', 'carregar', 'scheduled__2024-04-04T00:00:00+00:00', '--job-id', '2535', '--raw', '--subdir', 'DAGS_FOLDER/etl_pipeline_agrupar_continente.py', '--cfg-path', '/tmp/tmpww25kqr8']
[2024-10-02T19:27:22.207+0000] {standard_task_runner.py:91} INFO - Job 2535: Subtask carregar
[2024-10-02T19:27:22.257+0000] {task_command.py:426} INFO - Running <TaskInstance: etl_covid_europa_pipeline.carregar scheduled__2024-04-04T00:00:00+00:00 [running]> on host 99de7dfc3871
[2024-10-02T19:27:22.365+0000] {taskinstance.py:2648} INFO - Exporting env vars: AIRFLOW_CTX_DAG_OWNER='***' AIRFLOW_CTX_DAG_ID='etl_covid_europa_pipeline' AIRFLOW_CTX_TASK_ID='carregar' AIRFLOW_CTX_EXECUTION_DATE='2024-04-04T00:00:00+00:00' AIRFLOW_CTX_TRY_NUMBER='1' AIRFLOW_CTX_DAG_RUN_ID='scheduled__2024-04-04T00:00:00+00:00'
[2024-10-02T19:27:22.366+0000] {taskinstance.py:430} INFO - ::endgroup::
[2024-10-02T19:27:22.429+0000] {python.py:237} INFO - Done. Returned value was: None
[2024-10-02T19:27:22.430+0000] {taskinstance.py:441} INFO - ::group::Post task execution logs
[2024-10-02T19:27:22.438+0000] {taskinstance.py:1206} INFO - Marking task as SUCCESS. dag_id=etl_covid_europa_pipeline, task_id=carregar, run_id=scheduled__2024-04-04T00:00:00+00:00, execution_date=20240404T000000, start_date=20241002T192722, end_date=20241002T192722
[2024-10-02T19:27:22.499+0000] {local_task_job_runner.py:240} INFO - Task exited with return code 0
[2024-10-02T19:27:22.513+0000] {taskinstance.py:3503} INFO - 0 downstream tasks scheduled from follow-on schedule check
[2024-10-02T19:27:22.517+0000] {local_task_job_runner.py:222} INFO - ::endgroup::
