[2024-10-02T18:54:12.352+0000] {local_task_job_runner.py:120} INFO - ::group::Pre task execution logs
[2024-10-02T18:54:12.392+0000] {taskinstance.py:2076} INFO - Dependencies all met for dep_context=non-requeueable deps ti=<TaskInstance: etl_covid_europa_pipeline.transformar scheduled__2024-06-30T00:00:00+00:00 [queued]>
[2024-10-02T18:54:12.403+0000] {taskinstance.py:2076} INFO - Dependencies all met for dep_context=requeueable deps ti=<TaskInstance: etl_covid_europa_pipeline.transformar scheduled__2024-06-30T00:00:00+00:00 [queued]>
[2024-10-02T18:54:12.405+0000] {taskinstance.py:2306} INFO - Starting attempt 1 of 1
[2024-10-02T18:54:12.781+0000] {taskinstance.py:2330} INFO - Executing <Task(PythonOperator): transformar> on 2024-06-30 00:00:00+00:00
[2024-10-02T18:54:12.791+0000] {warnings.py:112} WARNING - /home/***/.local/lib/python3.12/site-packages/***/task/task_runner/standard_task_runner.py:61: DeprecationWarning: This process (pid=4369) is multi-threaded, use of fork() may lead to deadlocks in the child.
  pid = os.fork()

[2024-10-02T18:54:12.794+0000] {standard_task_runner.py:63} INFO - Started process 4405 to run task
[2024-10-02T18:54:12.797+0000] {standard_task_runner.py:90} INFO - Running: ['***', 'tasks', 'run', 'etl_covid_europa_pipeline', 'transformar', 'scheduled__2024-06-30T00:00:00+00:00', '--job-id', '693', '--raw', '--subdir', 'DAGS_FOLDER/etl_pipeline.py', '--cfg-path', '/tmp/tmpod4y3kaj']
[2024-10-02T18:54:12.801+0000] {standard_task_runner.py:91} INFO - Job 693: Subtask transformar
[2024-10-02T18:54:12.876+0000] {task_command.py:426} INFO - Running <TaskInstance: etl_covid_europa_pipeline.transformar scheduled__2024-06-30T00:00:00+00:00 [running]> on host 99de7dfc3871
[2024-10-02T18:54:12.995+0000] {taskinstance.py:2648} INFO - Exporting env vars: AIRFLOW_CTX_DAG_OWNER='***' AIRFLOW_CTX_DAG_ID='etl_covid_europa_pipeline' AIRFLOW_CTX_TASK_ID='transformar' AIRFLOW_CTX_EXECUTION_DATE='2024-06-30T00:00:00+00:00' AIRFLOW_CTX_TRY_NUMBER='1' AIRFLOW_CTX_DAG_RUN_ID='scheduled__2024-06-30T00:00:00+00:00'
[2024-10-02T18:54:12.996+0000] {taskinstance.py:430} INFO - ::endgroup::
[2024-10-02T18:54:13.156+0000] {python.py:237} INFO - Done. Returned value was: None
[2024-10-02T18:54:13.156+0000] {taskinstance.py:441} INFO - ::group::Post task execution logs
[2024-10-02T18:54:13.170+0000] {taskinstance.py:1206} INFO - Marking task as SUCCESS. dag_id=etl_covid_europa_pipeline, task_id=transformar, run_id=scheduled__2024-06-30T00:00:00+00:00, execution_date=20240630T000000, start_date=20241002T185412, end_date=20241002T185413
[2024-10-02T18:54:13.251+0000] {local_task_job_runner.py:240} INFO - Task exited with return code 0
[2024-10-02T18:54:13.268+0000] {local_task_job_runner.py:222} INFO - ::endgroup::
[2024-10-02T19:02:50.837+0000] {local_task_job_runner.py:120} INFO - ::group::Pre task execution logs
[2024-10-02T19:02:51.235+0000] {taskinstance.py:2076} INFO - Dependencies all met for dep_context=non-requeueable deps ti=<TaskInstance: etl_covid_europa_pipeline.transformar scheduled__2024-06-30T00:00:00+00:00 [queued]>
[2024-10-02T19:02:51.252+0000] {taskinstance.py:2076} INFO - Dependencies all met for dep_context=requeueable deps ti=<TaskInstance: etl_covid_europa_pipeline.transformar scheduled__2024-06-30T00:00:00+00:00 [queued]>
[2024-10-02T19:02:51.253+0000] {taskinstance.py:2306} INFO - Starting attempt 1 of 1
[2024-10-02T19:02:51.279+0000] {taskinstance.py:2330} INFO - Executing <Task(PythonOperator): transformar> on 2024-06-30 00:00:00+00:00
[2024-10-02T19:02:51.290+0000] {warnings.py:112} WARNING - /home/***/.local/lib/python3.12/site-packages/***/task/task_runner/standard_task_runner.py:61: DeprecationWarning: This process (pid=7561) is multi-threaded, use of fork() may lead to deadlocks in the child.
  pid = os.fork()

[2024-10-02T19:02:51.292+0000] {standard_task_runner.py:63} INFO - Started process 7583 to run task
[2024-10-02T19:02:51.294+0000] {standard_task_runner.py:90} INFO - Running: ['***', 'tasks', 'run', 'etl_covid_europa_pipeline', 'transformar', 'scheduled__2024-06-30T00:00:00+00:00', '--job-id', '1715', '--raw', '--subdir', 'DAGS_FOLDER/etl_pipeline.py', '--cfg-path', '/tmp/tmp13ugwbbz']
[2024-10-02T19:02:51.300+0000] {standard_task_runner.py:91} INFO - Job 1715: Subtask transformar
[2024-10-02T19:02:51.384+0000] {task_command.py:426} INFO - Running <TaskInstance: etl_covid_europa_pipeline.transformar scheduled__2024-06-30T00:00:00+00:00 [running]> on host 99de7dfc3871
[2024-10-02T19:02:51.510+0000] {taskinstance.py:2648} INFO - Exporting env vars: AIRFLOW_CTX_DAG_OWNER='***' AIRFLOW_CTX_DAG_ID='etl_covid_europa_pipeline' AIRFLOW_CTX_TASK_ID='transformar' AIRFLOW_CTX_EXECUTION_DATE='2024-06-30T00:00:00+00:00' AIRFLOW_CTX_TRY_NUMBER='1' AIRFLOW_CTX_DAG_RUN_ID='scheduled__2024-06-30T00:00:00+00:00'
[2024-10-02T19:02:51.513+0000] {taskinstance.py:430} INFO - ::endgroup::
[2024-10-02T19:02:51.762+0000] {python.py:237} INFO - Done. Returned value was: None
[2024-10-02T19:02:51.763+0000] {taskinstance.py:441} INFO - ::group::Post task execution logs
[2024-10-02T19:02:51.779+0000] {taskinstance.py:1206} INFO - Marking task as SUCCESS. dag_id=etl_covid_europa_pipeline, task_id=transformar, run_id=scheduled__2024-06-30T00:00:00+00:00, execution_date=20240630T000000, start_date=20241002T190251, end_date=20241002T190251
[2024-10-02T19:02:51.833+0000] {local_task_job_runner.py:240} INFO - Task exited with return code 0
[2024-10-02T19:02:51.858+0000] {taskinstance.py:3503} INFO - 1 downstream tasks scheduled from follow-on schedule check
[2024-10-02T19:02:51.862+0000] {local_task_job_runner.py:222} INFO - ::endgroup::
