[2024-10-02T19:00:08.657+0000] {local_task_job_runner.py:120} INFO - ::group::Pre task execution logs
[2024-10-02T19:00:08.707+0000] {taskinstance.py:2076} INFO - Dependencies all met for dep_context=non-requeueable deps ti=<TaskInstance: etl_covid_europa_pipeline.transformar scheduled__2024-02-19T00:00:00+00:00 [queued]>
[2024-10-02T19:00:08.985+0000] {taskinstance.py:2076} INFO - Dependencies all met for dep_context=requeueable deps ti=<TaskInstance: etl_covid_europa_pipeline.transformar scheduled__2024-02-19T00:00:00+00:00 [queued]>
[2024-10-02T19:00:08.986+0000] {taskinstance.py:2306} INFO - Starting attempt 1 of 1
[2024-10-02T19:00:09.030+0000] {taskinstance.py:2330} INFO - Executing <Task(PythonOperator): transformar> on 2024-02-19 00:00:00+00:00
[2024-10-02T19:00:09.042+0000] {warnings.py:112} WARNING - /home/***/.local/lib/python3.12/site-packages/***/task/task_runner/standard_task_runner.py:61: DeprecationWarning: This process (pid=6481) is multi-threaded, use of fork() may lead to deadlocks in the child.
  pid = os.fork()

[2024-10-02T19:00:09.044+0000] {standard_task_runner.py:63} INFO - Started process 6496 to run task
[2024-10-02T19:00:09.044+0000] {standard_task_runner.py:90} INFO - Running: ['***', 'tasks', 'run', 'etl_covid_europa_pipeline', 'transformar', 'scheduled__2024-02-19T00:00:00+00:00', '--job-id', '1368', '--raw', '--subdir', 'DAGS_FOLDER/etl_pipeline.py', '--cfg-path', '/tmp/tmp1qs53z9h']
[2024-10-02T19:00:09.046+0000] {standard_task_runner.py:91} INFO - Job 1368: Subtask transformar
[2024-10-02T19:00:09.141+0000] {task_command.py:426} INFO - Running <TaskInstance: etl_covid_europa_pipeline.transformar scheduled__2024-02-19T00:00:00+00:00 [running]> on host 99de7dfc3871
[2024-10-02T19:00:09.333+0000] {taskinstance.py:2648} INFO - Exporting env vars: AIRFLOW_CTX_DAG_OWNER='***' AIRFLOW_CTX_DAG_ID='etl_covid_europa_pipeline' AIRFLOW_CTX_TASK_ID='transformar' AIRFLOW_CTX_EXECUTION_DATE='2024-02-19T00:00:00+00:00' AIRFLOW_CTX_TRY_NUMBER='1' AIRFLOW_CTX_DAG_RUN_ID='scheduled__2024-02-19T00:00:00+00:00'
[2024-10-02T19:00:09.339+0000] {taskinstance.py:430} INFO - ::endgroup::
[2024-10-02T19:00:09.591+0000] {python.py:237} INFO - Done. Returned value was: None
[2024-10-02T19:00:09.592+0000] {taskinstance.py:441} INFO - ::group::Post task execution logs
[2024-10-02T19:00:09.603+0000] {taskinstance.py:1206} INFO - Marking task as SUCCESS. dag_id=etl_covid_europa_pipeline, task_id=transformar, run_id=scheduled__2024-02-19T00:00:00+00:00, execution_date=20240219T000000, start_date=20241002T190008, end_date=20241002T190009
[2024-10-02T19:00:09.670+0000] {local_task_job_runner.py:240} INFO - Task exited with return code 0
[2024-10-02T19:00:09.707+0000] {taskinstance.py:3503} INFO - 1 downstream tasks scheduled from follow-on schedule check
[2024-10-02T19:00:09.718+0000] {local_task_job_runner.py:222} INFO - ::endgroup::
[2024-10-02T19:26:28.661+0000] {local_task_job_runner.py:120} INFO - ::group::Pre task execution logs
[2024-10-02T19:26:28.711+0000] {taskinstance.py:2076} INFO - Dependencies all met for dep_context=non-requeueable deps ti=<TaskInstance: etl_covid_europa_pipeline.transformar scheduled__2024-02-19T00:00:00+00:00 [queued]>
[2024-10-02T19:26:28.726+0000] {taskinstance.py:2076} INFO - Dependencies all met for dep_context=requeueable deps ti=<TaskInstance: etl_covid_europa_pipeline.transformar scheduled__2024-02-19T00:00:00+00:00 [queued]>
[2024-10-02T19:26:28.727+0000] {taskinstance.py:2306} INFO - Starting attempt 1 of 1
[2024-10-02T19:26:29.205+0000] {taskinstance.py:2330} INFO - Executing <Task(PythonOperator): transformar> on 2024-02-19 00:00:00+00:00
[2024-10-02T19:26:29.216+0000] {warnings.py:112} WARNING - /home/***/.local/lib/python3.12/site-packages/***/task/task_runner/standard_task_runner.py:61: DeprecationWarning: This process (pid=9964) is multi-threaded, use of fork() may lead to deadlocks in the child.
  pid = os.fork()

[2024-10-02T19:26:29.220+0000] {standard_task_runner.py:63} INFO - Started process 9976 to run task
[2024-10-02T19:26:29.220+0000] {standard_task_runner.py:90} INFO - Running: ['***', 'tasks', 'run', 'etl_covid_europa_pipeline', 'transformar', 'scheduled__2024-02-19T00:00:00+00:00', '--job-id', '2415', '--raw', '--subdir', 'DAGS_FOLDER/etl_pipeline.py', '--cfg-path', '/tmp/tmp26duj3rg']
[2024-10-02T19:26:29.223+0000] {standard_task_runner.py:91} INFO - Job 2415: Subtask transformar
[2024-10-02T19:26:29.342+0000] {task_command.py:426} INFO - Running <TaskInstance: etl_covid_europa_pipeline.transformar scheduled__2024-02-19T00:00:00+00:00 [running]> on host 99de7dfc3871
[2024-10-02T19:26:29.485+0000] {taskinstance.py:2648} INFO - Exporting env vars: AIRFLOW_CTX_DAG_OWNER='***' AIRFLOW_CTX_DAG_ID='etl_covid_europa_pipeline' AIRFLOW_CTX_TASK_ID='transformar' AIRFLOW_CTX_EXECUTION_DATE='2024-02-19T00:00:00+00:00' AIRFLOW_CTX_TRY_NUMBER='1' AIRFLOW_CTX_DAG_RUN_ID='scheduled__2024-02-19T00:00:00+00:00'
[2024-10-02T19:26:29.486+0000] {taskinstance.py:430} INFO - ::endgroup::
[2024-10-02T19:26:29.657+0000] {python.py:237} INFO - Done. Returned value was: None
[2024-10-02T19:26:29.658+0000] {taskinstance.py:441} INFO - ::group::Post task execution logs
[2024-10-02T19:26:29.668+0000] {taskinstance.py:1206} INFO - Marking task as SUCCESS. dag_id=etl_covid_europa_pipeline, task_id=transformar, run_id=scheduled__2024-02-19T00:00:00+00:00, execution_date=20240219T000000, start_date=20241002T192628, end_date=20241002T192629
[2024-10-02T19:26:29.719+0000] {local_task_job_runner.py:240} INFO - Task exited with return code 0
[2024-10-02T19:26:29.741+0000] {taskinstance.py:3503} INFO - 1 downstream tasks scheduled from follow-on schedule check
[2024-10-02T19:26:29.743+0000] {local_task_job_runner.py:222} INFO - ::endgroup::
