[2024-10-02T17:25:25.453+0000] {local_task_job_runner.py:120} INFO - ::group::Pre task execution logs
[2024-10-02T17:25:25.481+0000] {taskinstance.py:2076} INFO - Dependencies all met for dep_context=non-requeueable deps ti=<TaskInstance: etl_covid_europa_pipeline.extrair scheduled__2023-10-21T00:00:00+00:00 [queued]>
[2024-10-02T17:25:25.490+0000] {taskinstance.py:2076} INFO - Dependencies all met for dep_context=requeueable deps ti=<TaskInstance: etl_covid_europa_pipeline.extrair scheduled__2023-10-21T00:00:00+00:00 [queued]>
[2024-10-02T17:25:25.491+0000] {taskinstance.py:2306} INFO - Starting attempt 1 of 1
[2024-10-02T17:25:25.752+0000] {taskinstance.py:2330} INFO - Executing <Task(PythonOperator): extrair> on 2023-10-21 00:00:00+00:00
[2024-10-02T17:25:25.758+0000] {warnings.py:112} WARNING - /home/***/.local/lib/python3.12/site-packages/***/task/task_runner/standard_task_runner.py:61: DeprecationWarning: This process (pid=1274) is multi-threaded, use of fork() may lead to deadlocks in the child.
  pid = os.fork()

[2024-10-02T17:25:25.760+0000] {standard_task_runner.py:63} INFO - Started process 1290 to run task
[2024-10-02T17:25:25.760+0000] {standard_task_runner.py:90} INFO - Running: ['***', 'tasks', 'run', 'etl_covid_europa_pipeline', 'extrair', 'scheduled__2023-10-21T00:00:00+00:00', '--job-id', '42', '--raw', '--subdir', 'DAGS_FOLDER/etl_pipeline.py', '--cfg-path', '/tmp/tmp8siok_jr']
[2024-10-02T17:25:25.763+0000] {standard_task_runner.py:91} INFO - Job 42: Subtask extrair
[2024-10-02T17:25:25.810+0000] {task_command.py:426} INFO - Running <TaskInstance: etl_covid_europa_pipeline.extrair scheduled__2023-10-21T00:00:00+00:00 [running]> on host 99de7dfc3871
[2024-10-02T17:25:25.897+0000] {taskinstance.py:2648} INFO - Exporting env vars: AIRFLOW_CTX_DAG_OWNER='***' AIRFLOW_CTX_DAG_ID='etl_covid_europa_pipeline' AIRFLOW_CTX_TASK_ID='extrair' AIRFLOW_CTX_EXECUTION_DATE='2023-10-21T00:00:00+00:00' AIRFLOW_CTX_TRY_NUMBER='1' AIRFLOW_CTX_DAG_RUN_ID='scheduled__2023-10-21T00:00:00+00:00'
[2024-10-02T17:25:25.898+0000] {taskinstance.py:430} INFO - ::endgroup::
[2024-10-02T17:25:31.677+0000] {python.py:237} INFO - Done. Returned value was: None
[2024-10-02T17:25:31.678+0000] {taskinstance.py:441} INFO - ::group::Post task execution logs
[2024-10-02T17:25:31.687+0000] {taskinstance.py:1206} INFO - Marking task as SUCCESS. dag_id=etl_covid_europa_pipeline, task_id=extrair, run_id=scheduled__2023-10-21T00:00:00+00:00, execution_date=20231021T000000, start_date=20241002T172525, end_date=20241002T172531
[2024-10-02T17:25:31.741+0000] {local_task_job_runner.py:240} INFO - Task exited with return code 0
[2024-10-02T17:25:31.751+0000] {local_task_job_runner.py:222} INFO - ::endgroup::
[2024-10-02T18:57:25.830+0000] {local_task_job_runner.py:120} INFO - ::group::Pre task execution logs
[2024-10-02T18:57:25.863+0000] {taskinstance.py:2076} INFO - Dependencies all met for dep_context=non-requeueable deps ti=<TaskInstance: etl_covid_europa_pipeline.extrair scheduled__2023-10-21T00:00:00+00:00 [queued]>
[2024-10-02T18:57:26.097+0000] {taskinstance.py:2076} INFO - Dependencies all met for dep_context=requeueable deps ti=<TaskInstance: etl_covid_europa_pipeline.extrair scheduled__2023-10-21T00:00:00+00:00 [queued]>
[2024-10-02T18:57:26.098+0000] {taskinstance.py:2306} INFO - Starting attempt 1 of 1
[2024-10-02T18:57:26.132+0000] {taskinstance.py:2330} INFO - Executing <Task(PythonOperator): extrair> on 2023-10-21 00:00:00+00:00
[2024-10-02T18:57:26.142+0000] {warnings.py:112} WARNING - /home/***/.local/lib/python3.12/site-packages/***/task/task_runner/standard_task_runner.py:61: DeprecationWarning: This process (pid=5397) is multi-threaded, use of fork() may lead to deadlocks in the child.
  pid = os.fork()

[2024-10-02T18:57:26.143+0000] {standard_task_runner.py:63} INFO - Started process 5413 to run task
[2024-10-02T18:57:26.143+0000] {standard_task_runner.py:90} INFO - Running: ['***', 'tasks', 'run', 'etl_covid_europa_pipeline', 'extrair', 'scheduled__2023-10-21T00:00:00+00:00', '--job-id', '1019', '--raw', '--subdir', 'DAGS_FOLDER/etl_pipeline.py', '--cfg-path', '/tmp/tmptq3jnr13']
[2024-10-02T18:57:26.145+0000] {standard_task_runner.py:91} INFO - Job 1019: Subtask extrair
[2024-10-02T18:57:26.198+0000] {task_command.py:426} INFO - Running <TaskInstance: etl_covid_europa_pipeline.extrair scheduled__2023-10-21T00:00:00+00:00 [running]> on host 99de7dfc3871
[2024-10-02T18:57:26.294+0000] {taskinstance.py:2648} INFO - Exporting env vars: AIRFLOW_CTX_DAG_OWNER='***' AIRFLOW_CTX_DAG_ID='etl_covid_europa_pipeline' AIRFLOW_CTX_TASK_ID='extrair' AIRFLOW_CTX_EXECUTION_DATE='2023-10-21T00:00:00+00:00' AIRFLOW_CTX_TRY_NUMBER='1' AIRFLOW_CTX_DAG_RUN_ID='scheduled__2023-10-21T00:00:00+00:00'
[2024-10-02T18:57:26.296+0000] {taskinstance.py:430} INFO - ::endgroup::
[2024-10-02T18:57:32.236+0000] {python.py:237} INFO - Done. Returned value was: None
[2024-10-02T18:57:32.237+0000] {taskinstance.py:441} INFO - ::group::Post task execution logs
[2024-10-02T18:57:32.246+0000] {taskinstance.py:1206} INFO - Marking task as SUCCESS. dag_id=etl_covid_europa_pipeline, task_id=extrair, run_id=scheduled__2023-10-21T00:00:00+00:00, execution_date=20231021T000000, start_date=20241002T185725, end_date=20241002T185732
[2024-10-02T18:57:32.296+0000] {local_task_job_runner.py:240} INFO - Task exited with return code 0
[2024-10-02T18:57:32.318+0000] {taskinstance.py:3503} INFO - 1 downstream tasks scheduled from follow-on schedule check
[2024-10-02T18:57:32.320+0000] {local_task_job_runner.py:222} INFO - ::endgroup::
[2024-10-02T19:23:36.584+0000] {local_task_job_runner.py:120} INFO - ::group::Pre task execution logs
[2024-10-02T19:23:36.615+0000] {taskinstance.py:2076} INFO - Dependencies all met for dep_context=non-requeueable deps ti=<TaskInstance: etl_covid_europa_pipeline.extrair scheduled__2023-10-21T00:00:00+00:00 [queued]>
[2024-10-02T19:23:36.625+0000] {taskinstance.py:2076} INFO - Dependencies all met for dep_context=requeueable deps ti=<TaskInstance: etl_covid_europa_pipeline.extrair scheduled__2023-10-21T00:00:00+00:00 [queued]>
[2024-10-02T19:23:36.626+0000] {taskinstance.py:2306} INFO - Starting attempt 1 of 1
[2024-10-02T19:23:36.899+0000] {taskinstance.py:2330} INFO - Executing <Task(PythonOperator): extrair> on 2023-10-21 00:00:00+00:00
[2024-10-02T19:23:36.910+0000] {warnings.py:112} WARNING - /home/***/.local/lib/python3.12/site-packages/***/task/task_runner/standard_task_runner.py:61: DeprecationWarning: This process (pid=8778) is multi-threaded, use of fork() may lead to deadlocks in the child.
  pid = os.fork()

[2024-10-02T19:23:36.911+0000] {standard_task_runner.py:63} INFO - Started process 8793 to run task
[2024-10-02T19:23:36.911+0000] {standard_task_runner.py:90} INFO - Running: ['***', 'tasks', 'run', 'etl_covid_europa_pipeline', 'extrair', 'scheduled__2023-10-21T00:00:00+00:00', '--job-id', '2031', '--raw', '--subdir', 'DAGS_FOLDER/etl_pipeline.py', '--cfg-path', '/tmp/tmpws64rqrn']
[2024-10-02T19:23:36.914+0000] {standard_task_runner.py:91} INFO - Job 2031: Subtask extrair
[2024-10-02T19:23:36.980+0000] {task_command.py:426} INFO - Running <TaskInstance: etl_covid_europa_pipeline.extrair scheduled__2023-10-21T00:00:00+00:00 [running]> on host 99de7dfc3871
[2024-10-02T19:23:37.103+0000] {taskinstance.py:2648} INFO - Exporting env vars: AIRFLOW_CTX_DAG_OWNER='***' AIRFLOW_CTX_DAG_ID='etl_covid_europa_pipeline' AIRFLOW_CTX_TASK_ID='extrair' AIRFLOW_CTX_EXECUTION_DATE='2023-10-21T00:00:00+00:00' AIRFLOW_CTX_TRY_NUMBER='1' AIRFLOW_CTX_DAG_RUN_ID='scheduled__2023-10-21T00:00:00+00:00'
[2024-10-02T19:23:37.108+0000] {taskinstance.py:430} INFO - ::endgroup::
[2024-10-02T19:23:44.083+0000] {python.py:237} INFO - Done. Returned value was: None
[2024-10-02T19:23:44.084+0000] {taskinstance.py:441} INFO - ::group::Post task execution logs
[2024-10-02T19:23:44.092+0000] {taskinstance.py:1206} INFO - Marking task as SUCCESS. dag_id=etl_covid_europa_pipeline, task_id=extrair, run_id=scheduled__2023-10-21T00:00:00+00:00, execution_date=20231021T000000, start_date=20241002T192336, end_date=20241002T192344
[2024-10-02T19:23:44.139+0000] {local_task_job_runner.py:240} INFO - Task exited with return code 0
[2024-10-02T19:23:44.161+0000] {taskinstance.py:3503} INFO - 1 downstream tasks scheduled from follow-on schedule check
[2024-10-02T19:23:44.163+0000] {local_task_job_runner.py:222} INFO - ::endgroup::
