[2024-10-02T18:57:37.460+0000] {local_task_job_runner.py:120} INFO - ::group::Pre task execution logs
[2024-10-02T18:57:37.498+0000] {taskinstance.py:2076} INFO - Dependencies all met for dep_context=non-requeueable deps ti=<TaskInstance: etl_covid_europa_pipeline.carregar scheduled__2023-10-26T00:00:00+00:00 [queued]>
[2024-10-02T18:57:37.729+0000] {taskinstance.py:2076} INFO - Dependencies all met for dep_context=requeueable deps ti=<TaskInstance: etl_covid_europa_pipeline.carregar scheduled__2023-10-26T00:00:00+00:00 [queued]>
[2024-10-02T18:57:37.730+0000] {taskinstance.py:2306} INFO - Starting attempt 1 of 1
[2024-10-02T18:57:37.743+0000] {taskinstance.py:2330} INFO - Executing <Task(PythonOperator): carregar> on 2023-10-26 00:00:00+00:00
[2024-10-02T18:57:37.748+0000] {warnings.py:112} WARNING - /home/***/.local/lib/python3.12/site-packages/***/task/task_runner/standard_task_runner.py:61: DeprecationWarning: This process (pid=5502) is multi-threaded, use of fork() may lead to deadlocks in the child.
  pid = os.fork()

[2024-10-02T18:57:37.749+0000] {standard_task_runner.py:63} INFO - Started process 5516 to run task
[2024-10-02T18:57:37.749+0000] {standard_task_runner.py:90} INFO - Running: ['***', 'tasks', 'run', 'etl_covid_europa_pipeline', 'carregar', 'scheduled__2023-10-26T00:00:00+00:00', '--job-id', '1054', '--raw', '--subdir', 'DAGS_FOLDER/etl_pipeline.py', '--cfg-path', '/tmp/tmp34yf9ghr']
[2024-10-02T18:57:37.751+0000] {standard_task_runner.py:91} INFO - Job 1054: Subtask carregar
[2024-10-02T18:57:37.785+0000] {task_command.py:426} INFO - Running <TaskInstance: etl_covid_europa_pipeline.carregar scheduled__2023-10-26T00:00:00+00:00 [running]> on host 99de7dfc3871
[2024-10-02T18:57:37.856+0000] {taskinstance.py:2648} INFO - Exporting env vars: AIRFLOW_CTX_DAG_OWNER='***' AIRFLOW_CTX_DAG_ID='etl_covid_europa_pipeline' AIRFLOW_CTX_TASK_ID='carregar' AIRFLOW_CTX_EXECUTION_DATE='2023-10-26T00:00:00+00:00' AIRFLOW_CTX_TRY_NUMBER='1' AIRFLOW_CTX_DAG_RUN_ID='scheduled__2023-10-26T00:00:00+00:00'
[2024-10-02T18:57:37.858+0000] {taskinstance.py:430} INFO - ::endgroup::
[2024-10-02T18:57:37.909+0000] {python.py:237} INFO - Done. Returned value was: None
[2024-10-02T18:57:37.910+0000] {taskinstance.py:441} INFO - ::group::Post task execution logs
[2024-10-02T18:57:37.922+0000] {taskinstance.py:1206} INFO - Marking task as SUCCESS. dag_id=etl_covid_europa_pipeline, task_id=carregar, run_id=scheduled__2023-10-26T00:00:00+00:00, execution_date=20231026T000000, start_date=20241002T185737, end_date=20241002T185737
[2024-10-02T18:57:37.963+0000] {local_task_job_runner.py:240} INFO - Task exited with return code 0
[2024-10-02T18:57:37.981+0000] {taskinstance.py:3503} INFO - 0 downstream tasks scheduled from follow-on schedule check
[2024-10-02T18:57:37.986+0000] {local_task_job_runner.py:222} INFO - ::endgroup::
[2024-10-02T19:23:49.378+0000] {local_task_job_runner.py:120} INFO - ::group::Pre task execution logs
[2024-10-02T19:23:49.571+0000] {taskinstance.py:2076} INFO - Dependencies all met for dep_context=non-requeueable deps ti=<TaskInstance: etl_covid_europa_pipeline.carregar scheduled__2023-10-26T00:00:00+00:00 [queued]>
[2024-10-02T19:23:49.578+0000] {taskinstance.py:2076} INFO - Dependencies all met for dep_context=requeueable deps ti=<TaskInstance: etl_covid_europa_pipeline.carregar scheduled__2023-10-26T00:00:00+00:00 [queued]>
[2024-10-02T19:23:49.578+0000] {taskinstance.py:2306} INFO - Starting attempt 1 of 1
[2024-10-02T19:23:49.590+0000] {taskinstance.py:2330} INFO - Executing <Task(PythonOperator): carregar> on 2023-10-26 00:00:00+00:00
[2024-10-02T19:23:49.595+0000] {warnings.py:112} WARNING - /home/***/.local/lib/python3.12/site-packages/***/task/task_runner/standard_task_runner.py:61: DeprecationWarning: This process (pid=8867) is multi-threaded, use of fork() may lead to deadlocks in the child.
  pid = os.fork()

[2024-10-02T19:23:49.596+0000] {standard_task_runner.py:63} INFO - Started process 8871 to run task
[2024-10-02T19:23:49.596+0000] {standard_task_runner.py:90} INFO - Running: ['***', 'tasks', 'run', 'etl_covid_europa_pipeline', 'carregar', 'scheduled__2023-10-26T00:00:00+00:00', '--job-id', '2060', '--raw', '--subdir', 'DAGS_FOLDER/etl_pipeline.py', '--cfg-path', '/tmp/tmp_8gkpbi2']
[2024-10-02T19:23:49.598+0000] {standard_task_runner.py:91} INFO - Job 2060: Subtask carregar
[2024-10-02T19:23:49.636+0000] {task_command.py:426} INFO - Running <TaskInstance: etl_covid_europa_pipeline.carregar scheduled__2023-10-26T00:00:00+00:00 [running]> on host 99de7dfc3871
[2024-10-02T19:23:49.715+0000] {taskinstance.py:2648} INFO - Exporting env vars: AIRFLOW_CTX_DAG_OWNER='***' AIRFLOW_CTX_DAG_ID='etl_covid_europa_pipeline' AIRFLOW_CTX_TASK_ID='carregar' AIRFLOW_CTX_EXECUTION_DATE='2023-10-26T00:00:00+00:00' AIRFLOW_CTX_TRY_NUMBER='1' AIRFLOW_CTX_DAG_RUN_ID='scheduled__2023-10-26T00:00:00+00:00'
[2024-10-02T19:23:49.717+0000] {taskinstance.py:430} INFO - ::endgroup::
[2024-10-02T19:23:49.769+0000] {python.py:237} INFO - Done. Returned value was: None
[2024-10-02T19:23:49.770+0000] {taskinstance.py:441} INFO - ::group::Post task execution logs
[2024-10-02T19:23:49.777+0000] {taskinstance.py:1206} INFO - Marking task as SUCCESS. dag_id=etl_covid_europa_pipeline, task_id=carregar, run_id=scheduled__2023-10-26T00:00:00+00:00, execution_date=20231026T000000, start_date=20241002T192349, end_date=20241002T192349
[2024-10-02T19:23:49.810+0000] {local_task_job_runner.py:240} INFO - Task exited with return code 0
[2024-10-02T19:23:49.823+0000] {taskinstance.py:3503} INFO - 0 downstream tasks scheduled from follow-on schedule check
[2024-10-02T19:23:49.825+0000] {local_task_job_runner.py:222} INFO - ::endgroup::
