[2024-10-02T18:59:21.310+0000] {local_task_job_runner.py:120} INFO - ::group::Pre task execution logs
[2024-10-02T18:59:21.332+0000] {taskinstance.py:2076} INFO - Dependencies all met for dep_context=non-requeueable deps ti=<TaskInstance: etl_covid_europa_pipeline.carregar scheduled__2024-01-13T00:00:00+00:00 [queued]>
[2024-10-02T18:59:21.480+0000] {taskinstance.py:2076} INFO - Dependencies all met for dep_context=requeueable deps ti=<TaskInstance: etl_covid_europa_pipeline.carregar scheduled__2024-01-13T00:00:00+00:00 [queued]>
[2024-10-02T18:59:21.480+0000] {taskinstance.py:2306} INFO - Starting attempt 1 of 1
[2024-10-02T18:59:21.492+0000] {taskinstance.py:2330} INFO - Executing <Task(PythonOperator): carregar> on 2024-01-13 00:00:00+00:00
[2024-10-02T18:59:21.497+0000] {warnings.py:112} WARNING - /home/***/.local/lib/python3.12/site-packages/***/task/task_runner/standard_task_runner.py:61: DeprecationWarning: This process (pid=6270) is multi-threaded, use of fork() may lead to deadlocks in the child.
  pid = os.fork()

[2024-10-02T18:59:21.499+0000] {standard_task_runner.py:63} INFO - Started process 6272 to run task
[2024-10-02T18:59:21.499+0000] {standard_task_runner.py:90} INFO - Running: ['***', 'tasks', 'run', 'etl_covid_europa_pipeline', 'carregar', 'scheduled__2024-01-13T00:00:00+00:00', '--job-id', '1299', '--raw', '--subdir', 'DAGS_FOLDER/etl_pipeline.py', '--cfg-path', '/tmp/tmp7jrtot44']
[2024-10-02T18:59:21.501+0000] {standard_task_runner.py:91} INFO - Job 1299: Subtask carregar
[2024-10-02T18:59:21.538+0000] {task_command.py:426} INFO - Running <TaskInstance: etl_covid_europa_pipeline.carregar scheduled__2024-01-13T00:00:00+00:00 [running]> on host 99de7dfc3871
[2024-10-02T18:59:21.613+0000] {taskinstance.py:2648} INFO - Exporting env vars: AIRFLOW_CTX_DAG_OWNER='***' AIRFLOW_CTX_DAG_ID='etl_covid_europa_pipeline' AIRFLOW_CTX_TASK_ID='carregar' AIRFLOW_CTX_EXECUTION_DATE='2024-01-13T00:00:00+00:00' AIRFLOW_CTX_TRY_NUMBER='1' AIRFLOW_CTX_DAG_RUN_ID='scheduled__2024-01-13T00:00:00+00:00'
[2024-10-02T18:59:21.617+0000] {taskinstance.py:430} INFO - ::endgroup::
[2024-10-02T18:59:21.662+0000] {python.py:237} INFO - Done. Returned value was: None
[2024-10-02T18:59:21.663+0000] {taskinstance.py:441} INFO - ::group::Post task execution logs
[2024-10-02T18:59:21.671+0000] {taskinstance.py:1206} INFO - Marking task as SUCCESS. dag_id=etl_covid_europa_pipeline, task_id=carregar, run_id=scheduled__2024-01-13T00:00:00+00:00, execution_date=20240113T000000, start_date=20241002T185921, end_date=20241002T185921
[2024-10-02T18:59:21.712+0000] {local_task_job_runner.py:240} INFO - Task exited with return code 0
[2024-10-02T18:59:21.727+0000] {taskinstance.py:3503} INFO - 0 downstream tasks scheduled from follow-on schedule check
[2024-10-02T18:59:21.729+0000] {local_task_job_runner.py:222} INFO - ::endgroup::
[2024-10-02T19:25:33.065+0000] {local_task_job_runner.py:120} INFO - ::group::Pre task execution logs
[2024-10-02T19:25:33.094+0000] {taskinstance.py:2076} INFO - Dependencies all met for dep_context=non-requeueable deps ti=<TaskInstance: etl_covid_europa_pipeline.carregar scheduled__2024-01-13T00:00:00+00:00 [queued]>
[2024-10-02T19:25:33.110+0000] {taskinstance.py:2076} INFO - Dependencies all met for dep_context=requeueable deps ti=<TaskInstance: etl_covid_europa_pipeline.carregar scheduled__2024-01-13T00:00:00+00:00 [queued]>
[2024-10-02T19:25:33.111+0000] {taskinstance.py:2306} INFO - Starting attempt 1 of 1
[2024-10-02T19:25:33.398+0000] {taskinstance.py:2330} INFO - Executing <Task(PythonOperator): carregar> on 2024-01-13 00:00:00+00:00
[2024-10-02T19:25:33.412+0000] {warnings.py:112} WARNING - /home/***/.local/lib/python3.12/site-packages/***/task/task_runner/standard_task_runner.py:61: DeprecationWarning: This process (pid=9575) is multi-threaded, use of fork() may lead to deadlocks in the child.
  pid = os.fork()

[2024-10-02T19:25:33.414+0000] {standard_task_runner.py:63} INFO - Started process 9595 to run task
[2024-10-02T19:25:33.417+0000] {standard_task_runner.py:90} INFO - Running: ['***', 'tasks', 'run', 'etl_covid_europa_pipeline', 'carregar', 'scheduled__2024-01-13T00:00:00+00:00', '--job-id', '2291', '--raw', '--subdir', 'DAGS_FOLDER/etl_pipeline.py', '--cfg-path', '/tmp/tmpxchmcqke']
[2024-10-02T19:25:33.427+0000] {standard_task_runner.py:91} INFO - Job 2291: Subtask carregar
[2024-10-02T19:25:33.506+0000] {task_command.py:426} INFO - Running <TaskInstance: etl_covid_europa_pipeline.carregar scheduled__2024-01-13T00:00:00+00:00 [running]> on host 99de7dfc3871
[2024-10-02T19:25:33.668+0000] {taskinstance.py:2648} INFO - Exporting env vars: AIRFLOW_CTX_DAG_OWNER='***' AIRFLOW_CTX_DAG_ID='etl_covid_europa_pipeline' AIRFLOW_CTX_TASK_ID='carregar' AIRFLOW_CTX_EXECUTION_DATE='2024-01-13T00:00:00+00:00' AIRFLOW_CTX_TRY_NUMBER='1' AIRFLOW_CTX_DAG_RUN_ID='scheduled__2024-01-13T00:00:00+00:00'
[2024-10-02T19:25:33.674+0000] {taskinstance.py:430} INFO - ::endgroup::
[2024-10-02T19:25:33.882+0000] {python.py:237} INFO - Done. Returned value was: None
[2024-10-02T19:25:33.882+0000] {taskinstance.py:441} INFO - ::group::Post task execution logs
[2024-10-02T19:25:33.895+0000] {taskinstance.py:1206} INFO - Marking task as SUCCESS. dag_id=etl_covid_europa_pipeline, task_id=carregar, run_id=scheduled__2024-01-13T00:00:00+00:00, execution_date=20240113T000000, start_date=20241002T192533, end_date=20241002T192533
[2024-10-02T19:25:33.969+0000] {local_task_job_runner.py:240} INFO - Task exited with return code 0
[2024-10-02T19:25:33.981+0000] {local_task_job_runner.py:222} INFO - ::endgroup::
