[2024-10-02T17:31:02.907+0000] {local_task_job_runner.py:120} INFO - ::group::Pre task execution logs
[2024-10-02T17:31:02.929+0000] {taskinstance.py:2076} INFO - Dependencies all met for dep_context=non-requeueable deps ti=<TaskInstance: etl_covid_europa_pipeline.extrair scheduled__2024-08-14T00:00:00+00:00 [queued]>
[2024-10-02T17:31:02.936+0000] {taskinstance.py:2076} INFO - Dependencies all met for dep_context=requeueable deps ti=<TaskInstance: etl_covid_europa_pipeline.extrair scheduled__2024-08-14T00:00:00+00:00 [queued]>
[2024-10-02T17:31:02.937+0000] {taskinstance.py:2306} INFO - Starting attempt 1 of 1
[2024-10-02T17:31:03.087+0000] {taskinstance.py:2330} INFO - Executing <Task(PythonOperator): extrair> on 2024-08-14 00:00:00+00:00
[2024-10-02T17:31:03.093+0000] {warnings.py:112} WARNING - /home/***/.local/lib/python3.12/site-packages/***/task/task_runner/standard_task_runner.py:61: DeprecationWarning: This process (pid=2900) is multi-threaded, use of fork() may lead to deadlocks in the child.
  pid = os.fork()

[2024-10-02T17:31:03.094+0000] {standard_task_runner.py:63} INFO - Started process 2908 to run task
[2024-10-02T17:31:03.094+0000] {standard_task_runner.py:90} INFO - Running: ['***', 'tasks', 'run', 'etl_covid_europa_pipeline', 'extrair', 'scheduled__2024-08-14T00:00:00+00:00', '--job-id', '561', '--raw', '--subdir', 'DAGS_FOLDER/etl_pipeline.py', '--cfg-path', '/tmp/tmp50qxlbts']
[2024-10-02T17:31:03.095+0000] {standard_task_runner.py:91} INFO - Job 561: Subtask extrair
[2024-10-02T17:31:03.130+0000] {task_command.py:426} INFO - Running <TaskInstance: etl_covid_europa_pipeline.extrair scheduled__2024-08-14T00:00:00+00:00 [running]> on host 99de7dfc3871
[2024-10-02T17:31:03.203+0000] {taskinstance.py:2648} INFO - Exporting env vars: AIRFLOW_CTX_DAG_OWNER='***' AIRFLOW_CTX_DAG_ID='etl_covid_europa_pipeline' AIRFLOW_CTX_TASK_ID='extrair' AIRFLOW_CTX_EXECUTION_DATE='2024-08-14T00:00:00+00:00' AIRFLOW_CTX_TRY_NUMBER='1' AIRFLOW_CTX_DAG_RUN_ID='scheduled__2024-08-14T00:00:00+00:00'
[2024-10-02T17:31:03.204+0000] {taskinstance.py:430} INFO - ::endgroup::
[2024-10-02T17:31:09.456+0000] {python.py:237} INFO - Done. Returned value was: None
[2024-10-02T17:31:09.456+0000] {taskinstance.py:441} INFO - ::group::Post task execution logs
[2024-10-02T17:31:09.467+0000] {taskinstance.py:1206} INFO - Marking task as SUCCESS. dag_id=etl_covid_europa_pipeline, task_id=extrair, run_id=scheduled__2024-08-14T00:00:00+00:00, execution_date=20240814T000000, start_date=20241002T173102, end_date=20241002T173109
[2024-10-02T17:31:09.525+0000] {local_task_job_runner.py:240} INFO - Task exited with return code 0
[2024-10-02T17:31:09.556+0000] {taskinstance.py:3503} INFO - 1 downstream tasks scheduled from follow-on schedule check
[2024-10-02T17:31:09.557+0000] {local_task_job_runner.py:222} INFO - ::endgroup::
[2024-10-02T18:55:01.492+0000] {local_task_job_runner.py:120} INFO - ::group::Pre task execution logs
[2024-10-02T18:55:01.514+0000] {taskinstance.py:2076} INFO - Dependencies all met for dep_context=non-requeueable deps ti=<TaskInstance: etl_covid_europa_pipeline.extrair scheduled__2024-08-14T00:00:00+00:00 [queued]>
[2024-10-02T18:55:01.526+0000] {taskinstance.py:2076} INFO - Dependencies all met for dep_context=requeueable deps ti=<TaskInstance: etl_covid_europa_pipeline.extrair scheduled__2024-08-14T00:00:00+00:00 [queued]>
[2024-10-02T18:55:01.527+0000] {taskinstance.py:2306} INFO - Starting attempt 1 of 1
[2024-10-02T18:55:01.760+0000] {taskinstance.py:2330} INFO - Executing <Task(PythonOperator): extrair> on 2024-08-14 00:00:00+00:00
[2024-10-02T18:55:01.769+0000] {warnings.py:112} WARNING - /home/***/.local/lib/python3.12/site-packages/***/task/task_runner/standard_task_runner.py:61: DeprecationWarning: This process (pid=4767) is multi-threaded, use of fork() may lead to deadlocks in the child.
  pid = os.fork()

[2024-10-02T18:55:01.770+0000] {standard_task_runner.py:63} INFO - Started process 4783 to run task
[2024-10-02T18:55:01.771+0000] {standard_task_runner.py:90} INFO - Running: ['***', 'tasks', 'run', 'etl_covid_europa_pipeline', 'extrair', 'scheduled__2024-08-14T00:00:00+00:00', '--job-id', '818', '--raw', '--subdir', 'DAGS_FOLDER/etl_pipeline.py', '--cfg-path', '/tmp/tmpuy0145rq']
[2024-10-02T18:55:01.773+0000] {standard_task_runner.py:91} INFO - Job 818: Subtask extrair
[2024-10-02T18:55:01.823+0000] {task_command.py:426} INFO - Running <TaskInstance: etl_covid_europa_pipeline.extrair scheduled__2024-08-14T00:00:00+00:00 [running]> on host 99de7dfc3871
[2024-10-02T18:55:01.919+0000] {taskinstance.py:2648} INFO - Exporting env vars: AIRFLOW_CTX_DAG_OWNER='***' AIRFLOW_CTX_DAG_ID='etl_covid_europa_pipeline' AIRFLOW_CTX_TASK_ID='extrair' AIRFLOW_CTX_EXECUTION_DATE='2024-08-14T00:00:00+00:00' AIRFLOW_CTX_TRY_NUMBER='1' AIRFLOW_CTX_DAG_RUN_ID='scheduled__2024-08-14T00:00:00+00:00'
[2024-10-02T18:55:01.921+0000] {taskinstance.py:430} INFO - ::endgroup::
[2024-10-02T18:55:09.750+0000] {python.py:237} INFO - Done. Returned value was: None
[2024-10-02T18:55:09.751+0000] {taskinstance.py:441} INFO - ::group::Post task execution logs
[2024-10-02T18:55:09.761+0000] {taskinstance.py:1206} INFO - Marking task as SUCCESS. dag_id=etl_covid_europa_pipeline, task_id=extrair, run_id=scheduled__2024-08-14T00:00:00+00:00, execution_date=20240814T000000, start_date=20241002T185501, end_date=20241002T185509
[2024-10-02T18:55:09.802+0000] {local_task_job_runner.py:240} INFO - Task exited with return code 0
[2024-10-02T18:55:09.836+0000] {taskinstance.py:3503} INFO - 1 downstream tasks scheduled from follow-on schedule check
[2024-10-02T18:55:09.838+0000] {local_task_job_runner.py:222} INFO - ::endgroup::
[2024-10-02T19:03:43.796+0000] {local_task_job_runner.py:120} INFO - ::group::Pre task execution logs
[2024-10-02T19:03:43.824+0000] {taskinstance.py:2076} INFO - Dependencies all met for dep_context=non-requeueable deps ti=<TaskInstance: etl_covid_europa_pipeline.extrair scheduled__2024-08-14T00:00:00+00:00 [queued]>
[2024-10-02T19:03:44.010+0000] {taskinstance.py:2076} INFO - Dependencies all met for dep_context=requeueable deps ti=<TaskInstance: etl_covid_europa_pipeline.extrair scheduled__2024-08-14T00:00:00+00:00 [queued]>
[2024-10-02T19:03:44.011+0000] {taskinstance.py:2306} INFO - Starting attempt 1 of 1
[2024-10-02T19:03:44.133+0000] {taskinstance.py:2330} INFO - Executing <Task(PythonOperator): extrair> on 2024-08-14 00:00:00+00:00
[2024-10-02T19:03:44.140+0000] {warnings.py:112} WARNING - /home/***/.local/lib/python3.12/site-packages/***/task/task_runner/standard_task_runner.py:61: DeprecationWarning: This process (pid=7953) is multi-threaded, use of fork() may lead to deadlocks in the child.
  pid = os.fork()

[2024-10-02T19:03:44.141+0000] {standard_task_runner.py:63} INFO - Started process 7968 to run task
[2024-10-02T19:03:44.141+0000] {standard_task_runner.py:90} INFO - Running: ['***', 'tasks', 'run', 'etl_covid_europa_pipeline', 'extrair', 'scheduled__2024-08-14T00:00:00+00:00', '--job-id', '1843', '--raw', '--subdir', 'DAGS_FOLDER/etl_pipeline.py', '--cfg-path', '/tmp/tmp31dryc5i']
[2024-10-02T19:03:44.143+0000] {standard_task_runner.py:91} INFO - Job 1843: Subtask extrair
[2024-10-02T19:03:44.187+0000] {task_command.py:426} INFO - Running <TaskInstance: etl_covid_europa_pipeline.extrair scheduled__2024-08-14T00:00:00+00:00 [running]> on host 99de7dfc3871
[2024-10-02T19:03:44.273+0000] {taskinstance.py:2648} INFO - Exporting env vars: AIRFLOW_CTX_DAG_OWNER='***' AIRFLOW_CTX_DAG_ID='etl_covid_europa_pipeline' AIRFLOW_CTX_TASK_ID='extrair' AIRFLOW_CTX_EXECUTION_DATE='2024-08-14T00:00:00+00:00' AIRFLOW_CTX_TRY_NUMBER='1' AIRFLOW_CTX_DAG_RUN_ID='scheduled__2024-08-14T00:00:00+00:00'
[2024-10-02T19:03:44.276+0000] {taskinstance.py:430} INFO - ::endgroup::
[2024-10-02T19:03:49.664+0000] {python.py:237} INFO - Done. Returned value was: None
[2024-10-02T19:03:49.665+0000] {taskinstance.py:441} INFO - ::group::Post task execution logs
[2024-10-02T19:03:49.687+0000] {taskinstance.py:1206} INFO - Marking task as SUCCESS. dag_id=etl_covid_europa_pipeline, task_id=extrair, run_id=scheduled__2024-08-14T00:00:00+00:00, execution_date=20240814T000000, start_date=20241002T190343, end_date=20241002T190349
[2024-10-02T19:03:49.851+0000] {local_task_job_runner.py:240} INFO - Task exited with return code 0
[2024-10-02T19:03:49.915+0000] {taskinstance.py:3503} INFO - 1 downstream tasks scheduled from follow-on schedule check
[2024-10-02T19:03:49.924+0000] {local_task_job_runner.py:222} INFO - ::endgroup::
