[2024-10-02T17:28:38.600+0000] {local_task_job_runner.py:120} INFO - ::group::Pre task execution logs
[2024-10-02T17:28:38.623+0000] {taskinstance.py:2076} INFO - Dependencies all met for dep_context=non-requeueable deps ti=<TaskInstance: etl_covid_europa_pipeline.extrair scheduled__2024-04-09T00:00:00+00:00 [queued]>
[2024-10-02T17:28:38.630+0000] {taskinstance.py:2076} INFO - Dependencies all met for dep_context=requeueable deps ti=<TaskInstance: etl_covid_europa_pipeline.extrair scheduled__2024-04-09T00:00:00+00:00 [queued]>
[2024-10-02T17:28:38.630+0000] {taskinstance.py:2306} INFO - Starting attempt 1 of 1
[2024-10-02T17:28:38.826+0000] {taskinstance.py:2330} INFO - Executing <Task(PythonOperator): extrair> on 2024-04-09 00:00:00+00:00
[2024-10-02T17:28:38.832+0000] {warnings.py:112} WARNING - /home/***/.local/lib/python3.12/site-packages/***/task/task_runner/standard_task_runner.py:61: DeprecationWarning: This process (pid=2194) is multi-threaded, use of fork() may lead to deadlocks in the child.
  pid = os.fork()

[2024-10-02T17:28:38.833+0000] {standard_task_runner.py:63} INFO - Started process 2207 to run task
[2024-10-02T17:28:38.833+0000] {standard_task_runner.py:90} INFO - Running: ['***', 'tasks', 'run', 'etl_covid_europa_pipeline', 'extrair', 'scheduled__2024-04-09T00:00:00+00:00', '--job-id', '333', '--raw', '--subdir', 'DAGS_FOLDER/etl_pipeline.py', '--cfg-path', '/tmp/tmpdlsbpag0']
[2024-10-02T17:28:38.835+0000] {standard_task_runner.py:91} INFO - Job 333: Subtask extrair
[2024-10-02T17:28:38.882+0000] {task_command.py:426} INFO - Running <TaskInstance: etl_covid_europa_pipeline.extrair scheduled__2024-04-09T00:00:00+00:00 [running]> on host 99de7dfc3871
[2024-10-02T17:28:38.977+0000] {taskinstance.py:2648} INFO - Exporting env vars: AIRFLOW_CTX_DAG_OWNER='***' AIRFLOW_CTX_DAG_ID='etl_covid_europa_pipeline' AIRFLOW_CTX_TASK_ID='extrair' AIRFLOW_CTX_EXECUTION_DATE='2024-04-09T00:00:00+00:00' AIRFLOW_CTX_TRY_NUMBER='1' AIRFLOW_CTX_DAG_RUN_ID='scheduled__2024-04-09T00:00:00+00:00'
[2024-10-02T17:28:38.978+0000] {taskinstance.py:430} INFO - ::endgroup::
[2024-10-02T17:28:45.041+0000] {python.py:237} INFO - Done. Returned value was: None
[2024-10-02T17:28:45.042+0000] {taskinstance.py:441} INFO - ::group::Post task execution logs
[2024-10-02T17:28:45.049+0000] {taskinstance.py:1206} INFO - Marking task as SUCCESS. dag_id=etl_covid_europa_pipeline, task_id=extrair, run_id=scheduled__2024-04-09T00:00:00+00:00, execution_date=20240409T000000, start_date=20241002T172838, end_date=20241002T172845
[2024-10-02T17:28:45.097+0000] {local_task_job_runner.py:240} INFO - Task exited with return code 0
[2024-10-02T17:28:45.117+0000] {taskinstance.py:3503} INFO - 1 downstream tasks scheduled from follow-on schedule check
[2024-10-02T17:28:45.119+0000] {local_task_job_runner.py:222} INFO - ::endgroup::
[2024-10-02T19:01:09.666+0000] {local_task_job_runner.py:120} INFO - ::group::Pre task execution logs
[2024-10-02T19:01:09.873+0000] {taskinstance.py:2076} INFO - Dependencies all met for dep_context=non-requeueable deps ti=<TaskInstance: etl_covid_europa_pipeline.extrair scheduled__2024-04-09T00:00:00+00:00 [queued]>
[2024-10-02T19:01:09.879+0000] {taskinstance.py:2076} INFO - Dependencies all met for dep_context=requeueable deps ti=<TaskInstance: etl_covid_europa_pipeline.extrair scheduled__2024-04-09T00:00:00+00:00 [queued]>
[2024-10-02T19:01:09.880+0000] {taskinstance.py:2306} INFO - Starting attempt 1 of 1
[2024-10-02T19:01:09.891+0000] {taskinstance.py:2330} INFO - Executing <Task(PythonOperator): extrair> on 2024-04-09 00:00:00+00:00
[2024-10-02T19:01:09.896+0000] {warnings.py:112} WARNING - /home/***/.local/lib/python3.12/site-packages/***/task/task_runner/standard_task_runner.py:61: DeprecationWarning: This process (pid=6925) is multi-threaded, use of fork() may lead to deadlocks in the child.
  pid = os.fork()

[2024-10-02T19:01:09.897+0000] {standard_task_runner.py:63} INFO - Started process 6929 to run task
[2024-10-02T19:01:09.897+0000] {standard_task_runner.py:90} INFO - Running: ['***', 'tasks', 'run', 'etl_covid_europa_pipeline', 'extrair', 'scheduled__2024-04-09T00:00:00+00:00', '--job-id', '1510', '--raw', '--subdir', 'DAGS_FOLDER/etl_pipeline.py', '--cfg-path', '/tmp/tmpdek1e4h8']
[2024-10-02T19:01:09.899+0000] {standard_task_runner.py:91} INFO - Job 1510: Subtask extrair
[2024-10-02T19:01:09.935+0000] {task_command.py:426} INFO - Running <TaskInstance: etl_covid_europa_pipeline.extrair scheduled__2024-04-09T00:00:00+00:00 [running]> on host 99de7dfc3871
[2024-10-02T19:01:10.019+0000] {taskinstance.py:2648} INFO - Exporting env vars: AIRFLOW_CTX_DAG_OWNER='***' AIRFLOW_CTX_DAG_ID='etl_covid_europa_pipeline' AIRFLOW_CTX_TASK_ID='extrair' AIRFLOW_CTX_EXECUTION_DATE='2024-04-09T00:00:00+00:00' AIRFLOW_CTX_TRY_NUMBER='1' AIRFLOW_CTX_DAG_RUN_ID='scheduled__2024-04-09T00:00:00+00:00'
[2024-10-02T19:01:10.020+0000] {taskinstance.py:430} INFO - ::endgroup::
[2024-10-02T19:01:15.704+0000] {python.py:237} INFO - Done. Returned value was: None
[2024-10-02T19:01:15.705+0000] {taskinstance.py:441} INFO - ::group::Post task execution logs
[2024-10-02T19:01:15.712+0000] {taskinstance.py:1206} INFO - Marking task as SUCCESS. dag_id=etl_covid_europa_pipeline, task_id=extrair, run_id=scheduled__2024-04-09T00:00:00+00:00, execution_date=20240409T000000, start_date=20241002T190109, end_date=20241002T190115
[2024-10-02T19:01:15.756+0000] {local_task_job_runner.py:240} INFO - Task exited with return code 0
[2024-10-02T19:01:15.764+0000] {local_task_job_runner.py:222} INFO - ::endgroup::
[2024-10-02T19:27:25.537+0000] {local_task_job_runner.py:120} INFO - ::group::Pre task execution logs
[2024-10-02T19:27:25.775+0000] {taskinstance.py:2076} INFO - Dependencies all met for dep_context=non-requeueable deps ti=<TaskInstance: etl_covid_europa_pipeline.extrair scheduled__2024-04-09T00:00:00+00:00 [queued]>
[2024-10-02T19:27:25.786+0000] {taskinstance.py:2076} INFO - Dependencies all met for dep_context=requeueable deps ti=<TaskInstance: etl_covid_europa_pipeline.extrair scheduled__2024-04-09T00:00:00+00:00 [queued]>
[2024-10-02T19:27:25.787+0000] {taskinstance.py:2306} INFO - Starting attempt 1 of 1
[2024-10-02T19:27:25.818+0000] {taskinstance.py:2330} INFO - Executing <Task(PythonOperator): extrair> on 2024-04-09 00:00:00+00:00
[2024-10-02T19:27:25.825+0000] {warnings.py:112} WARNING - /home/***/.local/lib/python3.12/site-packages/***/task/task_runner/standard_task_runner.py:61: DeprecationWarning: This process (pid=10358) is multi-threaded, use of fork() may lead to deadlocks in the child.
  pid = os.fork()

[2024-10-02T19:27:25.828+0000] {standard_task_runner.py:90} INFO - Running: ['***', 'tasks', 'run', 'etl_covid_europa_pipeline', 'extrair', 'scheduled__2024-04-09T00:00:00+00:00', '--job-id', '2543', '--raw', '--subdir', 'DAGS_FOLDER/etl_pipeline_agrupar_continente.py', '--cfg-path', '/tmp/tmprfjlkinp']
[2024-10-02T19:27:25.832+0000] {standard_task_runner.py:63} INFO - Started process 10372 to run task
[2024-10-02T19:27:25.832+0000] {standard_task_runner.py:91} INFO - Job 2543: Subtask extrair
[2024-10-02T19:27:25.905+0000] {task_command.py:426} INFO - Running <TaskInstance: etl_covid_europa_pipeline.extrair scheduled__2024-04-09T00:00:00+00:00 [running]> on host 99de7dfc3871
[2024-10-02T19:27:26.032+0000] {taskinstance.py:2648} INFO - Exporting env vars: AIRFLOW_CTX_DAG_OWNER='***' AIRFLOW_CTX_DAG_ID='etl_covid_europa_pipeline' AIRFLOW_CTX_TASK_ID='extrair' AIRFLOW_CTX_EXECUTION_DATE='2024-04-09T00:00:00+00:00' AIRFLOW_CTX_TRY_NUMBER='1' AIRFLOW_CTX_DAG_RUN_ID='scheduled__2024-04-09T00:00:00+00:00'
[2024-10-02T19:27:26.034+0000] {taskinstance.py:430} INFO - ::endgroup::
[2024-10-02T19:27:31.601+0000] {python.py:237} INFO - Done. Returned value was: None
[2024-10-02T19:27:31.603+0000] {taskinstance.py:441} INFO - ::group::Post task execution logs
[2024-10-02T19:27:31.612+0000] {taskinstance.py:1206} INFO - Marking task as SUCCESS. dag_id=etl_covid_europa_pipeline, task_id=extrair, run_id=scheduled__2024-04-09T00:00:00+00:00, execution_date=20240409T000000, start_date=20241002T192725, end_date=20241002T192731
[2024-10-02T19:27:31.648+0000] {local_task_job_runner.py:240} INFO - Task exited with return code 0
[2024-10-02T19:27:31.676+0000] {taskinstance.py:3503} INFO - 1 downstream tasks scheduled from follow-on schedule check
[2024-10-02T19:27:31.679+0000] {local_task_job_runner.py:222} INFO - ::endgroup::
