[2024-10-02T18:59:42.424+0000] {local_task_job_runner.py:120} INFO - ::group::Pre task execution logs
[2024-10-02T18:59:42.455+0000] {taskinstance.py:2076} INFO - Dependencies all met for dep_context=non-requeueable deps ti=<TaskInstance: etl_covid_europa_pipeline.carregar scheduled__2024-01-31T00:00:00+00:00 [queued]>
[2024-10-02T18:59:42.677+0000] {taskinstance.py:2076} INFO - Dependencies all met for dep_context=requeueable deps ti=<TaskInstance: etl_covid_europa_pipeline.carregar scheduled__2024-01-31T00:00:00+00:00 [queued]>
[2024-10-02T18:59:42.678+0000] {taskinstance.py:2306} INFO - Starting attempt 1 of 1
[2024-10-02T18:59:42.694+0000] {taskinstance.py:2330} INFO - Executing <Task(PythonOperator): carregar> on 2024-01-31 00:00:00+00:00
[2024-10-02T18:59:42.704+0000] {warnings.py:112} WARNING - /home/***/.local/lib/python3.12/site-packages/***/task/task_runner/standard_task_runner.py:61: DeprecationWarning: This process (pid=6369) is multi-threaded, use of fork() may lead to deadlocks in the child.
  pid = os.fork()

[2024-10-02T18:59:42.706+0000] {standard_task_runner.py:63} INFO - Started process 6392 to run task
[2024-10-02T18:59:42.706+0000] {standard_task_runner.py:90} INFO - Running: ['***', 'tasks', 'run', 'etl_covid_europa_pipeline', 'carregar', 'scheduled__2024-01-31T00:00:00+00:00', '--job-id', '1335', '--raw', '--subdir', 'DAGS_FOLDER/etl_pipeline.py', '--cfg-path', '/tmp/tmppuqj7mxt']
[2024-10-02T18:59:42.708+0000] {standard_task_runner.py:91} INFO - Job 1335: Subtask carregar
[2024-10-02T18:59:42.751+0000] {task_command.py:426} INFO - Running <TaskInstance: etl_covid_europa_pipeline.carregar scheduled__2024-01-31T00:00:00+00:00 [running]> on host 99de7dfc3871
[2024-10-02T18:59:42.846+0000] {taskinstance.py:2648} INFO - Exporting env vars: AIRFLOW_CTX_DAG_OWNER='***' AIRFLOW_CTX_DAG_ID='etl_covid_europa_pipeline' AIRFLOW_CTX_TASK_ID='carregar' AIRFLOW_CTX_EXECUTION_DATE='2024-01-31T00:00:00+00:00' AIRFLOW_CTX_TRY_NUMBER='1' AIRFLOW_CTX_DAG_RUN_ID='scheduled__2024-01-31T00:00:00+00:00'
[2024-10-02T18:59:42.851+0000] {taskinstance.py:430} INFO - ::endgroup::
[2024-10-02T18:59:42.908+0000] {python.py:237} INFO - Done. Returned value was: None
[2024-10-02T18:59:42.909+0000] {taskinstance.py:441} INFO - ::group::Post task execution logs
[2024-10-02T18:59:42.918+0000] {taskinstance.py:1206} INFO - Marking task as SUCCESS. dag_id=etl_covid_europa_pipeline, task_id=carregar, run_id=scheduled__2024-01-31T00:00:00+00:00, execution_date=20240131T000000, start_date=20241002T185942, end_date=20241002T185942
[2024-10-02T18:59:42.960+0000] {local_task_job_runner.py:240} INFO - Task exited with return code 0
[2024-10-02T18:59:42.975+0000] {taskinstance.py:3503} INFO - 0 downstream tasks scheduled from follow-on schedule check
[2024-10-02T18:59:42.976+0000] {local_task_job_runner.py:222} INFO - ::endgroup::
[2024-10-02T19:25:50.648+0000] {local_task_job_runner.py:120} INFO - ::group::Pre task execution logs
[2024-10-02T19:25:50.999+0000] {taskinstance.py:2076} INFO - Dependencies all met for dep_context=non-requeueable deps ti=<TaskInstance: etl_covid_europa_pipeline.carregar scheduled__2024-01-31T00:00:00+00:00 [queued]>
[2024-10-02T19:25:51.011+0000] {taskinstance.py:2076} INFO - Dependencies all met for dep_context=requeueable deps ti=<TaskInstance: etl_covid_europa_pipeline.carregar scheduled__2024-01-31T00:00:00+00:00 [queued]>
[2024-10-02T19:25:51.012+0000] {taskinstance.py:2306} INFO - Starting attempt 1 of 1
[2024-10-02T19:25:51.030+0000] {taskinstance.py:2330} INFO - Executing <Task(PythonOperator): carregar> on 2024-01-31 00:00:00+00:00
[2024-10-02T19:25:51.039+0000] {warnings.py:112} WARNING - /home/***/.local/lib/python3.12/site-packages/***/task/task_runner/standard_task_runner.py:61: DeprecationWarning: This process (pid=9724) is multi-threaded, use of fork() may lead to deadlocks in the child.
  pid = os.fork()

[2024-10-02T19:25:51.041+0000] {standard_task_runner.py:63} INFO - Started process 9746 to run task
[2024-10-02T19:25:51.041+0000] {standard_task_runner.py:90} INFO - Running: ['***', 'tasks', 'run', 'etl_covid_europa_pipeline', 'carregar', 'scheduled__2024-01-31T00:00:00+00:00', '--job-id', '2337', '--raw', '--subdir', 'DAGS_FOLDER/etl_pipeline.py', '--cfg-path', '/tmp/tmpdmjczsfd']
[2024-10-02T19:25:51.044+0000] {standard_task_runner.py:91} INFO - Job 2337: Subtask carregar
[2024-10-02T19:25:51.110+0000] {task_command.py:426} INFO - Running <TaskInstance: etl_covid_europa_pipeline.carregar scheduled__2024-01-31T00:00:00+00:00 [running]> on host 99de7dfc3871
[2024-10-02T19:25:51.292+0000] {taskinstance.py:2648} INFO - Exporting env vars: AIRFLOW_CTX_DAG_OWNER='***' AIRFLOW_CTX_DAG_ID='etl_covid_europa_pipeline' AIRFLOW_CTX_TASK_ID='carregar' AIRFLOW_CTX_EXECUTION_DATE='2024-01-31T00:00:00+00:00' AIRFLOW_CTX_TRY_NUMBER='1' AIRFLOW_CTX_DAG_RUN_ID='scheduled__2024-01-31T00:00:00+00:00'
[2024-10-02T19:25:51.294+0000] {taskinstance.py:430} INFO - ::endgroup::
[2024-10-02T19:25:51.400+0000] {python.py:237} INFO - Done. Returned value was: None
[2024-10-02T19:25:51.401+0000] {taskinstance.py:441} INFO - ::group::Post task execution logs
[2024-10-02T19:25:51.413+0000] {taskinstance.py:1206} INFO - Marking task as SUCCESS. dag_id=etl_covid_europa_pipeline, task_id=carregar, run_id=scheduled__2024-01-31T00:00:00+00:00, execution_date=20240131T000000, start_date=20241002T192550, end_date=20241002T192551
[2024-10-02T19:25:51.457+0000] {local_task_job_runner.py:240} INFO - Task exited with return code 0
[2024-10-02T19:25:51.481+0000] {taskinstance.py:3503} INFO - 0 downstream tasks scheduled from follow-on schedule check
[2024-10-02T19:25:51.488+0000] {local_task_job_runner.py:222} INFO - ::endgroup::
