[2024-10-02T17:30:38.645+0000] {local_task_job_runner.py:120} INFO - ::group::Pre task execution logs
[2024-10-02T17:30:38.665+0000] {taskinstance.py:2076} INFO - Dependencies all met for dep_context=non-requeueable deps ti=<TaskInstance: etl_covid_europa_pipeline.transformar scheduled__2024-07-02T00:00:00+00:00 [queued]>
[2024-10-02T17:30:38.671+0000] {taskinstance.py:2076} INFO - Dependencies all met for dep_context=requeueable deps ti=<TaskInstance: etl_covid_europa_pipeline.transformar scheduled__2024-07-02T00:00:00+00:00 [queued]>
[2024-10-02T17:30:38.672+0000] {taskinstance.py:2306} INFO - Starting attempt 1 of 1
[2024-10-02T17:30:38.816+0000] {taskinstance.py:2330} INFO - Executing <Task(PythonOperator): transformar> on 2024-07-02 00:00:00+00:00
[2024-10-02T17:30:38.822+0000] {warnings.py:112} WARNING - /home/***/.local/lib/python3.12/site-packages/***/task/task_runner/standard_task_runner.py:61: DeprecationWarning: This process (pid=2780) is multi-threaded, use of fork() may lead to deadlocks in the child.
  pid = os.fork()

[2024-10-02T17:30:38.824+0000] {standard_task_runner.py:63} INFO - Started process 2782 to run task
[2024-10-02T17:30:38.823+0000] {standard_task_runner.py:90} INFO - Running: ['***', 'tasks', 'run', 'etl_covid_europa_pipeline', 'transformar', 'scheduled__2024-07-02T00:00:00+00:00', '--job-id', '519', '--raw', '--subdir', 'DAGS_FOLDER/etl_pipeline.py', '--cfg-path', '/tmp/tmpqpqd4rde']
[2024-10-02T17:30:38.824+0000] {standard_task_runner.py:91} INFO - Job 519: Subtask transformar
[2024-10-02T17:30:38.860+0000] {task_command.py:426} INFO - Running <TaskInstance: etl_covid_europa_pipeline.transformar scheduled__2024-07-02T00:00:00+00:00 [running]> on host 99de7dfc3871
[2024-10-02T17:30:38.928+0000] {taskinstance.py:2648} INFO - Exporting env vars: AIRFLOW_CTX_DAG_OWNER='***' AIRFLOW_CTX_DAG_ID='etl_covid_europa_pipeline' AIRFLOW_CTX_TASK_ID='transformar' AIRFLOW_CTX_EXECUTION_DATE='2024-07-02T00:00:00+00:00' AIRFLOW_CTX_TRY_NUMBER='1' AIRFLOW_CTX_DAG_RUN_ID='scheduled__2024-07-02T00:00:00+00:00'
[2024-10-02T17:30:38.928+0000] {taskinstance.py:430} INFO - ::endgroup::
[2024-10-02T17:30:38.950+0000] {taskinstance.py:441} INFO - ::group::Post task execution logs
[2024-10-02T17:30:38.951+0000] {taskinstance.py:2905} ERROR - Task failed with exception
Traceback (most recent call last):
  File "/home/airflow/.local/lib/python3.12/site-packages/airflow/models/taskinstance.py", line 465, in _execute_task
    result = _execute_callable(context=context, **execute_callable_kwargs)
             ^^^^^^^^^^^^^^^^^^^^^^^^^^^^^^^^^^^^^^^^^^^^^^^^^^^^^^^^^^^^^
  File "/home/airflow/.local/lib/python3.12/site-packages/airflow/models/taskinstance.py", line 432, in _execute_callable
    return execute_callable(context=context, **execute_callable_kwargs)
           ^^^^^^^^^^^^^^^^^^^^^^^^^^^^^^^^^^^^^^^^^^^^^^^^^^^^^^^^^^^^
  File "/home/airflow/.local/lib/python3.12/site-packages/airflow/models/baseoperator.py", line 401, in wrapper
    return func(self, *args, **kwargs)
           ^^^^^^^^^^^^^^^^^^^^^^^^^^^
  File "/home/airflow/.local/lib/python3.12/site-packages/airflow/operators/python.py", line 235, in execute
    return_value = self.execute_callable()
                   ^^^^^^^^^^^^^^^^^^^^^^^
  File "/home/airflow/.local/lib/python3.12/site-packages/airflow/operators/python.py", line 252, in execute_callable
    return self.python_callable(*self.op_args, **self.op_kwargs)
           ^^^^^^^^^^^^^^^^^^^^^^^^^^^^^^^^^^^^^^^^^^^^^^^^^^^^^
  File "/opt/airflow/dags/etl_pipeline.py", line 13, in transformar
    df = pd.read_csv('data/dados_covid_extraidos.csv')
         ^^^^^^^^^^^^^^^^^^^^^^^^^^^^^^^^^^^^^^^^^^^^^
  File "/home/airflow/.local/lib/python3.12/site-packages/pandas/io/parsers/readers.py", line 948, in read_csv
    return _read(filepath_or_buffer, kwds)
           ^^^^^^^^^^^^^^^^^^^^^^^^^^^^^^^
  File "/home/airflow/.local/lib/python3.12/site-packages/pandas/io/parsers/readers.py", line 617, in _read
    return parser.read(nrows)
           ^^^^^^^^^^^^^^^^^^
  File "/home/airflow/.local/lib/python3.12/site-packages/pandas/io/parsers/readers.py", line 1748, in read
    ) = self._engine.read(  # type: ignore[attr-defined]
        ^^^^^^^^^^^^^^^^^^^^^^^^^^^^^^^^^^^^^^^^^^^^^^^^
  File "/home/airflow/.local/lib/python3.12/site-packages/pandas/io/parsers/c_parser_wrapper.py", line 234, in read
    chunks = self._reader.read_low_memory(nrows)
             ^^^^^^^^^^^^^^^^^^^^^^^^^^^^^^^^^^^
  File "parsers.pyx", line 843, in pandas._libs.parsers.TextReader.read_low_memory
  File "parsers.pyx", line 904, in pandas._libs.parsers.TextReader._read_rows
  File "parsers.pyx", line 879, in pandas._libs.parsers.TextReader._tokenize_rows
  File "parsers.pyx", line 890, in pandas._libs.parsers.TextReader._check_tokenize_status
  File "parsers.pyx", line 2058, in pandas._libs.parsers.raise_parser_error
pandas.errors.ParserError: Error tokenizing data. C error: Expected 1 fields in line 7201, saw 2

[2024-10-02T17:30:38.963+0000] {taskinstance.py:1206} INFO - Marking task as FAILED. dag_id=etl_covid_europa_pipeline, task_id=transformar, run_id=scheduled__2024-07-02T00:00:00+00:00, execution_date=20240702T000000, start_date=20241002T173038, end_date=20241002T173038
[2024-10-02T17:30:38.973+0000] {standard_task_runner.py:110} ERROR - Failed to execute job 519 for task transformar (Error tokenizing data. C error: Expected 1 fields in line 7201, saw 2
; 2782)
[2024-10-02T17:30:38.997+0000] {local_task_job_runner.py:240} INFO - Task exited with return code 1
[2024-10-02T17:30:39.015+0000] {taskinstance.py:3503} INFO - 0 downstream tasks scheduled from follow-on schedule check
[2024-10-02T17:30:39.020+0000] {local_task_job_runner.py:222} INFO - ::endgroup::
[2024-10-02T18:54:12.362+0000] {local_task_job_runner.py:120} INFO - ::group::Pre task execution logs
[2024-10-02T18:54:12.398+0000] {taskinstance.py:2076} INFO - Dependencies all met for dep_context=non-requeueable deps ti=<TaskInstance: etl_covid_europa_pipeline.transformar scheduled__2024-07-02T00:00:00+00:00 [queued]>
[2024-10-02T18:54:12.415+0000] {taskinstance.py:2076} INFO - Dependencies all met for dep_context=requeueable deps ti=<TaskInstance: etl_covid_europa_pipeline.transformar scheduled__2024-07-02T00:00:00+00:00 [queued]>
[2024-10-02T18:54:12.417+0000] {taskinstance.py:2306} INFO - Starting attempt 1 of 1
[2024-10-02T18:54:12.781+0000] {taskinstance.py:2330} INFO - Executing <Task(PythonOperator): transformar> on 2024-07-02 00:00:00+00:00
[2024-10-02T18:54:12.793+0000] {warnings.py:112} WARNING - /home/***/.local/lib/python3.12/site-packages/***/task/task_runner/standard_task_runner.py:61: DeprecationWarning: This process (pid=4370) is multi-threaded, use of fork() may lead to deadlocks in the child.
  pid = os.fork()

[2024-10-02T18:54:12.795+0000] {standard_task_runner.py:63} INFO - Started process 4406 to run task
[2024-10-02T18:54:12.799+0000] {standard_task_runner.py:90} INFO - Running: ['***', 'tasks', 'run', 'etl_covid_europa_pipeline', 'transformar', 'scheduled__2024-07-02T00:00:00+00:00', '--job-id', '694', '--raw', '--subdir', 'DAGS_FOLDER/etl_pipeline.py', '--cfg-path', '/tmp/tmpfzbp_tnc']
[2024-10-02T18:54:12.802+0000] {standard_task_runner.py:91} INFO - Job 694: Subtask transformar
[2024-10-02T18:54:12.879+0000] {task_command.py:426} INFO - Running <TaskInstance: etl_covid_europa_pipeline.transformar scheduled__2024-07-02T00:00:00+00:00 [running]> on host 99de7dfc3871
[2024-10-02T18:54:13.021+0000] {taskinstance.py:2648} INFO - Exporting env vars: AIRFLOW_CTX_DAG_OWNER='***' AIRFLOW_CTX_DAG_ID='etl_covid_europa_pipeline' AIRFLOW_CTX_TASK_ID='transformar' AIRFLOW_CTX_EXECUTION_DATE='2024-07-02T00:00:00+00:00' AIRFLOW_CTX_TRY_NUMBER='1' AIRFLOW_CTX_DAG_RUN_ID='scheduled__2024-07-02T00:00:00+00:00'
[2024-10-02T18:54:13.022+0000] {taskinstance.py:430} INFO - ::endgroup::
[2024-10-02T18:54:13.166+0000] {python.py:237} INFO - Done. Returned value was: None
[2024-10-02T18:54:13.167+0000] {taskinstance.py:441} INFO - ::group::Post task execution logs
[2024-10-02T18:54:13.182+0000] {taskinstance.py:1206} INFO - Marking task as SUCCESS. dag_id=etl_covid_europa_pipeline, task_id=transformar, run_id=scheduled__2024-07-02T00:00:00+00:00, execution_date=20240702T000000, start_date=20241002T185412, end_date=20241002T185413
[2024-10-02T18:54:13.253+0000] {local_task_job_runner.py:240} INFO - Task exited with return code 0
[2024-10-02T18:54:13.270+0000] {local_task_job_runner.py:222} INFO - ::endgroup::
[2024-10-02T19:03:14.361+0000] {local_task_job_runner.py:120} INFO - ::group::Pre task execution logs
[2024-10-02T19:03:14.748+0000] {taskinstance.py:2076} INFO - Dependencies all met for dep_context=non-requeueable deps ti=<TaskInstance: etl_covid_europa_pipeline.transformar scheduled__2024-07-02T00:00:00+00:00 [queued]>
[2024-10-02T19:03:14.757+0000] {taskinstance.py:2076} INFO - Dependencies all met for dep_context=requeueable deps ti=<TaskInstance: etl_covid_europa_pipeline.transformar scheduled__2024-07-02T00:00:00+00:00 [queued]>
[2024-10-02T19:03:14.758+0000] {taskinstance.py:2306} INFO - Starting attempt 1 of 1
[2024-10-02T19:03:14.773+0000] {taskinstance.py:2330} INFO - Executing <Task(PythonOperator): transformar> on 2024-07-02 00:00:00+00:00
[2024-10-02T19:03:14.783+0000] {warnings.py:112} WARNING - /home/***/.local/lib/python3.12/site-packages/***/task/task_runner/standard_task_runner.py:61: DeprecationWarning: This process (pid=7686) is multi-threaded, use of fork() may lead to deadlocks in the child.
  pid = os.fork()

[2024-10-02T19:03:14.785+0000] {standard_task_runner.py:63} INFO - Started process 7707 to run task
[2024-10-02T19:03:14.785+0000] {standard_task_runner.py:90} INFO - Running: ['***', 'tasks', 'run', 'etl_covid_europa_pipeline', 'transformar', 'scheduled__2024-07-02T00:00:00+00:00', '--job-id', '1755', '--raw', '--subdir', 'DAGS_FOLDER/etl_pipeline.py', '--cfg-path', '/tmp/tmpk58og0at']
[2024-10-02T19:03:14.787+0000] {standard_task_runner.py:91} INFO - Job 1755: Subtask transformar
[2024-10-02T19:03:14.856+0000] {task_command.py:426} INFO - Running <TaskInstance: etl_covid_europa_pipeline.transformar scheduled__2024-07-02T00:00:00+00:00 [running]> on host 99de7dfc3871
[2024-10-02T19:03:14.982+0000] {taskinstance.py:2648} INFO - Exporting env vars: AIRFLOW_CTX_DAG_OWNER='***' AIRFLOW_CTX_DAG_ID='etl_covid_europa_pipeline' AIRFLOW_CTX_TASK_ID='transformar' AIRFLOW_CTX_EXECUTION_DATE='2024-07-02T00:00:00+00:00' AIRFLOW_CTX_TRY_NUMBER='1' AIRFLOW_CTX_DAG_RUN_ID='scheduled__2024-07-02T00:00:00+00:00'
[2024-10-02T19:03:14.983+0000] {taskinstance.py:430} INFO - ::endgroup::
[2024-10-02T19:03:15.320+0000] {python.py:237} INFO - Done. Returned value was: None
[2024-10-02T19:03:15.321+0000] {taskinstance.py:441} INFO - ::group::Post task execution logs
[2024-10-02T19:03:15.335+0000] {taskinstance.py:1206} INFO - Marking task as SUCCESS. dag_id=etl_covid_europa_pipeline, task_id=transformar, run_id=scheduled__2024-07-02T00:00:00+00:00, execution_date=20240702T000000, start_date=20241002T190314, end_date=20241002T190315
[2024-10-02T19:03:15.406+0000] {local_task_job_runner.py:240} INFO - Task exited with return code 0
[2024-10-02T19:03:15.436+0000] {taskinstance.py:3503} INFO - 1 downstream tasks scheduled from follow-on schedule check
[2024-10-02T19:03:15.440+0000] {local_task_job_runner.py:222} INFO - ::endgroup::
