[2024-10-02T17:27:07.651+0000] {local_task_job_runner.py:120} INFO - ::group::Pre task execution logs
[2024-10-02T17:27:07.673+0000] {taskinstance.py:2076} INFO - Dependencies all met for dep_context=non-requeueable deps ti=<TaskInstance: etl_covid_europa_pipeline.extrair scheduled__2024-01-27T00:00:00+00:00 [queued]>
[2024-10-02T17:27:07.682+0000] {taskinstance.py:2076} INFO - Dependencies all met for dep_context=requeueable deps ti=<TaskInstance: etl_covid_europa_pipeline.extrair scheduled__2024-01-27T00:00:00+00:00 [queued]>
[2024-10-02T17:27:07.683+0000] {taskinstance.py:2306} INFO - Starting attempt 1 of 1
[2024-10-02T17:27:07.937+0000] {taskinstance.py:2330} INFO - Executing <Task(PythonOperator): extrair> on 2024-01-27 00:00:00+00:00
[2024-10-02T17:27:07.946+0000] {warnings.py:112} WARNING - /home/***/.local/lib/python3.12/site-packages/***/task/task_runner/standard_task_runner.py:61: DeprecationWarning: This process (pid=1810) is multi-threaded, use of fork() may lead to deadlocks in the child.
  pid = os.fork()

[2024-10-02T17:27:07.948+0000] {standard_task_runner.py:63} INFO - Started process 1826 to run task
[2024-10-02T17:27:07.947+0000] {standard_task_runner.py:90} INFO - Running: ['***', 'tasks', 'run', 'etl_covid_europa_pipeline', 'extrair', 'scheduled__2024-01-27T00:00:00+00:00', '--job-id', '214', '--raw', '--subdir', 'DAGS_FOLDER/etl_pipeline.py', '--cfg-path', '/tmp/tmp_lohfr2e']
[2024-10-02T17:27:07.950+0000] {standard_task_runner.py:91} INFO - Job 214: Subtask extrair
[2024-10-02T17:27:08.015+0000] {task_command.py:426} INFO - Running <TaskInstance: etl_covid_europa_pipeline.extrair scheduled__2024-01-27T00:00:00+00:00 [running]> on host 99de7dfc3871
[2024-10-02T17:27:08.105+0000] {taskinstance.py:2648} INFO - Exporting env vars: AIRFLOW_CTX_DAG_OWNER='***' AIRFLOW_CTX_DAG_ID='etl_covid_europa_pipeline' AIRFLOW_CTX_TASK_ID='extrair' AIRFLOW_CTX_EXECUTION_DATE='2024-01-27T00:00:00+00:00' AIRFLOW_CTX_TRY_NUMBER='1' AIRFLOW_CTX_DAG_RUN_ID='scheduled__2024-01-27T00:00:00+00:00'
[2024-10-02T17:27:08.106+0000] {taskinstance.py:430} INFO - ::endgroup::
[2024-10-02T17:27:18.955+0000] {taskinstance.py:441} INFO - ::group::Post task execution logs
[2024-10-02T17:27:18.956+0000] {taskinstance.py:2905} ERROR - Task failed with exception
Traceback (most recent call last):
  File "/home/airflow/.local/lib/python3.12/site-packages/airflow/models/taskinstance.py", line 465, in _execute_task
    result = _execute_callable(context=context, **execute_callable_kwargs)
             ^^^^^^^^^^^^^^^^^^^^^^^^^^^^^^^^^^^^^^^^^^^^^^^^^^^^^^^^^^^^^
  File "/home/airflow/.local/lib/python3.12/site-packages/airflow/models/taskinstance.py", line 432, in _execute_callable
    return execute_callable(context=context, **execute_callable_kwargs)
           ^^^^^^^^^^^^^^^^^^^^^^^^^^^^^^^^^^^^^^^^^^^^^^^^^^^^^^^^^^^^
  File "/home/airflow/.local/lib/python3.12/site-packages/airflow/models/baseoperator.py", line 401, in wrapper
    return func(self, *args, **kwargs)
           ^^^^^^^^^^^^^^^^^^^^^^^^^^^
  File "/home/airflow/.local/lib/python3.12/site-packages/airflow/operators/python.py", line 235, in execute
    return_value = self.execute_callable()
                   ^^^^^^^^^^^^^^^^^^^^^^^
  File "/home/airflow/.local/lib/python3.12/site-packages/airflow/operators/python.py", line 252, in execute_callable
    return self.python_callable(*self.op_args, **self.op_kwargs)
           ^^^^^^^^^^^^^^^^^^^^^^^^^^^^^^^^^^^^^^^^^^^^^^^^^^^^^
  File "/opt/airflow/dags/etl_pipeline.py", line 10, in extrair
    df.to_csv('data/dados_covid_extraidos.csv', index=False)
  File "/home/airflow/.local/lib/python3.12/site-packages/pandas/core/generic.py", line 3902, in to_csv
    return DataFrameRenderer(formatter).to_csv(
           ^^^^^^^^^^^^^^^^^^^^^^^^^^^^^^^^^^^^
  File "/home/airflow/.local/lib/python3.12/site-packages/pandas/io/formats/format.py", line 1152, in to_csv
    csv_formatter.save()
  File "/home/airflow/.local/lib/python3.12/site-packages/pandas/io/formats/csvs.py", line 247, in save
    with get_handle(
         ^^^^^^^^^^^
  File "/home/airflow/.local/lib/python3.12/site-packages/pandas/io/common.py", line 863, in get_handle
    handle = open(
             ^^^^^
PermissionError: [Errno 13] Permission denied: 'data/dados_covid_extraidos.csv'
[2024-10-02T17:27:18.967+0000] {taskinstance.py:1206} INFO - Marking task as FAILED. dag_id=etl_covid_europa_pipeline, task_id=extrair, run_id=scheduled__2024-01-27T00:00:00+00:00, execution_date=20240127T000000, start_date=20241002T172707, end_date=20241002T172718
[2024-10-02T17:27:18.981+0000] {standard_task_runner.py:110} ERROR - Failed to execute job 214 for task extrair ([Errno 13] Permission denied: 'data/dados_covid_extraidos.csv'; 1826)
[2024-10-02T17:27:19.031+0000] {local_task_job_runner.py:240} INFO - Task exited with return code 1
[2024-10-02T17:27:19.048+0000] {taskinstance.py:3503} INFO - 0 downstream tasks scheduled from follow-on schedule check
[2024-10-02T17:27:19.051+0000] {local_task_job_runner.py:222} INFO - ::endgroup::
[2024-10-02T18:59:32.103+0000] {local_task_job_runner.py:120} INFO - ::group::Pre task execution logs
[2024-10-02T18:59:32.128+0000] {taskinstance.py:2076} INFO - Dependencies all met for dep_context=non-requeueable deps ti=<TaskInstance: etl_covid_europa_pipeline.extrair scheduled__2024-01-27T00:00:00+00:00 [queued]>
[2024-10-02T18:59:32.136+0000] {taskinstance.py:2076} INFO - Dependencies all met for dep_context=requeueable deps ti=<TaskInstance: etl_covid_europa_pipeline.extrair scheduled__2024-01-27T00:00:00+00:00 [queued]>
[2024-10-02T18:59:32.137+0000] {taskinstance.py:2306} INFO - Starting attempt 1 of 1
[2024-10-02T18:59:32.344+0000] {taskinstance.py:2330} INFO - Executing <Task(PythonOperator): extrair> on 2024-01-27 00:00:00+00:00
[2024-10-02T18:59:32.351+0000] {warnings.py:112} WARNING - /home/***/.local/lib/python3.12/site-packages/***/task/task_runner/standard_task_runner.py:61: DeprecationWarning: This process (pid=6304) is multi-threaded, use of fork() may lead to deadlocks in the child.
  pid = os.fork()

[2024-10-02T18:59:32.353+0000] {standard_task_runner.py:63} INFO - Started process 6318 to run task
[2024-10-02T18:59:32.353+0000] {standard_task_runner.py:90} INFO - Running: ['***', 'tasks', 'run', 'etl_covid_europa_pipeline', 'extrair', 'scheduled__2024-01-27T00:00:00+00:00', '--job-id', '1311', '--raw', '--subdir', 'DAGS_FOLDER/etl_pipeline.py', '--cfg-path', '/tmp/tmp17nmq7h0']
[2024-10-02T18:59:32.354+0000] {standard_task_runner.py:91} INFO - Job 1311: Subtask extrair
[2024-10-02T18:59:32.398+0000] {task_command.py:426} INFO - Running <TaskInstance: etl_covid_europa_pipeline.extrair scheduled__2024-01-27T00:00:00+00:00 [running]> on host 99de7dfc3871
[2024-10-02T18:59:32.483+0000] {taskinstance.py:2648} INFO - Exporting env vars: AIRFLOW_CTX_DAG_OWNER='***' AIRFLOW_CTX_DAG_ID='etl_covid_europa_pipeline' AIRFLOW_CTX_TASK_ID='extrair' AIRFLOW_CTX_EXECUTION_DATE='2024-01-27T00:00:00+00:00' AIRFLOW_CTX_TRY_NUMBER='1' AIRFLOW_CTX_DAG_RUN_ID='scheduled__2024-01-27T00:00:00+00:00'
[2024-10-02T18:59:32.484+0000] {taskinstance.py:430} INFO - ::endgroup::
[2024-10-02T18:59:38.285+0000] {python.py:237} INFO - Done. Returned value was: None
[2024-10-02T18:59:38.286+0000] {taskinstance.py:441} INFO - ::group::Post task execution logs
[2024-10-02T18:59:38.294+0000] {taskinstance.py:1206} INFO - Marking task as SUCCESS. dag_id=etl_covid_europa_pipeline, task_id=extrair, run_id=scheduled__2024-01-27T00:00:00+00:00, execution_date=20240127T000000, start_date=20241002T185932, end_date=20241002T185938
[2024-10-02T18:59:38.331+0000] {local_task_job_runner.py:240} INFO - Task exited with return code 0
[2024-10-02T18:59:38.355+0000] {taskinstance.py:3503} INFO - 1 downstream tasks scheduled from follow-on schedule check
[2024-10-02T18:59:38.357+0000] {local_task_job_runner.py:222} INFO - ::endgroup::
[2024-10-02T19:25:39.148+0000] {local_task_job_runner.py:120} INFO - ::group::Pre task execution logs
[2024-10-02T19:25:39.170+0000] {taskinstance.py:2076} INFO - Dependencies all met for dep_context=non-requeueable deps ti=<TaskInstance: etl_covid_europa_pipeline.extrair scheduled__2024-01-27T00:00:00+00:00 [queued]>
[2024-10-02T19:25:39.345+0000] {taskinstance.py:2076} INFO - Dependencies all met for dep_context=requeueable deps ti=<TaskInstance: etl_covid_europa_pipeline.extrair scheduled__2024-01-27T00:00:00+00:00 [queued]>
[2024-10-02T19:25:39.345+0000] {taskinstance.py:2306} INFO - Starting attempt 1 of 1
[2024-10-02T19:25:39.431+0000] {taskinstance.py:2330} INFO - Executing <Task(PythonOperator): extrair> on 2024-01-27 00:00:00+00:00
[2024-10-02T19:25:39.437+0000] {warnings.py:112} WARNING - /home/***/.local/lib/python3.12/site-packages/***/task/task_runner/standard_task_runner.py:61: DeprecationWarning: This process (pid=9631) is multi-threaded, use of fork() may lead to deadlocks in the child.
  pid = os.fork()

[2024-10-02T19:25:39.439+0000] {standard_task_runner.py:63} INFO - Started process 9647 to run task
[2024-10-02T19:25:39.439+0000] {standard_task_runner.py:90} INFO - Running: ['***', 'tasks', 'run', 'etl_covid_europa_pipeline', 'extrair', 'scheduled__2024-01-27T00:00:00+00:00', '--job-id', '2309', '--raw', '--subdir', 'DAGS_FOLDER/etl_pipeline.py', '--cfg-path', '/tmp/tmpyt8_edsw']
[2024-10-02T19:25:39.441+0000] {standard_task_runner.py:91} INFO - Job 2309: Subtask extrair
[2024-10-02T19:25:39.483+0000] {task_command.py:426} INFO - Running <TaskInstance: etl_covid_europa_pipeline.extrair scheduled__2024-01-27T00:00:00+00:00 [running]> on host 99de7dfc3871
[2024-10-02T19:25:39.573+0000] {taskinstance.py:2648} INFO - Exporting env vars: AIRFLOW_CTX_DAG_OWNER='***' AIRFLOW_CTX_DAG_ID='etl_covid_europa_pipeline' AIRFLOW_CTX_TASK_ID='extrair' AIRFLOW_CTX_EXECUTION_DATE='2024-01-27T00:00:00+00:00' AIRFLOW_CTX_TRY_NUMBER='1' AIRFLOW_CTX_DAG_RUN_ID='scheduled__2024-01-27T00:00:00+00:00'
[2024-10-02T19:25:39.576+0000] {taskinstance.py:430} INFO - ::endgroup::
[2024-10-02T19:25:46.158+0000] {python.py:237} INFO - Done. Returned value was: None
[2024-10-02T19:25:46.159+0000] {taskinstance.py:441} INFO - ::group::Post task execution logs
[2024-10-02T19:25:46.172+0000] {taskinstance.py:1206} INFO - Marking task as SUCCESS. dag_id=etl_covid_europa_pipeline, task_id=extrair, run_id=scheduled__2024-01-27T00:00:00+00:00, execution_date=20240127T000000, start_date=20241002T192539, end_date=20241002T192546
[2024-10-02T19:25:46.228+0000] {local_task_job_runner.py:240} INFO - Task exited with return code 0
[2024-10-02T19:25:46.259+0000] {taskinstance.py:3503} INFO - 1 downstream tasks scheduled from follow-on schedule check
[2024-10-02T19:25:46.265+0000] {local_task_job_runner.py:222} INFO - ::endgroup::
