[2024-10-02T17:27:48.248+0000] {local_task_job_runner.py:120} INFO - ::group::Pre task execution logs
[2024-10-02T17:27:48.272+0000] {taskinstance.py:2076} INFO - Dependencies all met for dep_context=non-requeueable deps ti=<TaskInstance: etl_covid_europa_pipeline.extrair scheduled__2024-03-03T00:00:00+00:00 [queued]>
[2024-10-02T17:27:48.280+0000] {taskinstance.py:2076} INFO - Dependencies all met for dep_context=requeueable deps ti=<TaskInstance: etl_covid_europa_pipeline.extrair scheduled__2024-03-03T00:00:00+00:00 [queued]>
[2024-10-02T17:27:48.280+0000] {taskinstance.py:2306} INFO - Starting attempt 1 of 1
[2024-10-02T17:27:48.524+0000] {taskinstance.py:2330} INFO - Executing <Task(PythonOperator): extrair> on 2024-03-03 00:00:00+00:00
[2024-10-02T17:27:48.534+0000] {warnings.py:112} WARNING - /home/***/.local/lib/python3.12/site-packages/***/task/task_runner/standard_task_runner.py:61: DeprecationWarning: This process (pid=1925) is multi-threaded, use of fork() may lead to deadlocks in the child.
  pid = os.fork()

[2024-10-02T17:27:48.536+0000] {standard_task_runner.py:63} INFO - Started process 1940 to run task
[2024-10-02T17:27:48.536+0000] {standard_task_runner.py:90} INFO - Running: ['***', 'tasks', 'run', 'etl_covid_europa_pipeline', 'extrair', 'scheduled__2024-03-03T00:00:00+00:00', '--job-id', '250', '--raw', '--subdir', 'DAGS_FOLDER/etl_pipeline.py', '--cfg-path', '/tmp/tmpv42xbw6v']
[2024-10-02T17:27:48.539+0000] {standard_task_runner.py:91} INFO - Job 250: Subtask extrair
[2024-10-02T17:27:48.588+0000] {task_command.py:426} INFO - Running <TaskInstance: etl_covid_europa_pipeline.extrair scheduled__2024-03-03T00:00:00+00:00 [running]> on host 99de7dfc3871
[2024-10-02T17:27:48.669+0000] {taskinstance.py:2648} INFO - Exporting env vars: AIRFLOW_CTX_DAG_OWNER='***' AIRFLOW_CTX_DAG_ID='etl_covid_europa_pipeline' AIRFLOW_CTX_TASK_ID='extrair' AIRFLOW_CTX_EXECUTION_DATE='2024-03-03T00:00:00+00:00' AIRFLOW_CTX_TRY_NUMBER='1' AIRFLOW_CTX_DAG_RUN_ID='scheduled__2024-03-03T00:00:00+00:00'
[2024-10-02T17:27:48.670+0000] {taskinstance.py:430} INFO - ::endgroup::
[2024-10-02T17:27:55.309+0000] {python.py:237} INFO - Done. Returned value was: None
[2024-10-02T17:27:55.310+0000] {taskinstance.py:441} INFO - ::group::Post task execution logs
[2024-10-02T17:27:55.321+0000] {taskinstance.py:1206} INFO - Marking task as SUCCESS. dag_id=etl_covid_europa_pipeline, task_id=extrair, run_id=scheduled__2024-03-03T00:00:00+00:00, execution_date=20240303T000000, start_date=20241002T172748, end_date=20241002T172755
[2024-10-02T17:27:55.351+0000] {local_task_job_runner.py:240} INFO - Task exited with return code 0
[2024-10-02T17:27:55.379+0000] {taskinstance.py:3503} INFO - 1 downstream tasks scheduled from follow-on schedule check
[2024-10-02T17:27:55.382+0000] {local_task_job_runner.py:222} INFO - ::endgroup::
[2024-10-02T19:00:24.052+0000] {local_task_job_runner.py:120} INFO - ::group::Pre task execution logs
[2024-10-02T19:00:24.079+0000] {taskinstance.py:2076} INFO - Dependencies all met for dep_context=non-requeueable deps ti=<TaskInstance: etl_covid_europa_pipeline.extrair scheduled__2024-03-03T00:00:00+00:00 [queued]>
[2024-10-02T19:00:24.283+0000] {taskinstance.py:2076} INFO - Dependencies all met for dep_context=requeueable deps ti=<TaskInstance: etl_covid_europa_pipeline.extrair scheduled__2024-03-03T00:00:00+00:00 [queued]>
[2024-10-02T19:00:24.284+0000] {taskinstance.py:2306} INFO - Starting attempt 1 of 1
[2024-10-02T19:00:24.369+0000] {taskinstance.py:2330} INFO - Executing <Task(PythonOperator): extrair> on 2024-03-03 00:00:00+00:00
[2024-10-02T19:00:24.376+0000] {warnings.py:112} WARNING - /home/***/.local/lib/python3.12/site-packages/***/task/task_runner/standard_task_runner.py:61: DeprecationWarning: This process (pid=6579) is multi-threaded, use of fork() may lead to deadlocks in the child.
  pid = os.fork()

[2024-10-02T19:00:24.377+0000] {standard_task_runner.py:63} INFO - Started process 6596 to run task
[2024-10-02T19:00:24.377+0000] {standard_task_runner.py:90} INFO - Running: ['***', 'tasks', 'run', 'etl_covid_europa_pipeline', 'extrair', 'scheduled__2024-03-03T00:00:00+00:00', '--job-id', '1399', '--raw', '--subdir', 'DAGS_FOLDER/etl_pipeline.py', '--cfg-path', '/tmp/tmpw5e7d_t8']
[2024-10-02T19:00:24.378+0000] {standard_task_runner.py:91} INFO - Job 1399: Subtask extrair
[2024-10-02T19:00:24.430+0000] {task_command.py:426} INFO - Running <TaskInstance: etl_covid_europa_pipeline.extrair scheduled__2024-03-03T00:00:00+00:00 [running]> on host 99de7dfc3871
[2024-10-02T19:00:24.518+0000] {taskinstance.py:2648} INFO - Exporting env vars: AIRFLOW_CTX_DAG_OWNER='***' AIRFLOW_CTX_DAG_ID='etl_covid_europa_pipeline' AIRFLOW_CTX_TASK_ID='extrair' AIRFLOW_CTX_EXECUTION_DATE='2024-03-03T00:00:00+00:00' AIRFLOW_CTX_TRY_NUMBER='1' AIRFLOW_CTX_DAG_RUN_ID='scheduled__2024-03-03T00:00:00+00:00'
[2024-10-02T19:00:24.522+0000] {taskinstance.py:430} INFO - ::endgroup::
[2024-10-02T19:00:30.756+0000] {python.py:237} INFO - Done. Returned value was: None
[2024-10-02T19:00:30.757+0000] {taskinstance.py:441} INFO - ::group::Post task execution logs
[2024-10-02T19:00:30.765+0000] {taskinstance.py:1206} INFO - Marking task as SUCCESS. dag_id=etl_covid_europa_pipeline, task_id=extrair, run_id=scheduled__2024-03-03T00:00:00+00:00, execution_date=20240303T000000, start_date=20241002T190024, end_date=20241002T190030
[2024-10-02T19:00:30.812+0000] {local_task_job_runner.py:240} INFO - Task exited with return code 0
[2024-10-02T19:00:30.836+0000] {taskinstance.py:3503} INFO - 1 downstream tasks scheduled from follow-on schedule check
[2024-10-02T19:00:30.838+0000] {local_task_job_runner.py:222} INFO - ::endgroup::
[2024-10-02T19:26:22.543+0000] {local_task_job_runner.py:120} INFO - ::group::Pre task execution logs
[2024-10-02T19:26:22.565+0000] {taskinstance.py:2076} INFO - Dependencies all met for dep_context=non-requeueable deps ti=<TaskInstance: etl_covid_europa_pipeline.extrair scheduled__2024-03-03T00:00:00+00:00 [queued]>
[2024-10-02T19:26:22.712+0000] {taskinstance.py:2076} INFO - Dependencies all met for dep_context=requeueable deps ti=<TaskInstance: etl_covid_europa_pipeline.extrair scheduled__2024-03-03T00:00:00+00:00 [queued]>
[2024-10-02T19:26:22.713+0000] {taskinstance.py:2306} INFO - Starting attempt 1 of 1
[2024-10-02T19:26:22.724+0000] {taskinstance.py:2330} INFO - Executing <Task(PythonOperator): extrair> on 2024-03-03 00:00:00+00:00
[2024-10-02T19:26:22.730+0000] {warnings.py:112} WARNING - /home/***/.local/lib/python3.12/site-packages/***/task/task_runner/standard_task_runner.py:61: DeprecationWarning: This process (pid=9942) is multi-threaded, use of fork() may lead to deadlocks in the child.
  pid = os.fork()

[2024-10-02T19:26:22.731+0000] {standard_task_runner.py:63} INFO - Started process 9958 to run task
[2024-10-02T19:26:22.732+0000] {standard_task_runner.py:90} INFO - Running: ['***', 'tasks', 'run', 'etl_covid_europa_pipeline', 'extrair', 'scheduled__2024-03-03T00:00:00+00:00', '--job-id', '2410', '--raw', '--subdir', 'DAGS_FOLDER/etl_pipeline.py', '--cfg-path', '/tmp/tmpi_8pmv82']
[2024-10-02T19:26:22.733+0000] {standard_task_runner.py:91} INFO - Job 2410: Subtask extrair
[2024-10-02T19:26:22.771+0000] {task_command.py:426} INFO - Running <TaskInstance: etl_covid_europa_pipeline.extrair scheduled__2024-03-03T00:00:00+00:00 [running]> on host 99de7dfc3871
[2024-10-02T19:26:22.848+0000] {taskinstance.py:2648} INFO - Exporting env vars: AIRFLOW_CTX_DAG_OWNER='***' AIRFLOW_CTX_DAG_ID='etl_covid_europa_pipeline' AIRFLOW_CTX_TASK_ID='extrair' AIRFLOW_CTX_EXECUTION_DATE='2024-03-03T00:00:00+00:00' AIRFLOW_CTX_TRY_NUMBER='1' AIRFLOW_CTX_DAG_RUN_ID='scheduled__2024-03-03T00:00:00+00:00'
[2024-10-02T19:26:22.850+0000] {taskinstance.py:430} INFO - ::endgroup::
[2024-10-02T19:26:28.526+0000] {python.py:237} INFO - Done. Returned value was: None
[2024-10-02T19:26:28.527+0000] {taskinstance.py:441} INFO - ::group::Post task execution logs
[2024-10-02T19:26:28.542+0000] {taskinstance.py:1206} INFO - Marking task as SUCCESS. dag_id=etl_covid_europa_pipeline, task_id=extrair, run_id=scheduled__2024-03-03T00:00:00+00:00, execution_date=20240303T000000, start_date=20241002T192622, end_date=20241002T192628
[2024-10-02T19:26:28.764+0000] {local_task_job_runner.py:240} INFO - Task exited with return code 0
[2024-10-02T19:26:28.815+0000] {taskinstance.py:3503} INFO - 1 downstream tasks scheduled from follow-on schedule check
[2024-10-02T19:26:28.825+0000] {local_task_job_runner.py:222} INFO - ::endgroup::
