[2024-10-02T19:00:55.620+0000] {local_task_job_runner.py:120} INFO - ::group::Pre task execution logs
[2024-10-02T19:00:55.643+0000] {taskinstance.py:2076} INFO - Dependencies all met for dep_context=non-requeueable deps ti=<TaskInstance: etl_covid_europa_pipeline.carregar scheduled__2024-03-25T00:00:00+00:00 [queued]>
[2024-10-02T19:00:55.859+0000] {taskinstance.py:2076} INFO - Dependencies all met for dep_context=requeueable deps ti=<TaskInstance: etl_covid_europa_pipeline.carregar scheduled__2024-03-25T00:00:00+00:00 [queued]>
[2024-10-02T19:00:55.860+0000] {taskinstance.py:2306} INFO - Starting attempt 1 of 1
[2024-10-02T19:00:55.874+0000] {taskinstance.py:2330} INFO - Executing <Task(PythonOperator): carregar> on 2024-03-25 00:00:00+00:00
[2024-10-02T19:00:55.881+0000] {warnings.py:112} WARNING - /home/***/.local/lib/python3.12/site-packages/***/task/task_runner/standard_task_runner.py:61: DeprecationWarning: This process (pid=6823) is multi-threaded, use of fork() may lead to deadlocks in the child.
  pid = os.fork()

[2024-10-02T19:00:55.882+0000] {standard_task_runner.py:63} INFO - Started process 6838 to run task
[2024-10-02T19:00:55.883+0000] {standard_task_runner.py:90} INFO - Running: ['***', 'tasks', 'run', 'etl_covid_europa_pipeline', 'carregar', 'scheduled__2024-03-25T00:00:00+00:00', '--job-id', '1477', '--raw', '--subdir', 'DAGS_FOLDER/etl_pipeline.py', '--cfg-path', '/tmp/tmpepkybe5g']
[2024-10-02T19:00:55.885+0000] {standard_task_runner.py:91} INFO - Job 1477: Subtask carregar
[2024-10-02T19:00:55.932+0000] {task_command.py:426} INFO - Running <TaskInstance: etl_covid_europa_pipeline.carregar scheduled__2024-03-25T00:00:00+00:00 [running]> on host 99de7dfc3871
[2024-10-02T19:00:56.028+0000] {taskinstance.py:2648} INFO - Exporting env vars: AIRFLOW_CTX_DAG_OWNER='***' AIRFLOW_CTX_DAG_ID='etl_covid_europa_pipeline' AIRFLOW_CTX_TASK_ID='carregar' AIRFLOW_CTX_EXECUTION_DATE='2024-03-25T00:00:00+00:00' AIRFLOW_CTX_TRY_NUMBER='1' AIRFLOW_CTX_DAG_RUN_ID='scheduled__2024-03-25T00:00:00+00:00'
[2024-10-02T19:00:56.032+0000] {taskinstance.py:430} INFO - ::endgroup::
[2024-10-02T19:00:56.088+0000] {python.py:237} INFO - Done. Returned value was: None
[2024-10-02T19:00:56.088+0000] {taskinstance.py:441} INFO - ::group::Post task execution logs
[2024-10-02T19:00:56.097+0000] {taskinstance.py:1206} INFO - Marking task as SUCCESS. dag_id=etl_covid_europa_pipeline, task_id=carregar, run_id=scheduled__2024-03-25T00:00:00+00:00, execution_date=20240325T000000, start_date=20241002T190055, end_date=20241002T190056
[2024-10-02T19:00:56.136+0000] {local_task_job_runner.py:240} INFO - Task exited with return code 0
[2024-10-02T19:00:56.153+0000] {taskinstance.py:3503} INFO - 0 downstream tasks scheduled from follow-on schedule check
[2024-10-02T19:00:56.155+0000] {local_task_job_runner.py:222} INFO - ::endgroup::
[2024-10-02T19:27:20.135+0000] {local_task_job_runner.py:120} INFO - ::group::Pre task execution logs
[2024-10-02T19:27:20.546+0000] {taskinstance.py:2076} INFO - Dependencies all met for dep_context=non-requeueable deps ti=<TaskInstance: etl_covid_europa_pipeline.carregar scheduled__2024-03-25T00:00:00+00:00 [queued]>
[2024-10-02T19:27:20.565+0000] {taskinstance.py:2076} INFO - Dependencies all met for dep_context=requeueable deps ti=<TaskInstance: etl_covid_europa_pipeline.carregar scheduled__2024-03-25T00:00:00+00:00 [queued]>
[2024-10-02T19:27:20.567+0000] {taskinstance.py:2306} INFO - Starting attempt 1 of 1
[2024-10-02T19:27:20.621+0000] {taskinstance.py:2330} INFO - Executing <Task(PythonOperator): carregar> on 2024-03-25 00:00:00+00:00
[2024-10-02T19:27:20.634+0000] {warnings.py:112} WARNING - /home/***/.local/lib/python3.12/site-packages/***/task/task_runner/standard_task_runner.py:61: DeprecationWarning: This process (pid=10297) is multi-threaded, use of fork() may lead to deadlocks in the child.
  pid = os.fork()

[2024-10-02T19:27:20.636+0000] {standard_task_runner.py:63} INFO - Started process 10325 to run task
[2024-10-02T19:27:20.636+0000] {standard_task_runner.py:90} INFO - Running: ['***', 'tasks', 'run', 'etl_covid_europa_pipeline', 'carregar', 'scheduled__2024-03-25T00:00:00+00:00', '--job-id', '2525', '--raw', '--subdir', 'DAGS_FOLDER/etl_pipeline_agrupar_continente.py', '--cfg-path', '/tmp/tmp3prkzunf']
[2024-10-02T19:27:20.640+0000] {standard_task_runner.py:91} INFO - Job 2525: Subtask carregar
[2024-10-02T19:27:20.733+0000] {task_command.py:426} INFO - Running <TaskInstance: etl_covid_europa_pipeline.carregar scheduled__2024-03-25T00:00:00+00:00 [running]> on host 99de7dfc3871
[2024-10-02T19:27:20.943+0000] {taskinstance.py:2648} INFO - Exporting env vars: AIRFLOW_CTX_DAG_OWNER='***' AIRFLOW_CTX_DAG_ID='etl_covid_europa_pipeline' AIRFLOW_CTX_TASK_ID='carregar' AIRFLOW_CTX_EXECUTION_DATE='2024-03-25T00:00:00+00:00' AIRFLOW_CTX_TRY_NUMBER='1' AIRFLOW_CTX_DAG_RUN_ID='scheduled__2024-03-25T00:00:00+00:00'
[2024-10-02T19:27:20.948+0000] {taskinstance.py:430} INFO - ::endgroup::
[2024-10-02T19:27:21.098+0000] {python.py:237} INFO - Done. Returned value was: None
[2024-10-02T19:27:21.101+0000] {taskinstance.py:441} INFO - ::group::Post task execution logs
[2024-10-02T19:27:21.121+0000] {taskinstance.py:1206} INFO - Marking task as SUCCESS. dag_id=etl_covid_europa_pipeline, task_id=carregar, run_id=scheduled__2024-03-25T00:00:00+00:00, execution_date=20240325T000000, start_date=20241002T192720, end_date=20241002T192721
[2024-10-02T19:27:21.185+0000] {local_task_job_runner.py:240} INFO - Task exited with return code 0
[2024-10-02T19:27:21.213+0000] {taskinstance.py:3503} INFO - 0 downstream tasks scheduled from follow-on schedule check
[2024-10-02T19:27:21.228+0000] {local_task_job_runner.py:222} INFO - ::endgroup::
