[2024-10-02T18:55:14.258+0000] {local_task_job_runner.py:120} INFO - ::group::Pre task execution logs
[2024-10-02T18:55:14.290+0000] {taskinstance.py:2076} INFO - Dependencies all met for dep_context=non-requeueable deps ti=<TaskInstance: etl_covid_europa_pipeline.carregar scheduled__2024-08-24T00:00:00+00:00 [queued]>
[2024-10-02T18:55:14.306+0000] {taskinstance.py:2076} INFO - Dependencies all met for dep_context=requeueable deps ti=<TaskInstance: etl_covid_europa_pipeline.carregar scheduled__2024-08-24T00:00:00+00:00 [queued]>
[2024-10-02T18:55:14.307+0000] {taskinstance.py:2306} INFO - Starting attempt 1 of 1
[2024-10-02T18:55:14.630+0000] {taskinstance.py:2330} INFO - Executing <Task(PythonOperator): carregar> on 2024-08-24 00:00:00+00:00
[2024-10-02T18:55:14.641+0000] {warnings.py:112} WARNING - /home/***/.local/lib/python3.12/site-packages/***/task/task_runner/standard_task_runner.py:61: DeprecationWarning: This process (pid=4877) is multi-threaded, use of fork() may lead to deadlocks in the child.
  pid = os.fork()

[2024-10-02T18:55:14.641+0000] {standard_task_runner.py:90} INFO - Running: ['***', 'tasks', 'run', 'etl_covid_europa_pipeline', 'carregar', 'scheduled__2024-08-24T00:00:00+00:00', '--job-id', '857', '--raw', '--subdir', 'DAGS_FOLDER/etl_pipeline.py', '--cfg-path', '/tmp/tmpi1e24ruc']
[2024-10-02T18:55:14.646+0000] {standard_task_runner.py:91} INFO - Job 857: Subtask carregar
[2024-10-02T18:55:14.646+0000] {standard_task_runner.py:63} INFO - Started process 4896 to run task
[2024-10-02T18:55:14.704+0000] {task_command.py:426} INFO - Running <TaskInstance: etl_covid_europa_pipeline.carregar scheduled__2024-08-24T00:00:00+00:00 [running]> on host 99de7dfc3871
[2024-10-02T18:55:14.801+0000] {taskinstance.py:2648} INFO - Exporting env vars: AIRFLOW_CTX_DAG_OWNER='***' AIRFLOW_CTX_DAG_ID='etl_covid_europa_pipeline' AIRFLOW_CTX_TASK_ID='carregar' AIRFLOW_CTX_EXECUTION_DATE='2024-08-24T00:00:00+00:00' AIRFLOW_CTX_TRY_NUMBER='1' AIRFLOW_CTX_DAG_RUN_ID='scheduled__2024-08-24T00:00:00+00:00'
[2024-10-02T18:55:14.803+0000] {taskinstance.py:430} INFO - ::endgroup::
[2024-10-02T18:55:14.882+0000] {python.py:237} INFO - Done. Returned value was: None
[2024-10-02T18:55:14.883+0000] {taskinstance.py:441} INFO - ::group::Post task execution logs
[2024-10-02T18:55:14.892+0000] {taskinstance.py:1206} INFO - Marking task as SUCCESS. dag_id=etl_covid_europa_pipeline, task_id=carregar, run_id=scheduled__2024-08-24T00:00:00+00:00, execution_date=20240824T000000, start_date=20241002T185514, end_date=20241002T185514
[2024-10-02T18:55:14.943+0000] {local_task_job_runner.py:240} INFO - Task exited with return code 0
[2024-10-02T18:55:14.959+0000] {taskinstance.py:3503} INFO - 0 downstream tasks scheduled from follow-on schedule check
[2024-10-02T18:55:14.962+0000] {local_task_job_runner.py:222} INFO - ::endgroup::
[2024-10-02T19:04:12.944+0000] {local_task_job_runner.py:120} INFO - ::group::Pre task execution logs
[2024-10-02T19:04:13.246+0000] {taskinstance.py:2076} INFO - Dependencies all met for dep_context=non-requeueable deps ti=<TaskInstance: etl_covid_europa_pipeline.carregar scheduled__2024-08-24T00:00:00+00:00 [queued]>
[2024-10-02T19:04:13.258+0000] {taskinstance.py:2076} INFO - Dependencies all met for dep_context=requeueable deps ti=<TaskInstance: etl_covid_europa_pipeline.carregar scheduled__2024-08-24T00:00:00+00:00 [queued]>
[2024-10-02T19:04:13.259+0000] {taskinstance.py:2306} INFO - Starting attempt 1 of 1
[2024-10-02T19:04:13.288+0000] {taskinstance.py:2330} INFO - Executing <Task(PythonOperator): carregar> on 2024-08-24 00:00:00+00:00
[2024-10-02T19:04:13.299+0000] {warnings.py:112} WARNING - /home/***/.local/lib/python3.12/site-packages/***/task/task_runner/standard_task_runner.py:61: DeprecationWarning: This process (pid=8151) is multi-threaded, use of fork() may lead to deadlocks in the child.
  pid = os.fork()

[2024-10-02T19:04:13.301+0000] {standard_task_runner.py:63} INFO - Started process 8178 to run task
[2024-10-02T19:04:13.302+0000] {standard_task_runner.py:90} INFO - Running: ['***', 'tasks', 'run', 'etl_covid_europa_pipeline', 'carregar', 'scheduled__2024-08-24T00:00:00+00:00', '--job-id', '1907', '--raw', '--subdir', 'DAGS_FOLDER/etl_pipeline.py', '--cfg-path', '/tmp/tmptm8agri3']
[2024-10-02T19:04:13.304+0000] {standard_task_runner.py:91} INFO - Job 1907: Subtask carregar
[2024-10-02T19:04:13.376+0000] {task_command.py:426} INFO - Running <TaskInstance: etl_covid_europa_pipeline.carregar scheduled__2024-08-24T00:00:00+00:00 [running]> on host 99de7dfc3871
[2024-10-02T19:04:13.516+0000] {taskinstance.py:2648} INFO - Exporting env vars: AIRFLOW_CTX_DAG_OWNER='***' AIRFLOW_CTX_DAG_ID='etl_covid_europa_pipeline' AIRFLOW_CTX_TASK_ID='carregar' AIRFLOW_CTX_EXECUTION_DATE='2024-08-24T00:00:00+00:00' AIRFLOW_CTX_TRY_NUMBER='1' AIRFLOW_CTX_DAG_RUN_ID='scheduled__2024-08-24T00:00:00+00:00'
[2024-10-02T19:04:13.517+0000] {taskinstance.py:430} INFO - ::endgroup::
[2024-10-02T19:04:13.596+0000] {python.py:237} INFO - Done. Returned value was: None
[2024-10-02T19:04:13.598+0000] {taskinstance.py:441} INFO - ::group::Post task execution logs
[2024-10-02T19:04:13.612+0000] {taskinstance.py:1206} INFO - Marking task as SUCCESS. dag_id=etl_covid_europa_pipeline, task_id=carregar, run_id=scheduled__2024-08-24T00:00:00+00:00, execution_date=20240824T000000, start_date=20241002T190413, end_date=20241002T190413
[2024-10-02T19:04:13.680+0000] {local_task_job_runner.py:240} INFO - Task exited with return code 0
[2024-10-02T19:04:13.703+0000] {taskinstance.py:3503} INFO - 0 downstream tasks scheduled from follow-on schedule check
[2024-10-02T19:04:13.707+0000] {local_task_job_runner.py:222} INFO - ::endgroup::
