[2024-10-02T17:30:26.828+0000] {local_task_job_runner.py:120} INFO - ::group::Pre task execution logs
[2024-10-02T17:30:26.853+0000] {taskinstance.py:2076} INFO - Dependencies all met for dep_context=non-requeueable deps ti=<TaskInstance: etl_covid_europa_pipeline.extrair scheduled__2024-07-06T00:00:00+00:00 [queued]>
[2024-10-02T17:30:26.863+0000] {taskinstance.py:2076} INFO - Dependencies all met for dep_context=requeueable deps ti=<TaskInstance: etl_covid_europa_pipeline.extrair scheduled__2024-07-06T00:00:00+00:00 [queued]>
[2024-10-02T17:30:26.864+0000] {taskinstance.py:2306} INFO - Starting attempt 1 of 1
[2024-10-02T17:30:27.103+0000] {taskinstance.py:2330} INFO - Executing <Task(PythonOperator): extrair> on 2024-07-06 00:00:00+00:00
[2024-10-02T17:30:27.111+0000] {warnings.py:112} WARNING - /home/***/.local/lib/python3.12/site-packages/***/task/task_runner/standard_task_runner.py:61: DeprecationWarning: This process (pid=2687) is multi-threaded, use of fork() may lead to deadlocks in the child.
  pid = os.fork()

[2024-10-02T17:30:27.113+0000] {standard_task_runner.py:63} INFO - Started process 2703 to run task
[2024-10-02T17:30:27.112+0000] {standard_task_runner.py:90} INFO - Running: ['***', 'tasks', 'run', 'etl_covid_europa_pipeline', 'extrair', 'scheduled__2024-07-06T00:00:00+00:00', '--job-id', '492', '--raw', '--subdir', 'DAGS_FOLDER/etl_pipeline.py', '--cfg-path', '/tmp/tmplxpbr_lc']
[2024-10-02T17:30:27.114+0000] {standard_task_runner.py:91} INFO - Job 492: Subtask extrair
[2024-10-02T17:30:27.163+0000] {task_command.py:426} INFO - Running <TaskInstance: etl_covid_europa_pipeline.extrair scheduled__2024-07-06T00:00:00+00:00 [running]> on host 99de7dfc3871
[2024-10-02T17:30:27.255+0000] {taskinstance.py:2648} INFO - Exporting env vars: AIRFLOW_CTX_DAG_OWNER='***' AIRFLOW_CTX_DAG_ID='etl_covid_europa_pipeline' AIRFLOW_CTX_TASK_ID='extrair' AIRFLOW_CTX_EXECUTION_DATE='2024-07-06T00:00:00+00:00' AIRFLOW_CTX_TRY_NUMBER='1' AIRFLOW_CTX_DAG_RUN_ID='scheduled__2024-07-06T00:00:00+00:00'
[2024-10-02T17:30:27.256+0000] {taskinstance.py:430} INFO - ::endgroup::
[2024-10-02T17:30:33.132+0000] {python.py:237} INFO - Done. Returned value was: None
[2024-10-02T17:30:33.133+0000] {taskinstance.py:441} INFO - ::group::Post task execution logs
[2024-10-02T17:30:33.144+0000] {taskinstance.py:1206} INFO - Marking task as SUCCESS. dag_id=etl_covid_europa_pipeline, task_id=extrair, run_id=scheduled__2024-07-06T00:00:00+00:00, execution_date=20240706T000000, start_date=20241002T173026, end_date=20241002T173033
[2024-10-02T17:30:33.213+0000] {local_task_job_runner.py:240} INFO - Task exited with return code 0
[2024-10-02T17:30:33.243+0000] {taskinstance.py:3503} INFO - 1 downstream tasks scheduled from follow-on schedule check
[2024-10-02T17:30:33.244+0000] {local_task_job_runner.py:222} INFO - ::endgroup::
[2024-10-02T18:54:05.010+0000] {local_task_job_runner.py:120} INFO - ::group::Pre task execution logs
[2024-10-02T18:54:05.034+0000] {taskinstance.py:2076} INFO - Dependencies all met for dep_context=non-requeueable deps ti=<TaskInstance: etl_covid_europa_pipeline.extrair scheduled__2024-07-06T00:00:00+00:00 [queued]>
[2024-10-02T18:54:05.043+0000] {taskinstance.py:2076} INFO - Dependencies all met for dep_context=requeueable deps ti=<TaskInstance: etl_covid_europa_pipeline.extrair scheduled__2024-07-06T00:00:00+00:00 [queued]>
[2024-10-02T18:54:05.044+0000] {taskinstance.py:2306} INFO - Starting attempt 1 of 1
[2024-10-02T18:54:05.242+0000] {taskinstance.py:2330} INFO - Executing <Task(PythonOperator): extrair> on 2024-07-06 00:00:00+00:00
[2024-10-02T18:54:05.246+0000] {warnings.py:112} WARNING - /home/***/.local/lib/python3.12/site-packages/***/task/task_runner/standard_task_runner.py:61: DeprecationWarning: This process (pid=4349) is multi-threaded, use of fork() may lead to deadlocks in the child.
  pid = os.fork()

[2024-10-02T18:54:05.248+0000] {standard_task_runner.py:63} INFO - Started process 4360 to run task
[2024-10-02T18:54:05.249+0000] {standard_task_runner.py:90} INFO - Running: ['***', 'tasks', 'run', 'etl_covid_europa_pipeline', 'extrair', 'scheduled__2024-07-06T00:00:00+00:00', '--job-id', '684', '--raw', '--subdir', 'DAGS_FOLDER/etl_pipeline.py', '--cfg-path', '/tmp/tmp00c91y2u']
[2024-10-02T18:54:05.251+0000] {standard_task_runner.py:91} INFO - Job 684: Subtask extrair
[2024-10-02T18:54:05.300+0000] {task_command.py:426} INFO - Running <TaskInstance: etl_covid_europa_pipeline.extrair scheduled__2024-07-06T00:00:00+00:00 [running]> on host 99de7dfc3871
[2024-10-02T18:54:05.385+0000] {taskinstance.py:2648} INFO - Exporting env vars: AIRFLOW_CTX_DAG_OWNER='***' AIRFLOW_CTX_DAG_ID='etl_covid_europa_pipeline' AIRFLOW_CTX_TASK_ID='extrair' AIRFLOW_CTX_EXECUTION_DATE='2024-07-06T00:00:00+00:00' AIRFLOW_CTX_TRY_NUMBER='1' AIRFLOW_CTX_DAG_RUN_ID='scheduled__2024-07-06T00:00:00+00:00'
[2024-10-02T18:54:05.387+0000] {taskinstance.py:430} INFO - ::endgroup::
[2024-10-02T18:54:13.454+0000] {python.py:237} INFO - Done. Returned value was: None
[2024-10-02T18:54:13.455+0000] {taskinstance.py:441} INFO - ::group::Post task execution logs
[2024-10-02T18:54:13.465+0000] {taskinstance.py:1206} INFO - Marking task as SUCCESS. dag_id=etl_covid_europa_pipeline, task_id=extrair, run_id=scheduled__2024-07-06T00:00:00+00:00, execution_date=20240706T000000, start_date=20241002T185405, end_date=20241002T185413
[2024-10-02T18:54:13.490+0000] {local_task_job_runner.py:240} INFO - Task exited with return code 0
[2024-10-02T18:54:13.523+0000] {taskinstance.py:3503} INFO - 1 downstream tasks scheduled from follow-on schedule check
[2024-10-02T18:54:13.536+0000] {local_task_job_runner.py:222} INFO - ::endgroup::
[2024-10-02T19:03:06.663+0000] {local_task_job_runner.py:120} INFO - ::group::Pre task execution logs
[2024-10-02T19:03:06.689+0000] {taskinstance.py:2076} INFO - Dependencies all met for dep_context=non-requeueable deps ti=<TaskInstance: etl_covid_europa_pipeline.extrair scheduled__2024-07-06T00:00:00+00:00 [queued]>
[2024-10-02T19:03:06.926+0000] {taskinstance.py:2076} INFO - Dependencies all met for dep_context=requeueable deps ti=<TaskInstance: etl_covid_europa_pipeline.extrair scheduled__2024-07-06T00:00:00+00:00 [queued]>
[2024-10-02T19:03:06.931+0000] {taskinstance.py:2306} INFO - Starting attempt 1 of 1
[2024-10-02T19:03:07.000+0000] {taskinstance.py:2330} INFO - Executing <Task(PythonOperator): extrair> on 2024-07-06 00:00:00+00:00
[2024-10-02T19:03:07.010+0000] {warnings.py:112} WARNING - /home/***/.local/lib/python3.12/site-packages/***/task/task_runner/standard_task_runner.py:61: DeprecationWarning: This process (pid=7641) is multi-threaded, use of fork() may lead to deadlocks in the child.
  pid = os.fork()

[2024-10-02T19:03:07.011+0000] {standard_task_runner.py:63} INFO - Started process 7657 to run task
[2024-10-02T19:03:07.011+0000] {standard_task_runner.py:90} INFO - Running: ['***', 'tasks', 'run', 'etl_covid_europa_pipeline', 'extrair', 'scheduled__2024-07-06T00:00:00+00:00', '--job-id', '1741', '--raw', '--subdir', 'DAGS_FOLDER/etl_pipeline.py', '--cfg-path', '/tmp/tmpe_3_p_ge']
[2024-10-02T19:03:07.014+0000] {standard_task_runner.py:91} INFO - Job 1741: Subtask extrair
[2024-10-02T19:03:07.075+0000] {task_command.py:426} INFO - Running <TaskInstance: etl_covid_europa_pipeline.extrair scheduled__2024-07-06T00:00:00+00:00 [running]> on host 99de7dfc3871
[2024-10-02T19:03:07.171+0000] {taskinstance.py:2648} INFO - Exporting env vars: AIRFLOW_CTX_DAG_OWNER='***' AIRFLOW_CTX_DAG_ID='etl_covid_europa_pipeline' AIRFLOW_CTX_TASK_ID='extrair' AIRFLOW_CTX_EXECUTION_DATE='2024-07-06T00:00:00+00:00' AIRFLOW_CTX_TRY_NUMBER='1' AIRFLOW_CTX_DAG_RUN_ID='scheduled__2024-07-06T00:00:00+00:00'
[2024-10-02T19:03:07.174+0000] {taskinstance.py:430} INFO - ::endgroup::
[2024-10-02T19:03:13.028+0000] {python.py:237} INFO - Done. Returned value was: None
[2024-10-02T19:03:13.030+0000] {taskinstance.py:441} INFO - ::group::Post task execution logs
[2024-10-02T19:03:13.052+0000] {taskinstance.py:1206} INFO - Marking task as SUCCESS. dag_id=etl_covid_europa_pipeline, task_id=extrair, run_id=scheduled__2024-07-06T00:00:00+00:00, execution_date=20240706T000000, start_date=20241002T190306, end_date=20241002T190313
[2024-10-02T19:03:13.115+0000] {local_task_job_runner.py:240} INFO - Task exited with return code 0
[2024-10-02T19:03:13.126+0000] {local_task_job_runner.py:222} INFO - ::endgroup::
