[2024-10-02T17:31:19.508+0000] {local_task_job_runner.py:120} INFO - ::group::Pre task execution logs
[2024-10-02T17:31:19.529+0000] {taskinstance.py:2076} INFO - Dependencies all met for dep_context=non-requeueable deps ti=<TaskInstance: etl_covid_europa_pipeline.extrair scheduled__2024-08-28T00:00:00+00:00 [queued]>
[2024-10-02T17:31:19.536+0000] {taskinstance.py:2076} INFO - Dependencies all met for dep_context=requeueable deps ti=<TaskInstance: etl_covid_europa_pipeline.extrair scheduled__2024-08-28T00:00:00+00:00 [queued]>
[2024-10-02T17:31:19.537+0000] {taskinstance.py:2306} INFO - Starting attempt 1 of 1
[2024-10-02T17:31:19.706+0000] {taskinstance.py:2330} INFO - Executing <Task(PythonOperator): extrair> on 2024-08-28 00:00:00+00:00
[2024-10-02T17:31:19.712+0000] {warnings.py:112} WARNING - /home/***/.local/lib/python3.12/site-packages/***/task/task_runner/standard_task_runner.py:61: DeprecationWarning: This process (pid=2984) is multi-threaded, use of fork() may lead to deadlocks in the child.
  pid = os.fork()

[2024-10-02T17:31:19.713+0000] {standard_task_runner.py:63} INFO - Started process 2996 to run task
[2024-10-02T17:31:19.713+0000] {standard_task_runner.py:90} INFO - Running: ['***', 'tasks', 'run', 'etl_covid_europa_pipeline', 'extrair', 'scheduled__2024-08-28T00:00:00+00:00', '--job-id', '586', '--raw', '--subdir', 'DAGS_FOLDER/etl_pipeline.py', '--cfg-path', '/tmp/tmpz4j1swc3']
[2024-10-02T17:31:19.715+0000] {standard_task_runner.py:91} INFO - Job 586: Subtask extrair
[2024-10-02T17:31:19.754+0000] {task_command.py:426} INFO - Running <TaskInstance: etl_covid_europa_pipeline.extrair scheduled__2024-08-28T00:00:00+00:00 [running]> on host 99de7dfc3871
[2024-10-02T17:31:19.832+0000] {taskinstance.py:2648} INFO - Exporting env vars: AIRFLOW_CTX_DAG_OWNER='***' AIRFLOW_CTX_DAG_ID='etl_covid_europa_pipeline' AIRFLOW_CTX_TASK_ID='extrair' AIRFLOW_CTX_EXECUTION_DATE='2024-08-28T00:00:00+00:00' AIRFLOW_CTX_TRY_NUMBER='1' AIRFLOW_CTX_DAG_RUN_ID='scheduled__2024-08-28T00:00:00+00:00'
[2024-10-02T17:31:19.833+0000] {taskinstance.py:430} INFO - ::endgroup::
[2024-10-02T17:31:25.540+0000] {python.py:237} INFO - Done. Returned value was: None
[2024-10-02T17:31:25.542+0000] {taskinstance.py:441} INFO - ::group::Post task execution logs
[2024-10-02T17:31:25.549+0000] {taskinstance.py:1206} INFO - Marking task as SUCCESS. dag_id=etl_covid_europa_pipeline, task_id=extrair, run_id=scheduled__2024-08-28T00:00:00+00:00, execution_date=20240828T000000, start_date=20241002T173119, end_date=20241002T173125
[2024-10-02T17:31:25.620+0000] {local_task_job_runner.py:240} INFO - Task exited with return code 0
[2024-10-02T17:31:25.652+0000] {taskinstance.py:3503} INFO - 1 downstream tasks scheduled from follow-on schedule check
[2024-10-02T17:31:25.655+0000] {local_task_job_runner.py:222} INFO - ::endgroup::
[2024-10-02T18:55:16.916+0000] {local_task_job_runner.py:120} INFO - ::group::Pre task execution logs
[2024-10-02T18:55:16.942+0000] {taskinstance.py:2076} INFO - Dependencies all met for dep_context=non-requeueable deps ti=<TaskInstance: etl_covid_europa_pipeline.extrair scheduled__2024-08-28T00:00:00+00:00 [queued]>
[2024-10-02T18:55:17.135+0000] {taskinstance.py:2076} INFO - Dependencies all met for dep_context=requeueable deps ti=<TaskInstance: etl_covid_europa_pipeline.extrair scheduled__2024-08-28T00:00:00+00:00 [queued]>
[2024-10-02T18:55:17.136+0000] {taskinstance.py:2306} INFO - Starting attempt 1 of 1
[2024-10-02T18:55:17.176+0000] {taskinstance.py:2330} INFO - Executing <Task(PythonOperator): extrair> on 2024-08-28 00:00:00+00:00
[2024-10-02T18:55:17.184+0000] {warnings.py:112} WARNING - /home/***/.local/lib/python3.12/site-packages/***/task/task_runner/standard_task_runner.py:61: DeprecationWarning: This process (pid=4898) is multi-threaded, use of fork() may lead to deadlocks in the child.
  pid = os.fork()

[2024-10-02T18:55:17.185+0000] {standard_task_runner.py:63} INFO - Started process 4913 to run task
[2024-10-02T18:55:17.186+0000] {standard_task_runner.py:90} INFO - Running: ['***', 'tasks', 'run', 'etl_covid_europa_pipeline', 'extrair', 'scheduled__2024-08-28T00:00:00+00:00', '--job-id', '861', '--raw', '--subdir', 'DAGS_FOLDER/etl_pipeline.py', '--cfg-path', '/tmp/tmp14bayoyo']
[2024-10-02T18:55:17.188+0000] {standard_task_runner.py:91} INFO - Job 861: Subtask extrair
[2024-10-02T18:55:17.239+0000] {task_command.py:426} INFO - Running <TaskInstance: etl_covid_europa_pipeline.extrair scheduled__2024-08-28T00:00:00+00:00 [running]> on host 99de7dfc3871
[2024-10-02T18:55:17.341+0000] {taskinstance.py:2648} INFO - Exporting env vars: AIRFLOW_CTX_DAG_OWNER='***' AIRFLOW_CTX_DAG_ID='etl_covid_europa_pipeline' AIRFLOW_CTX_TASK_ID='extrair' AIRFLOW_CTX_EXECUTION_DATE='2024-08-28T00:00:00+00:00' AIRFLOW_CTX_TRY_NUMBER='1' AIRFLOW_CTX_DAG_RUN_ID='scheduled__2024-08-28T00:00:00+00:00'
[2024-10-02T18:55:17.345+0000] {taskinstance.py:430} INFO - ::endgroup::
[2024-10-02T18:55:27.690+0000] {python.py:237} INFO - Done. Returned value was: None
[2024-10-02T18:55:27.693+0000] {taskinstance.py:441} INFO - ::group::Post task execution logs
[2024-10-02T18:55:27.710+0000] {taskinstance.py:1206} INFO - Marking task as SUCCESS. dag_id=etl_covid_europa_pipeline, task_id=extrair, run_id=scheduled__2024-08-28T00:00:00+00:00, execution_date=20240828T000000, start_date=20241002T185516, end_date=20241002T185527
[2024-10-02T18:55:27.838+0000] {local_task_job_runner.py:240} INFO - Task exited with return code 0
[2024-10-02T18:55:27.897+0000] {taskinstance.py:3503} INFO - 1 downstream tasks scheduled from follow-on schedule check
[2024-10-02T18:55:27.921+0000] {local_task_job_runner.py:222} INFO - ::endgroup::
[2024-10-02T19:04:04.122+0000] {local_task_job_runner.py:120} INFO - ::group::Pre task execution logs
[2024-10-02T19:04:04.146+0000] {taskinstance.py:2076} INFO - Dependencies all met for dep_context=non-requeueable deps ti=<TaskInstance: etl_covid_europa_pipeline.extrair scheduled__2024-08-28T00:00:00+00:00 [queued]>
[2024-10-02T19:04:04.337+0000] {taskinstance.py:2076} INFO - Dependencies all met for dep_context=requeueable deps ti=<TaskInstance: etl_covid_europa_pipeline.extrair scheduled__2024-08-28T00:00:00+00:00 [queued]>
[2024-10-02T19:04:04.337+0000] {taskinstance.py:2306} INFO - Starting attempt 1 of 1
[2024-10-02T19:04:04.386+0000] {taskinstance.py:2330} INFO - Executing <Task(PythonOperator): extrair> on 2024-08-28 00:00:00+00:00
[2024-10-02T19:04:04.393+0000] {warnings.py:112} WARNING - /home/***/.local/lib/python3.12/site-packages/***/task/task_runner/standard_task_runner.py:61: DeprecationWarning: This process (pid=8083) is multi-threaded, use of fork() may lead to deadlocks in the child.
  pid = os.fork()

[2024-10-02T19:04:04.394+0000] {standard_task_runner.py:63} INFO - Started process 8101 to run task
[2024-10-02T19:04:04.394+0000] {standard_task_runner.py:90} INFO - Running: ['***', 'tasks', 'run', 'etl_covid_europa_pipeline', 'extrair', 'scheduled__2024-08-28T00:00:00+00:00', '--job-id', '1887', '--raw', '--subdir', 'DAGS_FOLDER/etl_pipeline.py', '--cfg-path', '/tmp/tmpn5nk0scs']
[2024-10-02T19:04:04.396+0000] {standard_task_runner.py:91} INFO - Job 1887: Subtask extrair
[2024-10-02T19:04:04.450+0000] {task_command.py:426} INFO - Running <TaskInstance: etl_covid_europa_pipeline.extrair scheduled__2024-08-28T00:00:00+00:00 [running]> on host 99de7dfc3871
[2024-10-02T19:04:04.545+0000] {taskinstance.py:2648} INFO - Exporting env vars: AIRFLOW_CTX_DAG_OWNER='***' AIRFLOW_CTX_DAG_ID='etl_covid_europa_pipeline' AIRFLOW_CTX_TASK_ID='extrair' AIRFLOW_CTX_EXECUTION_DATE='2024-08-28T00:00:00+00:00' AIRFLOW_CTX_TRY_NUMBER='1' AIRFLOW_CTX_DAG_RUN_ID='scheduled__2024-08-28T00:00:00+00:00'
[2024-10-02T19:04:04.548+0000] {taskinstance.py:430} INFO - ::endgroup::
[2024-10-02T19:04:10.446+0000] {python.py:237} INFO - Done. Returned value was: None
[2024-10-02T19:04:10.447+0000] {taskinstance.py:441} INFO - ::group::Post task execution logs
[2024-10-02T19:04:10.462+0000] {taskinstance.py:1206} INFO - Marking task as SUCCESS. dag_id=etl_covid_europa_pipeline, task_id=extrair, run_id=scheduled__2024-08-28T00:00:00+00:00, execution_date=20240828T000000, start_date=20241002T190404, end_date=20241002T190410
[2024-10-02T19:04:10.503+0000] {local_task_job_runner.py:240} INFO - Task exited with return code 0
[2024-10-02T19:04:10.513+0000] {local_task_job_runner.py:222} INFO - ::endgroup::
