[2024-10-02T17:30:42.903+0000] {local_task_job_runner.py:120} INFO - ::group::Pre task execution logs
[2024-10-02T17:30:42.927+0000] {taskinstance.py:2076} INFO - Dependencies all met for dep_context=non-requeueable deps ti=<TaskInstance: etl_covid_europa_pipeline.extrair scheduled__2024-07-30T00:00:00+00:00 [queued]>
[2024-10-02T17:30:42.933+0000] {taskinstance.py:2076} INFO - Dependencies all met for dep_context=requeueable deps ti=<TaskInstance: etl_covid_europa_pipeline.extrair scheduled__2024-07-30T00:00:00+00:00 [queued]>
[2024-10-02T17:30:42.934+0000] {taskinstance.py:2306} INFO - Starting attempt 1 of 1
[2024-10-02T17:30:43.102+0000] {taskinstance.py:2330} INFO - Executing <Task(PythonOperator): extrair> on 2024-07-30 00:00:00+00:00
[2024-10-02T17:30:43.108+0000] {warnings.py:112} WARNING - /home/***/.local/lib/python3.12/site-packages/***/task/task_runner/standard_task_runner.py:61: DeprecationWarning: This process (pid=2813) is multi-threaded, use of fork() may lead to deadlocks in the child.
  pid = os.fork()

[2024-10-02T17:30:43.109+0000] {standard_task_runner.py:63} INFO - Started process 2827 to run task
[2024-10-02T17:30:43.109+0000] {standard_task_runner.py:90} INFO - Running: ['***', 'tasks', 'run', 'etl_covid_europa_pipeline', 'extrair', 'scheduled__2024-07-30T00:00:00+00:00', '--job-id', '532', '--raw', '--subdir', 'DAGS_FOLDER/etl_pipeline.py', '--cfg-path', '/tmp/tmp2z4o6b3u']
[2024-10-02T17:30:43.111+0000] {standard_task_runner.py:91} INFO - Job 532: Subtask extrair
[2024-10-02T17:30:43.151+0000] {task_command.py:426} INFO - Running <TaskInstance: etl_covid_europa_pipeline.extrair scheduled__2024-07-30T00:00:00+00:00 [running]> on host 99de7dfc3871
[2024-10-02T17:30:43.224+0000] {taskinstance.py:2648} INFO - Exporting env vars: AIRFLOW_CTX_DAG_OWNER='***' AIRFLOW_CTX_DAG_ID='etl_covid_europa_pipeline' AIRFLOW_CTX_TASK_ID='extrair' AIRFLOW_CTX_EXECUTION_DATE='2024-07-30T00:00:00+00:00' AIRFLOW_CTX_TRY_NUMBER='1' AIRFLOW_CTX_DAG_RUN_ID='scheduled__2024-07-30T00:00:00+00:00'
[2024-10-02T17:30:43.225+0000] {taskinstance.py:430} INFO - ::endgroup::
[2024-10-02T17:30:48.437+0000] {python.py:237} INFO - Done. Returned value was: None
[2024-10-02T17:30:48.438+0000] {taskinstance.py:441} INFO - ::group::Post task execution logs
[2024-10-02T17:30:48.447+0000] {taskinstance.py:1206} INFO - Marking task as SUCCESS. dag_id=etl_covid_europa_pipeline, task_id=extrair, run_id=scheduled__2024-07-30T00:00:00+00:00, execution_date=20240730T000000, start_date=20241002T173042, end_date=20241002T173048
[2024-10-02T17:30:48.490+0000] {local_task_job_runner.py:240} INFO - Task exited with return code 0
[2024-10-02T17:30:48.517+0000] {taskinstance.py:3503} INFO - 1 downstream tasks scheduled from follow-on schedule check
[2024-10-02T17:30:48.519+0000] {local_task_job_runner.py:222} INFO - ::endgroup::
[2024-10-02T18:54:45.230+0000] {local_task_job_runner.py:120} INFO - ::group::Pre task execution logs
[2024-10-02T18:54:45.255+0000] {taskinstance.py:2076} INFO - Dependencies all met for dep_context=non-requeueable deps ti=<TaskInstance: etl_covid_europa_pipeline.extrair scheduled__2024-07-30T00:00:00+00:00 [queued]>
[2024-10-02T18:54:45.464+0000] {taskinstance.py:2076} INFO - Dependencies all met for dep_context=requeueable deps ti=<TaskInstance: etl_covid_europa_pipeline.extrair scheduled__2024-07-30T00:00:00+00:00 [queued]>
[2024-10-02T18:54:45.464+0000] {taskinstance.py:2306} INFO - Starting attempt 1 of 1
[2024-10-02T18:54:45.483+0000] {taskinstance.py:2330} INFO - Executing <Task(PythonOperator): extrair> on 2024-07-30 00:00:00+00:00
[2024-10-02T18:54:45.492+0000] {warnings.py:112} WARNING - /home/***/.local/lib/python3.12/site-packages/***/task/task_runner/standard_task_runner.py:61: DeprecationWarning: This process (pid=4623) is multi-threaded, use of fork() may lead to deadlocks in the child.
  pid = os.fork()

[2024-10-02T18:54:45.493+0000] {standard_task_runner.py:63} INFO - Started process 4639 to run task
[2024-10-02T18:54:45.493+0000] {standard_task_runner.py:90} INFO - Running: ['***', 'tasks', 'run', 'etl_covid_europa_pipeline', 'extrair', 'scheduled__2024-07-30T00:00:00+00:00', '--job-id', '773', '--raw', '--subdir', 'DAGS_FOLDER/etl_pipeline.py', '--cfg-path', '/tmp/tmpqsvsvfxh']
[2024-10-02T18:54:45.495+0000] {standard_task_runner.py:91} INFO - Job 773: Subtask extrair
[2024-10-02T18:54:45.545+0000] {task_command.py:426} INFO - Running <TaskInstance: etl_covid_europa_pipeline.extrair scheduled__2024-07-30T00:00:00+00:00 [running]> on host 99de7dfc3871
[2024-10-02T18:54:45.662+0000] {taskinstance.py:2648} INFO - Exporting env vars: AIRFLOW_CTX_DAG_OWNER='***' AIRFLOW_CTX_DAG_ID='etl_covid_europa_pipeline' AIRFLOW_CTX_TASK_ID='extrair' AIRFLOW_CTX_EXECUTION_DATE='2024-07-30T00:00:00+00:00' AIRFLOW_CTX_TRY_NUMBER='1' AIRFLOW_CTX_DAG_RUN_ID='scheduled__2024-07-30T00:00:00+00:00'
[2024-10-02T18:54:45.665+0000] {taskinstance.py:430} INFO - ::endgroup::
[2024-10-02T18:54:51.110+0000] {python.py:237} INFO - Done. Returned value was: None
[2024-10-02T18:54:51.111+0000] {taskinstance.py:441} INFO - ::group::Post task execution logs
[2024-10-02T18:54:51.119+0000] {taskinstance.py:1206} INFO - Marking task as SUCCESS. dag_id=etl_covid_europa_pipeline, task_id=extrair, run_id=scheduled__2024-07-30T00:00:00+00:00, execution_date=20240730T000000, start_date=20241002T185445, end_date=20241002T185451
[2024-10-02T18:54:51.150+0000] {local_task_job_runner.py:240} INFO - Task exited with return code 0
[2024-10-02T18:54:51.171+0000] {taskinstance.py:3503} INFO - 1 downstream tasks scheduled from follow-on schedule check
[2024-10-02T18:54:51.173+0000] {local_task_job_runner.py:222} INFO - ::endgroup::
[2024-10-02T19:03:26.757+0000] {local_task_job_runner.py:120} INFO - ::group::Pre task execution logs
[2024-10-02T19:03:26.778+0000] {taskinstance.py:2076} INFO - Dependencies all met for dep_context=non-requeueable deps ti=<TaskInstance: etl_covid_europa_pipeline.extrair scheduled__2024-07-30T00:00:00+00:00 [queued]>
[2024-10-02T19:03:26.959+0000] {taskinstance.py:2076} INFO - Dependencies all met for dep_context=requeueable deps ti=<TaskInstance: etl_covid_europa_pipeline.extrair scheduled__2024-07-30T00:00:00+00:00 [queued]>
[2024-10-02T19:03:26.960+0000] {taskinstance.py:2306} INFO - Starting attempt 1 of 1
[2024-10-02T19:03:26.976+0000] {taskinstance.py:2330} INFO - Executing <Task(PythonOperator): extrair> on 2024-07-30 00:00:00+00:00
[2024-10-02T19:03:26.981+0000] {warnings.py:112} WARNING - /home/***/.local/lib/python3.12/site-packages/***/task/task_runner/standard_task_runner.py:61: DeprecationWarning: This process (pid=7812) is multi-threaded, use of fork() may lead to deadlocks in the child.
  pid = os.fork()

[2024-10-02T19:03:26.982+0000] {standard_task_runner.py:63} INFO - Started process 7825 to run task
[2024-10-02T19:03:26.982+0000] {standard_task_runner.py:90} INFO - Running: ['***', 'tasks', 'run', 'etl_covid_europa_pipeline', 'extrair', 'scheduled__2024-07-30T00:00:00+00:00', '--job-id', '1798', '--raw', '--subdir', 'DAGS_FOLDER/etl_pipeline.py', '--cfg-path', '/tmp/tmpxlc07hvb']
[2024-10-02T19:03:26.984+0000] {standard_task_runner.py:91} INFO - Job 1798: Subtask extrair
[2024-10-02T19:03:27.029+0000] {task_command.py:426} INFO - Running <TaskInstance: etl_covid_europa_pipeline.extrair scheduled__2024-07-30T00:00:00+00:00 [running]> on host 99de7dfc3871
[2024-10-02T19:03:27.115+0000] {taskinstance.py:2648} INFO - Exporting env vars: AIRFLOW_CTX_DAG_OWNER='***' AIRFLOW_CTX_DAG_ID='etl_covid_europa_pipeline' AIRFLOW_CTX_TASK_ID='extrair' AIRFLOW_CTX_EXECUTION_DATE='2024-07-30T00:00:00+00:00' AIRFLOW_CTX_TRY_NUMBER='1' AIRFLOW_CTX_DAG_RUN_ID='scheduled__2024-07-30T00:00:00+00:00'
[2024-10-02T19:03:27.119+0000] {taskinstance.py:430} INFO - ::endgroup::
[2024-10-02T19:03:32.885+0000] {python.py:237} INFO - Done. Returned value was: None
[2024-10-02T19:03:32.886+0000] {taskinstance.py:441} INFO - ::group::Post task execution logs
[2024-10-02T19:03:32.895+0000] {taskinstance.py:1206} INFO - Marking task as SUCCESS. dag_id=etl_covid_europa_pipeline, task_id=extrair, run_id=scheduled__2024-07-30T00:00:00+00:00, execution_date=20240730T000000, start_date=20241002T190326, end_date=20241002T190332
[2024-10-02T19:03:32.923+0000] {local_task_job_runner.py:240} INFO - Task exited with return code 0
[2024-10-02T19:03:32.952+0000] {taskinstance.py:3503} INFO - 1 downstream tasks scheduled from follow-on schedule check
[2024-10-02T19:03:32.955+0000] {local_task_job_runner.py:222} INFO - ::endgroup::
