[2024-10-02T17:26:25.060+0000] {local_task_job_runner.py:120} INFO - ::group::Pre task execution logs
[2024-10-02T17:26:25.088+0000] {taskinstance.py:2076} INFO - Dependencies all met for dep_context=non-requeueable deps ti=<TaskInstance: etl_covid_europa_pipeline.extrair scheduled__2023-12-15T00:00:00+00:00 [queued]>
[2024-10-02T17:26:25.099+0000] {taskinstance.py:2076} INFO - Dependencies all met for dep_context=requeueable deps ti=<TaskInstance: etl_covid_europa_pipeline.extrair scheduled__2023-12-15T00:00:00+00:00 [queued]>
[2024-10-02T17:26:25.099+0000] {taskinstance.py:2306} INFO - Starting attempt 1 of 1
[2024-10-02T17:26:25.382+0000] {taskinstance.py:2330} INFO - Executing <Task(PythonOperator): extrair> on 2023-12-15 00:00:00+00:00
[2024-10-02T17:26:25.388+0000] {warnings.py:112} WARNING - /home/***/.local/lib/python3.12/site-packages/***/task/task_runner/standard_task_runner.py:61: DeprecationWarning: This process (pid=1592) is multi-threaded, use of fork() may lead to deadlocks in the child.
  pid = os.fork()

[2024-10-02T17:26:25.390+0000] {standard_task_runner.py:63} INFO - Started process 1609 to run task
[2024-10-02T17:26:25.390+0000] {standard_task_runner.py:90} INFO - Running: ['***', 'tasks', 'run', 'etl_covid_europa_pipeline', 'extrair', 'scheduled__2023-12-15T00:00:00+00:00', '--job-id', '144', '--raw', '--subdir', 'DAGS_FOLDER/etl_pipeline.py', '--cfg-path', '/tmp/tmp3ns31ulk']
[2024-10-02T17:26:25.393+0000] {standard_task_runner.py:91} INFO - Job 144: Subtask extrair
[2024-10-02T17:26:25.447+0000] {task_command.py:426} INFO - Running <TaskInstance: etl_covid_europa_pipeline.extrair scheduled__2023-12-15T00:00:00+00:00 [running]> on host 99de7dfc3871
[2024-10-02T17:26:25.540+0000] {taskinstance.py:2648} INFO - Exporting env vars: AIRFLOW_CTX_DAG_OWNER='***' AIRFLOW_CTX_DAG_ID='etl_covid_europa_pipeline' AIRFLOW_CTX_TASK_ID='extrair' AIRFLOW_CTX_EXECUTION_DATE='2023-12-15T00:00:00+00:00' AIRFLOW_CTX_TRY_NUMBER='1' AIRFLOW_CTX_DAG_RUN_ID='scheduled__2023-12-15T00:00:00+00:00'
[2024-10-02T17:26:25.544+0000] {taskinstance.py:430} INFO - ::endgroup::
[2024-10-02T17:26:33.416+0000] {python.py:237} INFO - Done. Returned value was: None
[2024-10-02T17:26:33.416+0000] {taskinstance.py:441} INFO - ::group::Post task execution logs
[2024-10-02T17:26:33.424+0000] {taskinstance.py:1206} INFO - Marking task as SUCCESS. dag_id=etl_covid_europa_pipeline, task_id=extrair, run_id=scheduled__2023-12-15T00:00:00+00:00, execution_date=20231215T000000, start_date=20241002T172625, end_date=20241002T172633
[2024-10-02T17:26:33.455+0000] {local_task_job_runner.py:240} INFO - Task exited with return code 0
[2024-10-02T17:26:33.484+0000] {taskinstance.py:3503} INFO - 1 downstream tasks scheduled from follow-on schedule check
[2024-10-02T17:26:33.487+0000] {local_task_job_runner.py:222} INFO - ::endgroup::
[2024-10-02T18:58:27.814+0000] {local_task_job_runner.py:120} INFO - ::group::Pre task execution logs
[2024-10-02T18:58:27.840+0000] {taskinstance.py:2076} INFO - Dependencies all met for dep_context=non-requeueable deps ti=<TaskInstance: etl_covid_europa_pipeline.extrair scheduled__2023-12-15T00:00:00+00:00 [queued]>
[2024-10-02T18:58:28.020+0000] {taskinstance.py:2076} INFO - Dependencies all met for dep_context=requeueable deps ti=<TaskInstance: etl_covid_europa_pipeline.extrair scheduled__2023-12-15T00:00:00+00:00 [queued]>
[2024-10-02T18:58:28.021+0000] {taskinstance.py:2306} INFO - Starting attempt 1 of 1
[2024-10-02T18:58:28.150+0000] {taskinstance.py:2330} INFO - Executing <Task(PythonOperator): extrair> on 2023-12-15 00:00:00+00:00
[2024-10-02T18:58:28.160+0000] {warnings.py:112} WARNING - /home/***/.local/lib/python3.12/site-packages/***/task/task_runner/standard_task_runner.py:61: DeprecationWarning: This process (pid=5863) is multi-threaded, use of fork() may lead to deadlocks in the child.
  pid = os.fork()

[2024-10-02T18:58:28.161+0000] {standard_task_runner.py:63} INFO - Started process 5879 to run task
[2024-10-02T18:58:28.161+0000] {standard_task_runner.py:90} INFO - Running: ['***', 'tasks', 'run', 'etl_covid_europa_pipeline', 'extrair', 'scheduled__2023-12-15T00:00:00+00:00', '--job-id', '1170', '--raw', '--subdir', 'DAGS_FOLDER/etl_pipeline.py', '--cfg-path', '/tmp/tmpkeg55vxn']
[2024-10-02T18:58:28.164+0000] {standard_task_runner.py:91} INFO - Job 1170: Subtask extrair
[2024-10-02T18:58:28.217+0000] {task_command.py:426} INFO - Running <TaskInstance: etl_covid_europa_pipeline.extrair scheduled__2023-12-15T00:00:00+00:00 [running]> on host 99de7dfc3871
[2024-10-02T18:58:28.315+0000] {taskinstance.py:2648} INFO - Exporting env vars: AIRFLOW_CTX_DAG_OWNER='***' AIRFLOW_CTX_DAG_ID='etl_covid_europa_pipeline' AIRFLOW_CTX_TASK_ID='extrair' AIRFLOW_CTX_EXECUTION_DATE='2023-12-15T00:00:00+00:00' AIRFLOW_CTX_TRY_NUMBER='1' AIRFLOW_CTX_DAG_RUN_ID='scheduled__2023-12-15T00:00:00+00:00'
[2024-10-02T18:58:28.317+0000] {taskinstance.py:430} INFO - ::endgroup::
[2024-10-02T18:58:37.292+0000] {python.py:237} INFO - Done. Returned value was: None
[2024-10-02T18:58:37.292+0000] {taskinstance.py:441} INFO - ::group::Post task execution logs
[2024-10-02T18:58:37.301+0000] {taskinstance.py:1206} INFO - Marking task as SUCCESS. dag_id=etl_covid_europa_pipeline, task_id=extrair, run_id=scheduled__2023-12-15T00:00:00+00:00, execution_date=20231215T000000, start_date=20241002T185827, end_date=20241002T185837
[2024-10-02T18:58:37.357+0000] {local_task_job_runner.py:240} INFO - Task exited with return code 0
[2024-10-02T18:58:37.379+0000] {taskinstance.py:3503} INFO - 1 downstream tasks scheduled from follow-on schedule check
[2024-10-02T18:58:37.381+0000] {local_task_job_runner.py:222} INFO - ::endgroup::
[2024-10-02T19:24:46.126+0000] {local_task_job_runner.py:120} INFO - ::group::Pre task execution logs
[2024-10-02T19:24:46.150+0000] {taskinstance.py:2076} INFO - Dependencies all met for dep_context=non-requeueable deps ti=<TaskInstance: etl_covid_europa_pipeline.extrair scheduled__2023-12-15T00:00:00+00:00 [queued]>
[2024-10-02T19:24:46.342+0000] {taskinstance.py:2076} INFO - Dependencies all met for dep_context=requeueable deps ti=<TaskInstance: etl_covid_europa_pipeline.extrair scheduled__2023-12-15T00:00:00+00:00 [queued]>
[2024-10-02T19:24:46.343+0000] {taskinstance.py:2306} INFO - Starting attempt 1 of 1
[2024-10-02T19:24:46.436+0000] {taskinstance.py:2330} INFO - Executing <Task(PythonOperator): extrair> on 2023-12-15 00:00:00+00:00
[2024-10-02T19:24:46.443+0000] {warnings.py:112} WARNING - /home/***/.local/lib/python3.12/site-packages/***/task/task_runner/standard_task_runner.py:61: DeprecationWarning: This process (pid=9243) is multi-threaded, use of fork() may lead to deadlocks in the child.
  pid = os.fork()

[2024-10-02T19:24:46.445+0000] {standard_task_runner.py:63} INFO - Started process 9256 to run task
[2024-10-02T19:24:46.445+0000] {standard_task_runner.py:90} INFO - Running: ['***', 'tasks', 'run', 'etl_covid_europa_pipeline', 'extrair', 'scheduled__2023-12-15T00:00:00+00:00', '--job-id', '2182', '--raw', '--subdir', 'DAGS_FOLDER/etl_pipeline.py', '--cfg-path', '/tmp/tmp4_l614ry']
[2024-10-02T19:24:46.447+0000] {standard_task_runner.py:91} INFO - Job 2182: Subtask extrair
[2024-10-02T19:24:46.494+0000] {task_command.py:426} INFO - Running <TaskInstance: etl_covid_europa_pipeline.extrair scheduled__2023-12-15T00:00:00+00:00 [running]> on host 99de7dfc3871
[2024-10-02T19:24:46.592+0000] {taskinstance.py:2648} INFO - Exporting env vars: AIRFLOW_CTX_DAG_OWNER='***' AIRFLOW_CTX_DAG_ID='etl_covid_europa_pipeline' AIRFLOW_CTX_TASK_ID='extrair' AIRFLOW_CTX_EXECUTION_DATE='2023-12-15T00:00:00+00:00' AIRFLOW_CTX_TRY_NUMBER='1' AIRFLOW_CTX_DAG_RUN_ID='scheduled__2023-12-15T00:00:00+00:00'
[2024-10-02T19:24:46.595+0000] {taskinstance.py:430} INFO - ::endgroup::
[2024-10-02T19:24:51.317+0000] {python.py:237} INFO - Done. Returned value was: None
[2024-10-02T19:24:51.317+0000] {taskinstance.py:441} INFO - ::group::Post task execution logs
[2024-10-02T19:24:51.327+0000] {taskinstance.py:1206} INFO - Marking task as SUCCESS. dag_id=etl_covid_europa_pipeline, task_id=extrair, run_id=scheduled__2023-12-15T00:00:00+00:00, execution_date=20231215T000000, start_date=20241002T192446, end_date=20241002T192451
[2024-10-02T19:24:51.352+0000] {local_task_job_runner.py:240} INFO - Task exited with return code 0
[2024-10-02T19:24:51.362+0000] {local_task_job_runner.py:222} INFO - ::endgroup::
