[2024-10-02T17:25:35.579+0000] {local_task_job_runner.py:120} INFO - ::group::Pre task execution logs
[2024-10-02T17:25:35.615+0000] {taskinstance.py:2076} INFO - Dependencies all met for dep_context=non-requeueable deps ti=<TaskInstance: etl_covid_europa_pipeline.transformar scheduled__2023-11-01T00:00:00+00:00 [queued]>
[2024-10-02T17:25:35.628+0000] {taskinstance.py:2076} INFO - Dependencies all met for dep_context=requeueable deps ti=<TaskInstance: etl_covid_europa_pipeline.transformar scheduled__2023-11-01T00:00:00+00:00 [queued]>
[2024-10-02T17:25:35.629+0000] {taskinstance.py:2306} INFO - Starting attempt 1 of 1
[2024-10-02T17:25:35.854+0000] {taskinstance.py:2330} INFO - Executing <Task(PythonOperator): transformar> on 2023-11-01 00:00:00+00:00
[2024-10-02T17:25:35.861+0000] {warnings.py:112} WARNING - /home/***/.local/lib/python3.12/site-packages/***/task/task_runner/standard_task_runner.py:61: DeprecationWarning: This process (pid=1347) is multi-threaded, use of fork() may lead to deadlocks in the child.
  pid = os.fork()

[2024-10-02T17:25:35.863+0000] {standard_task_runner.py:63} INFO - Started process 1359 to run task
[2024-10-02T17:25:35.863+0000] {standard_task_runner.py:90} INFO - Running: ['***', 'tasks', 'run', 'etl_covid_europa_pipeline', 'transformar', 'scheduled__2023-11-01T00:00:00+00:00', '--job-id', '68', '--raw', '--subdir', 'DAGS_FOLDER/etl_pipeline.py', '--cfg-path', '/tmp/tmphhng5i97']
[2024-10-02T17:25:35.866+0000] {standard_task_runner.py:91} INFO - Job 68: Subtask transformar
[2024-10-02T17:25:35.912+0000] {task_command.py:426} INFO - Running <TaskInstance: etl_covid_europa_pipeline.transformar scheduled__2023-11-01T00:00:00+00:00 [running]> on host 99de7dfc3871
[2024-10-02T17:25:35.994+0000] {taskinstance.py:2648} INFO - Exporting env vars: AIRFLOW_CTX_DAG_OWNER='***' AIRFLOW_CTX_DAG_ID='etl_covid_europa_pipeline' AIRFLOW_CTX_TASK_ID='transformar' AIRFLOW_CTX_EXECUTION_DATE='2023-11-01T00:00:00+00:00' AIRFLOW_CTX_TRY_NUMBER='1' AIRFLOW_CTX_DAG_RUN_ID='scheduled__2023-11-01T00:00:00+00:00'
[2024-10-02T17:25:35.995+0000] {taskinstance.py:430} INFO - ::endgroup::
[2024-10-02T17:25:36.178+0000] {taskinstance.py:441} INFO - ::group::Post task execution logs
[2024-10-02T17:25:36.179+0000] {taskinstance.py:2905} ERROR - Task failed with exception
Traceback (most recent call last):
  File "/home/airflow/.local/lib/python3.12/site-packages/airflow/models/taskinstance.py", line 465, in _execute_task
    result = _execute_callable(context=context, **execute_callable_kwargs)
             ^^^^^^^^^^^^^^^^^^^^^^^^^^^^^^^^^^^^^^^^^^^^^^^^^^^^^^^^^^^^^
  File "/home/airflow/.local/lib/python3.12/site-packages/airflow/models/taskinstance.py", line 432, in _execute_callable
    return execute_callable(context=context, **execute_callable_kwargs)
           ^^^^^^^^^^^^^^^^^^^^^^^^^^^^^^^^^^^^^^^^^^^^^^^^^^^^^^^^^^^^
  File "/home/airflow/.local/lib/python3.12/site-packages/airflow/models/baseoperator.py", line 401, in wrapper
    return func(self, *args, **kwargs)
           ^^^^^^^^^^^^^^^^^^^^^^^^^^^
  File "/home/airflow/.local/lib/python3.12/site-packages/airflow/operators/python.py", line 235, in execute
    return_value = self.execute_callable()
                   ^^^^^^^^^^^^^^^^^^^^^^^
  File "/home/airflow/.local/lib/python3.12/site-packages/airflow/operators/python.py", line 252, in execute_callable
    return self.python_callable(*self.op_args, **self.op_kwargs)
           ^^^^^^^^^^^^^^^^^^^^^^^^^^^^^^^^^^^^^^^^^^^^^^^^^^^^^
  File "/opt/airflow/dags/etl_pipeline.py", line 17, in transformar
    df_agrupada = df.groupby('ContinentExp')[['cases', 'deaths']].sum().reset_index()
                  ^^^^^^^^^^^^^^^^^^^^^^^^^^
  File "/home/airflow/.local/lib/python3.12/site-packages/pandas/core/frame.py", line 8869, in groupby
    return DataFrameGroupBy(
           ^^^^^^^^^^^^^^^^^
  File "/home/airflow/.local/lib/python3.12/site-packages/pandas/core/groupby/groupby.py", line 1278, in __init__
    grouper, exclusions, obj = get_grouper(
                               ^^^^^^^^^^^^
  File "/home/airflow/.local/lib/python3.12/site-packages/pandas/core/groupby/grouper.py", line 1009, in get_grouper
    raise KeyError(gpr)
KeyError: 'ContinentExp'
[2024-10-02T17:25:36.199+0000] {taskinstance.py:1206} INFO - Marking task as FAILED. dag_id=etl_covid_europa_pipeline, task_id=transformar, run_id=scheduled__2023-11-01T00:00:00+00:00, execution_date=20231101T000000, start_date=20241002T172535, end_date=20241002T172536
[2024-10-02T17:25:36.214+0000] {standard_task_runner.py:110} ERROR - Failed to execute job 68 for task transformar ('ContinentExp'; 1359)
[2024-10-02T17:25:36.238+0000] {local_task_job_runner.py:240} INFO - Task exited with return code 1
[2024-10-02T17:25:36.250+0000] {taskinstance.py:3503} INFO - 0 downstream tasks scheduled from follow-on schedule check
[2024-10-02T17:25:36.252+0000] {local_task_job_runner.py:222} INFO - ::endgroup::
[2024-10-02T18:57:38.712+0000] {local_task_job_runner.py:120} INFO - ::group::Pre task execution logs
[2024-10-02T18:57:38.736+0000] {taskinstance.py:2076} INFO - Dependencies all met for dep_context=non-requeueable deps ti=<TaskInstance: etl_covid_europa_pipeline.transformar scheduled__2023-11-01T00:00:00+00:00 [queued]>
[2024-10-02T18:57:38.964+0000] {taskinstance.py:2076} INFO - Dependencies all met for dep_context=requeueable deps ti=<TaskInstance: etl_covid_europa_pipeline.transformar scheduled__2023-11-01T00:00:00+00:00 [queued]>
[2024-10-02T18:57:38.965+0000] {taskinstance.py:2306} INFO - Starting attempt 1 of 1
[2024-10-02T18:57:38.981+0000] {taskinstance.py:2330} INFO - Executing <Task(PythonOperator): transformar> on 2023-11-01 00:00:00+00:00
[2024-10-02T18:57:38.988+0000] {warnings.py:112} WARNING - /home/***/.local/lib/python3.12/site-packages/***/task/task_runner/standard_task_runner.py:61: DeprecationWarning: This process (pid=5519) is multi-threaded, use of fork() may lead to deadlocks in the child.
  pid = os.fork()

[2024-10-02T18:57:38.990+0000] {standard_task_runner.py:63} INFO - Started process 5531 to run task
[2024-10-02T18:57:38.989+0000] {standard_task_runner.py:90} INFO - Running: ['***', 'tasks', 'run', 'etl_covid_europa_pipeline', 'transformar', 'scheduled__2023-11-01T00:00:00+00:00', '--job-id', '1057', '--raw', '--subdir', 'DAGS_FOLDER/etl_pipeline.py', '--cfg-path', '/tmp/tmpoupird04']
[2024-10-02T18:57:38.992+0000] {standard_task_runner.py:91} INFO - Job 1057: Subtask transformar
[2024-10-02T18:57:39.037+0000] {task_command.py:426} INFO - Running <TaskInstance: etl_covid_europa_pipeline.transformar scheduled__2023-11-01T00:00:00+00:00 [running]> on host 99de7dfc3871
[2024-10-02T18:57:39.123+0000] {taskinstance.py:2648} INFO - Exporting env vars: AIRFLOW_CTX_DAG_OWNER='***' AIRFLOW_CTX_DAG_ID='etl_covid_europa_pipeline' AIRFLOW_CTX_TASK_ID='transformar' AIRFLOW_CTX_EXECUTION_DATE='2023-11-01T00:00:00+00:00' AIRFLOW_CTX_TRY_NUMBER='1' AIRFLOW_CTX_DAG_RUN_ID='scheduled__2023-11-01T00:00:00+00:00'
[2024-10-02T18:57:39.127+0000] {taskinstance.py:430} INFO - ::endgroup::
[2024-10-02T18:57:39.265+0000] {python.py:237} INFO - Done. Returned value was: None
[2024-10-02T18:57:39.266+0000] {taskinstance.py:441} INFO - ::group::Post task execution logs
[2024-10-02T18:57:39.274+0000] {taskinstance.py:1206} INFO - Marking task as SUCCESS. dag_id=etl_covid_europa_pipeline, task_id=transformar, run_id=scheduled__2023-11-01T00:00:00+00:00, execution_date=20231101T000000, start_date=20241002T185738, end_date=20241002T185739
[2024-10-02T18:57:39.324+0000] {local_task_job_runner.py:240} INFO - Task exited with return code 0
[2024-10-02T18:57:39.333+0000] {local_task_job_runner.py:222} INFO - ::endgroup::
[2024-10-02T19:23:54.594+0000] {local_task_job_runner.py:120} INFO - ::group::Pre task execution logs
[2024-10-02T19:23:54.861+0000] {taskinstance.py:2076} INFO - Dependencies all met for dep_context=non-requeueable deps ti=<TaskInstance: etl_covid_europa_pipeline.transformar scheduled__2023-11-01T00:00:00+00:00 [queued]>
[2024-10-02T19:23:54.870+0000] {taskinstance.py:2076} INFO - Dependencies all met for dep_context=requeueable deps ti=<TaskInstance: etl_covid_europa_pipeline.transformar scheduled__2023-11-01T00:00:00+00:00 [queued]>
[2024-10-02T19:23:54.871+0000] {taskinstance.py:2306} INFO - Starting attempt 1 of 1
[2024-10-02T19:23:54.889+0000] {taskinstance.py:2330} INFO - Executing <Task(PythonOperator): transformar> on 2023-11-01 00:00:00+00:00
[2024-10-02T19:23:54.897+0000] {warnings.py:112} WARNING - /home/***/.local/lib/python3.12/site-packages/***/task/task_runner/standard_task_runner.py:61: DeprecationWarning: This process (pid=8884) is multi-threaded, use of fork() may lead to deadlocks in the child.
  pid = os.fork()

[2024-10-02T19:23:54.898+0000] {standard_task_runner.py:63} INFO - Started process 8897 to run task
[2024-10-02T19:23:54.898+0000] {standard_task_runner.py:90} INFO - Running: ['***', 'tasks', 'run', 'etl_covid_europa_pipeline', 'transformar', 'scheduled__2023-11-01T00:00:00+00:00', '--job-id', '2068', '--raw', '--subdir', 'DAGS_FOLDER/etl_pipeline.py', '--cfg-path', '/tmp/tmp03tduhxt']
[2024-10-02T19:23:54.900+0000] {standard_task_runner.py:91} INFO - Job 2068: Subtask transformar
[2024-10-02T19:23:54.947+0000] {task_command.py:426} INFO - Running <TaskInstance: etl_covid_europa_pipeline.transformar scheduled__2023-11-01T00:00:00+00:00 [running]> on host 99de7dfc3871
[2024-10-02T19:23:55.028+0000] {taskinstance.py:2648} INFO - Exporting env vars: AIRFLOW_CTX_DAG_OWNER='***' AIRFLOW_CTX_DAG_ID='etl_covid_europa_pipeline' AIRFLOW_CTX_TASK_ID='transformar' AIRFLOW_CTX_EXECUTION_DATE='2023-11-01T00:00:00+00:00' AIRFLOW_CTX_TRY_NUMBER='1' AIRFLOW_CTX_DAG_RUN_ID='scheduled__2023-11-01T00:00:00+00:00'
[2024-10-02T19:23:55.030+0000] {taskinstance.py:430} INFO - ::endgroup::
[2024-10-02T19:23:55.172+0000] {python.py:237} INFO - Done. Returned value was: None
[2024-10-02T19:23:55.173+0000] {taskinstance.py:441} INFO - ::group::Post task execution logs
[2024-10-02T19:23:55.181+0000] {taskinstance.py:1206} INFO - Marking task as SUCCESS. dag_id=etl_covid_europa_pipeline, task_id=transformar, run_id=scheduled__2023-11-01T00:00:00+00:00, execution_date=20231101T000000, start_date=20241002T192354, end_date=20241002T192355
[2024-10-02T19:23:55.233+0000] {local_task_job_runner.py:240} INFO - Task exited with return code 0
[2024-10-02T19:23:55.249+0000] {local_task_job_runner.py:222} INFO - ::endgroup::
