[2024-10-02T17:26:45.731+0000] {local_task_job_runner.py:120} INFO - ::group::Pre task execution logs
[2024-10-02T17:26:45.757+0000] {taskinstance.py:2076} INFO - Dependencies all met for dep_context=non-requeueable deps ti=<TaskInstance: etl_covid_europa_pipeline.transformar scheduled__2023-12-24T00:00:00+00:00 [queued]>
[2024-10-02T17:26:45.769+0000] {taskinstance.py:2076} INFO - Dependencies all met for dep_context=requeueable deps ti=<TaskInstance: etl_covid_europa_pipeline.transformar scheduled__2023-12-24T00:00:00+00:00 [queued]>
[2024-10-02T17:26:45.769+0000] {taskinstance.py:2306} INFO - Starting attempt 1 of 1
[2024-10-02T17:26:45.794+0000] {taskinstance.py:2330} INFO - Executing <Task(PythonOperator): transformar> on 2023-12-24 00:00:00+00:00
[2024-10-02T17:26:45.803+0000] {warnings.py:112} WARNING - /home/***/.local/lib/python3.12/site-packages/***/task/task_runner/standard_task_runner.py:61: DeprecationWarning: This process (pid=1711) is multi-threaded, use of fork() may lead to deadlocks in the child.
  pid = os.fork()

[2024-10-02T17:26:45.804+0000] {standard_task_runner.py:63} INFO - Started process 1721 to run task
[2024-10-02T17:26:45.804+0000] {standard_task_runner.py:90} INFO - Running: ['***', 'tasks', 'run', 'etl_covid_europa_pipeline', 'transformar', 'scheduled__2023-12-24T00:00:00+00:00', '--job-id', '180', '--raw', '--subdir', 'DAGS_FOLDER/etl_pipeline.py', '--cfg-path', '/tmp/tmpzzydhkmc']
[2024-10-02T17:26:45.806+0000] {standard_task_runner.py:91} INFO - Job 180: Subtask transformar
[2024-10-02T17:26:46.115+0000] {task_command.py:426} INFO - Running <TaskInstance: etl_covid_europa_pipeline.transformar scheduled__2023-12-24T00:00:00+00:00 [running]> on host 99de7dfc3871
[2024-10-02T17:26:46.217+0000] {taskinstance.py:2648} INFO - Exporting env vars: AIRFLOW_CTX_DAG_OWNER='***' AIRFLOW_CTX_DAG_ID='etl_covid_europa_pipeline' AIRFLOW_CTX_TASK_ID='transformar' AIRFLOW_CTX_EXECUTION_DATE='2023-12-24T00:00:00+00:00' AIRFLOW_CTX_TRY_NUMBER='1' AIRFLOW_CTX_DAG_RUN_ID='scheduled__2023-12-24T00:00:00+00:00'
[2024-10-02T17:26:46.218+0000] {taskinstance.py:430} INFO - ::endgroup::
[2024-10-02T17:26:46.388+0000] {taskinstance.py:441} INFO - ::group::Post task execution logs
[2024-10-02T17:26:46.389+0000] {taskinstance.py:2905} ERROR - Task failed with exception
Traceback (most recent call last):
  File "/home/airflow/.local/lib/python3.12/site-packages/airflow/models/taskinstance.py", line 465, in _execute_task
    result = _execute_callable(context=context, **execute_callable_kwargs)
             ^^^^^^^^^^^^^^^^^^^^^^^^^^^^^^^^^^^^^^^^^^^^^^^^^^^^^^^^^^^^^
  File "/home/airflow/.local/lib/python3.12/site-packages/airflow/models/taskinstance.py", line 432, in _execute_callable
    return execute_callable(context=context, **execute_callable_kwargs)
           ^^^^^^^^^^^^^^^^^^^^^^^^^^^^^^^^^^^^^^^^^^^^^^^^^^^^^^^^^^^^
  File "/home/airflow/.local/lib/python3.12/site-packages/airflow/models/baseoperator.py", line 401, in wrapper
    return func(self, *args, **kwargs)
           ^^^^^^^^^^^^^^^^^^^^^^^^^^^
  File "/home/airflow/.local/lib/python3.12/site-packages/airflow/operators/python.py", line 235, in execute
    return_value = self.execute_callable()
                   ^^^^^^^^^^^^^^^^^^^^^^^
  File "/home/airflow/.local/lib/python3.12/site-packages/airflow/operators/python.py", line 252, in execute_callable
    return self.python_callable(*self.op_args, **self.op_kwargs)
           ^^^^^^^^^^^^^^^^^^^^^^^^^^^^^^^^^^^^^^^^^^^^^^^^^^^^^
  File "/opt/airflow/dags/etl_pipeline.py", line 17, in transformar
    df_agrupada = df.groupby('ContinentExp')[['cases', 'deaths']].sum().reset_index()
                  ^^^^^^^^^^^^^^^^^^^^^^^^^^
  File "/home/airflow/.local/lib/python3.12/site-packages/pandas/core/frame.py", line 8869, in groupby
    return DataFrameGroupBy(
           ^^^^^^^^^^^^^^^^^
  File "/home/airflow/.local/lib/python3.12/site-packages/pandas/core/groupby/groupby.py", line 1278, in __init__
    grouper, exclusions, obj = get_grouper(
                               ^^^^^^^^^^^^
  File "/home/airflow/.local/lib/python3.12/site-packages/pandas/core/groupby/grouper.py", line 1009, in get_grouper
    raise KeyError(gpr)
KeyError: 'ContinentExp'
[2024-10-02T17:26:46.403+0000] {taskinstance.py:1206} INFO - Marking task as FAILED. dag_id=etl_covid_europa_pipeline, task_id=transformar, run_id=scheduled__2023-12-24T00:00:00+00:00, execution_date=20231224T000000, start_date=20241002T172645, end_date=20241002T172646
[2024-10-02T17:26:46.415+0000] {standard_task_runner.py:110} ERROR - Failed to execute job 180 for task transformar ('ContinentExp'; 1721)
[2024-10-02T17:26:46.462+0000] {local_task_job_runner.py:240} INFO - Task exited with return code 1
[2024-10-02T17:26:46.750+0000] {taskinstance.py:3503} INFO - 0 downstream tasks scheduled from follow-on schedule check
[2024-10-02T17:26:46.765+0000] {local_task_job_runner.py:222} INFO - ::endgroup::
[2024-10-02T18:58:47.066+0000] {local_task_job_runner.py:120} INFO - ::group::Pre task execution logs
[2024-10-02T18:58:47.096+0000] {taskinstance.py:2076} INFO - Dependencies all met for dep_context=non-requeueable deps ti=<TaskInstance: etl_covid_europa_pipeline.transformar scheduled__2023-12-24T00:00:00+00:00 [queued]>
[2024-10-02T18:58:47.109+0000] {taskinstance.py:2076} INFO - Dependencies all met for dep_context=requeueable deps ti=<TaskInstance: etl_covid_europa_pipeline.transformar scheduled__2023-12-24T00:00:00+00:00 [queued]>
[2024-10-02T18:58:47.110+0000] {taskinstance.py:2306} INFO - Starting attempt 1 of 1
[2024-10-02T18:58:47.424+0000] {taskinstance.py:2330} INFO - Executing <Task(PythonOperator): transformar> on 2023-12-24 00:00:00+00:00
[2024-10-02T18:58:47.432+0000] {warnings.py:112} WARNING - /home/***/.local/lib/python3.12/site-packages/***/task/task_runner/standard_task_runner.py:61: DeprecationWarning: This process (pid=6002) is multi-threaded, use of fork() may lead to deadlocks in the child.
  pid = os.fork()

[2024-10-02T18:58:47.433+0000] {standard_task_runner.py:63} INFO - Started process 6021 to run task
[2024-10-02T18:58:47.434+0000] {standard_task_runner.py:90} INFO - Running: ['***', 'tasks', 'run', 'etl_covid_europa_pipeline', 'transformar', 'scheduled__2023-12-24T00:00:00+00:00', '--job-id', '1214', '--raw', '--subdir', 'DAGS_FOLDER/etl_pipeline.py', '--cfg-path', '/tmp/tmp4svkogou']
[2024-10-02T18:58:47.436+0000] {standard_task_runner.py:91} INFO - Job 1214: Subtask transformar
[2024-10-02T18:58:47.494+0000] {task_command.py:426} INFO - Running <TaskInstance: etl_covid_europa_pipeline.transformar scheduled__2023-12-24T00:00:00+00:00 [running]> on host 99de7dfc3871
[2024-10-02T18:58:47.600+0000] {taskinstance.py:2648} INFO - Exporting env vars: AIRFLOW_CTX_DAG_OWNER='***' AIRFLOW_CTX_DAG_ID='etl_covid_europa_pipeline' AIRFLOW_CTX_TASK_ID='transformar' AIRFLOW_CTX_EXECUTION_DATE='2023-12-24T00:00:00+00:00' AIRFLOW_CTX_TRY_NUMBER='1' AIRFLOW_CTX_DAG_RUN_ID='scheduled__2023-12-24T00:00:00+00:00'
[2024-10-02T18:58:47.602+0000] {taskinstance.py:430} INFO - ::endgroup::
[2024-10-02T18:58:47.800+0000] {python.py:237} INFO - Done. Returned value was: None
[2024-10-02T18:58:47.801+0000] {taskinstance.py:441} INFO - ::group::Post task execution logs
[2024-10-02T18:58:47.812+0000] {taskinstance.py:1206} INFO - Marking task as SUCCESS. dag_id=etl_covid_europa_pipeline, task_id=transformar, run_id=scheduled__2023-12-24T00:00:00+00:00, execution_date=20231224T000000, start_date=20241002T185847, end_date=20241002T185847
[2024-10-02T18:58:47.930+0000] {local_task_job_runner.py:240} INFO - Task exited with return code 0
[2024-10-02T18:58:47.956+0000] {taskinstance.py:3503} INFO - 1 downstream tasks scheduled from follow-on schedule check
[2024-10-02T18:58:47.960+0000] {local_task_job_runner.py:222} INFO - ::endgroup::
[2024-10-02T19:25:07.985+0000] {local_task_job_runner.py:120} INFO - ::group::Pre task execution logs
[2024-10-02T19:25:08.012+0000] {taskinstance.py:2076} INFO - Dependencies all met for dep_context=non-requeueable deps ti=<TaskInstance: etl_covid_europa_pipeline.transformar scheduled__2023-12-24T00:00:00+00:00 [queued]>
[2024-10-02T19:25:08.269+0000] {taskinstance.py:2076} INFO - Dependencies all met for dep_context=requeueable deps ti=<TaskInstance: etl_covid_europa_pipeline.transformar scheduled__2023-12-24T00:00:00+00:00 [queued]>
[2024-10-02T19:25:08.270+0000] {taskinstance.py:2306} INFO - Starting attempt 1 of 1
[2024-10-02T19:25:08.293+0000] {taskinstance.py:2330} INFO - Executing <Task(PythonOperator): transformar> on 2023-12-24 00:00:00+00:00
[2024-10-02T19:25:08.303+0000] {warnings.py:112} WARNING - /home/***/.local/lib/python3.12/site-packages/***/task/task_runner/standard_task_runner.py:61: DeprecationWarning: This process (pid=9400) is multi-threaded, use of fork() may lead to deadlocks in the child.
  pid = os.fork()

[2024-10-02T19:25:08.305+0000] {standard_task_runner.py:63} INFO - Started process 9422 to run task
[2024-10-02T19:25:08.306+0000] {standard_task_runner.py:90} INFO - Running: ['***', 'tasks', 'run', 'etl_covid_europa_pipeline', 'transformar', 'scheduled__2023-12-24T00:00:00+00:00', '--job-id', '2234', '--raw', '--subdir', 'DAGS_FOLDER/etl_pipeline.py', '--cfg-path', '/tmp/tmp1nue8ah4']
[2024-10-02T19:25:08.308+0000] {standard_task_runner.py:91} INFO - Job 2234: Subtask transformar
[2024-10-02T19:25:08.368+0000] {task_command.py:426} INFO - Running <TaskInstance: etl_covid_europa_pipeline.transformar scheduled__2023-12-24T00:00:00+00:00 [running]> on host 99de7dfc3871
[2024-10-02T19:25:08.468+0000] {taskinstance.py:2648} INFO - Exporting env vars: AIRFLOW_CTX_DAG_OWNER='***' AIRFLOW_CTX_DAG_ID='etl_covid_europa_pipeline' AIRFLOW_CTX_TASK_ID='transformar' AIRFLOW_CTX_EXECUTION_DATE='2023-12-24T00:00:00+00:00' AIRFLOW_CTX_TRY_NUMBER='1' AIRFLOW_CTX_DAG_RUN_ID='scheduled__2023-12-24T00:00:00+00:00'
[2024-10-02T19:25:08.471+0000] {taskinstance.py:430} INFO - ::endgroup::
[2024-10-02T19:25:08.625+0000] {python.py:237} INFO - Done. Returned value was: None
[2024-10-02T19:25:08.626+0000] {taskinstance.py:441} INFO - ::group::Post task execution logs
[2024-10-02T19:25:08.634+0000] {taskinstance.py:1206} INFO - Marking task as SUCCESS. dag_id=etl_covid_europa_pipeline, task_id=transformar, run_id=scheduled__2023-12-24T00:00:00+00:00, execution_date=20231224T000000, start_date=20241002T192508, end_date=20241002T192508
[2024-10-02T19:25:08.680+0000] {local_task_job_runner.py:240} INFO - Task exited with return code 0
[2024-10-02T19:25:08.704+0000] {taskinstance.py:3503} INFO - 1 downstream tasks scheduled from follow-on schedule check
[2024-10-02T19:25:08.706+0000] {local_task_job_runner.py:222} INFO - ::endgroup::
