[2024-10-02T18:55:30.782+0000] {local_task_job_runner.py:120} INFO - ::group::Pre task execution logs
[2024-10-02T18:55:30.807+0000] {taskinstance.py:2076} INFO - Dependencies all met for dep_context=non-requeueable deps ti=<TaskInstance: etl_covid_europa_pipeline.carregar scheduled__2024-09-10T00:00:00+00:00 [queued]>
[2024-10-02T18:55:31.017+0000] {taskinstance.py:2076} INFO - Dependencies all met for dep_context=requeueable deps ti=<TaskInstance: etl_covid_europa_pipeline.carregar scheduled__2024-09-10T00:00:00+00:00 [queued]>
[2024-10-02T18:55:31.017+0000] {taskinstance.py:2306} INFO - Starting attempt 1 of 1
[2024-10-02T18:55:31.034+0000] {taskinstance.py:2330} INFO - Executing <Task(PythonOperator): carregar> on 2024-09-10 00:00:00+00:00
[2024-10-02T18:55:31.042+0000] {warnings.py:112} WARNING - /home/***/.local/lib/python3.12/site-packages/***/task/task_runner/standard_task_runner.py:61: DeprecationWarning: This process (pid=5033) is multi-threaded, use of fork() may lead to deadlocks in the child.
  pid = os.fork()

[2024-10-02T18:55:31.045+0000] {standard_task_runner.py:63} INFO - Started process 5043 to run task
[2024-10-02T18:55:31.044+0000] {standard_task_runner.py:90} INFO - Running: ['***', 'tasks', 'run', 'etl_covid_europa_pipeline', 'carregar', 'scheduled__2024-09-10T00:00:00+00:00', '--job-id', '905', '--raw', '--subdir', 'DAGS_FOLDER/etl_pipeline.py', '--cfg-path', '/tmp/tmps4clj51q']
[2024-10-02T18:55:31.047+0000] {standard_task_runner.py:91} INFO - Job 905: Subtask carregar
[2024-10-02T18:55:31.089+0000] {task_command.py:426} INFO - Running <TaskInstance: etl_covid_europa_pipeline.carregar scheduled__2024-09-10T00:00:00+00:00 [running]> on host 99de7dfc3871
[2024-10-02T18:55:31.165+0000] {taskinstance.py:2648} INFO - Exporting env vars: AIRFLOW_CTX_DAG_OWNER='***' AIRFLOW_CTX_DAG_ID='etl_covid_europa_pipeline' AIRFLOW_CTX_TASK_ID='carregar' AIRFLOW_CTX_EXECUTION_DATE='2024-09-10T00:00:00+00:00' AIRFLOW_CTX_TRY_NUMBER='1' AIRFLOW_CTX_DAG_RUN_ID='scheduled__2024-09-10T00:00:00+00:00'
[2024-10-02T18:55:31.168+0000] {taskinstance.py:430} INFO - ::endgroup::
[2024-10-02T18:55:31.223+0000] {python.py:237} INFO - Done. Returned value was: None
[2024-10-02T18:55:31.224+0000] {taskinstance.py:441} INFO - ::group::Post task execution logs
[2024-10-02T18:55:31.234+0000] {taskinstance.py:1206} INFO - Marking task as SUCCESS. dag_id=etl_covid_europa_pipeline, task_id=carregar, run_id=scheduled__2024-09-10T00:00:00+00:00, execution_date=20240910T000000, start_date=20241002T185530, end_date=20241002T185531
[2024-10-02T18:55:31.299+0000] {local_task_job_runner.py:240} INFO - Task exited with return code 0
[2024-10-02T18:55:31.307+0000] {local_task_job_runner.py:222} INFO - ::endgroup::
[2024-10-02T19:04:35.302+0000] {local_task_job_runner.py:120} INFO - ::group::Pre task execution logs
[2024-10-02T19:04:35.504+0000] {taskinstance.py:2076} INFO - Dependencies all met for dep_context=non-requeueable deps ti=<TaskInstance: etl_covid_europa_pipeline.carregar scheduled__2024-09-10T00:00:00+00:00 [queued]>
[2024-10-02T19:04:35.512+0000] {taskinstance.py:2076} INFO - Dependencies all met for dep_context=requeueable deps ti=<TaskInstance: etl_covid_europa_pipeline.carregar scheduled__2024-09-10T00:00:00+00:00 [queued]>
[2024-10-02T19:04:35.512+0000] {taskinstance.py:2306} INFO - Starting attempt 1 of 1
[2024-10-02T19:04:35.524+0000] {taskinstance.py:2330} INFO - Executing <Task(PythonOperator): carregar> on 2024-09-10 00:00:00+00:00
[2024-10-02T19:04:35.530+0000] {warnings.py:112} WARNING - /home/***/.local/lib/python3.12/site-packages/***/task/task_runner/standard_task_runner.py:61: DeprecationWarning: This process (pid=8319) is multi-threaded, use of fork() may lead to deadlocks in the child.
  pid = os.fork()

[2024-10-02T19:04:35.531+0000] {standard_task_runner.py:63} INFO - Started process 8330 to run task
[2024-10-02T19:04:35.531+0000] {standard_task_runner.py:90} INFO - Running: ['***', 'tasks', 'run', 'etl_covid_europa_pipeline', 'carregar', 'scheduled__2024-09-10T00:00:00+00:00', '--job-id', '1963', '--raw', '--subdir', 'DAGS_FOLDER/etl_pipeline.py', '--cfg-path', '/tmp/tmpl2ccdtnq']
[2024-10-02T19:04:35.533+0000] {standard_task_runner.py:91} INFO - Job 1963: Subtask carregar
[2024-10-02T19:04:35.580+0000] {task_command.py:426} INFO - Running <TaskInstance: etl_covid_europa_pipeline.carregar scheduled__2024-09-10T00:00:00+00:00 [running]> on host 99de7dfc3871
[2024-10-02T19:04:35.673+0000] {taskinstance.py:2648} INFO - Exporting env vars: AIRFLOW_CTX_DAG_OWNER='***' AIRFLOW_CTX_DAG_ID='etl_covid_europa_pipeline' AIRFLOW_CTX_TASK_ID='carregar' AIRFLOW_CTX_EXECUTION_DATE='2024-09-10T00:00:00+00:00' AIRFLOW_CTX_TRY_NUMBER='1' AIRFLOW_CTX_DAG_RUN_ID='scheduled__2024-09-10T00:00:00+00:00'
[2024-10-02T19:04:35.674+0000] {taskinstance.py:430} INFO - ::endgroup::
[2024-10-02T19:04:35.722+0000] {python.py:237} INFO - Done. Returned value was: None
[2024-10-02T19:04:35.723+0000] {taskinstance.py:441} INFO - ::group::Post task execution logs
[2024-10-02T19:04:35.731+0000] {taskinstance.py:1206} INFO - Marking task as SUCCESS. dag_id=etl_covid_europa_pipeline, task_id=carregar, run_id=scheduled__2024-09-10T00:00:00+00:00, execution_date=20240910T000000, start_date=20241002T190435, end_date=20241002T190435
[2024-10-02T19:04:35.785+0000] {local_task_job_runner.py:240} INFO - Task exited with return code 0
[2024-10-02T19:04:35.798+0000] {taskinstance.py:3503} INFO - 0 downstream tasks scheduled from follow-on schedule check
[2024-10-02T19:04:35.801+0000] {local_task_job_runner.py:222} INFO - ::endgroup::
