[2024-10-02T17:26:07.968+0000] {local_task_job_runner.py:120} INFO - ::group::Pre task execution logs
[2024-10-02T17:26:08.000+0000] {taskinstance.py:2076} INFO - Dependencies all met for dep_context=non-requeueable deps ti=<TaskInstance: etl_covid_europa_pipeline.extrair scheduled__2023-12-03T00:00:00+00:00 [queued]>
[2024-10-02T17:26:08.011+0000] {taskinstance.py:2076} INFO - Dependencies all met for dep_context=requeueable deps ti=<TaskInstance: etl_covid_europa_pipeline.extrair scheduled__2023-12-03T00:00:00+00:00 [queued]>
[2024-10-02T17:26:08.011+0000] {taskinstance.py:2306} INFO - Starting attempt 1 of 1
[2024-10-02T17:26:08.197+0000] {taskinstance.py:2330} INFO - Executing <Task(PythonOperator): extrair> on 2023-12-03 00:00:00+00:00
[2024-10-02T17:26:08.203+0000] {warnings.py:112} WARNING - /home/***/.local/lib/python3.12/site-packages/***/task/task_runner/standard_task_runner.py:61: DeprecationWarning: This process (pid=1509) is multi-threaded, use of fork() may lead to deadlocks in the child.
  pid = os.fork()

[2024-10-02T17:26:08.204+0000] {standard_task_runner.py:63} INFO - Started process 1522 to run task
[2024-10-02T17:26:08.204+0000] {standard_task_runner.py:90} INFO - Running: ['***', 'tasks', 'run', 'etl_covid_europa_pipeline', 'extrair', 'scheduled__2023-12-03T00:00:00+00:00', '--job-id', '118', '--raw', '--subdir', 'DAGS_FOLDER/etl_pipeline.py', '--cfg-path', '/tmp/tmp7jezws11']
[2024-10-02T17:26:08.205+0000] {standard_task_runner.py:91} INFO - Job 118: Subtask extrair
[2024-10-02T17:26:08.244+0000] {task_command.py:426} INFO - Running <TaskInstance: etl_covid_europa_pipeline.extrair scheduled__2023-12-03T00:00:00+00:00 [running]> on host 99de7dfc3871
[2024-10-02T17:26:08.320+0000] {taskinstance.py:2648} INFO - Exporting env vars: AIRFLOW_CTX_DAG_OWNER='***' AIRFLOW_CTX_DAG_ID='etl_covid_europa_pipeline' AIRFLOW_CTX_TASK_ID='extrair' AIRFLOW_CTX_EXECUTION_DATE='2023-12-03T00:00:00+00:00' AIRFLOW_CTX_TRY_NUMBER='1' AIRFLOW_CTX_DAG_RUN_ID='scheduled__2023-12-03T00:00:00+00:00'
[2024-10-02T17:26:08.322+0000] {taskinstance.py:430} INFO - ::endgroup::
[2024-10-02T17:26:14.030+0000] {python.py:237} INFO - Done. Returned value was: None
[2024-10-02T17:26:14.032+0000] {taskinstance.py:441} INFO - ::group::Post task execution logs
[2024-10-02T17:26:14.041+0000] {taskinstance.py:1206} INFO - Marking task as SUCCESS. dag_id=etl_covid_europa_pipeline, task_id=extrair, run_id=scheduled__2023-12-03T00:00:00+00:00, execution_date=20231203T000000, start_date=20241002T172608, end_date=20241002T172614
[2024-10-02T17:26:14.074+0000] {local_task_job_runner.py:240} INFO - Task exited with return code 0
[2024-10-02T17:26:14.102+0000] {taskinstance.py:3503} INFO - 1 downstream tasks scheduled from follow-on schedule check
[2024-10-02T17:26:14.105+0000] {local_task_job_runner.py:222} INFO - ::endgroup::
[2024-10-02T18:58:12.156+0000] {local_task_job_runner.py:120} INFO - ::group::Pre task execution logs
[2024-10-02T18:58:12.178+0000] {taskinstance.py:2076} INFO - Dependencies all met for dep_context=non-requeueable deps ti=<TaskInstance: etl_covid_europa_pipeline.extrair scheduled__2023-12-03T00:00:00+00:00 [queued]>
[2024-10-02T18:58:12.350+0000] {taskinstance.py:2076} INFO - Dependencies all met for dep_context=requeueable deps ti=<TaskInstance: etl_covid_europa_pipeline.extrair scheduled__2023-12-03T00:00:00+00:00 [queued]>
[2024-10-02T18:58:12.351+0000] {taskinstance.py:2306} INFO - Starting attempt 1 of 1
[2024-10-02T18:58:12.363+0000] {taskinstance.py:2330} INFO - Executing <Task(PythonOperator): extrair> on 2023-12-03 00:00:00+00:00
[2024-10-02T18:58:12.368+0000] {warnings.py:112} WARNING - /home/***/.local/lib/python3.12/site-packages/***/task/task_runner/standard_task_runner.py:61: DeprecationWarning: This process (pid=5739) is multi-threaded, use of fork() may lead to deadlocks in the child.
  pid = os.fork()

[2024-10-02T18:58:12.369+0000] {standard_task_runner.py:63} INFO - Started process 5747 to run task
[2024-10-02T18:58:12.369+0000] {standard_task_runner.py:90} INFO - Running: ['***', 'tasks', 'run', 'etl_covid_europa_pipeline', 'extrair', 'scheduled__2023-12-03T00:00:00+00:00', '--job-id', '1128', '--raw', '--subdir', 'DAGS_FOLDER/etl_pipeline.py', '--cfg-path', '/tmp/tmp939pkr6b']
[2024-10-02T18:58:12.371+0000] {standard_task_runner.py:91} INFO - Job 1128: Subtask extrair
[2024-10-02T18:58:12.406+0000] {task_command.py:426} INFO - Running <TaskInstance: etl_covid_europa_pipeline.extrair scheduled__2023-12-03T00:00:00+00:00 [running]> on host 99de7dfc3871
[2024-10-02T18:58:12.484+0000] {taskinstance.py:2648} INFO - Exporting env vars: AIRFLOW_CTX_DAG_OWNER='***' AIRFLOW_CTX_DAG_ID='etl_covid_europa_pipeline' AIRFLOW_CTX_TASK_ID='extrair' AIRFLOW_CTX_EXECUTION_DATE='2023-12-03T00:00:00+00:00' AIRFLOW_CTX_TRY_NUMBER='1' AIRFLOW_CTX_DAG_RUN_ID='scheduled__2023-12-03T00:00:00+00:00'
[2024-10-02T18:58:12.486+0000] {taskinstance.py:430} INFO - ::endgroup::
[2024-10-02T18:58:19.844+0000] {python.py:237} INFO - Done. Returned value was: None
[2024-10-02T18:58:19.845+0000] {taskinstance.py:441} INFO - ::group::Post task execution logs
[2024-10-02T18:58:19.866+0000] {taskinstance.py:1206} INFO - Marking task as SUCCESS. dag_id=etl_covid_europa_pipeline, task_id=extrair, run_id=scheduled__2023-12-03T00:00:00+00:00, execution_date=20231203T000000, start_date=20241002T185812, end_date=20241002T185819
[2024-10-02T18:58:19.926+0000] {local_task_job_runner.py:240} INFO - Task exited with return code 0
[2024-10-02T18:58:19.976+0000] {taskinstance.py:3503} INFO - 1 downstream tasks scheduled from follow-on schedule check
[2024-10-02T18:58:19.980+0000] {local_task_job_runner.py:222} INFO - ::endgroup::
[2024-10-02T19:24:25.078+0000] {local_task_job_runner.py:120} INFO - ::group::Pre task execution logs
[2024-10-02T19:24:25.104+0000] {taskinstance.py:2076} INFO - Dependencies all met for dep_context=non-requeueable deps ti=<TaskInstance: etl_covid_europa_pipeline.extrair scheduled__2023-12-03T00:00:00+00:00 [queued]>
[2024-10-02T19:24:25.291+0000] {taskinstance.py:2076} INFO - Dependencies all met for dep_context=requeueable deps ti=<TaskInstance: etl_covid_europa_pipeline.extrair scheduled__2023-12-03T00:00:00+00:00 [queued]>
[2024-10-02T19:24:25.291+0000] {taskinstance.py:2306} INFO - Starting attempt 1 of 1
[2024-10-02T19:24:25.306+0000] {taskinstance.py:2330} INFO - Executing <Task(PythonOperator): extrair> on 2023-12-03 00:00:00+00:00
[2024-10-02T19:24:25.312+0000] {warnings.py:112} WARNING - /home/***/.local/lib/python3.12/site-packages/***/task/task_runner/standard_task_runner.py:61: DeprecationWarning: This process (pid=9105) is multi-threaded, use of fork() may lead to deadlocks in the child.
  pid = os.fork()

[2024-10-02T19:24:25.314+0000] {standard_task_runner.py:63} INFO - Started process 9114 to run task
[2024-10-02T19:24:25.314+0000] {standard_task_runner.py:90} INFO - Running: ['***', 'tasks', 'run', 'etl_covid_europa_pipeline', 'extrair', 'scheduled__2023-12-03T00:00:00+00:00', '--job-id', '2138', '--raw', '--subdir', 'DAGS_FOLDER/etl_pipeline.py', '--cfg-path', '/tmp/tmp7nfkbkrx']
[2024-10-02T19:24:25.317+0000] {standard_task_runner.py:91} INFO - Job 2138: Subtask extrair
[2024-10-02T19:24:25.361+0000] {task_command.py:426} INFO - Running <TaskInstance: etl_covid_europa_pipeline.extrair scheduled__2023-12-03T00:00:00+00:00 [running]> on host 99de7dfc3871
[2024-10-02T19:24:25.460+0000] {taskinstance.py:2648} INFO - Exporting env vars: AIRFLOW_CTX_DAG_OWNER='***' AIRFLOW_CTX_DAG_ID='etl_covid_europa_pipeline' AIRFLOW_CTX_TASK_ID='extrair' AIRFLOW_CTX_EXECUTION_DATE='2023-12-03T00:00:00+00:00' AIRFLOW_CTX_TRY_NUMBER='1' AIRFLOW_CTX_DAG_RUN_ID='scheduled__2023-12-03T00:00:00+00:00'
[2024-10-02T19:24:25.465+0000] {taskinstance.py:430} INFO - ::endgroup::
[2024-10-02T19:24:32.875+0000] {python.py:237} INFO - Done. Returned value was: None
[2024-10-02T19:24:32.876+0000] {taskinstance.py:441} INFO - ::group::Post task execution logs
[2024-10-02T19:24:32.887+0000] {taskinstance.py:1206} INFO - Marking task as SUCCESS. dag_id=etl_covid_europa_pipeline, task_id=extrair, run_id=scheduled__2023-12-03T00:00:00+00:00, execution_date=20231203T000000, start_date=20241002T192425, end_date=20241002T192432
[2024-10-02T19:24:32.953+0000] {local_task_job_runner.py:240} INFO - Task exited with return code 0
[2024-10-02T19:24:32.991+0000] {taskinstance.py:3503} INFO - 1 downstream tasks scheduled from follow-on schedule check
[2024-10-02T19:24:32.994+0000] {local_task_job_runner.py:222} INFO - ::endgroup::
