[2024-10-02T18:54:31.425+0000] {local_task_job_runner.py:120} INFO - ::group::Pre task execution logs
[2024-10-02T18:54:31.452+0000] {taskinstance.py:2076} INFO - Dependencies all met for dep_context=non-requeueable deps ti=<TaskInstance: etl_covid_europa_pipeline.carregar scheduled__2024-07-15T00:00:00+00:00 [queued]>
[2024-10-02T18:54:31.465+0000] {taskinstance.py:2076} INFO - Dependencies all met for dep_context=requeueable deps ti=<TaskInstance: etl_covid_europa_pipeline.carregar scheduled__2024-07-15T00:00:00+00:00 [queued]>
[2024-10-02T18:54:31.465+0000] {taskinstance.py:2306} INFO - Starting attempt 1 of 1
[2024-10-02T18:54:31.698+0000] {taskinstance.py:2330} INFO - Executing <Task(PythonOperator): carregar> on 2024-07-15 00:00:00+00:00
[2024-10-02T18:54:31.705+0000] {warnings.py:112} WARNING - /home/***/.local/lib/python3.12/site-packages/***/task/task_runner/standard_task_runner.py:61: DeprecationWarning: This process (pid=4553) is multi-threaded, use of fork() may lead to deadlocks in the child.
  pid = os.fork()

[2024-10-02T18:54:31.706+0000] {standard_task_runner.py:63} INFO - Started process 4567 to run task
[2024-10-02T18:54:31.706+0000] {standard_task_runner.py:90} INFO - Running: ['***', 'tasks', 'run', 'etl_covid_europa_pipeline', 'carregar', 'scheduled__2024-07-15T00:00:00+00:00', '--job-id', '751', '--raw', '--subdir', 'DAGS_FOLDER/etl_pipeline.py', '--cfg-path', '/tmp/tmpulhpr9cc']
[2024-10-02T18:54:31.709+0000] {standard_task_runner.py:91} INFO - Job 751: Subtask carregar
[2024-10-02T18:54:31.761+0000] {task_command.py:426} INFO - Running <TaskInstance: etl_covid_europa_pipeline.carregar scheduled__2024-07-15T00:00:00+00:00 [running]> on host 99de7dfc3871
[2024-10-02T18:54:31.848+0000] {taskinstance.py:2648} INFO - Exporting env vars: AIRFLOW_CTX_DAG_OWNER='***' AIRFLOW_CTX_DAG_ID='etl_covid_europa_pipeline' AIRFLOW_CTX_TASK_ID='carregar' AIRFLOW_CTX_EXECUTION_DATE='2024-07-15T00:00:00+00:00' AIRFLOW_CTX_TRY_NUMBER='1' AIRFLOW_CTX_DAG_RUN_ID='scheduled__2024-07-15T00:00:00+00:00'
[2024-10-02T18:54:31.849+0000] {taskinstance.py:430} INFO - ::endgroup::
[2024-10-02T18:54:31.913+0000] {python.py:237} INFO - Done. Returned value was: None
[2024-10-02T18:54:31.914+0000] {taskinstance.py:441} INFO - ::group::Post task execution logs
[2024-10-02T18:54:31.922+0000] {taskinstance.py:1206} INFO - Marking task as SUCCESS. dag_id=etl_covid_europa_pipeline, task_id=carregar, run_id=scheduled__2024-07-15T00:00:00+00:00, execution_date=20240715T000000, start_date=20241002T185431, end_date=20241002T185431
[2024-10-02T18:54:31.960+0000] {local_task_job_runner.py:240} INFO - Task exited with return code 0
[2024-10-02T18:54:31.970+0000] {local_task_job_runner.py:222} INFO - ::endgroup::
[2024-10-02T19:03:18.820+0000] {local_task_job_runner.py:120} INFO - ::group::Pre task execution logs
[2024-10-02T19:03:19.040+0000] {taskinstance.py:2076} INFO - Dependencies all met for dep_context=non-requeueable deps ti=<TaskInstance: etl_covid_europa_pipeline.carregar scheduled__2024-07-15T00:00:00+00:00 [queued]>
[2024-10-02T19:03:19.048+0000] {taskinstance.py:2076} INFO - Dependencies all met for dep_context=requeueable deps ti=<TaskInstance: etl_covid_europa_pipeline.carregar scheduled__2024-07-15T00:00:00+00:00 [queued]>
[2024-10-02T19:03:19.048+0000] {taskinstance.py:2306} INFO - Starting attempt 1 of 1
[2024-10-02T19:03:19.061+0000] {taskinstance.py:2330} INFO - Executing <Task(PythonOperator): carregar> on 2024-07-15 00:00:00+00:00
[2024-10-02T19:03:19.067+0000] {warnings.py:112} WARNING - /home/***/.local/lib/python3.12/site-packages/***/task/task_runner/standard_task_runner.py:61: DeprecationWarning: This process (pid=7757) is multi-threaded, use of fork() may lead to deadlocks in the child.
  pid = os.fork()

[2024-10-02T19:03:19.069+0000] {standard_task_runner.py:63} INFO - Started process 7767 to run task
[2024-10-02T19:03:19.068+0000] {standard_task_runner.py:90} INFO - Running: ['***', 'tasks', 'run', 'etl_covid_europa_pipeline', 'carregar', 'scheduled__2024-07-15T00:00:00+00:00', '--job-id', '1778', '--raw', '--subdir', 'DAGS_FOLDER/etl_pipeline.py', '--cfg-path', '/tmp/tmp2q2m7tef']
[2024-10-02T19:03:19.070+0000] {standard_task_runner.py:91} INFO - Job 1778: Subtask carregar
[2024-10-02T19:03:19.116+0000] {task_command.py:426} INFO - Running <TaskInstance: etl_covid_europa_pipeline.carregar scheduled__2024-07-15T00:00:00+00:00 [running]> on host 99de7dfc3871
[2024-10-02T19:03:19.211+0000] {taskinstance.py:2648} INFO - Exporting env vars: AIRFLOW_CTX_DAG_OWNER='***' AIRFLOW_CTX_DAG_ID='etl_covid_europa_pipeline' AIRFLOW_CTX_TASK_ID='carregar' AIRFLOW_CTX_EXECUTION_DATE='2024-07-15T00:00:00+00:00' AIRFLOW_CTX_TRY_NUMBER='1' AIRFLOW_CTX_DAG_RUN_ID='scheduled__2024-07-15T00:00:00+00:00'
[2024-10-02T19:03:19.213+0000] {taskinstance.py:430} INFO - ::endgroup::
[2024-10-02T19:03:19.291+0000] {python.py:237} INFO - Done. Returned value was: None
[2024-10-02T19:03:19.292+0000] {taskinstance.py:441} INFO - ::group::Post task execution logs
[2024-10-02T19:03:19.301+0000] {taskinstance.py:1206} INFO - Marking task as SUCCESS. dag_id=etl_covid_europa_pipeline, task_id=carregar, run_id=scheduled__2024-07-15T00:00:00+00:00, execution_date=20240715T000000, start_date=20241002T190319, end_date=20241002T190319
[2024-10-02T19:03:19.363+0000] {local_task_job_runner.py:240} INFO - Task exited with return code 0
[2024-10-02T19:03:19.376+0000] {taskinstance.py:3503} INFO - 0 downstream tasks scheduled from follow-on schedule check
[2024-10-02T19:03:19.380+0000] {local_task_job_runner.py:222} INFO - ::endgroup::
