[2024-10-02T17:31:19.317+0000] {local_task_job_runner.py:120} INFO - ::group::Pre task execution logs
[2024-10-02T17:31:19.339+0000] {taskinstance.py:2076} INFO - Dependencies all met for dep_context=non-requeueable deps ti=<TaskInstance: etl_covid_europa_pipeline.extrair scheduled__2024-08-27T00:00:00+00:00 [queued]>
[2024-10-02T17:31:19.345+0000] {taskinstance.py:2076} INFO - Dependencies all met for dep_context=requeueable deps ti=<TaskInstance: etl_covid_europa_pipeline.extrair scheduled__2024-08-27T00:00:00+00:00 [queued]>
[2024-10-02T17:31:19.346+0000] {taskinstance.py:2306} INFO - Starting attempt 1 of 1
[2024-10-02T17:31:19.609+0000] {taskinstance.py:2330} INFO - Executing <Task(PythonOperator): extrair> on 2024-08-27 00:00:00+00:00
[2024-10-02T17:31:19.616+0000] {warnings.py:112} WARNING - /home/***/.local/lib/python3.12/site-packages/***/task/task_runner/standard_task_runner.py:61: DeprecationWarning: This process (pid=2980) is multi-threaded, use of fork() may lead to deadlocks in the child.
  pid = os.fork()

[2024-10-02T17:31:19.617+0000] {standard_task_runner.py:63} INFO - Started process 2994 to run task
[2024-10-02T17:31:19.617+0000] {standard_task_runner.py:90} INFO - Running: ['***', 'tasks', 'run', 'etl_covid_europa_pipeline', 'extrair', 'scheduled__2024-08-27T00:00:00+00:00', '--job-id', '585', '--raw', '--subdir', 'DAGS_FOLDER/etl_pipeline.py', '--cfg-path', '/tmp/tmpba8_twct']
[2024-10-02T17:31:19.620+0000] {standard_task_runner.py:91} INFO - Job 585: Subtask extrair
[2024-10-02T17:31:19.661+0000] {task_command.py:426} INFO - Running <TaskInstance: etl_covid_europa_pipeline.extrair scheduled__2024-08-27T00:00:00+00:00 [running]> on host 99de7dfc3871
[2024-10-02T17:31:19.735+0000] {taskinstance.py:2648} INFO - Exporting env vars: AIRFLOW_CTX_DAG_OWNER='***' AIRFLOW_CTX_DAG_ID='etl_covid_europa_pipeline' AIRFLOW_CTX_TASK_ID='extrair' AIRFLOW_CTX_EXECUTION_DATE='2024-08-27T00:00:00+00:00' AIRFLOW_CTX_TRY_NUMBER='1' AIRFLOW_CTX_DAG_RUN_ID='scheduled__2024-08-27T00:00:00+00:00'
[2024-10-02T17:31:19.737+0000] {taskinstance.py:430} INFO - ::endgroup::
[2024-10-02T17:31:27.527+0000] {python.py:237} INFO - Done. Returned value was: None
[2024-10-02T17:31:27.528+0000] {taskinstance.py:441} INFO - ::group::Post task execution logs
[2024-10-02T17:31:27.535+0000] {taskinstance.py:1206} INFO - Marking task as SUCCESS. dag_id=etl_covid_europa_pipeline, task_id=extrair, run_id=scheduled__2024-08-27T00:00:00+00:00, execution_date=20240827T000000, start_date=20241002T173119, end_date=20241002T173127
[2024-10-02T17:31:27.572+0000] {local_task_job_runner.py:240} INFO - Task exited with return code 0
[2024-10-02T17:31:27.580+0000] {local_task_job_runner.py:222} INFO - ::endgroup::
[2024-10-02T18:55:16.804+0000] {local_task_job_runner.py:120} INFO - ::group::Pre task execution logs
[2024-10-02T18:55:16.834+0000] {taskinstance.py:2076} INFO - Dependencies all met for dep_context=non-requeueable deps ti=<TaskInstance: etl_covid_europa_pipeline.extrair scheduled__2024-08-27T00:00:00+00:00 [queued]>
[2024-10-02T18:55:17.022+0000] {taskinstance.py:2076} INFO - Dependencies all met for dep_context=requeueable deps ti=<TaskInstance: etl_covid_europa_pipeline.extrair scheduled__2024-08-27T00:00:00+00:00 [queued]>
[2024-10-02T18:55:17.023+0000] {taskinstance.py:2306} INFO - Starting attempt 1 of 1
[2024-10-02T18:55:17.043+0000] {taskinstance.py:2330} INFO - Executing <Task(PythonOperator): extrair> on 2024-08-27 00:00:00+00:00
[2024-10-02T18:55:17.053+0000] {warnings.py:112} WARNING - /home/***/.local/lib/python3.12/site-packages/***/task/task_runner/standard_task_runner.py:61: DeprecationWarning: This process (pid=4897) is multi-threaded, use of fork() may lead to deadlocks in the child.
  pid = os.fork()

[2024-10-02T18:55:17.054+0000] {standard_task_runner.py:63} INFO - Started process 4911 to run task
[2024-10-02T18:55:17.054+0000] {standard_task_runner.py:90} INFO - Running: ['***', 'tasks', 'run', 'etl_covid_europa_pipeline', 'extrair', 'scheduled__2024-08-27T00:00:00+00:00', '--job-id', '860', '--raw', '--subdir', 'DAGS_FOLDER/etl_pipeline.py', '--cfg-path', '/tmp/tmpwq8atlyb']
[2024-10-02T18:55:17.056+0000] {standard_task_runner.py:91} INFO - Job 860: Subtask extrair
[2024-10-02T18:55:17.101+0000] {task_command.py:426} INFO - Running <TaskInstance: etl_covid_europa_pipeline.extrair scheduled__2024-08-27T00:00:00+00:00 [running]> on host 99de7dfc3871
[2024-10-02T18:55:17.191+0000] {taskinstance.py:2648} INFO - Exporting env vars: AIRFLOW_CTX_DAG_OWNER='***' AIRFLOW_CTX_DAG_ID='etl_covid_europa_pipeline' AIRFLOW_CTX_TASK_ID='extrair' AIRFLOW_CTX_EXECUTION_DATE='2024-08-27T00:00:00+00:00' AIRFLOW_CTX_TRY_NUMBER='1' AIRFLOW_CTX_DAG_RUN_ID='scheduled__2024-08-27T00:00:00+00:00'
[2024-10-02T18:55:17.194+0000] {taskinstance.py:430} INFO - ::endgroup::
[2024-10-02T18:55:23.032+0000] {python.py:237} INFO - Done. Returned value was: None
[2024-10-02T18:55:23.033+0000] {taskinstance.py:441} INFO - ::group::Post task execution logs
[2024-10-02T18:55:23.044+0000] {taskinstance.py:1206} INFO - Marking task as SUCCESS. dag_id=etl_covid_europa_pipeline, task_id=extrair, run_id=scheduled__2024-08-27T00:00:00+00:00, execution_date=20240827T000000, start_date=20241002T185516, end_date=20241002T185523
[2024-10-02T18:55:23.077+0000] {local_task_job_runner.py:240} INFO - Task exited with return code 0
[2024-10-02T18:55:23.104+0000] {taskinstance.py:3503} INFO - 1 downstream tasks scheduled from follow-on schedule check
[2024-10-02T18:55:23.106+0000] {local_task_job_runner.py:222} INFO - ::endgroup::
[2024-10-02T19:04:03.950+0000] {local_task_job_runner.py:120} INFO - ::group::Pre task execution logs
[2024-10-02T19:04:03.976+0000] {taskinstance.py:2076} INFO - Dependencies all met for dep_context=non-requeueable deps ti=<TaskInstance: etl_covid_europa_pipeline.extrair scheduled__2024-08-27T00:00:00+00:00 [queued]>
[2024-10-02T19:04:04.163+0000] {taskinstance.py:2076} INFO - Dependencies all met for dep_context=requeueable deps ti=<TaskInstance: etl_covid_europa_pipeline.extrair scheduled__2024-08-27T00:00:00+00:00 [queued]>
[2024-10-02T19:04:04.163+0000] {taskinstance.py:2306} INFO - Starting attempt 1 of 1
[2024-10-02T19:04:04.178+0000] {taskinstance.py:2330} INFO - Executing <Task(PythonOperator): extrair> on 2024-08-27 00:00:00+00:00
[2024-10-02T19:04:04.187+0000] {warnings.py:112} WARNING - /home/***/.local/lib/python3.12/site-packages/***/task/task_runner/standard_task_runner.py:61: DeprecationWarning: This process (pid=8081) is multi-threaded, use of fork() may lead to deadlocks in the child.
  pid = os.fork()

[2024-10-02T19:04:04.189+0000] {standard_task_runner.py:63} INFO - Started process 8098 to run task
[2024-10-02T19:04:04.188+0000] {standard_task_runner.py:90} INFO - Running: ['***', 'tasks', 'run', 'etl_covid_europa_pipeline', 'extrair', 'scheduled__2024-08-27T00:00:00+00:00', '--job-id', '1886', '--raw', '--subdir', 'DAGS_FOLDER/etl_pipeline.py', '--cfg-path', '/tmp/tmpsvws3rqd']
[2024-10-02T19:04:04.190+0000] {standard_task_runner.py:91} INFO - Job 1886: Subtask extrair
[2024-10-02T19:04:04.240+0000] {task_command.py:426} INFO - Running <TaskInstance: etl_covid_europa_pipeline.extrair scheduled__2024-08-27T00:00:00+00:00 [running]> on host 99de7dfc3871
[2024-10-02T19:04:04.329+0000] {taskinstance.py:2648} INFO - Exporting env vars: AIRFLOW_CTX_DAG_OWNER='***' AIRFLOW_CTX_DAG_ID='etl_covid_europa_pipeline' AIRFLOW_CTX_TASK_ID='extrair' AIRFLOW_CTX_EXECUTION_DATE='2024-08-27T00:00:00+00:00' AIRFLOW_CTX_TRY_NUMBER='1' AIRFLOW_CTX_DAG_RUN_ID='scheduled__2024-08-27T00:00:00+00:00'
[2024-10-02T19:04:04.335+0000] {taskinstance.py:430} INFO - ::endgroup::
[2024-10-02T19:04:15.129+0000] {python.py:237} INFO - Done. Returned value was: None
[2024-10-02T19:04:15.129+0000] {taskinstance.py:441} INFO - ::group::Post task execution logs
[2024-10-02T19:04:15.137+0000] {taskinstance.py:1206} INFO - Marking task as SUCCESS. dag_id=etl_covid_europa_pipeline, task_id=extrair, run_id=scheduled__2024-08-27T00:00:00+00:00, execution_date=20240827T000000, start_date=20241002T190403, end_date=20241002T190415
[2024-10-02T19:04:15.173+0000] {local_task_job_runner.py:240} INFO - Task exited with return code 0
[2024-10-02T19:04:15.193+0000] {taskinstance.py:3503} INFO - 1 downstream tasks scheduled from follow-on schedule check
[2024-10-02T19:04:15.196+0000] {local_task_job_runner.py:222} INFO - ::endgroup::
