[2024-10-02T17:31:18.925+0000] {local_task_job_runner.py:120} INFO - ::group::Pre task execution logs
[2024-10-02T17:31:18.946+0000] {taskinstance.py:2076} INFO - Dependencies all met for dep_context=non-requeueable deps ti=<TaskInstance: etl_covid_europa_pipeline.extrair scheduled__2024-08-25T00:00:00+00:00 [queued]>
[2024-10-02T17:31:18.954+0000] {taskinstance.py:2076} INFO - Dependencies all met for dep_context=requeueable deps ti=<TaskInstance: etl_covid_europa_pipeline.extrair scheduled__2024-08-25T00:00:00+00:00 [queued]>
[2024-10-02T17:31:18.954+0000] {taskinstance.py:2306} INFO - Starting attempt 1 of 1
[2024-10-02T17:31:19.228+0000] {taskinstance.py:2330} INFO - Executing <Task(PythonOperator): extrair> on 2024-08-25 00:00:00+00:00
[2024-10-02T17:31:19.235+0000] {warnings.py:112} WARNING - /home/***/.local/lib/python3.12/site-packages/***/task/task_runner/standard_task_runner.py:61: DeprecationWarning: This process (pid=2973) is multi-threaded, use of fork() may lead to deadlocks in the child.
  pid = os.fork()

[2024-10-02T17:31:19.237+0000] {standard_task_runner.py:63} INFO - Started process 2989 to run task
[2024-10-02T17:31:19.237+0000] {standard_task_runner.py:90} INFO - Running: ['***', 'tasks', 'run', 'etl_covid_europa_pipeline', 'extrair', 'scheduled__2024-08-25T00:00:00+00:00', '--job-id', '583', '--raw', '--subdir', 'DAGS_FOLDER/etl_pipeline.py', '--cfg-path', '/tmp/tmplrvde_u2']
[2024-10-02T17:31:19.239+0000] {standard_task_runner.py:91} INFO - Job 583: Subtask extrair
[2024-10-02T17:31:19.286+0000] {task_command.py:426} INFO - Running <TaskInstance: etl_covid_europa_pipeline.extrair scheduled__2024-08-25T00:00:00+00:00 [running]> on host 99de7dfc3871
[2024-10-02T17:31:19.363+0000] {taskinstance.py:2648} INFO - Exporting env vars: AIRFLOW_CTX_DAG_OWNER='***' AIRFLOW_CTX_DAG_ID='etl_covid_europa_pipeline' AIRFLOW_CTX_TASK_ID='extrair' AIRFLOW_CTX_EXECUTION_DATE='2024-08-25T00:00:00+00:00' AIRFLOW_CTX_TRY_NUMBER='1' AIRFLOW_CTX_DAG_RUN_ID='scheduled__2024-08-25T00:00:00+00:00'
[2024-10-02T17:31:19.365+0000] {taskinstance.py:430} INFO - ::endgroup::
[2024-10-02T17:31:25.227+0000] {python.py:237} INFO - Done. Returned value was: None
[2024-10-02T17:31:25.227+0000] {taskinstance.py:441} INFO - ::group::Post task execution logs
[2024-10-02T17:31:25.235+0000] {taskinstance.py:1206} INFO - Marking task as SUCCESS. dag_id=etl_covid_europa_pipeline, task_id=extrair, run_id=scheduled__2024-08-25T00:00:00+00:00, execution_date=20240825T000000, start_date=20241002T173118, end_date=20241002T173125
[2024-10-02T17:31:25.263+0000] {local_task_job_runner.py:240} INFO - Task exited with return code 0
[2024-10-02T17:31:25.284+0000] {taskinstance.py:3503} INFO - 1 downstream tasks scheduled from follow-on schedule check
[2024-10-02T17:31:25.286+0000] {local_task_job_runner.py:222} INFO - ::endgroup::
[2024-10-02T18:55:03.511+0000] {local_task_job_runner.py:120} INFO - ::group::Pre task execution logs
[2024-10-02T18:55:03.530+0000] {taskinstance.py:2076} INFO - Dependencies all met for dep_context=non-requeueable deps ti=<TaskInstance: etl_covid_europa_pipeline.extrair scheduled__2024-08-25T00:00:00+00:00 [queued]>
[2024-10-02T18:55:03.685+0000] {taskinstance.py:2076} INFO - Dependencies all met for dep_context=requeueable deps ti=<TaskInstance: etl_covid_europa_pipeline.extrair scheduled__2024-08-25T00:00:00+00:00 [queued]>
[2024-10-02T18:55:03.686+0000] {taskinstance.py:2306} INFO - Starting attempt 1 of 1
[2024-10-02T18:55:03.696+0000] {taskinstance.py:2330} INFO - Executing <Task(PythonOperator): extrair> on 2024-08-25 00:00:00+00:00
[2024-10-02T18:55:03.701+0000] {warnings.py:112} WARNING - /home/***/.local/lib/python3.12/site-packages/***/task/task_runner/standard_task_runner.py:61: DeprecationWarning: This process (pid=4800) is multi-threaded, use of fork() may lead to deadlocks in the child.
  pid = os.fork()

[2024-10-02T18:55:03.703+0000] {standard_task_runner.py:63} INFO - Started process 4808 to run task
[2024-10-02T18:55:03.703+0000] {standard_task_runner.py:90} INFO - Running: ['***', 'tasks', 'run', 'etl_covid_europa_pipeline', 'extrair', 'scheduled__2024-08-25T00:00:00+00:00', '--job-id', '829', '--raw', '--subdir', 'DAGS_FOLDER/etl_pipeline.py', '--cfg-path', '/tmp/tmpkuax2qi4']
[2024-10-02T18:55:03.704+0000] {standard_task_runner.py:91} INFO - Job 829: Subtask extrair
[2024-10-02T18:55:03.741+0000] {task_command.py:426} INFO - Running <TaskInstance: etl_covid_europa_pipeline.extrair scheduled__2024-08-25T00:00:00+00:00 [running]> on host 99de7dfc3871
[2024-10-02T18:55:03.824+0000] {taskinstance.py:2648} INFO - Exporting env vars: AIRFLOW_CTX_DAG_OWNER='***' AIRFLOW_CTX_DAG_ID='etl_covid_europa_pipeline' AIRFLOW_CTX_TASK_ID='extrair' AIRFLOW_CTX_EXECUTION_DATE='2024-08-25T00:00:00+00:00' AIRFLOW_CTX_TRY_NUMBER='1' AIRFLOW_CTX_DAG_RUN_ID='scheduled__2024-08-25T00:00:00+00:00'
[2024-10-02T18:55:03.826+0000] {taskinstance.py:430} INFO - ::endgroup::
[2024-10-02T18:55:10.394+0000] {python.py:237} INFO - Done. Returned value was: None
[2024-10-02T18:55:10.394+0000] {taskinstance.py:441} INFO - ::group::Post task execution logs
[2024-10-02T18:55:10.402+0000] {taskinstance.py:1206} INFO - Marking task as SUCCESS. dag_id=etl_covid_europa_pipeline, task_id=extrair, run_id=scheduled__2024-08-25T00:00:00+00:00, execution_date=20240825T000000, start_date=20241002T185503, end_date=20241002T185510
[2024-10-02T18:55:10.491+0000] {local_task_job_runner.py:240} INFO - Task exited with return code 0
[2024-10-02T18:55:10.516+0000] {taskinstance.py:3503} INFO - 1 downstream tasks scheduled from follow-on schedule check
[2024-10-02T18:55:10.518+0000] {local_task_job_runner.py:222} INFO - ::endgroup::
[2024-10-02T19:04:03.622+0000] {local_task_job_runner.py:120} INFO - ::group::Pre task execution logs
[2024-10-02T19:04:03.650+0000] {taskinstance.py:2076} INFO - Dependencies all met for dep_context=non-requeueable deps ti=<TaskInstance: etl_covid_europa_pipeline.extrair scheduled__2024-08-25T00:00:00+00:00 [queued]>
[2024-10-02T19:04:03.846+0000] {taskinstance.py:2076} INFO - Dependencies all met for dep_context=requeueable deps ti=<TaskInstance: etl_covid_europa_pipeline.extrair scheduled__2024-08-25T00:00:00+00:00 [queued]>
[2024-10-02T19:04:03.846+0000] {taskinstance.py:2306} INFO - Starting attempt 1 of 1
[2024-10-02T19:04:03.949+0000] {taskinstance.py:2330} INFO - Executing <Task(PythonOperator): extrair> on 2024-08-25 00:00:00+00:00
[2024-10-02T19:04:03.956+0000] {warnings.py:112} WARNING - /home/***/.local/lib/python3.12/site-packages/***/task/task_runner/standard_task_runner.py:61: DeprecationWarning: This process (pid=8075) is multi-threaded, use of fork() may lead to deadlocks in the child.
  pid = os.fork()

[2024-10-02T19:04:03.958+0000] {standard_task_runner.py:63} INFO - Started process 8093 to run task
[2024-10-02T19:04:03.958+0000] {standard_task_runner.py:90} INFO - Running: ['***', 'tasks', 'run', 'etl_covid_europa_pipeline', 'extrair', 'scheduled__2024-08-25T00:00:00+00:00', '--job-id', '1884', '--raw', '--subdir', 'DAGS_FOLDER/etl_pipeline.py', '--cfg-path', '/tmp/tmpi9hgrppf']
[2024-10-02T19:04:03.960+0000] {standard_task_runner.py:91} INFO - Job 1884: Subtask extrair
[2024-10-02T19:04:04.004+0000] {task_command.py:426} INFO - Running <TaskInstance: etl_covid_europa_pipeline.extrair scheduled__2024-08-25T00:00:00+00:00 [running]> on host 99de7dfc3871
[2024-10-02T19:04:04.094+0000] {taskinstance.py:2648} INFO - Exporting env vars: AIRFLOW_CTX_DAG_OWNER='***' AIRFLOW_CTX_DAG_ID='etl_covid_europa_pipeline' AIRFLOW_CTX_TASK_ID='extrair' AIRFLOW_CTX_EXECUTION_DATE='2024-08-25T00:00:00+00:00' AIRFLOW_CTX_TRY_NUMBER='1' AIRFLOW_CTX_DAG_RUN_ID='scheduled__2024-08-25T00:00:00+00:00'
[2024-10-02T19:04:04.097+0000] {taskinstance.py:430} INFO - ::endgroup::
[2024-10-02T19:04:10.002+0000] {python.py:237} INFO - Done. Returned value was: None
[2024-10-02T19:04:10.003+0000] {taskinstance.py:441} INFO - ::group::Post task execution logs
[2024-10-02T19:04:10.014+0000] {taskinstance.py:1206} INFO - Marking task as SUCCESS. dag_id=etl_covid_europa_pipeline, task_id=extrair, run_id=scheduled__2024-08-25T00:00:00+00:00, execution_date=20240825T000000, start_date=20241002T190403, end_date=20241002T190410
[2024-10-02T19:04:10.065+0000] {local_task_job_runner.py:240} INFO - Task exited with return code 0
[2024-10-02T19:04:10.098+0000] {taskinstance.py:3503} INFO - 1 downstream tasks scheduled from follow-on schedule check
[2024-10-02T19:04:10.100+0000] {local_task_job_runner.py:222} INFO - ::endgroup::
