[2024-10-02T18:58:50.840+0000] {local_task_job_runner.py:120} INFO - ::group::Pre task execution logs
[2024-10-02T18:58:50.860+0000] {taskinstance.py:2076} INFO - Dependencies all met for dep_context=non-requeueable deps ti=<TaskInstance: etl_covid_europa_pipeline.carregar scheduled__2023-12-23T00:00:00+00:00 [queued]>
[2024-10-02T18:58:50.866+0000] {taskinstance.py:2076} INFO - Dependencies all met for dep_context=requeueable deps ti=<TaskInstance: etl_covid_europa_pipeline.carregar scheduled__2023-12-23T00:00:00+00:00 [queued]>
[2024-10-02T18:58:50.867+0000] {taskinstance.py:2306} INFO - Starting attempt 1 of 1
[2024-10-02T18:58:51.031+0000] {taskinstance.py:2330} INFO - Executing <Task(PythonOperator): carregar> on 2023-12-23 00:00:00+00:00
[2024-10-02T18:58:51.036+0000] {warnings.py:112} WARNING - /home/***/.local/lib/python3.12/site-packages/***/task/task_runner/standard_task_runner.py:61: DeprecationWarning: This process (pid=6056) is multi-threaded, use of fork() may lead to deadlocks in the child.
  pid = os.fork()

[2024-10-02T18:58:51.037+0000] {standard_task_runner.py:63} INFO - Started process 6058 to run task
[2024-10-02T18:58:51.037+0000] {standard_task_runner.py:90} INFO - Running: ['***', 'tasks', 'run', 'etl_covid_europa_pipeline', 'carregar', 'scheduled__2023-12-23T00:00:00+00:00', '--job-id', '1230', '--raw', '--subdir', 'DAGS_FOLDER/etl_pipeline.py', '--cfg-path', '/tmp/tmpkydqvyvw']
[2024-10-02T18:58:51.039+0000] {standard_task_runner.py:91} INFO - Job 1230: Subtask carregar
[2024-10-02T18:58:51.077+0000] {task_command.py:426} INFO - Running <TaskInstance: etl_covid_europa_pipeline.carregar scheduled__2023-12-23T00:00:00+00:00 [running]> on host 99de7dfc3871
[2024-10-02T18:58:51.154+0000] {taskinstance.py:2648} INFO - Exporting env vars: AIRFLOW_CTX_DAG_OWNER='***' AIRFLOW_CTX_DAG_ID='etl_covid_europa_pipeline' AIRFLOW_CTX_TASK_ID='carregar' AIRFLOW_CTX_EXECUTION_DATE='2023-12-23T00:00:00+00:00' AIRFLOW_CTX_TRY_NUMBER='1' AIRFLOW_CTX_DAG_RUN_ID='scheduled__2023-12-23T00:00:00+00:00'
[2024-10-02T18:58:51.155+0000] {taskinstance.py:430} INFO - ::endgroup::
[2024-10-02T18:58:51.202+0000] {python.py:237} INFO - Done. Returned value was: None
[2024-10-02T18:58:51.203+0000] {taskinstance.py:441} INFO - ::group::Post task execution logs
[2024-10-02T18:58:51.210+0000] {taskinstance.py:1206} INFO - Marking task as SUCCESS. dag_id=etl_covid_europa_pipeline, task_id=carregar, run_id=scheduled__2023-12-23T00:00:00+00:00, execution_date=20231223T000000, start_date=20241002T185850, end_date=20241002T185851
[2024-10-02T18:58:51.250+0000] {local_task_job_runner.py:240} INFO - Task exited with return code 0
[2024-10-02T18:58:51.265+0000] {taskinstance.py:3503} INFO - 0 downstream tasks scheduled from follow-on schedule check
[2024-10-02T18:58:51.267+0000] {local_task_job_runner.py:222} INFO - ::endgroup::
[2024-10-02T19:25:07.280+0000] {local_task_job_runner.py:120} INFO - ::group::Pre task execution logs
[2024-10-02T19:25:07.306+0000] {taskinstance.py:2076} INFO - Dependencies all met for dep_context=non-requeueable deps ti=<TaskInstance: etl_covid_europa_pipeline.carregar scheduled__2023-12-23T00:00:00+00:00 [queued]>
[2024-10-02T19:25:07.315+0000] {taskinstance.py:2076} INFO - Dependencies all met for dep_context=requeueable deps ti=<TaskInstance: etl_covid_europa_pipeline.carregar scheduled__2023-12-23T00:00:00+00:00 [queued]>
[2024-10-02T19:25:07.316+0000] {taskinstance.py:2306} INFO - Starting attempt 1 of 1
[2024-10-02T19:25:07.331+0000] {taskinstance.py:2330} INFO - Executing <Task(PythonOperator): carregar> on 2023-12-23 00:00:00+00:00
[2024-10-02T19:25:07.337+0000] {warnings.py:112} WARNING - /home/***/.local/lib/python3.12/site-packages/***/task/task_runner/standard_task_runner.py:61: DeprecationWarning: This process (pid=9397) is multi-threaded, use of fork() may lead to deadlocks in the child.
  pid = os.fork()

[2024-10-02T19:25:07.339+0000] {standard_task_runner.py:63} INFO - Started process 9406 to run task
[2024-10-02T19:25:07.338+0000] {standard_task_runner.py:90} INFO - Running: ['***', 'tasks', 'run', 'etl_covid_europa_pipeline', 'carregar', 'scheduled__2023-12-23T00:00:00+00:00', '--job-id', '2233', '--raw', '--subdir', 'DAGS_FOLDER/etl_pipeline.py', '--cfg-path', '/tmp/tmpne8f6s9d']
[2024-10-02T19:25:07.340+0000] {standard_task_runner.py:91} INFO - Job 2233: Subtask carregar
[2024-10-02T19:25:07.626+0000] {task_command.py:426} INFO - Running <TaskInstance: etl_covid_europa_pipeline.carregar scheduled__2023-12-23T00:00:00+00:00 [running]> on host 99de7dfc3871
[2024-10-02T19:25:07.725+0000] {taskinstance.py:2648} INFO - Exporting env vars: AIRFLOW_CTX_DAG_OWNER='***' AIRFLOW_CTX_DAG_ID='etl_covid_europa_pipeline' AIRFLOW_CTX_TASK_ID='carregar' AIRFLOW_CTX_EXECUTION_DATE='2023-12-23T00:00:00+00:00' AIRFLOW_CTX_TRY_NUMBER='1' AIRFLOW_CTX_DAG_RUN_ID='scheduled__2023-12-23T00:00:00+00:00'
[2024-10-02T19:25:07.727+0000] {taskinstance.py:430} INFO - ::endgroup::
[2024-10-02T19:25:07.777+0000] {python.py:237} INFO - Done. Returned value was: None
[2024-10-02T19:25:07.778+0000] {taskinstance.py:441} INFO - ::group::Post task execution logs
[2024-10-02T19:25:07.788+0000] {taskinstance.py:1206} INFO - Marking task as SUCCESS. dag_id=etl_covid_europa_pipeline, task_id=carregar, run_id=scheduled__2023-12-23T00:00:00+00:00, execution_date=20231223T000000, start_date=20241002T192507, end_date=20241002T192507
[2024-10-02T19:25:07.833+0000] {local_task_job_runner.py:240} INFO - Task exited with return code 0
[2024-10-02T19:25:08.088+0000] {taskinstance.py:3503} INFO - 0 downstream tasks scheduled from follow-on schedule check
[2024-10-02T19:25:08.091+0000] {local_task_job_runner.py:222} INFO - ::endgroup::
