[2024-10-02T18:57:38.720+0000] {local_task_job_runner.py:120} INFO - ::group::Pre task execution logs
[2024-10-02T18:57:38.740+0000] {taskinstance.py:2076} INFO - Dependencies all met for dep_context=non-requeueable deps ti=<TaskInstance: etl_covid_europa_pipeline.carregar scheduled__2023-10-25T00:00:00+00:00 [queued]>
[2024-10-02T18:57:38.754+0000] {taskinstance.py:2076} INFO - Dependencies all met for dep_context=requeueable deps ti=<TaskInstance: etl_covid_europa_pipeline.carregar scheduled__2023-10-25T00:00:00+00:00 [queued]>
[2024-10-02T18:57:38.755+0000] {taskinstance.py:2306} INFO - Starting attempt 1 of 1
[2024-10-02T18:57:38.990+0000] {taskinstance.py:2330} INFO - Executing <Task(PythonOperator): carregar> on 2023-10-25 00:00:00+00:00
[2024-10-02T18:57:38.998+0000] {warnings.py:112} WARNING - /home/***/.local/lib/python3.12/site-packages/***/task/task_runner/standard_task_runner.py:61: DeprecationWarning: This process (pid=5523) is multi-threaded, use of fork() may lead to deadlocks in the child.
  pid = os.fork()

[2024-10-02T18:57:39.000+0000] {standard_task_runner.py:63} INFO - Started process 5535 to run task
[2024-10-02T18:57:39.000+0000] {standard_task_runner.py:90} INFO - Running: ['***', 'tasks', 'run', 'etl_covid_europa_pipeline', 'carregar', 'scheduled__2023-10-25T00:00:00+00:00', '--job-id', '1060', '--raw', '--subdir', 'DAGS_FOLDER/etl_pipeline.py', '--cfg-path', '/tmp/tmphtak2zsm']
[2024-10-02T18:57:39.002+0000] {standard_task_runner.py:91} INFO - Job 1060: Subtask carregar
[2024-10-02T18:57:39.056+0000] {task_command.py:426} INFO - Running <TaskInstance: etl_covid_europa_pipeline.carregar scheduled__2023-10-25T00:00:00+00:00 [running]> on host 99de7dfc3871
[2024-10-02T18:57:39.142+0000] {taskinstance.py:2648} INFO - Exporting env vars: AIRFLOW_CTX_DAG_OWNER='***' AIRFLOW_CTX_DAG_ID='etl_covid_europa_pipeline' AIRFLOW_CTX_TASK_ID='carregar' AIRFLOW_CTX_EXECUTION_DATE='2023-10-25T00:00:00+00:00' AIRFLOW_CTX_TRY_NUMBER='1' AIRFLOW_CTX_DAG_RUN_ID='scheduled__2023-10-25T00:00:00+00:00'
[2024-10-02T18:57:39.143+0000] {taskinstance.py:430} INFO - ::endgroup::
[2024-10-02T18:57:39.201+0000] {python.py:237} INFO - Done. Returned value was: None
[2024-10-02T18:57:39.202+0000] {taskinstance.py:441} INFO - ::group::Post task execution logs
[2024-10-02T18:57:39.211+0000] {taskinstance.py:1206} INFO - Marking task as SUCCESS. dag_id=etl_covid_europa_pipeline, task_id=carregar, run_id=scheduled__2023-10-25T00:00:00+00:00, execution_date=20231025T000000, start_date=20241002T185738, end_date=20241002T185739
[2024-10-02T18:57:39.254+0000] {local_task_job_runner.py:240} INFO - Task exited with return code 0
[2024-10-02T18:57:39.270+0000] {taskinstance.py:3503} INFO - 0 downstream tasks scheduled from follow-on schedule check
[2024-10-02T18:57:39.272+0000] {local_task_job_runner.py:222} INFO - ::endgroup::
[2024-10-02T19:23:47.739+0000] {local_task_job_runner.py:120} INFO - ::group::Pre task execution logs
[2024-10-02T19:23:47.768+0000] {taskinstance.py:2076} INFO - Dependencies all met for dep_context=non-requeueable deps ti=<TaskInstance: etl_covid_europa_pipeline.carregar scheduled__2023-10-25T00:00:00+00:00 [queued]>
[2024-10-02T19:23:47.782+0000] {taskinstance.py:2076} INFO - Dependencies all met for dep_context=requeueable deps ti=<TaskInstance: etl_covid_europa_pipeline.carregar scheduled__2023-10-25T00:00:00+00:00 [queued]>
[2024-10-02T19:23:47.783+0000] {taskinstance.py:2306} INFO - Starting attempt 1 of 1
[2024-10-02T19:23:48.000+0000] {taskinstance.py:2330} INFO - Executing <Task(PythonOperator): carregar> on 2023-10-25 00:00:00+00:00
[2024-10-02T19:23:48.007+0000] {warnings.py:112} WARNING - /home/***/.local/lib/python3.12/site-packages/***/task/task_runner/standard_task_runner.py:61: DeprecationWarning: This process (pid=8844) is multi-threaded, use of fork() may lead to deadlocks in the child.
  pid = os.fork()

[2024-10-02T19:23:48.009+0000] {standard_task_runner.py:63} INFO - Started process 8862 to run task
[2024-10-02T19:23:48.009+0000] {standard_task_runner.py:90} INFO - Running: ['***', 'tasks', 'run', 'etl_covid_europa_pipeline', 'carregar', 'scheduled__2023-10-25T00:00:00+00:00', '--job-id', '2055', '--raw', '--subdir', 'DAGS_FOLDER/etl_pipeline.py', '--cfg-path', '/tmp/tmpr8k548am']
[2024-10-02T19:23:48.011+0000] {standard_task_runner.py:91} INFO - Job 2055: Subtask carregar
[2024-10-02T19:23:48.069+0000] {task_command.py:426} INFO - Running <TaskInstance: etl_covid_europa_pipeline.carregar scheduled__2023-10-25T00:00:00+00:00 [running]> on host 99de7dfc3871
[2024-10-02T19:23:48.182+0000] {taskinstance.py:2648} INFO - Exporting env vars: AIRFLOW_CTX_DAG_OWNER='***' AIRFLOW_CTX_DAG_ID='etl_covid_europa_pipeline' AIRFLOW_CTX_TASK_ID='carregar' AIRFLOW_CTX_EXECUTION_DATE='2023-10-25T00:00:00+00:00' AIRFLOW_CTX_TRY_NUMBER='1' AIRFLOW_CTX_DAG_RUN_ID='scheduled__2023-10-25T00:00:00+00:00'
[2024-10-02T19:23:48.184+0000] {taskinstance.py:430} INFO - ::endgroup::
[2024-10-02T19:23:48.278+0000] {python.py:237} INFO - Done. Returned value was: None
[2024-10-02T19:23:48.280+0000] {taskinstance.py:441} INFO - ::group::Post task execution logs
[2024-10-02T19:23:48.298+0000] {taskinstance.py:1206} INFO - Marking task as SUCCESS. dag_id=etl_covid_europa_pipeline, task_id=carregar, run_id=scheduled__2023-10-25T00:00:00+00:00, execution_date=20231025T000000, start_date=20241002T192347, end_date=20241002T192348
[2024-10-02T19:23:48.343+0000] {local_task_job_runner.py:240} INFO - Task exited with return code 0
[2024-10-02T19:23:48.360+0000] {taskinstance.py:3503} INFO - 0 downstream tasks scheduled from follow-on schedule check
[2024-10-02T19:23:48.363+0000] {local_task_job_runner.py:222} INFO - ::endgroup::
