[2024-10-02T17:28:59.947+0000] {local_task_job_runner.py:120} INFO - ::group::Pre task execution logs
[2024-10-02T17:28:59.975+0000] {taskinstance.py:2076} INFO - Dependencies all met for dep_context=non-requeueable deps ti=<TaskInstance: etl_covid_europa_pipeline.extrair scheduled__2024-05-08T00:00:00+00:00 [queued]>
[2024-10-02T17:28:59.985+0000] {taskinstance.py:2076} INFO - Dependencies all met for dep_context=requeueable deps ti=<TaskInstance: etl_covid_europa_pipeline.extrair scheduled__2024-05-08T00:00:00+00:00 [queued]>
[2024-10-02T17:28:59.986+0000] {taskinstance.py:2306} INFO - Starting attempt 1 of 1
[2024-10-02T17:29:00.160+0000] {taskinstance.py:2330} INFO - Executing <Task(PythonOperator): extrair> on 2024-05-08 00:00:00+00:00
[2024-10-02T17:29:00.165+0000] {warnings.py:112} WARNING - /home/***/.local/lib/python3.12/site-packages/***/task/task_runner/standard_task_runner.py:61: DeprecationWarning: This process (pid=2329) is multi-threaded, use of fork() may lead to deadlocks in the child.
  pid = os.fork()

[2024-10-02T17:29:00.166+0000] {standard_task_runner.py:63} INFO - Started process 2339 to run task
[2024-10-02T17:29:00.166+0000] {standard_task_runner.py:90} INFO - Running: ['***', 'tasks', 'run', 'etl_covid_europa_pipeline', 'extrair', 'scheduled__2024-05-08T00:00:00+00:00', '--job-id', '377', '--raw', '--subdir', 'DAGS_FOLDER/etl_pipeline.py', '--cfg-path', '/tmp/tmp4oll9nqz']
[2024-10-02T17:29:00.167+0000] {standard_task_runner.py:91} INFO - Job 377: Subtask extrair
[2024-10-02T17:29:00.205+0000] {task_command.py:426} INFO - Running <TaskInstance: etl_covid_europa_pipeline.extrair scheduled__2024-05-08T00:00:00+00:00 [running]> on host 99de7dfc3871
[2024-10-02T17:29:00.287+0000] {taskinstance.py:2648} INFO - Exporting env vars: AIRFLOW_CTX_DAG_OWNER='***' AIRFLOW_CTX_DAG_ID='etl_covid_europa_pipeline' AIRFLOW_CTX_TASK_ID='extrair' AIRFLOW_CTX_EXECUTION_DATE='2024-05-08T00:00:00+00:00' AIRFLOW_CTX_TRY_NUMBER='1' AIRFLOW_CTX_DAG_RUN_ID='scheduled__2024-05-08T00:00:00+00:00'
[2024-10-02T17:29:00.288+0000] {taskinstance.py:430} INFO - ::endgroup::
[2024-10-02T17:29:06.763+0000] {python.py:237} INFO - Done. Returned value was: None
[2024-10-02T17:29:06.763+0000] {taskinstance.py:441} INFO - ::group::Post task execution logs
[2024-10-02T17:29:06.771+0000] {taskinstance.py:1206} INFO - Marking task as SUCCESS. dag_id=etl_covid_europa_pipeline, task_id=extrair, run_id=scheduled__2024-05-08T00:00:00+00:00, execution_date=20240508T000000, start_date=20241002T172859, end_date=20241002T172906
[2024-10-02T17:29:06.832+0000] {local_task_job_runner.py:240} INFO - Task exited with return code 0
[2024-10-02T17:29:06.858+0000] {taskinstance.py:3503} INFO - 1 downstream tasks scheduled from follow-on schedule check
[2024-10-02T17:29:06.860+0000] {local_task_job_runner.py:222} INFO - ::endgroup::
[2024-10-02T19:01:38.752+0000] {local_task_job_runner.py:120} INFO - ::group::Pre task execution logs
[2024-10-02T19:01:38.775+0000] {taskinstance.py:2076} INFO - Dependencies all met for dep_context=non-requeueable deps ti=<TaskInstance: etl_covid_europa_pipeline.extrair scheduled__2024-05-08T00:00:00+00:00 [queued]>
[2024-10-02T19:01:38.933+0000] {taskinstance.py:2076} INFO - Dependencies all met for dep_context=requeueable deps ti=<TaskInstance: etl_covid_europa_pipeline.extrair scheduled__2024-05-08T00:00:00+00:00 [queued]>
[2024-10-02T19:01:38.933+0000] {taskinstance.py:2306} INFO - Starting attempt 1 of 1
[2024-10-02T19:01:38.944+0000] {taskinstance.py:2330} INFO - Executing <Task(PythonOperator): extrair> on 2024-05-08 00:00:00+00:00
[2024-10-02T19:01:38.950+0000] {warnings.py:112} WARNING - /home/***/.local/lib/python3.12/site-packages/***/task/task_runner/standard_task_runner.py:61: DeprecationWarning: This process (pid=7108) is multi-threaded, use of fork() may lead to deadlocks in the child.
  pid = os.fork()

[2024-10-02T19:01:38.951+0000] {standard_task_runner.py:63} INFO - Started process 7116 to run task
[2024-10-02T19:01:38.950+0000] {standard_task_runner.py:90} INFO - Running: ['***', 'tasks', 'run', 'etl_covid_europa_pipeline', 'extrair', 'scheduled__2024-05-08T00:00:00+00:00', '--job-id', '1570', '--raw', '--subdir', 'DAGS_FOLDER/etl_pipeline.py', '--cfg-path', '/tmp/tmpu17uc2b9']
[2024-10-02T19:01:38.952+0000] {standard_task_runner.py:91} INFO - Job 1570: Subtask extrair
[2024-10-02T19:01:38.991+0000] {task_command.py:426} INFO - Running <TaskInstance: etl_covid_europa_pipeline.extrair scheduled__2024-05-08T00:00:00+00:00 [running]> on host 99de7dfc3871
[2024-10-02T19:01:39.065+0000] {taskinstance.py:2648} INFO - Exporting env vars: AIRFLOW_CTX_DAG_OWNER='***' AIRFLOW_CTX_DAG_ID='etl_covid_europa_pipeline' AIRFLOW_CTX_TASK_ID='extrair' AIRFLOW_CTX_EXECUTION_DATE='2024-05-08T00:00:00+00:00' AIRFLOW_CTX_TRY_NUMBER='1' AIRFLOW_CTX_DAG_RUN_ID='scheduled__2024-05-08T00:00:00+00:00'
[2024-10-02T19:01:39.068+0000] {taskinstance.py:430} INFO - ::endgroup::
[2024-10-02T19:01:44.881+0000] {python.py:237} INFO - Done. Returned value was: None
[2024-10-02T19:01:44.883+0000] {taskinstance.py:441} INFO - ::group::Post task execution logs
[2024-10-02T19:01:44.893+0000] {taskinstance.py:1206} INFO - Marking task as SUCCESS. dag_id=etl_covid_europa_pipeline, task_id=extrair, run_id=scheduled__2024-05-08T00:00:00+00:00, execution_date=20240508T000000, start_date=20241002T190138, end_date=20241002T190144
[2024-10-02T19:01:44.927+0000] {local_task_job_runner.py:240} INFO - Task exited with return code 0
[2024-10-02T19:01:44.954+0000] {taskinstance.py:3503} INFO - 1 downstream tasks scheduled from follow-on schedule check
[2024-10-02T19:01:44.956+0000] {local_task_job_runner.py:222} INFO - ::endgroup::
[2024-10-02T19:27:46.854+0000] {local_task_job_runner.py:120} INFO - ::group::Pre task execution logs
[2024-10-02T19:27:47.052+0000] {taskinstance.py:2076} INFO - Dependencies all met for dep_context=non-requeueable deps ti=<TaskInstance: etl_covid_europa_pipeline.extrair scheduled__2024-05-08T00:00:00+00:00 [queued]>
[2024-10-02T19:27:47.059+0000] {taskinstance.py:2076} INFO - Dependencies all met for dep_context=requeueable deps ti=<TaskInstance: etl_covid_europa_pipeline.extrair scheduled__2024-05-08T00:00:00+00:00 [queued]>
[2024-10-02T19:27:47.059+0000] {taskinstance.py:2306} INFO - Starting attempt 1 of 1
[2024-10-02T19:27:47.075+0000] {taskinstance.py:2330} INFO - Executing <Task(PythonOperator): extrair> on 2024-05-08 00:00:00+00:00
[2024-10-02T19:27:47.081+0000] {warnings.py:112} WARNING - /home/***/.local/lib/python3.12/site-packages/***/task/task_runner/standard_task_runner.py:61: DeprecationWarning: This process (pid=10539) is multi-threaded, use of fork() may lead to deadlocks in the child.
  pid = os.fork()

[2024-10-02T19:27:47.083+0000] {standard_task_runner.py:63} INFO - Started process 10548 to run task
[2024-10-02T19:27:47.082+0000] {standard_task_runner.py:90} INFO - Running: ['***', 'tasks', 'run', 'etl_covid_europa_pipeline', 'extrair', 'scheduled__2024-05-08T00:00:00+00:00', '--job-id', '2602', '--raw', '--subdir', 'DAGS_FOLDER/etl_pipeline_agrupar_continente.py', '--cfg-path', '/tmp/tmpb2lqux89']
[2024-10-02T19:27:47.084+0000] {standard_task_runner.py:91} INFO - Job 2602: Subtask extrair
[2024-10-02T19:27:47.122+0000] {task_command.py:426} INFO - Running <TaskInstance: etl_covid_europa_pipeline.extrair scheduled__2024-05-08T00:00:00+00:00 [running]> on host 99de7dfc3871
[2024-10-02T19:27:47.208+0000] {taskinstance.py:2648} INFO - Exporting env vars: AIRFLOW_CTX_DAG_OWNER='***' AIRFLOW_CTX_DAG_ID='etl_covid_europa_pipeline' AIRFLOW_CTX_TASK_ID='extrair' AIRFLOW_CTX_EXECUTION_DATE='2024-05-08T00:00:00+00:00' AIRFLOW_CTX_TRY_NUMBER='1' AIRFLOW_CTX_DAG_RUN_ID='scheduled__2024-05-08T00:00:00+00:00'
[2024-10-02T19:27:47.209+0000] {taskinstance.py:430} INFO - ::endgroup::
[2024-10-02T19:27:53.397+0000] {python.py:237} INFO - Done. Returned value was: None
[2024-10-02T19:27:53.398+0000] {taskinstance.py:441} INFO - ::group::Post task execution logs
[2024-10-02T19:27:53.407+0000] {taskinstance.py:1206} INFO - Marking task as SUCCESS. dag_id=etl_covid_europa_pipeline, task_id=extrair, run_id=scheduled__2024-05-08T00:00:00+00:00, execution_date=20240508T000000, start_date=20241002T192747, end_date=20241002T192753
[2024-10-02T19:27:53.434+0000] {local_task_job_runner.py:240} INFO - Task exited with return code 0
[2024-10-02T19:27:53.458+0000] {taskinstance.py:3503} INFO - 1 downstream tasks scheduled from follow-on schedule check
[2024-10-02T19:27:53.460+0000] {local_task_job_runner.py:222} INFO - ::endgroup::
