[2024-10-02T17:32:02.734+0000] {local_task_job_runner.py:120} INFO - ::group::Pre task execution logs
[2024-10-02T17:32:02.766+0000] {taskinstance.py:2076} INFO - Dependencies all met for dep_context=non-requeueable deps ti=<TaskInstance: etl_covid_europa_pipeline.transformar scheduled__2024-09-18T00:00:00+00:00 [queued]>
[2024-10-02T17:32:02.777+0000] {taskinstance.py:2076} INFO - Dependencies all met for dep_context=requeueable deps ti=<TaskInstance: etl_covid_europa_pipeline.transformar scheduled__2024-09-18T00:00:00+00:00 [queued]>
[2024-10-02T17:32:02.777+0000] {taskinstance.py:2306} INFO - Starting attempt 1 of 1
[2024-10-02T17:32:03.031+0000] {taskinstance.py:2330} INFO - Executing <Task(PythonOperator): transformar> on 2024-09-18 00:00:00+00:00
[2024-10-02T17:32:03.039+0000] {warnings.py:112} WARNING - /home/***/.local/lib/python3.12/site-packages/***/task/task_runner/standard_task_runner.py:61: DeprecationWarning: This process (pid=3200) is multi-threaded, use of fork() may lead to deadlocks in the child.
  pid = os.fork()

[2024-10-02T17:32:03.042+0000] {standard_task_runner.py:63} INFO - Started process 3211 to run task
[2024-10-02T17:32:03.040+0000] {standard_task_runner.py:90} INFO - Running: ['***', 'tasks', 'run', 'etl_covid_europa_pipeline', 'transformar', 'scheduled__2024-09-18T00:00:00+00:00', '--job-id', '654', '--raw', '--subdir', 'DAGS_FOLDER/etl_pipeline.py', '--cfg-path', '/tmp/tmpil95i3hm']
[2024-10-02T17:32:03.044+0000] {standard_task_runner.py:91} INFO - Job 654: Subtask transformar
[2024-10-02T17:32:03.101+0000] {task_command.py:426} INFO - Running <TaskInstance: etl_covid_europa_pipeline.transformar scheduled__2024-09-18T00:00:00+00:00 [running]> on host 99de7dfc3871
[2024-10-02T17:32:03.198+0000] {taskinstance.py:2648} INFO - Exporting env vars: AIRFLOW_CTX_DAG_OWNER='***' AIRFLOW_CTX_DAG_ID='etl_covid_europa_pipeline' AIRFLOW_CTX_TASK_ID='transformar' AIRFLOW_CTX_EXECUTION_DATE='2024-09-18T00:00:00+00:00' AIRFLOW_CTX_TRY_NUMBER='1' AIRFLOW_CTX_DAG_RUN_ID='scheduled__2024-09-18T00:00:00+00:00'
[2024-10-02T17:32:03.200+0000] {taskinstance.py:430} INFO - ::endgroup::
[2024-10-02T17:32:03.273+0000] {taskinstance.py:441} INFO - ::group::Post task execution logs
[2024-10-02T17:32:03.274+0000] {taskinstance.py:2905} ERROR - Task failed with exception
Traceback (most recent call last):
  File "/home/airflow/.local/lib/python3.12/site-packages/airflow/models/taskinstance.py", line 465, in _execute_task
    result = _execute_callable(context=context, **execute_callable_kwargs)
             ^^^^^^^^^^^^^^^^^^^^^^^^^^^^^^^^^^^^^^^^^^^^^^^^^^^^^^^^^^^^^
  File "/home/airflow/.local/lib/python3.12/site-packages/airflow/models/taskinstance.py", line 432, in _execute_callable
    return execute_callable(context=context, **execute_callable_kwargs)
           ^^^^^^^^^^^^^^^^^^^^^^^^^^^^^^^^^^^^^^^^^^^^^^^^^^^^^^^^^^^^
  File "/home/airflow/.local/lib/python3.12/site-packages/airflow/models/baseoperator.py", line 401, in wrapper
    return func(self, *args, **kwargs)
           ^^^^^^^^^^^^^^^^^^^^^^^^^^^
  File "/home/airflow/.local/lib/python3.12/site-packages/airflow/operators/python.py", line 235, in execute
    return_value = self.execute_callable()
                   ^^^^^^^^^^^^^^^^^^^^^^^
  File "/home/airflow/.local/lib/python3.12/site-packages/airflow/operators/python.py", line 252, in execute_callable
    return self.python_callable(*self.op_args, **self.op_kwargs)
           ^^^^^^^^^^^^^^^^^^^^^^^^^^^^^^^^^^^^^^^^^^^^^^^^^^^^^
  File "/opt/airflow/dags/etl_pipeline.py", line 13, in transformar
    df = pd.read_csv('data/dados_covid_extraidos.csv')
         ^^^^^^^^^^^^^^^^^^^^^^^^^^^^^^^^^^^^^^^^^^^^^
  File "/home/airflow/.local/lib/python3.12/site-packages/pandas/io/parsers/readers.py", line 948, in read_csv
    return _read(filepath_or_buffer, kwds)
           ^^^^^^^^^^^^^^^^^^^^^^^^^^^^^^^
  File "/home/airflow/.local/lib/python3.12/site-packages/pandas/io/parsers/readers.py", line 617, in _read
    return parser.read(nrows)
           ^^^^^^^^^^^^^^^^^^
  File "/home/airflow/.local/lib/python3.12/site-packages/pandas/io/parsers/readers.py", line 1748, in read
    ) = self._engine.read(  # type: ignore[attr-defined]
        ^^^^^^^^^^^^^^^^^^^^^^^^^^^^^^^^^^^^^^^^^^^^^^^^
  File "/home/airflow/.local/lib/python3.12/site-packages/pandas/io/parsers/c_parser_wrapper.py", line 234, in read
    chunks = self._reader.read_low_memory(nrows)
             ^^^^^^^^^^^^^^^^^^^^^^^^^^^^^^^^^^^
  File "parsers.pyx", line 843, in pandas._libs.parsers.TextReader.read_low_memory
  File "parsers.pyx", line 904, in pandas._libs.parsers.TextReader._read_rows
  File "parsers.pyx", line 879, in pandas._libs.parsers.TextReader._tokenize_rows
  File "parsers.pyx", line 890, in pandas._libs.parsers.TextReader._check_tokenize_status
  File "parsers.pyx", line 2058, in pandas._libs.parsers.raise_parser_error
pandas.errors.ParserError: Error tokenizing data. C error: Expected 1 fields in line 7201, saw 2

[2024-10-02T17:32:03.285+0000] {taskinstance.py:1206} INFO - Marking task as FAILED. dag_id=etl_covid_europa_pipeline, task_id=transformar, run_id=scheduled__2024-09-18T00:00:00+00:00, execution_date=20240918T000000, start_date=20241002T173202, end_date=20241002T173203
[2024-10-02T17:32:03.299+0000] {standard_task_runner.py:110} ERROR - Failed to execute job 654 for task transformar (Error tokenizing data. C error: Expected 1 fields in line 7201, saw 2
; 3211)
[2024-10-02T17:32:03.337+0000] {local_task_job_runner.py:240} INFO - Task exited with return code 1
[2024-10-02T17:32:03.346+0000] {local_task_job_runner.py:222} INFO - ::endgroup::
[2024-10-02T18:55:43.222+0000] {local_task_job_runner.py:120} INFO - ::group::Pre task execution logs
[2024-10-02T18:55:43.257+0000] {taskinstance.py:2076} INFO - Dependencies all met for dep_context=non-requeueable deps ti=<TaskInstance: etl_covid_europa_pipeline.transformar scheduled__2024-09-18T00:00:00+00:00 [queued]>
[2024-10-02T18:55:43.465+0000] {taskinstance.py:2076} INFO - Dependencies all met for dep_context=requeueable deps ti=<TaskInstance: etl_covid_europa_pipeline.transformar scheduled__2024-09-18T00:00:00+00:00 [queued]>
[2024-10-02T18:55:43.465+0000] {taskinstance.py:2306} INFO - Starting attempt 1 of 1
[2024-10-02T18:55:43.483+0000] {taskinstance.py:2330} INFO - Executing <Task(PythonOperator): transformar> on 2024-09-18 00:00:00+00:00
[2024-10-02T18:55:43.490+0000] {warnings.py:112} WARNING - /home/***/.local/lib/python3.12/site-packages/***/task/task_runner/standard_task_runner.py:61: DeprecationWarning: This process (pid=5098) is multi-threaded, use of fork() may lead to deadlocks in the child.
  pid = os.fork()

[2024-10-02T18:55:43.491+0000] {standard_task_runner.py:63} INFO - Started process 5107 to run task
[2024-10-02T18:55:43.491+0000] {standard_task_runner.py:90} INFO - Running: ['***', 'tasks', 'run', 'etl_covid_europa_pipeline', 'transformar', 'scheduled__2024-09-18T00:00:00+00:00', '--job-id', '924', '--raw', '--subdir', 'DAGS_FOLDER/etl_pipeline.py', '--cfg-path', '/tmp/tmp15wwjr4_']
[2024-10-02T18:55:43.493+0000] {standard_task_runner.py:91} INFO - Job 924: Subtask transformar
[2024-10-02T18:55:43.536+0000] {task_command.py:426} INFO - Running <TaskInstance: etl_covid_europa_pipeline.transformar scheduled__2024-09-18T00:00:00+00:00 [running]> on host 99de7dfc3871
[2024-10-02T18:55:43.640+0000] {taskinstance.py:2648} INFO - Exporting env vars: AIRFLOW_CTX_DAG_OWNER='***' AIRFLOW_CTX_DAG_ID='etl_covid_europa_pipeline' AIRFLOW_CTX_TASK_ID='transformar' AIRFLOW_CTX_EXECUTION_DATE='2024-09-18T00:00:00+00:00' AIRFLOW_CTX_TRY_NUMBER='1' AIRFLOW_CTX_DAG_RUN_ID='scheduled__2024-09-18T00:00:00+00:00'
[2024-10-02T18:55:43.644+0000] {taskinstance.py:430} INFO - ::endgroup::
[2024-10-02T18:55:43.753+0000] {python.py:237} INFO - Done. Returned value was: None
[2024-10-02T18:55:43.754+0000] {taskinstance.py:441} INFO - ::group::Post task execution logs
[2024-10-02T18:55:43.761+0000] {taskinstance.py:1206} INFO - Marking task as SUCCESS. dag_id=etl_covid_europa_pipeline, task_id=transformar, run_id=scheduled__2024-09-18T00:00:00+00:00, execution_date=20240918T000000, start_date=20241002T185543, end_date=20241002T185543
[2024-10-02T18:55:43.785+0000] {local_task_job_runner.py:240} INFO - Task exited with return code 0
[2024-10-02T18:55:43.811+0000] {taskinstance.py:3503} INFO - 1 downstream tasks scheduled from follow-on schedule check
[2024-10-02T18:55:43.813+0000] {local_task_job_runner.py:222} INFO - ::endgroup::
[2024-10-02T19:04:41.841+0000] {local_task_job_runner.py:120} INFO - ::group::Pre task execution logs
[2024-10-02T19:04:41.866+0000] {taskinstance.py:2076} INFO - Dependencies all met for dep_context=non-requeueable deps ti=<TaskInstance: etl_covid_europa_pipeline.transformar scheduled__2024-09-18T00:00:00+00:00 [queued]>
[2024-10-02T19:04:42.071+0000] {taskinstance.py:2076} INFO - Dependencies all met for dep_context=requeueable deps ti=<TaskInstance: etl_covid_europa_pipeline.transformar scheduled__2024-09-18T00:00:00+00:00 [queued]>
[2024-10-02T19:04:42.072+0000] {taskinstance.py:2306} INFO - Starting attempt 1 of 1
[2024-10-02T19:04:42.086+0000] {taskinstance.py:2330} INFO - Executing <Task(PythonOperator): transformar> on 2024-09-18 00:00:00+00:00
[2024-10-02T19:04:42.092+0000] {warnings.py:112} WARNING - /home/***/.local/lib/python3.12/site-packages/***/task/task_runner/standard_task_runner.py:61: DeprecationWarning: This process (pid=8343) is multi-threaded, use of fork() may lead to deadlocks in the child.
  pid = os.fork()

[2024-10-02T19:04:42.093+0000] {standard_task_runner.py:63} INFO - Started process 8351 to run task
[2024-10-02T19:04:42.093+0000] {standard_task_runner.py:90} INFO - Running: ['***', 'tasks', 'run', 'etl_covid_europa_pipeline', 'transformar', 'scheduled__2024-09-18T00:00:00+00:00', '--job-id', '1965', '--raw', '--subdir', 'DAGS_FOLDER/etl_pipeline.py', '--cfg-path', '/tmp/tmperthkzki']
[2024-10-02T19:04:42.095+0000] {standard_task_runner.py:91} INFO - Job 1965: Subtask transformar
[2024-10-02T19:04:42.139+0000] {task_command.py:426} INFO - Running <TaskInstance: etl_covid_europa_pipeline.transformar scheduled__2024-09-18T00:00:00+00:00 [running]> on host 99de7dfc3871
[2024-10-02T19:04:42.233+0000] {taskinstance.py:2648} INFO - Exporting env vars: AIRFLOW_CTX_DAG_OWNER='***' AIRFLOW_CTX_DAG_ID='etl_covid_europa_pipeline' AIRFLOW_CTX_TASK_ID='transformar' AIRFLOW_CTX_EXECUTION_DATE='2024-09-18T00:00:00+00:00' AIRFLOW_CTX_TRY_NUMBER='1' AIRFLOW_CTX_DAG_RUN_ID='scheduled__2024-09-18T00:00:00+00:00'
[2024-10-02T19:04:42.236+0000] {taskinstance.py:430} INFO - ::endgroup::
[2024-10-02T19:04:42.383+0000] {python.py:237} INFO - Done. Returned value was: None
[2024-10-02T19:04:42.384+0000] {taskinstance.py:441} INFO - ::group::Post task execution logs
[2024-10-02T19:04:42.393+0000] {taskinstance.py:1206} INFO - Marking task as SUCCESS. dag_id=etl_covid_europa_pipeline, task_id=transformar, run_id=scheduled__2024-09-18T00:00:00+00:00, execution_date=20240918T000000, start_date=20241002T190441, end_date=20241002T190442
[2024-10-02T19:04:42.427+0000] {local_task_job_runner.py:240} INFO - Task exited with return code 0
[2024-10-02T19:04:42.437+0000] {local_task_job_runner.py:222} INFO - ::endgroup::
