[2024-10-02T17:28:19.445+0000] {local_task_job_runner.py:120} INFO - ::group::Pre task execution logs
[2024-10-02T17:28:19.466+0000] {taskinstance.py:2076} INFO - Dependencies all met for dep_context=non-requeueable deps ti=<TaskInstance: etl_covid_europa_pipeline.extrair scheduled__2024-03-25T00:00:00+00:00 [queued]>
[2024-10-02T17:28:19.473+0000] {taskinstance.py:2076} INFO - Dependencies all met for dep_context=requeueable deps ti=<TaskInstance: etl_covid_europa_pipeline.extrair scheduled__2024-03-25T00:00:00+00:00 [queued]>
[2024-10-02T17:28:19.474+0000] {taskinstance.py:2306} INFO - Starting attempt 1 of 1
[2024-10-02T17:28:19.615+0000] {taskinstance.py:2330} INFO - Executing <Task(PythonOperator): extrair> on 2024-03-25 00:00:00+00:00
[2024-10-02T17:28:19.621+0000] {warnings.py:112} WARNING - /home/***/.local/lib/python3.12/site-packages/***/task/task_runner/standard_task_runner.py:61: DeprecationWarning: This process (pid=2094) is multi-threaded, use of fork() may lead to deadlocks in the child.
  pid = os.fork()

[2024-10-02T17:28:19.622+0000] {standard_task_runner.py:63} INFO - Started process 2096 to run task
[2024-10-02T17:28:19.622+0000] {standard_task_runner.py:90} INFO - Running: ['***', 'tasks', 'run', 'etl_covid_europa_pipeline', 'extrair', 'scheduled__2024-03-25T00:00:00+00:00', '--job-id', '302', '--raw', '--subdir', 'DAGS_FOLDER/etl_pipeline.py', '--cfg-path', '/tmp/tmpuj67jjkr']
[2024-10-02T17:28:19.624+0000] {standard_task_runner.py:91} INFO - Job 302: Subtask extrair
[2024-10-02T17:28:19.659+0000] {task_command.py:426} INFO - Running <TaskInstance: etl_covid_europa_pipeline.extrair scheduled__2024-03-25T00:00:00+00:00 [running]> on host 99de7dfc3871
[2024-10-02T17:28:19.724+0000] {taskinstance.py:2648} INFO - Exporting env vars: AIRFLOW_CTX_DAG_OWNER='***' AIRFLOW_CTX_DAG_ID='etl_covid_europa_pipeline' AIRFLOW_CTX_TASK_ID='extrair' AIRFLOW_CTX_EXECUTION_DATE='2024-03-25T00:00:00+00:00' AIRFLOW_CTX_TRY_NUMBER='1' AIRFLOW_CTX_DAG_RUN_ID='scheduled__2024-03-25T00:00:00+00:00'
[2024-10-02T17:28:19.725+0000] {taskinstance.py:430} INFO - ::endgroup::
[2024-10-02T17:28:25.824+0000] {python.py:237} INFO - Done. Returned value was: None
[2024-10-02T17:28:25.825+0000] {taskinstance.py:441} INFO - ::group::Post task execution logs
[2024-10-02T17:28:25.832+0000] {taskinstance.py:1206} INFO - Marking task as SUCCESS. dag_id=etl_covid_europa_pipeline, task_id=extrair, run_id=scheduled__2024-03-25T00:00:00+00:00, execution_date=20240325T000000, start_date=20241002T172819, end_date=20241002T172825
[2024-10-02T17:28:25.891+0000] {local_task_job_runner.py:240} INFO - Task exited with return code 0
[2024-10-02T17:28:25.913+0000] {taskinstance.py:3503} INFO - 1 downstream tasks scheduled from follow-on schedule check
[2024-10-02T17:28:25.915+0000] {local_task_job_runner.py:222} INFO - ::endgroup::
[2024-10-02T19:00:44.919+0000] {local_task_job_runner.py:120} INFO - ::group::Pre task execution logs
[2024-10-02T19:00:44.941+0000] {taskinstance.py:2076} INFO - Dependencies all met for dep_context=non-requeueable deps ti=<TaskInstance: etl_covid_europa_pipeline.extrair scheduled__2024-03-25T00:00:00+00:00 [queued]>
[2024-10-02T19:00:45.111+0000] {taskinstance.py:2076} INFO - Dependencies all met for dep_context=requeueable deps ti=<TaskInstance: etl_covid_europa_pipeline.extrair scheduled__2024-03-25T00:00:00+00:00 [queued]>
[2024-10-02T19:00:45.111+0000] {taskinstance.py:2306} INFO - Starting attempt 1 of 1
[2024-10-02T19:00:45.197+0000] {taskinstance.py:2330} INFO - Executing <Task(PythonOperator): extrair> on 2024-03-25 00:00:00+00:00
[2024-10-02T19:00:45.204+0000] {warnings.py:112} WARNING - /home/***/.local/lib/python3.12/site-packages/***/task/task_runner/standard_task_runner.py:61: DeprecationWarning: This process (pid=6726) is multi-threaded, use of fork() may lead to deadlocks in the child.
  pid = os.fork()

[2024-10-02T19:00:45.205+0000] {standard_task_runner.py:63} INFO - Started process 6741 to run task
[2024-10-02T19:00:45.205+0000] {standard_task_runner.py:90} INFO - Running: ['***', 'tasks', 'run', 'etl_covid_europa_pipeline', 'extrair', 'scheduled__2024-03-25T00:00:00+00:00', '--job-id', '1448', '--raw', '--subdir', 'DAGS_FOLDER/etl_pipeline.py', '--cfg-path', '/tmp/tmp7g3wc4v3']
[2024-10-02T19:00:45.207+0000] {standard_task_runner.py:91} INFO - Job 1448: Subtask extrair
[2024-10-02T19:00:45.251+0000] {task_command.py:426} INFO - Running <TaskInstance: etl_covid_europa_pipeline.extrair scheduled__2024-03-25T00:00:00+00:00 [running]> on host 99de7dfc3871
[2024-10-02T19:00:45.333+0000] {taskinstance.py:2648} INFO - Exporting env vars: AIRFLOW_CTX_DAG_OWNER='***' AIRFLOW_CTX_DAG_ID='etl_covid_europa_pipeline' AIRFLOW_CTX_TASK_ID='extrair' AIRFLOW_CTX_EXECUTION_DATE='2024-03-25T00:00:00+00:00' AIRFLOW_CTX_TRY_NUMBER='1' AIRFLOW_CTX_DAG_RUN_ID='scheduled__2024-03-25T00:00:00+00:00'
[2024-10-02T19:00:45.337+0000] {taskinstance.py:430} INFO - ::endgroup::
[2024-10-02T19:00:51.461+0000] {python.py:237} INFO - Done. Returned value was: None
[2024-10-02T19:00:51.462+0000] {taskinstance.py:441} INFO - ::group::Post task execution logs
[2024-10-02T19:00:51.470+0000] {taskinstance.py:1206} INFO - Marking task as SUCCESS. dag_id=etl_covid_europa_pipeline, task_id=extrair, run_id=scheduled__2024-03-25T00:00:00+00:00, execution_date=20240325T000000, start_date=20241002T190044, end_date=20241002T190051
[2024-10-02T19:00:51.518+0000] {local_task_job_runner.py:240} INFO - Task exited with return code 0
[2024-10-02T19:00:51.545+0000] {taskinstance.py:3503} INFO - 1 downstream tasks scheduled from follow-on schedule check
[2024-10-02T19:00:51.548+0000] {local_task_job_runner.py:222} INFO - ::endgroup::
[2024-10-02T19:27:09.323+0000] {local_task_job_runner.py:120} INFO - ::group::Pre task execution logs
[2024-10-02T19:27:09.347+0000] {taskinstance.py:2076} INFO - Dependencies all met for dep_context=non-requeueable deps ti=<TaskInstance: etl_covid_europa_pipeline.extrair scheduled__2024-03-25T00:00:00+00:00 [queued]>
[2024-10-02T19:27:09.355+0000] {taskinstance.py:2076} INFO - Dependencies all met for dep_context=requeueable deps ti=<TaskInstance: etl_covid_europa_pipeline.extrair scheduled__2024-03-25T00:00:00+00:00 [queued]>
[2024-10-02T19:27:09.356+0000] {taskinstance.py:2306} INFO - Starting attempt 1 of 1
[2024-10-02T19:27:09.371+0000] {taskinstance.py:2330} INFO - Executing <Task(PythonOperator): extrair> on 2024-03-25 00:00:00+00:00
[2024-10-02T19:27:09.382+0000] {warnings.py:112} WARNING - /home/***/.local/lib/python3.12/site-packages/***/task/task_runner/standard_task_runner.py:61: DeprecationWarning: This process (pid=10223) is multi-threaded, use of fork() may lead to deadlocks in the child.
  pid = os.fork()

[2024-10-02T19:27:09.384+0000] {standard_task_runner.py:63} INFO - Started process 10234 to run task
[2024-10-02T19:27:09.382+0000] {standard_task_runner.py:90} INFO - Running: ['***', 'tasks', 'run', 'etl_covid_europa_pipeline', 'extrair', 'scheduled__2024-03-25T00:00:00+00:00', '--job-id', '2498', '--raw', '--subdir', 'DAGS_FOLDER/etl_pipeline_agrupar_continente.py', '--cfg-path', '/tmp/tmpbxs99qz0']
[2024-10-02T19:27:09.385+0000] {standard_task_runner.py:91} INFO - Job 2498: Subtask extrair
[2024-10-02T19:27:09.671+0000] {task_command.py:426} INFO - Running <TaskInstance: etl_covid_europa_pipeline.extrair scheduled__2024-03-25T00:00:00+00:00 [running]> on host 99de7dfc3871
[2024-10-02T19:27:09.829+0000] {taskinstance.py:2648} INFO - Exporting env vars: AIRFLOW_CTX_DAG_OWNER='***' AIRFLOW_CTX_DAG_ID='etl_covid_europa_pipeline' AIRFLOW_CTX_TASK_ID='extrair' AIRFLOW_CTX_EXECUTION_DATE='2024-03-25T00:00:00+00:00' AIRFLOW_CTX_TRY_NUMBER='1' AIRFLOW_CTX_DAG_RUN_ID='scheduled__2024-03-25T00:00:00+00:00'
[2024-10-02T19:27:09.831+0000] {taskinstance.py:430} INFO - ::endgroup::
[2024-10-02T19:27:15.370+0000] {python.py:237} INFO - Done. Returned value was: None
[2024-10-02T19:27:15.371+0000] {taskinstance.py:441} INFO - ::group::Post task execution logs
[2024-10-02T19:27:15.381+0000] {taskinstance.py:1206} INFO - Marking task as SUCCESS. dag_id=etl_covid_europa_pipeline, task_id=extrair, run_id=scheduled__2024-03-25T00:00:00+00:00, execution_date=20240325T000000, start_date=20241002T192709, end_date=20241002T192715
[2024-10-02T19:27:15.415+0000] {local_task_job_runner.py:240} INFO - Task exited with return code 0
[2024-10-02T19:27:15.438+0000] {taskinstance.py:3503} INFO - 1 downstream tasks scheduled from follow-on schedule check
[2024-10-02T19:27:15.441+0000] {local_task_job_runner.py:222} INFO - ::endgroup::
