[2024-10-02T18:58:24.863+0000] {local_task_job_runner.py:120} INFO - ::group::Pre task execution logs
[2024-10-02T18:58:24.884+0000] {taskinstance.py:2076} INFO - Dependencies all met for dep_context=non-requeueable deps ti=<TaskInstance: etl_covid_europa_pipeline.carregar scheduled__2023-11-30T00:00:00+00:00 [queued]>
[2024-10-02T18:58:24.898+0000] {taskinstance.py:2076} INFO - Dependencies all met for dep_context=requeueable deps ti=<TaskInstance: etl_covid_europa_pipeline.carregar scheduled__2023-11-30T00:00:00+00:00 [queued]>
[2024-10-02T18:58:24.899+0000] {taskinstance.py:2306} INFO - Starting attempt 1 of 1
[2024-10-02T18:58:25.114+0000] {taskinstance.py:2330} INFO - Executing <Task(PythonOperator): carregar> on 2023-11-30 00:00:00+00:00
[2024-10-02T18:58:25.122+0000] {warnings.py:112} WARNING - /home/***/.local/lib/python3.12/site-packages/***/task/task_runner/standard_task_runner.py:61: DeprecationWarning: This process (pid=5822) is multi-threaded, use of fork() may lead to deadlocks in the child.
  pid = os.fork()

[2024-10-02T18:58:25.124+0000] {standard_task_runner.py:63} INFO - Started process 5837 to run task
[2024-10-02T18:58:25.123+0000] {standard_task_runner.py:90} INFO - Running: ['***', 'tasks', 'run', 'etl_covid_europa_pipeline', 'carregar', 'scheduled__2023-11-30T00:00:00+00:00', '--job-id', '1158', '--raw', '--subdir', 'DAGS_FOLDER/etl_pipeline.py', '--cfg-path', '/tmp/tmpfhey2qfo']
[2024-10-02T18:58:25.126+0000] {standard_task_runner.py:91} INFO - Job 1158: Subtask carregar
[2024-10-02T18:58:25.177+0000] {task_command.py:426} INFO - Running <TaskInstance: etl_covid_europa_pipeline.carregar scheduled__2023-11-30T00:00:00+00:00 [running]> on host 99de7dfc3871
[2024-10-02T18:58:25.276+0000] {taskinstance.py:2648} INFO - Exporting env vars: AIRFLOW_CTX_DAG_OWNER='***' AIRFLOW_CTX_DAG_ID='etl_covid_europa_pipeline' AIRFLOW_CTX_TASK_ID='carregar' AIRFLOW_CTX_EXECUTION_DATE='2023-11-30T00:00:00+00:00' AIRFLOW_CTX_TRY_NUMBER='1' AIRFLOW_CTX_DAG_RUN_ID='scheduled__2023-11-30T00:00:00+00:00'
[2024-10-02T18:58:25.278+0000] {taskinstance.py:430} INFO - ::endgroup::
[2024-10-02T18:58:25.341+0000] {python.py:237} INFO - Done. Returned value was: None
[2024-10-02T18:58:25.342+0000] {taskinstance.py:441} INFO - ::group::Post task execution logs
[2024-10-02T18:58:25.349+0000] {taskinstance.py:1206} INFO - Marking task as SUCCESS. dag_id=etl_covid_europa_pipeline, task_id=carregar, run_id=scheduled__2023-11-30T00:00:00+00:00, execution_date=20231130T000000, start_date=20241002T185824, end_date=20241002T185825
[2024-10-02T18:58:25.378+0000] {local_task_job_runner.py:240} INFO - Task exited with return code 0
[2024-10-02T18:58:25.399+0000] {taskinstance.py:3503} INFO - 0 downstream tasks scheduled from follow-on schedule check
[2024-10-02T18:58:25.403+0000] {local_task_job_runner.py:222} INFO - ::endgroup::
[2024-10-02T19:24:37.004+0000] {local_task_job_runner.py:120} INFO - ::group::Pre task execution logs
[2024-10-02T19:24:37.024+0000] {taskinstance.py:2076} INFO - Dependencies all met for dep_context=non-requeueable deps ti=<TaskInstance: etl_covid_europa_pipeline.carregar scheduled__2023-11-30T00:00:00+00:00 [queued]>
[2024-10-02T19:24:37.031+0000] {taskinstance.py:2076} INFO - Dependencies all met for dep_context=requeueable deps ti=<TaskInstance: etl_covid_europa_pipeline.carregar scheduled__2023-11-30T00:00:00+00:00 [queued]>
[2024-10-02T19:24:37.031+0000] {taskinstance.py:2306} INFO - Starting attempt 1 of 1
[2024-10-02T19:24:37.044+0000] {taskinstance.py:2330} INFO - Executing <Task(PythonOperator): carregar> on 2023-11-30 00:00:00+00:00
[2024-10-02T19:24:37.049+0000] {warnings.py:112} WARNING - /home/***/.local/lib/python3.12/site-packages/***/task/task_runner/standard_task_runner.py:61: DeprecationWarning: This process (pid=9208) is multi-threaded, use of fork() may lead to deadlocks in the child.
  pid = os.fork()

[2024-10-02T19:24:37.050+0000] {standard_task_runner.py:63} INFO - Started process 9213 to run task
[2024-10-02T19:24:37.050+0000] {standard_task_runner.py:90} INFO - Running: ['***', 'tasks', 'run', 'etl_covid_europa_pipeline', 'carregar', 'scheduled__2023-11-30T00:00:00+00:00', '--job-id', '2172', '--raw', '--subdir', 'DAGS_FOLDER/etl_pipeline.py', '--cfg-path', '/tmp/tmp32c5u2fq']
[2024-10-02T19:24:37.053+0000] {standard_task_runner.py:91} INFO - Job 2172: Subtask carregar
[2024-10-02T19:24:37.247+0000] {task_command.py:426} INFO - Running <TaskInstance: etl_covid_europa_pipeline.carregar scheduled__2023-11-30T00:00:00+00:00 [running]> on host 99de7dfc3871
[2024-10-02T19:24:37.319+0000] {taskinstance.py:2648} INFO - Exporting env vars: AIRFLOW_CTX_DAG_OWNER='***' AIRFLOW_CTX_DAG_ID='etl_covid_europa_pipeline' AIRFLOW_CTX_TASK_ID='carregar' AIRFLOW_CTX_EXECUTION_DATE='2023-11-30T00:00:00+00:00' AIRFLOW_CTX_TRY_NUMBER='1' AIRFLOW_CTX_DAG_RUN_ID='scheduled__2023-11-30T00:00:00+00:00'
[2024-10-02T19:24:37.321+0000] {taskinstance.py:430} INFO - ::endgroup::
[2024-10-02T19:24:37.372+0000] {python.py:237} INFO - Done. Returned value was: None
[2024-10-02T19:24:37.373+0000] {taskinstance.py:441} INFO - ::group::Post task execution logs
[2024-10-02T19:24:37.380+0000] {taskinstance.py:1206} INFO - Marking task as SUCCESS. dag_id=etl_covid_europa_pipeline, task_id=carregar, run_id=scheduled__2023-11-30T00:00:00+00:00, execution_date=20231130T000000, start_date=20241002T192437, end_date=20241002T192437
[2024-10-02T19:24:37.424+0000] {local_task_job_runner.py:240} INFO - Task exited with return code 0
[2024-10-02T19:24:37.582+0000] {taskinstance.py:3503} INFO - 0 downstream tasks scheduled from follow-on schedule check
[2024-10-02T19:24:37.623+0000] {local_task_job_runner.py:222} INFO - ::endgroup::
