[2024-10-02T19:01:22.265+0000] {local_task_job_runner.py:120} INFO - ::group::Pre task execution logs
[2024-10-02T19:01:22.506+0000] {taskinstance.py:2076} INFO - Dependencies all met for dep_context=non-requeueable deps ti=<TaskInstance: etl_covid_europa_pipeline.carregar scheduled__2024-04-12T00:00:00+00:00 [queued]>
[2024-10-02T19:01:22.515+0000] {taskinstance.py:2076} INFO - Dependencies all met for dep_context=requeueable deps ti=<TaskInstance: etl_covid_europa_pipeline.carregar scheduled__2024-04-12T00:00:00+00:00 [queued]>
[2024-10-02T19:01:22.516+0000] {taskinstance.py:2306} INFO - Starting attempt 1 of 1
[2024-10-02T19:01:22.557+0000] {taskinstance.py:2330} INFO - Executing <Task(PythonOperator): carregar> on 2024-04-12 00:00:00+00:00
[2024-10-02T19:01:22.566+0000] {warnings.py:112} WARNING - /home/***/.local/lib/python3.12/site-packages/***/task/task_runner/standard_task_runner.py:61: DeprecationWarning: This process (pid=6983) is multi-threaded, use of fork() may lead to deadlocks in the child.
  pid = os.fork()

[2024-10-02T19:01:22.568+0000] {standard_task_runner.py:63} INFO - Started process 6998 to run task
[2024-10-02T19:01:22.567+0000] {standard_task_runner.py:90} INFO - Running: ['***', 'tasks', 'run', 'etl_covid_europa_pipeline', 'carregar', 'scheduled__2024-04-12T00:00:00+00:00', '--job-id', '1527', '--raw', '--subdir', 'DAGS_FOLDER/etl_pipeline.py', '--cfg-path', '/tmp/tmpo6vn9kdr']
[2024-10-02T19:01:22.572+0000] {standard_task_runner.py:91} INFO - Job 1527: Subtask carregar
[2024-10-02T19:01:22.630+0000] {task_command.py:426} INFO - Running <TaskInstance: etl_covid_europa_pipeline.carregar scheduled__2024-04-12T00:00:00+00:00 [running]> on host 99de7dfc3871
[2024-10-02T19:01:22.749+0000] {taskinstance.py:2648} INFO - Exporting env vars: AIRFLOW_CTX_DAG_OWNER='***' AIRFLOW_CTX_DAG_ID='etl_covid_europa_pipeline' AIRFLOW_CTX_TASK_ID='carregar' AIRFLOW_CTX_EXECUTION_DATE='2024-04-12T00:00:00+00:00' AIRFLOW_CTX_TRY_NUMBER='1' AIRFLOW_CTX_DAG_RUN_ID='scheduled__2024-04-12T00:00:00+00:00'
[2024-10-02T19:01:22.750+0000] {taskinstance.py:430} INFO - ::endgroup::
[2024-10-02T19:01:22.824+0000] {python.py:237} INFO - Done. Returned value was: None
[2024-10-02T19:01:22.825+0000] {taskinstance.py:441} INFO - ::group::Post task execution logs
[2024-10-02T19:01:22.837+0000] {taskinstance.py:1206} INFO - Marking task as SUCCESS. dag_id=etl_covid_europa_pipeline, task_id=carregar, run_id=scheduled__2024-04-12T00:00:00+00:00, execution_date=20240412T000000, start_date=20241002T190122, end_date=20241002T190122
[2024-10-02T19:01:22.903+0000] {local_task_job_runner.py:240} INFO - Task exited with return code 0
[2024-10-02T19:01:22.913+0000] {local_task_job_runner.py:222} INFO - ::endgroup::
[2024-10-02T19:27:35.711+0000] {local_task_job_runner.py:120} INFO - ::group::Pre task execution logs
[2024-10-02T19:27:35.978+0000] {taskinstance.py:2076} INFO - Dependencies all met for dep_context=non-requeueable deps ti=<TaskInstance: etl_covid_europa_pipeline.carregar scheduled__2024-04-12T00:00:00+00:00 [queued]>
[2024-10-02T19:27:35.991+0000] {taskinstance.py:2076} INFO - Dependencies all met for dep_context=requeueable deps ti=<TaskInstance: etl_covid_europa_pipeline.carregar scheduled__2024-04-12T00:00:00+00:00 [queued]>
[2024-10-02T19:27:35.991+0000] {taskinstance.py:2306} INFO - Starting attempt 1 of 1
[2024-10-02T19:27:36.007+0000] {taskinstance.py:2330} INFO - Executing <Task(PythonOperator): carregar> on 2024-04-12 00:00:00+00:00
[2024-10-02T19:27:36.015+0000] {warnings.py:112} WARNING - /home/***/.local/lib/python3.12/site-packages/***/task/task_runner/standard_task_runner.py:61: DeprecationWarning: This process (pid=10440) is multi-threaded, use of fork() may lead to deadlocks in the child.
  pid = os.fork()

[2024-10-02T19:27:36.017+0000] {standard_task_runner.py:63} INFO - Started process 10458 to run task
[2024-10-02T19:27:36.017+0000] {standard_task_runner.py:90} INFO - Running: ['***', 'tasks', 'run', 'etl_covid_europa_pipeline', 'carregar', 'scheduled__2024-04-12T00:00:00+00:00', '--job-id', '2570', '--raw', '--subdir', 'DAGS_FOLDER/etl_pipeline_agrupar_continente.py', '--cfg-path', '/tmp/tmp4ab4wjw3']
[2024-10-02T19:27:36.022+0000] {standard_task_runner.py:91} INFO - Job 2570: Subtask carregar
[2024-10-02T19:27:36.078+0000] {task_command.py:426} INFO - Running <TaskInstance: etl_covid_europa_pipeline.carregar scheduled__2024-04-12T00:00:00+00:00 [running]> on host 99de7dfc3871
[2024-10-02T19:27:36.208+0000] {taskinstance.py:2648} INFO - Exporting env vars: AIRFLOW_CTX_DAG_OWNER='***' AIRFLOW_CTX_DAG_ID='etl_covid_europa_pipeline' AIRFLOW_CTX_TASK_ID='carregar' AIRFLOW_CTX_EXECUTION_DATE='2024-04-12T00:00:00+00:00' AIRFLOW_CTX_TRY_NUMBER='1' AIRFLOW_CTX_DAG_RUN_ID='scheduled__2024-04-12T00:00:00+00:00'
[2024-10-02T19:27:36.210+0000] {taskinstance.py:430} INFO - ::endgroup::
[2024-10-02T19:27:36.298+0000] {python.py:237} INFO - Done. Returned value was: None
[2024-10-02T19:27:36.299+0000] {taskinstance.py:441} INFO - ::group::Post task execution logs
[2024-10-02T19:27:36.309+0000] {taskinstance.py:1206} INFO - Marking task as SUCCESS. dag_id=etl_covid_europa_pipeline, task_id=carregar, run_id=scheduled__2024-04-12T00:00:00+00:00, execution_date=20240412T000000, start_date=20241002T192735, end_date=20241002T192736
[2024-10-02T19:27:36.394+0000] {local_task_job_runner.py:240} INFO - Task exited with return code 0
[2024-10-02T19:27:36.414+0000] {taskinstance.py:3503} INFO - 0 downstream tasks scheduled from follow-on schedule check
[2024-10-02T19:27:36.418+0000] {local_task_job_runner.py:222} INFO - ::endgroup::
