[2024-10-02T17:30:07.945+0000] {local_task_job_runner.py:120} INFO - ::group::Pre task execution logs
[2024-10-02T17:30:07.969+0000] {taskinstance.py:2076} INFO - Dependencies all met for dep_context=non-requeueable deps ti=<TaskInstance: etl_covid_europa_pipeline.extrair scheduled__2024-06-16T00:00:00+00:00 [queued]>
[2024-10-02T17:30:07.975+0000] {taskinstance.py:2076} INFO - Dependencies all met for dep_context=requeueable deps ti=<TaskInstance: etl_covid_europa_pipeline.extrair scheduled__2024-06-16T00:00:00+00:00 [queued]>
[2024-10-02T17:30:07.975+0000] {taskinstance.py:2306} INFO - Starting attempt 1 of 1
[2024-10-02T17:30:08.116+0000] {taskinstance.py:2330} INFO - Executing <Task(PythonOperator): extrair> on 2024-06-16 00:00:00+00:00
[2024-10-02T17:30:08.120+0000] {warnings.py:112} WARNING - /home/***/.local/lib/python3.12/site-packages/***/task/task_runner/standard_task_runner.py:61: DeprecationWarning: This process (pid=2596) is multi-threaded, use of fork() may lead to deadlocks in the child.
  pid = os.fork()

[2024-10-02T17:30:08.121+0000] {standard_task_runner.py:63} INFO - Started process 2598 to run task
[2024-10-02T17:30:08.122+0000] {standard_task_runner.py:90} INFO - Running: ['***', 'tasks', 'run', 'etl_covid_europa_pipeline', 'extrair', 'scheduled__2024-06-16T00:00:00+00:00', '--job-id', '460', '--raw', '--subdir', 'DAGS_FOLDER/etl_pipeline.py', '--cfg-path', '/tmp/tmpo78jy2nb']
[2024-10-02T17:30:08.123+0000] {standard_task_runner.py:91} INFO - Job 460: Subtask extrair
[2024-10-02T17:30:08.158+0000] {task_command.py:426} INFO - Running <TaskInstance: etl_covid_europa_pipeline.extrair scheduled__2024-06-16T00:00:00+00:00 [running]> on host 99de7dfc3871
[2024-10-02T17:30:08.226+0000] {taskinstance.py:2648} INFO - Exporting env vars: AIRFLOW_CTX_DAG_OWNER='***' AIRFLOW_CTX_DAG_ID='etl_covid_europa_pipeline' AIRFLOW_CTX_TASK_ID='extrair' AIRFLOW_CTX_EXECUTION_DATE='2024-06-16T00:00:00+00:00' AIRFLOW_CTX_TRY_NUMBER='1' AIRFLOW_CTX_DAG_RUN_ID='scheduled__2024-06-16T00:00:00+00:00'
[2024-10-02T17:30:08.228+0000] {taskinstance.py:430} INFO - ::endgroup::
[2024-10-02T17:30:14.978+0000] {python.py:237} INFO - Done. Returned value was: None
[2024-10-02T17:30:14.979+0000] {taskinstance.py:441} INFO - ::group::Post task execution logs
[2024-10-02T17:30:14.988+0000] {taskinstance.py:1206} INFO - Marking task as SUCCESS. dag_id=etl_covid_europa_pipeline, task_id=extrair, run_id=scheduled__2024-06-16T00:00:00+00:00, execution_date=20240616T000000, start_date=20241002T173007, end_date=20241002T173014
[2024-10-02T17:30:15.028+0000] {local_task_job_runner.py:240} INFO - Task exited with return code 0
[2024-10-02T17:30:15.056+0000] {taskinstance.py:3503} INFO - 1 downstream tasks scheduled from follow-on schedule check
[2024-10-02T17:30:15.059+0000] {local_task_job_runner.py:222} INFO - ::endgroup::
[2024-10-02T19:02:40.663+0000] {local_task_job_runner.py:120} INFO - ::group::Pre task execution logs
[2024-10-02T19:02:40.880+0000] {taskinstance.py:2076} INFO - Dependencies all met for dep_context=non-requeueable deps ti=<TaskInstance: etl_covid_europa_pipeline.extrair scheduled__2024-06-16T00:00:00+00:00 [queued]>
[2024-10-02T19:02:40.890+0000] {taskinstance.py:2076} INFO - Dependencies all met for dep_context=requeueable deps ti=<TaskInstance: etl_covid_europa_pipeline.extrair scheduled__2024-06-16T00:00:00+00:00 [queued]>
[2024-10-02T19:02:40.891+0000] {taskinstance.py:2306} INFO - Starting attempt 1 of 1
[2024-10-02T19:02:40.908+0000] {taskinstance.py:2330} INFO - Executing <Task(PythonOperator): extrair> on 2024-06-16 00:00:00+00:00
[2024-10-02T19:02:40.916+0000] {warnings.py:112} WARNING - /home/***/.local/lib/python3.12/site-packages/***/task/task_runner/standard_task_runner.py:61: DeprecationWarning: This process (pid=7489) is multi-threaded, use of fork() may lead to deadlocks in the child.
  pid = os.fork()

[2024-10-02T19:02:40.917+0000] {standard_task_runner.py:63} INFO - Started process 7503 to run task
[2024-10-02T19:02:40.917+0000] {standard_task_runner.py:90} INFO - Running: ['***', 'tasks', 'run', 'etl_covid_europa_pipeline', 'extrair', 'scheduled__2024-06-16T00:00:00+00:00', '--job-id', '1691', '--raw', '--subdir', 'DAGS_FOLDER/etl_pipeline.py', '--cfg-path', '/tmp/tmp0y4e078r']
[2024-10-02T19:02:40.920+0000] {standard_task_runner.py:91} INFO - Job 1691: Subtask extrair
[2024-10-02T19:02:40.969+0000] {task_command.py:426} INFO - Running <TaskInstance: etl_covid_europa_pipeline.extrair scheduled__2024-06-16T00:00:00+00:00 [running]> on host 99de7dfc3871
[2024-10-02T19:02:41.067+0000] {taskinstance.py:2648} INFO - Exporting env vars: AIRFLOW_CTX_DAG_OWNER='***' AIRFLOW_CTX_DAG_ID='etl_covid_europa_pipeline' AIRFLOW_CTX_TASK_ID='extrair' AIRFLOW_CTX_EXECUTION_DATE='2024-06-16T00:00:00+00:00' AIRFLOW_CTX_TRY_NUMBER='1' AIRFLOW_CTX_DAG_RUN_ID='scheduled__2024-06-16T00:00:00+00:00'
[2024-10-02T19:02:41.068+0000] {taskinstance.py:430} INFO - ::endgroup::
[2024-10-02T19:02:46.594+0000] {python.py:237} INFO - Done. Returned value was: None
[2024-10-02T19:02:46.594+0000] {taskinstance.py:441} INFO - ::group::Post task execution logs
[2024-10-02T19:02:46.602+0000] {taskinstance.py:1206} INFO - Marking task as SUCCESS. dag_id=etl_covid_europa_pipeline, task_id=extrair, run_id=scheduled__2024-06-16T00:00:00+00:00, execution_date=20240616T000000, start_date=20241002T190240, end_date=20241002T190246
[2024-10-02T19:02:46.659+0000] {local_task_job_runner.py:240} INFO - Task exited with return code 0
[2024-10-02T19:02:46.680+0000] {taskinstance.py:3503} INFO - 1 downstream tasks scheduled from follow-on schedule check
[2024-10-02T19:02:46.682+0000] {local_task_job_runner.py:222} INFO - ::endgroup::
