[2024-10-02T17:28:08.587+0000] {local_task_job_runner.py:120} INFO - ::group::Pre task execution logs
[2024-10-02T17:28:08.612+0000] {taskinstance.py:2076} INFO - Dependencies all met for dep_context=non-requeueable deps ti=<TaskInstance: etl_covid_europa_pipeline.extrair scheduled__2024-03-19T00:00:00+00:00 [queued]>
[2024-10-02T17:28:08.619+0000] {taskinstance.py:2076} INFO - Dependencies all met for dep_context=requeueable deps ti=<TaskInstance: etl_covid_europa_pipeline.extrair scheduled__2024-03-19T00:00:00+00:00 [queued]>
[2024-10-02T17:28:08.619+0000] {taskinstance.py:2306} INFO - Starting attempt 1 of 1
[2024-10-02T17:28:08.885+0000] {taskinstance.py:2330} INFO - Executing <Task(PythonOperator): extrair> on 2024-03-19 00:00:00+00:00
[2024-10-02T17:28:08.891+0000] {warnings.py:112} WARNING - /home/***/.local/lib/python3.12/site-packages/***/task/task_runner/standard_task_runner.py:61: DeprecationWarning: This process (pid=2025) is multi-threaded, use of fork() may lead to deadlocks in the child.
  pid = os.fork()

[2024-10-02T17:28:08.893+0000] {standard_task_runner.py:63} INFO - Started process 2041 to run task
[2024-10-02T17:28:08.893+0000] {standard_task_runner.py:90} INFO - Running: ['***', 'tasks', 'run', 'etl_covid_europa_pipeline', 'extrair', 'scheduled__2024-03-19T00:00:00+00:00', '--job-id', '281', '--raw', '--subdir', 'DAGS_FOLDER/etl_pipeline.py', '--cfg-path', '/tmp/tmpao_0jciv']
[2024-10-02T17:28:08.895+0000] {standard_task_runner.py:91} INFO - Job 281: Subtask extrair
[2024-10-02T17:28:08.944+0000] {task_command.py:426} INFO - Running <TaskInstance: etl_covid_europa_pipeline.extrair scheduled__2024-03-19T00:00:00+00:00 [running]> on host 99de7dfc3871
[2024-10-02T17:28:09.028+0000] {taskinstance.py:2648} INFO - Exporting env vars: AIRFLOW_CTX_DAG_OWNER='***' AIRFLOW_CTX_DAG_ID='etl_covid_europa_pipeline' AIRFLOW_CTX_TASK_ID='extrair' AIRFLOW_CTX_EXECUTION_DATE='2024-03-19T00:00:00+00:00' AIRFLOW_CTX_TRY_NUMBER='1' AIRFLOW_CTX_DAG_RUN_ID='scheduled__2024-03-19T00:00:00+00:00'
[2024-10-02T17:28:09.030+0000] {taskinstance.py:430} INFO - ::endgroup::
[2024-10-02T17:28:15.172+0000] {python.py:237} INFO - Done. Returned value was: None
[2024-10-02T17:28:15.172+0000] {taskinstance.py:441} INFO - ::group::Post task execution logs
[2024-10-02T17:28:15.180+0000] {taskinstance.py:1206} INFO - Marking task as SUCCESS. dag_id=etl_covid_europa_pipeline, task_id=extrair, run_id=scheduled__2024-03-19T00:00:00+00:00, execution_date=20240319T000000, start_date=20241002T172808, end_date=20241002T172815
[2024-10-02T17:28:15.230+0000] {local_task_job_runner.py:240} INFO - Task exited with return code 0
[2024-10-02T17:28:15.238+0000] {local_task_job_runner.py:222} INFO - ::endgroup::
[2024-10-02T19:00:43.877+0000] {local_task_job_runner.py:120} INFO - ::group::Pre task execution logs
[2024-10-02T19:00:43.900+0000] {taskinstance.py:2076} INFO - Dependencies all met for dep_context=non-requeueable deps ti=<TaskInstance: etl_covid_europa_pipeline.extrair scheduled__2024-03-19T00:00:00+00:00 [queued]>
[2024-10-02T19:00:44.095+0000] {taskinstance.py:2076} INFO - Dependencies all met for dep_context=requeueable deps ti=<TaskInstance: etl_covid_europa_pipeline.extrair scheduled__2024-03-19T00:00:00+00:00 [queued]>
[2024-10-02T19:00:44.096+0000] {taskinstance.py:2306} INFO - Starting attempt 1 of 1
[2024-10-02T19:00:44.154+0000] {taskinstance.py:2330} INFO - Executing <Task(PythonOperator): extrair> on 2024-03-19 00:00:00+00:00
[2024-10-02T19:00:44.161+0000] {warnings.py:112} WARNING - /home/***/.local/lib/python3.12/site-packages/***/task/task_runner/standard_task_runner.py:61: DeprecationWarning: This process (pid=6708) is multi-threaded, use of fork() may lead to deadlocks in the child.
  pid = os.fork()

[2024-10-02T19:00:44.162+0000] {standard_task_runner.py:63} INFO - Started process 6725 to run task
[2024-10-02T19:00:44.163+0000] {standard_task_runner.py:90} INFO - Running: ['***', 'tasks', 'run', 'etl_covid_europa_pipeline', 'extrair', 'scheduled__2024-03-19T00:00:00+00:00', '--job-id', '1442', '--raw', '--subdir', 'DAGS_FOLDER/etl_pipeline.py', '--cfg-path', '/tmp/tmph0fxx2pl']
[2024-10-02T19:00:44.165+0000] {standard_task_runner.py:91} INFO - Job 1442: Subtask extrair
[2024-10-02T19:00:44.225+0000] {task_command.py:426} INFO - Running <TaskInstance: etl_covid_europa_pipeline.extrair scheduled__2024-03-19T00:00:00+00:00 [running]> on host 99de7dfc3871
[2024-10-02T19:00:44.325+0000] {taskinstance.py:2648} INFO - Exporting env vars: AIRFLOW_CTX_DAG_OWNER='***' AIRFLOW_CTX_DAG_ID='etl_covid_europa_pipeline' AIRFLOW_CTX_TASK_ID='extrair' AIRFLOW_CTX_EXECUTION_DATE='2024-03-19T00:00:00+00:00' AIRFLOW_CTX_TRY_NUMBER='1' AIRFLOW_CTX_DAG_RUN_ID='scheduled__2024-03-19T00:00:00+00:00'
[2024-10-02T19:00:44.328+0000] {taskinstance.py:430} INFO - ::endgroup::
[2024-10-02T19:00:50.356+0000] {python.py:237} INFO - Done. Returned value was: None
[2024-10-02T19:00:50.357+0000] {taskinstance.py:441} INFO - ::group::Post task execution logs
[2024-10-02T19:00:50.366+0000] {taskinstance.py:1206} INFO - Marking task as SUCCESS. dag_id=etl_covid_europa_pipeline, task_id=extrair, run_id=scheduled__2024-03-19T00:00:00+00:00, execution_date=20240319T000000, start_date=20241002T190043, end_date=20241002T190050
[2024-10-02T19:00:50.425+0000] {local_task_job_runner.py:240} INFO - Task exited with return code 0
[2024-10-02T19:00:50.463+0000] {taskinstance.py:3503} INFO - 1 downstream tasks scheduled from follow-on schedule check
[2024-10-02T19:00:50.466+0000] {local_task_job_runner.py:222} INFO - ::endgroup::
[2024-10-02T19:26:45.136+0000] {local_task_job_runner.py:120} INFO - ::group::Pre task execution logs
[2024-10-02T19:26:45.324+0000] {taskinstance.py:2076} INFO - Dependencies all met for dep_context=non-requeueable deps ti=<TaskInstance: etl_covid_europa_pipeline.extrair scheduled__2024-03-19T00:00:00+00:00 [queued]>
[2024-10-02T19:26:45.331+0000] {taskinstance.py:2076} INFO - Dependencies all met for dep_context=requeueable deps ti=<TaskInstance: etl_covid_europa_pipeline.extrair scheduled__2024-03-19T00:00:00+00:00 [queued]>
[2024-10-02T19:26:45.332+0000] {taskinstance.py:2306} INFO - Starting attempt 1 of 1
[2024-10-02T19:26:45.342+0000] {taskinstance.py:2330} INFO - Executing <Task(PythonOperator): extrair> on 2024-03-19 00:00:00+00:00
[2024-10-02T19:26:45.348+0000] {warnings.py:112} WARNING - /home/***/.local/lib/python3.12/site-packages/***/task/task_runner/standard_task_runner.py:61: DeprecationWarning: This process (pid=10087) is multi-threaded, use of fork() may lead to deadlocks in the child.
  pid = os.fork()

[2024-10-02T19:26:45.350+0000] {standard_task_runner.py:63} INFO - Started process 10096 to run task
[2024-10-02T19:26:45.349+0000] {standard_task_runner.py:90} INFO - Running: ['***', 'tasks', 'run', 'etl_covid_europa_pipeline', 'extrair', 'scheduled__2024-03-19T00:00:00+00:00', '--job-id', '2456', '--raw', '--subdir', 'DAGS_FOLDER/etl_pipeline_agrupar_continente.py', '--cfg-path', '/tmp/tmptfb2n8az']
[2024-10-02T19:26:45.351+0000] {standard_task_runner.py:91} INFO - Job 2456: Subtask extrair
[2024-10-02T19:26:45.390+0000] {task_command.py:426} INFO - Running <TaskInstance: etl_covid_europa_pipeline.extrair scheduled__2024-03-19T00:00:00+00:00 [running]> on host 99de7dfc3871
[2024-10-02T19:26:45.467+0000] {taskinstance.py:2648} INFO - Exporting env vars: AIRFLOW_CTX_DAG_OWNER='***' AIRFLOW_CTX_DAG_ID='etl_covid_europa_pipeline' AIRFLOW_CTX_TASK_ID='extrair' AIRFLOW_CTX_EXECUTION_DATE='2024-03-19T00:00:00+00:00' AIRFLOW_CTX_TRY_NUMBER='1' AIRFLOW_CTX_DAG_RUN_ID='scheduled__2024-03-19T00:00:00+00:00'
[2024-10-02T19:26:45.468+0000] {taskinstance.py:430} INFO - ::endgroup::
[2024-10-02T19:26:52.174+0000] {python.py:237} INFO - Done. Returned value was: None
[2024-10-02T19:26:52.175+0000] {taskinstance.py:441} INFO - ::group::Post task execution logs
[2024-10-02T19:26:52.191+0000] {taskinstance.py:1206} INFO - Marking task as SUCCESS. dag_id=etl_covid_europa_pipeline, task_id=extrair, run_id=scheduled__2024-03-19T00:00:00+00:00, execution_date=20240319T000000, start_date=20241002T192645, end_date=20241002T192652
[2024-10-02T19:26:52.228+0000] {local_task_job_runner.py:240} INFO - Task exited with return code 0
[2024-10-02T19:26:52.265+0000] {taskinstance.py:3503} INFO - 1 downstream tasks scheduled from follow-on schedule check
[2024-10-02T19:26:52.271+0000] {local_task_job_runner.py:222} INFO - ::endgroup::
