[2024-10-02T17:25:49.183+0000] {local_task_job_runner.py:120} INFO - ::group::Pre task execution logs
[2024-10-02T17:25:49.205+0000] {taskinstance.py:2076} INFO - Dependencies all met for dep_context=non-requeueable deps ti=<TaskInstance: etl_covid_europa_pipeline.transformar scheduled__2023-11-03T00:00:00+00:00 [queued]>
[2024-10-02T17:25:49.212+0000] {taskinstance.py:2076} INFO - Dependencies all met for dep_context=requeueable deps ti=<TaskInstance: etl_covid_europa_pipeline.transformar scheduled__2023-11-03T00:00:00+00:00 [queued]>
[2024-10-02T17:25:49.213+0000] {taskinstance.py:2306} INFO - Starting attempt 1 of 1
[2024-10-02T17:25:49.387+0000] {taskinstance.py:2330} INFO - Executing <Task(PythonOperator): transformar> on 2023-11-03 00:00:00+00:00
[2024-10-02T17:25:49.391+0000] {warnings.py:112} WARNING - /home/***/.local/lib/python3.12/site-packages/***/task/task_runner/standard_task_runner.py:61: DeprecationWarning: This process (pid=1421) is multi-threaded, use of fork() may lead to deadlocks in the child.
  pid = os.fork()

[2024-10-02T17:25:49.393+0000] {standard_task_runner.py:63} INFO - Started process 1423 to run task
[2024-10-02T17:25:49.393+0000] {standard_task_runner.py:90} INFO - Running: ['***', 'tasks', 'run', 'etl_covid_europa_pipeline', 'transformar', 'scheduled__2023-11-03T00:00:00+00:00', '--job-id', '87', '--raw', '--subdir', 'DAGS_FOLDER/etl_pipeline.py', '--cfg-path', '/tmp/tmpvqh82ty3']
[2024-10-02T17:25:49.395+0000] {standard_task_runner.py:91} INFO - Job 87: Subtask transformar
[2024-10-02T17:25:49.435+0000] {task_command.py:426} INFO - Running <TaskInstance: etl_covid_europa_pipeline.transformar scheduled__2023-11-03T00:00:00+00:00 [running]> on host 99de7dfc3871
[2024-10-02T17:25:49.514+0000] {taskinstance.py:2648} INFO - Exporting env vars: AIRFLOW_CTX_DAG_OWNER='***' AIRFLOW_CTX_DAG_ID='etl_covid_europa_pipeline' AIRFLOW_CTX_TASK_ID='transformar' AIRFLOW_CTX_EXECUTION_DATE='2023-11-03T00:00:00+00:00' AIRFLOW_CTX_TRY_NUMBER='1' AIRFLOW_CTX_DAG_RUN_ID='scheduled__2023-11-03T00:00:00+00:00'
[2024-10-02T17:25:49.515+0000] {taskinstance.py:430} INFO - ::endgroup::
[2024-10-02T17:25:49.654+0000] {taskinstance.py:441} INFO - ::group::Post task execution logs
[2024-10-02T17:25:49.655+0000] {taskinstance.py:2905} ERROR - Task failed with exception
Traceback (most recent call last):
  File "/home/airflow/.local/lib/python3.12/site-packages/airflow/models/taskinstance.py", line 465, in _execute_task
    result = _execute_callable(context=context, **execute_callable_kwargs)
             ^^^^^^^^^^^^^^^^^^^^^^^^^^^^^^^^^^^^^^^^^^^^^^^^^^^^^^^^^^^^^
  File "/home/airflow/.local/lib/python3.12/site-packages/airflow/models/taskinstance.py", line 432, in _execute_callable
    return execute_callable(context=context, **execute_callable_kwargs)
           ^^^^^^^^^^^^^^^^^^^^^^^^^^^^^^^^^^^^^^^^^^^^^^^^^^^^^^^^^^^^
  File "/home/airflow/.local/lib/python3.12/site-packages/airflow/models/baseoperator.py", line 401, in wrapper
    return func(self, *args, **kwargs)
           ^^^^^^^^^^^^^^^^^^^^^^^^^^^
  File "/home/airflow/.local/lib/python3.12/site-packages/airflow/operators/python.py", line 235, in execute
    return_value = self.execute_callable()
                   ^^^^^^^^^^^^^^^^^^^^^^^
  File "/home/airflow/.local/lib/python3.12/site-packages/airflow/operators/python.py", line 252, in execute_callable
    return self.python_callable(*self.op_args, **self.op_kwargs)
           ^^^^^^^^^^^^^^^^^^^^^^^^^^^^^^^^^^^^^^^^^^^^^^^^^^^^^
  File "/opt/airflow/dags/etl_pipeline.py", line 17, in transformar
    df_agrupada = df.groupby('ContinentExp')[['cases', 'deaths']].sum().reset_index()
                  ^^^^^^^^^^^^^^^^^^^^^^^^^^
  File "/home/airflow/.local/lib/python3.12/site-packages/pandas/core/frame.py", line 8869, in groupby
    return DataFrameGroupBy(
           ^^^^^^^^^^^^^^^^^
  File "/home/airflow/.local/lib/python3.12/site-packages/pandas/core/groupby/groupby.py", line 1278, in __init__
    grouper, exclusions, obj = get_grouper(
                               ^^^^^^^^^^^^
  File "/home/airflow/.local/lib/python3.12/site-packages/pandas/core/groupby/grouper.py", line 1009, in get_grouper
    raise KeyError(gpr)
KeyError: 'ContinentExp'
[2024-10-02T17:25:49.669+0000] {taskinstance.py:1206} INFO - Marking task as FAILED. dag_id=etl_covid_europa_pipeline, task_id=transformar, run_id=scheduled__2023-11-03T00:00:00+00:00, execution_date=20231103T000000, start_date=20241002T172549, end_date=20241002T172549
[2024-10-02T17:25:49.681+0000] {standard_task_runner.py:110} ERROR - Failed to execute job 87 for task transformar ('ContinentExp'; 1423)
[2024-10-02T17:25:49.727+0000] {local_task_job_runner.py:240} INFO - Task exited with return code 1
[2024-10-02T17:25:49.749+0000] {taskinstance.py:3503} INFO - 0 downstream tasks scheduled from follow-on schedule check
[2024-10-02T17:25:49.753+0000] {local_task_job_runner.py:222} INFO - ::endgroup::
[2024-10-02T18:57:55.624+0000] {local_task_job_runner.py:120} INFO - ::group::Pre task execution logs
[2024-10-02T18:57:55.657+0000] {taskinstance.py:2076} INFO - Dependencies all met for dep_context=non-requeueable deps ti=<TaskInstance: etl_covid_europa_pipeline.transformar scheduled__2023-11-03T00:00:00+00:00 [queued]>
[2024-10-02T18:57:55.848+0000] {taskinstance.py:2076} INFO - Dependencies all met for dep_context=requeueable deps ti=<TaskInstance: etl_covid_europa_pipeline.transformar scheduled__2023-11-03T00:00:00+00:00 [queued]>
[2024-10-02T18:57:55.849+0000] {taskinstance.py:2306} INFO - Starting attempt 1 of 1
[2024-10-02T18:57:55.861+0000] {taskinstance.py:2330} INFO - Executing <Task(PythonOperator): transformar> on 2023-11-03 00:00:00+00:00
[2024-10-02T18:57:55.868+0000] {warnings.py:112} WARNING - /home/***/.local/lib/python3.12/site-packages/***/task/task_runner/standard_task_runner.py:61: DeprecationWarning: This process (pid=5658) is multi-threaded, use of fork() may lead to deadlocks in the child.
  pid = os.fork()

[2024-10-02T18:57:55.869+0000] {standard_task_runner.py:63} INFO - Started process 5677 to run task
[2024-10-02T18:57:55.869+0000] {standard_task_runner.py:90} INFO - Running: ['***', 'tasks', 'run', 'etl_covid_europa_pipeline', 'transformar', 'scheduled__2023-11-03T00:00:00+00:00', '--job-id', '1107', '--raw', '--subdir', 'DAGS_FOLDER/etl_pipeline.py', '--cfg-path', '/tmp/tmp2g02qra9']
[2024-10-02T18:57:55.870+0000] {standard_task_runner.py:91} INFO - Job 1107: Subtask transformar
[2024-10-02T18:57:55.907+0000] {task_command.py:426} INFO - Running <TaskInstance: etl_covid_europa_pipeline.transformar scheduled__2023-11-03T00:00:00+00:00 [running]> on host 99de7dfc3871
[2024-10-02T18:57:55.990+0000] {taskinstance.py:2648} INFO - Exporting env vars: AIRFLOW_CTX_DAG_OWNER='***' AIRFLOW_CTX_DAG_ID='etl_covid_europa_pipeline' AIRFLOW_CTX_TASK_ID='transformar' AIRFLOW_CTX_EXECUTION_DATE='2023-11-03T00:00:00+00:00' AIRFLOW_CTX_TRY_NUMBER='1' AIRFLOW_CTX_DAG_RUN_ID='scheduled__2023-11-03T00:00:00+00:00'
[2024-10-02T18:57:55.991+0000] {taskinstance.py:430} INFO - ::endgroup::
[2024-10-02T18:57:56.120+0000] {python.py:237} INFO - Done. Returned value was: None
[2024-10-02T18:57:56.121+0000] {taskinstance.py:441} INFO - ::group::Post task execution logs
[2024-10-02T18:57:56.129+0000] {taskinstance.py:1206} INFO - Marking task as SUCCESS. dag_id=etl_covid_europa_pipeline, task_id=transformar, run_id=scheduled__2023-11-03T00:00:00+00:00, execution_date=20231103T000000, start_date=20241002T185755, end_date=20241002T185756
[2024-10-02T18:57:56.163+0000] {local_task_job_runner.py:240} INFO - Task exited with return code 0
[2024-10-02T18:57:56.181+0000] {taskinstance.py:3503} INFO - 1 downstream tasks scheduled from follow-on schedule check
[2024-10-02T18:57:56.183+0000] {local_task_job_runner.py:222} INFO - ::endgroup::
[2024-10-02T19:24:05.500+0000] {local_task_job_runner.py:120} INFO - ::group::Pre task execution logs
[2024-10-02T19:24:05.656+0000] {taskinstance.py:2076} INFO - Dependencies all met for dep_context=non-requeueable deps ti=<TaskInstance: etl_covid_europa_pipeline.transformar scheduled__2023-11-03T00:00:00+00:00 [queued]>
[2024-10-02T19:24:05.665+0000] {taskinstance.py:2076} INFO - Dependencies all met for dep_context=requeueable deps ti=<TaskInstance: etl_covid_europa_pipeline.transformar scheduled__2023-11-03T00:00:00+00:00 [queued]>
[2024-10-02T19:24:05.666+0000] {taskinstance.py:2306} INFO - Starting attempt 1 of 1
[2024-10-02T19:24:05.679+0000] {taskinstance.py:2330} INFO - Executing <Task(PythonOperator): transformar> on 2023-11-03 00:00:00+00:00
[2024-10-02T19:24:05.684+0000] {warnings.py:112} WARNING - /home/***/.local/lib/python3.12/site-packages/***/task/task_runner/standard_task_runner.py:61: DeprecationWarning: This process (pid=8959) is multi-threaded, use of fork() may lead to deadlocks in the child.
  pid = os.fork()

[2024-10-02T19:24:05.685+0000] {standard_task_runner.py:63} INFO - Started process 8961 to run task
[2024-10-02T19:24:05.685+0000] {standard_task_runner.py:90} INFO - Running: ['***', 'tasks', 'run', 'etl_covid_europa_pipeline', 'transformar', 'scheduled__2023-11-03T00:00:00+00:00', '--job-id', '2090', '--raw', '--subdir', 'DAGS_FOLDER/etl_pipeline.py', '--cfg-path', '/tmp/tmpudvrmqgq']
[2024-10-02T19:24:05.687+0000] {standard_task_runner.py:91} INFO - Job 2090: Subtask transformar
[2024-10-02T19:24:05.736+0000] {task_command.py:426} INFO - Running <TaskInstance: etl_covid_europa_pipeline.transformar scheduled__2023-11-03T00:00:00+00:00 [running]> on host 99de7dfc3871
[2024-10-02T19:24:05.813+0000] {taskinstance.py:2648} INFO - Exporting env vars: AIRFLOW_CTX_DAG_OWNER='***' AIRFLOW_CTX_DAG_ID='etl_covid_europa_pipeline' AIRFLOW_CTX_TASK_ID='transformar' AIRFLOW_CTX_EXECUTION_DATE='2023-11-03T00:00:00+00:00' AIRFLOW_CTX_TRY_NUMBER='1' AIRFLOW_CTX_DAG_RUN_ID='scheduled__2023-11-03T00:00:00+00:00'
[2024-10-02T19:24:05.814+0000] {taskinstance.py:430} INFO - ::endgroup::
[2024-10-02T19:24:05.953+0000] {python.py:237} INFO - Done. Returned value was: None
[2024-10-02T19:24:05.953+0000] {taskinstance.py:441} INFO - ::group::Post task execution logs
[2024-10-02T19:24:05.961+0000] {taskinstance.py:1206} INFO - Marking task as SUCCESS. dag_id=etl_covid_europa_pipeline, task_id=transformar, run_id=scheduled__2023-11-03T00:00:00+00:00, execution_date=20231103T000000, start_date=20241002T192405, end_date=20241002T192405
[2024-10-02T19:24:06.019+0000] {local_task_job_runner.py:240} INFO - Task exited with return code 0
[2024-10-02T19:24:06.037+0000] {taskinstance.py:3503} INFO - 1 downstream tasks scheduled from follow-on schedule check
[2024-10-02T19:24:06.039+0000] {local_task_job_runner.py:222} INFO - ::endgroup::
