[2024-10-02T17:29:25.245+0000] {local_task_job_runner.py:120} INFO - ::group::Pre task execution logs
[2024-10-02T17:29:25.267+0000] {taskinstance.py:2076} INFO - Dependencies all met for dep_context=non-requeueable deps ti=<TaskInstance: etl_covid_europa_pipeline.extrair scheduled__2024-05-19T00:00:00+00:00 [queued]>
[2024-10-02T17:29:25.274+0000] {taskinstance.py:2076} INFO - Dependencies all met for dep_context=requeueable deps ti=<TaskInstance: etl_covid_europa_pipeline.extrair scheduled__2024-05-19T00:00:00+00:00 [queued]>
[2024-10-02T17:29:25.275+0000] {taskinstance.py:2306} INFO - Starting attempt 1 of 1
[2024-10-02T17:29:25.507+0000] {taskinstance.py:2330} INFO - Executing <Task(PythonOperator): extrair> on 2024-05-19 00:00:00+00:00
[2024-10-02T17:29:25.514+0000] {warnings.py:112} WARNING - /home/***/.local/lib/python3.12/site-packages/***/task/task_runner/standard_task_runner.py:61: DeprecationWarning: This process (pid=2414) is multi-threaded, use of fork() may lead to deadlocks in the child.
  pid = os.fork()

[2024-10-02T17:29:25.515+0000] {standard_task_runner.py:63} INFO - Started process 2425 to run task
[2024-10-02T17:29:25.516+0000] {standard_task_runner.py:90} INFO - Running: ['***', 'tasks', 'run', 'etl_covid_europa_pipeline', 'extrair', 'scheduled__2024-05-19T00:00:00+00:00', '--job-id', '404', '--raw', '--subdir', 'DAGS_FOLDER/etl_pipeline.py', '--cfg-path', '/tmp/tmpma3g3v7c']
[2024-10-02T17:29:25.517+0000] {standard_task_runner.py:91} INFO - Job 404: Subtask extrair
[2024-10-02T17:29:25.566+0000] {task_command.py:426} INFO - Running <TaskInstance: etl_covid_europa_pipeline.extrair scheduled__2024-05-19T00:00:00+00:00 [running]> on host 99de7dfc3871
[2024-10-02T17:29:25.648+0000] {taskinstance.py:2648} INFO - Exporting env vars: AIRFLOW_CTX_DAG_OWNER='***' AIRFLOW_CTX_DAG_ID='etl_covid_europa_pipeline' AIRFLOW_CTX_TASK_ID='extrair' AIRFLOW_CTX_EXECUTION_DATE='2024-05-19T00:00:00+00:00' AIRFLOW_CTX_TRY_NUMBER='1' AIRFLOW_CTX_DAG_RUN_ID='scheduled__2024-05-19T00:00:00+00:00'
[2024-10-02T17:29:25.649+0000] {taskinstance.py:430} INFO - ::endgroup::
[2024-10-02T17:29:31.512+0000] {python.py:237} INFO - Done. Returned value was: None
[2024-10-02T17:29:31.513+0000] {taskinstance.py:441} INFO - ::group::Post task execution logs
[2024-10-02T17:29:31.520+0000] {taskinstance.py:1206} INFO - Marking task as SUCCESS. dag_id=etl_covid_europa_pipeline, task_id=extrair, run_id=scheduled__2024-05-19T00:00:00+00:00, execution_date=20240519T000000, start_date=20241002T172925, end_date=20241002T172931
[2024-10-02T17:29:31.574+0000] {local_task_job_runner.py:240} INFO - Task exited with return code 0
[2024-10-02T17:29:31.583+0000] {local_task_job_runner.py:222} INFO - ::endgroup::
[2024-10-02T19:02:07.129+0000] {local_task_job_runner.py:120} INFO - ::group::Pre task execution logs
[2024-10-02T19:02:07.156+0000] {taskinstance.py:2076} INFO - Dependencies all met for dep_context=non-requeueable deps ti=<TaskInstance: etl_covid_europa_pipeline.extrair scheduled__2024-05-19T00:00:00+00:00 [queued]>
[2024-10-02T19:02:07.347+0000] {taskinstance.py:2076} INFO - Dependencies all met for dep_context=requeueable deps ti=<TaskInstance: etl_covid_europa_pipeline.extrair scheduled__2024-05-19T00:00:00+00:00 [queued]>
[2024-10-02T19:02:07.348+0000] {taskinstance.py:2306} INFO - Starting attempt 1 of 1
[2024-10-02T19:02:07.387+0000] {taskinstance.py:2330} INFO - Executing <Task(PythonOperator): extrair> on 2024-05-19 00:00:00+00:00
[2024-10-02T19:02:07.394+0000] {warnings.py:112} WARNING - /home/***/.local/lib/python3.12/site-packages/***/task/task_runner/standard_task_runner.py:61: DeprecationWarning: This process (pid=7273) is multi-threaded, use of fork() may lead to deadlocks in the child.
  pid = os.fork()

[2024-10-02T19:02:07.395+0000] {standard_task_runner.py:63} INFO - Started process 7289 to run task
[2024-10-02T19:02:07.395+0000] {standard_task_runner.py:90} INFO - Running: ['***', 'tasks', 'run', 'etl_covid_europa_pipeline', 'extrair', 'scheduled__2024-05-19T00:00:00+00:00', '--job-id', '1623', '--raw', '--subdir', 'DAGS_FOLDER/etl_pipeline.py', '--cfg-path', '/tmp/tmpph1lf0v5']
[2024-10-02T19:02:07.397+0000] {standard_task_runner.py:91} INFO - Job 1623: Subtask extrair
[2024-10-02T19:02:07.442+0000] {task_command.py:426} INFO - Running <TaskInstance: etl_covid_europa_pipeline.extrair scheduled__2024-05-19T00:00:00+00:00 [running]> on host 99de7dfc3871
[2024-10-02T19:02:07.528+0000] {taskinstance.py:2648} INFO - Exporting env vars: AIRFLOW_CTX_DAG_OWNER='***' AIRFLOW_CTX_DAG_ID='etl_covid_europa_pipeline' AIRFLOW_CTX_TASK_ID='extrair' AIRFLOW_CTX_EXECUTION_DATE='2024-05-19T00:00:00+00:00' AIRFLOW_CTX_TRY_NUMBER='1' AIRFLOW_CTX_DAG_RUN_ID='scheduled__2024-05-19T00:00:00+00:00'
[2024-10-02T19:02:07.532+0000] {taskinstance.py:430} INFO - ::endgroup::
[2024-10-02T19:02:13.319+0000] {python.py:237} INFO - Done. Returned value was: None
[2024-10-02T19:02:13.321+0000] {taskinstance.py:441} INFO - ::group::Post task execution logs
[2024-10-02T19:02:13.332+0000] {taskinstance.py:1206} INFO - Marking task as SUCCESS. dag_id=etl_covid_europa_pipeline, task_id=extrair, run_id=scheduled__2024-05-19T00:00:00+00:00, execution_date=20240519T000000, start_date=20241002T190207, end_date=20241002T190213
[2024-10-02T19:02:13.386+0000] {local_task_job_runner.py:240} INFO - Task exited with return code 0
[2024-10-02T19:02:13.398+0000] {local_task_job_runner.py:222} INFO - ::endgroup::
