[2024-10-02T18:58:58.416+0000] {local_task_job_runner.py:120} INFO - ::group::Pre task execution logs
[2024-10-02T18:58:58.442+0000] {taskinstance.py:2076} INFO - Dependencies all met for dep_context=non-requeueable deps ti=<TaskInstance: etl_covid_europa_pipeline.carregar scheduled__2024-01-04T00:00:00+00:00 [queued]>
[2024-10-02T18:58:58.457+0000] {taskinstance.py:2076} INFO - Dependencies all met for dep_context=requeueable deps ti=<TaskInstance: etl_covid_europa_pipeline.carregar scheduled__2024-01-04T00:00:00+00:00 [queued]>
[2024-10-02T18:58:58.458+0000] {taskinstance.py:2306} INFO - Starting attempt 1 of 1
[2024-10-02T18:58:58.722+0000] {taskinstance.py:2330} INFO - Executing <Task(PythonOperator): carregar> on 2024-01-04 00:00:00+00:00
[2024-10-02T18:58:58.729+0000] {warnings.py:112} WARNING - /home/***/.local/lib/python3.12/site-packages/***/task/task_runner/standard_task_runner.py:61: DeprecationWarning: This process (pid=6100) is multi-threaded, use of fork() may lead to deadlocks in the child.
  pid = os.fork()

[2024-10-02T18:58:58.733+0000] {standard_task_runner.py:63} INFO - Started process 6114 to run task
[2024-10-02T18:58:58.735+0000] {standard_task_runner.py:90} INFO - Running: ['***', 'tasks', 'run', 'etl_covid_europa_pipeline', 'carregar', 'scheduled__2024-01-04T00:00:00+00:00', '--job-id', '1248', '--raw', '--subdir', 'DAGS_FOLDER/etl_pipeline.py', '--cfg-path', '/tmp/tmp0o9yihff']
[2024-10-02T18:58:58.738+0000] {standard_task_runner.py:91} INFO - Job 1248: Subtask carregar
[2024-10-02T18:58:58.799+0000] {task_command.py:426} INFO - Running <TaskInstance: etl_covid_europa_pipeline.carregar scheduled__2024-01-04T00:00:00+00:00 [running]> on host 99de7dfc3871
[2024-10-02T18:58:58.889+0000] {taskinstance.py:2648} INFO - Exporting env vars: AIRFLOW_CTX_DAG_OWNER='***' AIRFLOW_CTX_DAG_ID='etl_covid_europa_pipeline' AIRFLOW_CTX_TASK_ID='carregar' AIRFLOW_CTX_EXECUTION_DATE='2024-01-04T00:00:00+00:00' AIRFLOW_CTX_TRY_NUMBER='1' AIRFLOW_CTX_DAG_RUN_ID='scheduled__2024-01-04T00:00:00+00:00'
[2024-10-02T18:58:58.890+0000] {taskinstance.py:430} INFO - ::endgroup::
[2024-10-02T18:58:58.961+0000] {python.py:237} INFO - Done. Returned value was: None
[2024-10-02T18:58:58.963+0000] {taskinstance.py:441} INFO - ::group::Post task execution logs
[2024-10-02T18:58:58.971+0000] {taskinstance.py:1206} INFO - Marking task as SUCCESS. dag_id=etl_covid_europa_pipeline, task_id=carregar, run_id=scheduled__2024-01-04T00:00:00+00:00, execution_date=20240104T000000, start_date=20241002T185858, end_date=20241002T185858
[2024-10-02T18:58:58.996+0000] {local_task_job_runner.py:240} INFO - Task exited with return code 0
[2024-10-02T18:58:59.011+0000] {taskinstance.py:3503} INFO - 0 downstream tasks scheduled from follow-on schedule check
[2024-10-02T18:58:59.014+0000] {local_task_job_runner.py:222} INFO - ::endgroup::
[2024-10-02T19:25:31.139+0000] {local_task_job_runner.py:120} INFO - ::group::Pre task execution logs
[2024-10-02T19:25:31.574+0000] {taskinstance.py:2076} INFO - Dependencies all met for dep_context=non-requeueable deps ti=<TaskInstance: etl_covid_europa_pipeline.carregar scheduled__2024-01-04T00:00:00+00:00 [queued]>
[2024-10-02T19:25:31.615+0000] {taskinstance.py:2076} INFO - Dependencies all met for dep_context=requeueable deps ti=<TaskInstance: etl_covid_europa_pipeline.carregar scheduled__2024-01-04T00:00:00+00:00 [queued]>
[2024-10-02T19:25:31.621+0000] {taskinstance.py:2306} INFO - Starting attempt 1 of 1
[2024-10-02T19:25:31.658+0000] {taskinstance.py:2330} INFO - Executing <Task(PythonOperator): carregar> on 2024-01-04 00:00:00+00:00
[2024-10-02T19:25:31.665+0000] {warnings.py:112} WARNING - /home/***/.local/lib/python3.12/site-packages/***/task/task_runner/standard_task_runner.py:61: DeprecationWarning: This process (pid=9546) is multi-threaded, use of fork() may lead to deadlocks in the child.
  pid = os.fork()

[2024-10-02T19:25:31.669+0000] {standard_task_runner.py:63} INFO - Started process 9568 to run task
[2024-10-02T19:25:31.668+0000] {standard_task_runner.py:90} INFO - Running: ['***', 'tasks', 'run', 'etl_covid_europa_pipeline', 'carregar', 'scheduled__2024-01-04T00:00:00+00:00', '--job-id', '2282', '--raw', '--subdir', 'DAGS_FOLDER/etl_pipeline.py', '--cfg-path', '/tmp/tmpnc6k8upa']
[2024-10-02T19:25:31.677+0000] {standard_task_runner.py:91} INFO - Job 2282: Subtask carregar
[2024-10-02T19:25:31.738+0000] {task_command.py:426} INFO - Running <TaskInstance: etl_covid_europa_pipeline.carregar scheduled__2024-01-04T00:00:00+00:00 [running]> on host 99de7dfc3871
[2024-10-02T19:25:31.842+0000] {taskinstance.py:2648} INFO - Exporting env vars: AIRFLOW_CTX_DAG_OWNER='***' AIRFLOW_CTX_DAG_ID='etl_covid_europa_pipeline' AIRFLOW_CTX_TASK_ID='carregar' AIRFLOW_CTX_EXECUTION_DATE='2024-01-04T00:00:00+00:00' AIRFLOW_CTX_TRY_NUMBER='1' AIRFLOW_CTX_DAG_RUN_ID='scheduled__2024-01-04T00:00:00+00:00'
[2024-10-02T19:25:31.844+0000] {taskinstance.py:430} INFO - ::endgroup::
[2024-10-02T19:25:31.911+0000] {python.py:237} INFO - Done. Returned value was: None
[2024-10-02T19:25:31.912+0000] {taskinstance.py:441} INFO - ::group::Post task execution logs
[2024-10-02T19:25:31.922+0000] {taskinstance.py:1206} INFO - Marking task as SUCCESS. dag_id=etl_covid_europa_pipeline, task_id=carregar, run_id=scheduled__2024-01-04T00:00:00+00:00, execution_date=20240104T000000, start_date=20241002T192531, end_date=20241002T192531
[2024-10-02T19:25:31.967+0000] {local_task_job_runner.py:240} INFO - Task exited with return code 0
[2024-10-02T19:25:31.986+0000] {taskinstance.py:3503} INFO - 0 downstream tasks scheduled from follow-on schedule check
[2024-10-02T19:25:31.991+0000] {local_task_job_runner.py:222} INFO - ::endgroup::
