[2024-10-02T18:58:38.608+0000] {local_task_job_runner.py:120} INFO - ::group::Pre task execution logs
[2024-10-02T18:58:38.633+0000] {taskinstance.py:2076} INFO - Dependencies all met for dep_context=non-requeueable deps ti=<TaskInstance: etl_covid_europa_pipeline.carregar scheduled__2023-12-12T00:00:00+00:00 [queued]>
[2024-10-02T18:58:38.645+0000] {taskinstance.py:2076} INFO - Dependencies all met for dep_context=requeueable deps ti=<TaskInstance: etl_covid_europa_pipeline.carregar scheduled__2023-12-12T00:00:00+00:00 [queued]>
[2024-10-02T18:58:38.648+0000] {taskinstance.py:2306} INFO - Starting attempt 1 of 1
[2024-10-02T18:58:38.918+0000] {taskinstance.py:2330} INFO - Executing <Task(PythonOperator): carregar> on 2023-12-12 00:00:00+00:00
[2024-10-02T18:58:38.927+0000] {warnings.py:112} WARNING - /home/***/.local/lib/python3.12/site-packages/***/task/task_runner/standard_task_runner.py:61: DeprecationWarning: This process (pid=5953) is multi-threaded, use of fork() may lead to deadlocks in the child.
  pid = os.fork()

[2024-10-02T18:58:38.933+0000] {standard_task_runner.py:63} INFO - Started process 5975 to run task
[2024-10-02T18:58:38.930+0000] {standard_task_runner.py:90} INFO - Running: ['***', 'tasks', 'run', 'etl_covid_europa_pipeline', 'carregar', 'scheduled__2023-12-12T00:00:00+00:00', '--job-id', '1196', '--raw', '--subdir', 'DAGS_FOLDER/etl_pipeline.py', '--cfg-path', '/tmp/tmp_cmvixh5']
[2024-10-02T18:58:38.934+0000] {standard_task_runner.py:91} INFO - Job 1196: Subtask carregar
[2024-10-02T18:58:38.997+0000] {task_command.py:426} INFO - Running <TaskInstance: etl_covid_europa_pipeline.carregar scheduled__2023-12-12T00:00:00+00:00 [running]> on host 99de7dfc3871
[2024-10-02T18:58:39.125+0000] {taskinstance.py:2648} INFO - Exporting env vars: AIRFLOW_CTX_DAG_OWNER='***' AIRFLOW_CTX_DAG_ID='etl_covid_europa_pipeline' AIRFLOW_CTX_TASK_ID='carregar' AIRFLOW_CTX_EXECUTION_DATE='2023-12-12T00:00:00+00:00' AIRFLOW_CTX_TRY_NUMBER='1' AIRFLOW_CTX_DAG_RUN_ID='scheduled__2023-12-12T00:00:00+00:00'
[2024-10-02T18:58:39.127+0000] {taskinstance.py:430} INFO - ::endgroup::
[2024-10-02T18:58:39.199+0000] {python.py:237} INFO - Done. Returned value was: None
[2024-10-02T18:58:39.200+0000] {taskinstance.py:441} INFO - ::group::Post task execution logs
[2024-10-02T18:58:39.212+0000] {taskinstance.py:1206} INFO - Marking task as SUCCESS. dag_id=etl_covid_europa_pipeline, task_id=carregar, run_id=scheduled__2023-12-12T00:00:00+00:00, execution_date=20231212T000000, start_date=20241002T185838, end_date=20241002T185839
[2024-10-02T18:58:39.270+0000] {local_task_job_runner.py:240} INFO - Task exited with return code 0
[2024-10-02T18:58:39.293+0000] {taskinstance.py:3503} INFO - 0 downstream tasks scheduled from follow-on schedule check
[2024-10-02T18:58:39.309+0000] {local_task_job_runner.py:222} INFO - ::endgroup::
[2024-10-02T19:24:55.385+0000] {local_task_job_runner.py:120} INFO - ::group::Pre task execution logs
[2024-10-02T19:24:55.420+0000] {taskinstance.py:2076} INFO - Dependencies all met for dep_context=non-requeueable deps ti=<TaskInstance: etl_covid_europa_pipeline.carregar scheduled__2023-12-12T00:00:00+00:00 [queued]>
[2024-10-02T19:24:55.434+0000] {taskinstance.py:2076} INFO - Dependencies all met for dep_context=requeueable deps ti=<TaskInstance: etl_covid_europa_pipeline.carregar scheduled__2023-12-12T00:00:00+00:00 [queued]>
[2024-10-02T19:24:55.435+0000] {taskinstance.py:2306} INFO - Starting attempt 1 of 1
[2024-10-02T19:24:55.484+0000] {taskinstance.py:2330} INFO - Executing <Task(PythonOperator): carregar> on 2023-12-12 00:00:00+00:00
[2024-10-02T19:24:55.506+0000] {warnings.py:112} WARNING - /home/***/.local/lib/python3.12/site-packages/***/task/task_runner/standard_task_runner.py:61: DeprecationWarning: This process (pid=9305) is multi-threaded, use of fork() may lead to deadlocks in the child.
  pid = os.fork()

[2024-10-02T19:24:55.507+0000] {standard_task_runner.py:90} INFO - Running: ['***', 'tasks', 'run', 'etl_covid_europa_pipeline', 'carregar', 'scheduled__2023-12-12T00:00:00+00:00', '--job-id', '2201', '--raw', '--subdir', 'DAGS_FOLDER/etl_pipeline.py', '--cfg-path', '/tmp/tmpozijc3hw']
[2024-10-02T19:24:55.511+0000] {standard_task_runner.py:91} INFO - Job 2201: Subtask carregar
[2024-10-02T19:24:55.510+0000] {standard_task_runner.py:63} INFO - Started process 9327 to run task
[2024-10-02T19:24:56.084+0000] {task_command.py:426} INFO - Running <TaskInstance: etl_covid_europa_pipeline.carregar scheduled__2023-12-12T00:00:00+00:00 [running]> on host 99de7dfc3871
[2024-10-02T19:24:56.251+0000] {taskinstance.py:2648} INFO - Exporting env vars: AIRFLOW_CTX_DAG_OWNER='***' AIRFLOW_CTX_DAG_ID='etl_covid_europa_pipeline' AIRFLOW_CTX_TASK_ID='carregar' AIRFLOW_CTX_EXECUTION_DATE='2023-12-12T00:00:00+00:00' AIRFLOW_CTX_TRY_NUMBER='1' AIRFLOW_CTX_DAG_RUN_ID='scheduled__2023-12-12T00:00:00+00:00'
[2024-10-02T19:24:56.252+0000] {taskinstance.py:430} INFO - ::endgroup::
[2024-10-02T19:24:56.351+0000] {python.py:237} INFO - Done. Returned value was: None
[2024-10-02T19:24:56.352+0000] {taskinstance.py:441} INFO - ::group::Post task execution logs
[2024-10-02T19:24:56.368+0000] {taskinstance.py:1206} INFO - Marking task as SUCCESS. dag_id=etl_covid_europa_pipeline, task_id=carregar, run_id=scheduled__2023-12-12T00:00:00+00:00, execution_date=20231212T000000, start_date=20241002T192455, end_date=20241002T192456
[2024-10-02T19:24:56.440+0000] {local_task_job_runner.py:240} INFO - Task exited with return code 0
[2024-10-02T19:24:56.718+0000] {taskinstance.py:3503} INFO - 0 downstream tasks scheduled from follow-on schedule check
[2024-10-02T19:24:56.721+0000] {local_task_job_runner.py:222} INFO - ::endgroup::
