[2024-10-02T19:00:14.962+0000] {local_task_job_runner.py:120} INFO - ::group::Pre task execution logs
[2024-10-02T19:00:14.984+0000] {taskinstance.py:2076} INFO - Dependencies all met for dep_context=non-requeueable deps ti=<TaskInstance: etl_covid_europa_pipeline.carregar scheduled__2024-02-15T00:00:00+00:00 [queued]>
[2024-10-02T19:00:15.140+0000] {taskinstance.py:2076} INFO - Dependencies all met for dep_context=requeueable deps ti=<TaskInstance: etl_covid_europa_pipeline.carregar scheduled__2024-02-15T00:00:00+00:00 [queued]>
[2024-10-02T19:00:15.140+0000] {taskinstance.py:2306} INFO - Starting attempt 1 of 1
[2024-10-02T19:00:15.152+0000] {taskinstance.py:2330} INFO - Executing <Task(PythonOperator): carregar> on 2024-02-15 00:00:00+00:00
[2024-10-02T19:00:15.157+0000] {warnings.py:112} WARNING - /home/***/.local/lib/python3.12/site-packages/***/task/task_runner/standard_task_runner.py:61: DeprecationWarning: This process (pid=6554) is multi-threaded, use of fork() may lead to deadlocks in the child.
  pid = os.fork()

[2024-10-02T19:00:15.158+0000] {standard_task_runner.py:63} INFO - Started process 6563 to run task
[2024-10-02T19:00:15.158+0000] {standard_task_runner.py:90} INFO - Running: ['***', 'tasks', 'run', 'etl_covid_europa_pipeline', 'carregar', 'scheduled__2024-02-15T00:00:00+00:00', '--job-id', '1391', '--raw', '--subdir', 'DAGS_FOLDER/etl_pipeline.py', '--cfg-path', '/tmp/tmppiftavwm']
[2024-10-02T19:00:15.160+0000] {standard_task_runner.py:91} INFO - Job 1391: Subtask carregar
[2024-10-02T19:00:15.198+0000] {task_command.py:426} INFO - Running <TaskInstance: etl_covid_europa_pipeline.carregar scheduled__2024-02-15T00:00:00+00:00 [running]> on host 99de7dfc3871
[2024-10-02T19:00:15.271+0000] {taskinstance.py:2648} INFO - Exporting env vars: AIRFLOW_CTX_DAG_OWNER='***' AIRFLOW_CTX_DAG_ID='etl_covid_europa_pipeline' AIRFLOW_CTX_TASK_ID='carregar' AIRFLOW_CTX_EXECUTION_DATE='2024-02-15T00:00:00+00:00' AIRFLOW_CTX_TRY_NUMBER='1' AIRFLOW_CTX_DAG_RUN_ID='scheduled__2024-02-15T00:00:00+00:00'
[2024-10-02T19:00:15.273+0000] {taskinstance.py:430} INFO - ::endgroup::
[2024-10-02T19:00:15.323+0000] {python.py:237} INFO - Done. Returned value was: None
[2024-10-02T19:00:15.324+0000] {taskinstance.py:441} INFO - ::group::Post task execution logs
[2024-10-02T19:00:15.332+0000] {taskinstance.py:1206} INFO - Marking task as SUCCESS. dag_id=etl_covid_europa_pipeline, task_id=carregar, run_id=scheduled__2024-02-15T00:00:00+00:00, execution_date=20240215T000000, start_date=20241002T190014, end_date=20241002T190015
[2024-10-02T19:00:15.372+0000] {local_task_job_runner.py:240} INFO - Task exited with return code 0
[2024-10-02T19:00:15.386+0000] {taskinstance.py:3503} INFO - 0 downstream tasks scheduled from follow-on schedule check
[2024-10-02T19:00:15.388+0000] {local_task_job_runner.py:222} INFO - ::endgroup::
[2024-10-02T19:26:11.716+0000] {local_task_job_runner.py:120} INFO - ::group::Pre task execution logs
[2024-10-02T19:26:11.757+0000] {taskinstance.py:2076} INFO - Dependencies all met for dep_context=non-requeueable deps ti=<TaskInstance: etl_covid_europa_pipeline.carregar scheduled__2024-02-15T00:00:00+00:00 [queued]>
[2024-10-02T19:26:12.062+0000] {taskinstance.py:2076} INFO - Dependencies all met for dep_context=requeueable deps ti=<TaskInstance: etl_covid_europa_pipeline.carregar scheduled__2024-02-15T00:00:00+00:00 [queued]>
[2024-10-02T19:26:12.063+0000] {taskinstance.py:2306} INFO - Starting attempt 1 of 1
[2024-10-02T19:26:12.083+0000] {taskinstance.py:2330} INFO - Executing <Task(PythonOperator): carregar> on 2024-02-15 00:00:00+00:00
[2024-10-02T19:26:12.094+0000] {warnings.py:112} WARNING - /home/***/.local/lib/python3.12/site-packages/***/task/task_runner/standard_task_runner.py:61: DeprecationWarning: This process (pid=9858) is multi-threaded, use of fork() may lead to deadlocks in the child.
  pid = os.fork()

[2024-10-02T19:26:12.096+0000] {standard_task_runner.py:63} INFO - Started process 9884 to run task
[2024-10-02T19:26:12.096+0000] {standard_task_runner.py:90} INFO - Running: ['***', 'tasks', 'run', 'etl_covid_europa_pipeline', 'carregar', 'scheduled__2024-02-15T00:00:00+00:00', '--job-id', '2388', '--raw', '--subdir', 'DAGS_FOLDER/etl_pipeline.py', '--cfg-path', '/tmp/tmp7ciih_yc']
[2024-10-02T19:26:12.098+0000] {standard_task_runner.py:91} INFO - Job 2388: Subtask carregar
[2024-10-02T19:26:12.157+0000] {task_command.py:426} INFO - Running <TaskInstance: etl_covid_europa_pipeline.carregar scheduled__2024-02-15T00:00:00+00:00 [running]> on host 99de7dfc3871
[2024-10-02T19:26:12.263+0000] {taskinstance.py:2648} INFO - Exporting env vars: AIRFLOW_CTX_DAG_OWNER='***' AIRFLOW_CTX_DAG_ID='etl_covid_europa_pipeline' AIRFLOW_CTX_TASK_ID='carregar' AIRFLOW_CTX_EXECUTION_DATE='2024-02-15T00:00:00+00:00' AIRFLOW_CTX_TRY_NUMBER='1' AIRFLOW_CTX_DAG_RUN_ID='scheduled__2024-02-15T00:00:00+00:00'
[2024-10-02T19:26:12.267+0000] {taskinstance.py:430} INFO - ::endgroup::
[2024-10-02T19:26:12.396+0000] {python.py:237} INFO - Done. Returned value was: None
[2024-10-02T19:26:12.397+0000] {taskinstance.py:441} INFO - ::group::Post task execution logs
[2024-10-02T19:26:12.408+0000] {taskinstance.py:1206} INFO - Marking task as SUCCESS. dag_id=etl_covid_europa_pipeline, task_id=carregar, run_id=scheduled__2024-02-15T00:00:00+00:00, execution_date=20240215T000000, start_date=20241002T192611, end_date=20241002T192612
[2024-10-02T19:26:12.471+0000] {local_task_job_runner.py:240} INFO - Task exited with return code 0
[2024-10-02T19:26:12.487+0000] {local_task_job_runner.py:222} INFO - ::endgroup::
