[2024-10-02T18:59:43.953+0000] {local_task_job_runner.py:120} INFO - ::group::Pre task execution logs
[2024-10-02T18:59:43.977+0000] {taskinstance.py:2076} INFO - Dependencies all met for dep_context=non-requeueable deps ti=<TaskInstance: etl_covid_europa_pipeline.carregar scheduled__2024-02-01T00:00:00+00:00 [queued]>
[2024-10-02T18:59:44.148+0000] {taskinstance.py:2076} INFO - Dependencies all met for dep_context=requeueable deps ti=<TaskInstance: etl_covid_europa_pipeline.carregar scheduled__2024-02-01T00:00:00+00:00 [queued]>
[2024-10-02T18:59:44.149+0000] {taskinstance.py:2306} INFO - Starting attempt 1 of 1
[2024-10-02T18:59:44.161+0000] {taskinstance.py:2330} INFO - Executing <Task(PythonOperator): carregar> on 2024-02-01 00:00:00+00:00
[2024-10-02T18:59:44.167+0000] {warnings.py:112} WARNING - /home/***/.local/lib/python3.12/site-packages/***/task/task_runner/standard_task_runner.py:61: DeprecationWarning: This process (pid=6395) is multi-threaded, use of fork() may lead to deadlocks in the child.
  pid = os.fork()

[2024-10-02T18:59:44.169+0000] {standard_task_runner.py:63} INFO - Started process 6399 to run task
[2024-10-02T18:59:44.169+0000] {standard_task_runner.py:90} INFO - Running: ['***', 'tasks', 'run', 'etl_covid_europa_pipeline', 'carregar', 'scheduled__2024-02-01T00:00:00+00:00', '--job-id', '1338', '--raw', '--subdir', 'DAGS_FOLDER/etl_pipeline.py', '--cfg-path', '/tmp/tmpg9enjshb']
[2024-10-02T18:59:44.171+0000] {standard_task_runner.py:91} INFO - Job 1338: Subtask carregar
[2024-10-02T18:59:44.209+0000] {task_command.py:426} INFO - Running <TaskInstance: etl_covid_europa_pipeline.carregar scheduled__2024-02-01T00:00:00+00:00 [running]> on host 99de7dfc3871
[2024-10-02T18:59:44.287+0000] {taskinstance.py:2648} INFO - Exporting env vars: AIRFLOW_CTX_DAG_OWNER='***' AIRFLOW_CTX_DAG_ID='etl_covid_europa_pipeline' AIRFLOW_CTX_TASK_ID='carregar' AIRFLOW_CTX_EXECUTION_DATE='2024-02-01T00:00:00+00:00' AIRFLOW_CTX_TRY_NUMBER='1' AIRFLOW_CTX_DAG_RUN_ID='scheduled__2024-02-01T00:00:00+00:00'
[2024-10-02T18:59:44.290+0000] {taskinstance.py:430} INFO - ::endgroup::
[2024-10-02T18:59:44.344+0000] {python.py:237} INFO - Done. Returned value was: None
[2024-10-02T18:59:44.345+0000] {taskinstance.py:441} INFO - ::group::Post task execution logs
[2024-10-02T18:59:44.355+0000] {taskinstance.py:1206} INFO - Marking task as SUCCESS. dag_id=etl_covid_europa_pipeline, task_id=carregar, run_id=scheduled__2024-02-01T00:00:00+00:00, execution_date=20240201T000000, start_date=20241002T185943, end_date=20241002T185944
[2024-10-02T18:59:44.384+0000] {local_task_job_runner.py:240} INFO - Task exited with return code 0
[2024-10-02T18:59:44.397+0000] {taskinstance.py:3503} INFO - 0 downstream tasks scheduled from follow-on schedule check
[2024-10-02T18:59:44.400+0000] {local_task_job_runner.py:222} INFO - ::endgroup::
[2024-10-02T19:25:50.664+0000] {local_task_job_runner.py:120} INFO - ::group::Pre task execution logs
[2024-10-02T19:25:50.713+0000] {taskinstance.py:2076} INFO - Dependencies all met for dep_context=non-requeueable deps ti=<TaskInstance: etl_covid_europa_pipeline.carregar scheduled__2024-02-01T00:00:00+00:00 [queued]>
[2024-10-02T19:25:50.726+0000] {taskinstance.py:2076} INFO - Dependencies all met for dep_context=requeueable deps ti=<TaskInstance: etl_covid_europa_pipeline.carregar scheduled__2024-02-01T00:00:00+00:00 [queued]>
[2024-10-02T19:25:50.727+0000] {taskinstance.py:2306} INFO - Starting attempt 1 of 1
[2024-10-02T19:25:51.032+0000] {taskinstance.py:2330} INFO - Executing <Task(PythonOperator): carregar> on 2024-02-01 00:00:00+00:00
[2024-10-02T19:25:51.043+0000] {warnings.py:112} WARNING - /home/***/.local/lib/python3.12/site-packages/***/task/task_runner/standard_task_runner.py:61: DeprecationWarning: This process (pid=9725) is multi-threaded, use of fork() may lead to deadlocks in the child.
  pid = os.fork()

[2024-10-02T19:25:51.045+0000] {standard_task_runner.py:63} INFO - Started process 9747 to run task
[2024-10-02T19:25:51.045+0000] {standard_task_runner.py:90} INFO - Running: ['***', 'tasks', 'run', 'etl_covid_europa_pipeline', 'carregar', 'scheduled__2024-02-01T00:00:00+00:00', '--job-id', '2338', '--raw', '--subdir', 'DAGS_FOLDER/etl_pipeline.py', '--cfg-path', '/tmp/tmp_l16zx0v']
[2024-10-02T19:25:51.047+0000] {standard_task_runner.py:91} INFO - Job 2338: Subtask carregar
[2024-10-02T19:25:51.113+0000] {task_command.py:426} INFO - Running <TaskInstance: etl_covid_europa_pipeline.carregar scheduled__2024-02-01T00:00:00+00:00 [running]> on host 99de7dfc3871
[2024-10-02T19:25:51.291+0000] {taskinstance.py:2648} INFO - Exporting env vars: AIRFLOW_CTX_DAG_OWNER='***' AIRFLOW_CTX_DAG_ID='etl_covid_europa_pipeline' AIRFLOW_CTX_TASK_ID='carregar' AIRFLOW_CTX_EXECUTION_DATE='2024-02-01T00:00:00+00:00' AIRFLOW_CTX_TRY_NUMBER='1' AIRFLOW_CTX_DAG_RUN_ID='scheduled__2024-02-01T00:00:00+00:00'
[2024-10-02T19:25:51.293+0000] {taskinstance.py:430} INFO - ::endgroup::
[2024-10-02T19:25:51.382+0000] {python.py:237} INFO - Done. Returned value was: None
[2024-10-02T19:25:51.384+0000] {taskinstance.py:441} INFO - ::group::Post task execution logs
[2024-10-02T19:25:51.395+0000] {taskinstance.py:1206} INFO - Marking task as SUCCESS. dag_id=etl_covid_europa_pipeline, task_id=carregar, run_id=scheduled__2024-02-01T00:00:00+00:00, execution_date=20240201T000000, start_date=20241002T192550, end_date=20241002T192551
[2024-10-02T19:25:51.460+0000] {local_task_job_runner.py:240} INFO - Task exited with return code 0
[2024-10-02T19:25:51.478+0000] {local_task_job_runner.py:222} INFO - ::endgroup::
