[2024-10-02T18:59:14.813+0000] {local_task_job_runner.py:120} INFO - ::group::Pre task execution logs
[2024-10-02T18:59:14.868+0000] {taskinstance.py:2076} INFO - Dependencies all met for dep_context=non-requeueable deps ti=<TaskInstance: etl_covid_europa_pipeline.carregar scheduled__2024-01-07T00:00:00+00:00 [queued]>
[2024-10-02T18:59:15.301+0000] {taskinstance.py:2076} INFO - Dependencies all met for dep_context=requeueable deps ti=<TaskInstance: etl_covid_europa_pipeline.carregar scheduled__2024-01-07T00:00:00+00:00 [queued]>
[2024-10-02T18:59:15.302+0000] {taskinstance.py:2306} INFO - Starting attempt 1 of 1
[2024-10-02T18:59:15.331+0000] {taskinstance.py:2330} INFO - Executing <Task(PythonOperator): carregar> on 2024-01-07 00:00:00+00:00
[2024-10-02T18:59:15.338+0000] {warnings.py:112} WARNING - /home/***/.local/lib/python3.12/site-packages/***/task/task_runner/standard_task_runner.py:61: DeprecationWarning: This process (pid=6208) is multi-threaded, use of fork() may lead to deadlocks in the child.
  pid = os.fork()

[2024-10-02T18:59:15.340+0000] {standard_task_runner.py:63} INFO - Started process 6224 to run task
[2024-10-02T18:59:15.340+0000] {standard_task_runner.py:90} INFO - Running: ['***', 'tasks', 'run', 'etl_covid_europa_pipeline', 'carregar', 'scheduled__2024-01-07T00:00:00+00:00', '--job-id', '1280', '--raw', '--subdir', 'DAGS_FOLDER/etl_pipeline.py', '--cfg-path', '/tmp/tmp3ir4wz3r']
[2024-10-02T18:59:15.345+0000] {standard_task_runner.py:91} INFO - Job 1280: Subtask carregar
[2024-10-02T18:59:15.407+0000] {task_command.py:426} INFO - Running <TaskInstance: etl_covid_europa_pipeline.carregar scheduled__2024-01-07T00:00:00+00:00 [running]> on host 99de7dfc3871
[2024-10-02T18:59:15.517+0000] {taskinstance.py:2648} INFO - Exporting env vars: AIRFLOW_CTX_DAG_OWNER='***' AIRFLOW_CTX_DAG_ID='etl_covid_europa_pipeline' AIRFLOW_CTX_TASK_ID='carregar' AIRFLOW_CTX_EXECUTION_DATE='2024-01-07T00:00:00+00:00' AIRFLOW_CTX_TRY_NUMBER='1' AIRFLOW_CTX_DAG_RUN_ID='scheduled__2024-01-07T00:00:00+00:00'
[2024-10-02T18:59:15.521+0000] {taskinstance.py:430} INFO - ::endgroup::
[2024-10-02T18:59:15.589+0000] {python.py:237} INFO - Done. Returned value was: None
[2024-10-02T18:59:15.589+0000] {taskinstance.py:441} INFO - ::group::Post task execution logs
[2024-10-02T18:59:15.600+0000] {taskinstance.py:1206} INFO - Marking task as SUCCESS. dag_id=etl_covid_europa_pipeline, task_id=carregar, run_id=scheduled__2024-01-07T00:00:00+00:00, execution_date=20240107T000000, start_date=20241002T185914, end_date=20241002T185915
[2024-10-02T18:59:15.637+0000] {local_task_job_runner.py:240} INFO - Task exited with return code 0
[2024-10-02T18:59:15.649+0000] {local_task_job_runner.py:222} INFO - ::endgroup::
[2024-10-02T19:25:33.053+0000] {local_task_job_runner.py:120} INFO - ::group::Pre task execution logs
[2024-10-02T19:25:33.355+0000] {taskinstance.py:2076} INFO - Dependencies all met for dep_context=non-requeueable deps ti=<TaskInstance: etl_covid_europa_pipeline.carregar scheduled__2024-01-07T00:00:00+00:00 [queued]>
[2024-10-02T19:25:33.368+0000] {taskinstance.py:2076} INFO - Dependencies all met for dep_context=requeueable deps ti=<TaskInstance: etl_covid_europa_pipeline.carregar scheduled__2024-01-07T00:00:00+00:00 [queued]>
[2024-10-02T19:25:33.370+0000] {taskinstance.py:2306} INFO - Starting attempt 1 of 1
[2024-10-02T19:25:33.390+0000] {taskinstance.py:2330} INFO - Executing <Task(PythonOperator): carregar> on 2024-01-07 00:00:00+00:00
[2024-10-02T19:25:33.400+0000] {warnings.py:112} WARNING - /home/***/.local/lib/python3.12/site-packages/***/task/task_runner/standard_task_runner.py:61: DeprecationWarning: This process (pid=9577) is multi-threaded, use of fork() may lead to deadlocks in the child.
  pid = os.fork()

[2024-10-02T19:25:33.402+0000] {standard_task_runner.py:63} INFO - Started process 9594 to run task
[2024-10-02T19:25:33.401+0000] {standard_task_runner.py:90} INFO - Running: ['***', 'tasks', 'run', 'etl_covid_europa_pipeline', 'carregar', 'scheduled__2024-01-07T00:00:00+00:00', '--job-id', '2289', '--raw', '--subdir', 'DAGS_FOLDER/etl_pipeline.py', '--cfg-path', '/tmp/tmpufovu695']
[2024-10-02T19:25:33.406+0000] {standard_task_runner.py:91} INFO - Job 2289: Subtask carregar
[2024-10-02T19:25:33.504+0000] {task_command.py:426} INFO - Running <TaskInstance: etl_covid_europa_pipeline.carregar scheduled__2024-01-07T00:00:00+00:00 [running]> on host 99de7dfc3871
[2024-10-02T19:25:33.663+0000] {taskinstance.py:2648} INFO - Exporting env vars: AIRFLOW_CTX_DAG_OWNER='***' AIRFLOW_CTX_DAG_ID='etl_covid_europa_pipeline' AIRFLOW_CTX_TASK_ID='carregar' AIRFLOW_CTX_EXECUTION_DATE='2024-01-07T00:00:00+00:00' AIRFLOW_CTX_TRY_NUMBER='1' AIRFLOW_CTX_DAG_RUN_ID='scheduled__2024-01-07T00:00:00+00:00'
[2024-10-02T19:25:33.665+0000] {taskinstance.py:430} INFO - ::endgroup::
[2024-10-02T19:25:33.827+0000] {python.py:237} INFO - Done. Returned value was: None
[2024-10-02T19:25:33.828+0000] {taskinstance.py:441} INFO - ::group::Post task execution logs
[2024-10-02T19:25:33.841+0000] {taskinstance.py:1206} INFO - Marking task as SUCCESS. dag_id=etl_covid_europa_pipeline, task_id=carregar, run_id=scheduled__2024-01-07T00:00:00+00:00, execution_date=20240107T000000, start_date=20241002T192533, end_date=20241002T192533
[2024-10-02T19:25:33.898+0000] {local_task_job_runner.py:240} INFO - Task exited with return code 0
[2024-10-02T19:25:33.911+0000] {local_task_job_runner.py:222} INFO - ::endgroup::
