[2024-10-02T17:28:39.603+0000] {local_task_job_runner.py:120} INFO - ::group::Pre task execution logs
[2024-10-02T17:28:39.627+0000] {taskinstance.py:2076} INFO - Dependencies all met for dep_context=non-requeueable deps ti=<TaskInstance: etl_covid_europa_pipeline.extrair scheduled__2024-04-16T00:00:00+00:00 [queued]>
[2024-10-02T17:28:39.634+0000] {taskinstance.py:2076} INFO - Dependencies all met for dep_context=requeueable deps ti=<TaskInstance: etl_covid_europa_pipeline.extrair scheduled__2024-04-16T00:00:00+00:00 [queued]>
[2024-10-02T17:28:39.635+0000] {taskinstance.py:2306} INFO - Starting attempt 1 of 1
[2024-10-02T17:28:39.824+0000] {taskinstance.py:2330} INFO - Executing <Task(PythonOperator): extrair> on 2024-04-16 00:00:00+00:00
[2024-10-02T17:28:39.830+0000] {warnings.py:112} WARNING - /home/***/.local/lib/python3.12/site-packages/***/task/task_runner/standard_task_runner.py:61: DeprecationWarning: This process (pid=2208) is multi-threaded, use of fork() may lead to deadlocks in the child.
  pid = os.fork()

[2024-10-02T17:28:39.832+0000] {standard_task_runner.py:63} INFO - Started process 2225 to run task
[2024-10-02T17:28:39.831+0000] {standard_task_runner.py:90} INFO - Running: ['***', 'tasks', 'run', 'etl_covid_europa_pipeline', 'extrair', 'scheduled__2024-04-16T00:00:00+00:00', '--job-id', '340', '--raw', '--subdir', 'DAGS_FOLDER/etl_pipeline.py', '--cfg-path', '/tmp/tmppki4xgnn']
[2024-10-02T17:28:39.833+0000] {standard_task_runner.py:91} INFO - Job 340: Subtask extrair
[2024-10-02T17:28:39.880+0000] {task_command.py:426} INFO - Running <TaskInstance: etl_covid_europa_pipeline.extrair scheduled__2024-04-16T00:00:00+00:00 [running]> on host 99de7dfc3871
[2024-10-02T17:28:39.964+0000] {taskinstance.py:2648} INFO - Exporting env vars: AIRFLOW_CTX_DAG_OWNER='***' AIRFLOW_CTX_DAG_ID='etl_covid_europa_pipeline' AIRFLOW_CTX_TASK_ID='extrair' AIRFLOW_CTX_EXECUTION_DATE='2024-04-16T00:00:00+00:00' AIRFLOW_CTX_TRY_NUMBER='1' AIRFLOW_CTX_DAG_RUN_ID='scheduled__2024-04-16T00:00:00+00:00'
[2024-10-02T17:28:39.966+0000] {taskinstance.py:430} INFO - ::endgroup::
[2024-10-02T17:28:46.693+0000] {python.py:237} INFO - Done. Returned value was: None
[2024-10-02T17:28:46.694+0000] {taskinstance.py:441} INFO - ::group::Post task execution logs
[2024-10-02T17:28:46.704+0000] {taskinstance.py:1206} INFO - Marking task as SUCCESS. dag_id=etl_covid_europa_pipeline, task_id=extrair, run_id=scheduled__2024-04-16T00:00:00+00:00, execution_date=20240416T000000, start_date=20241002T172839, end_date=20241002T172846
[2024-10-02T17:28:46.739+0000] {local_task_job_runner.py:240} INFO - Task exited with return code 0
[2024-10-02T17:28:46.767+0000] {taskinstance.py:3503} INFO - 1 downstream tasks scheduled from follow-on schedule check
[2024-10-02T17:28:46.770+0000] {local_task_job_runner.py:222} INFO - ::endgroup::
[2024-10-02T19:01:14.189+0000] {local_task_job_runner.py:120} INFO - ::group::Pre task execution logs
[2024-10-02T19:01:14.209+0000] {taskinstance.py:2076} INFO - Dependencies all met for dep_context=non-requeueable deps ti=<TaskInstance: etl_covid_europa_pipeline.extrair scheduled__2024-04-16T00:00:00+00:00 [queued]>
[2024-10-02T19:01:14.362+0000] {taskinstance.py:2076} INFO - Dependencies all met for dep_context=requeueable deps ti=<TaskInstance: etl_covid_europa_pipeline.extrair scheduled__2024-04-16T00:00:00+00:00 [queued]>
[2024-10-02T19:01:14.362+0000] {taskinstance.py:2306} INFO - Starting attempt 1 of 1
[2024-10-02T19:01:14.374+0000] {taskinstance.py:2330} INFO - Executing <Task(PythonOperator): extrair> on 2024-04-16 00:00:00+00:00
[2024-10-02T19:01:14.379+0000] {warnings.py:112} WARNING - /home/***/.local/lib/python3.12/site-packages/***/task/task_runner/standard_task_runner.py:61: DeprecationWarning: This process (pid=6948) is multi-threaded, use of fork() may lead to deadlocks in the child.
  pid = os.fork()

[2024-10-02T19:01:14.380+0000] {standard_task_runner.py:63} INFO - Started process 6957 to run task
[2024-10-02T19:01:14.380+0000] {standard_task_runner.py:90} INFO - Running: ['***', 'tasks', 'run', 'etl_covid_europa_pipeline', 'extrair', 'scheduled__2024-04-16T00:00:00+00:00', '--job-id', '1520', '--raw', '--subdir', 'DAGS_FOLDER/etl_pipeline.py', '--cfg-path', '/tmp/tmphpdhha1k']
[2024-10-02T19:01:14.382+0000] {standard_task_runner.py:91} INFO - Job 1520: Subtask extrair
[2024-10-02T19:01:14.418+0000] {task_command.py:426} INFO - Running <TaskInstance: etl_covid_europa_pipeline.extrair scheduled__2024-04-16T00:00:00+00:00 [running]> on host 99de7dfc3871
[2024-10-02T19:01:14.487+0000] {taskinstance.py:2648} INFO - Exporting env vars: AIRFLOW_CTX_DAG_OWNER='***' AIRFLOW_CTX_DAG_ID='etl_covid_europa_pipeline' AIRFLOW_CTX_TASK_ID='extrair' AIRFLOW_CTX_EXECUTION_DATE='2024-04-16T00:00:00+00:00' AIRFLOW_CTX_TRY_NUMBER='1' AIRFLOW_CTX_DAG_RUN_ID='scheduled__2024-04-16T00:00:00+00:00'
[2024-10-02T19:01:14.490+0000] {taskinstance.py:430} INFO - ::endgroup::
[2024-10-02T19:01:25.220+0000] {python.py:237} INFO - Done. Returned value was: None
[2024-10-02T19:01:25.221+0000] {taskinstance.py:441} INFO - ::group::Post task execution logs
[2024-10-02T19:01:25.228+0000] {taskinstance.py:1206} INFO - Marking task as SUCCESS. dag_id=etl_covid_europa_pipeline, task_id=extrair, run_id=scheduled__2024-04-16T00:00:00+00:00, execution_date=20240416T000000, start_date=20241002T190114, end_date=20241002T190125
[2024-10-02T19:01:25.259+0000] {local_task_job_runner.py:240} INFO - Task exited with return code 0
[2024-10-02T19:01:25.280+0000] {taskinstance.py:3503} INFO - 1 downstream tasks scheduled from follow-on schedule check
[2024-10-02T19:01:25.282+0000] {local_task_job_runner.py:222} INFO - ::endgroup::
[2024-10-02T19:27:26.750+0000] {local_task_job_runner.py:120} INFO - ::group::Pre task execution logs
[2024-10-02T19:27:26.954+0000] {taskinstance.py:2076} INFO - Dependencies all met for dep_context=non-requeueable deps ti=<TaskInstance: etl_covid_europa_pipeline.extrair scheduled__2024-04-16T00:00:00+00:00 [queued]>
[2024-10-02T19:27:26.962+0000] {taskinstance.py:2076} INFO - Dependencies all met for dep_context=requeueable deps ti=<TaskInstance: etl_covid_europa_pipeline.extrair scheduled__2024-04-16T00:00:00+00:00 [queued]>
[2024-10-02T19:27:26.963+0000] {taskinstance.py:2306} INFO - Starting attempt 1 of 1
[2024-10-02T19:27:26.983+0000] {taskinstance.py:2330} INFO - Executing <Task(PythonOperator): extrair> on 2024-04-16 00:00:00+00:00
[2024-10-02T19:27:26.990+0000] {warnings.py:112} WARNING - /home/***/.local/lib/python3.12/site-packages/***/task/task_runner/standard_task_runner.py:61: DeprecationWarning: This process (pid=10375) is multi-threaded, use of fork() may lead to deadlocks in the child.
  pid = os.fork()

[2024-10-02T19:27:26.991+0000] {standard_task_runner.py:63} INFO - Started process 10391 to run task
[2024-10-02T19:27:26.992+0000] {standard_task_runner.py:90} INFO - Running: ['***', 'tasks', 'run', 'etl_covid_europa_pipeline', 'extrair', 'scheduled__2024-04-16T00:00:00+00:00', '--job-id', '2550', '--raw', '--subdir', 'DAGS_FOLDER/etl_pipeline_agrupar_continente.py', '--cfg-path', '/tmp/tmp3k_n1j7p']
[2024-10-02T19:27:26.993+0000] {standard_task_runner.py:91} INFO - Job 2550: Subtask extrair
[2024-10-02T19:27:27.042+0000] {task_command.py:426} INFO - Running <TaskInstance: etl_covid_europa_pipeline.extrair scheduled__2024-04-16T00:00:00+00:00 [running]> on host 99de7dfc3871
[2024-10-02T19:27:27.141+0000] {taskinstance.py:2648} INFO - Exporting env vars: AIRFLOW_CTX_DAG_OWNER='***' AIRFLOW_CTX_DAG_ID='etl_covid_europa_pipeline' AIRFLOW_CTX_TASK_ID='extrair' AIRFLOW_CTX_EXECUTION_DATE='2024-04-16T00:00:00+00:00' AIRFLOW_CTX_TRY_NUMBER='1' AIRFLOW_CTX_DAG_RUN_ID='scheduled__2024-04-16T00:00:00+00:00'
[2024-10-02T19:27:27.142+0000] {taskinstance.py:430} INFO - ::endgroup::
[2024-10-02T19:27:33.028+0000] {python.py:237} INFO - Done. Returned value was: None
[2024-10-02T19:27:33.029+0000] {taskinstance.py:441} INFO - ::group::Post task execution logs
[2024-10-02T19:27:33.039+0000] {taskinstance.py:1206} INFO - Marking task as SUCCESS. dag_id=etl_covid_europa_pipeline, task_id=extrair, run_id=scheduled__2024-04-16T00:00:00+00:00, execution_date=20240416T000000, start_date=20241002T192726, end_date=20241002T192733
[2024-10-02T19:27:33.098+0000] {local_task_job_runner.py:240} INFO - Task exited with return code 0
[2024-10-02T19:27:33.109+0000] {local_task_job_runner.py:222} INFO - ::endgroup::
