[2024-10-02T17:30:08.795+0000] {local_task_job_runner.py:120} INFO - ::group::Pre task execution logs
[2024-10-02T17:30:08.821+0000] {taskinstance.py:2076} INFO - Dependencies all met for dep_context=non-requeueable deps ti=<TaskInstance: etl_covid_europa_pipeline.extrair scheduled__2024-06-17T00:00:00+00:00 [queued]>
[2024-10-02T17:30:08.829+0000] {taskinstance.py:2076} INFO - Dependencies all met for dep_context=requeueable deps ti=<TaskInstance: etl_covid_europa_pipeline.extrair scheduled__2024-06-17T00:00:00+00:00 [queued]>
[2024-10-02T17:30:08.830+0000] {taskinstance.py:2306} INFO - Starting attempt 1 of 1
[2024-10-02T17:30:09.047+0000] {taskinstance.py:2330} INFO - Executing <Task(PythonOperator): extrair> on 2024-06-17 00:00:00+00:00
[2024-10-02T17:30:09.053+0000] {warnings.py:112} WARNING - /home/***/.local/lib/python3.12/site-packages/***/task/task_runner/standard_task_runner.py:61: DeprecationWarning: This process (pid=2599) is multi-threaded, use of fork() may lead to deadlocks in the child.
  pid = os.fork()

[2024-10-02T17:30:09.054+0000] {standard_task_runner.py:63} INFO - Started process 2613 to run task
[2024-10-02T17:30:09.054+0000] {standard_task_runner.py:90} INFO - Running: ['***', 'tasks', 'run', 'etl_covid_europa_pipeline', 'extrair', 'scheduled__2024-06-17T00:00:00+00:00', '--job-id', '461', '--raw', '--subdir', 'DAGS_FOLDER/etl_pipeline.py', '--cfg-path', '/tmp/tmp953zosc2']
[2024-10-02T17:30:09.057+0000] {standard_task_runner.py:91} INFO - Job 461: Subtask extrair
[2024-10-02T17:30:09.119+0000] {task_command.py:426} INFO - Running <TaskInstance: etl_covid_europa_pipeline.extrair scheduled__2024-06-17T00:00:00+00:00 [running]> on host 99de7dfc3871
[2024-10-02T17:30:09.221+0000] {taskinstance.py:2648} INFO - Exporting env vars: AIRFLOW_CTX_DAG_OWNER='***' AIRFLOW_CTX_DAG_ID='etl_covid_europa_pipeline' AIRFLOW_CTX_TASK_ID='extrair' AIRFLOW_CTX_EXECUTION_DATE='2024-06-17T00:00:00+00:00' AIRFLOW_CTX_TRY_NUMBER='1' AIRFLOW_CTX_DAG_RUN_ID='scheduled__2024-06-17T00:00:00+00:00'
[2024-10-02T17:30:09.222+0000] {taskinstance.py:430} INFO - ::endgroup::
[2024-10-02T17:30:15.546+0000] {python.py:237} INFO - Done. Returned value was: None
[2024-10-02T17:30:15.547+0000] {taskinstance.py:441} INFO - ::group::Post task execution logs
[2024-10-02T17:30:15.556+0000] {taskinstance.py:1206} INFO - Marking task as SUCCESS. dag_id=etl_covid_europa_pipeline, task_id=extrair, run_id=scheduled__2024-06-17T00:00:00+00:00, execution_date=20240617T000000, start_date=20241002T173008, end_date=20241002T173015
[2024-10-02T17:30:15.601+0000] {local_task_job_runner.py:240} INFO - Task exited with return code 0
[2024-10-02T17:30:15.620+0000] {taskinstance.py:3503} INFO - 1 downstream tasks scheduled from follow-on schedule check
[2024-10-02T17:30:15.622+0000] {local_task_job_runner.py:222} INFO - ::endgroup::
[2024-10-02T19:02:40.783+0000] {local_task_job_runner.py:120} INFO - ::group::Pre task execution logs
[2024-10-02T19:02:40.811+0000] {taskinstance.py:2076} INFO - Dependencies all met for dep_context=non-requeueable deps ti=<TaskInstance: etl_covid_europa_pipeline.extrair scheduled__2024-06-17T00:00:00+00:00 [queued]>
[2024-10-02T19:02:41.017+0000] {taskinstance.py:2076} INFO - Dependencies all met for dep_context=requeueable deps ti=<TaskInstance: etl_covid_europa_pipeline.extrair scheduled__2024-06-17T00:00:00+00:00 [queued]>
[2024-10-02T19:02:41.018+0000] {taskinstance.py:2306} INFO - Starting attempt 1 of 1
[2024-10-02T19:02:41.049+0000] {taskinstance.py:2330} INFO - Executing <Task(PythonOperator): extrair> on 2024-06-17 00:00:00+00:00
[2024-10-02T19:02:41.055+0000] {warnings.py:112} WARNING - /home/***/.local/lib/python3.12/site-packages/***/task/task_runner/standard_task_runner.py:61: DeprecationWarning: This process (pid=7490) is multi-threaded, use of fork() may lead to deadlocks in the child.
  pid = os.fork()

[2024-10-02T19:02:41.057+0000] {standard_task_runner.py:63} INFO - Started process 7505 to run task
[2024-10-02T19:02:41.056+0000] {standard_task_runner.py:90} INFO - Running: ['***', 'tasks', 'run', 'etl_covid_europa_pipeline', 'extrair', 'scheduled__2024-06-17T00:00:00+00:00', '--job-id', '1692', '--raw', '--subdir', 'DAGS_FOLDER/etl_pipeline.py', '--cfg-path', '/tmp/tmp8taw74fh']
[2024-10-02T19:02:41.059+0000] {standard_task_runner.py:91} INFO - Job 1692: Subtask extrair
[2024-10-02T19:02:41.106+0000] {task_command.py:426} INFO - Running <TaskInstance: etl_covid_europa_pipeline.extrair scheduled__2024-06-17T00:00:00+00:00 [running]> on host 99de7dfc3871
[2024-10-02T19:02:41.200+0000] {taskinstance.py:2648} INFO - Exporting env vars: AIRFLOW_CTX_DAG_OWNER='***' AIRFLOW_CTX_DAG_ID='etl_covid_europa_pipeline' AIRFLOW_CTX_TASK_ID='extrair' AIRFLOW_CTX_EXECUTION_DATE='2024-06-17T00:00:00+00:00' AIRFLOW_CTX_TRY_NUMBER='1' AIRFLOW_CTX_DAG_RUN_ID='scheduled__2024-06-17T00:00:00+00:00'
[2024-10-02T19:02:41.203+0000] {taskinstance.py:430} INFO - ::endgroup::
[2024-10-02T19:02:49.170+0000] {python.py:237} INFO - Done. Returned value was: None
[2024-10-02T19:02:49.171+0000] {taskinstance.py:441} INFO - ::group::Post task execution logs
[2024-10-02T19:02:49.180+0000] {taskinstance.py:1206} INFO - Marking task as SUCCESS. dag_id=etl_covid_europa_pipeline, task_id=extrair, run_id=scheduled__2024-06-17T00:00:00+00:00, execution_date=20240617T000000, start_date=20241002T190240, end_date=20241002T190249
[2024-10-02T19:02:49.214+0000] {local_task_job_runner.py:240} INFO - Task exited with return code 0
[2024-10-02T19:02:49.236+0000] {taskinstance.py:3503} INFO - 1 downstream tasks scheduled from follow-on schedule check
[2024-10-02T19:02:49.240+0000] {local_task_job_runner.py:222} INFO - ::endgroup::
