[2024-10-02T17:25:41.829+0000] {local_task_job_runner.py:120} INFO - ::group::Pre task execution logs
[2024-10-02T17:25:41.852+0000] {taskinstance.py:2076} INFO - Dependencies all met for dep_context=non-requeueable deps ti=<TaskInstance: etl_covid_europa_pipeline.extrair scheduled__2023-11-04T00:00:00+00:00 [queued]>
[2024-10-02T17:25:41.861+0000] {taskinstance.py:2076} INFO - Dependencies all met for dep_context=requeueable deps ti=<TaskInstance: etl_covid_europa_pipeline.extrair scheduled__2023-11-04T00:00:00+00:00 [queued]>
[2024-10-02T17:25:41.861+0000] {taskinstance.py:2306} INFO - Starting attempt 1 of 1
[2024-10-02T17:25:41.875+0000] {taskinstance.py:2330} INFO - Executing <Task(PythonOperator): extrair> on 2023-11-04 00:00:00+00:00
[2024-10-02T17:25:41.881+0000] {warnings.py:112} WARNING - /home/***/.local/lib/python3.12/site-packages/***/task/task_runner/standard_task_runner.py:61: DeprecationWarning: This process (pid=1374) is multi-threaded, use of fork() may lead to deadlocks in the child.
  pid = os.fork()

[2024-10-02T17:25:41.883+0000] {standard_task_runner.py:63} INFO - Started process 1386 to run task
[2024-10-02T17:25:41.883+0000] {standard_task_runner.py:90} INFO - Running: ['***', 'tasks', 'run', 'etl_covid_europa_pipeline', 'extrair', 'scheduled__2023-11-04T00:00:00+00:00', '--job-id', '72', '--raw', '--subdir', 'DAGS_FOLDER/etl_pipeline.py', '--cfg-path', '/tmp/tmpfh28uarf']
[2024-10-02T17:25:41.885+0000] {standard_task_runner.py:91} INFO - Job 72: Subtask extrair
[2024-10-02T17:25:42.136+0000] {task_command.py:426} INFO - Running <TaskInstance: etl_covid_europa_pipeline.extrair scheduled__2023-11-04T00:00:00+00:00 [running]> on host 99de7dfc3871
[2024-10-02T17:25:42.229+0000] {taskinstance.py:2648} INFO - Exporting env vars: AIRFLOW_CTX_DAG_OWNER='***' AIRFLOW_CTX_DAG_ID='etl_covid_europa_pipeline' AIRFLOW_CTX_TASK_ID='extrair' AIRFLOW_CTX_EXECUTION_DATE='2023-11-04T00:00:00+00:00' AIRFLOW_CTX_TRY_NUMBER='1' AIRFLOW_CTX_DAG_RUN_ID='scheduled__2023-11-04T00:00:00+00:00'
[2024-10-02T17:25:42.230+0000] {taskinstance.py:430} INFO - ::endgroup::
[2024-10-02T17:25:49.236+0000] {python.py:237} INFO - Done. Returned value was: None
[2024-10-02T17:25:49.237+0000] {taskinstance.py:441} INFO - ::group::Post task execution logs
[2024-10-02T17:25:49.244+0000] {taskinstance.py:1206} INFO - Marking task as SUCCESS. dag_id=etl_covid_europa_pipeline, task_id=extrair, run_id=scheduled__2023-11-04T00:00:00+00:00, execution_date=20231104T000000, start_date=20241002T172541, end_date=20241002T172549
[2024-10-02T17:25:49.314+0000] {local_task_job_runner.py:240} INFO - Task exited with return code 0
[2024-10-02T17:25:49.335+0000] {taskinstance.py:3503} INFO - 1 downstream tasks scheduled from follow-on schedule check
[2024-10-02T17:25:49.337+0000] {local_task_job_runner.py:222} INFO - ::endgroup::
[2024-10-02T18:57:42.539+0000] {local_task_job_runner.py:120} INFO - ::group::Pre task execution logs
[2024-10-02T18:57:42.564+0000] {taskinstance.py:2076} INFO - Dependencies all met for dep_context=non-requeueable deps ti=<TaskInstance: etl_covid_europa_pipeline.extrair scheduled__2023-11-04T00:00:00+00:00 [queued]>
[2024-10-02T18:57:42.755+0000] {taskinstance.py:2076} INFO - Dependencies all met for dep_context=requeueable deps ti=<TaskInstance: etl_covid_europa_pipeline.extrair scheduled__2023-11-04T00:00:00+00:00 [queued]>
[2024-10-02T18:57:42.755+0000] {taskinstance.py:2306} INFO - Starting attempt 1 of 1
[2024-10-02T18:57:42.779+0000] {taskinstance.py:2330} INFO - Executing <Task(PythonOperator): extrair> on 2023-11-04 00:00:00+00:00
[2024-10-02T18:57:42.787+0000] {warnings.py:112} WARNING - /home/***/.local/lib/python3.12/site-packages/***/task/task_runner/standard_task_runner.py:61: DeprecationWarning: This process (pid=5545) is multi-threaded, use of fork() may lead to deadlocks in the child.
  pid = os.fork()

[2024-10-02T18:57:42.789+0000] {standard_task_runner.py:63} INFO - Started process 5560 to run task
[2024-10-02T18:57:42.789+0000] {standard_task_runner.py:90} INFO - Running: ['***', 'tasks', 'run', 'etl_covid_europa_pipeline', 'extrair', 'scheduled__2023-11-04T00:00:00+00:00', '--job-id', '1065', '--raw', '--subdir', 'DAGS_FOLDER/etl_pipeline.py', '--cfg-path', '/tmp/tmpoabcesto']
[2024-10-02T18:57:42.791+0000] {standard_task_runner.py:91} INFO - Job 1065: Subtask extrair
[2024-10-02T18:57:42.847+0000] {task_command.py:426} INFO - Running <TaskInstance: etl_covid_europa_pipeline.extrair scheduled__2023-11-04T00:00:00+00:00 [running]> on host 99de7dfc3871
[2024-10-02T18:57:42.952+0000] {taskinstance.py:2648} INFO - Exporting env vars: AIRFLOW_CTX_DAG_OWNER='***' AIRFLOW_CTX_DAG_ID='etl_covid_europa_pipeline' AIRFLOW_CTX_TASK_ID='extrair' AIRFLOW_CTX_EXECUTION_DATE='2023-11-04T00:00:00+00:00' AIRFLOW_CTX_TRY_NUMBER='1' AIRFLOW_CTX_DAG_RUN_ID='scheduled__2023-11-04T00:00:00+00:00'
[2024-10-02T18:57:42.955+0000] {taskinstance.py:430} INFO - ::endgroup::
[2024-10-02T18:57:49.400+0000] {python.py:237} INFO - Done. Returned value was: None
[2024-10-02T18:57:49.401+0000] {taskinstance.py:441} INFO - ::group::Post task execution logs
[2024-10-02T18:57:49.409+0000] {taskinstance.py:1206} INFO - Marking task as SUCCESS. dag_id=etl_covid_europa_pipeline, task_id=extrair, run_id=scheduled__2023-11-04T00:00:00+00:00, execution_date=20231104T000000, start_date=20241002T185742, end_date=20241002T185749
[2024-10-02T18:57:49.452+0000] {local_task_job_runner.py:240} INFO - Task exited with return code 0
[2024-10-02T18:57:49.476+0000] {taskinstance.py:3503} INFO - 1 downstream tasks scheduled from follow-on schedule check
[2024-10-02T18:57:49.480+0000] {local_task_job_runner.py:222} INFO - ::endgroup::
[2024-10-02T19:24:00.580+0000] {local_task_job_runner.py:120} INFO - ::group::Pre task execution logs
[2024-10-02T19:24:00.813+0000] {taskinstance.py:2076} INFO - Dependencies all met for dep_context=non-requeueable deps ti=<TaskInstance: etl_covid_europa_pipeline.extrair scheduled__2023-11-04T00:00:00+00:00 [queued]>
[2024-10-02T19:24:00.822+0000] {taskinstance.py:2076} INFO - Dependencies all met for dep_context=requeueable deps ti=<TaskInstance: etl_covid_europa_pipeline.extrair scheduled__2023-11-04T00:00:00+00:00 [queued]>
[2024-10-02T19:24:00.823+0000] {taskinstance.py:2306} INFO - Starting attempt 1 of 1
[2024-10-02T19:24:00.863+0000] {taskinstance.py:2330} INFO - Executing <Task(PythonOperator): extrair> on 2023-11-04 00:00:00+00:00
[2024-10-02T19:24:00.870+0000] {warnings.py:112} WARNING - /home/***/.local/lib/python3.12/site-packages/***/task/task_runner/standard_task_runner.py:61: DeprecationWarning: This process (pid=8914) is multi-threaded, use of fork() may lead to deadlocks in the child.
  pid = os.fork()

[2024-10-02T19:24:00.872+0000] {standard_task_runner.py:63} INFO - Started process 8928 to run task
[2024-10-02T19:24:00.871+0000] {standard_task_runner.py:90} INFO - Running: ['***', 'tasks', 'run', 'etl_covid_europa_pipeline', 'extrair', 'scheduled__2023-11-04T00:00:00+00:00', '--job-id', '2075', '--raw', '--subdir', 'DAGS_FOLDER/etl_pipeline.py', '--cfg-path', '/tmp/tmphmajbvw8']
[2024-10-02T19:24:00.874+0000] {standard_task_runner.py:91} INFO - Job 2075: Subtask extrair
[2024-10-02T19:24:00.931+0000] {task_command.py:426} INFO - Running <TaskInstance: etl_covid_europa_pipeline.extrair scheduled__2023-11-04T00:00:00+00:00 [running]> on host 99de7dfc3871
[2024-10-02T19:24:01.048+0000] {taskinstance.py:2648} INFO - Exporting env vars: AIRFLOW_CTX_DAG_OWNER='***' AIRFLOW_CTX_DAG_ID='etl_covid_europa_pipeline' AIRFLOW_CTX_TASK_ID='extrair' AIRFLOW_CTX_EXECUTION_DATE='2023-11-04T00:00:00+00:00' AIRFLOW_CTX_TRY_NUMBER='1' AIRFLOW_CTX_DAG_RUN_ID='scheduled__2023-11-04T00:00:00+00:00'
[2024-10-02T19:24:01.049+0000] {taskinstance.py:430} INFO - ::endgroup::
[2024-10-02T19:24:07.054+0000] {python.py:237} INFO - Done. Returned value was: None
[2024-10-02T19:24:07.055+0000] {taskinstance.py:441} INFO - ::group::Post task execution logs
[2024-10-02T19:24:07.064+0000] {taskinstance.py:1206} INFO - Marking task as SUCCESS. dag_id=etl_covid_europa_pipeline, task_id=extrair, run_id=scheduled__2023-11-04T00:00:00+00:00, execution_date=20231104T000000, start_date=20241002T192400, end_date=20241002T192407
[2024-10-02T19:24:07.100+0000] {local_task_job_runner.py:240} INFO - Task exited with return code 0
[2024-10-02T19:24:07.121+0000] {taskinstance.py:3503} INFO - 1 downstream tasks scheduled from follow-on schedule check
[2024-10-02T19:24:07.124+0000] {local_task_job_runner.py:222} INFO - ::endgroup::
