[2024-10-02T19:00:08.252+0000] {local_task_job_runner.py:120} INFO - ::group::Pre task execution logs
[2024-10-02T19:00:08.295+0000] {taskinstance.py:2076} INFO - Dependencies all met for dep_context=non-requeueable deps ti=<TaskInstance: etl_covid_europa_pipeline.transformar scheduled__2024-02-14T00:00:00+00:00 [queued]>
[2024-10-02T19:00:08.311+0000] {taskinstance.py:2076} INFO - Dependencies all met for dep_context=requeueable deps ti=<TaskInstance: etl_covid_europa_pipeline.transformar scheduled__2024-02-14T00:00:00+00:00 [queued]>
[2024-10-02T19:00:08.312+0000] {taskinstance.py:2306} INFO - Starting attempt 1 of 1
[2024-10-02T19:00:08.662+0000] {taskinstance.py:2330} INFO - Executing <Task(PythonOperator): transformar> on 2024-02-14 00:00:00+00:00
[2024-10-02T19:00:08.671+0000] {warnings.py:112} WARNING - /home/***/.local/lib/python3.12/site-packages/***/task/task_runner/standard_task_runner.py:61: DeprecationWarning: This process (pid=6477) is multi-threaded, use of fork() may lead to deadlocks in the child.
  pid = os.fork()

[2024-10-02T19:00:08.676+0000] {standard_task_runner.py:63} INFO - Started process 6490 to run task
[2024-10-02T19:00:08.675+0000] {standard_task_runner.py:90} INFO - Running: ['***', 'tasks', 'run', 'etl_covid_europa_pipeline', 'transformar', 'scheduled__2024-02-14T00:00:00+00:00', '--job-id', '1366', '--raw', '--subdir', 'DAGS_FOLDER/etl_pipeline.py', '--cfg-path', '/tmp/tmp453a8rgz']
[2024-10-02T19:00:08.677+0000] {standard_task_runner.py:91} INFO - Job 1366: Subtask transformar
[2024-10-02T19:00:08.780+0000] {task_command.py:426} INFO - Running <TaskInstance: etl_covid_europa_pipeline.transformar scheduled__2024-02-14T00:00:00+00:00 [running]> on host 99de7dfc3871
[2024-10-02T19:00:08.926+0000] {taskinstance.py:2648} INFO - Exporting env vars: AIRFLOW_CTX_DAG_OWNER='***' AIRFLOW_CTX_DAG_ID='etl_covid_europa_pipeline' AIRFLOW_CTX_TASK_ID='transformar' AIRFLOW_CTX_EXECUTION_DATE='2024-02-14T00:00:00+00:00' AIRFLOW_CTX_TRY_NUMBER='1' AIRFLOW_CTX_DAG_RUN_ID='scheduled__2024-02-14T00:00:00+00:00'
[2024-10-02T19:00:08.928+0000] {taskinstance.py:430} INFO - ::endgroup::
[2024-10-02T19:00:09.170+0000] {python.py:237} INFO - Done. Returned value was: None
[2024-10-02T19:00:09.173+0000] {taskinstance.py:441} INFO - ::group::Post task execution logs
[2024-10-02T19:00:09.192+0000] {taskinstance.py:1206} INFO - Marking task as SUCCESS. dag_id=etl_covid_europa_pipeline, task_id=transformar, run_id=scheduled__2024-02-14T00:00:00+00:00, execution_date=20240214T000000, start_date=20241002T190008, end_date=20241002T190009
[2024-10-02T19:00:09.254+0000] {local_task_job_runner.py:240} INFO - Task exited with return code 0
[2024-10-02T19:00:09.294+0000] {taskinstance.py:3503} INFO - 1 downstream tasks scheduled from follow-on schedule check
[2024-10-02T19:00:09.303+0000] {local_task_job_runner.py:222} INFO - ::endgroup::
[2024-10-02T19:26:09.285+0000] {local_task_job_runner.py:120} INFO - ::group::Pre task execution logs
[2024-10-02T19:26:09.332+0000] {taskinstance.py:2076} INFO - Dependencies all met for dep_context=non-requeueable deps ti=<TaskInstance: etl_covid_europa_pipeline.transformar scheduled__2024-02-14T00:00:00+00:00 [queued]>
[2024-10-02T19:26:09.601+0000] {taskinstance.py:2076} INFO - Dependencies all met for dep_context=requeueable deps ti=<TaskInstance: etl_covid_europa_pipeline.transformar scheduled__2024-02-14T00:00:00+00:00 [queued]>
[2024-10-02T19:26:09.602+0000] {taskinstance.py:2306} INFO - Starting attempt 1 of 1
[2024-10-02T19:26:09.622+0000] {taskinstance.py:2330} INFO - Executing <Task(PythonOperator): transformar> on 2024-02-14 00:00:00+00:00
[2024-10-02T19:26:09.631+0000] {warnings.py:112} WARNING - /home/***/.local/lib/python3.12/site-packages/***/task/task_runner/standard_task_runner.py:61: DeprecationWarning: This process (pid=9829) is multi-threaded, use of fork() may lead to deadlocks in the child.
  pid = os.fork()

[2024-10-02T19:26:09.634+0000] {standard_task_runner.py:63} INFO - Started process 9848 to run task
[2024-10-02T19:26:09.634+0000] {standard_task_runner.py:90} INFO - Running: ['***', 'tasks', 'run', 'etl_covid_europa_pipeline', 'transformar', 'scheduled__2024-02-14T00:00:00+00:00', '--job-id', '2374', '--raw', '--subdir', 'DAGS_FOLDER/etl_pipeline.py', '--cfg-path', '/tmp/tmpjisa2ee4']
[2024-10-02T19:26:09.637+0000] {standard_task_runner.py:91} INFO - Job 2374: Subtask transformar
[2024-10-02T19:26:09.696+0000] {task_command.py:426} INFO - Running <TaskInstance: etl_covid_europa_pipeline.transformar scheduled__2024-02-14T00:00:00+00:00 [running]> on host 99de7dfc3871
[2024-10-02T19:26:09.803+0000] {taskinstance.py:2648} INFO - Exporting env vars: AIRFLOW_CTX_DAG_OWNER='***' AIRFLOW_CTX_DAG_ID='etl_covid_europa_pipeline' AIRFLOW_CTX_TASK_ID='transformar' AIRFLOW_CTX_EXECUTION_DATE='2024-02-14T00:00:00+00:00' AIRFLOW_CTX_TRY_NUMBER='1' AIRFLOW_CTX_DAG_RUN_ID='scheduled__2024-02-14T00:00:00+00:00'
[2024-10-02T19:26:09.807+0000] {taskinstance.py:430} INFO - ::endgroup::
[2024-10-02T19:26:09.907+0000] {python.py:237} INFO - Done. Returned value was: None
[2024-10-02T19:26:09.908+0000] {taskinstance.py:441} INFO - ::group::Post task execution logs
[2024-10-02T19:26:09.918+0000] {taskinstance.py:1206} INFO - Marking task as SUCCESS. dag_id=etl_covid_europa_pipeline, task_id=transformar, run_id=scheduled__2024-02-14T00:00:00+00:00, execution_date=20240214T000000, start_date=20241002T192609, end_date=20241002T192609
[2024-10-02T19:26:09.969+0000] {local_task_job_runner.py:240} INFO - Task exited with return code 0
[2024-10-02T19:26:09.991+0000] {taskinstance.py:3503} INFO - 1 downstream tasks scheduled from follow-on schedule check
[2024-10-02T19:26:09.995+0000] {local_task_job_runner.py:222} INFO - ::endgroup::
