[2024-10-02T18:58:49.359+0000] {local_task_job_runner.py:120} INFO - ::group::Pre task execution logs
[2024-10-02T18:58:49.381+0000] {taskinstance.py:2076} INFO - Dependencies all met for dep_context=non-requeueable deps ti=<TaskInstance: etl_covid_europa_pipeline.carregar scheduled__2023-12-22T00:00:00+00:00 [queued]>
[2024-10-02T18:58:49.557+0000] {taskinstance.py:2076} INFO - Dependencies all met for dep_context=requeueable deps ti=<TaskInstance: etl_covid_europa_pipeline.carregar scheduled__2023-12-22T00:00:00+00:00 [queued]>
[2024-10-02T18:58:49.557+0000] {taskinstance.py:2306} INFO - Starting attempt 1 of 1
[2024-10-02T18:58:49.570+0000] {taskinstance.py:2330} INFO - Executing <Task(PythonOperator): carregar> on 2023-12-22 00:00:00+00:00
[2024-10-02T18:58:49.577+0000] {warnings.py:112} WARNING - /home/***/.local/lib/python3.12/site-packages/***/task/task_runner/standard_task_runner.py:61: DeprecationWarning: This process (pid=6042) is multi-threaded, use of fork() may lead to deadlocks in the child.
  pid = os.fork()

[2024-10-02T18:58:49.579+0000] {standard_task_runner.py:63} INFO - Started process 6054 to run task
[2024-10-02T18:58:49.579+0000] {standard_task_runner.py:90} INFO - Running: ['***', 'tasks', 'run', 'etl_covid_europa_pipeline', 'carregar', 'scheduled__2023-12-22T00:00:00+00:00', '--job-id', '1228', '--raw', '--subdir', 'DAGS_FOLDER/etl_pipeline.py', '--cfg-path', '/tmp/tmpcwpbw2df']
[2024-10-02T18:58:49.581+0000] {standard_task_runner.py:91} INFO - Job 1228: Subtask carregar
[2024-10-02T18:58:49.618+0000] {task_command.py:426} INFO - Running <TaskInstance: etl_covid_europa_pipeline.carregar scheduled__2023-12-22T00:00:00+00:00 [running]> on host 99de7dfc3871
[2024-10-02T18:58:49.696+0000] {taskinstance.py:2648} INFO - Exporting env vars: AIRFLOW_CTX_DAG_OWNER='***' AIRFLOW_CTX_DAG_ID='etl_covid_europa_pipeline' AIRFLOW_CTX_TASK_ID='carregar' AIRFLOW_CTX_EXECUTION_DATE='2023-12-22T00:00:00+00:00' AIRFLOW_CTX_TRY_NUMBER='1' AIRFLOW_CTX_DAG_RUN_ID='scheduled__2023-12-22T00:00:00+00:00'
[2024-10-02T18:58:49.699+0000] {taskinstance.py:430} INFO - ::endgroup::
[2024-10-02T18:58:49.752+0000] {python.py:237} INFO - Done. Returned value was: None
[2024-10-02T18:58:49.753+0000] {taskinstance.py:441} INFO - ::group::Post task execution logs
[2024-10-02T18:58:49.761+0000] {taskinstance.py:1206} INFO - Marking task as SUCCESS. dag_id=etl_covid_europa_pipeline, task_id=carregar, run_id=scheduled__2023-12-22T00:00:00+00:00, execution_date=20231222T000000, start_date=20241002T185849, end_date=20241002T185849
[2024-10-02T18:58:49.792+0000] {local_task_job_runner.py:240} INFO - Task exited with return code 0
[2024-10-02T18:58:49.805+0000] {taskinstance.py:3503} INFO - 0 downstream tasks scheduled from follow-on schedule check
[2024-10-02T18:58:49.807+0000] {local_task_job_runner.py:222} INFO - ::endgroup::
[2024-10-02T19:25:07.027+0000] {local_task_job_runner.py:120} INFO - ::group::Pre task execution logs
[2024-10-02T19:25:07.052+0000] {taskinstance.py:2076} INFO - Dependencies all met for dep_context=non-requeueable deps ti=<TaskInstance: etl_covid_europa_pipeline.carregar scheduled__2023-12-22T00:00:00+00:00 [queued]>
[2024-10-02T19:25:07.062+0000] {taskinstance.py:2076} INFO - Dependencies all met for dep_context=requeueable deps ti=<TaskInstance: etl_covid_europa_pipeline.carregar scheduled__2023-12-22T00:00:00+00:00 [queued]>
[2024-10-02T19:25:07.064+0000] {taskinstance.py:2306} INFO - Starting attempt 1 of 1
[2024-10-02T19:25:07.285+0000] {taskinstance.py:2330} INFO - Executing <Task(PythonOperator): carregar> on 2023-12-22 00:00:00+00:00
[2024-10-02T19:25:07.292+0000] {warnings.py:112} WARNING - /home/***/.local/lib/python3.12/site-packages/***/task/task_runner/standard_task_runner.py:61: DeprecationWarning: This process (pid=9393) is multi-threaded, use of fork() may lead to deadlocks in the child.
  pid = os.fork()

[2024-10-02T19:25:07.294+0000] {standard_task_runner.py:63} INFO - Started process 9405 to run task
[2024-10-02T19:25:07.294+0000] {standard_task_runner.py:90} INFO - Running: ['***', 'tasks', 'run', 'etl_covid_europa_pipeline', 'carregar', 'scheduled__2023-12-22T00:00:00+00:00', '--job-id', '2232', '--raw', '--subdir', 'DAGS_FOLDER/etl_pipeline.py', '--cfg-path', '/tmp/tmpx55zx1y_']
[2024-10-02T19:25:07.297+0000] {standard_task_runner.py:91} INFO - Job 2232: Subtask carregar
[2024-10-02T19:25:07.343+0000] {task_command.py:426} INFO - Running <TaskInstance: etl_covid_europa_pipeline.carregar scheduled__2023-12-22T00:00:00+00:00 [running]> on host 99de7dfc3871
[2024-10-02T19:25:07.456+0000] {taskinstance.py:2648} INFO - Exporting env vars: AIRFLOW_CTX_DAG_OWNER='***' AIRFLOW_CTX_DAG_ID='etl_covid_europa_pipeline' AIRFLOW_CTX_TASK_ID='carregar' AIRFLOW_CTX_EXECUTION_DATE='2023-12-22T00:00:00+00:00' AIRFLOW_CTX_TRY_NUMBER='1' AIRFLOW_CTX_DAG_RUN_ID='scheduled__2023-12-22T00:00:00+00:00'
[2024-10-02T19:25:07.457+0000] {taskinstance.py:430} INFO - ::endgroup::
[2024-10-02T19:25:07.531+0000] {python.py:237} INFO - Done. Returned value was: None
[2024-10-02T19:25:07.533+0000] {taskinstance.py:441} INFO - ::group::Post task execution logs
[2024-10-02T19:25:07.544+0000] {taskinstance.py:1206} INFO - Marking task as SUCCESS. dag_id=etl_covid_europa_pipeline, task_id=carregar, run_id=scheduled__2023-12-22T00:00:00+00:00, execution_date=20231222T000000, start_date=20241002T192507, end_date=20241002T192507
[2024-10-02T19:25:07.629+0000] {local_task_job_runner.py:240} INFO - Task exited with return code 0
[2024-10-02T19:25:07.647+0000] {taskinstance.py:3503} INFO - 0 downstream tasks scheduled from follow-on schedule check
[2024-10-02T19:25:07.651+0000] {local_task_job_runner.py:222} INFO - ::endgroup::
