[2024-10-02T17:28:39.139+0000] {local_task_job_runner.py:120} INFO - ::group::Pre task execution logs
[2024-10-02T17:28:39.167+0000] {taskinstance.py:2076} INFO - Dependencies all met for dep_context=non-requeueable deps ti=<TaskInstance: etl_covid_europa_pipeline.extrair scheduled__2024-04-13T00:00:00+00:00 [queued]>
[2024-10-02T17:28:39.177+0000] {taskinstance.py:2076} INFO - Dependencies all met for dep_context=requeueable deps ti=<TaskInstance: etl_covid_europa_pipeline.extrair scheduled__2024-04-13T00:00:00+00:00 [queued]>
[2024-10-02T17:28:39.177+0000] {taskinstance.py:2306} INFO - Starting attempt 1 of 1
[2024-10-02T17:28:39.394+0000] {taskinstance.py:2330} INFO - Executing <Task(PythonOperator): extrair> on 2024-04-13 00:00:00+00:00
[2024-10-02T17:28:39.401+0000] {warnings.py:112} WARNING - /home/***/.local/lib/python3.12/site-packages/***/task/task_runner/standard_task_runner.py:61: DeprecationWarning: This process (pid=2201) is multi-threaded, use of fork() may lead to deadlocks in the child.
  pid = os.fork()

[2024-10-02T17:28:39.403+0000] {standard_task_runner.py:63} INFO - Started process 2217 to run task
[2024-10-02T17:28:39.403+0000] {standard_task_runner.py:90} INFO - Running: ['***', 'tasks', 'run', 'etl_covid_europa_pipeline', 'extrair', 'scheduled__2024-04-13T00:00:00+00:00', '--job-id', '337', '--raw', '--subdir', 'DAGS_FOLDER/etl_pipeline.py', '--cfg-path', '/tmp/tmp_fdazv2j']
[2024-10-02T17:28:39.405+0000] {standard_task_runner.py:91} INFO - Job 337: Subtask extrair
[2024-10-02T17:28:39.453+0000] {task_command.py:426} INFO - Running <TaskInstance: etl_covid_europa_pipeline.extrair scheduled__2024-04-13T00:00:00+00:00 [running]> on host 99de7dfc3871
[2024-10-02T17:28:39.543+0000] {taskinstance.py:2648} INFO - Exporting env vars: AIRFLOW_CTX_DAG_OWNER='***' AIRFLOW_CTX_DAG_ID='etl_covid_europa_pipeline' AIRFLOW_CTX_TASK_ID='extrair' AIRFLOW_CTX_EXECUTION_DATE='2024-04-13T00:00:00+00:00' AIRFLOW_CTX_TRY_NUMBER='1' AIRFLOW_CTX_DAG_RUN_ID='scheduled__2024-04-13T00:00:00+00:00'
[2024-10-02T17:28:39.545+0000] {taskinstance.py:430} INFO - ::endgroup::
[2024-10-02T17:28:45.981+0000] {python.py:237} INFO - Done. Returned value was: None
[2024-10-02T17:28:45.981+0000] {taskinstance.py:441} INFO - ::group::Post task execution logs
[2024-10-02T17:28:45.991+0000] {taskinstance.py:1206} INFO - Marking task as SUCCESS. dag_id=etl_covid_europa_pipeline, task_id=extrair, run_id=scheduled__2024-04-13T00:00:00+00:00, execution_date=20240413T000000, start_date=20241002T172839, end_date=20241002T172845
[2024-10-02T17:28:46.069+0000] {local_task_job_runner.py:240} INFO - Task exited with return code 0
[2024-10-02T17:28:46.098+0000] {taskinstance.py:3503} INFO - 1 downstream tasks scheduled from follow-on schedule check
[2024-10-02T17:28:46.101+0000] {local_task_job_runner.py:222} INFO - ::endgroup::
[2024-10-02T19:01:13.764+0000] {local_task_job_runner.py:120} INFO - ::group::Pre task execution logs
[2024-10-02T19:01:13.787+0000] {taskinstance.py:2076} INFO - Dependencies all met for dep_context=non-requeueable deps ti=<TaskInstance: etl_covid_europa_pipeline.extrair scheduled__2024-04-13T00:00:00+00:00 [queued]>
[2024-10-02T19:01:13.975+0000] {taskinstance.py:2076} INFO - Dependencies all met for dep_context=requeueable deps ti=<TaskInstance: etl_covid_europa_pipeline.extrair scheduled__2024-04-13T00:00:00+00:00 [queued]>
[2024-10-02T19:01:13.976+0000] {taskinstance.py:2306} INFO - Starting attempt 1 of 1
[2024-10-02T19:01:13.989+0000] {taskinstance.py:2330} INFO - Executing <Task(PythonOperator): extrair> on 2024-04-13 00:00:00+00:00
[2024-10-02T19:01:13.996+0000] {warnings.py:112} WARNING - /home/***/.local/lib/python3.12/site-packages/***/task/task_runner/standard_task_runner.py:61: DeprecationWarning: This process (pid=6941) is multi-threaded, use of fork() may lead to deadlocks in the child.
  pid = os.fork()

[2024-10-02T19:01:13.998+0000] {standard_task_runner.py:63} INFO - Started process 6954 to run task
[2024-10-02T19:01:13.998+0000] {standard_task_runner.py:90} INFO - Running: ['***', 'tasks', 'run', 'etl_covid_europa_pipeline', 'extrair', 'scheduled__2024-04-13T00:00:00+00:00', '--job-id', '1517', '--raw', '--subdir', 'DAGS_FOLDER/etl_pipeline.py', '--cfg-path', '/tmp/tmpflevdbne']
[2024-10-02T19:01:14.000+0000] {standard_task_runner.py:91} INFO - Job 1517: Subtask extrair
[2024-10-02T19:01:14.039+0000] {task_command.py:426} INFO - Running <TaskInstance: etl_covid_europa_pipeline.extrair scheduled__2024-04-13T00:00:00+00:00 [running]> on host 99de7dfc3871
[2024-10-02T19:01:14.126+0000] {taskinstance.py:2648} INFO - Exporting env vars: AIRFLOW_CTX_DAG_OWNER='***' AIRFLOW_CTX_DAG_ID='etl_covid_europa_pipeline' AIRFLOW_CTX_TASK_ID='extrair' AIRFLOW_CTX_EXECUTION_DATE='2024-04-13T00:00:00+00:00' AIRFLOW_CTX_TRY_NUMBER='1' AIRFLOW_CTX_DAG_RUN_ID='scheduled__2024-04-13T00:00:00+00:00'
[2024-10-02T19:01:14.129+0000] {taskinstance.py:430} INFO - ::endgroup::
[2024-10-02T19:01:20.019+0000] {python.py:237} INFO - Done. Returned value was: None
[2024-10-02T19:01:20.020+0000] {taskinstance.py:441} INFO - ::group::Post task execution logs
[2024-10-02T19:01:20.031+0000] {taskinstance.py:1206} INFO - Marking task as SUCCESS. dag_id=etl_covid_europa_pipeline, task_id=extrair, run_id=scheduled__2024-04-13T00:00:00+00:00, execution_date=20240413T000000, start_date=20241002T190113, end_date=20241002T190120
[2024-10-02T19:01:20.098+0000] {local_task_job_runner.py:240} INFO - Task exited with return code 0
[2024-10-02T19:01:20.126+0000] {taskinstance.py:3503} INFO - 1 downstream tasks scheduled from follow-on schedule check
[2024-10-02T19:01:20.128+0000] {local_task_job_runner.py:222} INFO - ::endgroup::
[2024-10-02T19:27:26.183+0000] {local_task_job_runner.py:120} INFO - ::group::Pre task execution logs
[2024-10-02T19:27:26.412+0000] {taskinstance.py:2076} INFO - Dependencies all met for dep_context=non-requeueable deps ti=<TaskInstance: etl_covid_europa_pipeline.extrair scheduled__2024-04-13T00:00:00+00:00 [queued]>
[2024-10-02T19:27:26.421+0000] {taskinstance.py:2076} INFO - Dependencies all met for dep_context=requeueable deps ti=<TaskInstance: etl_covid_europa_pipeline.extrair scheduled__2024-04-13T00:00:00+00:00 [queued]>
[2024-10-02T19:27:26.422+0000] {taskinstance.py:2306} INFO - Starting attempt 1 of 1
[2024-10-02T19:27:26.514+0000] {taskinstance.py:2330} INFO - Executing <Task(PythonOperator): extrair> on 2024-04-13 00:00:00+00:00
[2024-10-02T19:27:26.520+0000] {warnings.py:112} WARNING - /home/***/.local/lib/python3.12/site-packages/***/task/task_runner/standard_task_runner.py:61: DeprecationWarning: This process (pid=10365) is multi-threaded, use of fork() may lead to deadlocks in the child.
  pid = os.fork()

[2024-10-02T19:27:26.522+0000] {standard_task_runner.py:63} INFO - Started process 10383 to run task
[2024-10-02T19:27:26.522+0000] {standard_task_runner.py:90} INFO - Running: ['***', 'tasks', 'run', 'etl_covid_europa_pipeline', 'extrair', 'scheduled__2024-04-13T00:00:00+00:00', '--job-id', '2547', '--raw', '--subdir', 'DAGS_FOLDER/etl_pipeline_agrupar_continente.py', '--cfg-path', '/tmp/tmph6s_bpsj']
[2024-10-02T19:27:26.523+0000] {standard_task_runner.py:91} INFO - Job 2547: Subtask extrair
[2024-10-02T19:27:26.569+0000] {task_command.py:426} INFO - Running <TaskInstance: etl_covid_europa_pipeline.extrair scheduled__2024-04-13T00:00:00+00:00 [running]> on host 99de7dfc3871
[2024-10-02T19:27:26.673+0000] {taskinstance.py:2648} INFO - Exporting env vars: AIRFLOW_CTX_DAG_OWNER='***' AIRFLOW_CTX_DAG_ID='etl_covid_europa_pipeline' AIRFLOW_CTX_TASK_ID='extrair' AIRFLOW_CTX_EXECUTION_DATE='2024-04-13T00:00:00+00:00' AIRFLOW_CTX_TRY_NUMBER='1' AIRFLOW_CTX_DAG_RUN_ID='scheduled__2024-04-13T00:00:00+00:00'
[2024-10-02T19:27:26.674+0000] {taskinstance.py:430} INFO - ::endgroup::
[2024-10-02T19:27:37.677+0000] {taskinstance.py:441} INFO - ::group::Post task execution logs
[2024-10-02T19:27:37.678+0000] {taskinstance.py:2905} ERROR - Task failed with exception
Traceback (most recent call last):
  File "/home/airflow/.local/lib/python3.12/site-packages/airflow/models/taskinstance.py", line 465, in _execute_task
    result = _execute_callable(context=context, **execute_callable_kwargs)
             ^^^^^^^^^^^^^^^^^^^^^^^^^^^^^^^^^^^^^^^^^^^^^^^^^^^^^^^^^^^^^
  File "/home/airflow/.local/lib/python3.12/site-packages/airflow/models/taskinstance.py", line 432, in _execute_callable
    return execute_callable(context=context, **execute_callable_kwargs)
           ^^^^^^^^^^^^^^^^^^^^^^^^^^^^^^^^^^^^^^^^^^^^^^^^^^^^^^^^^^^^
  File "/home/airflow/.local/lib/python3.12/site-packages/airflow/models/baseoperator.py", line 401, in wrapper
    return func(self, *args, **kwargs)
           ^^^^^^^^^^^^^^^^^^^^^^^^^^^
  File "/home/airflow/.local/lib/python3.12/site-packages/airflow/operators/python.py", line 235, in execute
    return_value = self.execute_callable()
                   ^^^^^^^^^^^^^^^^^^^^^^^
  File "/home/airflow/.local/lib/python3.12/site-packages/airflow/operators/python.py", line 252, in execute_callable
    return self.python_callable(*self.op_args, **self.op_kwargs)
           ^^^^^^^^^^^^^^^^^^^^^^^^^^^^^^^^^^^^^^^^^^^^^^^^^^^^^
  File "/opt/airflow/dags/etl_pipeline_agrupar_continente.py", line 9, in extrair
    df = pd.read_csv(url)
         ^^^^^^^^^^^^^^^^
  File "/home/airflow/.local/lib/python3.12/site-packages/pandas/io/parsers/readers.py", line 948, in read_csv
    return _read(filepath_or_buffer, kwds)
           ^^^^^^^^^^^^^^^^^^^^^^^^^^^^^^^
  File "/home/airflow/.local/lib/python3.12/site-packages/pandas/io/parsers/readers.py", line 611, in _read
    parser = TextFileReader(filepath_or_buffer, **kwds)
             ^^^^^^^^^^^^^^^^^^^^^^^^^^^^^^^^^^^^^^^^^^
  File "/home/airflow/.local/lib/python3.12/site-packages/pandas/io/parsers/readers.py", line 1448, in __init__
    self._engine = self._make_engine(f, self.engine)
                   ^^^^^^^^^^^^^^^^^^^^^^^^^^^^^^^^^
  File "/home/airflow/.local/lib/python3.12/site-packages/pandas/io/parsers/readers.py", line 1705, in _make_engine
    self.handles = get_handle(
                   ^^^^^^^^^^^
  File "/home/airflow/.local/lib/python3.12/site-packages/pandas/io/common.py", line 718, in get_handle
    ioargs = _get_filepath_or_buffer(
             ^^^^^^^^^^^^^^^^^^^^^^^^
  File "/home/airflow/.local/lib/python3.12/site-packages/pandas/io/common.py", line 377, in _get_filepath_or_buffer
    reader = BytesIO(req.read())
                     ^^^^^^^^^^
  File "/usr/local/lib/python3.12/http/client.py", line 495, in read
    s = self._safe_read(self.length)
        ^^^^^^^^^^^^^^^^^^^^^^^^^^^^
  File "/usr/local/lib/python3.12/http/client.py", line 642, in _safe_read
    raise IncompleteRead(data, amt-len(data))
http.client.IncompleteRead: IncompleteRead(2755907 bytes read, 1551395 more expected)
[2024-10-02T19:27:37.690+0000] {taskinstance.py:1206} INFO - Marking task as FAILED. dag_id=etl_covid_europa_pipeline, task_id=extrair, run_id=scheduled__2024-04-13T00:00:00+00:00, execution_date=20240413T000000, start_date=20241002T192726, end_date=20241002T192737
[2024-10-02T19:27:37.702+0000] {standard_task_runner.py:110} ERROR - Failed to execute job 2547 for task extrair (IncompleteRead(2755907 bytes read, 1551395 more expected); 10383)
[2024-10-02T19:27:37.737+0000] {local_task_job_runner.py:240} INFO - Task exited with return code 1
[2024-10-02T19:27:37.755+0000] {taskinstance.py:3503} INFO - 0 downstream tasks scheduled from follow-on schedule check
[2024-10-02T19:27:37.761+0000] {local_task_job_runner.py:222} INFO - ::endgroup::
