[2024-10-02T17:28:07.528+0000] {local_task_job_runner.py:120} INFO - ::group::Pre task execution logs
[2024-10-02T17:28:07.553+0000] {taskinstance.py:2076} INFO - Dependencies all met for dep_context=non-requeueable deps ti=<TaskInstance: etl_covid_europa_pipeline.extrair scheduled__2024-03-13T00:00:00+00:00 [queued]>
[2024-10-02T17:28:07.561+0000] {taskinstance.py:2076} INFO - Dependencies all met for dep_context=requeueable deps ti=<TaskInstance: etl_covid_europa_pipeline.extrair scheduled__2024-03-13T00:00:00+00:00 [queued]>
[2024-10-02T17:28:07.562+0000] {taskinstance.py:2306} INFO - Starting attempt 1 of 1
[2024-10-02T17:28:07.801+0000] {taskinstance.py:2330} INFO - Executing <Task(PythonOperator): extrair> on 2024-03-13 00:00:00+00:00
[2024-10-02T17:28:07.811+0000] {warnings.py:112} WARNING - /home/***/.local/lib/python3.12/site-packages/***/task/task_runner/standard_task_runner.py:61: DeprecationWarning: This process (pid=2008) is multi-threaded, use of fork() may lead to deadlocks in the child.
  pid = os.fork()

[2024-10-02T17:28:07.813+0000] {standard_task_runner.py:63} INFO - Started process 2024 to run task
[2024-10-02T17:28:07.813+0000] {standard_task_runner.py:90} INFO - Running: ['***', 'tasks', 'run', 'etl_covid_europa_pipeline', 'extrair', 'scheduled__2024-03-13T00:00:00+00:00', '--job-id', '275', '--raw', '--subdir', 'DAGS_FOLDER/etl_pipeline.py', '--cfg-path', '/tmp/tmpt0ierwow']
[2024-10-02T17:28:07.815+0000] {standard_task_runner.py:91} INFO - Job 275: Subtask extrair
[2024-10-02T17:28:07.872+0000] {task_command.py:426} INFO - Running <TaskInstance: etl_covid_europa_pipeline.extrair scheduled__2024-03-13T00:00:00+00:00 [running]> on host 99de7dfc3871
[2024-10-02T17:28:07.969+0000] {taskinstance.py:2648} INFO - Exporting env vars: AIRFLOW_CTX_DAG_OWNER='***' AIRFLOW_CTX_DAG_ID='etl_covid_europa_pipeline' AIRFLOW_CTX_TASK_ID='extrair' AIRFLOW_CTX_EXECUTION_DATE='2024-03-13T00:00:00+00:00' AIRFLOW_CTX_TRY_NUMBER='1' AIRFLOW_CTX_DAG_RUN_ID='scheduled__2024-03-13T00:00:00+00:00'
[2024-10-02T17:28:07.971+0000] {taskinstance.py:430} INFO - ::endgroup::
[2024-10-02T17:28:14.759+0000] {python.py:237} INFO - Done. Returned value was: None
[2024-10-02T17:28:14.760+0000] {taskinstance.py:441} INFO - ::group::Post task execution logs
[2024-10-02T17:28:14.770+0000] {taskinstance.py:1206} INFO - Marking task as SUCCESS. dag_id=etl_covid_europa_pipeline, task_id=extrair, run_id=scheduled__2024-03-13T00:00:00+00:00, execution_date=20240313T000000, start_date=20241002T172807, end_date=20241002T172814
[2024-10-02T17:28:14.796+0000] {local_task_job_runner.py:240} INFO - Task exited with return code 0
[2024-10-02T17:28:14.821+0000] {taskinstance.py:3503} INFO - 1 downstream tasks scheduled from follow-on schedule check
[2024-10-02T17:28:14.824+0000] {local_task_job_runner.py:222} INFO - ::endgroup::
[2024-10-02T19:00:25.904+0000] {local_task_job_runner.py:120} INFO - ::group::Pre task execution logs
[2024-10-02T19:00:25.927+0000] {taskinstance.py:2076} INFO - Dependencies all met for dep_context=non-requeueable deps ti=<TaskInstance: etl_covid_europa_pipeline.extrair scheduled__2024-03-13T00:00:00+00:00 [queued]>
[2024-10-02T19:00:26.079+0000] {taskinstance.py:2076} INFO - Dependencies all met for dep_context=requeueable deps ti=<TaskInstance: etl_covid_europa_pipeline.extrair scheduled__2024-03-13T00:00:00+00:00 [queued]>
[2024-10-02T19:00:26.080+0000] {taskinstance.py:2306} INFO - Starting attempt 1 of 1
[2024-10-02T19:00:26.093+0000] {taskinstance.py:2330} INFO - Executing <Task(PythonOperator): extrair> on 2024-03-13 00:00:00+00:00
[2024-10-02T19:00:26.098+0000] {warnings.py:112} WARNING - /home/***/.local/lib/python3.12/site-packages/***/task/task_runner/standard_task_runner.py:61: DeprecationWarning: This process (pid=6611) is multi-threaded, use of fork() may lead to deadlocks in the child.
  pid = os.fork()

[2024-10-02T19:00:26.100+0000] {standard_task_runner.py:63} INFO - Started process 6617 to run task
[2024-10-02T19:00:26.099+0000] {standard_task_runner.py:90} INFO - Running: ['***', 'tasks', 'run', 'etl_covid_europa_pipeline', 'extrair', 'scheduled__2024-03-13T00:00:00+00:00', '--job-id', '1409', '--raw', '--subdir', 'DAGS_FOLDER/etl_pipeline.py', '--cfg-path', '/tmp/tmppw99_knr']
[2024-10-02T19:00:26.101+0000] {standard_task_runner.py:91} INFO - Job 1409: Subtask extrair
[2024-10-02T19:00:26.139+0000] {task_command.py:426} INFO - Running <TaskInstance: etl_covid_europa_pipeline.extrair scheduled__2024-03-13T00:00:00+00:00 [running]> on host 99de7dfc3871
[2024-10-02T19:00:26.211+0000] {taskinstance.py:2648} INFO - Exporting env vars: AIRFLOW_CTX_DAG_OWNER='***' AIRFLOW_CTX_DAG_ID='etl_covid_europa_pipeline' AIRFLOW_CTX_TASK_ID='extrair' AIRFLOW_CTX_EXECUTION_DATE='2024-03-13T00:00:00+00:00' AIRFLOW_CTX_TRY_NUMBER='1' AIRFLOW_CTX_DAG_RUN_ID='scheduled__2024-03-13T00:00:00+00:00'
[2024-10-02T19:00:26.213+0000] {taskinstance.py:430} INFO - ::endgroup::
[2024-10-02T19:00:31.651+0000] {python.py:237} INFO - Done. Returned value was: None
[2024-10-02T19:00:31.652+0000] {taskinstance.py:441} INFO - ::group::Post task execution logs
[2024-10-02T19:00:31.665+0000] {taskinstance.py:1206} INFO - Marking task as SUCCESS. dag_id=etl_covid_europa_pipeline, task_id=extrair, run_id=scheduled__2024-03-13T00:00:00+00:00, execution_date=20240313T000000, start_date=20241002T190025, end_date=20241002T190031
[2024-10-02T19:00:31.723+0000] {local_task_job_runner.py:240} INFO - Task exited with return code 0
[2024-10-02T19:00:31.759+0000] {taskinstance.py:3503} INFO - 1 downstream tasks scheduled from follow-on schedule check
[2024-10-02T19:00:31.762+0000] {local_task_job_runner.py:222} INFO - ::endgroup::
[2024-10-02T19:26:43.982+0000] {local_task_job_runner.py:120} INFO - ::group::Pre task execution logs
[2024-10-02T19:26:44.184+0000] {taskinstance.py:2076} INFO - Dependencies all met for dep_context=non-requeueable deps ti=<TaskInstance: etl_covid_europa_pipeline.extrair scheduled__2024-03-13T00:00:00+00:00 [queued]>
[2024-10-02T19:26:44.192+0000] {taskinstance.py:2076} INFO - Dependencies all met for dep_context=requeueable deps ti=<TaskInstance: etl_covid_europa_pipeline.extrair scheduled__2024-03-13T00:00:00+00:00 [queued]>
[2024-10-02T19:26:44.194+0000] {taskinstance.py:2306} INFO - Starting attempt 1 of 1
[2024-10-02T19:26:44.212+0000] {taskinstance.py:2330} INFO - Executing <Task(PythonOperator): extrair> on 2024-03-13 00:00:00+00:00
[2024-10-02T19:26:44.219+0000] {warnings.py:112} WARNING - /home/***/.local/lib/python3.12/site-packages/***/task/task_runner/standard_task_runner.py:61: DeprecationWarning: This process (pid=10066) is multi-threaded, use of fork() may lead to deadlocks in the child.
  pid = os.fork()

[2024-10-02T19:26:44.221+0000] {standard_task_runner.py:63} INFO - Started process 10084 to run task
[2024-10-02T19:26:44.221+0000] {standard_task_runner.py:90} INFO - Running: ['***', 'tasks', 'run', 'etl_covid_europa_pipeline', 'extrair', 'scheduled__2024-03-13T00:00:00+00:00', '--job-id', '2450', '--raw', '--subdir', 'DAGS_FOLDER/etl_pipeline_agrupar_continente.py', '--cfg-path', '/tmp/tmp98lkdwvu']
[2024-10-02T19:26:44.223+0000] {standard_task_runner.py:91} INFO - Job 2450: Subtask extrair
[2024-10-02T19:26:44.272+0000] {task_command.py:426} INFO - Running <TaskInstance: etl_covid_europa_pipeline.extrair scheduled__2024-03-13T00:00:00+00:00 [running]> on host 99de7dfc3871
[2024-10-02T19:26:44.370+0000] {taskinstance.py:2648} INFO - Exporting env vars: AIRFLOW_CTX_DAG_OWNER='***' AIRFLOW_CTX_DAG_ID='etl_covid_europa_pipeline' AIRFLOW_CTX_TASK_ID='extrair' AIRFLOW_CTX_EXECUTION_DATE='2024-03-13T00:00:00+00:00' AIRFLOW_CTX_TRY_NUMBER='1' AIRFLOW_CTX_DAG_RUN_ID='scheduled__2024-03-13T00:00:00+00:00'
[2024-10-02T19:26:44.371+0000] {taskinstance.py:430} INFO - ::endgroup::
[2024-10-02T19:26:50.245+0000] {python.py:237} INFO - Done. Returned value was: None
[2024-10-02T19:26:50.246+0000] {taskinstance.py:441} INFO - ::group::Post task execution logs
[2024-10-02T19:26:50.271+0000] {taskinstance.py:1206} INFO - Marking task as SUCCESS. dag_id=etl_covid_europa_pipeline, task_id=extrair, run_id=scheduled__2024-03-13T00:00:00+00:00, execution_date=20240313T000000, start_date=20241002T192644, end_date=20241002T192650
[2024-10-02T19:26:50.327+0000] {local_task_job_runner.py:240} INFO - Task exited with return code 0
[2024-10-02T19:26:50.353+0000] {taskinstance.py:3503} INFO - 1 downstream tasks scheduled from follow-on schedule check
[2024-10-02T19:26:50.355+0000] {local_task_job_runner.py:222} INFO - ::endgroup::
