[2024-10-02T18:55:27.821+0000] {local_task_job_runner.py:120} INFO - ::group::Pre task execution logs
[2024-10-02T18:55:27.868+0000] {taskinstance.py:2076} INFO - Dependencies all met for dep_context=non-requeueable deps ti=<TaskInstance: etl_covid_europa_pipeline.carregar scheduled__2024-09-01T00:00:00+00:00 [queued]>
[2024-10-02T18:55:28.283+0000] {taskinstance.py:2076} INFO - Dependencies all met for dep_context=requeueable deps ti=<TaskInstance: etl_covid_europa_pipeline.carregar scheduled__2024-09-01T00:00:00+00:00 [queued]>
[2024-10-02T18:55:28.283+0000] {taskinstance.py:2306} INFO - Starting attempt 1 of 1
[2024-10-02T18:55:28.319+0000] {taskinstance.py:2330} INFO - Executing <Task(PythonOperator): carregar> on 2024-09-01 00:00:00+00:00
[2024-10-02T18:55:28.338+0000] {standard_task_runner.py:90} INFO - Running: ['***', 'tasks', 'run', 'etl_covid_europa_pipeline', 'carregar', 'scheduled__2024-09-01T00:00:00+00:00', '--job-id', '893', '--raw', '--subdir', 'DAGS_FOLDER/etl_pipeline.py', '--cfg-path', '/tmp/tmpb5bfh0dh']
[2024-10-02T18:55:28.346+0000] {standard_task_runner.py:91} INFO - Job 893: Subtask carregar
[2024-10-02T18:55:28.336+0000] {warnings.py:112} WARNING - /home/***/.local/lib/python3.12/site-packages/***/task/task_runner/standard_task_runner.py:61: DeprecationWarning: This process (pid=4985) is multi-threaded, use of fork() may lead to deadlocks in the child.
  pid = os.fork()

[2024-10-02T18:55:28.350+0000] {standard_task_runner.py:63} INFO - Started process 5010 to run task
[2024-10-02T18:55:28.461+0000] {task_command.py:426} INFO - Running <TaskInstance: etl_covid_europa_pipeline.carregar scheduled__2024-09-01T00:00:00+00:00 [running]> on host 99de7dfc3871
[2024-10-02T18:55:28.685+0000] {taskinstance.py:2648} INFO - Exporting env vars: AIRFLOW_CTX_DAG_OWNER='***' AIRFLOW_CTX_DAG_ID='etl_covid_europa_pipeline' AIRFLOW_CTX_TASK_ID='carregar' AIRFLOW_CTX_EXECUTION_DATE='2024-09-01T00:00:00+00:00' AIRFLOW_CTX_TRY_NUMBER='1' AIRFLOW_CTX_DAG_RUN_ID='scheduled__2024-09-01T00:00:00+00:00'
[2024-10-02T18:55:28.696+0000] {taskinstance.py:430} INFO - ::endgroup::
[2024-10-02T18:55:28.868+0000] {python.py:237} INFO - Done. Returned value was: None
[2024-10-02T18:55:28.869+0000] {taskinstance.py:441} INFO - ::group::Post task execution logs
[2024-10-02T18:55:28.894+0000] {taskinstance.py:1206} INFO - Marking task as SUCCESS. dag_id=etl_covid_europa_pipeline, task_id=carregar, run_id=scheduled__2024-09-01T00:00:00+00:00, execution_date=20240901T000000, start_date=20241002T185527, end_date=20241002T185528
[2024-10-02T18:55:28.944+0000] {local_task_job_runner.py:240} INFO - Task exited with return code 0
[2024-10-02T18:55:28.967+0000] {taskinstance.py:3503} INFO - 0 downstream tasks scheduled from follow-on schedule check
[2024-10-02T18:55:28.982+0000] {local_task_job_runner.py:222} INFO - ::endgroup::
[2024-10-02T19:04:14.654+0000] {local_task_job_runner.py:120} INFO - ::group::Pre task execution logs
[2024-10-02T19:04:14.861+0000] {taskinstance.py:2076} INFO - Dependencies all met for dep_context=non-requeueable deps ti=<TaskInstance: etl_covid_europa_pipeline.carregar scheduled__2024-09-01T00:00:00+00:00 [queued]>
[2024-10-02T19:04:14.868+0000] {taskinstance.py:2076} INFO - Dependencies all met for dep_context=requeueable deps ti=<TaskInstance: etl_covid_europa_pipeline.carregar scheduled__2024-09-01T00:00:00+00:00 [queued]>
[2024-10-02T19:04:14.868+0000] {taskinstance.py:2306} INFO - Starting attempt 1 of 1
[2024-10-02T19:04:14.880+0000] {taskinstance.py:2330} INFO - Executing <Task(PythonOperator): carregar> on 2024-09-01 00:00:00+00:00
[2024-10-02T19:04:14.885+0000] {warnings.py:112} WARNING - /home/***/.local/lib/python3.12/site-packages/***/task/task_runner/standard_task_runner.py:61: DeprecationWarning: This process (pid=8187) is multi-threaded, use of fork() may lead to deadlocks in the child.
  pid = os.fork()

[2024-10-02T19:04:14.887+0000] {standard_task_runner.py:63} INFO - Started process 8198 to run task
[2024-10-02T19:04:14.887+0000] {standard_task_runner.py:90} INFO - Running: ['***', 'tasks', 'run', 'etl_covid_europa_pipeline', 'carregar', 'scheduled__2024-09-01T00:00:00+00:00', '--job-id', '1919', '--raw', '--subdir', 'DAGS_FOLDER/etl_pipeline.py', '--cfg-path', '/tmp/tmpjndnnoh3']
[2024-10-02T19:04:14.888+0000] {standard_task_runner.py:91} INFO - Job 1919: Subtask carregar
[2024-10-02T19:04:14.933+0000] {task_command.py:426} INFO - Running <TaskInstance: etl_covid_europa_pipeline.carregar scheduled__2024-09-01T00:00:00+00:00 [running]> on host 99de7dfc3871
[2024-10-02T19:04:15.015+0000] {taskinstance.py:2648} INFO - Exporting env vars: AIRFLOW_CTX_DAG_OWNER='***' AIRFLOW_CTX_DAG_ID='etl_covid_europa_pipeline' AIRFLOW_CTX_TASK_ID='carregar' AIRFLOW_CTX_EXECUTION_DATE='2024-09-01T00:00:00+00:00' AIRFLOW_CTX_TRY_NUMBER='1' AIRFLOW_CTX_DAG_RUN_ID='scheduled__2024-09-01T00:00:00+00:00'
[2024-10-02T19:04:15.016+0000] {taskinstance.py:430} INFO - ::endgroup::
[2024-10-02T19:04:15.074+0000] {python.py:237} INFO - Done. Returned value was: None
[2024-10-02T19:04:15.076+0000] {taskinstance.py:441} INFO - ::group::Post task execution logs
[2024-10-02T19:04:15.084+0000] {taskinstance.py:1206} INFO - Marking task as SUCCESS. dag_id=etl_covid_europa_pipeline, task_id=carregar, run_id=scheduled__2024-09-01T00:00:00+00:00, execution_date=20240901T000000, start_date=20241002T190414, end_date=20241002T190415
[2024-10-02T19:04:15.140+0000] {local_task_job_runner.py:240} INFO - Task exited with return code 0
[2024-10-02T19:04:15.154+0000] {taskinstance.py:3503} INFO - 0 downstream tasks scheduled from follow-on schedule check
[2024-10-02T19:04:15.156+0000] {local_task_job_runner.py:222} INFO - ::endgroup::
