[2024-10-02T17:26:14.064+0000] {local_task_job_runner.py:120} INFO - ::group::Pre task execution logs
[2024-10-02T17:26:14.092+0000] {taskinstance.py:2076} INFO - Dependencies all met for dep_context=non-requeueable deps ti=<TaskInstance: etl_covid_europa_pipeline.transformar scheduled__2023-11-22T00:00:00+00:00 [queued]>
[2024-10-02T17:26:14.103+0000] {taskinstance.py:2076} INFO - Dependencies all met for dep_context=requeueable deps ti=<TaskInstance: etl_covid_europa_pipeline.transformar scheduled__2023-11-22T00:00:00+00:00 [queued]>
[2024-10-02T17:26:14.104+0000] {taskinstance.py:2306} INFO - Starting attempt 1 of 1
[2024-10-02T17:26:14.334+0000] {taskinstance.py:2330} INFO - Executing <Task(PythonOperator): transformar> on 2023-11-22 00:00:00+00:00
[2024-10-02T17:26:14.343+0000] {warnings.py:112} WARNING - /home/***/.local/lib/python3.12/site-packages/***/task/task_runner/standard_task_runner.py:61: DeprecationWarning: This process (pid=1536) is multi-threaded, use of fork() may lead to deadlocks in the child.
  pid = os.fork()

[2024-10-02T17:26:14.344+0000] {standard_task_runner.py:63} INFO - Started process 1541 to run task
[2024-10-02T17:26:14.344+0000] {standard_task_runner.py:90} INFO - Running: ['***', 'tasks', 'run', 'etl_covid_europa_pipeline', 'transformar', 'scheduled__2023-11-22T00:00:00+00:00', '--job-id', '124', '--raw', '--subdir', 'DAGS_FOLDER/etl_pipeline.py', '--cfg-path', '/tmp/tmpir1p9alc']
[2024-10-02T17:26:14.346+0000] {standard_task_runner.py:91} INFO - Job 124: Subtask transformar
[2024-10-02T17:26:14.402+0000] {task_command.py:426} INFO - Running <TaskInstance: etl_covid_europa_pipeline.transformar scheduled__2023-11-22T00:00:00+00:00 [running]> on host 99de7dfc3871
[2024-10-02T17:26:14.506+0000] {taskinstance.py:2648} INFO - Exporting env vars: AIRFLOW_CTX_DAG_OWNER='***' AIRFLOW_CTX_DAG_ID='etl_covid_europa_pipeline' AIRFLOW_CTX_TASK_ID='transformar' AIRFLOW_CTX_EXECUTION_DATE='2023-11-22T00:00:00+00:00' AIRFLOW_CTX_TRY_NUMBER='1' AIRFLOW_CTX_DAG_RUN_ID='scheduled__2023-11-22T00:00:00+00:00'
[2024-10-02T17:26:14.507+0000] {taskinstance.py:430} INFO - ::endgroup::
[2024-10-02T17:26:14.566+0000] {taskinstance.py:441} INFO - ::group::Post task execution logs
[2024-10-02T17:26:14.567+0000] {taskinstance.py:2905} ERROR - Task failed with exception
Traceback (most recent call last):
  File "/home/airflow/.local/lib/python3.12/site-packages/airflow/models/taskinstance.py", line 465, in _execute_task
    result = _execute_callable(context=context, **execute_callable_kwargs)
             ^^^^^^^^^^^^^^^^^^^^^^^^^^^^^^^^^^^^^^^^^^^^^^^^^^^^^^^^^^^^^
  File "/home/airflow/.local/lib/python3.12/site-packages/airflow/models/taskinstance.py", line 432, in _execute_callable
    return execute_callable(context=context, **execute_callable_kwargs)
           ^^^^^^^^^^^^^^^^^^^^^^^^^^^^^^^^^^^^^^^^^^^^^^^^^^^^^^^^^^^^
  File "/home/airflow/.local/lib/python3.12/site-packages/airflow/models/baseoperator.py", line 401, in wrapper
    return func(self, *args, **kwargs)
           ^^^^^^^^^^^^^^^^^^^^^^^^^^^
  File "/home/airflow/.local/lib/python3.12/site-packages/airflow/operators/python.py", line 235, in execute
    return_value = self.execute_callable()
                   ^^^^^^^^^^^^^^^^^^^^^^^
  File "/home/airflow/.local/lib/python3.12/site-packages/airflow/operators/python.py", line 252, in execute_callable
    return self.python_callable(*self.op_args, **self.op_kwargs)
           ^^^^^^^^^^^^^^^^^^^^^^^^^^^^^^^^^^^^^^^^^^^^^^^^^^^^^
  File "/opt/airflow/dags/etl_pipeline.py", line 17, in transformar
    df_agrupada = df.groupby('ContinentExp')[['cases', 'deaths']].sum().reset_index()
                  ^^^^^^^^^^^^^^^^^^^^^^^^^^
  File "/home/airflow/.local/lib/python3.12/site-packages/pandas/core/frame.py", line 8869, in groupby
    return DataFrameGroupBy(
           ^^^^^^^^^^^^^^^^^
  File "/home/airflow/.local/lib/python3.12/site-packages/pandas/core/groupby/groupby.py", line 1278, in __init__
    grouper, exclusions, obj = get_grouper(
                               ^^^^^^^^^^^^
  File "/home/airflow/.local/lib/python3.12/site-packages/pandas/core/groupby/grouper.py", line 1009, in get_grouper
    raise KeyError(gpr)
KeyError: 'ContinentExp'
[2024-10-02T17:26:14.584+0000] {taskinstance.py:1206} INFO - Marking task as FAILED. dag_id=etl_covid_europa_pipeline, task_id=transformar, run_id=scheduled__2023-11-22T00:00:00+00:00, execution_date=20231122T000000, start_date=20241002T172614, end_date=20241002T172614
[2024-10-02T17:26:14.597+0000] {standard_task_runner.py:110} ERROR - Failed to execute job 124 for task transformar ('ContinentExp'; 1541)
[2024-10-02T17:26:14.638+0000] {local_task_job_runner.py:240} INFO - Task exited with return code 1
[2024-10-02T17:26:14.667+0000] {taskinstance.py:3503} INFO - 0 downstream tasks scheduled from follow-on schedule check
[2024-10-02T17:26:14.672+0000] {local_task_job_runner.py:222} INFO - ::endgroup::
[2024-10-02T18:58:18.926+0000] {local_task_job_runner.py:120} INFO - ::group::Pre task execution logs
[2024-10-02T18:58:18.969+0000] {taskinstance.py:2076} INFO - Dependencies all met for dep_context=non-requeueable deps ti=<TaskInstance: etl_covid_europa_pipeline.transformar scheduled__2023-11-22T00:00:00+00:00 [queued]>
[2024-10-02T18:58:19.320+0000] {taskinstance.py:2076} INFO - Dependencies all met for dep_context=requeueable deps ti=<TaskInstance: etl_covid_europa_pipeline.transformar scheduled__2023-11-22T00:00:00+00:00 [queued]>
[2024-10-02T18:58:19.322+0000] {taskinstance.py:2306} INFO - Starting attempt 1 of 1
[2024-10-02T18:58:19.357+0000] {taskinstance.py:2330} INFO - Executing <Task(PythonOperator): transformar> on 2023-11-22 00:00:00+00:00
[2024-10-02T18:58:19.372+0000] {standard_task_runner.py:90} INFO - Running: ['***', 'tasks', 'run', 'etl_covid_europa_pipeline', 'transformar', 'scheduled__2023-11-22T00:00:00+00:00', '--job-id', '1132', '--raw', '--subdir', 'DAGS_FOLDER/etl_pipeline.py', '--cfg-path', '/tmp/tmp95zsh71f']
[2024-10-02T18:58:19.377+0000] {standard_task_runner.py:91} INFO - Job 1132: Subtask transformar
[2024-10-02T18:58:19.367+0000] {warnings.py:112} WARNING - /home/***/.local/lib/python3.12/site-packages/***/task/task_runner/standard_task_runner.py:61: DeprecationWarning: This process (pid=5757) is multi-threaded, use of fork() may lead to deadlocks in the child.
  pid = os.fork()

[2024-10-02T18:58:19.383+0000] {standard_task_runner.py:63} INFO - Started process 5773 to run task
[2024-10-02T18:58:19.493+0000] {task_command.py:426} INFO - Running <TaskInstance: etl_covid_europa_pipeline.transformar scheduled__2023-11-22T00:00:00+00:00 [running]> on host 99de7dfc3871
[2024-10-02T18:58:19.727+0000] {taskinstance.py:2648} INFO - Exporting env vars: AIRFLOW_CTX_DAG_OWNER='***' AIRFLOW_CTX_DAG_ID='etl_covid_europa_pipeline' AIRFLOW_CTX_TASK_ID='transformar' AIRFLOW_CTX_EXECUTION_DATE='2023-11-22T00:00:00+00:00' AIRFLOW_CTX_TRY_NUMBER='1' AIRFLOW_CTX_DAG_RUN_ID='scheduled__2023-11-22T00:00:00+00:00'
[2024-10-02T18:58:19.732+0000] {taskinstance.py:430} INFO - ::endgroup::
[2024-10-02T18:58:20.058+0000] {python.py:237} INFO - Done. Returned value was: None
[2024-10-02T18:58:20.059+0000] {taskinstance.py:441} INFO - ::group::Post task execution logs
[2024-10-02T18:58:20.072+0000] {taskinstance.py:1206} INFO - Marking task as SUCCESS. dag_id=etl_covid_europa_pipeline, task_id=transformar, run_id=scheduled__2023-11-22T00:00:00+00:00, execution_date=20231122T000000, start_date=20241002T185818, end_date=20241002T185820
[2024-10-02T18:58:20.137+0000] {local_task_job_runner.py:240} INFO - Task exited with return code 0
[2024-10-02T18:58:20.162+0000] {taskinstance.py:3503} INFO - 1 downstream tasks scheduled from follow-on schedule check
[2024-10-02T18:58:20.167+0000] {local_task_job_runner.py:222} INFO - ::endgroup::
[2024-10-02T19:24:31.127+0000] {local_task_job_runner.py:120} INFO - ::group::Pre task execution logs
[2024-10-02T19:24:31.160+0000] {taskinstance.py:2076} INFO - Dependencies all met for dep_context=non-requeueable deps ti=<TaskInstance: etl_covid_europa_pipeline.transformar scheduled__2023-11-22T00:00:00+00:00 [queued]>
[2024-10-02T19:24:31.458+0000] {taskinstance.py:2076} INFO - Dependencies all met for dep_context=requeueable deps ti=<TaskInstance: etl_covid_europa_pipeline.transformar scheduled__2023-11-22T00:00:00+00:00 [queued]>
[2024-10-02T19:24:31.459+0000] {taskinstance.py:2306} INFO - Starting attempt 1 of 1
[2024-10-02T19:24:31.489+0000] {taskinstance.py:2330} INFO - Executing <Task(PythonOperator): transformar> on 2023-11-22 00:00:00+00:00
[2024-10-02T19:24:31.496+0000] {warnings.py:112} WARNING - /home/***/.local/lib/python3.12/site-packages/***/task/task_runner/standard_task_runner.py:61: DeprecationWarning: This process (pid=9125) is multi-threaded, use of fork() may lead to deadlocks in the child.
  pid = os.fork()

[2024-10-02T19:24:31.499+0000] {standard_task_runner.py:63} INFO - Started process 9143 to run task
[2024-10-02T19:24:31.498+0000] {standard_task_runner.py:90} INFO - Running: ['***', 'tasks', 'run', 'etl_covid_europa_pipeline', 'transformar', 'scheduled__2023-11-22T00:00:00+00:00', '--job-id', '2143', '--raw', '--subdir', 'DAGS_FOLDER/etl_pipeline.py', '--cfg-path', '/tmp/tmpzo2v9lop']
[2024-10-02T19:24:31.500+0000] {standard_task_runner.py:91} INFO - Job 2143: Subtask transformar
[2024-10-02T19:24:31.565+0000] {task_command.py:426} INFO - Running <TaskInstance: etl_covid_europa_pipeline.transformar scheduled__2023-11-22T00:00:00+00:00 [running]> on host 99de7dfc3871
[2024-10-02T19:24:31.678+0000] {taskinstance.py:2648} INFO - Exporting env vars: AIRFLOW_CTX_DAG_OWNER='***' AIRFLOW_CTX_DAG_ID='etl_covid_europa_pipeline' AIRFLOW_CTX_TASK_ID='transformar' AIRFLOW_CTX_EXECUTION_DATE='2023-11-22T00:00:00+00:00' AIRFLOW_CTX_TRY_NUMBER='1' AIRFLOW_CTX_DAG_RUN_ID='scheduled__2023-11-22T00:00:00+00:00'
[2024-10-02T19:24:31.681+0000] {taskinstance.py:430} INFO - ::endgroup::
[2024-10-02T19:24:31.927+0000] {python.py:237} INFO - Done. Returned value was: None
[2024-10-02T19:24:31.927+0000] {taskinstance.py:441} INFO - ::group::Post task execution logs
[2024-10-02T19:24:31.939+0000] {taskinstance.py:1206} INFO - Marking task as SUCCESS. dag_id=etl_covid_europa_pipeline, task_id=transformar, run_id=scheduled__2023-11-22T00:00:00+00:00, execution_date=20231122T000000, start_date=20241002T192431, end_date=20241002T192431
[2024-10-02T19:24:31.998+0000] {local_task_job_runner.py:240} INFO - Task exited with return code 0
[2024-10-02T19:24:32.021+0000] {taskinstance.py:3503} INFO - 1 downstream tasks scheduled from follow-on schedule check
[2024-10-02T19:24:32.023+0000] {local_task_job_runner.py:222} INFO - ::endgroup::
