[2024-10-02T18:54:57.634+0000] {local_task_job_runner.py:120} INFO - ::group::Pre task execution logs
[2024-10-02T18:54:57.671+0000] {taskinstance.py:2076} INFO - Dependencies all met for dep_context=non-requeueable deps ti=<TaskInstance: etl_covid_europa_pipeline.carregar scheduled__2024-08-09T00:00:00+00:00 [queued]>
[2024-10-02T18:54:57.860+0000] {taskinstance.py:2076} INFO - Dependencies all met for dep_context=requeueable deps ti=<TaskInstance: etl_covid_europa_pipeline.carregar scheduled__2024-08-09T00:00:00+00:00 [queued]>
[2024-10-02T18:54:57.861+0000] {taskinstance.py:2306} INFO - Starting attempt 1 of 1
[2024-10-02T18:54:57.873+0000] {taskinstance.py:2330} INFO - Executing <Task(PythonOperator): carregar> on 2024-08-09 00:00:00+00:00
[2024-10-02T18:54:57.878+0000] {warnings.py:112} WARNING - /home/***/.local/lib/python3.12/site-packages/***/task/task_runner/standard_task_runner.py:61: DeprecationWarning: This process (pid=4748) is multi-threaded, use of fork() may lead to deadlocks in the child.
  pid = os.fork()

[2024-10-02T18:54:57.881+0000] {standard_task_runner.py:63} INFO - Started process 4761 to run task
[2024-10-02T18:54:57.880+0000] {standard_task_runner.py:90} INFO - Running: ['***', 'tasks', 'run', 'etl_covid_europa_pipeline', 'carregar', 'scheduled__2024-08-09T00:00:00+00:00', '--job-id', '814', '--raw', '--subdir', 'DAGS_FOLDER/etl_pipeline.py', '--cfg-path', '/tmp/tmpbscwqc6h']
[2024-10-02T18:54:57.883+0000] {standard_task_runner.py:91} INFO - Job 814: Subtask carregar
[2024-10-02T18:54:57.920+0000] {task_command.py:426} INFO - Running <TaskInstance: etl_covid_europa_pipeline.carregar scheduled__2024-08-09T00:00:00+00:00 [running]> on host 99de7dfc3871
[2024-10-02T18:54:58.002+0000] {taskinstance.py:2648} INFO - Exporting env vars: AIRFLOW_CTX_DAG_OWNER='***' AIRFLOW_CTX_DAG_ID='etl_covid_europa_pipeline' AIRFLOW_CTX_TASK_ID='carregar' AIRFLOW_CTX_EXECUTION_DATE='2024-08-09T00:00:00+00:00' AIRFLOW_CTX_TRY_NUMBER='1' AIRFLOW_CTX_DAG_RUN_ID='scheduled__2024-08-09T00:00:00+00:00'
[2024-10-02T18:54:58.004+0000] {taskinstance.py:430} INFO - ::endgroup::
[2024-10-02T18:54:58.063+0000] {python.py:237} INFO - Done. Returned value was: None
[2024-10-02T18:54:58.065+0000] {taskinstance.py:441} INFO - ::group::Post task execution logs
[2024-10-02T18:54:58.074+0000] {taskinstance.py:1206} INFO - Marking task as SUCCESS. dag_id=etl_covid_europa_pipeline, task_id=carregar, run_id=scheduled__2024-08-09T00:00:00+00:00, execution_date=20240809T000000, start_date=20241002T185457, end_date=20241002T185458
[2024-10-02T18:54:58.135+0000] {local_task_job_runner.py:240} INFO - Task exited with return code 0
[2024-10-02T18:54:58.150+0000] {taskinstance.py:3503} INFO - 0 downstream tasks scheduled from follow-on schedule check
[2024-10-02T18:54:58.152+0000] {local_task_job_runner.py:222} INFO - ::endgroup::
[2024-10-02T19:03:53.637+0000] {local_task_job_runner.py:120} INFO - ::group::Pre task execution logs
[2024-10-02T19:03:53.675+0000] {taskinstance.py:2076} INFO - Dependencies all met for dep_context=non-requeueable deps ti=<TaskInstance: etl_covid_europa_pipeline.carregar scheduled__2024-08-09T00:00:00+00:00 [queued]>
[2024-10-02T19:03:53.958+0000] {taskinstance.py:2076} INFO - Dependencies all met for dep_context=requeueable deps ti=<TaskInstance: etl_covid_europa_pipeline.carregar scheduled__2024-08-09T00:00:00+00:00 [queued]>
[2024-10-02T19:03:53.959+0000] {taskinstance.py:2306} INFO - Starting attempt 1 of 1
[2024-10-02T19:03:53.978+0000] {taskinstance.py:2330} INFO - Executing <Task(PythonOperator): carregar> on 2024-08-09 00:00:00+00:00
[2024-10-02T19:03:53.986+0000] {warnings.py:112} WARNING - /home/***/.local/lib/python3.12/site-packages/***/task/task_runner/standard_task_runner.py:61: DeprecationWarning: This process (pid=8025) is multi-threaded, use of fork() may lead to deadlocks in the child.
  pid = os.fork()

[2024-10-02T19:03:53.988+0000] {standard_task_runner.py:63} INFO - Started process 8048 to run task
[2024-10-02T19:03:53.988+0000] {standard_task_runner.py:90} INFO - Running: ['***', 'tasks', 'run', 'etl_covid_europa_pipeline', 'carregar', 'scheduled__2024-08-09T00:00:00+00:00', '--job-id', '1868', '--raw', '--subdir', 'DAGS_FOLDER/etl_pipeline.py', '--cfg-path', '/tmp/tmpd2h_yliq']
[2024-10-02T19:03:53.993+0000] {standard_task_runner.py:91} INFO - Job 1868: Subtask carregar
[2024-10-02T19:03:54.060+0000] {task_command.py:426} INFO - Running <TaskInstance: etl_covid_europa_pipeline.carregar scheduled__2024-08-09T00:00:00+00:00 [running]> on host 99de7dfc3871
[2024-10-02T19:03:54.168+0000] {taskinstance.py:2648} INFO - Exporting env vars: AIRFLOW_CTX_DAG_OWNER='***' AIRFLOW_CTX_DAG_ID='etl_covid_europa_pipeline' AIRFLOW_CTX_TASK_ID='carregar' AIRFLOW_CTX_EXECUTION_DATE='2024-08-09T00:00:00+00:00' AIRFLOW_CTX_TRY_NUMBER='1' AIRFLOW_CTX_DAG_RUN_ID='scheduled__2024-08-09T00:00:00+00:00'
[2024-10-02T19:03:54.172+0000] {taskinstance.py:430} INFO - ::endgroup::
[2024-10-02T19:03:54.248+0000] {python.py:237} INFO - Done. Returned value was: None
[2024-10-02T19:03:54.249+0000] {taskinstance.py:441} INFO - ::group::Post task execution logs
[2024-10-02T19:03:54.258+0000] {taskinstance.py:1206} INFO - Marking task as SUCCESS. dag_id=etl_covid_europa_pipeline, task_id=carregar, run_id=scheduled__2024-08-09T00:00:00+00:00, execution_date=20240809T000000, start_date=20241002T190353, end_date=20241002T190354
[2024-10-02T19:03:54.322+0000] {local_task_job_runner.py:240} INFO - Task exited with return code 0
[2024-10-02T19:03:54.347+0000] {taskinstance.py:3503} INFO - 0 downstream tasks scheduled from follow-on schedule check
[2024-10-02T19:03:54.350+0000] {local_task_job_runner.py:222} INFO - ::endgroup::
