[2024-10-02T17:30:09.202+0000] {local_task_job_runner.py:120} INFO - ::group::Pre task execution logs
[2024-10-02T17:30:09.228+0000] {taskinstance.py:2076} INFO - Dependencies all met for dep_context=non-requeueable deps ti=<TaskInstance: etl_covid_europa_pipeline.extrair scheduled__2024-06-20T00:00:00+00:00 [queued]>
[2024-10-02T17:30:09.236+0000] {taskinstance.py:2076} INFO - Dependencies all met for dep_context=requeueable deps ti=<TaskInstance: etl_covid_europa_pipeline.extrair scheduled__2024-06-20T00:00:00+00:00 [queued]>
[2024-10-02T17:30:09.237+0000] {taskinstance.py:2306} INFO - Starting attempt 1 of 1
[2024-10-02T17:30:09.462+0000] {taskinstance.py:2330} INFO - Executing <Task(PythonOperator): extrair> on 2024-06-20 00:00:00+00:00
[2024-10-02T17:30:09.468+0000] {warnings.py:112} WARNING - /home/***/.local/lib/python3.12/site-packages/***/task/task_runner/standard_task_runner.py:61: DeprecationWarning: This process (pid=2604) is multi-threaded, use of fork() may lead to deadlocks in the child.
  pid = os.fork()

[2024-10-02T17:30:09.469+0000] {standard_task_runner.py:63} INFO - Started process 2619 to run task
[2024-10-02T17:30:09.470+0000] {standard_task_runner.py:90} INFO - Running: ['***', 'tasks', 'run', 'etl_covid_europa_pipeline', 'extrair', 'scheduled__2024-06-20T00:00:00+00:00', '--job-id', '464', '--raw', '--subdir', 'DAGS_FOLDER/etl_pipeline.py', '--cfg-path', '/tmp/tmpisrpsk7d']
[2024-10-02T17:30:09.472+0000] {standard_task_runner.py:91} INFO - Job 464: Subtask extrair
[2024-10-02T17:30:09.524+0000] {task_command.py:426} INFO - Running <TaskInstance: etl_covid_europa_pipeline.extrair scheduled__2024-06-20T00:00:00+00:00 [running]> on host 99de7dfc3871
[2024-10-02T17:30:09.609+0000] {taskinstance.py:2648} INFO - Exporting env vars: AIRFLOW_CTX_DAG_OWNER='***' AIRFLOW_CTX_DAG_ID='etl_covid_europa_pipeline' AIRFLOW_CTX_TASK_ID='extrair' AIRFLOW_CTX_EXECUTION_DATE='2024-06-20T00:00:00+00:00' AIRFLOW_CTX_TRY_NUMBER='1' AIRFLOW_CTX_DAG_RUN_ID='scheduled__2024-06-20T00:00:00+00:00'
[2024-10-02T17:30:09.610+0000] {taskinstance.py:430} INFO - ::endgroup::
[2024-10-02T17:30:20.652+0000] {taskinstance.py:441} INFO - ::group::Post task execution logs
[2024-10-02T17:30:20.653+0000] {taskinstance.py:2905} ERROR - Task failed with exception
Traceback (most recent call last):
  File "/home/airflow/.local/lib/python3.12/site-packages/airflow/models/taskinstance.py", line 465, in _execute_task
    result = _execute_callable(context=context, **execute_callable_kwargs)
             ^^^^^^^^^^^^^^^^^^^^^^^^^^^^^^^^^^^^^^^^^^^^^^^^^^^^^^^^^^^^^
  File "/home/airflow/.local/lib/python3.12/site-packages/airflow/models/taskinstance.py", line 432, in _execute_callable
    return execute_callable(context=context, **execute_callable_kwargs)
           ^^^^^^^^^^^^^^^^^^^^^^^^^^^^^^^^^^^^^^^^^^^^^^^^^^^^^^^^^^^^
  File "/home/airflow/.local/lib/python3.12/site-packages/airflow/models/baseoperator.py", line 401, in wrapper
    return func(self, *args, **kwargs)
           ^^^^^^^^^^^^^^^^^^^^^^^^^^^
  File "/home/airflow/.local/lib/python3.12/site-packages/airflow/operators/python.py", line 235, in execute
    return_value = self.execute_callable()
                   ^^^^^^^^^^^^^^^^^^^^^^^
  File "/home/airflow/.local/lib/python3.12/site-packages/airflow/operators/python.py", line 252, in execute_callable
    return self.python_callable(*self.op_args, **self.op_kwargs)
           ^^^^^^^^^^^^^^^^^^^^^^^^^^^^^^^^^^^^^^^^^^^^^^^^^^^^^
  File "/opt/airflow/dags/etl_pipeline.py", line 9, in extrair
    df = pd.read_csv(url)
         ^^^^^^^^^^^^^^^^
  File "/home/airflow/.local/lib/python3.12/site-packages/pandas/io/parsers/readers.py", line 948, in read_csv
    return _read(filepath_or_buffer, kwds)
           ^^^^^^^^^^^^^^^^^^^^^^^^^^^^^^^
  File "/home/airflow/.local/lib/python3.12/site-packages/pandas/io/parsers/readers.py", line 611, in _read
    parser = TextFileReader(filepath_or_buffer, **kwds)
             ^^^^^^^^^^^^^^^^^^^^^^^^^^^^^^^^^^^^^^^^^^
  File "/home/airflow/.local/lib/python3.12/site-packages/pandas/io/parsers/readers.py", line 1448, in __init__
    self._engine = self._make_engine(f, self.engine)
                   ^^^^^^^^^^^^^^^^^^^^^^^^^^^^^^^^^
  File "/home/airflow/.local/lib/python3.12/site-packages/pandas/io/parsers/readers.py", line 1705, in _make_engine
    self.handles = get_handle(
                   ^^^^^^^^^^^
  File "/home/airflow/.local/lib/python3.12/site-packages/pandas/io/common.py", line 718, in get_handle
    ioargs = _get_filepath_or_buffer(
             ^^^^^^^^^^^^^^^^^^^^^^^^
  File "/home/airflow/.local/lib/python3.12/site-packages/pandas/io/common.py", line 377, in _get_filepath_or_buffer
    reader = BytesIO(req.read())
                     ^^^^^^^^^^
  File "/usr/local/lib/python3.12/http/client.py", line 495, in read
    s = self._safe_read(self.length)
        ^^^^^^^^^^^^^^^^^^^^^^^^^^^^
  File "/usr/local/lib/python3.12/http/client.py", line 642, in _safe_read
    raise IncompleteRead(data, amt-len(data))
http.client.IncompleteRead: IncompleteRead(2028727 bytes read, 2278575 more expected)
[2024-10-02T17:30:20.665+0000] {taskinstance.py:1206} INFO - Marking task as FAILED. dag_id=etl_covid_europa_pipeline, task_id=extrair, run_id=scheduled__2024-06-20T00:00:00+00:00, execution_date=20240620T000000, start_date=20241002T173009, end_date=20241002T173020
[2024-10-02T17:30:20.676+0000] {standard_task_runner.py:110} ERROR - Failed to execute job 464 for task extrair (IncompleteRead(2028727 bytes read, 2278575 more expected); 2619)
[2024-10-02T17:30:20.693+0000] {local_task_job_runner.py:240} INFO - Task exited with return code 1
[2024-10-02T17:30:20.714+0000] {taskinstance.py:3503} INFO - 0 downstream tasks scheduled from follow-on schedule check
[2024-10-02T17:30:20.718+0000] {local_task_job_runner.py:222} INFO - ::endgroup::
[2024-10-02T19:02:41.181+0000] {local_task_job_runner.py:120} INFO - ::group::Pre task execution logs
[2024-10-02T19:02:41.205+0000] {taskinstance.py:2076} INFO - Dependencies all met for dep_context=non-requeueable deps ti=<TaskInstance: etl_covid_europa_pipeline.extrair scheduled__2024-06-20T00:00:00+00:00 [queued]>
[2024-10-02T19:02:41.398+0000] {taskinstance.py:2076} INFO - Dependencies all met for dep_context=requeueable deps ti=<TaskInstance: etl_covid_europa_pipeline.extrair scheduled__2024-06-20T00:00:00+00:00 [queued]>
[2024-10-02T19:02:41.399+0000] {taskinstance.py:2306} INFO - Starting attempt 1 of 1
[2024-10-02T19:02:41.415+0000] {taskinstance.py:2330} INFO - Executing <Task(PythonOperator): extrair> on 2024-06-20 00:00:00+00:00
[2024-10-02T19:02:41.421+0000] {warnings.py:112} WARNING - /home/***/.local/lib/python3.12/site-packages/***/task/task_runner/standard_task_runner.py:61: DeprecationWarning: This process (pid=7496) is multi-threaded, use of fork() may lead to deadlocks in the child.
  pid = os.fork()

[2024-10-02T19:02:41.422+0000] {standard_task_runner.py:63} INFO - Started process 7512 to run task
[2024-10-02T19:02:41.423+0000] {standard_task_runner.py:90} INFO - Running: ['***', 'tasks', 'run', 'etl_covid_europa_pipeline', 'extrair', 'scheduled__2024-06-20T00:00:00+00:00', '--job-id', '1695', '--raw', '--subdir', 'DAGS_FOLDER/etl_pipeline.py', '--cfg-path', '/tmp/tmp_nqz2u7j']
[2024-10-02T19:02:41.425+0000] {standard_task_runner.py:91} INFO - Job 1695: Subtask extrair
[2024-10-02T19:02:41.470+0000] {task_command.py:426} INFO - Running <TaskInstance: etl_covid_europa_pipeline.extrair scheduled__2024-06-20T00:00:00+00:00 [running]> on host 99de7dfc3871
[2024-10-02T19:02:41.553+0000] {taskinstance.py:2648} INFO - Exporting env vars: AIRFLOW_CTX_DAG_OWNER='***' AIRFLOW_CTX_DAG_ID='etl_covid_europa_pipeline' AIRFLOW_CTX_TASK_ID='extrair' AIRFLOW_CTX_EXECUTION_DATE='2024-06-20T00:00:00+00:00' AIRFLOW_CTX_TRY_NUMBER='1' AIRFLOW_CTX_DAG_RUN_ID='scheduled__2024-06-20T00:00:00+00:00'
[2024-10-02T19:02:41.556+0000] {taskinstance.py:430} INFO - ::endgroup::
[2024-10-02T19:02:49.929+0000] {python.py:237} INFO - Done. Returned value was: None
[2024-10-02T19:02:49.929+0000] {taskinstance.py:441} INFO - ::group::Post task execution logs
[2024-10-02T19:02:49.950+0000] {taskinstance.py:1206} INFO - Marking task as SUCCESS. dag_id=etl_covid_europa_pipeline, task_id=extrair, run_id=scheduled__2024-06-20T00:00:00+00:00, execution_date=20240620T000000, start_date=20241002T190241, end_date=20241002T190249
[2024-10-02T19:02:50.026+0000] {local_task_job_runner.py:240} INFO - Task exited with return code 0
[2024-10-02T19:02:50.055+0000] {taskinstance.py:3503} INFO - 1 downstream tasks scheduled from follow-on schedule check
[2024-10-02T19:02:50.058+0000] {local_task_job_runner.py:222} INFO - ::endgroup::
