[2024-10-02T17:30:27.453+0000] {local_task_job_runner.py:120} INFO - ::group::Pre task execution logs
[2024-10-02T17:30:27.478+0000] {taskinstance.py:2076} INFO - Dependencies all met for dep_context=non-requeueable deps ti=<TaskInstance: etl_covid_europa_pipeline.extrair scheduled__2024-07-10T00:00:00+00:00 [queued]>
[2024-10-02T17:30:27.485+0000] {taskinstance.py:2076} INFO - Dependencies all met for dep_context=requeueable deps ti=<TaskInstance: etl_covid_europa_pipeline.extrair scheduled__2024-07-10T00:00:00+00:00 [queued]>
[2024-10-02T17:30:27.485+0000] {taskinstance.py:2306} INFO - Starting attempt 1 of 1
[2024-10-02T17:30:27.717+0000] {taskinstance.py:2330} INFO - Executing <Task(PythonOperator): extrair> on 2024-07-10 00:00:00+00:00
[2024-10-02T17:30:27.723+0000] {warnings.py:112} WARNING - /home/***/.local/lib/python3.12/site-packages/***/task/task_runner/standard_task_runner.py:61: DeprecationWarning: This process (pid=2698) is multi-threaded, use of fork() may lead to deadlocks in the child.
  pid = os.fork()

[2024-10-02T17:30:27.724+0000] {standard_task_runner.py:63} INFO - Started process 2713 to run task
[2024-10-02T17:30:27.724+0000] {standard_task_runner.py:90} INFO - Running: ['***', 'tasks', 'run', 'etl_covid_europa_pipeline', 'extrair', 'scheduled__2024-07-10T00:00:00+00:00', '--job-id', '496', '--raw', '--subdir', 'DAGS_FOLDER/etl_pipeline.py', '--cfg-path', '/tmp/tmpnka86xy2']
[2024-10-02T17:30:27.727+0000] {standard_task_runner.py:91} INFO - Job 496: Subtask extrair
[2024-10-02T17:30:27.776+0000] {task_command.py:426} INFO - Running <TaskInstance: etl_covid_europa_pipeline.extrair scheduled__2024-07-10T00:00:00+00:00 [running]> on host 99de7dfc3871
[2024-10-02T17:30:27.878+0000] {taskinstance.py:2648} INFO - Exporting env vars: AIRFLOW_CTX_DAG_OWNER='***' AIRFLOW_CTX_DAG_ID='etl_covid_europa_pipeline' AIRFLOW_CTX_TASK_ID='extrair' AIRFLOW_CTX_EXECUTION_DATE='2024-07-10T00:00:00+00:00' AIRFLOW_CTX_TRY_NUMBER='1' AIRFLOW_CTX_DAG_RUN_ID='scheduled__2024-07-10T00:00:00+00:00'
[2024-10-02T17:30:27.880+0000] {taskinstance.py:430} INFO - ::endgroup::
[2024-10-02T17:30:33.871+0000] {python.py:237} INFO - Done. Returned value was: None
[2024-10-02T17:30:33.872+0000] {taskinstance.py:441} INFO - ::group::Post task execution logs
[2024-10-02T17:30:33.881+0000] {taskinstance.py:1206} INFO - Marking task as SUCCESS. dag_id=etl_covid_europa_pipeline, task_id=extrair, run_id=scheduled__2024-07-10T00:00:00+00:00, execution_date=20240710T000000, start_date=20241002T173027, end_date=20241002T173033
[2024-10-02T17:30:33.992+0000] {local_task_job_runner.py:240} INFO - Task exited with return code 0
[2024-10-02T17:30:34.023+0000] {taskinstance.py:3503} INFO - 1 downstream tasks scheduled from follow-on schedule check
[2024-10-02T17:30:34.025+0000] {local_task_job_runner.py:222} INFO - ::endgroup::
[2024-10-02T18:54:20.364+0000] {local_task_job_runner.py:120} INFO - ::group::Pre task execution logs
[2024-10-02T18:54:20.389+0000] {taskinstance.py:2076} INFO - Dependencies all met for dep_context=non-requeueable deps ti=<TaskInstance: etl_covid_europa_pipeline.extrair scheduled__2024-07-10T00:00:00+00:00 [queued]>
[2024-10-02T18:54:20.570+0000] {taskinstance.py:2076} INFO - Dependencies all met for dep_context=requeueable deps ti=<TaskInstance: etl_covid_europa_pipeline.extrair scheduled__2024-07-10T00:00:00+00:00 [queued]>
[2024-10-02T18:54:20.570+0000] {taskinstance.py:2306} INFO - Starting attempt 1 of 1
[2024-10-02T18:54:20.626+0000] {taskinstance.py:2330} INFO - Executing <Task(PythonOperator): extrair> on 2024-07-10 00:00:00+00:00
[2024-10-02T18:54:20.633+0000] {warnings.py:112} WARNING - /home/***/.local/lib/python3.12/site-packages/***/task/task_runner/standard_task_runner.py:61: DeprecationWarning: This process (pid=4467) is multi-threaded, use of fork() may lead to deadlocks in the child.
  pid = os.fork()

[2024-10-02T18:54:20.635+0000] {standard_task_runner.py:63} INFO - Started process 4483 to run task
[2024-10-02T18:54:20.635+0000] {standard_task_runner.py:90} INFO - Running: ['***', 'tasks', 'run', 'etl_covid_europa_pipeline', 'extrair', 'scheduled__2024-07-10T00:00:00+00:00', '--job-id', '720', '--raw', '--subdir', 'DAGS_FOLDER/etl_pipeline.py', '--cfg-path', '/tmp/tmpv0a_mlvo']
[2024-10-02T18:54:20.637+0000] {standard_task_runner.py:91} INFO - Job 720: Subtask extrair
[2024-10-02T18:54:20.692+0000] {task_command.py:426} INFO - Running <TaskInstance: etl_covid_europa_pipeline.extrair scheduled__2024-07-10T00:00:00+00:00 [running]> on host 99de7dfc3871
[2024-10-02T18:54:20.812+0000] {taskinstance.py:2648} INFO - Exporting env vars: AIRFLOW_CTX_DAG_OWNER='***' AIRFLOW_CTX_DAG_ID='etl_covid_europa_pipeline' AIRFLOW_CTX_TASK_ID='extrair' AIRFLOW_CTX_EXECUTION_DATE='2024-07-10T00:00:00+00:00' AIRFLOW_CTX_TRY_NUMBER='1' AIRFLOW_CTX_DAG_RUN_ID='scheduled__2024-07-10T00:00:00+00:00'
[2024-10-02T18:54:20.816+0000] {taskinstance.py:430} INFO - ::endgroup::
[2024-10-02T18:54:27.641+0000] {python.py:237} INFO - Done. Returned value was: None
[2024-10-02T18:54:27.641+0000] {taskinstance.py:441} INFO - ::group::Post task execution logs
[2024-10-02T18:54:27.651+0000] {taskinstance.py:1206} INFO - Marking task as SUCCESS. dag_id=etl_covid_europa_pipeline, task_id=extrair, run_id=scheduled__2024-07-10T00:00:00+00:00, execution_date=20240710T000000, start_date=20241002T185420, end_date=20241002T185427
[2024-10-02T18:54:27.705+0000] {local_task_job_runner.py:240} INFO - Task exited with return code 0
[2024-10-02T18:54:27.738+0000] {taskinstance.py:3503} INFO - 1 downstream tasks scheduled from follow-on schedule check
[2024-10-02T18:54:27.740+0000] {local_task_job_runner.py:222} INFO - ::endgroup::
[2024-10-02T19:03:07.427+0000] {local_task_job_runner.py:120} INFO - ::group::Pre task execution logs
[2024-10-02T19:03:07.453+0000] {taskinstance.py:2076} INFO - Dependencies all met for dep_context=non-requeueable deps ti=<TaskInstance: etl_covid_europa_pipeline.extrair scheduled__2024-07-10T00:00:00+00:00 [queued]>
[2024-10-02T19:03:07.668+0000] {taskinstance.py:2076} INFO - Dependencies all met for dep_context=requeueable deps ti=<TaskInstance: etl_covid_europa_pipeline.extrair scheduled__2024-07-10T00:00:00+00:00 [queued]>
[2024-10-02T19:03:07.669+0000] {taskinstance.py:2306} INFO - Starting attempt 1 of 1
[2024-10-02T19:03:07.731+0000] {taskinstance.py:2330} INFO - Executing <Task(PythonOperator): extrair> on 2024-07-10 00:00:00+00:00
[2024-10-02T19:03:07.740+0000] {warnings.py:112} WARNING - /home/***/.local/lib/python3.12/site-packages/***/task/task_runner/standard_task_runner.py:61: DeprecationWarning: This process (pid=7651) is multi-threaded, use of fork() may lead to deadlocks in the child.
  pid = os.fork()

[2024-10-02T19:03:07.741+0000] {standard_task_runner.py:63} INFO - Started process 7668 to run task
[2024-10-02T19:03:07.742+0000] {standard_task_runner.py:90} INFO - Running: ['***', 'tasks', 'run', 'etl_covid_europa_pipeline', 'extrair', 'scheduled__2024-07-10T00:00:00+00:00', '--job-id', '1745', '--raw', '--subdir', 'DAGS_FOLDER/etl_pipeline.py', '--cfg-path', '/tmp/tmpcefhscsi']
[2024-10-02T19:03:07.745+0000] {standard_task_runner.py:91} INFO - Job 1745: Subtask extrair
[2024-10-02T19:03:07.792+0000] {task_command.py:426} INFO - Running <TaskInstance: etl_covid_europa_pipeline.extrair scheduled__2024-07-10T00:00:00+00:00 [running]> on host 99de7dfc3871
[2024-10-02T19:03:07.877+0000] {taskinstance.py:2648} INFO - Exporting env vars: AIRFLOW_CTX_DAG_OWNER='***' AIRFLOW_CTX_DAG_ID='etl_covid_europa_pipeline' AIRFLOW_CTX_TASK_ID='extrair' AIRFLOW_CTX_EXECUTION_DATE='2024-07-10T00:00:00+00:00' AIRFLOW_CTX_TRY_NUMBER='1' AIRFLOW_CTX_DAG_RUN_ID='scheduled__2024-07-10T00:00:00+00:00'
[2024-10-02T19:03:07.880+0000] {taskinstance.py:430} INFO - ::endgroup::
[2024-10-02T19:03:13.028+0000] {python.py:237} INFO - Done. Returned value was: None
[2024-10-02T19:03:13.029+0000] {taskinstance.py:441} INFO - ::group::Post task execution logs
[2024-10-02T19:03:13.047+0000] {taskinstance.py:1206} INFO - Marking task as SUCCESS. dag_id=etl_covid_europa_pipeline, task_id=extrair, run_id=scheduled__2024-07-10T00:00:00+00:00, execution_date=20240710T000000, start_date=20241002T190307, end_date=20241002T190313
[2024-10-02T19:03:13.092+0000] {local_task_job_runner.py:240} INFO - Task exited with return code 0
[2024-10-02T19:03:13.128+0000] {taskinstance.py:3503} INFO - 1 downstream tasks scheduled from follow-on schedule check
[2024-10-02T19:03:13.134+0000] {local_task_job_runner.py:222} INFO - ::endgroup::
