[2024-10-02T17:25:33.317+0000] {local_task_job_runner.py:120} INFO - ::group::Pre task execution logs
[2024-10-02T17:25:33.384+0000] {taskinstance.py:2076} INFO - Dependencies all met for dep_context=non-requeueable deps ti=<TaskInstance: etl_covid_europa_pipeline.transformar scheduled__2023-10-20T00:00:00+00:00 [queued]>
[2024-10-02T17:25:33.401+0000] {taskinstance.py:2076} INFO - Dependencies all met for dep_context=requeueable deps ti=<TaskInstance: etl_covid_europa_pipeline.transformar scheduled__2023-10-20T00:00:00+00:00 [queued]>
[2024-10-02T17:25:33.405+0000] {taskinstance.py:2306} INFO - Starting attempt 1 of 1
[2024-10-02T17:25:33.437+0000] {taskinstance.py:2330} INFO - Executing <Task(PythonOperator): transformar> on 2023-10-20 00:00:00+00:00
[2024-10-02T17:25:33.454+0000] {standard_task_runner.py:90} INFO - Running: ['***', 'tasks', 'run', 'etl_covid_europa_pipeline', 'transformar', 'scheduled__2023-10-20T00:00:00+00:00', '--job-id', '58', '--raw', '--subdir', 'DAGS_FOLDER/etl_pipeline.py', '--cfg-path', '/tmp/tmpxxxzgrey']
[2024-10-02T17:25:33.455+0000] {warnings.py:112} WARNING - /home/***/.local/lib/python3.12/site-packages/***/task/task_runner/standard_task_runner.py:61: DeprecationWarning: This process (pid=1323) is multi-threaded, use of fork() may lead to deadlocks in the child.
  pid = os.fork()

[2024-10-02T17:25:33.457+0000] {standard_task_runner.py:91} INFO - Job 58: Subtask transformar
[2024-10-02T17:25:33.458+0000] {standard_task_runner.py:63} INFO - Started process 1335 to run task
[2024-10-02T17:25:33.828+0000] {task_command.py:426} INFO - Running <TaskInstance: etl_covid_europa_pipeline.transformar scheduled__2023-10-20T00:00:00+00:00 [running]> on host 99de7dfc3871
[2024-10-02T17:25:33.978+0000] {taskinstance.py:2648} INFO - Exporting env vars: AIRFLOW_CTX_DAG_OWNER='***' AIRFLOW_CTX_DAG_ID='etl_covid_europa_pipeline' AIRFLOW_CTX_TASK_ID='transformar' AIRFLOW_CTX_EXECUTION_DATE='2023-10-20T00:00:00+00:00' AIRFLOW_CTX_TRY_NUMBER='1' AIRFLOW_CTX_DAG_RUN_ID='scheduled__2023-10-20T00:00:00+00:00'
[2024-10-02T17:25:33.980+0000] {taskinstance.py:430} INFO - ::endgroup::
[2024-10-02T17:25:34.165+0000] {taskinstance.py:441} INFO - ::group::Post task execution logs
[2024-10-02T17:25:34.167+0000] {taskinstance.py:2905} ERROR - Task failed with exception
Traceback (most recent call last):
  File "/home/airflow/.local/lib/python3.12/site-packages/airflow/models/taskinstance.py", line 465, in _execute_task
    result = _execute_callable(context=context, **execute_callable_kwargs)
             ^^^^^^^^^^^^^^^^^^^^^^^^^^^^^^^^^^^^^^^^^^^^^^^^^^^^^^^^^^^^^
  File "/home/airflow/.local/lib/python3.12/site-packages/airflow/models/taskinstance.py", line 432, in _execute_callable
    return execute_callable(context=context, **execute_callable_kwargs)
           ^^^^^^^^^^^^^^^^^^^^^^^^^^^^^^^^^^^^^^^^^^^^^^^^^^^^^^^^^^^^
  File "/home/airflow/.local/lib/python3.12/site-packages/airflow/models/baseoperator.py", line 401, in wrapper
    return func(self, *args, **kwargs)
           ^^^^^^^^^^^^^^^^^^^^^^^^^^^
  File "/home/airflow/.local/lib/python3.12/site-packages/airflow/operators/python.py", line 235, in execute
    return_value = self.execute_callable()
                   ^^^^^^^^^^^^^^^^^^^^^^^
  File "/home/airflow/.local/lib/python3.12/site-packages/airflow/operators/python.py", line 252, in execute_callable
    return self.python_callable(*self.op_args, **self.op_kwargs)
           ^^^^^^^^^^^^^^^^^^^^^^^^^^^^^^^^^^^^^^^^^^^^^^^^^^^^^
  File "/opt/airflow/dags/etl_pipeline.py", line 17, in transformar
    df_agrupada = df.groupby('ContinentExp')[['cases', 'deaths']].sum().reset_index()
                  ^^^^^^^^^^^^^^^^^^^^^^^^^^
  File "/home/airflow/.local/lib/python3.12/site-packages/pandas/core/frame.py", line 8869, in groupby
    return DataFrameGroupBy(
           ^^^^^^^^^^^^^^^^^
  File "/home/airflow/.local/lib/python3.12/site-packages/pandas/core/groupby/groupby.py", line 1278, in __init__
    grouper, exclusions, obj = get_grouper(
                               ^^^^^^^^^^^^
  File "/home/airflow/.local/lib/python3.12/site-packages/pandas/core/groupby/grouper.py", line 1009, in get_grouper
    raise KeyError(gpr)
KeyError: 'ContinentExp'
[2024-10-02T17:25:34.184+0000] {taskinstance.py:1206} INFO - Marking task as FAILED. dag_id=etl_covid_europa_pipeline, task_id=transformar, run_id=scheduled__2023-10-20T00:00:00+00:00, execution_date=20231020T000000, start_date=20241002T172533, end_date=20241002T172534
[2024-10-02T17:25:34.199+0000] {standard_task_runner.py:110} ERROR - Failed to execute job 58 for task transformar ('ContinentExp'; 1335)
[2024-10-02T17:25:34.241+0000] {local_task_job_runner.py:240} INFO - Task exited with return code 1
[2024-10-02T17:25:34.474+0000] {taskinstance.py:3503} INFO - 0 downstream tasks scheduled from follow-on schedule check
[2024-10-02T17:25:34.478+0000] {local_task_job_runner.py:222} INFO - ::endgroup::
[2024-10-02T18:57:33.983+0000] {local_task_job_runner.py:120} INFO - ::group::Pre task execution logs
[2024-10-02T18:57:34.016+0000] {taskinstance.py:2076} INFO - Dependencies all met for dep_context=non-requeueable deps ti=<TaskInstance: etl_covid_europa_pipeline.transformar scheduled__2023-10-20T00:00:00+00:00 [queued]>
[2024-10-02T18:57:34.028+0000] {taskinstance.py:2076} INFO - Dependencies all met for dep_context=requeueable deps ti=<TaskInstance: etl_covid_europa_pipeline.transformar scheduled__2023-10-20T00:00:00+00:00 [queued]>
[2024-10-02T18:57:34.029+0000] {taskinstance.py:2306} INFO - Starting attempt 1 of 1
[2024-10-02T18:57:34.379+0000] {taskinstance.py:2330} INFO - Executing <Task(PythonOperator): transformar> on 2023-10-20 00:00:00+00:00
[2024-10-02T18:57:34.395+0000] {warnings.py:112} WARNING - /home/***/.local/lib/python3.12/site-packages/***/task/task_runner/standard_task_runner.py:61: DeprecationWarning: This process (pid=5451) is multi-threaded, use of fork() may lead to deadlocks in the child.
  pid = os.fork()

[2024-10-02T18:57:34.396+0000] {standard_task_runner.py:63} INFO - Started process 5471 to run task
[2024-10-02T18:57:34.397+0000] {standard_task_runner.py:90} INFO - Running: ['***', 'tasks', 'run', 'etl_covid_europa_pipeline', 'transformar', 'scheduled__2023-10-20T00:00:00+00:00', '--job-id', '1036', '--raw', '--subdir', 'DAGS_FOLDER/etl_pipeline.py', '--cfg-path', '/tmp/tmpodu22879']
[2024-10-02T18:57:34.399+0000] {standard_task_runner.py:91} INFO - Job 1036: Subtask transformar
[2024-10-02T18:57:34.478+0000] {task_command.py:426} INFO - Running <TaskInstance: etl_covid_europa_pipeline.transformar scheduled__2023-10-20T00:00:00+00:00 [running]> on host 99de7dfc3871
[2024-10-02T18:57:34.628+0000] {taskinstance.py:2648} INFO - Exporting env vars: AIRFLOW_CTX_DAG_OWNER='***' AIRFLOW_CTX_DAG_ID='etl_covid_europa_pipeline' AIRFLOW_CTX_TASK_ID='transformar' AIRFLOW_CTX_EXECUTION_DATE='2023-10-20T00:00:00+00:00' AIRFLOW_CTX_TRY_NUMBER='1' AIRFLOW_CTX_DAG_RUN_ID='scheduled__2023-10-20T00:00:00+00:00'
[2024-10-02T18:57:34.629+0000] {taskinstance.py:430} INFO - ::endgroup::
[2024-10-02T18:57:34.862+0000] {python.py:237} INFO - Done. Returned value was: None
[2024-10-02T18:57:34.863+0000] {taskinstance.py:441} INFO - ::group::Post task execution logs
[2024-10-02T18:57:34.874+0000] {taskinstance.py:1206} INFO - Marking task as SUCCESS. dag_id=etl_covid_europa_pipeline, task_id=transformar, run_id=scheduled__2023-10-20T00:00:00+00:00, execution_date=20231020T000000, start_date=20241002T185734, end_date=20241002T185734
[2024-10-02T18:57:34.937+0000] {local_task_job_runner.py:240} INFO - Task exited with return code 0
[2024-10-02T18:57:34.961+0000] {taskinstance.py:3503} INFO - 1 downstream tasks scheduled from follow-on schedule check
[2024-10-02T18:57:34.963+0000] {local_task_job_runner.py:222} INFO - ::endgroup::
[2024-10-02T19:23:45.490+0000] {local_task_job_runner.py:120} INFO - ::group::Pre task execution logs
[2024-10-02T19:23:45.792+0000] {taskinstance.py:2076} INFO - Dependencies all met for dep_context=non-requeueable deps ti=<TaskInstance: etl_covid_europa_pipeline.transformar scheduled__2023-10-20T00:00:00+00:00 [queued]>
[2024-10-02T19:23:45.810+0000] {taskinstance.py:2076} INFO - Dependencies all met for dep_context=requeueable deps ti=<TaskInstance: etl_covid_europa_pipeline.transformar scheduled__2023-10-20T00:00:00+00:00 [queued]>
[2024-10-02T19:23:45.810+0000] {taskinstance.py:2306} INFO - Starting attempt 1 of 1
[2024-10-02T19:23:45.834+0000] {taskinstance.py:2330} INFO - Executing <Task(PythonOperator): transformar> on 2023-10-20 00:00:00+00:00
[2024-10-02T19:23:45.841+0000] {warnings.py:112} WARNING - /home/***/.local/lib/python3.12/site-packages/***/task/task_runner/standard_task_runner.py:61: DeprecationWarning: This process (pid=8809) is multi-threaded, use of fork() may lead to deadlocks in the child.
  pid = os.fork()

[2024-10-02T19:23:45.843+0000] {standard_task_runner.py:63} INFO - Started process 8830 to run task
[2024-10-02T19:23:45.843+0000] {standard_task_runner.py:90} INFO - Running: ['***', 'tasks', 'run', 'etl_covid_europa_pipeline', 'transformar', 'scheduled__2023-10-20T00:00:00+00:00', '--job-id', '2040', '--raw', '--subdir', 'DAGS_FOLDER/etl_pipeline.py', '--cfg-path', '/tmp/tmpybffk6aq']
[2024-10-02T19:23:45.847+0000] {standard_task_runner.py:91} INFO - Job 2040: Subtask transformar
[2024-10-02T19:23:45.914+0000] {task_command.py:426} INFO - Running <TaskInstance: etl_covid_europa_pipeline.transformar scheduled__2023-10-20T00:00:00+00:00 [running]> on host 99de7dfc3871
[2024-10-02T19:23:46.035+0000] {taskinstance.py:2648} INFO - Exporting env vars: AIRFLOW_CTX_DAG_OWNER='***' AIRFLOW_CTX_DAG_ID='etl_covid_europa_pipeline' AIRFLOW_CTX_TASK_ID='transformar' AIRFLOW_CTX_EXECUTION_DATE='2023-10-20T00:00:00+00:00' AIRFLOW_CTX_TRY_NUMBER='1' AIRFLOW_CTX_DAG_RUN_ID='scheduled__2023-10-20T00:00:00+00:00'
[2024-10-02T19:23:46.037+0000] {taskinstance.py:430} INFO - ::endgroup::
[2024-10-02T19:23:46.315+0000] {python.py:237} INFO - Done. Returned value was: None
[2024-10-02T19:23:46.317+0000] {taskinstance.py:441} INFO - ::group::Post task execution logs
[2024-10-02T19:23:46.332+0000] {taskinstance.py:1206} INFO - Marking task as SUCCESS. dag_id=etl_covid_europa_pipeline, task_id=transformar, run_id=scheduled__2023-10-20T00:00:00+00:00, execution_date=20231020T000000, start_date=20241002T192345, end_date=20241002T192346
[2024-10-02T19:23:46.424+0000] {local_task_job_runner.py:240} INFO - Task exited with return code 0
[2024-10-02T19:23:46.451+0000] {taskinstance.py:3503} INFO - 1 downstream tasks scheduled from follow-on schedule check
[2024-10-02T19:23:46.455+0000] {local_task_job_runner.py:222} INFO - ::endgroup::
