[2024-10-02T17:28:24.694+0000] {local_task_job_runner.py:120} INFO - ::group::Pre task execution logs
[2024-10-02T17:28:24.717+0000] {taskinstance.py:2076} INFO - Dependencies all met for dep_context=non-requeueable deps ti=<TaskInstance: etl_covid_europa_pipeline.extrair scheduled__2024-04-04T00:00:00+00:00 [queued]>
[2024-10-02T17:28:24.728+0000] {taskinstance.py:2076} INFO - Dependencies all met for dep_context=requeueable deps ti=<TaskInstance: etl_covid_europa_pipeline.extrair scheduled__2024-04-04T00:00:00+00:00 [queued]>
[2024-10-02T17:28:24.729+0000] {taskinstance.py:2306} INFO - Starting attempt 1 of 1
[2024-10-02T17:28:25.030+0000] {taskinstance.py:2330} INFO - Executing <Task(PythonOperator): extrair> on 2024-04-04 00:00:00+00:00
[2024-10-02T17:28:25.036+0000] {warnings.py:112} WARNING - /home/***/.local/lib/python3.12/site-packages/***/task/task_runner/standard_task_runner.py:61: DeprecationWarning: This process (pid=2118) is multi-threaded, use of fork() may lead to deadlocks in the child.
  pid = os.fork()

[2024-10-02T17:28:25.037+0000] {standard_task_runner.py:63} INFO - Started process 2141 to run task
[2024-10-02T17:28:25.037+0000] {standard_task_runner.py:90} INFO - Running: ['***', 'tasks', 'run', 'etl_covid_europa_pipeline', 'extrair', 'scheduled__2024-04-04T00:00:00+00:00', '--job-id', '312', '--raw', '--subdir', 'DAGS_FOLDER/etl_pipeline.py', '--cfg-path', '/tmp/tmp0yo2rqpq']
[2024-10-02T17:28:25.041+0000] {standard_task_runner.py:91} INFO - Job 312: Subtask extrair
[2024-10-02T17:28:25.087+0000] {task_command.py:426} INFO - Running <TaskInstance: etl_covid_europa_pipeline.extrair scheduled__2024-04-04T00:00:00+00:00 [running]> on host 99de7dfc3871
[2024-10-02T17:28:25.179+0000] {taskinstance.py:2648} INFO - Exporting env vars: AIRFLOW_CTX_DAG_OWNER='***' AIRFLOW_CTX_DAG_ID='etl_covid_europa_pipeline' AIRFLOW_CTX_TASK_ID='extrair' AIRFLOW_CTX_EXECUTION_DATE='2024-04-04T00:00:00+00:00' AIRFLOW_CTX_TRY_NUMBER='1' AIRFLOW_CTX_DAG_RUN_ID='scheduled__2024-04-04T00:00:00+00:00'
[2024-10-02T17:28:25.181+0000] {taskinstance.py:430} INFO - ::endgroup::
[2024-10-02T17:28:34.779+0000] {python.py:237} INFO - Done. Returned value was: None
[2024-10-02T17:28:34.780+0000] {taskinstance.py:441} INFO - ::group::Post task execution logs
[2024-10-02T17:28:34.788+0000] {taskinstance.py:1206} INFO - Marking task as SUCCESS. dag_id=etl_covid_europa_pipeline, task_id=extrair, run_id=scheduled__2024-04-04T00:00:00+00:00, execution_date=20240404T000000, start_date=20241002T172824, end_date=20241002T172834
[2024-10-02T17:28:34.830+0000] {local_task_job_runner.py:240} INFO - Task exited with return code 0
[2024-10-02T17:28:34.855+0000] {taskinstance.py:3503} INFO - 1 downstream tasks scheduled from follow-on schedule check
[2024-10-02T17:28:34.857+0000] {local_task_job_runner.py:222} INFO - ::endgroup::
[2024-10-02T19:00:59.826+0000] {local_task_job_runner.py:120} INFO - ::group::Pre task execution logs
[2024-10-02T19:00:59.854+0000] {taskinstance.py:2076} INFO - Dependencies all met for dep_context=non-requeueable deps ti=<TaskInstance: etl_covid_europa_pipeline.extrair scheduled__2024-04-04T00:00:00+00:00 [queued]>
[2024-10-02T19:01:00.050+0000] {taskinstance.py:2076} INFO - Dependencies all met for dep_context=requeueable deps ti=<TaskInstance: etl_covid_europa_pipeline.extrair scheduled__2024-04-04T00:00:00+00:00 [queued]>
[2024-10-02T19:01:00.051+0000] {taskinstance.py:2306} INFO - Starting attempt 1 of 1
[2024-10-02T19:01:00.066+0000] {taskinstance.py:2330} INFO - Executing <Task(PythonOperator): extrair> on 2024-04-04 00:00:00+00:00
[2024-10-02T19:01:00.072+0000] {warnings.py:112} WARNING - /home/***/.local/lib/python3.12/site-packages/***/task/task_runner/standard_task_runner.py:61: DeprecationWarning: This process (pid=6858) is multi-threaded, use of fork() may lead to deadlocks in the child.
  pid = os.fork()

[2024-10-02T19:01:00.073+0000] {standard_task_runner.py:63} INFO - Started process 6875 to run task
[2024-10-02T19:01:00.073+0000] {standard_task_runner.py:90} INFO - Running: ['***', 'tasks', 'run', 'etl_covid_europa_pipeline', 'extrair', 'scheduled__2024-04-04T00:00:00+00:00', '--job-id', '1490', '--raw', '--subdir', 'DAGS_FOLDER/etl_pipeline.py', '--cfg-path', '/tmp/tmpwzy1zyd_']
[2024-10-02T19:01:00.074+0000] {standard_task_runner.py:91} INFO - Job 1490: Subtask extrair
[2024-10-02T19:01:00.121+0000] {task_command.py:426} INFO - Running <TaskInstance: etl_covid_europa_pipeline.extrair scheduled__2024-04-04T00:00:00+00:00 [running]> on host 99de7dfc3871
[2024-10-02T19:01:00.219+0000] {taskinstance.py:2648} INFO - Exporting env vars: AIRFLOW_CTX_DAG_OWNER='***' AIRFLOW_CTX_DAG_ID='etl_covid_europa_pipeline' AIRFLOW_CTX_TASK_ID='extrair' AIRFLOW_CTX_EXECUTION_DATE='2024-04-04T00:00:00+00:00' AIRFLOW_CTX_TRY_NUMBER='1' AIRFLOW_CTX_DAG_RUN_ID='scheduled__2024-04-04T00:00:00+00:00'
[2024-10-02T19:01:00.222+0000] {taskinstance.py:430} INFO - ::endgroup::
[2024-10-02T19:01:05.510+0000] {python.py:237} INFO - Done. Returned value was: None
[2024-10-02T19:01:05.511+0000] {taskinstance.py:441} INFO - ::group::Post task execution logs
[2024-10-02T19:01:05.520+0000] {taskinstance.py:1206} INFO - Marking task as SUCCESS. dag_id=etl_covid_europa_pipeline, task_id=extrair, run_id=scheduled__2024-04-04T00:00:00+00:00, execution_date=20240404T000000, start_date=20241002T190059, end_date=20241002T190105
[2024-10-02T19:01:05.576+0000] {local_task_job_runner.py:240} INFO - Task exited with return code 0
[2024-10-02T19:01:05.595+0000] {taskinstance.py:3503} INFO - 1 downstream tasks scheduled from follow-on schedule check
[2024-10-02T19:01:05.598+0000] {local_task_job_runner.py:222} INFO - ::endgroup::
[2024-10-02T19:27:11.032+0000] {local_task_job_runner.py:120} INFO - ::group::Pre task execution logs
[2024-10-02T19:27:11.238+0000] {taskinstance.py:2076} INFO - Dependencies all met for dep_context=non-requeueable deps ti=<TaskInstance: etl_covid_europa_pipeline.extrair scheduled__2024-04-04T00:00:00+00:00 [queued]>
[2024-10-02T19:27:11.246+0000] {taskinstance.py:2076} INFO - Dependencies all met for dep_context=requeueable deps ti=<TaskInstance: etl_covid_europa_pipeline.extrair scheduled__2024-04-04T00:00:00+00:00 [queued]>
[2024-10-02T19:27:11.246+0000] {taskinstance.py:2306} INFO - Starting attempt 1 of 1
[2024-10-02T19:27:11.263+0000] {taskinstance.py:2330} INFO - Executing <Task(PythonOperator): extrair> on 2024-04-04 00:00:00+00:00
[2024-10-02T19:27:11.270+0000] {warnings.py:112} WARNING - /home/***/.local/lib/python3.12/site-packages/***/task/task_runner/standard_task_runner.py:61: DeprecationWarning: This process (pid=10249) is multi-threaded, use of fork() may lead to deadlocks in the child.
  pid = os.fork()

[2024-10-02T19:27:11.271+0000] {standard_task_runner.py:63} INFO - Started process 10262 to run task
[2024-10-02T19:27:11.271+0000] {standard_task_runner.py:90} INFO - Running: ['***', 'tasks', 'run', 'etl_covid_europa_pipeline', 'extrair', 'scheduled__2024-04-04T00:00:00+00:00', '--job-id', '2508', '--raw', '--subdir', 'DAGS_FOLDER/etl_pipeline_agrupar_continente.py', '--cfg-path', '/tmp/tmpcweo3b4l']
[2024-10-02T19:27:11.273+0000] {standard_task_runner.py:91} INFO - Job 2508: Subtask extrair
[2024-10-02T19:27:11.313+0000] {task_command.py:426} INFO - Running <TaskInstance: etl_covid_europa_pipeline.extrair scheduled__2024-04-04T00:00:00+00:00 [running]> on host 99de7dfc3871
[2024-10-02T19:27:11.407+0000] {taskinstance.py:2648} INFO - Exporting env vars: AIRFLOW_CTX_DAG_OWNER='***' AIRFLOW_CTX_DAG_ID='etl_covid_europa_pipeline' AIRFLOW_CTX_TASK_ID='extrair' AIRFLOW_CTX_EXECUTION_DATE='2024-04-04T00:00:00+00:00' AIRFLOW_CTX_TRY_NUMBER='1' AIRFLOW_CTX_DAG_RUN_ID='scheduled__2024-04-04T00:00:00+00:00'
[2024-10-02T19:27:11.408+0000] {taskinstance.py:430} INFO - ::endgroup::
[2024-10-02T19:27:17.280+0000] {python.py:237} INFO - Done. Returned value was: None
[2024-10-02T19:27:17.280+0000] {taskinstance.py:441} INFO - ::group::Post task execution logs
[2024-10-02T19:27:17.296+0000] {taskinstance.py:1206} INFO - Marking task as SUCCESS. dag_id=etl_covid_europa_pipeline, task_id=extrair, run_id=scheduled__2024-04-04T00:00:00+00:00, execution_date=20240404T000000, start_date=20241002T192711, end_date=20241002T192717
[2024-10-02T19:27:17.543+0000] {local_task_job_runner.py:240} INFO - Task exited with return code 0
[2024-10-02T19:27:17.578+0000] {taskinstance.py:3503} INFO - 1 downstream tasks scheduled from follow-on schedule check
[2024-10-02T19:27:17.584+0000] {local_task_job_runner.py:222} INFO - ::endgroup::
