[2024-10-02T17:27:46.507+0000] {local_task_job_runner.py:120} INFO - ::group::Pre task execution logs
[2024-10-02T17:27:46.532+0000] {taskinstance.py:2076} INFO - Dependencies all met for dep_context=non-requeueable deps ti=<TaskInstance: etl_covid_europa_pipeline.extrair scheduled__2024-02-22T00:00:00+00:00 [queued]>
[2024-10-02T17:27:46.540+0000] {taskinstance.py:2076} INFO - Dependencies all met for dep_context=requeueable deps ti=<TaskInstance: etl_covid_europa_pipeline.extrair scheduled__2024-02-22T00:00:00+00:00 [queued]>
[2024-10-02T17:27:46.540+0000] {taskinstance.py:2306} INFO - Starting attempt 1 of 1
[2024-10-02T17:27:46.745+0000] {taskinstance.py:2330} INFO - Executing <Task(PythonOperator): extrair> on 2024-02-22 00:00:00+00:00
[2024-10-02T17:27:46.753+0000] {warnings.py:112} WARNING - /home/***/.local/lib/python3.12/site-packages/***/task/task_runner/standard_task_runner.py:61: DeprecationWarning: This process (pid=1901) is multi-threaded, use of fork() may lead to deadlocks in the child.
  pid = os.fork()

[2024-10-02T17:27:46.754+0000] {standard_task_runner.py:63} INFO - Started process 1914 to run task
[2024-10-02T17:27:46.754+0000] {standard_task_runner.py:90} INFO - Running: ['***', 'tasks', 'run', 'etl_covid_europa_pipeline', 'extrair', 'scheduled__2024-02-22T00:00:00+00:00', '--job-id', '240', '--raw', '--subdir', 'DAGS_FOLDER/etl_pipeline.py', '--cfg-path', '/tmp/tmpivnj41bs']
[2024-10-02T17:27:46.756+0000] {standard_task_runner.py:91} INFO - Job 240: Subtask extrair
[2024-10-02T17:27:46.809+0000] {task_command.py:426} INFO - Running <TaskInstance: etl_covid_europa_pipeline.extrair scheduled__2024-02-22T00:00:00+00:00 [running]> on host 99de7dfc3871
[2024-10-02T17:27:46.899+0000] {taskinstance.py:2648} INFO - Exporting env vars: AIRFLOW_CTX_DAG_OWNER='***' AIRFLOW_CTX_DAG_ID='etl_covid_europa_pipeline' AIRFLOW_CTX_TASK_ID='extrair' AIRFLOW_CTX_EXECUTION_DATE='2024-02-22T00:00:00+00:00' AIRFLOW_CTX_TRY_NUMBER='1' AIRFLOW_CTX_DAG_RUN_ID='scheduled__2024-02-22T00:00:00+00:00'
[2024-10-02T17:27:46.901+0000] {taskinstance.py:430} INFO - ::endgroup::
[2024-10-02T17:27:53.057+0000] {python.py:237} INFO - Done. Returned value was: None
[2024-10-02T17:27:53.058+0000] {taskinstance.py:441} INFO - ::group::Post task execution logs
[2024-10-02T17:27:53.071+0000] {taskinstance.py:1206} INFO - Marking task as SUCCESS. dag_id=etl_covid_europa_pipeline, task_id=extrair, run_id=scheduled__2024-02-22T00:00:00+00:00, execution_date=20240222T000000, start_date=20241002T172746, end_date=20241002T172753
[2024-10-02T17:27:53.112+0000] {local_task_job_runner.py:240} INFO - Task exited with return code 0
[2024-10-02T17:27:53.135+0000] {taskinstance.py:3503} INFO - 1 downstream tasks scheduled from follow-on schedule check
[2024-10-02T17:27:53.137+0000] {local_task_job_runner.py:222} INFO - ::endgroup::
[2024-10-02T19:00:01.526+0000] {local_task_job_runner.py:120} INFO - ::group::Pre task execution logs
[2024-10-02T19:00:01.550+0000] {taskinstance.py:2076} INFO - Dependencies all met for dep_context=non-requeueable deps ti=<TaskInstance: etl_covid_europa_pipeline.extrair scheduled__2024-02-22T00:00:00+00:00 [queued]>
[2024-10-02T19:00:01.731+0000] {taskinstance.py:2076} INFO - Dependencies all met for dep_context=requeueable deps ti=<TaskInstance: etl_covid_europa_pipeline.extrair scheduled__2024-02-22T00:00:00+00:00 [queued]>
[2024-10-02T19:00:01.731+0000] {taskinstance.py:2306} INFO - Starting attempt 1 of 1
[2024-10-02T19:00:01.746+0000] {taskinstance.py:2330} INFO - Executing <Task(PythonOperator): extrair> on 2024-02-22 00:00:00+00:00
[2024-10-02T19:00:01.755+0000] {warnings.py:112} WARNING - /home/***/.local/lib/python3.12/site-packages/***/task/task_runner/standard_task_runner.py:61: DeprecationWarning: This process (pid=6459) is multi-threaded, use of fork() may lead to deadlocks in the child.
  pid = os.fork()

[2024-10-02T19:00:01.756+0000] {standard_task_runner.py:63} INFO - Started process 6472 to run task
[2024-10-02T19:00:01.756+0000] {standard_task_runner.py:90} INFO - Running: ['***', 'tasks', 'run', 'etl_covid_europa_pipeline', 'extrair', 'scheduled__2024-02-22T00:00:00+00:00', '--job-id', '1361', '--raw', '--subdir', 'DAGS_FOLDER/etl_pipeline.py', '--cfg-path', '/tmp/tmpn63xak05']
[2024-10-02T19:00:01.759+0000] {standard_task_runner.py:91} INFO - Job 1361: Subtask extrair
[2024-10-02T19:00:01.802+0000] {task_command.py:426} INFO - Running <TaskInstance: etl_covid_europa_pipeline.extrair scheduled__2024-02-22T00:00:00+00:00 [running]> on host 99de7dfc3871
[2024-10-02T19:00:01.883+0000] {taskinstance.py:2648} INFO - Exporting env vars: AIRFLOW_CTX_DAG_OWNER='***' AIRFLOW_CTX_DAG_ID='etl_covid_europa_pipeline' AIRFLOW_CTX_TASK_ID='extrair' AIRFLOW_CTX_EXECUTION_DATE='2024-02-22T00:00:00+00:00' AIRFLOW_CTX_TRY_NUMBER='1' AIRFLOW_CTX_DAG_RUN_ID='scheduled__2024-02-22T00:00:00+00:00'
[2024-10-02T19:00:01.887+0000] {taskinstance.py:430} INFO - ::endgroup::
[2024-10-02T19:00:08.461+0000] {python.py:237} INFO - Done. Returned value was: None
[2024-10-02T19:00:08.462+0000] {taskinstance.py:441} INFO - ::group::Post task execution logs
[2024-10-02T19:00:08.476+0000] {taskinstance.py:1206} INFO - Marking task as SUCCESS. dag_id=etl_covid_europa_pipeline, task_id=extrair, run_id=scheduled__2024-02-22T00:00:00+00:00, execution_date=20240222T000000, start_date=20241002T190001, end_date=20241002T190008
[2024-10-02T19:00:08.608+0000] {local_task_job_runner.py:240} INFO - Task exited with return code 0
[2024-10-02T19:00:08.640+0000] {taskinstance.py:3503} INFO - 1 downstream tasks scheduled from follow-on schedule check
[2024-10-02T19:00:08.647+0000] {local_task_job_runner.py:222} INFO - ::endgroup::
[2024-10-02T19:26:20.544+0000] {local_task_job_runner.py:120} INFO - ::group::Pre task execution logs
[2024-10-02T19:26:20.580+0000] {taskinstance.py:2076} INFO - Dependencies all met for dep_context=non-requeueable deps ti=<TaskInstance: etl_covid_europa_pipeline.extrair scheduled__2024-02-22T00:00:00+00:00 [queued]>
[2024-10-02T19:26:20.791+0000] {taskinstance.py:2076} INFO - Dependencies all met for dep_context=requeueable deps ti=<TaskInstance: etl_covid_europa_pipeline.extrair scheduled__2024-02-22T00:00:00+00:00 [queued]>
[2024-10-02T19:26:20.793+0000] {taskinstance.py:2306} INFO - Starting attempt 1 of 1
[2024-10-02T19:26:20.856+0000] {taskinstance.py:2330} INFO - Executing <Task(PythonOperator): extrair> on 2024-02-22 00:00:00+00:00
[2024-10-02T19:26:20.865+0000] {warnings.py:112} WARNING - /home/***/.local/lib/python3.12/site-packages/***/task/task_runner/standard_task_runner.py:61: DeprecationWarning: This process (pid=9909) is multi-threaded, use of fork() may lead to deadlocks in the child.
  pid = os.fork()

[2024-10-02T19:26:20.866+0000] {standard_task_runner.py:63} INFO - Started process 9925 to run task
[2024-10-02T19:26:20.866+0000] {standard_task_runner.py:90} INFO - Running: ['***', 'tasks', 'run', 'etl_covid_europa_pipeline', 'extrair', 'scheduled__2024-02-22T00:00:00+00:00', '--job-id', '2399', '--raw', '--subdir', 'DAGS_FOLDER/etl_pipeline.py', '--cfg-path', '/tmp/tmpt5retohb']
[2024-10-02T19:26:20.869+0000] {standard_task_runner.py:91} INFO - Job 2399: Subtask extrair
[2024-10-02T19:26:20.922+0000] {task_command.py:426} INFO - Running <TaskInstance: etl_covid_europa_pipeline.extrair scheduled__2024-02-22T00:00:00+00:00 [running]> on host 99de7dfc3871
[2024-10-02T19:26:21.038+0000] {taskinstance.py:2648} INFO - Exporting env vars: AIRFLOW_CTX_DAG_OWNER='***' AIRFLOW_CTX_DAG_ID='etl_covid_europa_pipeline' AIRFLOW_CTX_TASK_ID='extrair' AIRFLOW_CTX_EXECUTION_DATE='2024-02-22T00:00:00+00:00' AIRFLOW_CTX_TRY_NUMBER='1' AIRFLOW_CTX_DAG_RUN_ID='scheduled__2024-02-22T00:00:00+00:00'
[2024-10-02T19:26:21.044+0000] {taskinstance.py:430} INFO - ::endgroup::
[2024-10-02T19:26:29.817+0000] {python.py:237} INFO - Done. Returned value was: None
[2024-10-02T19:26:29.818+0000] {taskinstance.py:441} INFO - ::group::Post task execution logs
[2024-10-02T19:26:29.826+0000] {taskinstance.py:1206} INFO - Marking task as SUCCESS. dag_id=etl_covid_europa_pipeline, task_id=extrair, run_id=scheduled__2024-02-22T00:00:00+00:00, execution_date=20240222T000000, start_date=20241002T192620, end_date=20241002T192629
[2024-10-02T19:26:29.920+0000] {local_task_job_runner.py:240} INFO - Task exited with return code 0
[2024-10-02T19:26:29.942+0000] {taskinstance.py:3503} INFO - 1 downstream tasks scheduled from follow-on schedule check
[2024-10-02T19:26:29.944+0000] {local_task_job_runner.py:222} INFO - ::endgroup::
