[2024-10-02T17:28:09.182+0000] {local_task_job_runner.py:120} INFO - ::group::Pre task execution logs
[2024-10-02T17:28:09.206+0000] {taskinstance.py:2076} INFO - Dependencies all met for dep_context=non-requeueable deps ti=<TaskInstance: etl_covid_europa_pipeline.extrair scheduled__2024-03-22T00:00:00+00:00 [queued]>
[2024-10-02T17:28:09.214+0000] {taskinstance.py:2076} INFO - Dependencies all met for dep_context=requeueable deps ti=<TaskInstance: etl_covid_europa_pipeline.extrair scheduled__2024-03-22T00:00:00+00:00 [queued]>
[2024-10-02T17:28:09.214+0000] {taskinstance.py:2306} INFO - Starting attempt 1 of 1
[2024-10-02T17:28:09.404+0000] {taskinstance.py:2330} INFO - Executing <Task(PythonOperator): extrair> on 2024-03-22 00:00:00+00:00
[2024-10-02T17:28:09.409+0000] {warnings.py:112} WARNING - /home/***/.local/lib/python3.12/site-packages/***/task/task_runner/standard_task_runner.py:61: DeprecationWarning: This process (pid=2036) is multi-threaded, use of fork() may lead to deadlocks in the child.
  pid = os.fork()

[2024-10-02T17:28:09.410+0000] {standard_task_runner.py:90} INFO - Running: ['***', 'tasks', 'run', 'etl_covid_europa_pipeline', 'extrair', 'scheduled__2024-03-22T00:00:00+00:00', '--job-id', '284', '--raw', '--subdir', 'DAGS_FOLDER/etl_pipeline.py', '--cfg-path', '/tmp/tmpzyeui0y7']
[2024-10-02T17:28:09.412+0000] {standard_task_runner.py:63} INFO - Started process 2046 to run task
[2024-10-02T17:28:09.412+0000] {standard_task_runner.py:91} INFO - Job 284: Subtask extrair
[2024-10-02T17:28:09.449+0000] {task_command.py:426} INFO - Running <TaskInstance: etl_covid_europa_pipeline.extrair scheduled__2024-03-22T00:00:00+00:00 [running]> on host 99de7dfc3871
[2024-10-02T17:28:09.517+0000] {taskinstance.py:2648} INFO - Exporting env vars: AIRFLOW_CTX_DAG_OWNER='***' AIRFLOW_CTX_DAG_ID='etl_covid_europa_pipeline' AIRFLOW_CTX_TASK_ID='extrair' AIRFLOW_CTX_EXECUTION_DATE='2024-03-22T00:00:00+00:00' AIRFLOW_CTX_TRY_NUMBER='1' AIRFLOW_CTX_DAG_RUN_ID='scheduled__2024-03-22T00:00:00+00:00'
[2024-10-02T17:28:09.518+0000] {taskinstance.py:430} INFO - ::endgroup::
[2024-10-02T17:28:15.509+0000] {python.py:237} INFO - Done. Returned value was: None
[2024-10-02T17:28:15.511+0000] {taskinstance.py:441} INFO - ::group::Post task execution logs
[2024-10-02T17:28:15.524+0000] {taskinstance.py:1206} INFO - Marking task as SUCCESS. dag_id=etl_covid_europa_pipeline, task_id=extrair, run_id=scheduled__2024-03-22T00:00:00+00:00, execution_date=20240322T000000, start_date=20241002T172809, end_date=20241002T172815
[2024-10-02T17:28:15.571+0000] {local_task_job_runner.py:240} INFO - Task exited with return code 0
[2024-10-02T17:28:15.640+0000] {taskinstance.py:3503} INFO - 1 downstream tasks scheduled from follow-on schedule check
[2024-10-02T17:28:15.643+0000] {local_task_job_runner.py:222} INFO - ::endgroup::
[2024-10-02T19:00:44.359+0000] {local_task_job_runner.py:120} INFO - ::group::Pre task execution logs
[2024-10-02T19:00:44.382+0000] {taskinstance.py:2076} INFO - Dependencies all met for dep_context=non-requeueable deps ti=<TaskInstance: etl_covid_europa_pipeline.extrair scheduled__2024-03-22T00:00:00+00:00 [queued]>
[2024-10-02T19:00:44.574+0000] {taskinstance.py:2076} INFO - Dependencies all met for dep_context=requeueable deps ti=<TaskInstance: etl_covid_europa_pipeline.extrair scheduled__2024-03-22T00:00:00+00:00 [queued]>
[2024-10-02T19:00:44.575+0000] {taskinstance.py:2306} INFO - Starting attempt 1 of 1
[2024-10-02T19:00:44.592+0000] {taskinstance.py:2330} INFO - Executing <Task(PythonOperator): extrair> on 2024-03-22 00:00:00+00:00
[2024-10-02T19:00:44.597+0000] {warnings.py:112} WARNING - /home/***/.local/lib/python3.12/site-packages/***/task/task_runner/standard_task_runner.py:61: DeprecationWarning: This process (pid=6716) is multi-threaded, use of fork() may lead to deadlocks in the child.
  pid = os.fork()

[2024-10-02T19:00:44.600+0000] {standard_task_runner.py:63} INFO - Started process 6733 to run task
[2024-10-02T19:00:44.600+0000] {standard_task_runner.py:90} INFO - Running: ['***', 'tasks', 'run', 'etl_covid_europa_pipeline', 'extrair', 'scheduled__2024-03-22T00:00:00+00:00', '--job-id', '1445', '--raw', '--subdir', 'DAGS_FOLDER/etl_pipeline.py', '--cfg-path', '/tmp/tmp339vsfma']
[2024-10-02T19:00:44.603+0000] {standard_task_runner.py:91} INFO - Job 1445: Subtask extrair
[2024-10-02T19:00:44.660+0000] {task_command.py:426} INFO - Running <TaskInstance: etl_covid_europa_pipeline.extrair scheduled__2024-03-22T00:00:00+00:00 [running]> on host 99de7dfc3871
[2024-10-02T19:00:44.742+0000] {taskinstance.py:2648} INFO - Exporting env vars: AIRFLOW_CTX_DAG_OWNER='***' AIRFLOW_CTX_DAG_ID='etl_covid_europa_pipeline' AIRFLOW_CTX_TASK_ID='extrair' AIRFLOW_CTX_EXECUTION_DATE='2024-03-22T00:00:00+00:00' AIRFLOW_CTX_TRY_NUMBER='1' AIRFLOW_CTX_DAG_RUN_ID='scheduled__2024-03-22T00:00:00+00:00'
[2024-10-02T19:00:44.745+0000] {taskinstance.py:430} INFO - ::endgroup::
[2024-10-02T19:00:49.766+0000] {python.py:237} INFO - Done. Returned value was: None
[2024-10-02T19:00:49.767+0000] {taskinstance.py:441} INFO - ::group::Post task execution logs
[2024-10-02T19:00:49.778+0000] {taskinstance.py:1206} INFO - Marking task as SUCCESS. dag_id=etl_covid_europa_pipeline, task_id=extrair, run_id=scheduled__2024-03-22T00:00:00+00:00, execution_date=20240322T000000, start_date=20241002T190044, end_date=20241002T190049
[2024-10-02T19:00:49.820+0000] {local_task_job_runner.py:240} INFO - Task exited with return code 0
[2024-10-02T19:00:49.851+0000] {taskinstance.py:3503} INFO - 1 downstream tasks scheduled from follow-on schedule check
[2024-10-02T19:00:49.854+0000] {local_task_job_runner.py:222} INFO - ::endgroup::
[2024-10-02T19:26:59.103+0000] {local_task_job_runner.py:120} INFO - ::group::Pre task execution logs
[2024-10-02T19:26:59.130+0000] {taskinstance.py:2076} INFO - Dependencies all met for dep_context=non-requeueable deps ti=<TaskInstance: etl_covid_europa_pipeline.extrair scheduled__2024-03-22T00:00:00+00:00 [queued]>
[2024-10-02T19:26:59.137+0000] {taskinstance.py:2076} INFO - Dependencies all met for dep_context=requeueable deps ti=<TaskInstance: etl_covid_europa_pipeline.extrair scheduled__2024-03-22T00:00:00+00:00 [queued]>
[2024-10-02T19:26:59.137+0000] {taskinstance.py:2306} INFO - Starting attempt 1 of 1
[2024-10-02T19:26:59.151+0000] {taskinstance.py:2330} INFO - Executing <Task(PythonOperator): extrair> on 2024-03-22 00:00:00+00:00
[2024-10-02T19:26:59.157+0000] {warnings.py:112} WARNING - /home/***/.local/lib/python3.12/site-packages/***/task/task_runner/standard_task_runner.py:61: DeprecationWarning: This process (pid=10202) is multi-threaded, use of fork() may lead to deadlocks in the child.
  pid = os.fork()

[2024-10-02T19:26:59.158+0000] {standard_task_runner.py:63} INFO - Started process 10205 to run task
[2024-10-02T19:26:59.158+0000] {standard_task_runner.py:90} INFO - Running: ['***', 'tasks', 'run', 'etl_covid_europa_pipeline', 'extrair', 'scheduled__2024-03-22T00:00:00+00:00', '--job-id', '2491', '--raw', '--subdir', 'DAGS_FOLDER/etl_pipeline_agrupar_continente.py', '--cfg-path', '/tmp/tmpc05o5koi']
[2024-10-02T19:26:59.160+0000] {standard_task_runner.py:91} INFO - Job 2491: Subtask extrair
[2024-10-02T19:26:59.368+0000] {task_command.py:426} INFO - Running <TaskInstance: etl_covid_europa_pipeline.extrair scheduled__2024-03-22T00:00:00+00:00 [running]> on host 99de7dfc3871
[2024-10-02T19:26:59.438+0000] {taskinstance.py:2648} INFO - Exporting env vars: AIRFLOW_CTX_DAG_OWNER='***' AIRFLOW_CTX_DAG_ID='etl_covid_europa_pipeline' AIRFLOW_CTX_TASK_ID='extrair' AIRFLOW_CTX_EXECUTION_DATE='2024-03-22T00:00:00+00:00' AIRFLOW_CTX_TRY_NUMBER='1' AIRFLOW_CTX_DAG_RUN_ID='scheduled__2024-03-22T00:00:00+00:00'
[2024-10-02T19:26:59.440+0000] {taskinstance.py:430} INFO - ::endgroup::
[2024-10-02T19:27:04.000+0000] {python.py:237} INFO - Done. Returned value was: None
[2024-10-02T19:27:04.001+0000] {taskinstance.py:441} INFO - ::group::Post task execution logs
[2024-10-02T19:27:04.009+0000] {taskinstance.py:1206} INFO - Marking task as SUCCESS. dag_id=etl_covid_europa_pipeline, task_id=extrair, run_id=scheduled__2024-03-22T00:00:00+00:00, execution_date=20240322T000000, start_date=20241002T192659, end_date=20241002T192704
[2024-10-02T19:27:04.064+0000] {local_task_job_runner.py:240} INFO - Task exited with return code 0
[2024-10-02T19:27:04.244+0000] {taskinstance.py:3503} INFO - 1 downstream tasks scheduled from follow-on schedule check
[2024-10-02T19:27:04.246+0000] {local_task_job_runner.py:222} INFO - ::endgroup::
