[2024-10-02T17:28:31.263+0000] {local_task_job_runner.py:120} INFO - ::group::Pre task execution logs
[2024-10-02T17:28:31.291+0000] {taskinstance.py:2076} INFO - Dependencies all met for dep_context=non-requeueable deps ti=<TaskInstance: etl_covid_europa_pipeline.transformar scheduled__2024-03-30T00:00:00+00:00 [queued]>
[2024-10-02T17:28:31.300+0000] {taskinstance.py:2076} INFO - Dependencies all met for dep_context=requeueable deps ti=<TaskInstance: etl_covid_europa_pipeline.transformar scheduled__2024-03-30T00:00:00+00:00 [queued]>
[2024-10-02T17:28:31.300+0000] {taskinstance.py:2306} INFO - Starting attempt 1 of 1
[2024-10-02T17:28:31.544+0000] {taskinstance.py:2330} INFO - Executing <Task(PythonOperator): transformar> on 2024-03-30 00:00:00+00:00
[2024-10-02T17:28:31.552+0000] {warnings.py:112} WARNING - /home/***/.local/lib/python3.12/site-packages/***/task/task_runner/standard_task_runner.py:61: DeprecationWarning: This process (pid=2153) is multi-threaded, use of fork() may lead to deadlocks in the child.
  pid = os.fork()

[2024-10-02T17:28:31.553+0000] {standard_task_runner.py:63} INFO - Started process 2168 to run task
[2024-10-02T17:28:31.553+0000] {standard_task_runner.py:90} INFO - Running: ['***', 'tasks', 'run', 'etl_covid_europa_pipeline', 'transformar', 'scheduled__2024-03-30T00:00:00+00:00', '--job-id', '320', '--raw', '--subdir', 'DAGS_FOLDER/etl_pipeline.py', '--cfg-path', '/tmp/tmpn9iphq3x']
[2024-10-02T17:28:31.556+0000] {standard_task_runner.py:91} INFO - Job 320: Subtask transformar
[2024-10-02T17:28:31.624+0000] {task_command.py:426} INFO - Running <TaskInstance: etl_covid_europa_pipeline.transformar scheduled__2024-03-30T00:00:00+00:00 [running]> on host 99de7dfc3871
[2024-10-02T17:28:31.735+0000] {taskinstance.py:2648} INFO - Exporting env vars: AIRFLOW_CTX_DAG_OWNER='***' AIRFLOW_CTX_DAG_ID='etl_covid_europa_pipeline' AIRFLOW_CTX_TASK_ID='transformar' AIRFLOW_CTX_EXECUTION_DATE='2024-03-30T00:00:00+00:00' AIRFLOW_CTX_TRY_NUMBER='1' AIRFLOW_CTX_DAG_RUN_ID='scheduled__2024-03-30T00:00:00+00:00'
[2024-10-02T17:28:31.737+0000] {taskinstance.py:430} INFO - ::endgroup::
[2024-10-02T17:28:31.790+0000] {taskinstance.py:441} INFO - ::group::Post task execution logs
[2024-10-02T17:28:31.791+0000] {taskinstance.py:2905} ERROR - Task failed with exception
Traceback (most recent call last):
  File "/home/airflow/.local/lib/python3.12/site-packages/airflow/models/taskinstance.py", line 465, in _execute_task
    result = _execute_callable(context=context, **execute_callable_kwargs)
             ^^^^^^^^^^^^^^^^^^^^^^^^^^^^^^^^^^^^^^^^^^^^^^^^^^^^^^^^^^^^^
  File "/home/airflow/.local/lib/python3.12/site-packages/airflow/models/taskinstance.py", line 432, in _execute_callable
    return execute_callable(context=context, **execute_callable_kwargs)
           ^^^^^^^^^^^^^^^^^^^^^^^^^^^^^^^^^^^^^^^^^^^^^^^^^^^^^^^^^^^^
  File "/home/airflow/.local/lib/python3.12/site-packages/airflow/models/baseoperator.py", line 401, in wrapper
    return func(self, *args, **kwargs)
           ^^^^^^^^^^^^^^^^^^^^^^^^^^^
  File "/home/airflow/.local/lib/python3.12/site-packages/airflow/operators/python.py", line 235, in execute
    return_value = self.execute_callable()
                   ^^^^^^^^^^^^^^^^^^^^^^^
  File "/home/airflow/.local/lib/python3.12/site-packages/airflow/operators/python.py", line 252, in execute_callable
    return self.python_callable(*self.op_args, **self.op_kwargs)
           ^^^^^^^^^^^^^^^^^^^^^^^^^^^^^^^^^^^^^^^^^^^^^^^^^^^^^
  File "/opt/airflow/dags/etl_pipeline.py", line 13, in transformar
    df = pd.read_csv('data/dados_covid_extraidos.csv')
         ^^^^^^^^^^^^^^^^^^^^^^^^^^^^^^^^^^^^^^^^^^^^^
  File "/home/airflow/.local/lib/python3.12/site-packages/pandas/io/parsers/readers.py", line 948, in read_csv
    return _read(filepath_or_buffer, kwds)
           ^^^^^^^^^^^^^^^^^^^^^^^^^^^^^^^
  File "/home/airflow/.local/lib/python3.12/site-packages/pandas/io/parsers/readers.py", line 617, in _read
    return parser.read(nrows)
           ^^^^^^^^^^^^^^^^^^
  File "/home/airflow/.local/lib/python3.12/site-packages/pandas/io/parsers/readers.py", line 1748, in read
    ) = self._engine.read(  # type: ignore[attr-defined]
        ^^^^^^^^^^^^^^^^^^^^^^^^^^^^^^^^^^^^^^^^^^^^^^^^
  File "/home/airflow/.local/lib/python3.12/site-packages/pandas/io/parsers/c_parser_wrapper.py", line 234, in read
    chunks = self._reader.read_low_memory(nrows)
             ^^^^^^^^^^^^^^^^^^^^^^^^^^^^^^^^^^^
  File "parsers.pyx", line 843, in pandas._libs.parsers.TextReader.read_low_memory
  File "parsers.pyx", line 904, in pandas._libs.parsers.TextReader._read_rows
  File "parsers.pyx", line 879, in pandas._libs.parsers.TextReader._tokenize_rows
  File "parsers.pyx", line 890, in pandas._libs.parsers.TextReader._check_tokenize_status
  File "parsers.pyx", line 2058, in pandas._libs.parsers.raise_parser_error
pandas.errors.ParserError: Error tokenizing data. C error: Expected 1 fields in line 7201, saw 2

[2024-10-02T17:28:31.816+0000] {taskinstance.py:1206} INFO - Marking task as FAILED. dag_id=etl_covid_europa_pipeline, task_id=transformar, run_id=scheduled__2024-03-30T00:00:00+00:00, execution_date=20240330T000000, start_date=20241002T172831, end_date=20241002T172831
[2024-10-02T17:28:31.838+0000] {standard_task_runner.py:110} ERROR - Failed to execute job 320 for task transformar (Error tokenizing data. C error: Expected 1 fields in line 7201, saw 2
; 2168)
[2024-10-02T17:28:31.889+0000] {local_task_job_runner.py:240} INFO - Task exited with return code 1
[2024-10-02T17:28:31.919+0000] {taskinstance.py:3503} INFO - 0 downstream tasks scheduled from follow-on schedule check
[2024-10-02T17:28:31.924+0000] {local_task_job_runner.py:222} INFO - ::endgroup::
[2024-10-02T19:01:08.216+0000] {local_task_job_runner.py:120} INFO - ::group::Pre task execution logs
[2024-10-02T19:01:08.475+0000] {taskinstance.py:2076} INFO - Dependencies all met for dep_context=non-requeueable deps ti=<TaskInstance: etl_covid_europa_pipeline.transformar scheduled__2024-03-30T00:00:00+00:00 [queued]>
[2024-10-02T19:01:08.482+0000] {taskinstance.py:2076} INFO - Dependencies all met for dep_context=requeueable deps ti=<TaskInstance: etl_covid_europa_pipeline.transformar scheduled__2024-03-30T00:00:00+00:00 [queued]>
[2024-10-02T19:01:08.483+0000] {taskinstance.py:2306} INFO - Starting attempt 1 of 1
[2024-10-02T19:01:08.496+0000] {taskinstance.py:2330} INFO - Executing <Task(PythonOperator): transformar> on 2024-03-30 00:00:00+00:00
[2024-10-02T19:01:08.503+0000] {warnings.py:112} WARNING - /home/***/.local/lib/python3.12/site-packages/***/task/task_runner/standard_task_runner.py:61: DeprecationWarning: This process (pid=6902) is multi-threaded, use of fork() may lead to deadlocks in the child.
  pid = os.fork()

[2024-10-02T19:01:08.505+0000] {standard_task_runner.py:63} INFO - Started process 6917 to run task
[2024-10-02T19:01:08.505+0000] {standard_task_runner.py:90} INFO - Running: ['***', 'tasks', 'run', 'etl_covid_europa_pipeline', 'transformar', 'scheduled__2024-03-30T00:00:00+00:00', '--job-id', '1503', '--raw', '--subdir', 'DAGS_FOLDER/etl_pipeline.py', '--cfg-path', '/tmp/tmpl9q_xztc']
[2024-10-02T19:01:08.507+0000] {standard_task_runner.py:91} INFO - Job 1503: Subtask transformar
[2024-10-02T19:01:08.552+0000] {task_command.py:426} INFO - Running <TaskInstance: etl_covid_europa_pipeline.transformar scheduled__2024-03-30T00:00:00+00:00 [running]> on host 99de7dfc3871
[2024-10-02T19:01:08.664+0000] {taskinstance.py:2648} INFO - Exporting env vars: AIRFLOW_CTX_DAG_OWNER='***' AIRFLOW_CTX_DAG_ID='etl_covid_europa_pipeline' AIRFLOW_CTX_TASK_ID='transformar' AIRFLOW_CTX_EXECUTION_DATE='2024-03-30T00:00:00+00:00' AIRFLOW_CTX_TRY_NUMBER='1' AIRFLOW_CTX_DAG_RUN_ID='scheduled__2024-03-30T00:00:00+00:00'
[2024-10-02T19:01:08.666+0000] {taskinstance.py:430} INFO - ::endgroup::
[2024-10-02T19:01:08.813+0000] {python.py:237} INFO - Done. Returned value was: None
[2024-10-02T19:01:08.814+0000] {taskinstance.py:441} INFO - ::group::Post task execution logs
[2024-10-02T19:01:08.824+0000] {taskinstance.py:1206} INFO - Marking task as SUCCESS. dag_id=etl_covid_europa_pipeline, task_id=transformar, run_id=scheduled__2024-03-30T00:00:00+00:00, execution_date=20240330T000000, start_date=20241002T190108, end_date=20241002T190108
[2024-10-02T19:01:08.879+0000] {local_task_job_runner.py:240} INFO - Task exited with return code 0
[2024-10-02T19:01:08.897+0000] {taskinstance.py:3503} INFO - 1 downstream tasks scheduled from follow-on schedule check
[2024-10-02T19:01:08.899+0000] {local_task_job_runner.py:222} INFO - ::endgroup::
[2024-10-02T19:27:19.823+0000] {local_task_job_runner.py:120} INFO - ::group::Pre task execution logs
[2024-10-02T19:27:19.860+0000] {taskinstance.py:2076} INFO - Dependencies all met for dep_context=non-requeueable deps ti=<TaskInstance: etl_covid_europa_pipeline.transformar scheduled__2024-03-30T00:00:00+00:00 [queued]>
[2024-10-02T19:27:19.874+0000] {taskinstance.py:2076} INFO - Dependencies all met for dep_context=requeueable deps ti=<TaskInstance: etl_covid_europa_pipeline.transformar scheduled__2024-03-30T00:00:00+00:00 [queued]>
[2024-10-02T19:27:19.875+0000] {taskinstance.py:2306} INFO - Starting attempt 1 of 1
[2024-10-02T19:27:19.894+0000] {taskinstance.py:2330} INFO - Executing <Task(PythonOperator): transformar> on 2024-03-30 00:00:00+00:00
[2024-10-02T19:27:19.903+0000] {warnings.py:112} WARNING - /home/***/.local/lib/python3.12/site-packages/***/task/task_runner/standard_task_runner.py:61: DeprecationWarning: This process (pid=10293) is multi-threaded, use of fork() may lead to deadlocks in the child.
  pid = os.fork()

[2024-10-02T19:27:19.907+0000] {standard_task_runner.py:63} INFO - Started process 10315 to run task
[2024-10-02T19:27:19.910+0000] {standard_task_runner.py:90} INFO - Running: ['***', 'tasks', 'run', 'etl_covid_europa_pipeline', 'transformar', 'scheduled__2024-03-30T00:00:00+00:00', '--job-id', '2523', '--raw', '--subdir', 'DAGS_FOLDER/etl_pipeline_agrupar_continente.py', '--cfg-path', '/tmp/tmp4vbid_s6']
[2024-10-02T19:27:19.914+0000] {standard_task_runner.py:91} INFO - Job 2523: Subtask transformar
[2024-10-02T19:27:20.418+0000] {task_command.py:426} INFO - Running <TaskInstance: etl_covid_europa_pipeline.transformar scheduled__2024-03-30T00:00:00+00:00 [running]> on host 99de7dfc3871
[2024-10-02T19:27:20.891+0000] {taskinstance.py:2648} INFO - Exporting env vars: AIRFLOW_CTX_DAG_OWNER='***' AIRFLOW_CTX_DAG_ID='etl_covid_europa_pipeline' AIRFLOW_CTX_TASK_ID='transformar' AIRFLOW_CTX_EXECUTION_DATE='2024-03-30T00:00:00+00:00' AIRFLOW_CTX_TRY_NUMBER='1' AIRFLOW_CTX_DAG_RUN_ID='scheduled__2024-03-30T00:00:00+00:00'
[2024-10-02T19:27:20.895+0000] {taskinstance.py:430} INFO - ::endgroup::
[2024-10-02T19:27:21.217+0000] {python.py:237} INFO - Done. Returned value was: None
[2024-10-02T19:27:21.218+0000] {taskinstance.py:441} INFO - ::group::Post task execution logs
[2024-10-02T19:27:21.235+0000] {taskinstance.py:1206} INFO - Marking task as SUCCESS. dag_id=etl_covid_europa_pipeline, task_id=transformar, run_id=scheduled__2024-03-30T00:00:00+00:00, execution_date=20240330T000000, start_date=20241002T192719, end_date=20241002T192721
[2024-10-02T19:27:21.318+0000] {local_task_job_runner.py:240} INFO - Task exited with return code 0
[2024-10-02T19:27:21.334+0000] {local_task_job_runner.py:222} INFO - ::endgroup::
