[2024-10-02T18:58:58.398+0000] {local_task_job_runner.py:120} INFO - ::group::Pre task execution logs
[2024-10-02T18:58:58.432+0000] {taskinstance.py:2076} INFO - Dependencies all met for dep_context=non-requeueable deps ti=<TaskInstance: etl_covid_europa_pipeline.carregar scheduled__2023-12-31T00:00:00+00:00 [queued]>
[2024-10-02T18:58:58.695+0000] {taskinstance.py:2076} INFO - Dependencies all met for dep_context=requeueable deps ti=<TaskInstance: etl_covid_europa_pipeline.carregar scheduled__2023-12-31T00:00:00+00:00 [queued]>
[2024-10-02T18:58:58.696+0000] {taskinstance.py:2306} INFO - Starting attempt 1 of 1
[2024-10-02T18:58:58.710+0000] {taskinstance.py:2330} INFO - Executing <Task(PythonOperator): carregar> on 2023-12-31 00:00:00+00:00
[2024-10-02T18:58:58.718+0000] {warnings.py:112} WARNING - /home/***/.local/lib/python3.12/site-packages/***/task/task_runner/standard_task_runner.py:61: DeprecationWarning: This process (pid=6099) is multi-threaded, use of fork() may lead to deadlocks in the child.
  pid = os.fork()

[2024-10-02T18:58:58.719+0000] {standard_task_runner.py:63} INFO - Started process 6111 to run task
[2024-10-02T18:58:58.719+0000] {standard_task_runner.py:90} INFO - Running: ['***', 'tasks', 'run', 'etl_covid_europa_pipeline', 'carregar', 'scheduled__2023-12-31T00:00:00+00:00', '--job-id', '1246', '--raw', '--subdir', 'DAGS_FOLDER/etl_pipeline.py', '--cfg-path', '/tmp/tmpown9v803']
[2024-10-02T18:58:58.721+0000] {standard_task_runner.py:91} INFO - Job 1246: Subtask carregar
[2024-10-02T18:58:58.787+0000] {task_command.py:426} INFO - Running <TaskInstance: etl_covid_europa_pipeline.carregar scheduled__2023-12-31T00:00:00+00:00 [running]> on host 99de7dfc3871
[2024-10-02T18:58:58.882+0000] {taskinstance.py:2648} INFO - Exporting env vars: AIRFLOW_CTX_DAG_OWNER='***' AIRFLOW_CTX_DAG_ID='etl_covid_europa_pipeline' AIRFLOW_CTX_TASK_ID='carregar' AIRFLOW_CTX_EXECUTION_DATE='2023-12-31T00:00:00+00:00' AIRFLOW_CTX_TRY_NUMBER='1' AIRFLOW_CTX_DAG_RUN_ID='scheduled__2023-12-31T00:00:00+00:00'
[2024-10-02T18:58:58.886+0000] {taskinstance.py:430} INFO - ::endgroup::
[2024-10-02T18:58:58.951+0000] {python.py:237} INFO - Done. Returned value was: None
[2024-10-02T18:58:58.952+0000] {taskinstance.py:441} INFO - ::group::Post task execution logs
[2024-10-02T18:58:58.962+0000] {taskinstance.py:1206} INFO - Marking task as SUCCESS. dag_id=etl_covid_europa_pipeline, task_id=carregar, run_id=scheduled__2023-12-31T00:00:00+00:00, execution_date=20231231T000000, start_date=20241002T185858, end_date=20241002T185858
[2024-10-02T18:58:59.013+0000] {local_task_job_runner.py:240} INFO - Task exited with return code 0
[2024-10-02T18:58:59.026+0000] {taskinstance.py:3503} INFO - 0 downstream tasks scheduled from follow-on schedule check
[2024-10-02T18:58:59.028+0000] {local_task_job_runner.py:222} INFO - ::endgroup::
[2024-10-02T19:25:16.151+0000] {local_task_job_runner.py:120} INFO - ::group::Pre task execution logs
[2024-10-02T19:25:16.172+0000] {taskinstance.py:2076} INFO - Dependencies all met for dep_context=non-requeueable deps ti=<TaskInstance: etl_covid_europa_pipeline.carregar scheduled__2023-12-31T00:00:00+00:00 [queued]>
[2024-10-02T19:25:16.180+0000] {taskinstance.py:2076} INFO - Dependencies all met for dep_context=requeueable deps ti=<TaskInstance: etl_covid_europa_pipeline.carregar scheduled__2023-12-31T00:00:00+00:00 [queued]>
[2024-10-02T19:25:16.181+0000] {taskinstance.py:2306} INFO - Starting attempt 1 of 1
[2024-10-02T19:25:16.366+0000] {taskinstance.py:2330} INFO - Executing <Task(PythonOperator): carregar> on 2023-12-31 00:00:00+00:00
[2024-10-02T19:25:16.373+0000] {warnings.py:112} WARNING - /home/***/.local/lib/python3.12/site-packages/***/task/task_runner/standard_task_runner.py:61: DeprecationWarning: This process (pid=9445) is multi-threaded, use of fork() may lead to deadlocks in the child.
  pid = os.fork()

[2024-10-02T19:25:16.375+0000] {standard_task_runner.py:63} INFO - Started process 9459 to run task
[2024-10-02T19:25:16.374+0000] {standard_task_runner.py:90} INFO - Running: ['***', 'tasks', 'run', 'etl_covid_europa_pipeline', 'carregar', 'scheduled__2023-12-31T00:00:00+00:00', '--job-id', '2249', '--raw', '--subdir', 'DAGS_FOLDER/etl_pipeline.py', '--cfg-path', '/tmp/tmpmk3fgg70']
[2024-10-02T19:25:16.377+0000] {standard_task_runner.py:91} INFO - Job 2249: Subtask carregar
[2024-10-02T19:25:16.419+0000] {task_command.py:426} INFO - Running <TaskInstance: etl_covid_europa_pipeline.carregar scheduled__2023-12-31T00:00:00+00:00 [running]> on host 99de7dfc3871
[2024-10-02T19:25:16.499+0000] {taskinstance.py:2648} INFO - Exporting env vars: AIRFLOW_CTX_DAG_OWNER='***' AIRFLOW_CTX_DAG_ID='etl_covid_europa_pipeline' AIRFLOW_CTX_TASK_ID='carregar' AIRFLOW_CTX_EXECUTION_DATE='2023-12-31T00:00:00+00:00' AIRFLOW_CTX_TRY_NUMBER='1' AIRFLOW_CTX_DAG_RUN_ID='scheduled__2023-12-31T00:00:00+00:00'
[2024-10-02T19:25:16.500+0000] {taskinstance.py:430} INFO - ::endgroup::
[2024-10-02T19:25:16.584+0000] {python.py:237} INFO - Done. Returned value was: None
[2024-10-02T19:25:16.585+0000] {taskinstance.py:441} INFO - ::group::Post task execution logs
[2024-10-02T19:25:16.594+0000] {taskinstance.py:1206} INFO - Marking task as SUCCESS. dag_id=etl_covid_europa_pipeline, task_id=carregar, run_id=scheduled__2023-12-31T00:00:00+00:00, execution_date=20231231T000000, start_date=20241002T192516, end_date=20241002T192516
[2024-10-02T19:25:16.629+0000] {local_task_job_runner.py:240} INFO - Task exited with return code 0
[2024-10-02T19:25:16.644+0000] {taskinstance.py:3503} INFO - 0 downstream tasks scheduled from follow-on schedule check
[2024-10-02T19:25:16.646+0000] {local_task_job_runner.py:222} INFO - ::endgroup::
