[2024-10-02T18:54:14.541+0000] {local_task_job_runner.py:120} INFO - ::group::Pre task execution logs
[2024-10-02T18:54:14.575+0000] {taskinstance.py:2076} INFO - Dependencies all met for dep_context=non-requeueable deps ti=<TaskInstance: etl_covid_europa_pipeline.carregar scheduled__2024-07-02T00:00:00+00:00 [queued]>
[2024-10-02T18:54:14.947+0000] {taskinstance.py:2076} INFO - Dependencies all met for dep_context=requeueable deps ti=<TaskInstance: etl_covid_europa_pipeline.carregar scheduled__2024-07-02T00:00:00+00:00 [queued]>
[2024-10-02T18:54:14.947+0000] {taskinstance.py:2306} INFO - Starting attempt 1 of 1
[2024-10-02T18:54:14.970+0000] {taskinstance.py:2330} INFO - Executing <Task(PythonOperator): carregar> on 2024-07-02 00:00:00+00:00
[2024-10-02T18:54:14.979+0000] {warnings.py:112} WARNING - /home/***/.local/lib/python3.12/site-packages/***/task/task_runner/standard_task_runner.py:61: DeprecationWarning: This process (pid=4415) is multi-threaded, use of fork() may lead to deadlocks in the child.
  pid = os.fork()

[2024-10-02T18:54:14.981+0000] {standard_task_runner.py:63} INFO - Started process 4445 to run task
[2024-10-02T18:54:14.981+0000] {standard_task_runner.py:90} INFO - Running: ['***', 'tasks', 'run', 'etl_covid_europa_pipeline', 'carregar', 'scheduled__2024-07-02T00:00:00+00:00', '--job-id', '707', '--raw', '--subdir', 'DAGS_FOLDER/etl_pipeline.py', '--cfg-path', '/tmp/tmpafkkvt1w']
[2024-10-02T18:54:14.984+0000] {standard_task_runner.py:91} INFO - Job 707: Subtask carregar
[2024-10-02T18:54:15.078+0000] {task_command.py:426} INFO - Running <TaskInstance: etl_covid_europa_pipeline.carregar scheduled__2024-07-02T00:00:00+00:00 [running]> on host 99de7dfc3871
[2024-10-02T18:54:15.202+0000] {taskinstance.py:2648} INFO - Exporting env vars: AIRFLOW_CTX_DAG_OWNER='***' AIRFLOW_CTX_DAG_ID='etl_covid_europa_pipeline' AIRFLOW_CTX_TASK_ID='carregar' AIRFLOW_CTX_EXECUTION_DATE='2024-07-02T00:00:00+00:00' AIRFLOW_CTX_TRY_NUMBER='1' AIRFLOW_CTX_DAG_RUN_ID='scheduled__2024-07-02T00:00:00+00:00'
[2024-10-02T18:54:15.209+0000] {taskinstance.py:430} INFO - ::endgroup::
[2024-10-02T18:54:15.306+0000] {python.py:237} INFO - Done. Returned value was: None
[2024-10-02T18:54:15.307+0000] {taskinstance.py:441} INFO - ::group::Post task execution logs
[2024-10-02T18:54:15.321+0000] {taskinstance.py:1206} INFO - Marking task as SUCCESS. dag_id=etl_covid_europa_pipeline, task_id=carregar, run_id=scheduled__2024-07-02T00:00:00+00:00, execution_date=20240702T000000, start_date=20241002T185414, end_date=20241002T185415
[2024-10-02T18:54:15.363+0000] {local_task_job_runner.py:240} INFO - Task exited with return code 0
[2024-10-02T18:54:15.389+0000] {taskinstance.py:3503} INFO - 0 downstream tasks scheduled from follow-on schedule check
[2024-10-02T18:54:15.394+0000] {local_task_job_runner.py:222} INFO - ::endgroup::
[2024-10-02T19:03:17.007+0000] {local_task_job_runner.py:120} INFO - ::group::Pre task execution logs
[2024-10-02T19:03:17.070+0000] {taskinstance.py:2076} INFO - Dependencies all met for dep_context=non-requeueable deps ti=<TaskInstance: etl_covid_europa_pipeline.carregar scheduled__2024-07-02T00:00:00+00:00 [queued]>
[2024-10-02T19:03:17.481+0000] {taskinstance.py:2076} INFO - Dependencies all met for dep_context=requeueable deps ti=<TaskInstance: etl_covid_europa_pipeline.carregar scheduled__2024-07-02T00:00:00+00:00 [queued]>
[2024-10-02T19:03:17.481+0000] {taskinstance.py:2306} INFO - Starting attempt 1 of 1
[2024-10-02T19:03:17.508+0000] {taskinstance.py:2330} INFO - Executing <Task(PythonOperator): carregar> on 2024-07-02 00:00:00+00:00
[2024-10-02T19:03:17.518+0000] {warnings.py:112} WARNING - /home/***/.local/lib/python3.12/site-packages/***/task/task_runner/standard_task_runner.py:61: DeprecationWarning: This process (pid=7724) is multi-threaded, use of fork() may lead to deadlocks in the child.
  pid = os.fork()

[2024-10-02T19:03:17.520+0000] {standard_task_runner.py:63} INFO - Started process 7755 to run task
[2024-10-02T19:03:17.520+0000] {standard_task_runner.py:90} INFO - Running: ['***', 'tasks', 'run', 'etl_covid_europa_pipeline', 'carregar', 'scheduled__2024-07-02T00:00:00+00:00', '--job-id', '1776', '--raw', '--subdir', 'DAGS_FOLDER/etl_pipeline.py', '--cfg-path', '/tmp/tmpogz13q4d']
[2024-10-02T19:03:17.522+0000] {standard_task_runner.py:91} INFO - Job 1776: Subtask carregar
[2024-10-02T19:03:17.592+0000] {task_command.py:426} INFO - Running <TaskInstance: etl_covid_europa_pipeline.carregar scheduled__2024-07-02T00:00:00+00:00 [running]> on host 99de7dfc3871
[2024-10-02T19:03:17.730+0000] {taskinstance.py:2648} INFO - Exporting env vars: AIRFLOW_CTX_DAG_OWNER='***' AIRFLOW_CTX_DAG_ID='etl_covid_europa_pipeline' AIRFLOW_CTX_TASK_ID='carregar' AIRFLOW_CTX_EXECUTION_DATE='2024-07-02T00:00:00+00:00' AIRFLOW_CTX_TRY_NUMBER='1' AIRFLOW_CTX_DAG_RUN_ID='scheduled__2024-07-02T00:00:00+00:00'
[2024-10-02T19:03:17.734+0000] {taskinstance.py:430} INFO - ::endgroup::
[2024-10-02T19:03:17.820+0000] {python.py:237} INFO - Done. Returned value was: None
[2024-10-02T19:03:17.823+0000] {taskinstance.py:441} INFO - ::group::Post task execution logs
[2024-10-02T19:03:17.838+0000] {taskinstance.py:1206} INFO - Marking task as SUCCESS. dag_id=etl_covid_europa_pipeline, task_id=carregar, run_id=scheduled__2024-07-02T00:00:00+00:00, execution_date=20240702T000000, start_date=20241002T190317, end_date=20241002T190317
[2024-10-02T19:03:17.899+0000] {local_task_job_runner.py:240} INFO - Task exited with return code 0
[2024-10-02T19:03:17.911+0000] {local_task_job_runner.py:222} INFO - ::endgroup::
