[2024-10-02T18:59:53.447+0000] {local_task_job_runner.py:120} INFO - ::group::Pre task execution logs
[2024-10-02T18:59:53.470+0000] {taskinstance.py:2076} INFO - Dependencies all met for dep_context=non-requeueable deps ti=<TaskInstance: etl_covid_europa_pipeline.carregar scheduled__2024-02-04T00:00:00+00:00 [queued]>
[2024-10-02T18:59:53.638+0000] {taskinstance.py:2076} INFO - Dependencies all met for dep_context=requeueable deps ti=<TaskInstance: etl_covid_europa_pipeline.carregar scheduled__2024-02-04T00:00:00+00:00 [queued]>
[2024-10-02T18:59:53.638+0000] {taskinstance.py:2306} INFO - Starting attempt 1 of 1
[2024-10-02T18:59:53.655+0000] {taskinstance.py:2330} INFO - Executing <Task(PythonOperator): carregar> on 2024-02-04 00:00:00+00:00
[2024-10-02T18:59:53.662+0000] {warnings.py:112} WARNING - /home/***/.local/lib/python3.12/site-packages/***/task/task_runner/standard_task_runner.py:61: DeprecationWarning: This process (pid=6411) is multi-threaded, use of fork() may lead to deadlocks in the child.
  pid = os.fork()

[2024-10-02T18:59:53.664+0000] {standard_task_runner.py:63} INFO - Started process 6414 to run task
[2024-10-02T18:59:53.664+0000] {standard_task_runner.py:90} INFO - Running: ['***', 'tasks', 'run', 'etl_covid_europa_pipeline', 'carregar', 'scheduled__2024-02-04T00:00:00+00:00', '--job-id', '1343', '--raw', '--subdir', 'DAGS_FOLDER/etl_pipeline.py', '--cfg-path', '/tmp/tmplv14ejwf']
[2024-10-02T18:59:53.667+0000] {standard_task_runner.py:91} INFO - Job 1343: Subtask carregar
[2024-10-02T18:59:53.704+0000] {task_command.py:426} INFO - Running <TaskInstance: etl_covid_europa_pipeline.carregar scheduled__2024-02-04T00:00:00+00:00 [running]> on host 99de7dfc3871
[2024-10-02T18:59:53.786+0000] {taskinstance.py:2648} INFO - Exporting env vars: AIRFLOW_CTX_DAG_OWNER='***' AIRFLOW_CTX_DAG_ID='etl_covid_europa_pipeline' AIRFLOW_CTX_TASK_ID='carregar' AIRFLOW_CTX_EXECUTION_DATE='2024-02-04T00:00:00+00:00' AIRFLOW_CTX_TRY_NUMBER='1' AIRFLOW_CTX_DAG_RUN_ID='scheduled__2024-02-04T00:00:00+00:00'
[2024-10-02T18:59:53.789+0000] {taskinstance.py:430} INFO - ::endgroup::
[2024-10-02T18:59:53.845+0000] {python.py:237} INFO - Done. Returned value was: None
[2024-10-02T18:59:53.846+0000] {taskinstance.py:441} INFO - ::group::Post task execution logs
[2024-10-02T18:59:53.855+0000] {taskinstance.py:1206} INFO - Marking task as SUCCESS. dag_id=etl_covid_europa_pipeline, task_id=carregar, run_id=scheduled__2024-02-04T00:00:00+00:00, execution_date=20240204T000000, start_date=20241002T185953, end_date=20241002T185953
[2024-10-02T18:59:53.878+0000] {local_task_job_runner.py:240} INFO - Task exited with return code 0
[2024-10-02T18:59:53.893+0000] {taskinstance.py:3503} INFO - 0 downstream tasks scheduled from follow-on schedule check
[2024-10-02T18:59:53.896+0000] {local_task_job_runner.py:222} INFO - ::endgroup::
[2024-10-02T19:26:08.694+0000] {local_task_job_runner.py:120} INFO - ::group::Pre task execution logs
[2024-10-02T19:26:08.735+0000] {taskinstance.py:2076} INFO - Dependencies all met for dep_context=non-requeueable deps ti=<TaskInstance: etl_covid_europa_pipeline.carregar scheduled__2024-02-04T00:00:00+00:00 [queued]>
[2024-10-02T19:26:08.749+0000] {taskinstance.py:2076} INFO - Dependencies all met for dep_context=requeueable deps ti=<TaskInstance: etl_covid_europa_pipeline.carregar scheduled__2024-02-04T00:00:00+00:00 [queued]>
[2024-10-02T19:26:08.750+0000] {taskinstance.py:2306} INFO - Starting attempt 1 of 1
[2024-10-02T19:26:09.051+0000] {taskinstance.py:2330} INFO - Executing <Task(PythonOperator): carregar> on 2024-02-04 00:00:00+00:00
[2024-10-02T19:26:09.058+0000] {warnings.py:112} WARNING - /home/***/.local/lib/python3.12/site-packages/***/task/task_runner/standard_task_runner.py:61: DeprecationWarning: This process (pid=9816) is multi-threaded, use of fork() may lead to deadlocks in the child.
  pid = os.fork()

[2024-10-02T19:26:09.060+0000] {standard_task_runner.py:63} INFO - Started process 9840 to run task
[2024-10-02T19:26:09.061+0000] {standard_task_runner.py:90} INFO - Running: ['***', 'tasks', 'run', 'etl_covid_europa_pipeline', 'carregar', 'scheduled__2024-02-04T00:00:00+00:00', '--job-id', '2371', '--raw', '--subdir', 'DAGS_FOLDER/etl_pipeline.py', '--cfg-path', '/tmp/tmpazdjbq2x']
[2024-10-02T19:26:09.065+0000] {standard_task_runner.py:91} INFO - Job 2371: Subtask carregar
[2024-10-02T19:26:09.141+0000] {task_command.py:426} INFO - Running <TaskInstance: etl_covid_europa_pipeline.carregar scheduled__2024-02-04T00:00:00+00:00 [running]> on host 99de7dfc3871
[2024-10-02T19:26:09.266+0000] {taskinstance.py:2648} INFO - Exporting env vars: AIRFLOW_CTX_DAG_OWNER='***' AIRFLOW_CTX_DAG_ID='etl_covid_europa_pipeline' AIRFLOW_CTX_TASK_ID='carregar' AIRFLOW_CTX_EXECUTION_DATE='2024-02-04T00:00:00+00:00' AIRFLOW_CTX_TRY_NUMBER='1' AIRFLOW_CTX_DAG_RUN_ID='scheduled__2024-02-04T00:00:00+00:00'
[2024-10-02T19:26:09.268+0000] {taskinstance.py:430} INFO - ::endgroup::
[2024-10-02T19:26:09.364+0000] {python.py:237} INFO - Done. Returned value was: None
[2024-10-02T19:26:09.366+0000] {taskinstance.py:441} INFO - ::group::Post task execution logs
[2024-10-02T19:26:09.390+0000] {taskinstance.py:1206} INFO - Marking task as SUCCESS. dag_id=etl_covid_europa_pipeline, task_id=carregar, run_id=scheduled__2024-02-04T00:00:00+00:00, execution_date=20240204T000000, start_date=20241002T192608, end_date=20241002T192609
[2024-10-02T19:26:09.443+0000] {local_task_job_runner.py:240} INFO - Task exited with return code 0
[2024-10-02T19:26:09.473+0000] {taskinstance.py:3503} INFO - 0 downstream tasks scheduled from follow-on schedule check
[2024-10-02T19:26:09.477+0000] {local_task_job_runner.py:222} INFO - ::endgroup::
