[2024-10-02T19:00:37.032+0000] {local_task_job_runner.py:120} INFO - ::group::Pre task execution logs
[2024-10-02T19:00:37.185+0000] {taskinstance.py:2076} INFO - Dependencies all met for dep_context=non-requeueable deps ti=<TaskInstance: etl_covid_europa_pipeline.carregar scheduled__2024-03-06T00:00:00+00:00 [queued]>
[2024-10-02T19:00:37.191+0000] {taskinstance.py:2076} INFO - Dependencies all met for dep_context=requeueable deps ti=<TaskInstance: etl_covid_europa_pipeline.carregar scheduled__2024-03-06T00:00:00+00:00 [queued]>
[2024-10-02T19:00:37.192+0000] {taskinstance.py:2306} INFO - Starting attempt 1 of 1
[2024-10-02T19:00:37.202+0000] {taskinstance.py:2330} INFO - Executing <Task(PythonOperator): carregar> on 2024-03-06 00:00:00+00:00
[2024-10-02T19:00:37.207+0000] {warnings.py:112} WARNING - /home/***/.local/lib/python3.12/site-packages/***/task/task_runner/standard_task_runner.py:61: DeprecationWarning: This process (pid=6696) is multi-threaded, use of fork() may lead to deadlocks in the child.
  pid = os.fork()

[2024-10-02T19:00:37.208+0000] {standard_task_runner.py:63} INFO - Started process 6698 to run task
[2024-10-02T19:00:37.208+0000] {standard_task_runner.py:90} INFO - Running: ['***', 'tasks', 'run', 'etl_covid_europa_pipeline', 'carregar', 'scheduled__2024-03-06T00:00:00+00:00', '--job-id', '1436', '--raw', '--subdir', 'DAGS_FOLDER/etl_pipeline.py', '--cfg-path', '/tmp/tmpzu1ec_6o']
[2024-10-02T19:00:37.210+0000] {standard_task_runner.py:91} INFO - Job 1436: Subtask carregar
[2024-10-02T19:00:37.243+0000] {task_command.py:426} INFO - Running <TaskInstance: etl_covid_europa_pipeline.carregar scheduled__2024-03-06T00:00:00+00:00 [running]> on host 99de7dfc3871
[2024-10-02T19:00:37.312+0000] {taskinstance.py:2648} INFO - Exporting env vars: AIRFLOW_CTX_DAG_OWNER='***' AIRFLOW_CTX_DAG_ID='etl_covid_europa_pipeline' AIRFLOW_CTX_TASK_ID='carregar' AIRFLOW_CTX_EXECUTION_DATE='2024-03-06T00:00:00+00:00' AIRFLOW_CTX_TRY_NUMBER='1' AIRFLOW_CTX_DAG_RUN_ID='scheduled__2024-03-06T00:00:00+00:00'
[2024-10-02T19:00:37.313+0000] {taskinstance.py:430} INFO - ::endgroup::
[2024-10-02T19:00:37.356+0000] {python.py:237} INFO - Done. Returned value was: None
[2024-10-02T19:00:37.357+0000] {taskinstance.py:441} INFO - ::group::Post task execution logs
[2024-10-02T19:00:37.365+0000] {taskinstance.py:1206} INFO - Marking task as SUCCESS. dag_id=etl_covid_europa_pipeline, task_id=carregar, run_id=scheduled__2024-03-06T00:00:00+00:00, execution_date=20240306T000000, start_date=20241002T190037, end_date=20241002T190037
[2024-10-02T19:00:37.382+0000] {local_task_job_runner.py:240} INFO - Task exited with return code 0
[2024-10-02T19:00:37.395+0000] {taskinstance.py:3503} INFO - 0 downstream tasks scheduled from follow-on schedule check
[2024-10-02T19:00:37.397+0000] {local_task_job_runner.py:222} INFO - ::endgroup::
[2024-10-02T19:26:52.411+0000] {local_task_job_runner.py:120} INFO - ::group::Pre task execution logs
[2024-10-02T19:26:52.761+0000] {taskinstance.py:2076} INFO - Dependencies all met for dep_context=non-requeueable deps ti=<TaskInstance: etl_covid_europa_pipeline.carregar scheduled__2024-03-06T00:00:00+00:00 [queued]>
[2024-10-02T19:26:52.774+0000] {taskinstance.py:2076} INFO - Dependencies all met for dep_context=requeueable deps ti=<TaskInstance: etl_covid_europa_pipeline.carregar scheduled__2024-03-06T00:00:00+00:00 [queued]>
[2024-10-02T19:26:52.775+0000] {taskinstance.py:2306} INFO - Starting attempt 1 of 1
[2024-10-02T19:26:52.792+0000] {taskinstance.py:2330} INFO - Executing <Task(PythonOperator): carregar> on 2024-03-06 00:00:00+00:00
[2024-10-02T19:26:52.801+0000] {warnings.py:112} WARNING - /home/***/.local/lib/python3.12/site-packages/***/task/task_runner/standard_task_runner.py:61: DeprecationWarning: This process (pid=10117) is multi-threaded, use of fork() may lead to deadlocks in the child.
  pid = os.fork()

[2024-10-02T19:26:52.804+0000] {standard_task_runner.py:63} INFO - Started process 10144 to run task
[2024-10-02T19:26:52.806+0000] {standard_task_runner.py:90} INFO - Running: ['***', 'tasks', 'run', 'etl_covid_europa_pipeline', 'carregar', 'scheduled__2024-03-06T00:00:00+00:00', '--job-id', '2471', '--raw', '--subdir', 'DAGS_FOLDER/etl_pipeline_agrupar_continente.py', '--cfg-path', '/tmp/tmpwotjhgm3']
[2024-10-02T19:26:52.808+0000] {standard_task_runner.py:91} INFO - Job 2471: Subtask carregar
[2024-10-02T19:26:52.878+0000] {task_command.py:426} INFO - Running <TaskInstance: etl_covid_europa_pipeline.carregar scheduled__2024-03-06T00:00:00+00:00 [running]> on host 99de7dfc3871
[2024-10-02T19:26:53.014+0000] {taskinstance.py:2648} INFO - Exporting env vars: AIRFLOW_CTX_DAG_OWNER='***' AIRFLOW_CTX_DAG_ID='etl_covid_europa_pipeline' AIRFLOW_CTX_TASK_ID='carregar' AIRFLOW_CTX_EXECUTION_DATE='2024-03-06T00:00:00+00:00' AIRFLOW_CTX_TRY_NUMBER='1' AIRFLOW_CTX_DAG_RUN_ID='scheduled__2024-03-06T00:00:00+00:00'
[2024-10-02T19:26:53.015+0000] {taskinstance.py:430} INFO - ::endgroup::
[2024-10-02T19:26:53.145+0000] {python.py:237} INFO - Done. Returned value was: None
[2024-10-02T19:26:53.147+0000] {taskinstance.py:441} INFO - ::group::Post task execution logs
[2024-10-02T19:26:53.168+0000] {taskinstance.py:1206} INFO - Marking task as SUCCESS. dag_id=etl_covid_europa_pipeline, task_id=carregar, run_id=scheduled__2024-03-06T00:00:00+00:00, execution_date=20240306T000000, start_date=20241002T192652, end_date=20241002T192653
[2024-10-02T19:26:53.221+0000] {local_task_job_runner.py:240} INFO - Task exited with return code 0
[2024-10-02T19:26:53.239+0000] {local_task_job_runner.py:222} INFO - ::endgroup::
