[2024-10-02T17:31:36.350+0000] {local_task_job_runner.py:120} INFO - ::group::Pre task execution logs
[2024-10-02T17:31:36.371+0000] {taskinstance.py:2076} INFO - Dependencies all met for dep_context=non-requeueable deps ti=<TaskInstance: etl_covid_europa_pipeline.extrair scheduled__2024-09-15T00:00:00+00:00 [queued]>
[2024-10-02T17:31:36.378+0000] {taskinstance.py:2076} INFO - Dependencies all met for dep_context=requeueable deps ti=<TaskInstance: etl_covid_europa_pipeline.extrair scheduled__2024-09-15T00:00:00+00:00 [queued]>
[2024-10-02T17:31:36.378+0000] {taskinstance.py:2306} INFO - Starting attempt 1 of 1
[2024-10-02T17:31:36.523+0000] {taskinstance.py:2330} INFO - Executing <Task(PythonOperator): extrair> on 2024-09-15 00:00:00+00:00
[2024-10-02T17:31:36.527+0000] {warnings.py:112} WARNING - /home/***/.local/lib/python3.12/site-packages/***/task/task_runner/standard_task_runner.py:61: DeprecationWarning: This process (pid=3086) is multi-threaded, use of fork() may lead to deadlocks in the child.
  pid = os.fork()

[2024-10-02T17:31:36.528+0000] {standard_task_runner.py:63} INFO - Started process 3092 to run task
[2024-10-02T17:31:36.529+0000] {standard_task_runner.py:90} INFO - Running: ['***', 'tasks', 'run', 'etl_covid_europa_pipeline', 'extrair', 'scheduled__2024-09-15T00:00:00+00:00', '--job-id', '620', '--raw', '--subdir', 'DAGS_FOLDER/etl_pipeline.py', '--cfg-path', '/tmp/tmp0hdny4zt']
[2024-10-02T17:31:36.530+0000] {standard_task_runner.py:91} INFO - Job 620: Subtask extrair
[2024-10-02T17:31:36.565+0000] {task_command.py:426} INFO - Running <TaskInstance: etl_covid_europa_pipeline.extrair scheduled__2024-09-15T00:00:00+00:00 [running]> on host 99de7dfc3871
[2024-10-02T17:31:36.636+0000] {taskinstance.py:2648} INFO - Exporting env vars: AIRFLOW_CTX_DAG_OWNER='***' AIRFLOW_CTX_DAG_ID='etl_covid_europa_pipeline' AIRFLOW_CTX_TASK_ID='extrair' AIRFLOW_CTX_EXECUTION_DATE='2024-09-15T00:00:00+00:00' AIRFLOW_CTX_TRY_NUMBER='1' AIRFLOW_CTX_DAG_RUN_ID='scheduled__2024-09-15T00:00:00+00:00'
[2024-10-02T17:31:36.637+0000] {taskinstance.py:430} INFO - ::endgroup::
[2024-10-02T17:31:41.837+0000] {python.py:237} INFO - Done. Returned value was: None
[2024-10-02T17:31:41.838+0000] {taskinstance.py:441} INFO - ::group::Post task execution logs
[2024-10-02T17:31:41.847+0000] {taskinstance.py:1206} INFO - Marking task as SUCCESS. dag_id=etl_covid_europa_pipeline, task_id=extrair, run_id=scheduled__2024-09-15T00:00:00+00:00, execution_date=20240915T000000, start_date=20241002T173136, end_date=20241002T173141
[2024-10-02T17:31:41.866+0000] {local_task_job_runner.py:240} INFO - Task exited with return code 0
[2024-10-02T17:31:41.889+0000] {taskinstance.py:3503} INFO - 1 downstream tasks scheduled from follow-on schedule check
[2024-10-02T17:31:41.892+0000] {local_task_job_runner.py:222} INFO - ::endgroup::
[2024-10-02T18:55:35.618+0000] {local_task_job_runner.py:120} INFO - ::group::Pre task execution logs
[2024-10-02T18:55:35.652+0000] {taskinstance.py:2076} INFO - Dependencies all met for dep_context=non-requeueable deps ti=<TaskInstance: etl_covid_europa_pipeline.extrair scheduled__2024-09-15T00:00:00+00:00 [queued]>
[2024-10-02T18:55:35.668+0000] {taskinstance.py:2076} INFO - Dependencies all met for dep_context=requeueable deps ti=<TaskInstance: etl_covid_europa_pipeline.extrair scheduled__2024-09-15T00:00:00+00:00 [queued]>
[2024-10-02T18:55:35.668+0000] {taskinstance.py:2306} INFO - Starting attempt 1 of 1
[2024-10-02T18:55:35.879+0000] {taskinstance.py:2330} INFO - Executing <Task(PythonOperator): extrair> on 2024-09-15 00:00:00+00:00
[2024-10-02T18:55:35.886+0000] {warnings.py:112} WARNING - /home/***/.local/lib/python3.12/site-packages/***/task/task_runner/standard_task_runner.py:61: DeprecationWarning: This process (pid=5053) is multi-threaded, use of fork() may lead to deadlocks in the child.
  pid = os.fork()

[2024-10-02T18:55:35.888+0000] {standard_task_runner.py:63} INFO - Started process 5069 to run task
[2024-10-02T18:55:35.888+0000] {standard_task_runner.py:90} INFO - Running: ['***', 'tasks', 'run', 'etl_covid_europa_pipeline', 'extrair', 'scheduled__2024-09-15T00:00:00+00:00', '--job-id', '911', '--raw', '--subdir', 'DAGS_FOLDER/etl_pipeline.py', '--cfg-path', '/tmp/tmp35tqt1vi']
[2024-10-02T18:55:35.890+0000] {standard_task_runner.py:91} INFO - Job 911: Subtask extrair
[2024-10-02T18:55:35.941+0000] {task_command.py:426} INFO - Running <TaskInstance: etl_covid_europa_pipeline.extrair scheduled__2024-09-15T00:00:00+00:00 [running]> on host 99de7dfc3871
[2024-10-02T18:55:36.034+0000] {taskinstance.py:2648} INFO - Exporting env vars: AIRFLOW_CTX_DAG_OWNER='***' AIRFLOW_CTX_DAG_ID='etl_covid_europa_pipeline' AIRFLOW_CTX_TASK_ID='extrair' AIRFLOW_CTX_EXECUTION_DATE='2024-09-15T00:00:00+00:00' AIRFLOW_CTX_TRY_NUMBER='1' AIRFLOW_CTX_DAG_RUN_ID='scheduled__2024-09-15T00:00:00+00:00'
[2024-10-02T18:55:36.036+0000] {taskinstance.py:430} INFO - ::endgroup::
[2024-10-02T18:55:42.410+0000] {python.py:237} INFO - Done. Returned value was: None
[2024-10-02T18:55:42.411+0000] {taskinstance.py:441} INFO - ::group::Post task execution logs
[2024-10-02T18:55:42.421+0000] {taskinstance.py:1206} INFO - Marking task as SUCCESS. dag_id=etl_covid_europa_pipeline, task_id=extrair, run_id=scheduled__2024-09-15T00:00:00+00:00, execution_date=20240915T000000, start_date=20241002T185535, end_date=20241002T185542
[2024-10-02T18:55:42.474+0000] {local_task_job_runner.py:240} INFO - Task exited with return code 0
[2024-10-02T18:55:42.485+0000] {local_task_job_runner.py:222} INFO - ::endgroup::
[2024-10-02T19:04:26.109+0000] {local_task_job_runner.py:120} INFO - ::group::Pre task execution logs
[2024-10-02T19:04:26.287+0000] {taskinstance.py:2076} INFO - Dependencies all met for dep_context=non-requeueable deps ti=<TaskInstance: etl_covid_europa_pipeline.extrair scheduled__2024-09-15T00:00:00+00:00 [queued]>
[2024-10-02T19:04:26.294+0000] {taskinstance.py:2076} INFO - Dependencies all met for dep_context=requeueable deps ti=<TaskInstance: etl_covid_europa_pipeline.extrair scheduled__2024-09-15T00:00:00+00:00 [queued]>
[2024-10-02T19:04:26.295+0000] {taskinstance.py:2306} INFO - Starting attempt 1 of 1
[2024-10-02T19:04:26.306+0000] {taskinstance.py:2330} INFO - Executing <Task(PythonOperator): extrair> on 2024-09-15 00:00:00+00:00
[2024-10-02T19:04:26.311+0000] {warnings.py:112} WARNING - /home/***/.local/lib/python3.12/site-packages/***/task/task_runner/standard_task_runner.py:61: DeprecationWarning: This process (pid=8246) is multi-threaded, use of fork() may lead to deadlocks in the child.
  pid = os.fork()

[2024-10-02T19:04:26.312+0000] {standard_task_runner.py:63} INFO - Started process 8257 to run task
[2024-10-02T19:04:26.312+0000] {standard_task_runner.py:90} INFO - Running: ['***', 'tasks', 'run', 'etl_covid_europa_pipeline', 'extrair', 'scheduled__2024-09-15T00:00:00+00:00', '--job-id', '1939', '--raw', '--subdir', 'DAGS_FOLDER/etl_pipeline.py', '--cfg-path', '/tmp/tmppv5h76j8']
[2024-10-02T19:04:26.314+0000] {standard_task_runner.py:91} INFO - Job 1939: Subtask extrair
[2024-10-02T19:04:26.351+0000] {task_command.py:426} INFO - Running <TaskInstance: etl_covid_europa_pipeline.extrair scheduled__2024-09-15T00:00:00+00:00 [running]> on host 99de7dfc3871
[2024-10-02T19:04:26.430+0000] {taskinstance.py:2648} INFO - Exporting env vars: AIRFLOW_CTX_DAG_OWNER='***' AIRFLOW_CTX_DAG_ID='etl_covid_europa_pipeline' AIRFLOW_CTX_TASK_ID='extrair' AIRFLOW_CTX_EXECUTION_DATE='2024-09-15T00:00:00+00:00' AIRFLOW_CTX_TRY_NUMBER='1' AIRFLOW_CTX_DAG_RUN_ID='scheduled__2024-09-15T00:00:00+00:00'
[2024-10-02T19:04:26.431+0000] {taskinstance.py:430} INFO - ::endgroup::
[2024-10-02T19:04:32.467+0000] {python.py:237} INFO - Done. Returned value was: None
[2024-10-02T19:04:32.468+0000] {taskinstance.py:441} INFO - ::group::Post task execution logs
[2024-10-02T19:04:32.478+0000] {taskinstance.py:1206} INFO - Marking task as SUCCESS. dag_id=etl_covid_europa_pipeline, task_id=extrair, run_id=scheduled__2024-09-15T00:00:00+00:00, execution_date=20240915T000000, start_date=20241002T190426, end_date=20241002T190432
[2024-10-02T19:04:32.576+0000] {local_task_job_runner.py:240} INFO - Task exited with return code 0
[2024-10-02T19:04:32.603+0000] {taskinstance.py:3503} INFO - 1 downstream tasks scheduled from follow-on schedule check
[2024-10-02T19:04:32.607+0000] {local_task_job_runner.py:222} INFO - ::endgroup::
