[2024-10-02T17:30:11.066+0000] {local_task_job_runner.py:120} INFO - ::group::Pre task execution logs
[2024-10-02T17:30:11.090+0000] {taskinstance.py:2076} INFO - Dependencies all met for dep_context=non-requeueable deps ti=<TaskInstance: etl_covid_europa_pipeline.extrair scheduled__2024-06-30T00:00:00+00:00 [queued]>
[2024-10-02T17:30:11.096+0000] {taskinstance.py:2076} INFO - Dependencies all met for dep_context=requeueable deps ti=<TaskInstance: etl_covid_europa_pipeline.extrair scheduled__2024-06-30T00:00:00+00:00 [queued]>
[2024-10-02T17:30:11.097+0000] {taskinstance.py:2306} INFO - Starting attempt 1 of 1
[2024-10-02T17:30:11.252+0000] {taskinstance.py:2330} INFO - Executing <Task(PythonOperator): extrair> on 2024-06-30 00:00:00+00:00
[2024-10-02T17:30:11.257+0000] {warnings.py:112} WARNING - /home/***/.local/lib/python3.12/site-packages/***/task/task_runner/standard_task_runner.py:61: DeprecationWarning: This process (pid=2634) is multi-threaded, use of fork() may lead to deadlocks in the child.
  pid = os.fork()

[2024-10-02T17:30:11.258+0000] {standard_task_runner.py:63} INFO - Started process 2642 to run task
[2024-10-02T17:30:11.258+0000] {standard_task_runner.py:90} INFO - Running: ['***', 'tasks', 'run', 'etl_covid_europa_pipeline', 'extrair', 'scheduled__2024-06-30T00:00:00+00:00', '--job-id', '474', '--raw', '--subdir', 'DAGS_FOLDER/etl_pipeline.py', '--cfg-path', '/tmp/tmpglrrpjjl']
[2024-10-02T17:30:11.259+0000] {standard_task_runner.py:91} INFO - Job 474: Subtask extrair
[2024-10-02T17:30:11.297+0000] {task_command.py:426} INFO - Running <TaskInstance: etl_covid_europa_pipeline.extrair scheduled__2024-06-30T00:00:00+00:00 [running]> on host 99de7dfc3871
[2024-10-02T17:30:11.366+0000] {taskinstance.py:2648} INFO - Exporting env vars: AIRFLOW_CTX_DAG_OWNER='***' AIRFLOW_CTX_DAG_ID='etl_covid_europa_pipeline' AIRFLOW_CTX_TASK_ID='extrair' AIRFLOW_CTX_EXECUTION_DATE='2024-06-30T00:00:00+00:00' AIRFLOW_CTX_TRY_NUMBER='1' AIRFLOW_CTX_DAG_RUN_ID='scheduled__2024-06-30T00:00:00+00:00'
[2024-10-02T17:30:11.367+0000] {taskinstance.py:430} INFO - ::endgroup::
[2024-10-02T17:30:22.417+0000] {taskinstance.py:441} INFO - ::group::Post task execution logs
[2024-10-02T17:30:22.417+0000] {taskinstance.py:2905} ERROR - Task failed with exception
Traceback (most recent call last):
  File "/home/airflow/.local/lib/python3.12/site-packages/airflow/models/taskinstance.py", line 465, in _execute_task
    result = _execute_callable(context=context, **execute_callable_kwargs)
             ^^^^^^^^^^^^^^^^^^^^^^^^^^^^^^^^^^^^^^^^^^^^^^^^^^^^^^^^^^^^^
  File "/home/airflow/.local/lib/python3.12/site-packages/airflow/models/taskinstance.py", line 432, in _execute_callable
    return execute_callable(context=context, **execute_callable_kwargs)
           ^^^^^^^^^^^^^^^^^^^^^^^^^^^^^^^^^^^^^^^^^^^^^^^^^^^^^^^^^^^^
  File "/home/airflow/.local/lib/python3.12/site-packages/airflow/models/baseoperator.py", line 401, in wrapper
    return func(self, *args, **kwargs)
           ^^^^^^^^^^^^^^^^^^^^^^^^^^^
  File "/home/airflow/.local/lib/python3.12/site-packages/airflow/operators/python.py", line 235, in execute
    return_value = self.execute_callable()
                   ^^^^^^^^^^^^^^^^^^^^^^^
  File "/home/airflow/.local/lib/python3.12/site-packages/airflow/operators/python.py", line 252, in execute_callable
    return self.python_callable(*self.op_args, **self.op_kwargs)
           ^^^^^^^^^^^^^^^^^^^^^^^^^^^^^^^^^^^^^^^^^^^^^^^^^^^^^
  File "/opt/airflow/dags/etl_pipeline.py", line 9, in extrair
    df = pd.read_csv(url)
         ^^^^^^^^^^^^^^^^
  File "/home/airflow/.local/lib/python3.12/site-packages/pandas/io/parsers/readers.py", line 948, in read_csv
    return _read(filepath_or_buffer, kwds)
           ^^^^^^^^^^^^^^^^^^^^^^^^^^^^^^^
  File "/home/airflow/.local/lib/python3.12/site-packages/pandas/io/parsers/readers.py", line 611, in _read
    parser = TextFileReader(filepath_or_buffer, **kwds)
             ^^^^^^^^^^^^^^^^^^^^^^^^^^^^^^^^^^^^^^^^^^
  File "/home/airflow/.local/lib/python3.12/site-packages/pandas/io/parsers/readers.py", line 1448, in __init__
    self._engine = self._make_engine(f, self.engine)
                   ^^^^^^^^^^^^^^^^^^^^^^^^^^^^^^^^^
  File "/home/airflow/.local/lib/python3.12/site-packages/pandas/io/parsers/readers.py", line 1705, in _make_engine
    self.handles = get_handle(
                   ^^^^^^^^^^^
  File "/home/airflow/.local/lib/python3.12/site-packages/pandas/io/common.py", line 718, in get_handle
    ioargs = _get_filepath_or_buffer(
             ^^^^^^^^^^^^^^^^^^^^^^^^
  File "/home/airflow/.local/lib/python3.12/site-packages/pandas/io/common.py", line 377, in _get_filepath_or_buffer
    reader = BytesIO(req.read())
                     ^^^^^^^^^^
  File "/usr/local/lib/python3.12/http/client.py", line 495, in read
    s = self._safe_read(self.length)
        ^^^^^^^^^^^^^^^^^^^^^^^^^^^^
  File "/usr/local/lib/python3.12/http/client.py", line 642, in _safe_read
    raise IncompleteRead(data, amt-len(data))
http.client.IncompleteRead: IncompleteRead(2208903 bytes read, 2098399 more expected)
[2024-10-02T17:30:22.431+0000] {taskinstance.py:1206} INFO - Marking task as FAILED. dag_id=etl_covid_europa_pipeline, task_id=extrair, run_id=scheduled__2024-06-30T00:00:00+00:00, execution_date=20240630T000000, start_date=20241002T173011, end_date=20241002T173022
[2024-10-02T17:30:22.441+0000] {standard_task_runner.py:110} ERROR - Failed to execute job 474 for task extrair (IncompleteRead(2208903 bytes read, 2098399 more expected); 2642)
[2024-10-02T17:30:22.481+0000] {local_task_job_runner.py:240} INFO - Task exited with return code 1
[2024-10-02T17:30:22.498+0000] {taskinstance.py:3503} INFO - 0 downstream tasks scheduled from follow-on schedule check
[2024-10-02T17:30:22.503+0000] {local_task_job_runner.py:222} INFO - ::endgroup::
[2024-10-02T18:54:03.895+0000] {local_task_job_runner.py:120} INFO - ::group::Pre task execution logs
[2024-10-02T18:54:03.918+0000] {taskinstance.py:2076} INFO - Dependencies all met for dep_context=non-requeueable deps ti=<TaskInstance: etl_covid_europa_pipeline.extrair scheduled__2024-06-30T00:00:00+00:00 [queued]>
[2024-10-02T18:54:03.925+0000] {taskinstance.py:2076} INFO - Dependencies all met for dep_context=requeueable deps ti=<TaskInstance: etl_covid_europa_pipeline.extrair scheduled__2024-06-30T00:00:00+00:00 [queued]>
[2024-10-02T18:54:03.926+0000] {taskinstance.py:2306} INFO - Starting attempt 1 of 1
[2024-10-02T18:54:04.234+0000] {taskinstance.py:2330} INFO - Executing <Task(PythonOperator): extrair> on 2024-06-30 00:00:00+00:00
[2024-10-02T18:54:04.241+0000] {warnings.py:112} WARNING - /home/***/.local/lib/python3.12/site-packages/***/task/task_runner/standard_task_runner.py:61: DeprecationWarning: This process (pid=4328) is multi-threaded, use of fork() may lead to deadlocks in the child.
  pid = os.fork()

[2024-10-02T18:54:04.242+0000] {standard_task_runner.py:63} INFO - Started process 4347 to run task
[2024-10-02T18:54:04.242+0000] {standard_task_runner.py:90} INFO - Running: ['***', 'tasks', 'run', 'etl_covid_europa_pipeline', 'extrair', 'scheduled__2024-06-30T00:00:00+00:00', '--job-id', '678', '--raw', '--subdir', 'DAGS_FOLDER/etl_pipeline.py', '--cfg-path', '/tmp/tmpqm812x56']
[2024-10-02T18:54:04.244+0000] {standard_task_runner.py:91} INFO - Job 678: Subtask extrair
[2024-10-02T18:54:04.303+0000] {task_command.py:426} INFO - Running <TaskInstance: etl_covid_europa_pipeline.extrair scheduled__2024-06-30T00:00:00+00:00 [running]> on host 99de7dfc3871
[2024-10-02T18:54:04.392+0000] {taskinstance.py:2648} INFO - Exporting env vars: AIRFLOW_CTX_DAG_OWNER='***' AIRFLOW_CTX_DAG_ID='etl_covid_europa_pipeline' AIRFLOW_CTX_TASK_ID='extrair' AIRFLOW_CTX_EXECUTION_DATE='2024-06-30T00:00:00+00:00' AIRFLOW_CTX_TRY_NUMBER='1' AIRFLOW_CTX_DAG_RUN_ID='scheduled__2024-06-30T00:00:00+00:00'
[2024-10-02T18:54:04.394+0000] {taskinstance.py:430} INFO - ::endgroup::
[2024-10-02T18:54:10.759+0000] {python.py:237} INFO - Done. Returned value was: None
[2024-10-02T18:54:10.759+0000] {taskinstance.py:441} INFO - ::group::Post task execution logs
[2024-10-02T18:54:10.769+0000] {taskinstance.py:1206} INFO - Marking task as SUCCESS. dag_id=etl_covid_europa_pipeline, task_id=extrair, run_id=scheduled__2024-06-30T00:00:00+00:00, execution_date=20240630T000000, start_date=20241002T185403, end_date=20241002T185410
[2024-10-02T18:54:10.828+0000] {local_task_job_runner.py:240} INFO - Task exited with return code 0
[2024-10-02T18:54:10.857+0000] {taskinstance.py:3503} INFO - 1 downstream tasks scheduled from follow-on schedule check
[2024-10-02T18:54:10.859+0000] {local_task_job_runner.py:222} INFO - ::endgroup::
[2024-10-02T19:02:42.887+0000] {local_task_job_runner.py:120} INFO - ::group::Pre task execution logs
[2024-10-02T19:02:42.908+0000] {taskinstance.py:2076} INFO - Dependencies all met for dep_context=non-requeueable deps ti=<TaskInstance: etl_covid_europa_pipeline.extrair scheduled__2024-06-30T00:00:00+00:00 [queued]>
[2024-10-02T19:02:43.052+0000] {taskinstance.py:2076} INFO - Dependencies all met for dep_context=requeueable deps ti=<TaskInstance: etl_covid_europa_pipeline.extrair scheduled__2024-06-30T00:00:00+00:00 [queued]>
[2024-10-02T19:02:43.053+0000] {taskinstance.py:2306} INFO - Starting attempt 1 of 1
[2024-10-02T19:02:43.064+0000] {taskinstance.py:2330} INFO - Executing <Task(PythonOperator): extrair> on 2024-06-30 00:00:00+00:00
[2024-10-02T19:02:43.069+0000] {warnings.py:112} WARNING - /home/***/.local/lib/python3.12/site-packages/***/task/task_runner/standard_task_runner.py:61: DeprecationWarning: This process (pid=7527) is multi-threaded, use of fork() may lead to deadlocks in the child.
  pid = os.fork()

[2024-10-02T19:02:43.070+0000] {standard_task_runner.py:63} INFO - Started process 7535 to run task
[2024-10-02T19:02:43.070+0000] {standard_task_runner.py:90} INFO - Running: ['***', 'tasks', 'run', 'etl_covid_europa_pipeline', 'extrair', 'scheduled__2024-06-30T00:00:00+00:00', '--job-id', '1705', '--raw', '--subdir', 'DAGS_FOLDER/etl_pipeline.py', '--cfg-path', '/tmp/tmp7t8xl7fd']
[2024-10-02T19:02:43.072+0000] {standard_task_runner.py:91} INFO - Job 1705: Subtask extrair
[2024-10-02T19:02:43.109+0000] {task_command.py:426} INFO - Running <TaskInstance: etl_covid_europa_pipeline.extrair scheduled__2024-06-30T00:00:00+00:00 [running]> on host 99de7dfc3871
[2024-10-02T19:02:43.185+0000] {taskinstance.py:2648} INFO - Exporting env vars: AIRFLOW_CTX_DAG_OWNER='***' AIRFLOW_CTX_DAG_ID='etl_covid_europa_pipeline' AIRFLOW_CTX_TASK_ID='extrair' AIRFLOW_CTX_EXECUTION_DATE='2024-06-30T00:00:00+00:00' AIRFLOW_CTX_TRY_NUMBER='1' AIRFLOW_CTX_DAG_RUN_ID='scheduled__2024-06-30T00:00:00+00:00'
[2024-10-02T19:02:43.188+0000] {taskinstance.py:430} INFO - ::endgroup::
[2024-10-02T19:02:48.661+0000] {python.py:237} INFO - Done. Returned value was: None
[2024-10-02T19:02:48.662+0000] {taskinstance.py:441} INFO - ::group::Post task execution logs
[2024-10-02T19:02:48.674+0000] {taskinstance.py:1206} INFO - Marking task as SUCCESS. dag_id=etl_covid_europa_pipeline, task_id=extrair, run_id=scheduled__2024-06-30T00:00:00+00:00, execution_date=20240630T000000, start_date=20241002T190242, end_date=20241002T190248
[2024-10-02T19:02:48.746+0000] {local_task_job_runner.py:240} INFO - Task exited with return code 0
[2024-10-02T19:02:48.784+0000] {taskinstance.py:3503} INFO - 1 downstream tasks scheduled from follow-on schedule check
[2024-10-02T19:02:48.805+0000] {local_task_job_runner.py:222} INFO - ::endgroup::
