[2024-10-02T19:00:11.103+0000] {local_task_job_runner.py:120} INFO - ::group::Pre task execution logs
[2024-10-02T19:00:11.137+0000] {taskinstance.py:2076} INFO - Dependencies all met for dep_context=non-requeueable deps ti=<TaskInstance: etl_covid_europa_pipeline.carregar scheduled__2024-02-19T00:00:00+00:00 [queued]>
[2024-10-02T19:00:11.398+0000] {taskinstance.py:2076} INFO - Dependencies all met for dep_context=requeueable deps ti=<TaskInstance: etl_covid_europa_pipeline.carregar scheduled__2024-02-19T00:00:00+00:00 [queued]>
[2024-10-02T19:00:11.399+0000] {taskinstance.py:2306} INFO - Starting attempt 1 of 1
[2024-10-02T19:00:11.422+0000] {taskinstance.py:2330} INFO - Executing <Task(PythonOperator): carregar> on 2024-02-19 00:00:00+00:00
[2024-10-02T19:00:11.431+0000] {warnings.py:112} WARNING - /home/***/.local/lib/python3.12/site-packages/***/task/task_runner/standard_task_runner.py:61: DeprecationWarning: This process (pid=6510) is multi-threaded, use of fork() may lead to deadlocks in the child.
  pid = os.fork()

[2024-10-02T19:00:11.434+0000] {standard_task_runner.py:63} INFO - Started process 6532 to run task
[2024-10-02T19:00:11.433+0000] {standard_task_runner.py:90} INFO - Running: ['***', 'tasks', 'run', 'etl_covid_europa_pipeline', 'carregar', 'scheduled__2024-02-19T00:00:00+00:00', '--job-id', '1379', '--raw', '--subdir', 'DAGS_FOLDER/etl_pipeline.py', '--cfg-path', '/tmp/tmpzwz64_od']
[2024-10-02T19:00:11.435+0000] {standard_task_runner.py:91} INFO - Job 1379: Subtask carregar
[2024-10-02T19:00:11.498+0000] {task_command.py:426} INFO - Running <TaskInstance: etl_covid_europa_pipeline.carregar scheduled__2024-02-19T00:00:00+00:00 [running]> on host 99de7dfc3871
[2024-10-02T19:00:11.629+0000] {taskinstance.py:2648} INFO - Exporting env vars: AIRFLOW_CTX_DAG_OWNER='***' AIRFLOW_CTX_DAG_ID='etl_covid_europa_pipeline' AIRFLOW_CTX_TASK_ID='carregar' AIRFLOW_CTX_EXECUTION_DATE='2024-02-19T00:00:00+00:00' AIRFLOW_CTX_TRY_NUMBER='1' AIRFLOW_CTX_DAG_RUN_ID='scheduled__2024-02-19T00:00:00+00:00'
[2024-10-02T19:00:11.632+0000] {taskinstance.py:430} INFO - ::endgroup::
[2024-10-02T19:00:11.702+0000] {python.py:237} INFO - Done. Returned value was: None
[2024-10-02T19:00:11.703+0000] {taskinstance.py:441} INFO - ::group::Post task execution logs
[2024-10-02T19:00:11.715+0000] {taskinstance.py:1206} INFO - Marking task as SUCCESS. dag_id=etl_covid_europa_pipeline, task_id=carregar, run_id=scheduled__2024-02-19T00:00:00+00:00, execution_date=20240219T000000, start_date=20241002T190011, end_date=20241002T190011
[2024-10-02T19:00:11.769+0000] {local_task_job_runner.py:240} INFO - Task exited with return code 0
[2024-10-02T19:00:11.781+0000] {local_task_job_runner.py:222} INFO - ::endgroup::
[2024-10-02T19:26:31.268+0000] {local_task_job_runner.py:120} INFO - ::group::Pre task execution logs
[2024-10-02T19:26:31.750+0000] {taskinstance.py:2076} INFO - Dependencies all met for dep_context=non-requeueable deps ti=<TaskInstance: etl_covid_europa_pipeline.carregar scheduled__2024-02-19T00:00:00+00:00 [queued]>
[2024-10-02T19:26:31.765+0000] {taskinstance.py:2076} INFO - Dependencies all met for dep_context=requeueable deps ti=<TaskInstance: etl_covid_europa_pipeline.carregar scheduled__2024-02-19T00:00:00+00:00 [queued]>
[2024-10-02T19:26:31.766+0000] {taskinstance.py:2306} INFO - Starting attempt 1 of 1
[2024-10-02T19:26:31.872+0000] {taskinstance.py:2330} INFO - Executing <Task(PythonOperator): carregar> on 2024-02-19 00:00:00+00:00
[2024-10-02T19:26:31.885+0000] {warnings.py:112} WARNING - /home/***/.local/lib/python3.12/site-packages/***/task/task_runner/standard_task_runner.py:61: DeprecationWarning: This process (pid=9985) is multi-threaded, use of fork() may lead to deadlocks in the child.
  pid = os.fork()

[2024-10-02T19:26:31.889+0000] {standard_task_runner.py:63} INFO - Started process 10013 to run task
[2024-10-02T19:26:31.891+0000] {standard_task_runner.py:90} INFO - Running: ['***', 'tasks', 'run', 'etl_covid_europa_pipeline', 'carregar', 'scheduled__2024-02-19T00:00:00+00:00', '--job-id', '2421', '--raw', '--subdir', 'DAGS_FOLDER/etl_pipeline_agrupar_continente.py', '--cfg-path', '/tmp/tmp7j48rb30']
[2024-10-02T19:26:31.895+0000] {standard_task_runner.py:91} INFO - Job 2421: Subtask carregar
[2024-10-02T19:26:31.990+0000] {task_command.py:426} INFO - Running <TaskInstance: etl_covid_europa_pipeline.carregar scheduled__2024-02-19T00:00:00+00:00 [running]> on host 99de7dfc3871
[2024-10-02T19:26:32.141+0000] {taskinstance.py:2648} INFO - Exporting env vars: AIRFLOW_CTX_DAG_OWNER='***' AIRFLOW_CTX_DAG_ID='etl_covid_europa_pipeline' AIRFLOW_CTX_TASK_ID='carregar' AIRFLOW_CTX_EXECUTION_DATE='2024-02-19T00:00:00+00:00' AIRFLOW_CTX_TRY_NUMBER='1' AIRFLOW_CTX_DAG_RUN_ID='scheduled__2024-02-19T00:00:00+00:00'
[2024-10-02T19:26:32.143+0000] {taskinstance.py:430} INFO - ::endgroup::
[2024-10-02T19:26:32.269+0000] {python.py:237} INFO - Done. Returned value was: None
[2024-10-02T19:26:32.277+0000] {taskinstance.py:441} INFO - ::group::Post task execution logs
[2024-10-02T19:26:32.296+0000] {taskinstance.py:1206} INFO - Marking task as SUCCESS. dag_id=etl_covid_europa_pipeline, task_id=carregar, run_id=scheduled__2024-02-19T00:00:00+00:00, execution_date=20240219T000000, start_date=20241002T192631, end_date=20241002T192632
[2024-10-02T19:26:32.355+0000] {local_task_job_runner.py:240} INFO - Task exited with return code 0
[2024-10-02T19:26:32.399+0000] {taskinstance.py:3503} INFO - 0 downstream tasks scheduled from follow-on schedule check
[2024-10-02T19:26:32.416+0000] {local_task_job_runner.py:222} INFO - ::endgroup::
