[2024-10-02T18:59:41.959+0000] {local_task_job_runner.py:120} INFO - ::group::Pre task execution logs
[2024-10-02T18:59:41.986+0000] {taskinstance.py:2076} INFO - Dependencies all met for dep_context=non-requeueable deps ti=<TaskInstance: etl_covid_europa_pipeline.carregar scheduled__2024-01-26T00:00:00+00:00 [queued]>
[2024-10-02T18:59:41.996+0000] {taskinstance.py:2076} INFO - Dependencies all met for dep_context=requeueable deps ti=<TaskInstance: etl_covid_europa_pipeline.carregar scheduled__2024-01-26T00:00:00+00:00 [queued]>
[2024-10-02T18:59:41.997+0000] {taskinstance.py:2306} INFO - Starting attempt 1 of 1
[2024-10-02T18:59:42.311+0000] {taskinstance.py:2330} INFO - Executing <Task(PythonOperator): carregar> on 2024-01-26 00:00:00+00:00
[2024-10-02T18:59:42.322+0000] {warnings.py:112} WARNING - /home/***/.local/lib/python3.12/site-packages/***/task/task_runner/standard_task_runner.py:61: DeprecationWarning: This process (pid=6358) is multi-threaded, use of fork() may lead to deadlocks in the child.
  pid = os.fork()

[2024-10-02T18:59:42.323+0000] {standard_task_runner.py:63} INFO - Started process 6390 to run task
[2024-10-02T18:59:42.323+0000] {standard_task_runner.py:90} INFO - Running: ['***', 'tasks', 'run', 'etl_covid_europa_pipeline', 'carregar', 'scheduled__2024-01-26T00:00:00+00:00', '--job-id', '1330', '--raw', '--subdir', 'DAGS_FOLDER/etl_pipeline.py', '--cfg-path', '/tmp/tmpb6uc24zp']
[2024-10-02T18:59:42.326+0000] {standard_task_runner.py:91} INFO - Job 1330: Subtask carregar
[2024-10-02T18:59:42.380+0000] {task_command.py:426} INFO - Running <TaskInstance: etl_covid_europa_pipeline.carregar scheduled__2024-01-26T00:00:00+00:00 [running]> on host 99de7dfc3871
[2024-10-02T18:59:42.493+0000] {taskinstance.py:2648} INFO - Exporting env vars: AIRFLOW_CTX_DAG_OWNER='***' AIRFLOW_CTX_DAG_ID='etl_covid_europa_pipeline' AIRFLOW_CTX_TASK_ID='carregar' AIRFLOW_CTX_EXECUTION_DATE='2024-01-26T00:00:00+00:00' AIRFLOW_CTX_TRY_NUMBER='1' AIRFLOW_CTX_DAG_RUN_ID='scheduled__2024-01-26T00:00:00+00:00'
[2024-10-02T18:59:42.495+0000] {taskinstance.py:430} INFO - ::endgroup::
[2024-10-02T18:59:42.567+0000] {python.py:237} INFO - Done. Returned value was: None
[2024-10-02T18:59:42.568+0000] {taskinstance.py:441} INFO - ::group::Post task execution logs
[2024-10-02T18:59:42.577+0000] {taskinstance.py:1206} INFO - Marking task as SUCCESS. dag_id=etl_covid_europa_pipeline, task_id=carregar, run_id=scheduled__2024-01-26T00:00:00+00:00, execution_date=20240126T000000, start_date=20241002T185941, end_date=20241002T185942
[2024-10-02T18:59:42.617+0000] {local_task_job_runner.py:240} INFO - Task exited with return code 0
[2024-10-02T18:59:42.637+0000] {taskinstance.py:3503} INFO - 0 downstream tasks scheduled from follow-on schedule check
[2024-10-02T18:59:42.639+0000] {local_task_job_runner.py:222} INFO - ::endgroup::
[2024-10-02T19:25:48.326+0000] {local_task_job_runner.py:120} INFO - ::group::Pre task execution logs
[2024-10-02T19:25:48.430+0000] {taskinstance.py:2076} INFO - Dependencies all met for dep_context=non-requeueable deps ti=<TaskInstance: etl_covid_europa_pipeline.carregar scheduled__2024-01-26T00:00:00+00:00 [queued]>
[2024-10-02T19:25:48.460+0000] {taskinstance.py:2076} INFO - Dependencies all met for dep_context=requeueable deps ti=<TaskInstance: etl_covid_europa_pipeline.carregar scheduled__2024-01-26T00:00:00+00:00 [queued]>
[2024-10-02T19:25:48.465+0000] {taskinstance.py:2306} INFO - Starting attempt 1 of 1
[2024-10-02T19:25:48.889+0000] {taskinstance.py:2330} INFO - Executing <Task(PythonOperator): carregar> on 2024-01-26 00:00:00+00:00
[2024-10-02T19:25:48.913+0000] {warnings.py:112} WARNING - /home/***/.local/lib/python3.12/site-packages/***/task/task_runner/standard_task_runner.py:61: DeprecationWarning: This process (pid=9678) is multi-threaded, use of fork() may lead to deadlocks in the child.
  pid = os.fork()

[2024-10-02T19:25:48.914+0000] {standard_task_runner.py:90} INFO - Running: ['***', 'tasks', 'run', 'etl_covid_europa_pipeline', 'carregar', 'scheduled__2024-01-26T00:00:00+00:00', '--job-id', '2334', '--raw', '--subdir', 'DAGS_FOLDER/etl_pipeline.py', '--cfg-path', '/tmp/tmpergm8g2s']
[2024-10-02T19:25:48.945+0000] {standard_task_runner.py:91} INFO - Job 2334: Subtask carregar
[2024-10-02T19:25:48.945+0000] {standard_task_runner.py:63} INFO - Started process 9717 to run task
[2024-10-02T19:25:49.042+0000] {task_command.py:426} INFO - Running <TaskInstance: etl_covid_europa_pipeline.carregar scheduled__2024-01-26T00:00:00+00:00 [running]> on host 99de7dfc3871
[2024-10-02T19:25:49.236+0000] {taskinstance.py:2648} INFO - Exporting env vars: AIRFLOW_CTX_DAG_OWNER='***' AIRFLOW_CTX_DAG_ID='etl_covid_europa_pipeline' AIRFLOW_CTX_TASK_ID='carregar' AIRFLOW_CTX_EXECUTION_DATE='2024-01-26T00:00:00+00:00' AIRFLOW_CTX_TRY_NUMBER='1' AIRFLOW_CTX_DAG_RUN_ID='scheduled__2024-01-26T00:00:00+00:00'
[2024-10-02T19:25:49.237+0000] {taskinstance.py:430} INFO - ::endgroup::
[2024-10-02T19:25:49.412+0000] {python.py:237} INFO - Done. Returned value was: None
[2024-10-02T19:25:49.417+0000] {taskinstance.py:441} INFO - ::group::Post task execution logs
[2024-10-02T19:25:49.455+0000] {taskinstance.py:1206} INFO - Marking task as SUCCESS. dag_id=etl_covid_europa_pipeline, task_id=carregar, run_id=scheduled__2024-01-26T00:00:00+00:00, execution_date=20240126T000000, start_date=20241002T192548, end_date=20241002T192549
[2024-10-02T19:25:49.532+0000] {local_task_job_runner.py:240} INFO - Task exited with return code 0
[2024-10-02T19:25:49.550+0000] {local_task_job_runner.py:222} INFO - ::endgroup::
