[2024-10-02T18:58:22.081+0000] {local_task_job_runner.py:120} INFO - ::group::Pre task execution logs
[2024-10-02T18:58:22.121+0000] {taskinstance.py:2076} INFO - Dependencies all met for dep_context=non-requeueable deps ti=<TaskInstance: etl_covid_europa_pipeline.carregar scheduled__2023-11-25T00:00:00+00:00 [queued]>
[2024-10-02T18:58:22.563+0000] {taskinstance.py:2076} INFO - Dependencies all met for dep_context=requeueable deps ti=<TaskInstance: etl_covid_europa_pipeline.carregar scheduled__2023-11-25T00:00:00+00:00 [queued]>
[2024-10-02T18:58:22.569+0000] {taskinstance.py:2306} INFO - Starting attempt 1 of 1
[2024-10-02T18:58:22.624+0000] {taskinstance.py:2330} INFO - Executing <Task(PythonOperator): carregar> on 2023-11-25 00:00:00+00:00
[2024-10-02T18:58:22.637+0000] {warnings.py:112} WARNING - /home/***/.local/lib/python3.12/site-packages/***/task/task_runner/standard_task_runner.py:61: DeprecationWarning: This process (pid=5786) is multi-threaded, use of fork() may lead to deadlocks in the child.
  pid = os.fork()

[2024-10-02T18:58:22.639+0000] {standard_task_runner.py:63} INFO - Started process 5812 to run task
[2024-10-02T18:58:22.640+0000] {standard_task_runner.py:90} INFO - Running: ['***', 'tasks', 'run', 'etl_covid_europa_pipeline', 'carregar', 'scheduled__2023-11-25T00:00:00+00:00', '--job-id', '1142', '--raw', '--subdir', 'DAGS_FOLDER/etl_pipeline.py', '--cfg-path', '/tmp/tmptmk6gkx5']
[2024-10-02T18:58:22.644+0000] {standard_task_runner.py:91} INFO - Job 1142: Subtask carregar
[2024-10-02T18:58:22.724+0000] {task_command.py:426} INFO - Running <TaskInstance: etl_covid_europa_pipeline.carregar scheduled__2023-11-25T00:00:00+00:00 [running]> on host 99de7dfc3871
[2024-10-02T18:58:22.856+0000] {taskinstance.py:2648} INFO - Exporting env vars: AIRFLOW_CTX_DAG_OWNER='***' AIRFLOW_CTX_DAG_ID='etl_covid_europa_pipeline' AIRFLOW_CTX_TASK_ID='carregar' AIRFLOW_CTX_EXECUTION_DATE='2023-11-25T00:00:00+00:00' AIRFLOW_CTX_TRY_NUMBER='1' AIRFLOW_CTX_DAG_RUN_ID='scheduled__2023-11-25T00:00:00+00:00'
[2024-10-02T18:58:22.860+0000] {taskinstance.py:430} INFO - ::endgroup::
[2024-10-02T18:58:22.965+0000] {python.py:237} INFO - Done. Returned value was: None
[2024-10-02T18:58:22.973+0000] {taskinstance.py:441} INFO - ::group::Post task execution logs
[2024-10-02T18:58:22.990+0000] {taskinstance.py:1206} INFO - Marking task as SUCCESS. dag_id=etl_covid_europa_pipeline, task_id=carregar, run_id=scheduled__2023-11-25T00:00:00+00:00, execution_date=20231125T000000, start_date=20241002T185822, end_date=20241002T185822
[2024-10-02T18:58:23.062+0000] {local_task_job_runner.py:240} INFO - Task exited with return code 0
[2024-10-02T18:58:23.094+0000] {taskinstance.py:3503} INFO - 0 downstream tasks scheduled from follow-on schedule check
[2024-10-02T18:58:23.101+0000] {local_task_job_runner.py:222} INFO - ::endgroup::
[2024-10-02T19:24:33.422+0000] {local_task_job_runner.py:120} INFO - ::group::Pre task execution logs
[2024-10-02T19:24:33.467+0000] {taskinstance.py:2076} INFO - Dependencies all met for dep_context=non-requeueable deps ti=<TaskInstance: etl_covid_europa_pipeline.carregar scheduled__2023-11-25T00:00:00+00:00 [queued]>
[2024-10-02T19:24:33.803+0000] {taskinstance.py:2076} INFO - Dependencies all met for dep_context=requeueable deps ti=<TaskInstance: etl_covid_europa_pipeline.carregar scheduled__2023-11-25T00:00:00+00:00 [queued]>
[2024-10-02T19:24:33.805+0000] {taskinstance.py:2306} INFO - Starting attempt 1 of 1
[2024-10-02T19:24:33.827+0000] {taskinstance.py:2330} INFO - Executing <Task(PythonOperator): carregar> on 2023-11-25 00:00:00+00:00
[2024-10-02T19:24:33.835+0000] {warnings.py:112} WARNING - /home/***/.local/lib/python3.12/site-packages/***/task/task_runner/standard_task_runner.py:61: DeprecationWarning: This process (pid=9157) is multi-threaded, use of fork() may lead to deadlocks in the child.
  pid = os.fork()

[2024-10-02T19:24:33.837+0000] {standard_task_runner.py:63} INFO - Started process 9181 to run task
[2024-10-02T19:24:33.837+0000] {standard_task_runner.py:90} INFO - Running: ['***', 'tasks', 'run', 'etl_covid_europa_pipeline', 'carregar', 'scheduled__2023-11-25T00:00:00+00:00', '--job-id', '2158', '--raw', '--subdir', 'DAGS_FOLDER/etl_pipeline.py', '--cfg-path', '/tmp/tmpa6nrcmi8']
[2024-10-02T19:24:33.840+0000] {standard_task_runner.py:91} INFO - Job 2158: Subtask carregar
[2024-10-02T19:24:33.906+0000] {task_command.py:426} INFO - Running <TaskInstance: etl_covid_europa_pipeline.carregar scheduled__2023-11-25T00:00:00+00:00 [running]> on host 99de7dfc3871
[2024-10-02T19:24:34.012+0000] {taskinstance.py:2648} INFO - Exporting env vars: AIRFLOW_CTX_DAG_OWNER='***' AIRFLOW_CTX_DAG_ID='etl_covid_europa_pipeline' AIRFLOW_CTX_TASK_ID='carregar' AIRFLOW_CTX_EXECUTION_DATE='2023-11-25T00:00:00+00:00' AIRFLOW_CTX_TRY_NUMBER='1' AIRFLOW_CTX_DAG_RUN_ID='scheduled__2023-11-25T00:00:00+00:00'
[2024-10-02T19:24:34.016+0000] {taskinstance.py:430} INFO - ::endgroup::
[2024-10-02T19:24:34.116+0000] {python.py:237} INFO - Done. Returned value was: None
[2024-10-02T19:24:34.117+0000] {taskinstance.py:441} INFO - ::group::Post task execution logs
[2024-10-02T19:24:34.130+0000] {taskinstance.py:1206} INFO - Marking task as SUCCESS. dag_id=etl_covid_europa_pipeline, task_id=carregar, run_id=scheduled__2023-11-25T00:00:00+00:00, execution_date=20231125T000000, start_date=20241002T192433, end_date=20241002T192434
[2024-10-02T19:24:34.174+0000] {local_task_job_runner.py:240} INFO - Task exited with return code 0
[2024-10-02T19:24:34.208+0000] {taskinstance.py:3503} INFO - 0 downstream tasks scheduled from follow-on schedule check
[2024-10-02T19:24:34.212+0000] {local_task_job_runner.py:222} INFO - ::endgroup::
