[2024-10-02T17:26:53.464+0000] {local_task_job_runner.py:120} INFO - ::group::Pre task execution logs
[2024-10-02T17:26:53.514+0000] {taskinstance.py:2076} INFO - Dependencies all met for dep_context=non-requeueable deps ti=<TaskInstance: etl_covid_europa_pipeline.extrair scheduled__2024-01-08T00:00:00+00:00 [queued]>
[2024-10-02T17:26:53.532+0000] {taskinstance.py:2076} INFO - Dependencies all met for dep_context=requeueable deps ti=<TaskInstance: etl_covid_europa_pipeline.extrair scheduled__2024-01-08T00:00:00+00:00 [queued]>
[2024-10-02T17:26:53.534+0000] {taskinstance.py:2306} INFO - Starting attempt 1 of 1
[2024-10-02T17:26:53.769+0000] {taskinstance.py:2330} INFO - Executing <Task(PythonOperator): extrair> on 2024-01-08 00:00:00+00:00
[2024-10-02T17:26:53.776+0000] {warnings.py:112} WARNING - /home/***/.local/lib/python3.12/site-packages/***/task/task_runner/standard_task_runner.py:61: DeprecationWarning: This process (pid=1753) is multi-threaded, use of fork() may lead to deadlocks in the child.
  pid = os.fork()

[2024-10-02T17:26:53.777+0000] {standard_task_runner.py:63} INFO - Started process 1770 to run task
[2024-10-02T17:26:53.777+0000] {standard_task_runner.py:90} INFO - Running: ['***', 'tasks', 'run', 'etl_covid_europa_pipeline', 'extrair', 'scheduled__2024-01-08T00:00:00+00:00', '--job-id', '195', '--raw', '--subdir', 'DAGS_FOLDER/etl_pipeline.py', '--cfg-path', '/tmp/tmpdgezbrir']
[2024-10-02T17:26:53.779+0000] {standard_task_runner.py:91} INFO - Job 195: Subtask extrair
[2024-10-02T17:26:53.836+0000] {task_command.py:426} INFO - Running <TaskInstance: etl_covid_europa_pipeline.extrair scheduled__2024-01-08T00:00:00+00:00 [running]> on host 99de7dfc3871
[2024-10-02T17:26:53.935+0000] {taskinstance.py:2648} INFO - Exporting env vars: AIRFLOW_CTX_DAG_OWNER='***' AIRFLOW_CTX_DAG_ID='etl_covid_europa_pipeline' AIRFLOW_CTX_TASK_ID='extrair' AIRFLOW_CTX_EXECUTION_DATE='2024-01-08T00:00:00+00:00' AIRFLOW_CTX_TRY_NUMBER='1' AIRFLOW_CTX_DAG_RUN_ID='scheduled__2024-01-08T00:00:00+00:00'
[2024-10-02T17:26:53.936+0000] {taskinstance.py:430} INFO - ::endgroup::
[2024-10-02T17:26:59.353+0000] {taskinstance.py:441} INFO - ::group::Post task execution logs
[2024-10-02T17:26:59.354+0000] {taskinstance.py:2905} ERROR - Task failed with exception
Traceback (most recent call last):
  File "/home/airflow/.local/lib/python3.12/site-packages/airflow/models/taskinstance.py", line 465, in _execute_task
    result = _execute_callable(context=context, **execute_callable_kwargs)
             ^^^^^^^^^^^^^^^^^^^^^^^^^^^^^^^^^^^^^^^^^^^^^^^^^^^^^^^^^^^^^
  File "/home/airflow/.local/lib/python3.12/site-packages/airflow/models/taskinstance.py", line 432, in _execute_callable
    return execute_callable(context=context, **execute_callable_kwargs)
           ^^^^^^^^^^^^^^^^^^^^^^^^^^^^^^^^^^^^^^^^^^^^^^^^^^^^^^^^^^^^
  File "/home/airflow/.local/lib/python3.12/site-packages/airflow/models/baseoperator.py", line 401, in wrapper
    return func(self, *args, **kwargs)
           ^^^^^^^^^^^^^^^^^^^^^^^^^^^
  File "/home/airflow/.local/lib/python3.12/site-packages/airflow/operators/python.py", line 235, in execute
    return_value = self.execute_callable()
                   ^^^^^^^^^^^^^^^^^^^^^^^
  File "/home/airflow/.local/lib/python3.12/site-packages/airflow/operators/python.py", line 252, in execute_callable
    return self.python_callable(*self.op_args, **self.op_kwargs)
           ^^^^^^^^^^^^^^^^^^^^^^^^^^^^^^^^^^^^^^^^^^^^^^^^^^^^^
  File "/opt/airflow/dags/etl_pipeline.py", line 10, in extrair
    df.to_csv('data/dados_covid_extraidos.csv', index=False)
  File "/home/airflow/.local/lib/python3.12/site-packages/pandas/core/generic.py", line 3902, in to_csv
    return DataFrameRenderer(formatter).to_csv(
           ^^^^^^^^^^^^^^^^^^^^^^^^^^^^^^^^^^^^
  File "/home/airflow/.local/lib/python3.12/site-packages/pandas/io/formats/format.py", line 1152, in to_csv
    csv_formatter.save()
  File "/home/airflow/.local/lib/python3.12/site-packages/pandas/io/formats/csvs.py", line 247, in save
    with get_handle(
         ^^^^^^^^^^^
  File "/home/airflow/.local/lib/python3.12/site-packages/pandas/io/common.py", line 863, in get_handle
    handle = open(
             ^^^^^
PermissionError: [Errno 13] Permission denied: 'data/dados_covid_extraidos.csv'
[2024-10-02T17:26:59.366+0000] {taskinstance.py:1206} INFO - Marking task as FAILED. dag_id=etl_covid_europa_pipeline, task_id=extrair, run_id=scheduled__2024-01-08T00:00:00+00:00, execution_date=20240108T000000, start_date=20241002T172653, end_date=20241002T172659
[2024-10-02T17:26:59.429+0000] {standard_task_runner.py:110} ERROR - Failed to execute job 195 for task extrair ([Errno 13] Permission denied: 'data/dados_covid_extraidos.csv'; 1770)
[2024-10-02T17:26:59.481+0000] {local_task_job_runner.py:240} INFO - Task exited with return code 1
[2024-10-02T17:26:59.499+0000] {taskinstance.py:3503} INFO - 0 downstream tasks scheduled from follow-on schedule check
[2024-10-02T17:26:59.504+0000] {local_task_job_runner.py:222} INFO - ::endgroup::
[2024-10-02T18:59:03.535+0000] {local_task_job_runner.py:120} INFO - ::group::Pre task execution logs
[2024-10-02T18:59:03.565+0000] {taskinstance.py:2076} INFO - Dependencies all met for dep_context=non-requeueable deps ti=<TaskInstance: etl_covid_europa_pipeline.extrair scheduled__2024-01-08T00:00:00+00:00 [queued]>
[2024-10-02T18:59:03.575+0000] {taskinstance.py:2076} INFO - Dependencies all met for dep_context=requeueable deps ti=<TaskInstance: etl_covid_europa_pipeline.extrair scheduled__2024-01-08T00:00:00+00:00 [queued]>
[2024-10-02T18:59:03.576+0000] {taskinstance.py:2306} INFO - Starting attempt 1 of 1
[2024-10-02T18:59:03.880+0000] {taskinstance.py:2330} INFO - Executing <Task(PythonOperator): extrair> on 2024-01-08 00:00:00+00:00
[2024-10-02T18:59:03.888+0000] {warnings.py:112} WARNING - /home/***/.local/lib/python3.12/site-packages/***/task/task_runner/standard_task_runner.py:61: DeprecationWarning: This process (pid=6122) is multi-threaded, use of fork() may lead to deadlocks in the child.
  pid = os.fork()

[2024-10-02T18:59:03.891+0000] {standard_task_runner.py:63} INFO - Started process 6138 to run task
[2024-10-02T18:59:03.890+0000] {standard_task_runner.py:90} INFO - Running: ['***', 'tasks', 'run', 'etl_covid_europa_pipeline', 'extrair', 'scheduled__2024-01-08T00:00:00+00:00', '--job-id', '1253', '--raw', '--subdir', 'DAGS_FOLDER/etl_pipeline.py', '--cfg-path', '/tmp/tmp5bufvhb0']
[2024-10-02T18:59:03.892+0000] {standard_task_runner.py:91} INFO - Job 1253: Subtask extrair
[2024-10-02T18:59:03.958+0000] {task_command.py:426} INFO - Running <TaskInstance: etl_covid_europa_pipeline.extrair scheduled__2024-01-08T00:00:00+00:00 [running]> on host 99de7dfc3871
[2024-10-02T18:59:04.080+0000] {taskinstance.py:2648} INFO - Exporting env vars: AIRFLOW_CTX_DAG_OWNER='***' AIRFLOW_CTX_DAG_ID='etl_covid_europa_pipeline' AIRFLOW_CTX_TASK_ID='extrair' AIRFLOW_CTX_EXECUTION_DATE='2024-01-08T00:00:00+00:00' AIRFLOW_CTX_TRY_NUMBER='1' AIRFLOW_CTX_DAG_RUN_ID='scheduled__2024-01-08T00:00:00+00:00'
[2024-10-02T18:59:04.081+0000] {taskinstance.py:430} INFO - ::endgroup::
[2024-10-02T18:59:10.768+0000] {python.py:237} INFO - Done. Returned value was: None
[2024-10-02T18:59:10.769+0000] {taskinstance.py:441} INFO - ::group::Post task execution logs
[2024-10-02T18:59:10.781+0000] {taskinstance.py:1206} INFO - Marking task as SUCCESS. dag_id=etl_covid_europa_pipeline, task_id=extrair, run_id=scheduled__2024-01-08T00:00:00+00:00, execution_date=20240108T000000, start_date=20241002T185903, end_date=20241002T185910
[2024-10-02T18:59:10.851+0000] {local_task_job_runner.py:240} INFO - Task exited with return code 0
[2024-10-02T18:59:10.895+0000] {taskinstance.py:3503} INFO - 1 downstream tasks scheduled from follow-on schedule check
[2024-10-02T18:59:10.900+0000] {local_task_job_runner.py:222} INFO - ::endgroup::
[2024-10-02T19:25:21.092+0000] {local_task_job_runner.py:120} INFO - ::group::Pre task execution logs
[2024-10-02T19:25:21.118+0000] {taskinstance.py:2076} INFO - Dependencies all met for dep_context=non-requeueable deps ti=<TaskInstance: etl_covid_europa_pipeline.extrair scheduled__2024-01-08T00:00:00+00:00 [queued]>
[2024-10-02T19:25:21.316+0000] {taskinstance.py:2076} INFO - Dependencies all met for dep_context=requeueable deps ti=<TaskInstance: etl_covid_europa_pipeline.extrair scheduled__2024-01-08T00:00:00+00:00 [queued]>
[2024-10-02T19:25:21.317+0000] {taskinstance.py:2306} INFO - Starting attempt 1 of 1
[2024-10-02T19:25:21.335+0000] {taskinstance.py:2330} INFO - Executing <Task(PythonOperator): extrair> on 2024-01-08 00:00:00+00:00
[2024-10-02T19:25:21.343+0000] {warnings.py:112} WARNING - /home/***/.local/lib/python3.12/site-packages/***/task/task_runner/standard_task_runner.py:61: DeprecationWarning: This process (pid=9476) is multi-threaded, use of fork() may lead to deadlocks in the child.
  pid = os.fork()

[2024-10-02T19:25:21.345+0000] {standard_task_runner.py:63} INFO - Started process 9495 to run task
[2024-10-02T19:25:21.345+0000] {standard_task_runner.py:90} INFO - Running: ['***', 'tasks', 'run', 'etl_covid_europa_pipeline', 'extrair', 'scheduled__2024-01-08T00:00:00+00:00', '--job-id', '2258', '--raw', '--subdir', 'DAGS_FOLDER/etl_pipeline.py', '--cfg-path', '/tmp/tmpuu5s3mqy']
[2024-10-02T19:25:21.347+0000] {standard_task_runner.py:91} INFO - Job 2258: Subtask extrair
[2024-10-02T19:25:21.400+0000] {task_command.py:426} INFO - Running <TaskInstance: etl_covid_europa_pipeline.extrair scheduled__2024-01-08T00:00:00+00:00 [running]> on host 99de7dfc3871
[2024-10-02T19:25:21.492+0000] {taskinstance.py:2648} INFO - Exporting env vars: AIRFLOW_CTX_DAG_OWNER='***' AIRFLOW_CTX_DAG_ID='etl_covid_europa_pipeline' AIRFLOW_CTX_TASK_ID='extrair' AIRFLOW_CTX_EXECUTION_DATE='2024-01-08T00:00:00+00:00' AIRFLOW_CTX_TRY_NUMBER='1' AIRFLOW_CTX_DAG_RUN_ID='scheduled__2024-01-08T00:00:00+00:00'
[2024-10-02T19:25:21.495+0000] {taskinstance.py:430} INFO - ::endgroup::
[2024-10-02T19:25:28.281+0000] {python.py:237} INFO - Done. Returned value was: None
[2024-10-02T19:25:28.286+0000] {taskinstance.py:441} INFO - ::group::Post task execution logs
[2024-10-02T19:25:28.301+0000] {taskinstance.py:1206} INFO - Marking task as SUCCESS. dag_id=etl_covid_europa_pipeline, task_id=extrair, run_id=scheduled__2024-01-08T00:00:00+00:00, execution_date=20240108T000000, start_date=20241002T192521, end_date=20241002T192528
[2024-10-02T19:25:28.364+0000] {local_task_job_runner.py:240} INFO - Task exited with return code 0
[2024-10-02T19:25:28.406+0000] {taskinstance.py:3503} INFO - 1 downstream tasks scheduled from follow-on schedule check
[2024-10-02T19:25:28.410+0000] {local_task_job_runner.py:222} INFO - ::endgroup::
