[2024-10-02T18:59:39.811+0000] {local_task_job_runner.py:120} INFO - ::group::Pre task execution logs
[2024-10-02T18:59:39.854+0000] {taskinstance.py:2076} INFO - Dependencies all met for dep_context=non-requeueable deps ti=<TaskInstance: etl_covid_europa_pipeline.transformar scheduled__2024-01-28T00:00:00+00:00 [queued]>
[2024-10-02T18:59:40.135+0000] {taskinstance.py:2076} INFO - Dependencies all met for dep_context=requeueable deps ti=<TaskInstance: etl_covid_europa_pipeline.transformar scheduled__2024-01-28T00:00:00+00:00 [queued]>
[2024-10-02T18:59:40.135+0000] {taskinstance.py:2306} INFO - Starting attempt 1 of 1
[2024-10-02T18:59:40.168+0000] {taskinstance.py:2330} INFO - Executing <Task(PythonOperator): transformar> on 2024-01-28 00:00:00+00:00
[2024-10-02T18:59:40.177+0000] {warnings.py:112} WARNING - /home/***/.local/lib/python3.12/site-packages/***/task/task_runner/standard_task_runner.py:61: DeprecationWarning: This process (pid=6331) is multi-threaded, use of fork() may lead to deadlocks in the child.
  pid = os.fork()

[2024-10-02T18:59:40.181+0000] {standard_task_runner.py:63} INFO - Started process 6349 to run task
[2024-10-02T18:59:40.179+0000] {standard_task_runner.py:90} INFO - Running: ['***', 'tasks', 'run', 'etl_covid_europa_pipeline', 'transformar', 'scheduled__2024-01-28T00:00:00+00:00', '--job-id', '1321', '--raw', '--subdir', 'DAGS_FOLDER/etl_pipeline.py', '--cfg-path', '/tmp/tmphmtrd5tu']
[2024-10-02T18:59:40.185+0000] {standard_task_runner.py:91} INFO - Job 1321: Subtask transformar
[2024-10-02T18:59:40.289+0000] {task_command.py:426} INFO - Running <TaskInstance: etl_covid_europa_pipeline.transformar scheduled__2024-01-28T00:00:00+00:00 [running]> on host 99de7dfc3871
[2024-10-02T18:59:40.452+0000] {taskinstance.py:2648} INFO - Exporting env vars: AIRFLOW_CTX_DAG_OWNER='***' AIRFLOW_CTX_DAG_ID='etl_covid_europa_pipeline' AIRFLOW_CTX_TASK_ID='transformar' AIRFLOW_CTX_EXECUTION_DATE='2024-01-28T00:00:00+00:00' AIRFLOW_CTX_TRY_NUMBER='1' AIRFLOW_CTX_DAG_RUN_ID='scheduled__2024-01-28T00:00:00+00:00'
[2024-10-02T18:59:40.455+0000] {taskinstance.py:430} INFO - ::endgroup::
[2024-10-02T18:59:40.687+0000] {python.py:237} INFO - Done. Returned value was: None
[2024-10-02T18:59:40.688+0000] {taskinstance.py:441} INFO - ::group::Post task execution logs
[2024-10-02T18:59:40.697+0000] {taskinstance.py:1206} INFO - Marking task as SUCCESS. dag_id=etl_covid_europa_pipeline, task_id=transformar, run_id=scheduled__2024-01-28T00:00:00+00:00, execution_date=20240128T000000, start_date=20241002T185939, end_date=20241002T185940
[2024-10-02T18:59:40.884+0000] {local_task_job_runner.py:240} INFO - Task exited with return code 0
[2024-10-02T18:59:40.921+0000] {taskinstance.py:3503} INFO - 1 downstream tasks scheduled from follow-on schedule check
[2024-10-02T18:59:40.930+0000] {local_task_job_runner.py:222} INFO - ::endgroup::
[2024-10-02T19:25:48.313+0000] {local_task_job_runner.py:120} INFO - ::group::Pre task execution logs
[2024-10-02T19:25:48.369+0000] {taskinstance.py:2076} INFO - Dependencies all met for dep_context=non-requeueable deps ti=<TaskInstance: etl_covid_europa_pipeline.transformar scheduled__2024-01-28T00:00:00+00:00 [queued]>
[2024-10-02T19:25:48.773+0000] {taskinstance.py:2076} INFO - Dependencies all met for dep_context=requeueable deps ti=<TaskInstance: etl_covid_europa_pipeline.transformar scheduled__2024-01-28T00:00:00+00:00 [queued]>
[2024-10-02T19:25:48.792+0000] {taskinstance.py:2306} INFO - Starting attempt 1 of 1
[2024-10-02T19:25:48.867+0000] {taskinstance.py:2330} INFO - Executing <Task(PythonOperator): transformar> on 2024-01-28 00:00:00+00:00
[2024-10-02T19:25:48.899+0000] {standard_task_runner.py:90} INFO - Running: ['***', 'tasks', 'run', 'etl_covid_europa_pipeline', 'transformar', 'scheduled__2024-01-28T00:00:00+00:00', '--job-id', '2330', '--raw', '--subdir', 'DAGS_FOLDER/etl_pipeline.py', '--cfg-path', '/tmp/tmpvc4n_sc8']
[2024-10-02T19:25:48.904+0000] {standard_task_runner.py:91} INFO - Job 2330: Subtask transformar
[2024-10-02T19:25:48.897+0000] {warnings.py:112} WARNING - /home/***/.local/lib/python3.12/site-packages/***/task/task_runner/standard_task_runner.py:61: DeprecationWarning: This process (pid=9683) is multi-threaded, use of fork() may lead to deadlocks in the child.
  pid = os.fork()

[2024-10-02T19:25:48.925+0000] {standard_task_runner.py:63} INFO - Started process 9714 to run task
[2024-10-02T19:25:49.019+0000] {task_command.py:426} INFO - Running <TaskInstance: etl_covid_europa_pipeline.transformar scheduled__2024-01-28T00:00:00+00:00 [running]> on host 99de7dfc3871
[2024-10-02T19:25:49.207+0000] {taskinstance.py:2648} INFO - Exporting env vars: AIRFLOW_CTX_DAG_OWNER='***' AIRFLOW_CTX_DAG_ID='etl_covid_europa_pipeline' AIRFLOW_CTX_TASK_ID='transformar' AIRFLOW_CTX_EXECUTION_DATE='2024-01-28T00:00:00+00:00' AIRFLOW_CTX_TRY_NUMBER='1' AIRFLOW_CTX_DAG_RUN_ID='scheduled__2024-01-28T00:00:00+00:00'
[2024-10-02T19:25:49.211+0000] {taskinstance.py:430} INFO - ::endgroup::
[2024-10-02T19:25:49.529+0000] {python.py:237} INFO - Done. Returned value was: None
[2024-10-02T19:25:49.530+0000] {taskinstance.py:441} INFO - ::group::Post task execution logs
[2024-10-02T19:25:49.544+0000] {taskinstance.py:1206} INFO - Marking task as SUCCESS. dag_id=etl_covid_europa_pipeline, task_id=transformar, run_id=scheduled__2024-01-28T00:00:00+00:00, execution_date=20240128T000000, start_date=20241002T192548, end_date=20241002T192549
[2024-10-02T19:25:49.613+0000] {local_task_job_runner.py:240} INFO - Task exited with return code 0
[2024-10-02T19:25:49.627+0000] {local_task_job_runner.py:222} INFO - ::endgroup::
