[2024-10-02T17:31:17.847+0000] {local_task_job_runner.py:120} INFO - ::group::Pre task execution logs
[2024-10-02T17:31:17.882+0000] {taskinstance.py:2076} INFO - Dependencies all met for dep_context=non-requeueable deps ti=<TaskInstance: etl_covid_europa_pipeline.extrair scheduled__2024-08-19T00:00:00+00:00 [queued]>
[2024-10-02T17:31:17.893+0000] {taskinstance.py:2076} INFO - Dependencies all met for dep_context=requeueable deps ti=<TaskInstance: etl_covid_europa_pipeline.extrair scheduled__2024-08-19T00:00:00+00:00 [queued]>
[2024-10-02T17:31:17.894+0000] {taskinstance.py:2306} INFO - Starting attempt 1 of 1
[2024-10-02T17:31:18.153+0000] {taskinstance.py:2330} INFO - Executing <Task(PythonOperator): extrair> on 2024-08-19 00:00:00+00:00
[2024-10-02T17:31:18.160+0000] {warnings.py:112} WARNING - /home/***/.local/lib/python3.12/site-packages/***/task/task_runner/standard_task_runner.py:61: DeprecationWarning: This process (pid=2958) is multi-threaded, use of fork() may lead to deadlocks in the child.
  pid = os.fork()

[2024-10-02T17:31:18.161+0000] {standard_task_runner.py:63} INFO - Started process 2972 to run task
[2024-10-02T17:31:18.162+0000] {standard_task_runner.py:90} INFO - Running: ['***', 'tasks', 'run', 'etl_covid_europa_pipeline', 'extrair', 'scheduled__2024-08-19T00:00:00+00:00', '--job-id', '577', '--raw', '--subdir', 'DAGS_FOLDER/etl_pipeline.py', '--cfg-path', '/tmp/tmpzkh066jp']
[2024-10-02T17:31:18.164+0000] {standard_task_runner.py:91} INFO - Job 577: Subtask extrair
[2024-10-02T17:31:18.211+0000] {task_command.py:426} INFO - Running <TaskInstance: etl_covid_europa_pipeline.extrair scheduled__2024-08-19T00:00:00+00:00 [running]> on host 99de7dfc3871
[2024-10-02T17:31:18.294+0000] {taskinstance.py:2648} INFO - Exporting env vars: AIRFLOW_CTX_DAG_OWNER='***' AIRFLOW_CTX_DAG_ID='etl_covid_europa_pipeline' AIRFLOW_CTX_TASK_ID='extrair' AIRFLOW_CTX_EXECUTION_DATE='2024-08-19T00:00:00+00:00' AIRFLOW_CTX_TRY_NUMBER='1' AIRFLOW_CTX_DAG_RUN_ID='scheduled__2024-08-19T00:00:00+00:00'
[2024-10-02T17:31:18.295+0000] {taskinstance.py:430} INFO - ::endgroup::
[2024-10-02T17:31:25.097+0000] {python.py:237} INFO - Done. Returned value was: None
[2024-10-02T17:31:25.098+0000] {taskinstance.py:441} INFO - ::group::Post task execution logs
[2024-10-02T17:31:25.105+0000] {taskinstance.py:1206} INFO - Marking task as SUCCESS. dag_id=etl_covid_europa_pipeline, task_id=extrair, run_id=scheduled__2024-08-19T00:00:00+00:00, execution_date=20240819T000000, start_date=20241002T173117, end_date=20241002T173125
[2024-10-02T17:31:25.151+0000] {local_task_job_runner.py:240} INFO - Task exited with return code 0
[2024-10-02T17:31:25.179+0000] {taskinstance.py:3503} INFO - 1 downstream tasks scheduled from follow-on schedule check
[2024-10-02T17:31:25.181+0000] {local_task_job_runner.py:222} INFO - ::endgroup::
[2024-10-02T18:55:02.317+0000] {local_task_job_runner.py:120} INFO - ::group::Pre task execution logs
[2024-10-02T18:55:02.346+0000] {taskinstance.py:2076} INFO - Dependencies all met for dep_context=non-requeueable deps ti=<TaskInstance: etl_covid_europa_pipeline.extrair scheduled__2024-08-19T00:00:00+00:00 [queued]>
[2024-10-02T18:55:02.529+0000] {taskinstance.py:2076} INFO - Dependencies all met for dep_context=requeueable deps ti=<TaskInstance: etl_covid_europa_pipeline.extrair scheduled__2024-08-19T00:00:00+00:00 [queued]>
[2024-10-02T18:55:02.530+0000] {taskinstance.py:2306} INFO - Starting attempt 1 of 1
[2024-10-02T18:55:02.564+0000] {taskinstance.py:2330} INFO - Executing <Task(PythonOperator): extrair> on 2024-08-19 00:00:00+00:00
[2024-10-02T18:55:02.571+0000] {warnings.py:112} WARNING - /home/***/.local/lib/python3.12/site-packages/***/task/task_runner/standard_task_runner.py:61: DeprecationWarning: This process (pid=4780) is multi-threaded, use of fork() may lead to deadlocks in the child.
  pid = os.fork()

[2024-10-02T18:55:02.573+0000] {standard_task_runner.py:63} INFO - Started process 4796 to run task
[2024-10-02T18:55:02.572+0000] {standard_task_runner.py:90} INFO - Running: ['***', 'tasks', 'run', 'etl_covid_europa_pipeline', 'extrair', 'scheduled__2024-08-19T00:00:00+00:00', '--job-id', '823', '--raw', '--subdir', 'DAGS_FOLDER/etl_pipeline.py', '--cfg-path', '/tmp/tmp12ch8g_h']
[2024-10-02T18:55:02.574+0000] {standard_task_runner.py:91} INFO - Job 823: Subtask extrair
[2024-10-02T18:55:02.615+0000] {task_command.py:426} INFO - Running <TaskInstance: etl_covid_europa_pipeline.extrair scheduled__2024-08-19T00:00:00+00:00 [running]> on host 99de7dfc3871
[2024-10-02T18:55:02.709+0000] {taskinstance.py:2648} INFO - Exporting env vars: AIRFLOW_CTX_DAG_OWNER='***' AIRFLOW_CTX_DAG_ID='etl_covid_europa_pipeline' AIRFLOW_CTX_TASK_ID='extrair' AIRFLOW_CTX_EXECUTION_DATE='2024-08-19T00:00:00+00:00' AIRFLOW_CTX_TRY_NUMBER='1' AIRFLOW_CTX_DAG_RUN_ID='scheduled__2024-08-19T00:00:00+00:00'
[2024-10-02T18:55:02.712+0000] {taskinstance.py:430} INFO - ::endgroup::
[2024-10-02T18:55:08.725+0000] {python.py:237} INFO - Done. Returned value was: None
[2024-10-02T18:55:08.726+0000] {taskinstance.py:441} INFO - ::group::Post task execution logs
[2024-10-02T18:55:08.735+0000] {taskinstance.py:1206} INFO - Marking task as SUCCESS. dag_id=etl_covid_europa_pipeline, task_id=extrair, run_id=scheduled__2024-08-19T00:00:00+00:00, execution_date=20240819T000000, start_date=20241002T185502, end_date=20241002T185508
[2024-10-02T18:55:08.800+0000] {local_task_job_runner.py:240} INFO - Task exited with return code 0
[2024-10-02T18:55:08.808+0000] {local_task_job_runner.py:222} INFO - ::endgroup::
[2024-10-02T19:04:02.750+0000] {local_task_job_runner.py:120} INFO - ::group::Pre task execution logs
[2024-10-02T19:04:02.962+0000] {taskinstance.py:2076} INFO - Dependencies all met for dep_context=non-requeueable deps ti=<TaskInstance: etl_covid_europa_pipeline.extrair scheduled__2024-08-19T00:00:00+00:00 [queued]>
[2024-10-02T19:04:02.972+0000] {taskinstance.py:2076} INFO - Dependencies all met for dep_context=requeueable deps ti=<TaskInstance: etl_covid_europa_pipeline.extrair scheduled__2024-08-19T00:00:00+00:00 [queued]>
[2024-10-02T19:04:02.972+0000] {taskinstance.py:2306} INFO - Starting attempt 1 of 1
[2024-10-02T19:04:02.989+0000] {taskinstance.py:2330} INFO - Executing <Task(PythonOperator): extrair> on 2024-08-19 00:00:00+00:00
[2024-10-02T19:04:02.995+0000] {warnings.py:112} WARNING - /home/***/.local/lib/python3.12/site-packages/***/task/task_runner/standard_task_runner.py:61: DeprecationWarning: This process (pid=8064) is multi-threaded, use of fork() may lead to deadlocks in the child.
  pid = os.fork()

[2024-10-02T19:04:02.998+0000] {standard_task_runner.py:63} INFO - Started process 8077 to run task
[2024-10-02T19:04:02.998+0000] {standard_task_runner.py:90} INFO - Running: ['***', 'tasks', 'run', 'etl_covid_europa_pipeline', 'extrair', 'scheduled__2024-08-19T00:00:00+00:00', '--job-id', '1878', '--raw', '--subdir', 'DAGS_FOLDER/etl_pipeline.py', '--cfg-path', '/tmp/tmpd7wb4kb8']
[2024-10-02T19:04:03.001+0000] {standard_task_runner.py:91} INFO - Job 1878: Subtask extrair
[2024-10-02T19:04:03.052+0000] {task_command.py:426} INFO - Running <TaskInstance: etl_covid_europa_pipeline.extrair scheduled__2024-08-19T00:00:00+00:00 [running]> on host 99de7dfc3871
[2024-10-02T19:04:03.150+0000] {taskinstance.py:2648} INFO - Exporting env vars: AIRFLOW_CTX_DAG_OWNER='***' AIRFLOW_CTX_DAG_ID='etl_covid_europa_pipeline' AIRFLOW_CTX_TASK_ID='extrair' AIRFLOW_CTX_EXECUTION_DATE='2024-08-19T00:00:00+00:00' AIRFLOW_CTX_TRY_NUMBER='1' AIRFLOW_CTX_DAG_RUN_ID='scheduled__2024-08-19T00:00:00+00:00'
[2024-10-02T19:04:03.152+0000] {taskinstance.py:430} INFO - ::endgroup::
[2024-10-02T19:04:09.264+0000] {python.py:237} INFO - Done. Returned value was: None
[2024-10-02T19:04:09.265+0000] {taskinstance.py:441} INFO - ::group::Post task execution logs
[2024-10-02T19:04:09.279+0000] {taskinstance.py:1206} INFO - Marking task as SUCCESS. dag_id=etl_covid_europa_pipeline, task_id=extrair, run_id=scheduled__2024-08-19T00:00:00+00:00, execution_date=20240819T000000, start_date=20241002T190402, end_date=20241002T190409
[2024-10-02T19:04:09.308+0000] {local_task_job_runner.py:240} INFO - Task exited with return code 0
[2024-10-02T19:04:09.342+0000] {taskinstance.py:3503} INFO - 1 downstream tasks scheduled from follow-on schedule check
[2024-10-02T19:04:09.344+0000] {local_task_job_runner.py:222} INFO - ::endgroup::
