[2024-10-02T17:30:08.920+0000] {local_task_job_runner.py:120} INFO - ::group::Pre task execution logs
[2024-10-02T17:30:08.947+0000] {taskinstance.py:2076} INFO - Dependencies all met for dep_context=non-requeueable deps ti=<TaskInstance: etl_covid_europa_pipeline.extrair scheduled__2024-06-18T00:00:00+00:00 [queued]>
[2024-10-02T17:30:08.956+0000] {taskinstance.py:2076} INFO - Dependencies all met for dep_context=requeueable deps ti=<TaskInstance: etl_covid_europa_pipeline.extrair scheduled__2024-06-18T00:00:00+00:00 [queued]>
[2024-10-02T17:30:08.956+0000] {taskinstance.py:2306} INFO - Starting attempt 1 of 1
[2024-10-02T17:30:08.976+0000] {taskinstance.py:2330} INFO - Executing <Task(PythonOperator): extrair> on 2024-06-18 00:00:00+00:00
[2024-10-02T17:30:08.984+0000] {warnings.py:112} WARNING - /home/***/.local/lib/python3.12/site-packages/***/task/task_runner/standard_task_runner.py:61: DeprecationWarning: This process (pid=2600) is multi-threaded, use of fork() may lead to deadlocks in the child.
  pid = os.fork()

[2024-10-02T17:30:08.985+0000] {standard_task_runner.py:63} INFO - Started process 2612 to run task
[2024-10-02T17:30:08.985+0000] {standard_task_runner.py:90} INFO - Running: ['***', 'tasks', 'run', 'etl_covid_europa_pipeline', 'extrair', 'scheduled__2024-06-18T00:00:00+00:00', '--job-id', '462', '--raw', '--subdir', 'DAGS_FOLDER/etl_pipeline.py', '--cfg-path', '/tmp/tmpypvaauhx']
[2024-10-02T17:30:08.987+0000] {standard_task_runner.py:91} INFO - Job 462: Subtask extrair
[2024-10-02T17:30:09.279+0000] {task_command.py:426} INFO - Running <TaskInstance: etl_covid_europa_pipeline.extrair scheduled__2024-06-18T00:00:00+00:00 [running]> on host 99de7dfc3871
[2024-10-02T17:30:09.382+0000] {taskinstance.py:2648} INFO - Exporting env vars: AIRFLOW_CTX_DAG_OWNER='***' AIRFLOW_CTX_DAG_ID='etl_covid_europa_pipeline' AIRFLOW_CTX_TASK_ID='extrair' AIRFLOW_CTX_EXECUTION_DATE='2024-06-18T00:00:00+00:00' AIRFLOW_CTX_TRY_NUMBER='1' AIRFLOW_CTX_DAG_RUN_ID='scheduled__2024-06-18T00:00:00+00:00'
[2024-10-02T17:30:09.383+0000] {taskinstance.py:430} INFO - ::endgroup::
[2024-10-02T17:30:15.901+0000] {python.py:237} INFO - Done. Returned value was: None
[2024-10-02T17:30:15.902+0000] {taskinstance.py:441} INFO - ::group::Post task execution logs
[2024-10-02T17:30:15.913+0000] {taskinstance.py:1206} INFO - Marking task as SUCCESS. dag_id=etl_covid_europa_pipeline, task_id=extrair, run_id=scheduled__2024-06-18T00:00:00+00:00, execution_date=20240618T000000, start_date=20241002T173008, end_date=20241002T173015
[2024-10-02T17:30:16.060+0000] {local_task_job_runner.py:240} INFO - Task exited with return code 0
[2024-10-02T17:30:16.085+0000] {taskinstance.py:3503} INFO - 1 downstream tasks scheduled from follow-on schedule check
[2024-10-02T17:30:16.090+0000] {local_task_job_runner.py:222} INFO - ::endgroup::
[2024-10-02T19:02:40.917+0000] {local_task_job_runner.py:120} INFO - ::group::Pre task execution logs
[2024-10-02T19:02:40.943+0000] {taskinstance.py:2076} INFO - Dependencies all met for dep_context=non-requeueable deps ti=<TaskInstance: etl_covid_europa_pipeline.extrair scheduled__2024-06-18T00:00:00+00:00 [queued]>
[2024-10-02T19:02:40.952+0000] {taskinstance.py:2076} INFO - Dependencies all met for dep_context=requeueable deps ti=<TaskInstance: etl_covid_europa_pipeline.extrair scheduled__2024-06-18T00:00:00+00:00 [queued]>
[2024-10-02T19:02:40.953+0000] {taskinstance.py:2306} INFO - Starting attempt 1 of 1
[2024-10-02T19:02:41.176+0000] {taskinstance.py:2330} INFO - Executing <Task(PythonOperator): extrair> on 2024-06-18 00:00:00+00:00
[2024-10-02T19:02:41.184+0000] {warnings.py:112} WARNING - /home/***/.local/lib/python3.12/site-packages/***/task/task_runner/standard_task_runner.py:61: DeprecationWarning: This process (pid=7492) is multi-threaded, use of fork() may lead to deadlocks in the child.
  pid = os.fork()

[2024-10-02T19:02:41.186+0000] {standard_task_runner.py:63} INFO - Started process 7508 to run task
[2024-10-02T19:02:41.185+0000] {standard_task_runner.py:90} INFO - Running: ['***', 'tasks', 'run', 'etl_covid_europa_pipeline', 'extrair', 'scheduled__2024-06-18T00:00:00+00:00', '--job-id', '1693', '--raw', '--subdir', 'DAGS_FOLDER/etl_pipeline.py', '--cfg-path', '/tmp/tmp5dihlocl']
[2024-10-02T19:02:41.188+0000] {standard_task_runner.py:91} INFO - Job 1693: Subtask extrair
[2024-10-02T19:02:41.234+0000] {task_command.py:426} INFO - Running <TaskInstance: etl_covid_europa_pipeline.extrair scheduled__2024-06-18T00:00:00+00:00 [running]> on host 99de7dfc3871
[2024-10-02T19:02:41.335+0000] {taskinstance.py:2648} INFO - Exporting env vars: AIRFLOW_CTX_DAG_OWNER='***' AIRFLOW_CTX_DAG_ID='etl_covid_europa_pipeline' AIRFLOW_CTX_TASK_ID='extrair' AIRFLOW_CTX_EXECUTION_DATE='2024-06-18T00:00:00+00:00' AIRFLOW_CTX_TRY_NUMBER='1' AIRFLOW_CTX_DAG_RUN_ID='scheduled__2024-06-18T00:00:00+00:00'
[2024-10-02T19:02:41.336+0000] {taskinstance.py:430} INFO - ::endgroup::
[2024-10-02T19:02:47.113+0000] {python.py:237} INFO - Done. Returned value was: None
[2024-10-02T19:02:47.113+0000] {taskinstance.py:441} INFO - ::group::Post task execution logs
[2024-10-02T19:02:47.122+0000] {taskinstance.py:1206} INFO - Marking task as SUCCESS. dag_id=etl_covid_europa_pipeline, task_id=extrair, run_id=scheduled__2024-06-18T00:00:00+00:00, execution_date=20240618T000000, start_date=20241002T190240, end_date=20241002T190247
[2024-10-02T19:02:47.177+0000] {local_task_job_runner.py:240} INFO - Task exited with return code 0
[2024-10-02T19:02:47.196+0000] {taskinstance.py:3503} INFO - 1 downstream tasks scheduled from follow-on schedule check
[2024-10-02T19:02:47.199+0000] {local_task_job_runner.py:222} INFO - ::endgroup::
