[2024-10-02T18:59:41.979+0000] {local_task_job_runner.py:120} INFO - ::group::Pre task execution logs
[2024-10-02T18:59:42.005+0000] {taskinstance.py:2076} INFO - Dependencies all met for dep_context=non-requeueable deps ti=<TaskInstance: etl_covid_europa_pipeline.carregar scheduled__2024-01-27T00:00:00+00:00 [queued]>
[2024-10-02T18:59:42.018+0000] {taskinstance.py:2076} INFO - Dependencies all met for dep_context=requeueable deps ti=<TaskInstance: etl_covid_europa_pipeline.carregar scheduled__2024-01-27T00:00:00+00:00 [queued]>
[2024-10-02T18:59:42.019+0000] {taskinstance.py:2306} INFO - Starting attempt 1 of 1
[2024-10-02T18:59:42.297+0000] {taskinstance.py:2330} INFO - Executing <Task(PythonOperator): carregar> on 2024-01-27 00:00:00+00:00
[2024-10-02T18:59:42.306+0000] {warnings.py:112} WARNING - /home/***/.local/lib/python3.12/site-packages/***/task/task_runner/standard_task_runner.py:61: DeprecationWarning: This process (pid=6360) is multi-threaded, use of fork() may lead to deadlocks in the child.
  pid = os.fork()

[2024-10-02T18:59:42.309+0000] {standard_task_runner.py:63} INFO - Started process 6388 to run task
[2024-10-02T18:59:42.308+0000] {standard_task_runner.py:90} INFO - Running: ['***', 'tasks', 'run', 'etl_covid_europa_pipeline', 'carregar', 'scheduled__2024-01-27T00:00:00+00:00', '--job-id', '1333', '--raw', '--subdir', 'DAGS_FOLDER/etl_pipeline.py', '--cfg-path', '/tmp/tmpg4vc3ii5']
[2024-10-02T18:59:42.310+0000] {standard_task_runner.py:91} INFO - Job 1333: Subtask carregar
[2024-10-02T18:59:42.368+0000] {task_command.py:426} INFO - Running <TaskInstance: etl_covid_europa_pipeline.carregar scheduled__2024-01-27T00:00:00+00:00 [running]> on host 99de7dfc3871
[2024-10-02T18:59:42.490+0000] {taskinstance.py:2648} INFO - Exporting env vars: AIRFLOW_CTX_DAG_OWNER='***' AIRFLOW_CTX_DAG_ID='etl_covid_europa_pipeline' AIRFLOW_CTX_TASK_ID='carregar' AIRFLOW_CTX_EXECUTION_DATE='2024-01-27T00:00:00+00:00' AIRFLOW_CTX_TRY_NUMBER='1' AIRFLOW_CTX_DAG_RUN_ID='scheduled__2024-01-27T00:00:00+00:00'
[2024-10-02T18:59:42.492+0000] {taskinstance.py:430} INFO - ::endgroup::
[2024-10-02T18:59:42.579+0000] {python.py:237} INFO - Done. Returned value was: None
[2024-10-02T18:59:42.580+0000] {taskinstance.py:441} INFO - ::group::Post task execution logs
[2024-10-02T18:59:42.591+0000] {taskinstance.py:1206} INFO - Marking task as SUCCESS. dag_id=etl_covid_europa_pipeline, task_id=carregar, run_id=scheduled__2024-01-27T00:00:00+00:00, execution_date=20240127T000000, start_date=20241002T185942, end_date=20241002T185942
[2024-10-02T18:59:42.645+0000] {local_task_job_runner.py:240} INFO - Task exited with return code 0
[2024-10-02T18:59:42.663+0000] {taskinstance.py:3503} INFO - 0 downstream tasks scheduled from follow-on schedule check
[2024-10-02T18:59:42.667+0000] {local_task_job_runner.py:222} INFO - ::endgroup::
[2024-10-02T19:25:51.080+0000] {local_task_job_runner.py:120} INFO - ::group::Pre task execution logs
[2024-10-02T19:25:51.116+0000] {taskinstance.py:2076} INFO - Dependencies all met for dep_context=non-requeueable deps ti=<TaskInstance: etl_covid_europa_pipeline.carregar scheduled__2024-01-27T00:00:00+00:00 [queued]>
[2024-10-02T19:25:51.477+0000] {taskinstance.py:2076} INFO - Dependencies all met for dep_context=requeueable deps ti=<TaskInstance: etl_covid_europa_pipeline.carregar scheduled__2024-01-27T00:00:00+00:00 [queued]>
[2024-10-02T19:25:51.478+0000] {taskinstance.py:2306} INFO - Starting attempt 1 of 1
[2024-10-02T19:25:51.505+0000] {taskinstance.py:2330} INFO - Executing <Task(PythonOperator): carregar> on 2024-01-27 00:00:00+00:00
[2024-10-02T19:25:51.522+0000] {warnings.py:112} WARNING - /home/***/.local/lib/python3.12/site-packages/***/task/task_runner/standard_task_runner.py:61: DeprecationWarning: This process (pid=9733) is multi-threaded, use of fork() may lead to deadlocks in the child.
  pid = os.fork()

[2024-10-02T19:25:51.524+0000] {standard_task_runner.py:90} INFO - Running: ['***', 'tasks', 'run', 'etl_covid_europa_pipeline', 'carregar', 'scheduled__2024-01-27T00:00:00+00:00', '--job-id', '2342', '--raw', '--subdir', 'DAGS_FOLDER/etl_pipeline.py', '--cfg-path', '/tmp/tmpk7jhu4u6']
[2024-10-02T19:25:51.527+0000] {standard_task_runner.py:63} INFO - Started process 9751 to run task
[2024-10-02T19:25:51.529+0000] {standard_task_runner.py:91} INFO - Job 2342: Subtask carregar
[2024-10-02T19:25:51.623+0000] {task_command.py:426} INFO - Running <TaskInstance: etl_covid_europa_pipeline.carregar scheduled__2024-01-27T00:00:00+00:00 [running]> on host 99de7dfc3871
[2024-10-02T19:25:51.755+0000] {taskinstance.py:2648} INFO - Exporting env vars: AIRFLOW_CTX_DAG_OWNER='***' AIRFLOW_CTX_DAG_ID='etl_covid_europa_pipeline' AIRFLOW_CTX_TASK_ID='carregar' AIRFLOW_CTX_EXECUTION_DATE='2024-01-27T00:00:00+00:00' AIRFLOW_CTX_TRY_NUMBER='1' AIRFLOW_CTX_DAG_RUN_ID='scheduled__2024-01-27T00:00:00+00:00'
[2024-10-02T19:25:51.756+0000] {taskinstance.py:430} INFO - ::endgroup::
[2024-10-02T19:25:51.849+0000] {python.py:237} INFO - Done. Returned value was: None
[2024-10-02T19:25:51.850+0000] {taskinstance.py:441} INFO - ::group::Post task execution logs
[2024-10-02T19:25:51.861+0000] {taskinstance.py:1206} INFO - Marking task as SUCCESS. dag_id=etl_covid_europa_pipeline, task_id=carregar, run_id=scheduled__2024-01-27T00:00:00+00:00, execution_date=20240127T000000, start_date=20241002T192551, end_date=20241002T192551
[2024-10-02T19:25:51.910+0000] {local_task_job_runner.py:240} INFO - Task exited with return code 0
[2024-10-02T19:25:51.929+0000] {taskinstance.py:3503} INFO - 0 downstream tasks scheduled from follow-on schedule check
[2024-10-02T19:25:51.931+0000] {local_task_job_runner.py:222} INFO - ::endgroup::
