[2024-10-02T18:54:32.955+0000] {local_task_job_runner.py:120} INFO - ::group::Pre task execution logs
[2024-10-02T18:54:32.990+0000] {taskinstance.py:2076} INFO - Dependencies all met for dep_context=non-requeueable deps ti=<TaskInstance: etl_covid_europa_pipeline.carregar scheduled__2024-07-13T00:00:00+00:00 [queued]>
[2024-10-02T18:54:33.258+0000] {taskinstance.py:2076} INFO - Dependencies all met for dep_context=requeueable deps ti=<TaskInstance: etl_covid_europa_pipeline.carregar scheduled__2024-07-13T00:00:00+00:00 [queued]>
[2024-10-02T18:54:33.260+0000] {taskinstance.py:2306} INFO - Starting attempt 1 of 1
[2024-10-02T18:54:33.280+0000] {taskinstance.py:2330} INFO - Executing <Task(PythonOperator): carregar> on 2024-07-13 00:00:00+00:00
[2024-10-02T18:54:33.291+0000] {standard_task_runner.py:90} INFO - Running: ['***', 'tasks', 'run', 'etl_covid_europa_pipeline', 'carregar', 'scheduled__2024-07-13T00:00:00+00:00', '--job-id', '759', '--raw', '--subdir', 'DAGS_FOLDER/etl_pipeline.py', '--cfg-path', '/tmp/tmplhvq_li5']
[2024-10-02T18:54:33.289+0000] {warnings.py:112} WARNING - /home/***/.local/lib/python3.12/site-packages/***/task/task_runner/standard_task_runner.py:61: DeprecationWarning: This process (pid=4574) is multi-threaded, use of fork() may lead to deadlocks in the child.
  pid = os.fork()

[2024-10-02T18:54:33.294+0000] {standard_task_runner.py:91} INFO - Job 759: Subtask carregar
[2024-10-02T18:54:33.295+0000] {standard_task_runner.py:63} INFO - Started process 4593 to run task
[2024-10-02T18:54:33.349+0000] {task_command.py:426} INFO - Running <TaskInstance: etl_covid_europa_pipeline.carregar scheduled__2024-07-13T00:00:00+00:00 [running]> on host 99de7dfc3871
[2024-10-02T18:54:33.450+0000] {taskinstance.py:2648} INFO - Exporting env vars: AIRFLOW_CTX_DAG_OWNER='***' AIRFLOW_CTX_DAG_ID='etl_covid_europa_pipeline' AIRFLOW_CTX_TASK_ID='carregar' AIRFLOW_CTX_EXECUTION_DATE='2024-07-13T00:00:00+00:00' AIRFLOW_CTX_TRY_NUMBER='1' AIRFLOW_CTX_DAG_RUN_ID='scheduled__2024-07-13T00:00:00+00:00'
[2024-10-02T18:54:33.454+0000] {taskinstance.py:430} INFO - ::endgroup::
[2024-10-02T18:54:33.529+0000] {python.py:237} INFO - Done. Returned value was: None
[2024-10-02T18:54:33.530+0000] {taskinstance.py:441} INFO - ::group::Post task execution logs
[2024-10-02T18:54:33.539+0000] {taskinstance.py:1206} INFO - Marking task as SUCCESS. dag_id=etl_covid_europa_pipeline, task_id=carregar, run_id=scheduled__2024-07-13T00:00:00+00:00, execution_date=20240713T000000, start_date=20241002T185432, end_date=20241002T185433
[2024-10-02T18:54:33.589+0000] {local_task_job_runner.py:240} INFO - Task exited with return code 0
[2024-10-02T18:54:33.610+0000] {taskinstance.py:3503} INFO - 0 downstream tasks scheduled from follow-on schedule check
[2024-10-02T18:54:33.613+0000] {local_task_job_runner.py:222} INFO - ::endgroup::
[2024-10-02T19:03:18.837+0000] {local_task_job_runner.py:120} INFO - ::group::Pre task execution logs
[2024-10-02T19:03:18.861+0000] {taskinstance.py:2076} INFO - Dependencies all met for dep_context=non-requeueable deps ti=<TaskInstance: etl_covid_europa_pipeline.carregar scheduled__2024-07-13T00:00:00+00:00 [queued]>
[2024-10-02T19:03:18.872+0000] {taskinstance.py:2076} INFO - Dependencies all met for dep_context=requeueable deps ti=<TaskInstance: etl_covid_europa_pipeline.carregar scheduled__2024-07-13T00:00:00+00:00 [queued]>
[2024-10-02T19:03:18.872+0000] {taskinstance.py:2306} INFO - Starting attempt 1 of 1
[2024-10-02T19:03:19.079+0000] {taskinstance.py:2330} INFO - Executing <Task(PythonOperator): carregar> on 2024-07-13 00:00:00+00:00
[2024-10-02T19:03:19.086+0000] {warnings.py:112} WARNING - /home/***/.local/lib/python3.12/site-packages/***/task/task_runner/standard_task_runner.py:61: DeprecationWarning: This process (pid=7760) is multi-threaded, use of fork() may lead to deadlocks in the child.
  pid = os.fork()

[2024-10-02T19:03:19.088+0000] {standard_task_runner.py:63} INFO - Started process 7771 to run task
[2024-10-02T19:03:19.088+0000] {standard_task_runner.py:90} INFO - Running: ['***', 'tasks', 'run', 'etl_covid_europa_pipeline', 'carregar', 'scheduled__2024-07-13T00:00:00+00:00', '--job-id', '1781', '--raw', '--subdir', 'DAGS_FOLDER/etl_pipeline.py', '--cfg-path', '/tmp/tmp_26l0h52']
[2024-10-02T19:03:19.089+0000] {standard_task_runner.py:91} INFO - Job 1781: Subtask carregar
[2024-10-02T19:03:19.130+0000] {task_command.py:426} INFO - Running <TaskInstance: etl_covid_europa_pipeline.carregar scheduled__2024-07-13T00:00:00+00:00 [running]> on host 99de7dfc3871
[2024-10-02T19:03:19.231+0000] {taskinstance.py:2648} INFO - Exporting env vars: AIRFLOW_CTX_DAG_OWNER='***' AIRFLOW_CTX_DAG_ID='etl_covid_europa_pipeline' AIRFLOW_CTX_TASK_ID='carregar' AIRFLOW_CTX_EXECUTION_DATE='2024-07-13T00:00:00+00:00' AIRFLOW_CTX_TRY_NUMBER='1' AIRFLOW_CTX_DAG_RUN_ID='scheduled__2024-07-13T00:00:00+00:00'
[2024-10-02T19:03:19.233+0000] {taskinstance.py:430} INFO - ::endgroup::
[2024-10-02T19:03:19.325+0000] {python.py:237} INFO - Done. Returned value was: None
[2024-10-02T19:03:19.326+0000] {taskinstance.py:441} INFO - ::group::Post task execution logs
[2024-10-02T19:03:19.335+0000] {taskinstance.py:1206} INFO - Marking task as SUCCESS. dag_id=etl_covid_europa_pipeline, task_id=carregar, run_id=scheduled__2024-07-13T00:00:00+00:00, execution_date=20240713T000000, start_date=20241002T190318, end_date=20241002T190319
[2024-10-02T19:03:19.381+0000] {local_task_job_runner.py:240} INFO - Task exited with return code 0
[2024-10-02T19:03:19.396+0000] {taskinstance.py:3503} INFO - 0 downstream tasks scheduled from follow-on schedule check
[2024-10-02T19:03:19.399+0000] {local_task_job_runner.py:222} INFO - ::endgroup::
