[2024-10-02T18:54:54.450+0000] {local_task_job_runner.py:120} INFO - ::group::Pre task execution logs
[2024-10-02T18:54:54.487+0000] {taskinstance.py:2076} INFO - Dependencies all met for dep_context=non-requeueable deps ti=<TaskInstance: etl_covid_europa_pipeline.carregar scheduled__2024-07-30T00:00:00+00:00 [queued]>
[2024-10-02T18:54:54.855+0000] {taskinstance.py:2076} INFO - Dependencies all met for dep_context=requeueable deps ti=<TaskInstance: etl_covid_europa_pipeline.carregar scheduled__2024-07-30T00:00:00+00:00 [queued]>
[2024-10-02T18:54:54.855+0000] {taskinstance.py:2306} INFO - Starting attempt 1 of 1
[2024-10-02T18:54:54.881+0000] {taskinstance.py:2330} INFO - Executing <Task(PythonOperator): carregar> on 2024-07-30 00:00:00+00:00
[2024-10-02T18:54:54.889+0000] {warnings.py:112} WARNING - /home/***/.local/lib/python3.12/site-packages/***/task/task_runner/standard_task_runner.py:61: DeprecationWarning: This process (pid=4687) is multi-threaded, use of fork() may lead to deadlocks in the child.
  pid = os.fork()

[2024-10-02T18:54:54.891+0000] {standard_task_runner.py:63} INFO - Started process 4718 to run task
[2024-10-02T18:54:54.891+0000] {standard_task_runner.py:90} INFO - Running: ['***', 'tasks', 'run', 'etl_covid_europa_pipeline', 'carregar', 'scheduled__2024-07-30T00:00:00+00:00', '--job-id', '793', '--raw', '--subdir', 'DAGS_FOLDER/etl_pipeline.py', '--cfg-path', '/tmp/tmp965x16ee']
[2024-10-02T18:54:54.898+0000] {standard_task_runner.py:91} INFO - Job 793: Subtask carregar
[2024-10-02T18:54:54.969+0000] {task_command.py:426} INFO - Running <TaskInstance: etl_covid_europa_pipeline.carregar scheduled__2024-07-30T00:00:00+00:00 [running]> on host 99de7dfc3871
[2024-10-02T18:54:55.092+0000] {taskinstance.py:2648} INFO - Exporting env vars: AIRFLOW_CTX_DAG_OWNER='***' AIRFLOW_CTX_DAG_ID='etl_covid_europa_pipeline' AIRFLOW_CTX_TASK_ID='carregar' AIRFLOW_CTX_EXECUTION_DATE='2024-07-30T00:00:00+00:00' AIRFLOW_CTX_TRY_NUMBER='1' AIRFLOW_CTX_DAG_RUN_ID='scheduled__2024-07-30T00:00:00+00:00'
[2024-10-02T18:54:55.100+0000] {taskinstance.py:430} INFO - ::endgroup::
[2024-10-02T18:54:55.201+0000] {python.py:237} INFO - Done. Returned value was: None
[2024-10-02T18:54:55.203+0000] {taskinstance.py:441} INFO - ::group::Post task execution logs
[2024-10-02T18:54:55.219+0000] {taskinstance.py:1206} INFO - Marking task as SUCCESS. dag_id=etl_covid_europa_pipeline, task_id=carregar, run_id=scheduled__2024-07-30T00:00:00+00:00, execution_date=20240730T000000, start_date=20241002T185454, end_date=20241002T185455
[2024-10-02T18:54:55.314+0000] {local_task_job_runner.py:240} INFO - Task exited with return code 0
[2024-10-02T18:54:55.360+0000] {taskinstance.py:3503} INFO - 0 downstream tasks scheduled from follow-on schedule check
[2024-10-02T18:54:55.370+0000] {local_task_job_runner.py:222} INFO - ::endgroup::
[2024-10-02T19:03:36.384+0000] {local_task_job_runner.py:120} INFO - ::group::Pre task execution logs
[2024-10-02T19:03:36.422+0000] {taskinstance.py:2076} INFO - Dependencies all met for dep_context=non-requeueable deps ti=<TaskInstance: etl_covid_europa_pipeline.carregar scheduled__2024-07-30T00:00:00+00:00 [queued]>
[2024-10-02T19:03:36.439+0000] {taskinstance.py:2076} INFO - Dependencies all met for dep_context=requeueable deps ti=<TaskInstance: etl_covid_europa_pipeline.carregar scheduled__2024-07-30T00:00:00+00:00 [queued]>
[2024-10-02T19:03:36.440+0000] {taskinstance.py:2306} INFO - Starting attempt 1 of 1
[2024-10-02T19:03:36.782+0000] {taskinstance.py:2330} INFO - Executing <Task(PythonOperator): carregar> on 2024-07-30 00:00:00+00:00
[2024-10-02T19:03:36.794+0000] {warnings.py:112} WARNING - /home/***/.local/lib/python3.12/site-packages/***/task/task_runner/standard_task_runner.py:61: DeprecationWarning: This process (pid=7876) is multi-threaded, use of fork() may lead to deadlocks in the child.
  pid = os.fork()

[2024-10-02T19:03:36.795+0000] {standard_task_runner.py:63} INFO - Started process 7905 to run task
[2024-10-02T19:03:36.795+0000] {standard_task_runner.py:90} INFO - Running: ['***', 'tasks', 'run', 'etl_covid_europa_pipeline', 'carregar', 'scheduled__2024-07-30T00:00:00+00:00', '--job-id', '1822', '--raw', '--subdir', 'DAGS_FOLDER/etl_pipeline.py', '--cfg-path', '/tmp/tmp0z7_1nfj']
[2024-10-02T19:03:36.798+0000] {standard_task_runner.py:91} INFO - Job 1822: Subtask carregar
[2024-10-02T19:03:36.864+0000] {task_command.py:426} INFO - Running <TaskInstance: etl_covid_europa_pipeline.carregar scheduled__2024-07-30T00:00:00+00:00 [running]> on host 99de7dfc3871
[2024-10-02T19:03:36.984+0000] {taskinstance.py:2648} INFO - Exporting env vars: AIRFLOW_CTX_DAG_OWNER='***' AIRFLOW_CTX_DAG_ID='etl_covid_europa_pipeline' AIRFLOW_CTX_TASK_ID='carregar' AIRFLOW_CTX_EXECUTION_DATE='2024-07-30T00:00:00+00:00' AIRFLOW_CTX_TRY_NUMBER='1' AIRFLOW_CTX_DAG_RUN_ID='scheduled__2024-07-30T00:00:00+00:00'
[2024-10-02T19:03:36.986+0000] {taskinstance.py:430} INFO - ::endgroup::
[2024-10-02T19:03:37.116+0000] {python.py:237} INFO - Done. Returned value was: None
[2024-10-02T19:03:37.118+0000] {taskinstance.py:441} INFO - ::group::Post task execution logs
[2024-10-02T19:03:37.131+0000] {taskinstance.py:1206} INFO - Marking task as SUCCESS. dag_id=etl_covid_europa_pipeline, task_id=carregar, run_id=scheduled__2024-07-30T00:00:00+00:00, execution_date=20240730T000000, start_date=20241002T190336, end_date=20241002T190337
[2024-10-02T19:03:37.171+0000] {local_task_job_runner.py:240} INFO - Task exited with return code 0
[2024-10-02T19:03:37.193+0000] {taskinstance.py:3503} INFO - 0 downstream tasks scheduled from follow-on schedule check
[2024-10-02T19:03:37.200+0000] {local_task_job_runner.py:222} INFO - ::endgroup::
