[2024-10-02T19:00:34.391+0000] {local_task_job_runner.py:120} INFO - ::group::Pre task execution logs
[2024-10-02T19:00:34.420+0000] {taskinstance.py:2076} INFO - Dependencies all met for dep_context=non-requeueable deps ti=<TaskInstance: etl_covid_europa_pipeline.carregar scheduled__2024-03-05T00:00:00+00:00 [queued]>
[2024-10-02T19:00:34.695+0000] {taskinstance.py:2076} INFO - Dependencies all met for dep_context=requeueable deps ti=<TaskInstance: etl_covid_europa_pipeline.carregar scheduled__2024-03-05T00:00:00+00:00 [queued]>
[2024-10-02T19:00:34.696+0000] {taskinstance.py:2306} INFO - Starting attempt 1 of 1
[2024-10-02T19:00:34.715+0000] {taskinstance.py:2330} INFO - Executing <Task(PythonOperator): carregar> on 2024-03-05 00:00:00+00:00
[2024-10-02T19:00:34.725+0000] {standard_task_runner.py:90} INFO - Running: ['***', 'tasks', 'run', 'etl_covid_europa_pipeline', 'carregar', 'scheduled__2024-03-05T00:00:00+00:00', '--job-id', '1429', '--raw', '--subdir', 'DAGS_FOLDER/etl_pipeline.py', '--cfg-path', '/tmp/tmpx00090qd']
[2024-10-02T19:00:34.725+0000] {warnings.py:112} WARNING - /home/***/.local/lib/python3.12/site-packages/***/task/task_runner/standard_task_runner.py:61: DeprecationWarning: This process (pid=6662) is multi-threaded, use of fork() may lead to deadlocks in the child.
  pid = os.fork()

[2024-10-02T19:00:34.729+0000] {standard_task_runner.py:91} INFO - Job 1429: Subtask carregar
[2024-10-02T19:00:34.730+0000] {standard_task_runner.py:63} INFO - Started process 6679 to run task
[2024-10-02T19:00:34.783+0000] {task_command.py:426} INFO - Running <TaskInstance: etl_covid_europa_pipeline.carregar scheduled__2024-03-05T00:00:00+00:00 [running]> on host 99de7dfc3871
[2024-10-02T19:00:34.879+0000] {taskinstance.py:2648} INFO - Exporting env vars: AIRFLOW_CTX_DAG_OWNER='***' AIRFLOW_CTX_DAG_ID='etl_covid_europa_pipeline' AIRFLOW_CTX_TASK_ID='carregar' AIRFLOW_CTX_EXECUTION_DATE='2024-03-05T00:00:00+00:00' AIRFLOW_CTX_TRY_NUMBER='1' AIRFLOW_CTX_DAG_RUN_ID='scheduled__2024-03-05T00:00:00+00:00'
[2024-10-02T19:00:34.883+0000] {taskinstance.py:430} INFO - ::endgroup::
[2024-10-02T19:00:34.951+0000] {python.py:237} INFO - Done. Returned value was: None
[2024-10-02T19:00:34.953+0000] {taskinstance.py:441} INFO - ::group::Post task execution logs
[2024-10-02T19:00:34.964+0000] {taskinstance.py:1206} INFO - Marking task as SUCCESS. dag_id=etl_covid_europa_pipeline, task_id=carregar, run_id=scheduled__2024-03-05T00:00:00+00:00, execution_date=20240305T000000, start_date=20241002T190034, end_date=20241002T190034
[2024-10-02T19:00:35.024+0000] {local_task_job_runner.py:240} INFO - Task exited with return code 0
[2024-10-02T19:00:35.034+0000] {local_task_job_runner.py:222} INFO - ::endgroup::
[2024-10-02T19:26:52.410+0000] {local_task_job_runner.py:120} INFO - ::group::Pre task execution logs
[2024-10-02T19:26:52.459+0000] {taskinstance.py:2076} INFO - Dependencies all met for dep_context=non-requeueable deps ti=<TaskInstance: etl_covid_europa_pipeline.carregar scheduled__2024-03-05T00:00:00+00:00 [queued]>
[2024-10-02T19:26:52.473+0000] {taskinstance.py:2076} INFO - Dependencies all met for dep_context=requeueable deps ti=<TaskInstance: etl_covid_europa_pipeline.carregar scheduled__2024-03-05T00:00:00+00:00 [queued]>
[2024-10-02T19:26:52.474+0000] {taskinstance.py:2306} INFO - Starting attempt 1 of 1
[2024-10-02T19:26:52.504+0000] {taskinstance.py:2330} INFO - Executing <Task(PythonOperator): carregar> on 2024-03-05 00:00:00+00:00
[2024-10-02T19:26:52.518+0000] {standard_task_runner.py:90} INFO - Running: ['***', 'tasks', 'run', 'etl_covid_europa_pipeline', 'carregar', 'scheduled__2024-03-05T00:00:00+00:00', '--job-id', '2468', '--raw', '--subdir', 'DAGS_FOLDER/etl_pipeline_agrupar_continente.py', '--cfg-path', '/tmp/tmp7ihkzm2_']
[2024-10-02T19:26:52.517+0000] {warnings.py:112} WARNING - /home/***/.local/lib/python3.12/site-packages/***/task/task_runner/standard_task_runner.py:61: DeprecationWarning: This process (pid=10116) is multi-threaded, use of fork() may lead to deadlocks in the child.
  pid = os.fork()

[2024-10-02T19:26:52.522+0000] {standard_task_runner.py:91} INFO - Job 2468: Subtask carregar
[2024-10-02T19:26:52.523+0000] {standard_task_runner.py:63} INFO - Started process 10137 to run task
[2024-10-02T19:26:52.871+0000] {task_command.py:426} INFO - Running <TaskInstance: etl_covid_europa_pipeline.carregar scheduled__2024-03-05T00:00:00+00:00 [running]> on host 99de7dfc3871
[2024-10-02T19:26:53.010+0000] {taskinstance.py:2648} INFO - Exporting env vars: AIRFLOW_CTX_DAG_OWNER='***' AIRFLOW_CTX_DAG_ID='etl_covid_europa_pipeline' AIRFLOW_CTX_TASK_ID='carregar' AIRFLOW_CTX_EXECUTION_DATE='2024-03-05T00:00:00+00:00' AIRFLOW_CTX_TRY_NUMBER='1' AIRFLOW_CTX_DAG_RUN_ID='scheduled__2024-03-05T00:00:00+00:00'
[2024-10-02T19:26:53.012+0000] {taskinstance.py:430} INFO - ::endgroup::
[2024-10-02T19:26:53.110+0000] {python.py:237} INFO - Done. Returned value was: None
[2024-10-02T19:26:53.112+0000] {taskinstance.py:441} INFO - ::group::Post task execution logs
[2024-10-02T19:26:53.130+0000] {taskinstance.py:1206} INFO - Marking task as SUCCESS. dag_id=etl_covid_europa_pipeline, task_id=carregar, run_id=scheduled__2024-03-05T00:00:00+00:00, execution_date=20240305T000000, start_date=20241002T192652, end_date=20241002T192653
[2024-10-02T19:26:53.221+0000] {local_task_job_runner.py:240} INFO - Task exited with return code 0
[2024-10-02T19:26:53.243+0000] {local_task_job_runner.py:222} INFO - ::endgroup::
