[2024-10-02T17:28:18.468+0000] {local_task_job_runner.py:120} INFO - ::group::Pre task execution logs
[2024-10-02T17:28:18.490+0000] {taskinstance.py:2076} INFO - Dependencies all met for dep_context=non-requeueable deps ti=<TaskInstance: etl_covid_europa_pipeline.transformar scheduled__2024-03-21T00:00:00+00:00 [queued]>
[2024-10-02T17:28:18.498+0000] {taskinstance.py:2076} INFO - Dependencies all met for dep_context=requeueable deps ti=<TaskInstance: etl_covid_europa_pipeline.transformar scheduled__2024-03-21T00:00:00+00:00 [queued]>
[2024-10-02T17:28:18.499+0000] {taskinstance.py:2306} INFO - Starting attempt 1 of 1
[2024-10-02T17:28:18.643+0000] {taskinstance.py:2330} INFO - Executing <Task(PythonOperator): transformar> on 2024-03-21 00:00:00+00:00
[2024-10-02T17:28:18.648+0000] {warnings.py:112} WARNING - /home/***/.local/lib/python3.12/site-packages/***/task/task_runner/standard_task_runner.py:61: DeprecationWarning: This process (pid=2091) is multi-threaded, use of fork() may lead to deadlocks in the child.
  pid = os.fork()

[2024-10-02T17:28:18.649+0000] {standard_task_runner.py:63} INFO - Started process 2093 to run task
[2024-10-02T17:28:18.649+0000] {standard_task_runner.py:90} INFO - Running: ['***', 'tasks', 'run', 'etl_covid_europa_pipeline', 'transformar', 'scheduled__2024-03-21T00:00:00+00:00', '--job-id', '301', '--raw', '--subdir', 'DAGS_FOLDER/etl_pipeline.py', '--cfg-path', '/tmp/tmpr1cnmlnh']
[2024-10-02T17:28:18.650+0000] {standard_task_runner.py:91} INFO - Job 301: Subtask transformar
[2024-10-02T17:28:18.686+0000] {task_command.py:426} INFO - Running <TaskInstance: etl_covid_europa_pipeline.transformar scheduled__2024-03-21T00:00:00+00:00 [running]> on host 99de7dfc3871
[2024-10-02T17:28:18.753+0000] {taskinstance.py:2648} INFO - Exporting env vars: AIRFLOW_CTX_DAG_OWNER='***' AIRFLOW_CTX_DAG_ID='etl_covid_europa_pipeline' AIRFLOW_CTX_TASK_ID='transformar' AIRFLOW_CTX_EXECUTION_DATE='2024-03-21T00:00:00+00:00' AIRFLOW_CTX_TRY_NUMBER='1' AIRFLOW_CTX_DAG_RUN_ID='scheduled__2024-03-21T00:00:00+00:00'
[2024-10-02T17:28:18.754+0000] {taskinstance.py:430} INFO - ::endgroup::
[2024-10-02T17:28:18.777+0000] {taskinstance.py:441} INFO - ::group::Post task execution logs
[2024-10-02T17:28:18.778+0000] {taskinstance.py:2905} ERROR - Task failed with exception
Traceback (most recent call last):
  File "/home/airflow/.local/lib/python3.12/site-packages/airflow/models/taskinstance.py", line 465, in _execute_task
    result = _execute_callable(context=context, **execute_callable_kwargs)
             ^^^^^^^^^^^^^^^^^^^^^^^^^^^^^^^^^^^^^^^^^^^^^^^^^^^^^^^^^^^^^
  File "/home/airflow/.local/lib/python3.12/site-packages/airflow/models/taskinstance.py", line 432, in _execute_callable
    return execute_callable(context=context, **execute_callable_kwargs)
           ^^^^^^^^^^^^^^^^^^^^^^^^^^^^^^^^^^^^^^^^^^^^^^^^^^^^^^^^^^^^
  File "/home/airflow/.local/lib/python3.12/site-packages/airflow/models/baseoperator.py", line 401, in wrapper
    return func(self, *args, **kwargs)
           ^^^^^^^^^^^^^^^^^^^^^^^^^^^
  File "/home/airflow/.local/lib/python3.12/site-packages/airflow/operators/python.py", line 235, in execute
    return_value = self.execute_callable()
                   ^^^^^^^^^^^^^^^^^^^^^^^
  File "/home/airflow/.local/lib/python3.12/site-packages/airflow/operators/python.py", line 252, in execute_callable
    return self.python_callable(*self.op_args, **self.op_kwargs)
           ^^^^^^^^^^^^^^^^^^^^^^^^^^^^^^^^^^^^^^^^^^^^^^^^^^^^^
  File "/opt/airflow/dags/etl_pipeline.py", line 13, in transformar
    df = pd.read_csv('data/dados_covid_extraidos.csv')
         ^^^^^^^^^^^^^^^^^^^^^^^^^^^^^^^^^^^^^^^^^^^^^
  File "/home/airflow/.local/lib/python3.12/site-packages/pandas/io/parsers/readers.py", line 948, in read_csv
    return _read(filepath_or_buffer, kwds)
           ^^^^^^^^^^^^^^^^^^^^^^^^^^^^^^^
  File "/home/airflow/.local/lib/python3.12/site-packages/pandas/io/parsers/readers.py", line 617, in _read
    return parser.read(nrows)
           ^^^^^^^^^^^^^^^^^^
  File "/home/airflow/.local/lib/python3.12/site-packages/pandas/io/parsers/readers.py", line 1748, in read
    ) = self._engine.read(  # type: ignore[attr-defined]
        ^^^^^^^^^^^^^^^^^^^^^^^^^^^^^^^^^^^^^^^^^^^^^^^^
  File "/home/airflow/.local/lib/python3.12/site-packages/pandas/io/parsers/c_parser_wrapper.py", line 234, in read
    chunks = self._reader.read_low_memory(nrows)
             ^^^^^^^^^^^^^^^^^^^^^^^^^^^^^^^^^^^
  File "parsers.pyx", line 843, in pandas._libs.parsers.TextReader.read_low_memory
  File "parsers.pyx", line 904, in pandas._libs.parsers.TextReader._read_rows
  File "parsers.pyx", line 879, in pandas._libs.parsers.TextReader._tokenize_rows
  File "parsers.pyx", line 890, in pandas._libs.parsers.TextReader._check_tokenize_status
  File "parsers.pyx", line 2058, in pandas._libs.parsers.raise_parser_error
pandas.errors.ParserError: Error tokenizing data. C error: Expected 1 fields in line 7201, saw 2

[2024-10-02T17:28:18.788+0000] {taskinstance.py:1206} INFO - Marking task as FAILED. dag_id=etl_covid_europa_pipeline, task_id=transformar, run_id=scheduled__2024-03-21T00:00:00+00:00, execution_date=20240321T000000, start_date=20241002T172818, end_date=20241002T172818
[2024-10-02T17:28:18.799+0000] {standard_task_runner.py:110} ERROR - Failed to execute job 301 for task transformar (Error tokenizing data. C error: Expected 1 fields in line 7201, saw 2
; 2093)
[2024-10-02T17:28:18.822+0000] {local_task_job_runner.py:240} INFO - Task exited with return code 1
[2024-10-02T17:28:18.840+0000] {taskinstance.py:3503} INFO - 0 downstream tasks scheduled from follow-on schedule check
[2024-10-02T17:28:18.844+0000] {local_task_job_runner.py:222} INFO - ::endgroup::
[2024-10-02T19:00:53.857+0000] {local_task_job_runner.py:120} INFO - ::group::Pre task execution logs
[2024-10-02T19:00:53.895+0000] {taskinstance.py:2076} INFO - Dependencies all met for dep_context=non-requeueable deps ti=<TaskInstance: etl_covid_europa_pipeline.transformar scheduled__2024-03-21T00:00:00+00:00 [queued]>
[2024-10-02T19:00:53.910+0000] {taskinstance.py:2076} INFO - Dependencies all met for dep_context=requeueable deps ti=<TaskInstance: etl_covid_europa_pipeline.transformar scheduled__2024-03-21T00:00:00+00:00 [queued]>
[2024-10-02T19:00:53.912+0000] {taskinstance.py:2306} INFO - Starting attempt 1 of 1
[2024-10-02T19:00:54.164+0000] {taskinstance.py:2330} INFO - Executing <Task(PythonOperator): transformar> on 2024-03-21 00:00:00+00:00
[2024-10-02T19:00:54.174+0000] {standard_task_runner.py:90} INFO - Running: ['***', 'tasks', 'run', 'etl_covid_europa_pipeline', 'transformar', 'scheduled__2024-03-21T00:00:00+00:00', '--job-id', '1469', '--raw', '--subdir', 'DAGS_FOLDER/etl_pipeline.py', '--cfg-path', '/tmp/tmp2djwpxee']
[2024-10-02T19:00:54.172+0000] {warnings.py:112} WARNING - /home/***/.local/lib/python3.12/site-packages/***/task/task_runner/standard_task_runner.py:61: DeprecationWarning: This process (pid=6792) is multi-threaded, use of fork() may lead to deadlocks in the child.
  pid = os.fork()

[2024-10-02T19:00:54.177+0000] {standard_task_runner.py:91} INFO - Job 1469: Subtask transformar
[2024-10-02T19:00:54.178+0000] {standard_task_runner.py:63} INFO - Started process 6816 to run task
[2024-10-02T19:00:54.235+0000] {task_command.py:426} INFO - Running <TaskInstance: etl_covid_europa_pipeline.transformar scheduled__2024-03-21T00:00:00+00:00 [running]> on host 99de7dfc3871
[2024-10-02T19:00:54.354+0000] {taskinstance.py:2648} INFO - Exporting env vars: AIRFLOW_CTX_DAG_OWNER='***' AIRFLOW_CTX_DAG_ID='etl_covid_europa_pipeline' AIRFLOW_CTX_TASK_ID='transformar' AIRFLOW_CTX_EXECUTION_DATE='2024-03-21T00:00:00+00:00' AIRFLOW_CTX_TRY_NUMBER='1' AIRFLOW_CTX_DAG_RUN_ID='scheduled__2024-03-21T00:00:00+00:00'
[2024-10-02T19:00:54.356+0000] {taskinstance.py:430} INFO - ::endgroup::
[2024-10-02T19:00:54.571+0000] {python.py:237} INFO - Done. Returned value was: None
[2024-10-02T19:00:54.571+0000] {taskinstance.py:441} INFO - ::group::Post task execution logs
[2024-10-02T19:00:54.582+0000] {taskinstance.py:1206} INFO - Marking task as SUCCESS. dag_id=etl_covid_europa_pipeline, task_id=transformar, run_id=scheduled__2024-03-21T00:00:00+00:00, execution_date=20240321T000000, start_date=20241002T190053, end_date=20241002T190054
[2024-10-02T19:00:54.633+0000] {local_task_job_runner.py:240} INFO - Task exited with return code 0
[2024-10-02T19:00:54.653+0000] {taskinstance.py:3503} INFO - 1 downstream tasks scheduled from follow-on schedule check
[2024-10-02T19:00:54.656+0000] {local_task_job_runner.py:222} INFO - ::endgroup::
[2024-10-02T19:27:04.062+0000] {local_task_job_runner.py:120} INFO - ::group::Pre task execution logs
[2024-10-02T19:27:04.223+0000] {taskinstance.py:2076} INFO - Dependencies all met for dep_context=non-requeueable deps ti=<TaskInstance: etl_covid_europa_pipeline.transformar scheduled__2024-03-21T00:00:00+00:00 [queued]>
[2024-10-02T19:27:04.231+0000] {taskinstance.py:2076} INFO - Dependencies all met for dep_context=requeueable deps ti=<TaskInstance: etl_covid_europa_pipeline.transformar scheduled__2024-03-21T00:00:00+00:00 [queued]>
[2024-10-02T19:27:04.231+0000] {taskinstance.py:2306} INFO - Starting attempt 1 of 1
[2024-10-02T19:27:04.245+0000] {taskinstance.py:2330} INFO - Executing <Task(PythonOperator): transformar> on 2024-03-21 00:00:00+00:00
[2024-10-02T19:27:04.250+0000] {warnings.py:112} WARNING - /home/***/.local/lib/python3.12/site-packages/***/task/task_runner/standard_task_runner.py:61: DeprecationWarning: This process (pid=10207) is multi-threaded, use of fork() may lead to deadlocks in the child.
  pid = os.fork()

[2024-10-02T19:27:04.251+0000] {standard_task_runner.py:63} INFO - Started process 10209 to run task
[2024-10-02T19:27:04.251+0000] {standard_task_runner.py:90} INFO - Running: ['***', 'tasks', 'run', 'etl_covid_europa_pipeline', 'transformar', 'scheduled__2024-03-21T00:00:00+00:00', '--job-id', '2492', '--raw', '--subdir', 'DAGS_FOLDER/etl_pipeline_agrupar_continente.py', '--cfg-path', '/tmp/tmps54uk0tf']
[2024-10-02T19:27:04.253+0000] {standard_task_runner.py:91} INFO - Job 2492: Subtask transformar
[2024-10-02T19:27:04.287+0000] {task_command.py:426} INFO - Running <TaskInstance: etl_covid_europa_pipeline.transformar scheduled__2024-03-21T00:00:00+00:00 [running]> on host 99de7dfc3871
[2024-10-02T19:27:04.360+0000] {taskinstance.py:2648} INFO - Exporting env vars: AIRFLOW_CTX_DAG_OWNER='***' AIRFLOW_CTX_DAG_ID='etl_covid_europa_pipeline' AIRFLOW_CTX_TASK_ID='transformar' AIRFLOW_CTX_EXECUTION_DATE='2024-03-21T00:00:00+00:00' AIRFLOW_CTX_TRY_NUMBER='1' AIRFLOW_CTX_DAG_RUN_ID='scheduled__2024-03-21T00:00:00+00:00'
[2024-10-02T19:27:04.362+0000] {taskinstance.py:430} INFO - ::endgroup::
[2024-10-02T19:27:04.479+0000] {python.py:237} INFO - Done. Returned value was: None
[2024-10-02T19:27:04.479+0000] {taskinstance.py:441} INFO - ::group::Post task execution logs
[2024-10-02T19:27:04.486+0000] {taskinstance.py:1206} INFO - Marking task as SUCCESS. dag_id=etl_covid_europa_pipeline, task_id=transformar, run_id=scheduled__2024-03-21T00:00:00+00:00, execution_date=20240321T000000, start_date=20241002T192704, end_date=20241002T192704
[2024-10-02T19:27:04.505+0000] {local_task_job_runner.py:240} INFO - Task exited with return code 0
[2024-10-02T19:27:04.521+0000] {taskinstance.py:3503} INFO - 1 downstream tasks scheduled from follow-on schedule check
[2024-10-02T19:27:04.524+0000] {local_task_job_runner.py:222} INFO - ::endgroup::
