[2024-10-02T17:26:53.263+0000] {local_task_job_runner.py:120} INFO - ::group::Pre task execution logs
[2024-10-02T17:26:53.290+0000] {taskinstance.py:2076} INFO - Dependencies all met for dep_context=non-requeueable deps ti=<TaskInstance: etl_covid_europa_pipeline.extrair scheduled__2024-01-07T00:00:00+00:00 [queued]>
[2024-10-02T17:26:53.302+0000] {taskinstance.py:2076} INFO - Dependencies all met for dep_context=requeueable deps ti=<TaskInstance: etl_covid_europa_pipeline.extrair scheduled__2024-01-07T00:00:00+00:00 [queued]>
[2024-10-02T17:26:53.302+0000] {taskinstance.py:2306} INFO - Starting attempt 1 of 1
[2024-10-02T17:26:53.686+0000] {taskinstance.py:2330} INFO - Executing <Task(PythonOperator): extrair> on 2024-01-07 00:00:00+00:00
[2024-10-02T17:26:53.693+0000] {warnings.py:112} WARNING - /home/***/.local/lib/python3.12/site-packages/***/task/task_runner/standard_task_runner.py:61: DeprecationWarning: This process (pid=1751) is multi-threaded, use of fork() may lead to deadlocks in the child.
  pid = os.fork()

[2024-10-02T17:26:53.694+0000] {standard_task_runner.py:63} INFO - Started process 1767 to run task
[2024-10-02T17:26:53.695+0000] {standard_task_runner.py:90} INFO - Running: ['***', 'tasks', 'run', 'etl_covid_europa_pipeline', 'extrair', 'scheduled__2024-01-07T00:00:00+00:00', '--job-id', '194', '--raw', '--subdir', 'DAGS_FOLDER/etl_pipeline.py', '--cfg-path', '/tmp/tmphtiisolm']
[2024-10-02T17:26:53.697+0000] {standard_task_runner.py:91} INFO - Job 194: Subtask extrair
[2024-10-02T17:26:53.755+0000] {task_command.py:426} INFO - Running <TaskInstance: etl_covid_europa_pipeline.extrair scheduled__2024-01-07T00:00:00+00:00 [running]> on host 99de7dfc3871
[2024-10-02T17:26:53.858+0000] {taskinstance.py:2648} INFO - Exporting env vars: AIRFLOW_CTX_DAG_OWNER='***' AIRFLOW_CTX_DAG_ID='etl_covid_europa_pipeline' AIRFLOW_CTX_TASK_ID='extrair' AIRFLOW_CTX_EXECUTION_DATE='2024-01-07T00:00:00+00:00' AIRFLOW_CTX_TRY_NUMBER='1' AIRFLOW_CTX_DAG_RUN_ID='scheduled__2024-01-07T00:00:00+00:00'
[2024-10-02T17:26:53.859+0000] {taskinstance.py:430} INFO - ::endgroup::
[2024-10-02T17:26:59.527+0000] {taskinstance.py:441} INFO - ::group::Post task execution logs
[2024-10-02T17:26:59.528+0000] {taskinstance.py:2905} ERROR - Task failed with exception
Traceback (most recent call last):
  File "/home/airflow/.local/lib/python3.12/site-packages/airflow/models/taskinstance.py", line 465, in _execute_task
    result = _execute_callable(context=context, **execute_callable_kwargs)
             ^^^^^^^^^^^^^^^^^^^^^^^^^^^^^^^^^^^^^^^^^^^^^^^^^^^^^^^^^^^^^
  File "/home/airflow/.local/lib/python3.12/site-packages/airflow/models/taskinstance.py", line 432, in _execute_callable
    return execute_callable(context=context, **execute_callable_kwargs)
           ^^^^^^^^^^^^^^^^^^^^^^^^^^^^^^^^^^^^^^^^^^^^^^^^^^^^^^^^^^^^
  File "/home/airflow/.local/lib/python3.12/site-packages/airflow/models/baseoperator.py", line 401, in wrapper
    return func(self, *args, **kwargs)
           ^^^^^^^^^^^^^^^^^^^^^^^^^^^
  File "/home/airflow/.local/lib/python3.12/site-packages/airflow/operators/python.py", line 235, in execute
    return_value = self.execute_callable()
                   ^^^^^^^^^^^^^^^^^^^^^^^
  File "/home/airflow/.local/lib/python3.12/site-packages/airflow/operators/python.py", line 252, in execute_callable
    return self.python_callable(*self.op_args, **self.op_kwargs)
           ^^^^^^^^^^^^^^^^^^^^^^^^^^^^^^^^^^^^^^^^^^^^^^^^^^^^^
  File "/opt/airflow/dags/etl_pipeline.py", line 10, in extrair
    df.to_csv('data/dados_covid_extraidos.csv', index=False)
  File "/home/airflow/.local/lib/python3.12/site-packages/pandas/core/generic.py", line 3902, in to_csv
    return DataFrameRenderer(formatter).to_csv(
           ^^^^^^^^^^^^^^^^^^^^^^^^^^^^^^^^^^^^
  File "/home/airflow/.local/lib/python3.12/site-packages/pandas/io/formats/format.py", line 1152, in to_csv
    csv_formatter.save()
  File "/home/airflow/.local/lib/python3.12/site-packages/pandas/io/formats/csvs.py", line 247, in save
    with get_handle(
         ^^^^^^^^^^^
  File "/home/airflow/.local/lib/python3.12/site-packages/pandas/io/common.py", line 863, in get_handle
    handle = open(
             ^^^^^
PermissionError: [Errno 13] Permission denied: 'data/dados_covid_extraidos.csv'
[2024-10-02T17:26:59.550+0000] {taskinstance.py:1206} INFO - Marking task as FAILED. dag_id=etl_covid_europa_pipeline, task_id=extrair, run_id=scheduled__2024-01-07T00:00:00+00:00, execution_date=20240107T000000, start_date=20241002T172653, end_date=20241002T172659
[2024-10-02T17:26:59.564+0000] {standard_task_runner.py:110} ERROR - Failed to execute job 194 for task extrair ([Errno 13] Permission denied: 'data/dados_covid_extraidos.csv'; 1767)
[2024-10-02T17:26:59.602+0000] {local_task_job_runner.py:240} INFO - Task exited with return code 1
[2024-10-02T17:26:59.627+0000] {taskinstance.py:3503} INFO - 0 downstream tasks scheduled from follow-on schedule check
[2024-10-02T17:26:59.632+0000] {local_task_job_runner.py:222} INFO - ::endgroup::
[2024-10-02T18:59:03.353+0000] {local_task_job_runner.py:120} INFO - ::group::Pre task execution logs
[2024-10-02T18:59:03.382+0000] {taskinstance.py:2076} INFO - Dependencies all met for dep_context=non-requeueable deps ti=<TaskInstance: etl_covid_europa_pipeline.extrair scheduled__2024-01-07T00:00:00+00:00 [queued]>
[2024-10-02T18:59:03.620+0000] {taskinstance.py:2076} INFO - Dependencies all met for dep_context=requeueable deps ti=<TaskInstance: etl_covid_europa_pipeline.extrair scheduled__2024-01-07T00:00:00+00:00 [queued]>
[2024-10-02T18:59:03.621+0000] {taskinstance.py:2306} INFO - Starting attempt 1 of 1
[2024-10-02T18:59:03.704+0000] {taskinstance.py:2330} INFO - Executing <Task(PythonOperator): extrair> on 2024-01-07 00:00:00+00:00
[2024-10-02T18:59:03.712+0000] {warnings.py:112} WARNING - /home/***/.local/lib/python3.12/site-packages/***/task/task_runner/standard_task_runner.py:61: DeprecationWarning: This process (pid=6120) is multi-threaded, use of fork() may lead to deadlocks in the child.
  pid = os.fork()

[2024-10-02T18:59:03.714+0000] {standard_task_runner.py:63} INFO - Started process 6135 to run task
[2024-10-02T18:59:03.714+0000] {standard_task_runner.py:90} INFO - Running: ['***', 'tasks', 'run', 'etl_covid_europa_pipeline', 'extrair', 'scheduled__2024-01-07T00:00:00+00:00', '--job-id', '1252', '--raw', '--subdir', 'DAGS_FOLDER/etl_pipeline.py', '--cfg-path', '/tmp/tmpbsbb5h8a']
[2024-10-02T18:59:03.718+0000] {standard_task_runner.py:91} INFO - Job 1252: Subtask extrair
[2024-10-02T18:59:03.777+0000] {task_command.py:426} INFO - Running <TaskInstance: etl_covid_europa_pipeline.extrair scheduled__2024-01-07T00:00:00+00:00 [running]> on host 99de7dfc3871
[2024-10-02T18:59:03.922+0000] {taskinstance.py:2648} INFO - Exporting env vars: AIRFLOW_CTX_DAG_OWNER='***' AIRFLOW_CTX_DAG_ID='etl_covid_europa_pipeline' AIRFLOW_CTX_TASK_ID='extrair' AIRFLOW_CTX_EXECUTION_DATE='2024-01-07T00:00:00+00:00' AIRFLOW_CTX_TRY_NUMBER='1' AIRFLOW_CTX_DAG_RUN_ID='scheduled__2024-01-07T00:00:00+00:00'
[2024-10-02T18:59:03.926+0000] {taskinstance.py:430} INFO - ::endgroup::
[2024-10-02T18:59:10.903+0000] {python.py:237} INFO - Done. Returned value was: None
[2024-10-02T18:59:10.906+0000] {taskinstance.py:441} INFO - ::group::Post task execution logs
[2024-10-02T18:59:10.917+0000] {taskinstance.py:1206} INFO - Marking task as SUCCESS. dag_id=etl_covid_europa_pipeline, task_id=extrair, run_id=scheduled__2024-01-07T00:00:00+00:00, execution_date=20240107T000000, start_date=20241002T185903, end_date=20241002T185910
[2024-10-02T18:59:11.163+0000] {local_task_job_runner.py:240} INFO - Task exited with return code 0
[2024-10-02T18:59:11.195+0000] {taskinstance.py:3503} INFO - 1 downstream tasks scheduled from follow-on schedule check
[2024-10-02T18:59:11.199+0000] {local_task_job_runner.py:222} INFO - ::endgroup::
[2024-10-02T19:25:20.898+0000] {local_task_job_runner.py:120} INFO - ::group::Pre task execution logs
[2024-10-02T19:25:20.927+0000] {taskinstance.py:2076} INFO - Dependencies all met for dep_context=non-requeueable deps ti=<TaskInstance: etl_covid_europa_pipeline.extrair scheduled__2024-01-07T00:00:00+00:00 [queued]>
[2024-10-02T19:25:21.118+0000] {taskinstance.py:2076} INFO - Dependencies all met for dep_context=requeueable deps ti=<TaskInstance: etl_covid_europa_pipeline.extrair scheduled__2024-01-07T00:00:00+00:00 [queued]>
[2024-10-02T19:25:21.119+0000] {taskinstance.py:2306} INFO - Starting attempt 1 of 1
[2024-10-02T19:25:21.135+0000] {taskinstance.py:2330} INFO - Executing <Task(PythonOperator): extrair> on 2024-01-07 00:00:00+00:00
[2024-10-02T19:25:21.142+0000] {warnings.py:112} WARNING - /home/***/.local/lib/python3.12/site-packages/***/task/task_runner/standard_task_runner.py:61: DeprecationWarning: This process (pid=9474) is multi-threaded, use of fork() may lead to deadlocks in the child.
  pid = os.fork()

[2024-10-02T19:25:21.144+0000] {standard_task_runner.py:63} INFO - Started process 9492 to run task
[2024-10-02T19:25:21.145+0000] {standard_task_runner.py:90} INFO - Running: ['***', 'tasks', 'run', 'etl_covid_europa_pipeline', 'extrair', 'scheduled__2024-01-07T00:00:00+00:00', '--job-id', '2257', '--raw', '--subdir', 'DAGS_FOLDER/etl_pipeline.py', '--cfg-path', '/tmp/tmpmtzhpdya']
[2024-10-02T19:25:21.147+0000] {standard_task_runner.py:91} INFO - Job 2257: Subtask extrair
[2024-10-02T19:25:21.196+0000] {task_command.py:426} INFO - Running <TaskInstance: etl_covid_europa_pipeline.extrair scheduled__2024-01-07T00:00:00+00:00 [running]> on host 99de7dfc3871
[2024-10-02T19:25:21.287+0000] {taskinstance.py:2648} INFO - Exporting env vars: AIRFLOW_CTX_DAG_OWNER='***' AIRFLOW_CTX_DAG_ID='etl_covid_europa_pipeline' AIRFLOW_CTX_TASK_ID='extrair' AIRFLOW_CTX_EXECUTION_DATE='2024-01-07T00:00:00+00:00' AIRFLOW_CTX_TRY_NUMBER='1' AIRFLOW_CTX_DAG_RUN_ID='scheduled__2024-01-07T00:00:00+00:00'
[2024-10-02T19:25:21.290+0000] {taskinstance.py:430} INFO - ::endgroup::
[2024-10-02T19:25:27.754+0000] {python.py:237} INFO - Done. Returned value was: None
[2024-10-02T19:25:27.756+0000] {taskinstance.py:441} INFO - ::group::Post task execution logs
[2024-10-02T19:25:27.769+0000] {taskinstance.py:1206} INFO - Marking task as SUCCESS. dag_id=etl_covid_europa_pipeline, task_id=extrair, run_id=scheduled__2024-01-07T00:00:00+00:00, execution_date=20240107T000000, start_date=20241002T192520, end_date=20241002T192527
[2024-10-02T19:25:27.823+0000] {local_task_job_runner.py:240} INFO - Task exited with return code 0
[2024-10-02T19:25:27.861+0000] {taskinstance.py:3503} INFO - 1 downstream tasks scheduled from follow-on schedule check
[2024-10-02T19:25:27.864+0000] {local_task_job_runner.py:222} INFO - ::endgroup::
