[2024-10-02T17:25:27.099+0000] {local_task_job_runner.py:120} INFO - ::group::Pre task execution logs
[2024-10-02T17:25:27.120+0000] {taskinstance.py:2076} INFO - Dependencies all met for dep_context=non-requeueable deps ti=<TaskInstance: etl_covid_europa_pipeline.extrair scheduled__2023-10-30T00:00:00+00:00 [queued]>
[2024-10-02T17:25:27.127+0000] {taskinstance.py:2076} INFO - Dependencies all met for dep_context=requeueable deps ti=<TaskInstance: etl_covid_europa_pipeline.extrair scheduled__2023-10-30T00:00:00+00:00 [queued]>
[2024-10-02T17:25:27.128+0000] {taskinstance.py:2306} INFO - Starting attempt 1 of 1
[2024-10-02T17:25:27.285+0000] {taskinstance.py:2330} INFO - Executing <Task(PythonOperator): extrair> on 2023-10-30 00:00:00+00:00
[2024-10-02T17:25:27.290+0000] {warnings.py:112} WARNING - /home/***/.local/lib/python3.12/site-packages/***/task/task_runner/standard_task_runner.py:61: DeprecationWarning: This process (pid=1302) is multi-threaded, use of fork() may lead to deadlocks in the child.
  pid = os.fork()

[2024-10-02T17:25:27.292+0000] {standard_task_runner.py:63} INFO - Started process 1312 to run task
[2024-10-02T17:25:27.292+0000] {standard_task_runner.py:90} INFO - Running: ['***', 'tasks', 'run', 'etl_covid_europa_pipeline', 'extrair', 'scheduled__2023-10-30T00:00:00+00:00', '--job-id', '51', '--raw', '--subdir', 'DAGS_FOLDER/etl_pipeline.py', '--cfg-path', '/tmp/tmpwhlf50rq']
[2024-10-02T17:25:27.294+0000] {standard_task_runner.py:91} INFO - Job 51: Subtask extrair
[2024-10-02T17:25:27.336+0000] {task_command.py:426} INFO - Running <TaskInstance: etl_covid_europa_pipeline.extrair scheduled__2023-10-30T00:00:00+00:00 [running]> on host 99de7dfc3871
[2024-10-02T17:25:27.408+0000] {taskinstance.py:2648} INFO - Exporting env vars: AIRFLOW_CTX_DAG_OWNER='***' AIRFLOW_CTX_DAG_ID='etl_covid_europa_pipeline' AIRFLOW_CTX_TASK_ID='extrair' AIRFLOW_CTX_EXECUTION_DATE='2023-10-30T00:00:00+00:00' AIRFLOW_CTX_TRY_NUMBER='1' AIRFLOW_CTX_DAG_RUN_ID='scheduled__2023-10-30T00:00:00+00:00'
[2024-10-02T17:25:27.409+0000] {taskinstance.py:430} INFO - ::endgroup::
[2024-10-02T17:25:33.936+0000] {python.py:237} INFO - Done. Returned value was: None
[2024-10-02T17:25:33.937+0000] {taskinstance.py:441} INFO - ::group::Post task execution logs
[2024-10-02T17:25:33.950+0000] {taskinstance.py:1206} INFO - Marking task as SUCCESS. dag_id=etl_covid_europa_pipeline, task_id=extrair, run_id=scheduled__2023-10-30T00:00:00+00:00, execution_date=20231030T000000, start_date=20241002T172527, end_date=20241002T172533
[2024-10-02T17:25:34.010+0000] {local_task_job_runner.py:240} INFO - Task exited with return code 0
[2024-10-02T17:25:34.039+0000] {taskinstance.py:3503} INFO - 1 downstream tasks scheduled from follow-on schedule check
[2024-10-02T17:25:34.045+0000] {local_task_job_runner.py:222} INFO - ::endgroup::
[2024-10-02T18:57:27.891+0000] {local_task_job_runner.py:120} INFO - ::group::Pre task execution logs
[2024-10-02T18:57:27.915+0000] {taskinstance.py:2076} INFO - Dependencies all met for dep_context=non-requeueable deps ti=<TaskInstance: etl_covid_europa_pipeline.extrair scheduled__2023-10-30T00:00:00+00:00 [queued]>
[2024-10-02T18:57:28.119+0000] {taskinstance.py:2076} INFO - Dependencies all met for dep_context=requeueable deps ti=<TaskInstance: etl_covid_europa_pipeline.extrair scheduled__2023-10-30T00:00:00+00:00 [queued]>
[2024-10-02T18:57:28.120+0000] {taskinstance.py:2306} INFO - Starting attempt 1 of 1
[2024-10-02T18:57:28.134+0000] {taskinstance.py:2330} INFO - Executing <Task(PythonOperator): extrair> on 2023-10-30 00:00:00+00:00
[2024-10-02T18:57:28.141+0000] {warnings.py:112} WARNING - /home/***/.local/lib/python3.12/site-packages/***/task/task_runner/standard_task_runner.py:61: DeprecationWarning: This process (pid=5426) is multi-threaded, use of fork() may lead to deadlocks in the child.
  pid = os.fork()

[2024-10-02T18:57:28.144+0000] {standard_task_runner.py:63} INFO - Started process 5435 to run task
[2024-10-02T18:57:28.144+0000] {standard_task_runner.py:90} INFO - Running: ['***', 'tasks', 'run', 'etl_covid_europa_pipeline', 'extrair', 'scheduled__2023-10-30T00:00:00+00:00', '--job-id', '1028', '--raw', '--subdir', 'DAGS_FOLDER/etl_pipeline.py', '--cfg-path', '/tmp/tmplcmdkl29']
[2024-10-02T18:57:28.146+0000] {standard_task_runner.py:91} INFO - Job 1028: Subtask extrair
[2024-10-02T18:57:28.198+0000] {task_command.py:426} INFO - Running <TaskInstance: etl_covid_europa_pipeline.extrair scheduled__2023-10-30T00:00:00+00:00 [running]> on host 99de7dfc3871
[2024-10-02T18:57:28.296+0000] {taskinstance.py:2648} INFO - Exporting env vars: AIRFLOW_CTX_DAG_OWNER='***' AIRFLOW_CTX_DAG_ID='etl_covid_europa_pipeline' AIRFLOW_CTX_TASK_ID='extrair' AIRFLOW_CTX_EXECUTION_DATE='2023-10-30T00:00:00+00:00' AIRFLOW_CTX_TRY_NUMBER='1' AIRFLOW_CTX_DAG_RUN_ID='scheduled__2023-10-30T00:00:00+00:00'
[2024-10-02T18:57:28.298+0000] {taskinstance.py:430} INFO - ::endgroup::
[2024-10-02T18:57:34.561+0000] {python.py:237} INFO - Done. Returned value was: None
[2024-10-02T18:57:34.562+0000] {taskinstance.py:441} INFO - ::group::Post task execution logs
[2024-10-02T18:57:34.576+0000] {taskinstance.py:1206} INFO - Marking task as SUCCESS. dag_id=etl_covid_europa_pipeline, task_id=extrair, run_id=scheduled__2023-10-30T00:00:00+00:00, execution_date=20231030T000000, start_date=20241002T185727, end_date=20241002T185734
[2024-10-02T18:57:34.653+0000] {local_task_job_runner.py:240} INFO - Task exited with return code 0
[2024-10-02T18:57:34.684+0000] {taskinstance.py:3503} INFO - 1 downstream tasks scheduled from follow-on schedule check
[2024-10-02T18:57:34.687+0000] {local_task_job_runner.py:222} INFO - ::endgroup::
[2024-10-02T19:23:46.418+0000] {local_task_job_runner.py:120} INFO - ::group::Pre task execution logs
[2024-10-02T19:23:46.454+0000] {taskinstance.py:2076} INFO - Dependencies all met for dep_context=non-requeueable deps ti=<TaskInstance: etl_covid_europa_pipeline.extrair scheduled__2023-10-30T00:00:00+00:00 [queued]>
[2024-10-02T19:23:46.721+0000] {taskinstance.py:2076} INFO - Dependencies all met for dep_context=requeueable deps ti=<TaskInstance: etl_covid_europa_pipeline.extrair scheduled__2023-10-30T00:00:00+00:00 [queued]>
[2024-10-02T19:23:46.722+0000] {taskinstance.py:2306} INFO - Starting attempt 1 of 1
[2024-10-02T19:23:46.743+0000] {taskinstance.py:2330} INFO - Executing <Task(PythonOperator): extrair> on 2023-10-30 00:00:00+00:00
[2024-10-02T19:23:46.752+0000] {warnings.py:112} WARNING - /home/***/.local/lib/python3.12/site-packages/***/task/task_runner/standard_task_runner.py:61: DeprecationWarning: This process (pid=8824) is multi-threaded, use of fork() may lead to deadlocks in the child.
  pid = os.fork()

[2024-10-02T19:23:46.754+0000] {standard_task_runner.py:63} INFO - Started process 8847 to run task
[2024-10-02T19:23:46.754+0000] {standard_task_runner.py:90} INFO - Running: ['***', 'tasks', 'run', 'etl_covid_europa_pipeline', 'extrair', 'scheduled__2023-10-30T00:00:00+00:00', '--job-id', '2048', '--raw', '--subdir', 'DAGS_FOLDER/etl_pipeline.py', '--cfg-path', '/tmp/tmpx5_5rf_4']
[2024-10-02T19:23:46.757+0000] {standard_task_runner.py:91} INFO - Job 2048: Subtask extrair
[2024-10-02T19:23:46.830+0000] {task_command.py:426} INFO - Running <TaskInstance: etl_covid_europa_pipeline.extrair scheduled__2023-10-30T00:00:00+00:00 [running]> on host 99de7dfc3871
[2024-10-02T19:23:47.012+0000] {taskinstance.py:2648} INFO - Exporting env vars: AIRFLOW_CTX_DAG_OWNER='***' AIRFLOW_CTX_DAG_ID='etl_covid_europa_pipeline' AIRFLOW_CTX_TASK_ID='extrair' AIRFLOW_CTX_EXECUTION_DATE='2023-10-30T00:00:00+00:00' AIRFLOW_CTX_TRY_NUMBER='1' AIRFLOW_CTX_DAG_RUN_ID='scheduled__2023-10-30T00:00:00+00:00'
[2024-10-02T19:23:47.016+0000] {taskinstance.py:430} INFO - ::endgroup::
[2024-10-02T19:23:52.944+0000] {python.py:237} INFO - Done. Returned value was: None
[2024-10-02T19:23:52.945+0000] {taskinstance.py:441} INFO - ::group::Post task execution logs
[2024-10-02T19:23:52.954+0000] {taskinstance.py:1206} INFO - Marking task as SUCCESS. dag_id=etl_covid_europa_pipeline, task_id=extrair, run_id=scheduled__2023-10-30T00:00:00+00:00, execution_date=20231030T000000, start_date=20241002T192346, end_date=20241002T192352
[2024-10-02T19:23:52.984+0000] {local_task_job_runner.py:240} INFO - Task exited with return code 0
[2024-10-02T19:23:53.003+0000] {taskinstance.py:3503} INFO - 1 downstream tasks scheduled from follow-on schedule check
[2024-10-02T19:23:53.006+0000] {local_task_job_runner.py:222} INFO - ::endgroup::
