[2024-10-02T18:59:14.143+0000] {local_task_job_runner.py:120} INFO - ::group::Pre task execution logs
[2024-10-02T18:59:14.185+0000] {taskinstance.py:2076} INFO - Dependencies all met for dep_context=non-requeueable deps ti=<TaskInstance: etl_covid_europa_pipeline.carregar scheduled__2024-01-08T00:00:00+00:00 [queued]>
[2024-10-02T18:59:14.553+0000] {taskinstance.py:2076} INFO - Dependencies all met for dep_context=requeueable deps ti=<TaskInstance: etl_covid_europa_pipeline.carregar scheduled__2024-01-08T00:00:00+00:00 [queued]>
[2024-10-02T18:59:14.554+0000] {taskinstance.py:2306} INFO - Starting attempt 1 of 1
[2024-10-02T18:59:14.575+0000] {taskinstance.py:2330} INFO - Executing <Task(PythonOperator): carregar> on 2024-01-08 00:00:00+00:00
[2024-10-02T18:59:14.588+0000] {warnings.py:112} WARNING - /home/***/.local/lib/python3.12/site-packages/***/task/task_runner/standard_task_runner.py:61: DeprecationWarning: This process (pid=6195) is multi-threaded, use of fork() may lead to deadlocks in the child.
  pid = os.fork()

[2024-10-02T18:59:14.590+0000] {standard_task_runner.py:90} INFO - Running: ['***', 'tasks', 'run', 'etl_covid_europa_pipeline', 'carregar', 'scheduled__2024-01-08T00:00:00+00:00', '--job-id', '1276', '--raw', '--subdir', 'DAGS_FOLDER/etl_pipeline.py', '--cfg-path', '/tmp/tmpbx5zl20o']
[2024-10-02T18:59:14.598+0000] {standard_task_runner.py:63} INFO - Started process 6219 to run task
[2024-10-02T18:59:14.599+0000] {standard_task_runner.py:91} INFO - Job 1276: Subtask carregar
[2024-10-02T18:59:14.686+0000] {task_command.py:426} INFO - Running <TaskInstance: etl_covid_europa_pipeline.carregar scheduled__2024-01-08T00:00:00+00:00 [running]> on host 99de7dfc3871
[2024-10-02T18:59:14.842+0000] {taskinstance.py:2648} INFO - Exporting env vars: AIRFLOW_CTX_DAG_OWNER='***' AIRFLOW_CTX_DAG_ID='etl_covid_europa_pipeline' AIRFLOW_CTX_TASK_ID='carregar' AIRFLOW_CTX_EXECUTION_DATE='2024-01-08T00:00:00+00:00' AIRFLOW_CTX_TRY_NUMBER='1' AIRFLOW_CTX_DAG_RUN_ID='scheduled__2024-01-08T00:00:00+00:00'
[2024-10-02T18:59:14.847+0000] {taskinstance.py:430} INFO - ::endgroup::
[2024-10-02T18:59:15.019+0000] {python.py:237} INFO - Done. Returned value was: None
[2024-10-02T18:59:15.020+0000] {taskinstance.py:441} INFO - ::group::Post task execution logs
[2024-10-02T18:59:15.032+0000] {taskinstance.py:1206} INFO - Marking task as SUCCESS. dag_id=etl_covid_europa_pipeline, task_id=carregar, run_id=scheduled__2024-01-08T00:00:00+00:00, execution_date=20240108T000000, start_date=20241002T185914, end_date=20241002T185915
[2024-10-02T18:59:15.105+0000] {local_task_job_runner.py:240} INFO - Task exited with return code 0
[2024-10-02T18:59:15.149+0000] {taskinstance.py:3503} INFO - 0 downstream tasks scheduled from follow-on schedule check
[2024-10-02T18:59:15.160+0000] {local_task_job_runner.py:222} INFO - ::endgroup::
[2024-10-02T19:25:33.080+0000] {local_task_job_runner.py:120} INFO - ::group::Pre task execution logs
[2024-10-02T19:25:33.379+0000] {taskinstance.py:2076} INFO - Dependencies all met for dep_context=non-requeueable deps ti=<TaskInstance: etl_covid_europa_pipeline.carregar scheduled__2024-01-08T00:00:00+00:00 [queued]>
[2024-10-02T19:25:33.403+0000] {taskinstance.py:2076} INFO - Dependencies all met for dep_context=requeueable deps ti=<TaskInstance: etl_covid_europa_pipeline.carregar scheduled__2024-01-08T00:00:00+00:00 [queued]>
[2024-10-02T19:25:33.405+0000] {taskinstance.py:2306} INFO - Starting attempt 1 of 1
[2024-10-02T19:25:33.435+0000] {taskinstance.py:2330} INFO - Executing <Task(PythonOperator): carregar> on 2024-01-08 00:00:00+00:00
[2024-10-02T19:25:33.442+0000] {warnings.py:112} WARNING - /home/***/.local/lib/python3.12/site-packages/***/task/task_runner/standard_task_runner.py:61: DeprecationWarning: This process (pid=9574) is multi-threaded, use of fork() may lead to deadlocks in the child.
  pid = os.fork()

[2024-10-02T19:25:33.444+0000] {standard_task_runner.py:63} INFO - Started process 9600 to run task
[2024-10-02T19:25:33.445+0000] {standard_task_runner.py:90} INFO - Running: ['***', 'tasks', 'run', 'etl_covid_europa_pipeline', 'carregar', 'scheduled__2024-01-08T00:00:00+00:00', '--job-id', '2292', '--raw', '--subdir', 'DAGS_FOLDER/etl_pipeline.py', '--cfg-path', '/tmp/tmp9w4mxbci']
[2024-10-02T19:25:33.448+0000] {standard_task_runner.py:91} INFO - Job 2292: Subtask carregar
[2024-10-02T19:25:33.519+0000] {task_command.py:426} INFO - Running <TaskInstance: etl_covid_europa_pipeline.carregar scheduled__2024-01-08T00:00:00+00:00 [running]> on host 99de7dfc3871
[2024-10-02T19:25:33.669+0000] {taskinstance.py:2648} INFO - Exporting env vars: AIRFLOW_CTX_DAG_OWNER='***' AIRFLOW_CTX_DAG_ID='etl_covid_europa_pipeline' AIRFLOW_CTX_TASK_ID='carregar' AIRFLOW_CTX_EXECUTION_DATE='2024-01-08T00:00:00+00:00' AIRFLOW_CTX_TRY_NUMBER='1' AIRFLOW_CTX_DAG_RUN_ID='scheduled__2024-01-08T00:00:00+00:00'
[2024-10-02T19:25:33.672+0000] {taskinstance.py:430} INFO - ::endgroup::
[2024-10-02T19:25:33.895+0000] {python.py:237} INFO - Done. Returned value was: None
[2024-10-02T19:25:33.896+0000] {taskinstance.py:441} INFO - ::group::Post task execution logs
[2024-10-02T19:25:33.908+0000] {taskinstance.py:1206} INFO - Marking task as SUCCESS. dag_id=etl_covid_europa_pipeline, task_id=carregar, run_id=scheduled__2024-01-08T00:00:00+00:00, execution_date=20240108T000000, start_date=20241002T192533, end_date=20241002T192533
[2024-10-02T19:25:33.981+0000] {local_task_job_runner.py:240} INFO - Task exited with return code 0
[2024-10-02T19:25:34.004+0000] {taskinstance.py:3503} INFO - 0 downstream tasks scheduled from follow-on schedule check
[2024-10-02T19:25:34.011+0000] {local_task_job_runner.py:222} INFO - ::endgroup::
