[2024-10-02T17:25:25.087+0000] {local_task_job_runner.py:120} INFO - ::group::Pre task execution logs
[2024-10-02T17:25:25.114+0000] {taskinstance.py:2076} INFO - Dependencies all met for dep_context=non-requeueable deps ti=<TaskInstance: etl_covid_europa_pipeline.extrair scheduled__2023-10-18T00:00:00+00:00 [queued]>
[2024-10-02T17:25:25.121+0000] {taskinstance.py:2076} INFO - Dependencies all met for dep_context=requeueable deps ti=<TaskInstance: etl_covid_europa_pipeline.extrair scheduled__2023-10-18T00:00:00+00:00 [queued]>
[2024-10-02T17:25:25.122+0000] {taskinstance.py:2306} INFO - Starting attempt 1 of 1
[2024-10-02T17:25:25.336+0000] {taskinstance.py:2330} INFO - Executing <Task(PythonOperator): extrair> on 2023-10-18 00:00:00+00:00
[2024-10-02T17:25:25.343+0000] {warnings.py:112} WARNING - /home/***/.local/lib/python3.12/site-packages/***/task/task_runner/standard_task_runner.py:61: DeprecationWarning: This process (pid=1268) is multi-threaded, use of fork() may lead to deadlocks in the child.
  pid = os.fork()

[2024-10-02T17:25:25.346+0000] {standard_task_runner.py:63} INFO - Started process 1283 to run task
[2024-10-02T17:25:25.345+0000] {standard_task_runner.py:90} INFO - Running: ['***', 'tasks', 'run', 'etl_covid_europa_pipeline', 'extrair', 'scheduled__2023-10-18T00:00:00+00:00', '--job-id', '39', '--raw', '--subdir', 'DAGS_FOLDER/etl_pipeline.py', '--cfg-path', '/tmp/tmpfiqrk_88']
[2024-10-02T17:25:25.347+0000] {standard_task_runner.py:91} INFO - Job 39: Subtask extrair
[2024-10-02T17:25:25.404+0000] {task_command.py:426} INFO - Running <TaskInstance: etl_covid_europa_pipeline.extrair scheduled__2023-10-18T00:00:00+00:00 [running]> on host 99de7dfc3871
[2024-10-02T17:25:25.504+0000] {taskinstance.py:2648} INFO - Exporting env vars: AIRFLOW_CTX_DAG_OWNER='***' AIRFLOW_CTX_DAG_ID='etl_covid_europa_pipeline' AIRFLOW_CTX_TASK_ID='extrair' AIRFLOW_CTX_EXECUTION_DATE='2023-10-18T00:00:00+00:00' AIRFLOW_CTX_TRY_NUMBER='1' AIRFLOW_CTX_DAG_RUN_ID='scheduled__2023-10-18T00:00:00+00:00'
[2024-10-02T17:25:25.506+0000] {taskinstance.py:430} INFO - ::endgroup::
[2024-10-02T17:25:31.699+0000] {python.py:237} INFO - Done. Returned value was: None
[2024-10-02T17:25:31.700+0000] {taskinstance.py:441} INFO - ::group::Post task execution logs
[2024-10-02T17:25:31.707+0000] {taskinstance.py:1206} INFO - Marking task as SUCCESS. dag_id=etl_covid_europa_pipeline, task_id=extrair, run_id=scheduled__2023-10-18T00:00:00+00:00, execution_date=20231018T000000, start_date=20241002T172525, end_date=20241002T172531
[2024-10-02T17:25:31.727+0000] {local_task_job_runner.py:240} INFO - Task exited with return code 0
[2024-10-02T17:25:31.756+0000] {taskinstance.py:3503} INFO - 1 downstream tasks scheduled from follow-on schedule check
[2024-10-02T17:25:31.759+0000] {local_task_job_runner.py:222} INFO - ::endgroup::
[2024-10-02T18:57:25.333+0000] {local_task_job_runner.py:120} INFO - ::group::Pre task execution logs
[2024-10-02T18:57:25.365+0000] {taskinstance.py:2076} INFO - Dependencies all met for dep_context=non-requeueable deps ti=<TaskInstance: etl_covid_europa_pipeline.extrair scheduled__2023-10-18T00:00:00+00:00 [queued]>
[2024-10-02T18:57:25.575+0000] {taskinstance.py:2076} INFO - Dependencies all met for dep_context=requeueable deps ti=<TaskInstance: etl_covid_europa_pipeline.extrair scheduled__2023-10-18T00:00:00+00:00 [queued]>
[2024-10-02T18:57:25.576+0000] {taskinstance.py:2306} INFO - Starting attempt 1 of 1
[2024-10-02T18:57:25.641+0000] {taskinstance.py:2330} INFO - Executing <Task(PythonOperator): extrair> on 2023-10-18 00:00:00+00:00
[2024-10-02T18:57:25.648+0000] {warnings.py:112} WARNING - /home/***/.local/lib/python3.12/site-packages/***/task/task_runner/standard_task_runner.py:61: DeprecationWarning: This process (pid=5391) is multi-threaded, use of fork() may lead to deadlocks in the child.
  pid = os.fork()

[2024-10-02T18:57:25.649+0000] {standard_task_runner.py:63} INFO - Started process 5406 to run task
[2024-10-02T18:57:25.649+0000] {standard_task_runner.py:90} INFO - Running: ['***', 'tasks', 'run', 'etl_covid_europa_pipeline', 'extrair', 'scheduled__2023-10-18T00:00:00+00:00', '--job-id', '1016', '--raw', '--subdir', 'DAGS_FOLDER/etl_pipeline.py', '--cfg-path', '/tmp/tmpzg_vbbti']
[2024-10-02T18:57:25.651+0000] {standard_task_runner.py:91} INFO - Job 1016: Subtask extrair
[2024-10-02T18:57:25.714+0000] {task_command.py:426} INFO - Running <TaskInstance: etl_covid_europa_pipeline.extrair scheduled__2023-10-18T00:00:00+00:00 [running]> on host 99de7dfc3871
[2024-10-02T18:57:25.847+0000] {taskinstance.py:2648} INFO - Exporting env vars: AIRFLOW_CTX_DAG_OWNER='***' AIRFLOW_CTX_DAG_ID='etl_covid_europa_pipeline' AIRFLOW_CTX_TASK_ID='extrair' AIRFLOW_CTX_EXECUTION_DATE='2023-10-18T00:00:00+00:00' AIRFLOW_CTX_TRY_NUMBER='1' AIRFLOW_CTX_DAG_RUN_ID='scheduled__2023-10-18T00:00:00+00:00'
[2024-10-02T18:57:25.850+0000] {taskinstance.py:430} INFO - ::endgroup::
[2024-10-02T18:57:31.350+0000] {python.py:237} INFO - Done. Returned value was: None
[2024-10-02T18:57:31.351+0000] {taskinstance.py:441} INFO - ::group::Post task execution logs
[2024-10-02T18:57:31.359+0000] {taskinstance.py:1206} INFO - Marking task as SUCCESS. dag_id=etl_covid_europa_pipeline, task_id=extrair, run_id=scheduled__2023-10-18T00:00:00+00:00, execution_date=20231018T000000, start_date=20241002T185725, end_date=20241002T185731
[2024-10-02T18:57:31.399+0000] {local_task_job_runner.py:240} INFO - Task exited with return code 0
[2024-10-02T18:57:31.426+0000] {taskinstance.py:3503} INFO - 1 downstream tasks scheduled from follow-on schedule check
[2024-10-02T18:57:31.428+0000] {local_task_job_runner.py:222} INFO - ::endgroup::
[2024-10-02T19:23:28.595+0000] {local_task_job_runner.py:120} INFO - ::group::Pre task execution logs
[2024-10-02T19:23:28.745+0000] {taskinstance.py:2076} INFO - Dependencies all met for dep_context=non-requeueable deps ti=<TaskInstance: etl_covid_europa_pipeline.extrair scheduled__2023-10-18T00:00:00+00:00 [queued]>
[2024-10-02T19:23:28.752+0000] {taskinstance.py:2076} INFO - Dependencies all met for dep_context=requeueable deps ti=<TaskInstance: etl_covid_europa_pipeline.extrair scheduled__2023-10-18T00:00:00+00:00 [queued]>
[2024-10-02T19:23:28.753+0000] {taskinstance.py:2306} INFO - Starting attempt 1 of 1
[2024-10-02T19:23:28.763+0000] {taskinstance.py:2330} INFO - Executing <Task(PythonOperator): extrair> on 2023-10-18 00:00:00+00:00
[2024-10-02T19:23:28.770+0000] {warnings.py:112} WARNING - /home/***/.local/lib/python3.12/site-packages/***/task/task_runner/standard_task_runner.py:61: DeprecationWarning: This process (pid=8760) is multi-threaded, use of fork() may lead to deadlocks in the child.
  pid = os.fork()

[2024-10-02T19:23:28.771+0000] {standard_task_runner.py:63} INFO - Started process 8762 to run task
[2024-10-02T19:23:28.771+0000] {standard_task_runner.py:90} INFO - Running: ['***', 'tasks', 'run', 'etl_covid_europa_pipeline', 'extrair', 'scheduled__2023-10-18T00:00:00+00:00', '--job-id', '2026', '--raw', '--subdir', 'DAGS_FOLDER/etl_pipeline.py', '--cfg-path', '/tmp/tmpx1waxa6s']
[2024-10-02T19:23:28.773+0000] {standard_task_runner.py:91} INFO - Job 2026: Subtask extrair
[2024-10-02T19:23:28.810+0000] {task_command.py:426} INFO - Running <TaskInstance: etl_covid_europa_pipeline.extrair scheduled__2023-10-18T00:00:00+00:00 [running]> on host 99de7dfc3871
[2024-10-02T19:23:28.875+0000] {taskinstance.py:2648} INFO - Exporting env vars: AIRFLOW_CTX_DAG_OWNER='***' AIRFLOW_CTX_DAG_ID='etl_covid_europa_pipeline' AIRFLOW_CTX_TASK_ID='extrair' AIRFLOW_CTX_EXECUTION_DATE='2023-10-18T00:00:00+00:00' AIRFLOW_CTX_TRY_NUMBER='1' AIRFLOW_CTX_DAG_RUN_ID='scheduled__2023-10-18T00:00:00+00:00'
[2024-10-02T19:23:28.876+0000] {taskinstance.py:430} INFO - ::endgroup::
[2024-10-02T19:23:34.555+0000] {python.py:237} INFO - Done. Returned value was: None
[2024-10-02T19:23:34.556+0000] {taskinstance.py:441} INFO - ::group::Post task execution logs
[2024-10-02T19:23:34.563+0000] {taskinstance.py:1206} INFO - Marking task as SUCCESS. dag_id=etl_covid_europa_pipeline, task_id=extrair, run_id=scheduled__2023-10-18T00:00:00+00:00, execution_date=20231018T000000, start_date=20241002T192328, end_date=20241002T192334
[2024-10-02T19:23:34.590+0000] {local_task_job_runner.py:240} INFO - Task exited with return code 0
[2024-10-02T19:23:34.610+0000] {taskinstance.py:3503} INFO - 1 downstream tasks scheduled from follow-on schedule check
[2024-10-02T19:23:34.615+0000] {local_task_job_runner.py:222} INFO - ::endgroup::
