[2024-10-02T17:25:53.487+0000] {local_task_job_runner.py:120} INFO - ::group::Pre task execution logs
[2024-10-02T17:25:53.508+0000] {taskinstance.py:2076} INFO - Dependencies all met for dep_context=non-requeueable deps ti=<TaskInstance: etl_covid_europa_pipeline.transformar scheduled__2023-11-12T00:00:00+00:00 [queued]>
[2024-10-02T17:25:53.514+0000] {taskinstance.py:2076} INFO - Dependencies all met for dep_context=requeueable deps ti=<TaskInstance: etl_covid_europa_pipeline.transformar scheduled__2023-11-12T00:00:00+00:00 [queued]>
[2024-10-02T17:25:53.514+0000] {taskinstance.py:2306} INFO - Starting attempt 1 of 1
[2024-10-02T17:25:53.662+0000] {taskinstance.py:2330} INFO - Executing <Task(PythonOperator): transformar> on 2023-11-12 00:00:00+00:00
[2024-10-02T17:25:53.668+0000] {warnings.py:112} WARNING - /home/***/.local/lib/python3.12/site-packages/***/task/task_runner/standard_task_runner.py:61: DeprecationWarning: This process (pid=1451) is multi-threaded, use of fork() may lead to deadlocks in the child.
  pid = os.fork()

[2024-10-02T17:25:53.670+0000] {standard_task_runner.py:63} INFO - Started process 1453 to run task
[2024-10-02T17:25:53.670+0000] {standard_task_runner.py:90} INFO - Running: ['***', 'tasks', 'run', 'etl_covid_europa_pipeline', 'transformar', 'scheduled__2023-11-12T00:00:00+00:00', '--job-id', '97', '--raw', '--subdir', 'DAGS_FOLDER/etl_pipeline.py', '--cfg-path', '/tmp/tmph_he39e4']
[2024-10-02T17:25:53.672+0000] {standard_task_runner.py:91} INFO - Job 97: Subtask transformar
[2024-10-02T17:25:53.709+0000] {task_command.py:426} INFO - Running <TaskInstance: etl_covid_europa_pipeline.transformar scheduled__2023-11-12T00:00:00+00:00 [running]> on host 99de7dfc3871
[2024-10-02T17:25:53.775+0000] {taskinstance.py:2648} INFO - Exporting env vars: AIRFLOW_CTX_DAG_OWNER='***' AIRFLOW_CTX_DAG_ID='etl_covid_europa_pipeline' AIRFLOW_CTX_TASK_ID='transformar' AIRFLOW_CTX_EXECUTION_DATE='2023-11-12T00:00:00+00:00' AIRFLOW_CTX_TRY_NUMBER='1' AIRFLOW_CTX_DAG_RUN_ID='scheduled__2023-11-12T00:00:00+00:00'
[2024-10-02T17:25:53.776+0000] {taskinstance.py:430} INFO - ::endgroup::
[2024-10-02T17:25:53.880+0000] {taskinstance.py:441} INFO - ::group::Post task execution logs
[2024-10-02T17:25:53.880+0000] {taskinstance.py:2905} ERROR - Task failed with exception
Traceback (most recent call last):
  File "/home/airflow/.local/lib/python3.12/site-packages/airflow/models/taskinstance.py", line 465, in _execute_task
    result = _execute_callable(context=context, **execute_callable_kwargs)
             ^^^^^^^^^^^^^^^^^^^^^^^^^^^^^^^^^^^^^^^^^^^^^^^^^^^^^^^^^^^^^
  File "/home/airflow/.local/lib/python3.12/site-packages/airflow/models/taskinstance.py", line 432, in _execute_callable
    return execute_callable(context=context, **execute_callable_kwargs)
           ^^^^^^^^^^^^^^^^^^^^^^^^^^^^^^^^^^^^^^^^^^^^^^^^^^^^^^^^^^^^
  File "/home/airflow/.local/lib/python3.12/site-packages/airflow/models/baseoperator.py", line 401, in wrapper
    return func(self, *args, **kwargs)
           ^^^^^^^^^^^^^^^^^^^^^^^^^^^
  File "/home/airflow/.local/lib/python3.12/site-packages/airflow/operators/python.py", line 235, in execute
    return_value = self.execute_callable()
                   ^^^^^^^^^^^^^^^^^^^^^^^
  File "/home/airflow/.local/lib/python3.12/site-packages/airflow/operators/python.py", line 252, in execute_callable
    return self.python_callable(*self.op_args, **self.op_kwargs)
           ^^^^^^^^^^^^^^^^^^^^^^^^^^^^^^^^^^^^^^^^^^^^^^^^^^^^^
  File "/opt/airflow/dags/etl_pipeline.py", line 17, in transformar
    df_agrupada = df.groupby('ContinentExp')[['cases', 'deaths']].sum().reset_index()
                  ^^^^^^^^^^^^^^^^^^^^^^^^^^
  File "/home/airflow/.local/lib/python3.12/site-packages/pandas/core/frame.py", line 8869, in groupby
    return DataFrameGroupBy(
           ^^^^^^^^^^^^^^^^^
  File "/home/airflow/.local/lib/python3.12/site-packages/pandas/core/groupby/groupby.py", line 1278, in __init__
    grouper, exclusions, obj = get_grouper(
                               ^^^^^^^^^^^^
  File "/home/airflow/.local/lib/python3.12/site-packages/pandas/core/groupby/grouper.py", line 1009, in get_grouper
    raise KeyError(gpr)
KeyError: 'ContinentExp'
[2024-10-02T17:25:53.891+0000] {taskinstance.py:1206} INFO - Marking task as FAILED. dag_id=etl_covid_europa_pipeline, task_id=transformar, run_id=scheduled__2023-11-12T00:00:00+00:00, execution_date=20231112T000000, start_date=20241002T172553, end_date=20241002T172553
[2024-10-02T17:25:53.900+0000] {standard_task_runner.py:110} ERROR - Failed to execute job 97 for task transformar ('ContinentExp'; 1453)
[2024-10-02T17:25:53.923+0000] {local_task_job_runner.py:240} INFO - Task exited with return code 1
[2024-10-02T17:25:53.941+0000] {taskinstance.py:3503} INFO - 0 downstream tasks scheduled from follow-on schedule check
[2024-10-02T17:25:53.945+0000] {local_task_job_runner.py:222} INFO - ::endgroup::
[2024-10-02T18:57:51.639+0000] {local_task_job_runner.py:120} INFO - ::group::Pre task execution logs
[2024-10-02T18:57:51.701+0000] {taskinstance.py:2076} INFO - Dependencies all met for dep_context=non-requeueable deps ti=<TaskInstance: etl_covid_europa_pipeline.transformar scheduled__2023-11-12T00:00:00+00:00 [queued]>
[2024-10-02T18:57:52.013+0000] {taskinstance.py:2076} INFO - Dependencies all met for dep_context=requeueable deps ti=<TaskInstance: etl_covid_europa_pipeline.transformar scheduled__2023-11-12T00:00:00+00:00 [queued]>
[2024-10-02T18:57:52.015+0000] {taskinstance.py:2306} INFO - Starting attempt 1 of 1
[2024-10-02T18:57:52.036+0000] {taskinstance.py:2330} INFO - Executing <Task(PythonOperator): transformar> on 2023-11-12 00:00:00+00:00
[2024-10-02T18:57:52.049+0000] {warnings.py:112} WARNING - /home/***/.local/lib/python3.12/site-packages/***/task/task_runner/standard_task_runner.py:61: DeprecationWarning: This process (pid=5602) is multi-threaded, use of fork() may lead to deadlocks in the child.
  pid = os.fork()

[2024-10-02T18:57:52.052+0000] {standard_task_runner.py:63} INFO - Started process 5626 to run task
[2024-10-02T18:57:52.051+0000] {standard_task_runner.py:90} INFO - Running: ['***', 'tasks', 'run', 'etl_covid_europa_pipeline', 'transformar', 'scheduled__2023-11-12T00:00:00+00:00', '--job-id', '1087', '--raw', '--subdir', 'DAGS_FOLDER/etl_pipeline.py', '--cfg-path', '/tmp/tmpje69ki2u']
[2024-10-02T18:57:52.054+0000] {standard_task_runner.py:91} INFO - Job 1087: Subtask transformar
[2024-10-02T18:57:52.134+0000] {task_command.py:426} INFO - Running <TaskInstance: etl_covid_europa_pipeline.transformar scheduled__2023-11-12T00:00:00+00:00 [running]> on host 99de7dfc3871
[2024-10-02T18:57:52.264+0000] {taskinstance.py:2648} INFO - Exporting env vars: AIRFLOW_CTX_DAG_OWNER='***' AIRFLOW_CTX_DAG_ID='etl_covid_europa_pipeline' AIRFLOW_CTX_TASK_ID='transformar' AIRFLOW_CTX_EXECUTION_DATE='2023-11-12T00:00:00+00:00' AIRFLOW_CTX_TRY_NUMBER='1' AIRFLOW_CTX_DAG_RUN_ID='scheduled__2023-11-12T00:00:00+00:00'
[2024-10-02T18:57:52.276+0000] {taskinstance.py:430} INFO - ::endgroup::
[2024-10-02T18:57:52.516+0000] {python.py:237} INFO - Done. Returned value was: None
[2024-10-02T18:57:52.517+0000] {taskinstance.py:441} INFO - ::group::Post task execution logs
[2024-10-02T18:57:52.529+0000] {taskinstance.py:1206} INFO - Marking task as SUCCESS. dag_id=etl_covid_europa_pipeline, task_id=transformar, run_id=scheduled__2023-11-12T00:00:00+00:00, execution_date=20231112T000000, start_date=20241002T185751, end_date=20241002T185752
[2024-10-02T18:57:52.591+0000] {local_task_job_runner.py:240} INFO - Task exited with return code 0
[2024-10-02T18:57:52.618+0000] {taskinstance.py:3503} INFO - 1 downstream tasks scheduled from follow-on schedule check
[2024-10-02T18:57:52.620+0000] {local_task_job_runner.py:222} INFO - ::endgroup::
[2024-10-02T19:24:09.109+0000] {local_task_job_runner.py:120} INFO - ::group::Pre task execution logs
[2024-10-02T19:24:09.148+0000] {taskinstance.py:2076} INFO - Dependencies all met for dep_context=non-requeueable deps ti=<TaskInstance: etl_covid_europa_pipeline.transformar scheduled__2023-11-12T00:00:00+00:00 [queued]>
[2024-10-02T19:24:09.412+0000] {taskinstance.py:2076} INFO - Dependencies all met for dep_context=requeueable deps ti=<TaskInstance: etl_covid_europa_pipeline.transformar scheduled__2023-11-12T00:00:00+00:00 [queued]>
[2024-10-02T19:24:09.413+0000] {taskinstance.py:2306} INFO - Starting attempt 1 of 1
[2024-10-02T19:24:09.439+0000] {taskinstance.py:2330} INFO - Executing <Task(PythonOperator): transformar> on 2023-11-12 00:00:00+00:00
[2024-10-02T19:24:09.447+0000] {warnings.py:112} WARNING - /home/***/.local/lib/python3.12/site-packages/***/task/task_runner/standard_task_runner.py:61: DeprecationWarning: This process (pid=8980) is multi-threaded, use of fork() may lead to deadlocks in the child.
  pid = os.fork()

[2024-10-02T19:24:09.449+0000] {standard_task_runner.py:63} INFO - Started process 8996 to run task
[2024-10-02T19:24:09.448+0000] {standard_task_runner.py:90} INFO - Running: ['***', 'tasks', 'run', 'etl_covid_europa_pipeline', 'transformar', 'scheduled__2023-11-12T00:00:00+00:00', '--job-id', '2098', '--raw', '--subdir', 'DAGS_FOLDER/etl_pipeline.py', '--cfg-path', '/tmp/tmpv303m3td']
[2024-10-02T19:24:09.452+0000] {standard_task_runner.py:91} INFO - Job 2098: Subtask transformar
[2024-10-02T19:24:09.517+0000] {task_command.py:426} INFO - Running <TaskInstance: etl_covid_europa_pipeline.transformar scheduled__2023-11-12T00:00:00+00:00 [running]> on host 99de7dfc3871
[2024-10-02T19:24:09.658+0000] {taskinstance.py:2648} INFO - Exporting env vars: AIRFLOW_CTX_DAG_OWNER='***' AIRFLOW_CTX_DAG_ID='etl_covid_europa_pipeline' AIRFLOW_CTX_TASK_ID='transformar' AIRFLOW_CTX_EXECUTION_DATE='2023-11-12T00:00:00+00:00' AIRFLOW_CTX_TRY_NUMBER='1' AIRFLOW_CTX_DAG_RUN_ID='scheduled__2023-11-12T00:00:00+00:00'
[2024-10-02T19:24:09.662+0000] {taskinstance.py:430} INFO - ::endgroup::
[2024-10-02T19:24:09.771+0000] {python.py:237} INFO - Done. Returned value was: None
[2024-10-02T19:24:09.774+0000] {taskinstance.py:441} INFO - ::group::Post task execution logs
[2024-10-02T19:24:09.790+0000] {taskinstance.py:1206} INFO - Marking task as SUCCESS. dag_id=etl_covid_europa_pipeline, task_id=transformar, run_id=scheduled__2023-11-12T00:00:00+00:00, execution_date=20231112T000000, start_date=20241002T192409, end_date=20241002T192409
[2024-10-02T19:24:09.833+0000] {local_task_job_runner.py:240} INFO - Task exited with return code 0
[2024-10-02T19:24:09.863+0000] {taskinstance.py:3503} INFO - 1 downstream tasks scheduled from follow-on schedule check
[2024-10-02T19:24:09.874+0000] {local_task_job_runner.py:222} INFO - ::endgroup::
