[2024-10-02T18:54:32.933+0000] {local_task_job_runner.py:120} INFO - ::group::Pre task execution logs
[2024-10-02T18:54:32.963+0000] {taskinstance.py:2076} INFO - Dependencies all met for dep_context=non-requeueable deps ti=<TaskInstance: etl_covid_europa_pipeline.carregar scheduled__2024-07-19T00:00:00+00:00 [queued]>
[2024-10-02T18:54:33.237+0000] {taskinstance.py:2076} INFO - Dependencies all met for dep_context=requeueable deps ti=<TaskInstance: etl_covid_europa_pipeline.carregar scheduled__2024-07-19T00:00:00+00:00 [queued]>
[2024-10-02T18:54:33.238+0000] {taskinstance.py:2306} INFO - Starting attempt 1 of 1
[2024-10-02T18:54:33.254+0000] {taskinstance.py:2330} INFO - Executing <Task(PythonOperator): carregar> on 2024-07-19 00:00:00+00:00
[2024-10-02T18:54:33.263+0000] {warnings.py:112} WARNING - /home/***/.local/lib/python3.12/site-packages/***/task/task_runner/standard_task_runner.py:61: DeprecationWarning: This process (pid=4572) is multi-threaded, use of fork() may lead to deadlocks in the child.
  pid = os.fork()

[2024-10-02T18:54:33.265+0000] {standard_task_runner.py:63} INFO - Started process 4589 to run task
[2024-10-02T18:54:33.265+0000] {standard_task_runner.py:90} INFO - Running: ['***', 'tasks', 'run', 'etl_covid_europa_pipeline', 'carregar', 'scheduled__2024-07-19T00:00:00+00:00', '--job-id', '754', '--raw', '--subdir', 'DAGS_FOLDER/etl_pipeline.py', '--cfg-path', '/tmp/tmp81wxh4ko']
[2024-10-02T18:54:33.267+0000] {standard_task_runner.py:91} INFO - Job 754: Subtask carregar
[2024-10-02T18:54:33.323+0000] {task_command.py:426} INFO - Running <TaskInstance: etl_covid_europa_pipeline.carregar scheduled__2024-07-19T00:00:00+00:00 [running]> on host 99de7dfc3871
[2024-10-02T18:54:33.421+0000] {taskinstance.py:2648} INFO - Exporting env vars: AIRFLOW_CTX_DAG_OWNER='***' AIRFLOW_CTX_DAG_ID='etl_covid_europa_pipeline' AIRFLOW_CTX_TASK_ID='carregar' AIRFLOW_CTX_EXECUTION_DATE='2024-07-19T00:00:00+00:00' AIRFLOW_CTX_TRY_NUMBER='1' AIRFLOW_CTX_DAG_RUN_ID='scheduled__2024-07-19T00:00:00+00:00'
[2024-10-02T18:54:33.425+0000] {taskinstance.py:430} INFO - ::endgroup::
[2024-10-02T18:54:33.485+0000] {python.py:237} INFO - Done. Returned value was: None
[2024-10-02T18:54:33.487+0000] {taskinstance.py:441} INFO - ::group::Post task execution logs
[2024-10-02T18:54:33.496+0000] {taskinstance.py:1206} INFO - Marking task as SUCCESS. dag_id=etl_covid_europa_pipeline, task_id=carregar, run_id=scheduled__2024-07-19T00:00:00+00:00, execution_date=20240719T000000, start_date=20241002T185432, end_date=20241002T185433
[2024-10-02T18:54:33.559+0000] {local_task_job_runner.py:240} INFO - Task exited with return code 0
[2024-10-02T18:54:33.572+0000] {taskinstance.py:3503} INFO - 0 downstream tasks scheduled from follow-on schedule check
[2024-10-02T18:54:33.574+0000] {local_task_job_runner.py:222} INFO - ::endgroup::
[2024-10-02T19:03:34.119+0000] {local_task_job_runner.py:120} INFO - ::group::Pre task execution logs
[2024-10-02T19:03:34.154+0000] {taskinstance.py:2076} INFO - Dependencies all met for dep_context=non-requeueable deps ti=<TaskInstance: etl_covid_europa_pipeline.carregar scheduled__2024-07-19T00:00:00+00:00 [queued]>
[2024-10-02T19:03:34.488+0000] {taskinstance.py:2076} INFO - Dependencies all met for dep_context=requeueable deps ti=<TaskInstance: etl_covid_europa_pipeline.carregar scheduled__2024-07-19T00:00:00+00:00 [queued]>
[2024-10-02T19:03:34.488+0000] {taskinstance.py:2306} INFO - Starting attempt 1 of 1
[2024-10-02T19:03:34.512+0000] {taskinstance.py:2330} INFO - Executing <Task(PythonOperator): carregar> on 2024-07-19 00:00:00+00:00
[2024-10-02T19:03:34.521+0000] {warnings.py:112} WARNING - /home/***/.local/lib/python3.12/site-packages/***/task/task_runner/standard_task_runner.py:61: DeprecationWarning: This process (pid=7847) is multi-threaded, use of fork() may lead to deadlocks in the child.
  pid = os.fork()

[2024-10-02T19:03:34.524+0000] {standard_task_runner.py:63} INFO - Started process 7870 to run task
[2024-10-02T19:03:34.525+0000] {standard_task_runner.py:90} INFO - Running: ['***', 'tasks', 'run', 'etl_covid_europa_pipeline', 'carregar', 'scheduled__2024-07-19T00:00:00+00:00', '--job-id', '1806', '--raw', '--subdir', 'DAGS_FOLDER/etl_pipeline.py', '--cfg-path', '/tmp/tmpoj0bt31j']
[2024-10-02T19:03:34.527+0000] {standard_task_runner.py:91} INFO - Job 1806: Subtask carregar
[2024-10-02T19:03:34.598+0000] {task_command.py:426} INFO - Running <TaskInstance: etl_covid_europa_pipeline.carregar scheduled__2024-07-19T00:00:00+00:00 [running]> on host 99de7dfc3871
[2024-10-02T19:03:34.727+0000] {taskinstance.py:2648} INFO - Exporting env vars: AIRFLOW_CTX_DAG_OWNER='***' AIRFLOW_CTX_DAG_ID='etl_covid_europa_pipeline' AIRFLOW_CTX_TASK_ID='carregar' AIRFLOW_CTX_EXECUTION_DATE='2024-07-19T00:00:00+00:00' AIRFLOW_CTX_TRY_NUMBER='1' AIRFLOW_CTX_DAG_RUN_ID='scheduled__2024-07-19T00:00:00+00:00'
[2024-10-02T19:03:34.731+0000] {taskinstance.py:430} INFO - ::endgroup::
[2024-10-02T19:03:34.817+0000] {python.py:237} INFO - Done. Returned value was: None
[2024-10-02T19:03:34.818+0000] {taskinstance.py:441} INFO - ::group::Post task execution logs
[2024-10-02T19:03:34.838+0000] {taskinstance.py:1206} INFO - Marking task as SUCCESS. dag_id=etl_covid_europa_pipeline, task_id=carregar, run_id=scheduled__2024-07-19T00:00:00+00:00, execution_date=20240719T000000, start_date=20241002T190334, end_date=20241002T190334
[2024-10-02T19:03:34.911+0000] {local_task_job_runner.py:240} INFO - Task exited with return code 0
[2024-10-02T19:03:34.942+0000] {taskinstance.py:3503} INFO - 0 downstream tasks scheduled from follow-on schedule check
[2024-10-02T19:03:34.951+0000] {local_task_job_runner.py:222} INFO - ::endgroup::
