[2024-10-02T17:31:35.000+0000] {local_task_job_runner.py:120} INFO - ::group::Pre task execution logs
[2024-10-02T17:31:35.024+0000] {taskinstance.py:2076} INFO - Dependencies all met for dep_context=non-requeueable deps ti=<TaskInstance: etl_covid_europa_pipeline.extrair scheduled__2024-09-08T00:00:00+00:00 [queued]>
[2024-10-02T17:31:35.032+0000] {taskinstance.py:2076} INFO - Dependencies all met for dep_context=requeueable deps ti=<TaskInstance: etl_covid_europa_pipeline.extrair scheduled__2024-09-08T00:00:00+00:00 [queued]>
[2024-10-02T17:31:35.033+0000] {taskinstance.py:2306} INFO - Starting attempt 1 of 1
[2024-10-02T17:31:35.229+0000] {taskinstance.py:2330} INFO - Executing <Task(PythonOperator): extrair> on 2024-09-08 00:00:00+00:00
[2024-10-02T17:31:35.239+0000] {warnings.py:112} WARNING - /home/***/.local/lib/python3.12/site-packages/***/task/task_runner/standard_task_runner.py:61: DeprecationWarning: This process (pid=3063) is multi-threaded, use of fork() may lead to deadlocks in the child.
  pid = os.fork()

[2024-10-02T17:31:35.241+0000] {standard_task_runner.py:63} INFO - Started process 3078 to run task
[2024-10-02T17:31:35.240+0000] {standard_task_runner.py:90} INFO - Running: ['***', 'tasks', 'run', 'etl_covid_europa_pipeline', 'extrair', 'scheduled__2024-09-08T00:00:00+00:00', '--job-id', '613', '--raw', '--subdir', 'DAGS_FOLDER/etl_pipeline.py', '--cfg-path', '/tmp/tmprw9g1yej']
[2024-10-02T17:31:35.242+0000] {standard_task_runner.py:91} INFO - Job 613: Subtask extrair
[2024-10-02T17:31:35.310+0000] {task_command.py:426} INFO - Running <TaskInstance: etl_covid_europa_pipeline.extrair scheduled__2024-09-08T00:00:00+00:00 [running]> on host 99de7dfc3871
[2024-10-02T17:31:35.396+0000] {taskinstance.py:2648} INFO - Exporting env vars: AIRFLOW_CTX_DAG_OWNER='***' AIRFLOW_CTX_DAG_ID='etl_covid_europa_pipeline' AIRFLOW_CTX_TASK_ID='extrair' AIRFLOW_CTX_EXECUTION_DATE='2024-09-08T00:00:00+00:00' AIRFLOW_CTX_TRY_NUMBER='1' AIRFLOW_CTX_DAG_RUN_ID='scheduled__2024-09-08T00:00:00+00:00'
[2024-10-02T17:31:35.398+0000] {taskinstance.py:430} INFO - ::endgroup::
[2024-10-02T17:31:41.225+0000] {python.py:237} INFO - Done. Returned value was: None
[2024-10-02T17:31:41.226+0000] {taskinstance.py:441} INFO - ::group::Post task execution logs
[2024-10-02T17:31:41.234+0000] {taskinstance.py:1206} INFO - Marking task as SUCCESS. dag_id=etl_covid_europa_pipeline, task_id=extrair, run_id=scheduled__2024-09-08T00:00:00+00:00, execution_date=20240908T000000, start_date=20241002T173135, end_date=20241002T173141
[2024-10-02T17:31:41.272+0000] {local_task_job_runner.py:240} INFO - Task exited with return code 0
[2024-10-02T17:31:41.296+0000] {taskinstance.py:3503} INFO - 1 downstream tasks scheduled from follow-on schedule check
[2024-10-02T17:31:41.299+0000] {local_task_job_runner.py:222} INFO - ::endgroup::
[2024-10-02T18:55:18.776+0000] {local_task_job_runner.py:120} INFO - ::group::Pre task execution logs
[2024-10-02T18:55:18.801+0000] {taskinstance.py:2076} INFO - Dependencies all met for dep_context=non-requeueable deps ti=<TaskInstance: etl_covid_europa_pipeline.extrair scheduled__2024-09-08T00:00:00+00:00 [queued]>
[2024-10-02T18:55:18.977+0000] {taskinstance.py:2076} INFO - Dependencies all met for dep_context=requeueable deps ti=<TaskInstance: etl_covid_europa_pipeline.extrair scheduled__2024-09-08T00:00:00+00:00 [queued]>
[2024-10-02T18:55:18.977+0000] {taskinstance.py:2306} INFO - Starting attempt 1 of 1
[2024-10-02T18:55:18.992+0000] {taskinstance.py:2330} INFO - Executing <Task(PythonOperator): extrair> on 2024-09-08 00:00:00+00:00
[2024-10-02T18:55:18.998+0000] {warnings.py:112} WARNING - /home/***/.local/lib/python3.12/site-packages/***/task/task_runner/standard_task_runner.py:61: DeprecationWarning: This process (pid=4928) is multi-threaded, use of fork() may lead to deadlocks in the child.
  pid = os.fork()

[2024-10-02T18:55:18.999+0000] {standard_task_runner.py:63} INFO - Started process 4948 to run task
[2024-10-02T18:55:18.999+0000] {standard_task_runner.py:90} INFO - Running: ['***', 'tasks', 'run', 'etl_covid_europa_pipeline', 'extrair', 'scheduled__2024-09-08T00:00:00+00:00', '--job-id', '872', '--raw', '--subdir', 'DAGS_FOLDER/etl_pipeline.py', '--cfg-path', '/tmp/tmpk3cvxliz']
[2024-10-02T18:55:19.001+0000] {standard_task_runner.py:91} INFO - Job 872: Subtask extrair
[2024-10-02T18:55:19.039+0000] {task_command.py:426} INFO - Running <TaskInstance: etl_covid_europa_pipeline.extrair scheduled__2024-09-08T00:00:00+00:00 [running]> on host 99de7dfc3871
[2024-10-02T18:55:19.124+0000] {taskinstance.py:2648} INFO - Exporting env vars: AIRFLOW_CTX_DAG_OWNER='***' AIRFLOW_CTX_DAG_ID='etl_covid_europa_pipeline' AIRFLOW_CTX_TASK_ID='extrair' AIRFLOW_CTX_EXECUTION_DATE='2024-09-08T00:00:00+00:00' AIRFLOW_CTX_TRY_NUMBER='1' AIRFLOW_CTX_DAG_RUN_ID='scheduled__2024-09-08T00:00:00+00:00'
[2024-10-02T18:55:19.128+0000] {taskinstance.py:430} INFO - ::endgroup::
[2024-10-02T18:55:25.877+0000] {python.py:237} INFO - Done. Returned value was: None
[2024-10-02T18:55:25.878+0000] {taskinstance.py:441} INFO - ::group::Post task execution logs
[2024-10-02T18:55:25.893+0000] {taskinstance.py:1206} INFO - Marking task as SUCCESS. dag_id=etl_covid_europa_pipeline, task_id=extrair, run_id=scheduled__2024-09-08T00:00:00+00:00, execution_date=20240908T000000, start_date=20241002T185518, end_date=20241002T185525
[2024-10-02T18:55:25.959+0000] {local_task_job_runner.py:240} INFO - Task exited with return code 0
[2024-10-02T18:55:25.992+0000] {taskinstance.py:3503} INFO - 1 downstream tasks scheduled from follow-on schedule check
[2024-10-02T18:55:26.001+0000] {local_task_job_runner.py:222} INFO - ::endgroup::
[2024-10-02T19:04:24.876+0000] {local_task_job_runner.py:120} INFO - ::group::Pre task execution logs
[2024-10-02T19:04:24.900+0000] {taskinstance.py:2076} INFO - Dependencies all met for dep_context=non-requeueable deps ti=<TaskInstance: etl_covid_europa_pipeline.extrair scheduled__2024-09-08T00:00:00+00:00 [queued]>
[2024-10-02T19:04:25.110+0000] {taskinstance.py:2076} INFO - Dependencies all met for dep_context=requeueable deps ti=<TaskInstance: etl_covid_europa_pipeline.extrair scheduled__2024-09-08T00:00:00+00:00 [queued]>
[2024-10-02T19:04:25.111+0000] {taskinstance.py:2306} INFO - Starting attempt 1 of 1
[2024-10-02T19:04:25.164+0000] {taskinstance.py:2330} INFO - Executing <Task(PythonOperator): extrair> on 2024-09-08 00:00:00+00:00
[2024-10-02T19:04:25.174+0000] {warnings.py:112} WARNING - /home/***/.local/lib/python3.12/site-packages/***/task/task_runner/standard_task_runner.py:61: DeprecationWarning: This process (pid=8226) is multi-threaded, use of fork() may lead to deadlocks in the child.
  pid = os.fork()

[2024-10-02T19:04:25.175+0000] {standard_task_runner.py:63} INFO - Started process 8241 to run task
[2024-10-02T19:04:25.175+0000] {standard_task_runner.py:90} INFO - Running: ['***', 'tasks', 'run', 'etl_covid_europa_pipeline', 'extrair', 'scheduled__2024-09-08T00:00:00+00:00', '--job-id', '1931', '--raw', '--subdir', 'DAGS_FOLDER/etl_pipeline.py', '--cfg-path', '/tmp/tmpax8z6mlj']
[2024-10-02T19:04:25.177+0000] {standard_task_runner.py:91} INFO - Job 1931: Subtask extrair
[2024-10-02T19:04:25.227+0000] {task_command.py:426} INFO - Running <TaskInstance: etl_covid_europa_pipeline.extrair scheduled__2024-09-08T00:00:00+00:00 [running]> on host 99de7dfc3871
[2024-10-02T19:04:25.329+0000] {taskinstance.py:2648} INFO - Exporting env vars: AIRFLOW_CTX_DAG_OWNER='***' AIRFLOW_CTX_DAG_ID='etl_covid_europa_pipeline' AIRFLOW_CTX_TASK_ID='extrair' AIRFLOW_CTX_EXECUTION_DATE='2024-09-08T00:00:00+00:00' AIRFLOW_CTX_TRY_NUMBER='1' AIRFLOW_CTX_DAG_RUN_ID='scheduled__2024-09-08T00:00:00+00:00'
[2024-10-02T19:04:25.334+0000] {taskinstance.py:430} INFO - ::endgroup::
[2024-10-02T19:04:30.375+0000] {python.py:237} INFO - Done. Returned value was: None
[2024-10-02T19:04:30.376+0000] {taskinstance.py:441} INFO - ::group::Post task execution logs
[2024-10-02T19:04:30.383+0000] {taskinstance.py:1206} INFO - Marking task as SUCCESS. dag_id=etl_covid_europa_pipeline, task_id=extrair, run_id=scheduled__2024-09-08T00:00:00+00:00, execution_date=20240908T000000, start_date=20241002T190424, end_date=20241002T190430
[2024-10-02T19:04:30.402+0000] {local_task_job_runner.py:240} INFO - Task exited with return code 0
[2024-10-02T19:04:30.422+0000] {taskinstance.py:3503} INFO - 1 downstream tasks scheduled from follow-on schedule check
[2024-10-02T19:04:30.425+0000] {local_task_job_runner.py:222} INFO - ::endgroup::
