[2024-10-02T19:00:53.838+0000] {local_task_job_runner.py:120} INFO - ::group::Pre task execution logs
[2024-10-02T19:00:53.876+0000] {taskinstance.py:2076} INFO - Dependencies all met for dep_context=non-requeueable deps ti=<TaskInstance: etl_covid_europa_pipeline.carregar scheduled__2024-03-17T00:00:00+00:00 [queued]>
[2024-10-02T19:00:54.140+0000] {taskinstance.py:2076} INFO - Dependencies all met for dep_context=requeueable deps ti=<TaskInstance: etl_covid_europa_pipeline.carregar scheduled__2024-03-17T00:00:00+00:00 [queued]>
[2024-10-02T19:00:54.140+0000] {taskinstance.py:2306} INFO - Starting attempt 1 of 1
[2024-10-02T19:00:54.156+0000] {taskinstance.py:2330} INFO - Executing <Task(PythonOperator): carregar> on 2024-03-17 00:00:00+00:00
[2024-10-02T19:00:54.165+0000] {warnings.py:112} WARNING - /home/***/.local/lib/python3.12/site-packages/***/task/task_runner/standard_task_runner.py:61: DeprecationWarning: This process (pid=6793) is multi-threaded, use of fork() may lead to deadlocks in the child.
  pid = os.fork()

[2024-10-02T19:00:54.166+0000] {standard_task_runner.py:63} INFO - Started process 6815 to run task
[2024-10-02T19:00:54.166+0000] {standard_task_runner.py:90} INFO - Running: ['***', 'tasks', 'run', 'etl_covid_europa_pipeline', 'carregar', 'scheduled__2024-03-17T00:00:00+00:00', '--job-id', '1468', '--raw', '--subdir', 'DAGS_FOLDER/etl_pipeline.py', '--cfg-path', '/tmp/tmpvb5tua7r']
[2024-10-02T19:00:54.169+0000] {standard_task_runner.py:91} INFO - Job 1468: Subtask carregar
[2024-10-02T19:00:54.223+0000] {task_command.py:426} INFO - Running <TaskInstance: etl_covid_europa_pipeline.carregar scheduled__2024-03-17T00:00:00+00:00 [running]> on host 99de7dfc3871
[2024-10-02T19:00:54.334+0000] {taskinstance.py:2648} INFO - Exporting env vars: AIRFLOW_CTX_DAG_OWNER='***' AIRFLOW_CTX_DAG_ID='etl_covid_europa_pipeline' AIRFLOW_CTX_TASK_ID='carregar' AIRFLOW_CTX_EXECUTION_DATE='2024-03-17T00:00:00+00:00' AIRFLOW_CTX_TRY_NUMBER='1' AIRFLOW_CTX_DAG_RUN_ID='scheduled__2024-03-17T00:00:00+00:00'
[2024-10-02T19:00:54.339+0000] {taskinstance.py:430} INFO - ::endgroup::
[2024-10-02T19:00:54.432+0000] {python.py:237} INFO - Done. Returned value was: None
[2024-10-02T19:00:54.433+0000] {taskinstance.py:441} INFO - ::group::Post task execution logs
[2024-10-02T19:00:54.452+0000] {taskinstance.py:1206} INFO - Marking task as SUCCESS. dag_id=etl_covid_europa_pipeline, task_id=carregar, run_id=scheduled__2024-03-17T00:00:00+00:00, execution_date=20240317T000000, start_date=20241002T190053, end_date=20241002T190054
[2024-10-02T19:00:54.501+0000] {local_task_job_runner.py:240} INFO - Task exited with return code 0
[2024-10-02T19:00:54.528+0000] {taskinstance.py:3503} INFO - 0 downstream tasks scheduled from follow-on schedule check
[2024-10-02T19:00:54.531+0000] {local_task_job_runner.py:222} INFO - ::endgroup::
[2024-10-02T19:26:54.597+0000] {local_task_job_runner.py:120} INFO - ::group::Pre task execution logs
[2024-10-02T19:26:54.865+0000] {taskinstance.py:2076} INFO - Dependencies all met for dep_context=non-requeueable deps ti=<TaskInstance: etl_covid_europa_pipeline.carregar scheduled__2024-03-17T00:00:00+00:00 [queued]>
[2024-10-02T19:26:54.876+0000] {taskinstance.py:2076} INFO - Dependencies all met for dep_context=requeueable deps ti=<TaskInstance: etl_covid_europa_pipeline.carregar scheduled__2024-03-17T00:00:00+00:00 [queued]>
[2024-10-02T19:26:54.877+0000] {taskinstance.py:2306} INFO - Starting attempt 1 of 1
[2024-10-02T19:26:54.898+0000] {taskinstance.py:2330} INFO - Executing <Task(PythonOperator): carregar> on 2024-03-17 00:00:00+00:00
[2024-10-02T19:26:54.909+0000] {warnings.py:112} WARNING - /home/***/.local/lib/python3.12/site-packages/***/task/task_runner/standard_task_runner.py:61: DeprecationWarning: This process (pid=10151) is multi-threaded, use of fork() may lead to deadlocks in the child.
  pid = os.fork()

[2024-10-02T19:26:54.911+0000] {standard_task_runner.py:63} INFO - Started process 10169 to run task
[2024-10-02T19:26:54.912+0000] {standard_task_runner.py:90} INFO - Running: ['***', 'tasks', 'run', 'etl_covid_europa_pipeline', 'carregar', 'scheduled__2024-03-17T00:00:00+00:00', '--job-id', '2479', '--raw', '--subdir', 'DAGS_FOLDER/etl_pipeline_agrupar_continente.py', '--cfg-path', '/tmp/tmp7pm_bwe7']
[2024-10-02T19:26:54.914+0000] {standard_task_runner.py:91} INFO - Job 2479: Subtask carregar
[2024-10-02T19:26:54.964+0000] {task_command.py:426} INFO - Running <TaskInstance: etl_covid_europa_pipeline.carregar scheduled__2024-03-17T00:00:00+00:00 [running]> on host 99de7dfc3871
[2024-10-02T19:26:55.088+0000] {taskinstance.py:2648} INFO - Exporting env vars: AIRFLOW_CTX_DAG_OWNER='***' AIRFLOW_CTX_DAG_ID='etl_covid_europa_pipeline' AIRFLOW_CTX_TASK_ID='carregar' AIRFLOW_CTX_EXECUTION_DATE='2024-03-17T00:00:00+00:00' AIRFLOW_CTX_TRY_NUMBER='1' AIRFLOW_CTX_DAG_RUN_ID='scheduled__2024-03-17T00:00:00+00:00'
[2024-10-02T19:26:55.090+0000] {taskinstance.py:430} INFO - ::endgroup::
[2024-10-02T19:26:55.151+0000] {python.py:237} INFO - Done. Returned value was: None
[2024-10-02T19:26:55.153+0000] {taskinstance.py:441} INFO - ::group::Post task execution logs
[2024-10-02T19:26:55.161+0000] {taskinstance.py:1206} INFO - Marking task as SUCCESS. dag_id=etl_covid_europa_pipeline, task_id=carregar, run_id=scheduled__2024-03-17T00:00:00+00:00, execution_date=20240317T000000, start_date=20241002T192654, end_date=20241002T192655
[2024-10-02T19:26:55.205+0000] {local_task_job_runner.py:240} INFO - Task exited with return code 0
[2024-10-02T19:26:55.224+0000] {taskinstance.py:3503} INFO - 0 downstream tasks scheduled from follow-on schedule check
[2024-10-02T19:26:55.227+0000] {local_task_job_runner.py:222} INFO - ::endgroup::
