[2024-10-02T18:59:59.388+0000] {local_task_job_runner.py:120} INFO - ::group::Pre task execution logs
[2024-10-02T18:59:59.576+0000] {taskinstance.py:2076} INFO - Dependencies all met for dep_context=non-requeueable deps ti=<TaskInstance: etl_covid_europa_pipeline.transformar scheduled__2024-02-10T00:00:00+00:00 [queued]>
[2024-10-02T18:59:59.586+0000] {taskinstance.py:2076} INFO - Dependencies all met for dep_context=requeueable deps ti=<TaskInstance: etl_covid_europa_pipeline.transformar scheduled__2024-02-10T00:00:00+00:00 [queued]>
[2024-10-02T18:59:59.587+0000] {taskinstance.py:2306} INFO - Starting attempt 1 of 1
[2024-10-02T18:59:59.658+0000] {taskinstance.py:2330} INFO - Executing <Task(PythonOperator): transformar> on 2024-02-10 00:00:00+00:00
[2024-10-02T18:59:59.664+0000] {warnings.py:112} WARNING - /home/***/.local/lib/python3.12/site-packages/***/task/task_runner/standard_task_runner.py:61: DeprecationWarning: This process (pid=6425) is multi-threaded, use of fork() may lead to deadlocks in the child.
  pid = os.fork()

[2024-10-02T18:59:59.666+0000] {standard_task_runner.py:63} INFO - Started process 6438 to run task
[2024-10-02T18:59:59.666+0000] {standard_task_runner.py:90} INFO - Running: ['***', 'tasks', 'run', 'etl_covid_europa_pipeline', 'transformar', 'scheduled__2024-02-10T00:00:00+00:00', '--job-id', '1348', '--raw', '--subdir', 'DAGS_FOLDER/etl_pipeline.py', '--cfg-path', '/tmp/tmpgq43vpr0']
[2024-10-02T18:59:59.668+0000] {standard_task_runner.py:91} INFO - Job 1348: Subtask transformar
[2024-10-02T18:59:59.710+0000] {task_command.py:426} INFO - Running <TaskInstance: etl_covid_europa_pipeline.transformar scheduled__2024-02-10T00:00:00+00:00 [running]> on host 99de7dfc3871
[2024-10-02T18:59:59.806+0000] {taskinstance.py:2648} INFO - Exporting env vars: AIRFLOW_CTX_DAG_OWNER='***' AIRFLOW_CTX_DAG_ID='etl_covid_europa_pipeline' AIRFLOW_CTX_TASK_ID='transformar' AIRFLOW_CTX_EXECUTION_DATE='2024-02-10T00:00:00+00:00' AIRFLOW_CTX_TRY_NUMBER='1' AIRFLOW_CTX_DAG_RUN_ID='scheduled__2024-02-10T00:00:00+00:00'
[2024-10-02T18:59:59.808+0000] {taskinstance.py:430} INFO - ::endgroup::
[2024-10-02T18:59:59.969+0000] {python.py:237} INFO - Done. Returned value was: None
[2024-10-02T18:59:59.970+0000] {taskinstance.py:441} INFO - ::group::Post task execution logs
[2024-10-02T18:59:59.979+0000] {taskinstance.py:1206} INFO - Marking task as SUCCESS. dag_id=etl_covid_europa_pipeline, task_id=transformar, run_id=scheduled__2024-02-10T00:00:00+00:00, execution_date=20240210T000000, start_date=20241002T185959, end_date=20241002T185959
[2024-10-02T19:00:00.041+0000] {local_task_job_runner.py:240} INFO - Task exited with return code 0
[2024-10-02T19:00:00.069+0000] {taskinstance.py:3503} INFO - 1 downstream tasks scheduled from follow-on schedule check
[2024-10-02T19:00:00.071+0000] {local_task_job_runner.py:222} INFO - ::endgroup::
[2024-10-02T19:26:10.157+0000] {local_task_job_runner.py:120} INFO - ::group::Pre task execution logs
[2024-10-02T19:26:10.180+0000] {taskinstance.py:2076} INFO - Dependencies all met for dep_context=non-requeueable deps ti=<TaskInstance: etl_covid_europa_pipeline.transformar scheduled__2024-02-10T00:00:00+00:00 [queued]>
[2024-10-02T19:26:10.352+0000] {taskinstance.py:2076} INFO - Dependencies all met for dep_context=requeueable deps ti=<TaskInstance: etl_covid_europa_pipeline.transformar scheduled__2024-02-10T00:00:00+00:00 [queued]>
[2024-10-02T19:26:10.352+0000] {taskinstance.py:2306} INFO - Starting attempt 1 of 1
[2024-10-02T19:26:10.363+0000] {taskinstance.py:2330} INFO - Executing <Task(PythonOperator): transformar> on 2024-02-10 00:00:00+00:00
[2024-10-02T19:26:10.371+0000] {warnings.py:112} WARNING - /home/***/.local/lib/python3.12/site-packages/***/task/task_runner/standard_task_runner.py:61: DeprecationWarning: This process (pid=9844) is multi-threaded, use of fork() may lead to deadlocks in the child.
  pid = os.fork()

[2024-10-02T19:26:10.372+0000] {standard_task_runner.py:63} INFO - Started process 9852 to run task
[2024-10-02T19:26:10.372+0000] {standard_task_runner.py:90} INFO - Running: ['***', 'tasks', 'run', 'etl_covid_europa_pipeline', 'transformar', 'scheduled__2024-02-10T00:00:00+00:00', '--job-id', '2377', '--raw', '--subdir', 'DAGS_FOLDER/etl_pipeline.py', '--cfg-path', '/tmp/tmpfds933hq']
[2024-10-02T19:26:10.374+0000] {standard_task_runner.py:91} INFO - Job 2377: Subtask transformar
[2024-10-02T19:26:10.412+0000] {task_command.py:426} INFO - Running <TaskInstance: etl_covid_europa_pipeline.transformar scheduled__2024-02-10T00:00:00+00:00 [running]> on host 99de7dfc3871
[2024-10-02T19:26:10.485+0000] {taskinstance.py:2648} INFO - Exporting env vars: AIRFLOW_CTX_DAG_OWNER='***' AIRFLOW_CTX_DAG_ID='etl_covid_europa_pipeline' AIRFLOW_CTX_TASK_ID='transformar' AIRFLOW_CTX_EXECUTION_DATE='2024-02-10T00:00:00+00:00' AIRFLOW_CTX_TRY_NUMBER='1' AIRFLOW_CTX_DAG_RUN_ID='scheduled__2024-02-10T00:00:00+00:00'
[2024-10-02T19:26:10.489+0000] {taskinstance.py:430} INFO - ::endgroup::
[2024-10-02T19:26:10.610+0000] {python.py:237} INFO - Done. Returned value was: None
[2024-10-02T19:26:10.611+0000] {taskinstance.py:441} INFO - ::group::Post task execution logs
[2024-10-02T19:26:10.621+0000] {taskinstance.py:1206} INFO - Marking task as SUCCESS. dag_id=etl_covid_europa_pipeline, task_id=transformar, run_id=scheduled__2024-02-10T00:00:00+00:00, execution_date=20240210T000000, start_date=20241002T192610, end_date=20241002T192610
[2024-10-02T19:26:10.666+0000] {local_task_job_runner.py:240} INFO - Task exited with return code 0
[2024-10-02T19:26:10.682+0000] {taskinstance.py:3503} INFO - 1 downstream tasks scheduled from follow-on schedule check
[2024-10-02T19:26:10.685+0000] {local_task_job_runner.py:222} INFO - ::endgroup::
