[2024-10-02T17:30:27.265+0000] {local_task_job_runner.py:120} INFO - ::group::Pre task execution logs
[2024-10-02T17:30:27.290+0000] {taskinstance.py:2076} INFO - Dependencies all met for dep_context=non-requeueable deps ti=<TaskInstance: etl_covid_europa_pipeline.extrair scheduled__2024-07-09T00:00:00+00:00 [queued]>
[2024-10-02T17:30:27.299+0000] {taskinstance.py:2076} INFO - Dependencies all met for dep_context=requeueable deps ti=<TaskInstance: etl_covid_europa_pipeline.extrair scheduled__2024-07-09T00:00:00+00:00 [queued]>
[2024-10-02T17:30:27.300+0000] {taskinstance.py:2306} INFO - Starting attempt 1 of 1
[2024-10-02T17:30:27.506+0000] {taskinstance.py:2330} INFO - Executing <Task(PythonOperator): extrair> on 2024-07-09 00:00:00+00:00
[2024-10-02T17:30:27.514+0000] {warnings.py:112} WARNING - /home/***/.local/lib/python3.12/site-packages/***/task/task_runner/standard_task_runner.py:61: DeprecationWarning: This process (pid=2693) is multi-threaded, use of fork() may lead to deadlocks in the child.
  pid = os.fork()

[2024-10-02T17:30:27.516+0000] {standard_task_runner.py:63} INFO - Started process 2710 to run task
[2024-10-02T17:30:27.516+0000] {standard_task_runner.py:90} INFO - Running: ['***', 'tasks', 'run', 'etl_covid_europa_pipeline', 'extrair', 'scheduled__2024-07-09T00:00:00+00:00', '--job-id', '495', '--raw', '--subdir', 'DAGS_FOLDER/etl_pipeline.py', '--cfg-path', '/tmp/tmpugj7ab1i']
[2024-10-02T17:30:27.518+0000] {standard_task_runner.py:91} INFO - Job 495: Subtask extrair
[2024-10-02T17:30:27.562+0000] {task_command.py:426} INFO - Running <TaskInstance: etl_covid_europa_pipeline.extrair scheduled__2024-07-09T00:00:00+00:00 [running]> on host 99de7dfc3871
[2024-10-02T17:30:27.650+0000] {taskinstance.py:2648} INFO - Exporting env vars: AIRFLOW_CTX_DAG_OWNER='***' AIRFLOW_CTX_DAG_ID='etl_covid_europa_pipeline' AIRFLOW_CTX_TASK_ID='extrair' AIRFLOW_CTX_EXECUTION_DATE='2024-07-09T00:00:00+00:00' AIRFLOW_CTX_TRY_NUMBER='1' AIRFLOW_CTX_DAG_RUN_ID='scheduled__2024-07-09T00:00:00+00:00'
[2024-10-02T17:30:27.652+0000] {taskinstance.py:430} INFO - ::endgroup::
[2024-10-02T17:30:33.601+0000] {python.py:237} INFO - Done. Returned value was: None
[2024-10-02T17:30:33.602+0000] {taskinstance.py:441} INFO - ::group::Post task execution logs
[2024-10-02T17:30:33.609+0000] {taskinstance.py:1206} INFO - Marking task as SUCCESS. dag_id=etl_covid_europa_pipeline, task_id=extrair, run_id=scheduled__2024-07-09T00:00:00+00:00, execution_date=20240709T000000, start_date=20241002T173027, end_date=20241002T173033
[2024-10-02T17:30:33.662+0000] {local_task_job_runner.py:240} INFO - Task exited with return code 0
[2024-10-02T17:30:33.693+0000] {taskinstance.py:3503} INFO - 1 downstream tasks scheduled from follow-on schedule check
[2024-10-02T17:30:33.697+0000] {local_task_job_runner.py:222} INFO - ::endgroup::
[2024-10-02T18:54:20.260+0000] {local_task_job_runner.py:120} INFO - ::group::Pre task execution logs
[2024-10-02T18:54:20.293+0000] {taskinstance.py:2076} INFO - Dependencies all met for dep_context=non-requeueable deps ti=<TaskInstance: etl_covid_europa_pipeline.extrair scheduled__2024-07-09T00:00:00+00:00 [queued]>
[2024-10-02T18:54:20.473+0000] {taskinstance.py:2076} INFO - Dependencies all met for dep_context=requeueable deps ti=<TaskInstance: etl_covid_europa_pipeline.extrair scheduled__2024-07-09T00:00:00+00:00 [queued]>
[2024-10-02T18:54:20.473+0000] {taskinstance.py:2306} INFO - Starting attempt 1 of 1
[2024-10-02T18:54:20.490+0000] {taskinstance.py:2330} INFO - Executing <Task(PythonOperator): extrair> on 2024-07-09 00:00:00+00:00
[2024-10-02T18:54:20.496+0000] {warnings.py:112} WARNING - /home/***/.local/lib/python3.12/site-packages/***/task/task_runner/standard_task_runner.py:61: DeprecationWarning: This process (pid=4466) is multi-threaded, use of fork() may lead to deadlocks in the child.
  pid = os.fork()

[2024-10-02T18:54:20.497+0000] {standard_task_runner.py:63} INFO - Started process 4480 to run task
[2024-10-02T18:54:20.498+0000] {standard_task_runner.py:90} INFO - Running: ['***', 'tasks', 'run', 'etl_covid_europa_pipeline', 'extrair', 'scheduled__2024-07-09T00:00:00+00:00', '--job-id', '719', '--raw', '--subdir', 'DAGS_FOLDER/etl_pipeline.py', '--cfg-path', '/tmp/tmp5e_pbgco']
[2024-10-02T18:54:20.501+0000] {standard_task_runner.py:91} INFO - Job 719: Subtask extrair
[2024-10-02T18:54:20.545+0000] {task_command.py:426} INFO - Running <TaskInstance: etl_covid_europa_pipeline.extrair scheduled__2024-07-09T00:00:00+00:00 [running]> on host 99de7dfc3871
[2024-10-02T18:54:20.633+0000] {taskinstance.py:2648} INFO - Exporting env vars: AIRFLOW_CTX_DAG_OWNER='***' AIRFLOW_CTX_DAG_ID='etl_covid_europa_pipeline' AIRFLOW_CTX_TASK_ID='extrair' AIRFLOW_CTX_EXECUTION_DATE='2024-07-09T00:00:00+00:00' AIRFLOW_CTX_TRY_NUMBER='1' AIRFLOW_CTX_DAG_RUN_ID='scheduled__2024-07-09T00:00:00+00:00'
[2024-10-02T18:54:20.637+0000] {taskinstance.py:430} INFO - ::endgroup::
[2024-10-02T18:54:27.080+0000] {python.py:237} INFO - Done. Returned value was: None
[2024-10-02T18:54:27.081+0000] {taskinstance.py:441} INFO - ::group::Post task execution logs
[2024-10-02T18:54:27.088+0000] {taskinstance.py:1206} INFO - Marking task as SUCCESS. dag_id=etl_covid_europa_pipeline, task_id=extrair, run_id=scheduled__2024-07-09T00:00:00+00:00, execution_date=20240709T000000, start_date=20241002T185420, end_date=20241002T185427
[2024-10-02T18:54:27.125+0000] {local_task_job_runner.py:240} INFO - Task exited with return code 0
[2024-10-02T18:54:27.145+0000] {taskinstance.py:3503} INFO - 1 downstream tasks scheduled from follow-on schedule check
[2024-10-02T18:54:27.151+0000] {local_task_job_runner.py:222} INFO - ::endgroup::
[2024-10-02T19:03:07.270+0000] {local_task_job_runner.py:120} INFO - ::group::Pre task execution logs
[2024-10-02T19:03:07.296+0000] {taskinstance.py:2076} INFO - Dependencies all met for dep_context=non-requeueable deps ti=<TaskInstance: etl_covid_europa_pipeline.extrair scheduled__2024-07-09T00:00:00+00:00 [queued]>
[2024-10-02T19:03:07.513+0000] {taskinstance.py:2076} INFO - Dependencies all met for dep_context=requeueable deps ti=<TaskInstance: etl_covid_europa_pipeline.extrair scheduled__2024-07-09T00:00:00+00:00 [queued]>
[2024-10-02T19:03:07.514+0000] {taskinstance.py:2306} INFO - Starting attempt 1 of 1
[2024-10-02T19:03:07.570+0000] {taskinstance.py:2330} INFO - Executing <Task(PythonOperator): extrair> on 2024-07-09 00:00:00+00:00
[2024-10-02T19:03:07.577+0000] {warnings.py:112} WARNING - /home/***/.local/lib/python3.12/site-packages/***/task/task_runner/standard_task_runner.py:61: DeprecationWarning: This process (pid=7647) is multi-threaded, use of fork() may lead to deadlocks in the child.
  pid = os.fork()

[2024-10-02T19:03:07.578+0000] {standard_task_runner.py:63} INFO - Started process 7666 to run task
[2024-10-02T19:03:07.578+0000] {standard_task_runner.py:90} INFO - Running: ['***', 'tasks', 'run', 'etl_covid_europa_pipeline', 'extrair', 'scheduled__2024-07-09T00:00:00+00:00', '--job-id', '1744', '--raw', '--subdir', 'DAGS_FOLDER/etl_pipeline.py', '--cfg-path', '/tmp/tmppzyryl9t']
[2024-10-02T19:03:07.580+0000] {standard_task_runner.py:91} INFO - Job 1744: Subtask extrair
[2024-10-02T19:03:07.637+0000] {task_command.py:426} INFO - Running <TaskInstance: etl_covid_europa_pipeline.extrair scheduled__2024-07-09T00:00:00+00:00 [running]> on host 99de7dfc3871
[2024-10-02T19:03:07.733+0000] {taskinstance.py:2648} INFO - Exporting env vars: AIRFLOW_CTX_DAG_OWNER='***' AIRFLOW_CTX_DAG_ID='etl_covid_europa_pipeline' AIRFLOW_CTX_TASK_ID='extrair' AIRFLOW_CTX_EXECUTION_DATE='2024-07-09T00:00:00+00:00' AIRFLOW_CTX_TRY_NUMBER='1' AIRFLOW_CTX_DAG_RUN_ID='scheduled__2024-07-09T00:00:00+00:00'
[2024-10-02T19:03:07.738+0000] {taskinstance.py:430} INFO - ::endgroup::
[2024-10-02T19:03:12.798+0000] {python.py:237} INFO - Done. Returned value was: None
[2024-10-02T19:03:12.799+0000] {taskinstance.py:441} INFO - ::group::Post task execution logs
[2024-10-02T19:03:12.810+0000] {taskinstance.py:1206} INFO - Marking task as SUCCESS. dag_id=etl_covid_europa_pipeline, task_id=extrair, run_id=scheduled__2024-07-09T00:00:00+00:00, execution_date=20240709T000000, start_date=20241002T190307, end_date=20241002T190312
[2024-10-02T19:03:12.969+0000] {local_task_job_runner.py:240} INFO - Task exited with return code 0
[2024-10-02T19:03:13.005+0000] {taskinstance.py:3503} INFO - 1 downstream tasks scheduled from follow-on schedule check
[2024-10-02T19:03:13.013+0000] {local_task_job_runner.py:222} INFO - ::endgroup::
