[2024-10-02T18:54:34.905+0000] {local_task_job_runner.py:120} INFO - ::group::Pre task execution logs
[2024-10-02T18:54:34.930+0000] {taskinstance.py:2076} INFO - Dependencies all met for dep_context=non-requeueable deps ti=<TaskInstance: etl_covid_europa_pipeline.transformar scheduled__2024-07-18T00:00:00+00:00 [queued]>
[2024-10-02T18:54:34.940+0000] {taskinstance.py:2076} INFO - Dependencies all met for dep_context=requeueable deps ti=<TaskInstance: etl_covid_europa_pipeline.transformar scheduled__2024-07-18T00:00:00+00:00 [queued]>
[2024-10-02T18:54:34.941+0000] {taskinstance.py:2306} INFO - Starting attempt 1 of 1
[2024-10-02T18:54:35.136+0000] {taskinstance.py:2330} INFO - Executing <Task(PythonOperator): transformar> on 2024-07-18 00:00:00+00:00
[2024-10-02T18:54:35.141+0000] {warnings.py:112} WARNING - /home/***/.local/lib/python3.12/site-packages/***/task/task_runner/standard_task_runner.py:61: DeprecationWarning: This process (pid=4596) is multi-threaded, use of fork() may lead to deadlocks in the child.
  pid = os.fork()

[2024-10-02T18:54:35.143+0000] {standard_task_runner.py:63} INFO - Started process 4603 to run task
[2024-10-02T18:54:35.143+0000] {standard_task_runner.py:90} INFO - Running: ['***', 'tasks', 'run', 'etl_covid_europa_pipeline', 'transformar', 'scheduled__2024-07-18T00:00:00+00:00', '--job-id', '764', '--raw', '--subdir', 'DAGS_FOLDER/etl_pipeline.py', '--cfg-path', '/tmp/tmpu6497r8c']
[2024-10-02T18:54:35.146+0000] {standard_task_runner.py:91} INFO - Job 764: Subtask transformar
[2024-10-02T18:54:35.184+0000] {task_command.py:426} INFO - Running <TaskInstance: etl_covid_europa_pipeline.transformar scheduled__2024-07-18T00:00:00+00:00 [running]> on host 99de7dfc3871
[2024-10-02T18:54:35.266+0000] {taskinstance.py:2648} INFO - Exporting env vars: AIRFLOW_CTX_DAG_OWNER='***' AIRFLOW_CTX_DAG_ID='etl_covid_europa_pipeline' AIRFLOW_CTX_TASK_ID='transformar' AIRFLOW_CTX_EXECUTION_DATE='2024-07-18T00:00:00+00:00' AIRFLOW_CTX_TRY_NUMBER='1' AIRFLOW_CTX_DAG_RUN_ID='scheduled__2024-07-18T00:00:00+00:00'
[2024-10-02T18:54:35.267+0000] {taskinstance.py:430} INFO - ::endgroup::
[2024-10-02T18:54:35.409+0000] {python.py:237} INFO - Done. Returned value was: None
[2024-10-02T18:54:35.409+0000] {taskinstance.py:441} INFO - ::group::Post task execution logs
[2024-10-02T18:54:35.417+0000] {taskinstance.py:1206} INFO - Marking task as SUCCESS. dag_id=etl_covid_europa_pipeline, task_id=transformar, run_id=scheduled__2024-07-18T00:00:00+00:00, execution_date=20240718T000000, start_date=20241002T185434, end_date=20241002T185435
[2024-10-02T18:54:35.438+0000] {local_task_job_runner.py:240} INFO - Task exited with return code 0
[2024-10-02T18:54:35.454+0000] {taskinstance.py:3503} INFO - 1 downstream tasks scheduled from follow-on schedule check
[2024-10-02T18:54:35.457+0000] {local_task_job_runner.py:222} INFO - ::endgroup::
[2024-10-02T19:03:24.598+0000] {local_task_job_runner.py:120} INFO - ::group::Pre task execution logs
[2024-10-02T19:03:24.827+0000] {taskinstance.py:2076} INFO - Dependencies all met for dep_context=non-requeueable deps ti=<TaskInstance: etl_covid_europa_pipeline.transformar scheduled__2024-07-18T00:00:00+00:00 [queued]>
[2024-10-02T19:03:24.837+0000] {taskinstance.py:2076} INFO - Dependencies all met for dep_context=requeueable deps ti=<TaskInstance: etl_covid_europa_pipeline.transformar scheduled__2024-07-18T00:00:00+00:00 [queued]>
[2024-10-02T19:03:24.838+0000] {taskinstance.py:2306} INFO - Starting attempt 1 of 1
[2024-10-02T19:03:24.911+0000] {taskinstance.py:2330} INFO - Executing <Task(PythonOperator): transformar> on 2024-07-18 00:00:00+00:00
[2024-10-02T19:03:24.920+0000] {warnings.py:112} WARNING - /home/***/.local/lib/python3.12/site-packages/***/task/task_runner/standard_task_runner.py:61: DeprecationWarning: This process (pid=7778) is multi-threaded, use of fork() may lead to deadlocks in the child.
  pid = os.fork()

[2024-10-02T19:03:24.921+0000] {standard_task_runner.py:63} INFO - Started process 7794 to run task
[2024-10-02T19:03:24.922+0000] {standard_task_runner.py:90} INFO - Running: ['***', 'tasks', 'run', 'etl_covid_europa_pipeline', 'transformar', 'scheduled__2024-07-18T00:00:00+00:00', '--job-id', '1785', '--raw', '--subdir', 'DAGS_FOLDER/etl_pipeline.py', '--cfg-path', '/tmp/tmp_3sklhtb']
[2024-10-02T19:03:24.924+0000] {standard_task_runner.py:91} INFO - Job 1785: Subtask transformar
[2024-10-02T19:03:24.988+0000] {task_command.py:426} INFO - Running <TaskInstance: etl_covid_europa_pipeline.transformar scheduled__2024-07-18T00:00:00+00:00 [running]> on host 99de7dfc3871
[2024-10-02T19:03:25.105+0000] {taskinstance.py:2648} INFO - Exporting env vars: AIRFLOW_CTX_DAG_OWNER='***' AIRFLOW_CTX_DAG_ID='etl_covid_europa_pipeline' AIRFLOW_CTX_TASK_ID='transformar' AIRFLOW_CTX_EXECUTION_DATE='2024-07-18T00:00:00+00:00' AIRFLOW_CTX_TRY_NUMBER='1' AIRFLOW_CTX_DAG_RUN_ID='scheduled__2024-07-18T00:00:00+00:00'
[2024-10-02T19:03:25.107+0000] {taskinstance.py:430} INFO - ::endgroup::
[2024-10-02T19:03:25.278+0000] {python.py:237} INFO - Done. Returned value was: None
[2024-10-02T19:03:25.279+0000] {taskinstance.py:441} INFO - ::group::Post task execution logs
[2024-10-02T19:03:25.292+0000] {taskinstance.py:1206} INFO - Marking task as SUCCESS. dag_id=etl_covid_europa_pipeline, task_id=transformar, run_id=scheduled__2024-07-18T00:00:00+00:00, execution_date=20240718T000000, start_date=20241002T190324, end_date=20241002T190325
[2024-10-02T19:03:25.378+0000] {local_task_job_runner.py:240} INFO - Task exited with return code 0
[2024-10-02T19:03:25.408+0000] {taskinstance.py:3503} INFO - 1 downstream tasks scheduled from follow-on schedule check
[2024-10-02T19:03:25.410+0000] {local_task_job_runner.py:222} INFO - ::endgroup::
