[2024-10-02T17:29:09.086+0000] {local_task_job_runner.py:120} INFO - ::group::Pre task execution logs
[2024-10-02T17:29:09.112+0000] {taskinstance.py:2076} INFO - Dependencies all met for dep_context=non-requeueable deps ti=<TaskInstance: etl_covid_europa_pipeline.extrair scheduled__2024-05-11T00:00:00+00:00 [queued]>
[2024-10-02T17:29:09.121+0000] {taskinstance.py:2076} INFO - Dependencies all met for dep_context=requeueable deps ti=<TaskInstance: etl_covid_europa_pipeline.extrair scheduled__2024-05-11T00:00:00+00:00 [queued]>
[2024-10-02T17:29:09.122+0000] {taskinstance.py:2306} INFO - Starting attempt 1 of 1
[2024-10-02T17:29:09.306+0000] {taskinstance.py:2330} INFO - Executing <Task(PythonOperator): extrair> on 2024-05-11 00:00:00+00:00
[2024-10-02T17:29:09.312+0000] {warnings.py:112} WARNING - /home/***/.local/lib/python3.12/site-packages/***/task/task_runner/standard_task_runner.py:61: DeprecationWarning: This process (pid=2374) is multi-threaded, use of fork() may lead to deadlocks in the child.
  pid = os.fork()

[2024-10-02T17:29:09.314+0000] {standard_task_runner.py:63} INFO - Started process 2386 to run task
[2024-10-02T17:29:09.314+0000] {standard_task_runner.py:90} INFO - Running: ['***', 'tasks', 'run', 'etl_covid_europa_pipeline', 'extrair', 'scheduled__2024-05-11T00:00:00+00:00', '--job-id', '393', '--raw', '--subdir', 'DAGS_FOLDER/etl_pipeline.py', '--cfg-path', '/tmp/tmpyiy6k7sz']
[2024-10-02T17:29:09.316+0000] {standard_task_runner.py:91} INFO - Job 393: Subtask extrair
[2024-10-02T17:29:09.359+0000] {task_command.py:426} INFO - Running <TaskInstance: etl_covid_europa_pipeline.extrair scheduled__2024-05-11T00:00:00+00:00 [running]> on host 99de7dfc3871
[2024-10-02T17:29:09.449+0000] {taskinstance.py:2648} INFO - Exporting env vars: AIRFLOW_CTX_DAG_OWNER='***' AIRFLOW_CTX_DAG_ID='etl_covid_europa_pipeline' AIRFLOW_CTX_TASK_ID='extrair' AIRFLOW_CTX_EXECUTION_DATE='2024-05-11T00:00:00+00:00' AIRFLOW_CTX_TRY_NUMBER='1' AIRFLOW_CTX_DAG_RUN_ID='scheduled__2024-05-11T00:00:00+00:00'
[2024-10-02T17:29:09.450+0000] {taskinstance.py:430} INFO - ::endgroup::
[2024-10-02T17:29:15.279+0000] {python.py:237} INFO - Done. Returned value was: None
[2024-10-02T17:29:15.280+0000] {taskinstance.py:441} INFO - ::group::Post task execution logs
[2024-10-02T17:29:15.288+0000] {taskinstance.py:1206} INFO - Marking task as SUCCESS. dag_id=etl_covid_europa_pipeline, task_id=extrair, run_id=scheduled__2024-05-11T00:00:00+00:00, execution_date=20240511T000000, start_date=20241002T172909, end_date=20241002T172915
[2024-10-02T17:29:15.334+0000] {local_task_job_runner.py:240} INFO - Task exited with return code 0
[2024-10-02T17:29:15.358+0000] {taskinstance.py:3503} INFO - 1 downstream tasks scheduled from follow-on schedule check
[2024-10-02T17:29:15.359+0000] {local_task_job_runner.py:222} INFO - ::endgroup::
[2024-10-02T19:01:51.404+0000] {local_task_job_runner.py:120} INFO - ::group::Pre task execution logs
[2024-10-02T19:01:51.424+0000] {taskinstance.py:2076} INFO - Dependencies all met for dep_context=non-requeueable deps ti=<TaskInstance: etl_covid_europa_pipeline.extrair scheduled__2024-05-11T00:00:00+00:00 [queued]>
[2024-10-02T19:01:51.432+0000] {taskinstance.py:2076} INFO - Dependencies all met for dep_context=requeueable deps ti=<TaskInstance: etl_covid_europa_pipeline.extrair scheduled__2024-05-11T00:00:00+00:00 [queued]>
[2024-10-02T19:01:51.432+0000] {taskinstance.py:2306} INFO - Starting attempt 1 of 1
[2024-10-02T19:01:51.616+0000] {taskinstance.py:2330} INFO - Executing <Task(PythonOperator): extrair> on 2024-05-11 00:00:00+00:00
[2024-10-02T19:01:51.622+0000] {warnings.py:112} WARNING - /home/***/.local/lib/python3.12/site-packages/***/task/task_runner/standard_task_runner.py:61: DeprecationWarning: This process (pid=7215) is multi-threaded, use of fork() may lead to deadlocks in the child.
  pid = os.fork()

[2024-10-02T19:01:51.623+0000] {standard_task_runner.py:63} INFO - Started process 7225 to run task
[2024-10-02T19:01:51.623+0000] {standard_task_runner.py:90} INFO - Running: ['***', 'tasks', 'run', 'etl_covid_europa_pipeline', 'extrair', 'scheduled__2024-05-11T00:00:00+00:00', '--job-id', '1605', '--raw', '--subdir', 'DAGS_FOLDER/etl_pipeline.py', '--cfg-path', '/tmp/tmp1l9bamg4']
[2024-10-02T19:01:51.626+0000] {standard_task_runner.py:91} INFO - Job 1605: Subtask extrair
[2024-10-02T19:01:51.668+0000] {task_command.py:426} INFO - Running <TaskInstance: etl_covid_europa_pipeline.extrair scheduled__2024-05-11T00:00:00+00:00 [running]> on host 99de7dfc3871
[2024-10-02T19:01:51.752+0000] {taskinstance.py:2648} INFO - Exporting env vars: AIRFLOW_CTX_DAG_OWNER='***' AIRFLOW_CTX_DAG_ID='etl_covid_europa_pipeline' AIRFLOW_CTX_TASK_ID='extrair' AIRFLOW_CTX_EXECUTION_DATE='2024-05-11T00:00:00+00:00' AIRFLOW_CTX_TRY_NUMBER='1' AIRFLOW_CTX_DAG_RUN_ID='scheduled__2024-05-11T00:00:00+00:00'
[2024-10-02T19:01:51.753+0000] {taskinstance.py:430} INFO - ::endgroup::
[2024-10-02T19:01:57.809+0000] {python.py:237} INFO - Done. Returned value was: None
[2024-10-02T19:01:57.810+0000] {taskinstance.py:441} INFO - ::group::Post task execution logs
[2024-10-02T19:01:57.820+0000] {taskinstance.py:1206} INFO - Marking task as SUCCESS. dag_id=etl_covid_europa_pipeline, task_id=extrair, run_id=scheduled__2024-05-11T00:00:00+00:00, execution_date=20240511T000000, start_date=20241002T190151, end_date=20241002T190157
[2024-10-02T19:01:57.847+0000] {local_task_job_runner.py:240} INFO - Task exited with return code 0
[2024-10-02T19:01:57.878+0000] {taskinstance.py:3503} INFO - 1 downstream tasks scheduled from follow-on schedule check
[2024-10-02T19:01:57.881+0000] {local_task_job_runner.py:222} INFO - ::endgroup::
