[2024-10-02T17:31:33.882+0000] {local_task_job_runner.py:120} INFO - ::group::Pre task execution logs
[2024-10-02T17:31:33.905+0000] {taskinstance.py:2076} INFO - Dependencies all met for dep_context=non-requeueable deps ti=<TaskInstance: etl_covid_europa_pipeline.extrair scheduled__2024-08-31T00:00:00+00:00 [queued]>
[2024-10-02T17:31:33.912+0000] {taskinstance.py:2076} INFO - Dependencies all met for dep_context=requeueable deps ti=<TaskInstance: etl_covid_europa_pipeline.extrair scheduled__2024-08-31T00:00:00+00:00 [queued]>
[2024-10-02T17:31:33.912+0000] {taskinstance.py:2306} INFO - Starting attempt 1 of 1
[2024-10-02T17:31:34.088+0000] {taskinstance.py:2330} INFO - Executing <Task(PythonOperator): extrair> on 2024-08-31 00:00:00+00:00
[2024-10-02T17:31:34.093+0000] {warnings.py:112} WARNING - /home/***/.local/lib/python3.12/site-packages/***/task/task_runner/standard_task_runner.py:61: DeprecationWarning: This process (pid=3045) is multi-threaded, use of fork() may lead to deadlocks in the child.
  pid = os.fork()

[2024-10-02T17:31:34.095+0000] {standard_task_runner.py:63} INFO - Started process 3058 to run task
[2024-10-02T17:31:34.095+0000] {standard_task_runner.py:90} INFO - Running: ['***', 'tasks', 'run', 'etl_covid_europa_pipeline', 'extrair', 'scheduled__2024-08-31T00:00:00+00:00', '--job-id', '605', '--raw', '--subdir', 'DAGS_FOLDER/etl_pipeline.py', '--cfg-path', '/tmp/tmp3vkdzjc5']
[2024-10-02T17:31:34.098+0000] {standard_task_runner.py:91} INFO - Job 605: Subtask extrair
[2024-10-02T17:31:34.143+0000] {task_command.py:426} INFO - Running <TaskInstance: etl_covid_europa_pipeline.extrair scheduled__2024-08-31T00:00:00+00:00 [running]> on host 99de7dfc3871
[2024-10-02T17:31:34.236+0000] {taskinstance.py:2648} INFO - Exporting env vars: AIRFLOW_CTX_DAG_OWNER='***' AIRFLOW_CTX_DAG_ID='etl_covid_europa_pipeline' AIRFLOW_CTX_TASK_ID='extrair' AIRFLOW_CTX_EXECUTION_DATE='2024-08-31T00:00:00+00:00' AIRFLOW_CTX_TRY_NUMBER='1' AIRFLOW_CTX_DAG_RUN_ID='scheduled__2024-08-31T00:00:00+00:00'
[2024-10-02T17:31:34.238+0000] {taskinstance.py:430} INFO - ::endgroup::
[2024-10-02T17:31:41.542+0000] {python.py:237} INFO - Done. Returned value was: None
[2024-10-02T17:31:41.543+0000] {taskinstance.py:441} INFO - ::group::Post task execution logs
[2024-10-02T17:31:41.549+0000] {taskinstance.py:1206} INFO - Marking task as SUCCESS. dag_id=etl_covid_europa_pipeline, task_id=extrair, run_id=scheduled__2024-08-31T00:00:00+00:00, execution_date=20240831T000000, start_date=20241002T173133, end_date=20241002T173141
[2024-10-02T17:31:41.603+0000] {local_task_job_runner.py:240} INFO - Task exited with return code 0
[2024-10-02T17:31:41.626+0000] {taskinstance.py:3503} INFO - 1 downstream tasks scheduled from follow-on schedule check
[2024-10-02T17:31:41.628+0000] {local_task_job_runner.py:222} INFO - ::endgroup::
[2024-10-02T18:55:17.308+0000] {local_task_job_runner.py:120} INFO - ::group::Pre task execution logs
[2024-10-02T18:55:17.335+0000] {taskinstance.py:2076} INFO - Dependencies all met for dep_context=non-requeueable deps ti=<TaskInstance: etl_covid_europa_pipeline.extrair scheduled__2024-08-31T00:00:00+00:00 [queued]>
[2024-10-02T18:55:17.529+0000] {taskinstance.py:2076} INFO - Dependencies all met for dep_context=requeueable deps ti=<TaskInstance: etl_covid_europa_pipeline.extrair scheduled__2024-08-31T00:00:00+00:00 [queued]>
[2024-10-02T18:55:17.530+0000] {taskinstance.py:2306} INFO - Starting attempt 1 of 1
[2024-10-02T18:55:17.569+0000] {taskinstance.py:2330} INFO - Executing <Task(PythonOperator): extrair> on 2024-08-31 00:00:00+00:00
[2024-10-02T18:55:17.575+0000] {warnings.py:112} WARNING - /home/***/.local/lib/python3.12/site-packages/***/task/task_runner/standard_task_runner.py:61: DeprecationWarning: This process (pid=4904) is multi-threaded, use of fork() may lead to deadlocks in the child.
  pid = os.fork()

[2024-10-02T18:55:17.577+0000] {standard_task_runner.py:63} INFO - Started process 4920 to run task
[2024-10-02T18:55:17.577+0000] {standard_task_runner.py:90} INFO - Running: ['***', 'tasks', 'run', 'etl_covid_europa_pipeline', 'extrair', 'scheduled__2024-08-31T00:00:00+00:00', '--job-id', '864', '--raw', '--subdir', 'DAGS_FOLDER/etl_pipeline.py', '--cfg-path', '/tmp/tmpg94ysm9k']
[2024-10-02T18:55:17.582+0000] {standard_task_runner.py:91} INFO - Job 864: Subtask extrair
[2024-10-02T18:55:17.633+0000] {task_command.py:426} INFO - Running <TaskInstance: etl_covid_europa_pipeline.extrair scheduled__2024-08-31T00:00:00+00:00 [running]> on host 99de7dfc3871
[2024-10-02T18:55:17.727+0000] {taskinstance.py:2648} INFO - Exporting env vars: AIRFLOW_CTX_DAG_OWNER='***' AIRFLOW_CTX_DAG_ID='etl_covid_europa_pipeline' AIRFLOW_CTX_TASK_ID='extrair' AIRFLOW_CTX_EXECUTION_DATE='2024-08-31T00:00:00+00:00' AIRFLOW_CTX_TRY_NUMBER='1' AIRFLOW_CTX_DAG_RUN_ID='scheduled__2024-08-31T00:00:00+00:00'
[2024-10-02T18:55:17.730+0000] {taskinstance.py:430} INFO - ::endgroup::
[2024-10-02T18:55:23.408+0000] {python.py:237} INFO - Done. Returned value was: None
[2024-10-02T18:55:23.409+0000] {taskinstance.py:441} INFO - ::group::Post task execution logs
[2024-10-02T18:55:23.416+0000] {taskinstance.py:1206} INFO - Marking task as SUCCESS. dag_id=etl_covid_europa_pipeline, task_id=extrair, run_id=scheduled__2024-08-31T00:00:00+00:00, execution_date=20240831T000000, start_date=20241002T185517, end_date=20241002T185523
[2024-10-02T18:55:23.442+0000] {local_task_job_runner.py:240} INFO - Task exited with return code 0
[2024-10-02T18:55:23.469+0000] {taskinstance.py:3503} INFO - 1 downstream tasks scheduled from follow-on schedule check
[2024-10-02T18:55:23.474+0000] {local_task_job_runner.py:222} INFO - ::endgroup::
[2024-10-02T19:04:04.724+0000] {local_task_job_runner.py:120} INFO - ::group::Pre task execution logs
[2024-10-02T19:04:04.751+0000] {taskinstance.py:2076} INFO - Dependencies all met for dep_context=non-requeueable deps ti=<TaskInstance: etl_covid_europa_pipeline.extrair scheduled__2024-08-31T00:00:00+00:00 [queued]>
[2024-10-02T19:04:04.936+0000] {taskinstance.py:2076} INFO - Dependencies all met for dep_context=requeueable deps ti=<TaskInstance: etl_covid_europa_pipeline.extrair scheduled__2024-08-31T00:00:00+00:00 [queued]>
[2024-10-02T19:04:04.937+0000] {taskinstance.py:2306} INFO - Starting attempt 1 of 1
[2024-10-02T19:04:04.949+0000] {taskinstance.py:2330} INFO - Executing <Task(PythonOperator): extrair> on 2024-08-31 00:00:00+00:00
[2024-10-02T19:04:04.955+0000] {warnings.py:112} WARNING - /home/***/.local/lib/python3.12/site-packages/***/task/task_runner/standard_task_runner.py:61: DeprecationWarning: This process (pid=8094) is multi-threaded, use of fork() may lead to deadlocks in the child.
  pid = os.fork()

[2024-10-02T19:04:04.957+0000] {standard_task_runner.py:63} INFO - Started process 8108 to run task
[2024-10-02T19:04:04.957+0000] {standard_task_runner.py:90} INFO - Running: ['***', 'tasks', 'run', 'etl_covid_europa_pipeline', 'extrair', 'scheduled__2024-08-31T00:00:00+00:00', '--job-id', '1890', '--raw', '--subdir', 'DAGS_FOLDER/etl_pipeline.py', '--cfg-path', '/tmp/tmpmiyc3v1u']
[2024-10-02T19:04:04.959+0000] {standard_task_runner.py:91} INFO - Job 1890: Subtask extrair
[2024-10-02T19:04:05.000+0000] {task_command.py:426} INFO - Running <TaskInstance: etl_covid_europa_pipeline.extrair scheduled__2024-08-31T00:00:00+00:00 [running]> on host 99de7dfc3871
[2024-10-02T19:04:05.087+0000] {taskinstance.py:2648} INFO - Exporting env vars: AIRFLOW_CTX_DAG_OWNER='***' AIRFLOW_CTX_DAG_ID='etl_covid_europa_pipeline' AIRFLOW_CTX_TASK_ID='extrair' AIRFLOW_CTX_EXECUTION_DATE='2024-08-31T00:00:00+00:00' AIRFLOW_CTX_TRY_NUMBER='1' AIRFLOW_CTX_DAG_RUN_ID='scheduled__2024-08-31T00:00:00+00:00'
[2024-10-02T19:04:05.089+0000] {taskinstance.py:430} INFO - ::endgroup::
[2024-10-02T19:04:10.855+0000] {python.py:237} INFO - Done. Returned value was: None
[2024-10-02T19:04:10.857+0000] {taskinstance.py:441} INFO - ::group::Post task execution logs
[2024-10-02T19:04:10.872+0000] {taskinstance.py:1206} INFO - Marking task as SUCCESS. dag_id=etl_covid_europa_pipeline, task_id=extrair, run_id=scheduled__2024-08-31T00:00:00+00:00, execution_date=20240831T000000, start_date=20241002T190404, end_date=20241002T190410
[2024-10-02T19:04:10.948+0000] {local_task_job_runner.py:240} INFO - Task exited with return code 0
[2024-10-02T19:04:10.984+0000] {taskinstance.py:3503} INFO - 1 downstream tasks scheduled from follow-on schedule check
[2024-10-02T19:04:10.996+0000] {local_task_job_runner.py:222} INFO - ::endgroup::
