[2024-10-02T17:28:07.024+0000] {local_task_job_runner.py:120} INFO - ::group::Pre task execution logs
[2024-10-02T17:28:07.048+0000] {taskinstance.py:2076} INFO - Dependencies all met for dep_context=non-requeueable deps ti=<TaskInstance: etl_covid_europa_pipeline.extrair scheduled__2024-03-09T00:00:00+00:00 [queued]>
[2024-10-02T17:28:07.055+0000] {taskinstance.py:2076} INFO - Dependencies all met for dep_context=requeueable deps ti=<TaskInstance: etl_covid_europa_pipeline.extrair scheduled__2024-03-09T00:00:00+00:00 [queued]>
[2024-10-02T17:28:07.056+0000] {taskinstance.py:2306} INFO - Starting attempt 1 of 1
[2024-10-02T17:28:07.244+0000] {taskinstance.py:2330} INFO - Executing <Task(PythonOperator): extrair> on 2024-03-09 00:00:00+00:00
[2024-10-02T17:28:07.250+0000] {warnings.py:112} WARNING - /home/***/.local/lib/python3.12/site-packages/***/task/task_runner/standard_task_runner.py:61: DeprecationWarning: This process (pid=2001) is multi-threaded, use of fork() may lead to deadlocks in the child.
  pid = os.fork()

[2024-10-02T17:28:07.252+0000] {standard_task_runner.py:63} INFO - Started process 2015 to run task
[2024-10-02T17:28:07.253+0000] {standard_task_runner.py:90} INFO - Running: ['***', 'tasks', 'run', 'etl_covid_europa_pipeline', 'extrair', 'scheduled__2024-03-09T00:00:00+00:00', '--job-id', '271', '--raw', '--subdir', 'DAGS_FOLDER/etl_pipeline.py', '--cfg-path', '/tmp/tmpq280ncj1']
[2024-10-02T17:28:07.255+0000] {standard_task_runner.py:91} INFO - Job 271: Subtask extrair
[2024-10-02T17:28:07.302+0000] {task_command.py:426} INFO - Running <TaskInstance: etl_covid_europa_pipeline.extrair scheduled__2024-03-09T00:00:00+00:00 [running]> on host 99de7dfc3871
[2024-10-02T17:28:07.390+0000] {taskinstance.py:2648} INFO - Exporting env vars: AIRFLOW_CTX_DAG_OWNER='***' AIRFLOW_CTX_DAG_ID='etl_covid_europa_pipeline' AIRFLOW_CTX_TASK_ID='extrair' AIRFLOW_CTX_EXECUTION_DATE='2024-03-09T00:00:00+00:00' AIRFLOW_CTX_TRY_NUMBER='1' AIRFLOW_CTX_DAG_RUN_ID='scheduled__2024-03-09T00:00:00+00:00'
[2024-10-02T17:28:07.392+0000] {taskinstance.py:430} INFO - ::endgroup::
[2024-10-02T17:28:12.782+0000] {python.py:237} INFO - Done. Returned value was: None
[2024-10-02T17:28:12.783+0000] {taskinstance.py:441} INFO - ::group::Post task execution logs
[2024-10-02T17:28:12.791+0000] {taskinstance.py:1206} INFO - Marking task as SUCCESS. dag_id=etl_covid_europa_pipeline, task_id=extrair, run_id=scheduled__2024-03-09T00:00:00+00:00, execution_date=20240309T000000, start_date=20241002T172807, end_date=20241002T172812
[2024-10-02T17:28:12.831+0000] {local_task_job_runner.py:240} INFO - Task exited with return code 0
[2024-10-02T17:28:12.855+0000] {taskinstance.py:3503} INFO - 1 downstream tasks scheduled from follow-on schedule check
[2024-10-02T17:28:12.857+0000] {local_task_job_runner.py:222} INFO - ::endgroup::
[2024-10-02T19:00:25.125+0000] {local_task_job_runner.py:120} INFO - ::group::Pre task execution logs
[2024-10-02T19:00:25.148+0000] {taskinstance.py:2076} INFO - Dependencies all met for dep_context=non-requeueable deps ti=<TaskInstance: etl_covid_europa_pipeline.extrair scheduled__2024-03-09T00:00:00+00:00 [queued]>
[2024-10-02T19:00:25.327+0000] {taskinstance.py:2076} INFO - Dependencies all met for dep_context=requeueable deps ti=<TaskInstance: etl_covid_europa_pipeline.extrair scheduled__2024-03-09T00:00:00+00:00 [queued]>
[2024-10-02T19:00:25.328+0000] {taskinstance.py:2306} INFO - Starting attempt 1 of 1
[2024-10-02T19:00:25.425+0000] {taskinstance.py:2330} INFO - Executing <Task(PythonOperator): extrair> on 2024-03-09 00:00:00+00:00
[2024-10-02T19:00:25.432+0000] {warnings.py:112} WARNING - /home/***/.local/lib/python3.12/site-packages/***/task/task_runner/standard_task_runner.py:61: DeprecationWarning: This process (pid=6597) is multi-threaded, use of fork() may lead to deadlocks in the child.
  pid = os.fork()

[2024-10-02T19:00:25.434+0000] {standard_task_runner.py:63} INFO - Started process 6612 to run task
[2024-10-02T19:00:25.434+0000] {standard_task_runner.py:90} INFO - Running: ['***', 'tasks', 'run', 'etl_covid_europa_pipeline', 'extrair', 'scheduled__2024-03-09T00:00:00+00:00', '--job-id', '1405', '--raw', '--subdir', 'DAGS_FOLDER/etl_pipeline.py', '--cfg-path', '/tmp/tmplqatcg1t']
[2024-10-02T19:00:25.436+0000] {standard_task_runner.py:91} INFO - Job 1405: Subtask extrair
[2024-10-02T19:00:25.480+0000] {task_command.py:426} INFO - Running <TaskInstance: etl_covid_europa_pipeline.extrair scheduled__2024-03-09T00:00:00+00:00 [running]> on host 99de7dfc3871
[2024-10-02T19:00:25.564+0000] {taskinstance.py:2648} INFO - Exporting env vars: AIRFLOW_CTX_DAG_OWNER='***' AIRFLOW_CTX_DAG_ID='etl_covid_europa_pipeline' AIRFLOW_CTX_TASK_ID='extrair' AIRFLOW_CTX_EXECUTION_DATE='2024-03-09T00:00:00+00:00' AIRFLOW_CTX_TRY_NUMBER='1' AIRFLOW_CTX_DAG_RUN_ID='scheduled__2024-03-09T00:00:00+00:00'
[2024-10-02T19:00:25.567+0000] {taskinstance.py:430} INFO - ::endgroup::
[2024-10-02T19:00:30.867+0000] {python.py:237} INFO - Done. Returned value was: None
[2024-10-02T19:00:30.869+0000] {taskinstance.py:441} INFO - ::group::Post task execution logs
[2024-10-02T19:00:30.881+0000] {taskinstance.py:1206} INFO - Marking task as SUCCESS. dag_id=etl_covid_europa_pipeline, task_id=extrair, run_id=scheduled__2024-03-09T00:00:00+00:00, execution_date=20240309T000000, start_date=20241002T190025, end_date=20241002T190030
[2024-10-02T19:00:30.940+0000] {local_task_job_runner.py:240} INFO - Task exited with return code 0
[2024-10-02T19:00:30.964+0000] {taskinstance.py:3503} INFO - 1 downstream tasks scheduled from follow-on schedule check
[2024-10-02T19:00:30.966+0000] {local_task_job_runner.py:222} INFO - ::endgroup::
[2024-10-02T19:26:43.275+0000] {local_task_job_runner.py:120} INFO - ::group::Pre task execution logs
[2024-10-02T19:26:43.520+0000] {taskinstance.py:2076} INFO - Dependencies all met for dep_context=non-requeueable deps ti=<TaskInstance: etl_covid_europa_pipeline.extrair scheduled__2024-03-09T00:00:00+00:00 [queued]>
[2024-10-02T19:26:43.531+0000] {taskinstance.py:2076} INFO - Dependencies all met for dep_context=requeueable deps ti=<TaskInstance: etl_covid_europa_pipeline.extrair scheduled__2024-03-09T00:00:00+00:00 [queued]>
[2024-10-02T19:26:43.531+0000] {taskinstance.py:2306} INFO - Starting attempt 1 of 1
[2024-10-02T19:26:43.552+0000] {taskinstance.py:2330} INFO - Executing <Task(PythonOperator): extrair> on 2024-03-09 00:00:00+00:00
[2024-10-02T19:26:43.560+0000] {warnings.py:112} WARNING - /home/***/.local/lib/python3.12/site-packages/***/task/task_runner/standard_task_runner.py:61: DeprecationWarning: This process (pid=10056) is multi-threaded, use of fork() may lead to deadlocks in the child.
  pid = os.fork()

[2024-10-02T19:26:43.561+0000] {standard_task_runner.py:90} INFO - Running: ['***', 'tasks', 'run', 'etl_covid_europa_pipeline', 'extrair', 'scheduled__2024-03-09T00:00:00+00:00', '--job-id', '2446', '--raw', '--subdir', 'DAGS_FOLDER/etl_pipeline_agrupar_continente.py', '--cfg-path', '/tmp/tmp3gifw2v7']
[2024-10-02T19:26:43.563+0000] {standard_task_runner.py:63} INFO - Started process 10074 to run task
[2024-10-02T19:26:43.563+0000] {standard_task_runner.py:91} INFO - Job 2446: Subtask extrair
[2024-10-02T19:26:43.618+0000] {task_command.py:426} INFO - Running <TaskInstance: etl_covid_europa_pipeline.extrair scheduled__2024-03-09T00:00:00+00:00 [running]> on host 99de7dfc3871
[2024-10-02T19:26:43.723+0000] {taskinstance.py:2648} INFO - Exporting env vars: AIRFLOW_CTX_DAG_OWNER='***' AIRFLOW_CTX_DAG_ID='etl_covid_europa_pipeline' AIRFLOW_CTX_TASK_ID='extrair' AIRFLOW_CTX_EXECUTION_DATE='2024-03-09T00:00:00+00:00' AIRFLOW_CTX_TRY_NUMBER='1' AIRFLOW_CTX_DAG_RUN_ID='scheduled__2024-03-09T00:00:00+00:00'
[2024-10-02T19:26:43.725+0000] {taskinstance.py:430} INFO - ::endgroup::
[2024-10-02T19:26:49.079+0000] {python.py:237} INFO - Done. Returned value was: None
[2024-10-02T19:26:49.081+0000] {taskinstance.py:441} INFO - ::group::Post task execution logs
[2024-10-02T19:26:49.091+0000] {taskinstance.py:1206} INFO - Marking task as SUCCESS. dag_id=etl_covid_europa_pipeline, task_id=extrair, run_id=scheduled__2024-03-09T00:00:00+00:00, execution_date=20240309T000000, start_date=20241002T192643, end_date=20241002T192649
[2024-10-02T19:26:49.225+0000] {local_task_job_runner.py:240} INFO - Task exited with return code 0
[2024-10-02T19:26:49.247+0000] {taskinstance.py:3503} INFO - 1 downstream tasks scheduled from follow-on schedule check
[2024-10-02T19:26:49.251+0000] {local_task_job_runner.py:222} INFO - ::endgroup::
