[2024-10-02T17:31:01.519+0000] {local_task_job_runner.py:120} INFO - ::group::Pre task execution logs
[2024-10-02T17:31:01.545+0000] {taskinstance.py:2076} INFO - Dependencies all met for dep_context=non-requeueable deps ti=<TaskInstance: etl_covid_europa_pipeline.extrair scheduled__2024-08-05T00:00:00+00:00 [queued]>
[2024-10-02T17:31:01.552+0000] {taskinstance.py:2076} INFO - Dependencies all met for dep_context=requeueable deps ti=<TaskInstance: etl_covid_europa_pipeline.extrair scheduled__2024-08-05T00:00:00+00:00 [queued]>
[2024-10-02T17:31:01.553+0000] {taskinstance.py:2306} INFO - Starting attempt 1 of 1
[2024-10-02T17:31:01.566+0000] {taskinstance.py:2330} INFO - Executing <Task(PythonOperator): extrair> on 2024-08-05 00:00:00+00:00
[2024-10-02T17:31:01.576+0000] {warnings.py:112} WARNING - /home/***/.local/lib/python3.12/site-packages/***/task/task_runner/standard_task_runner.py:61: DeprecationWarning: This process (pid=2875) is multi-threaded, use of fork() may lead to deadlocks in the child.
  pid = os.fork()

[2024-10-02T17:31:01.577+0000] {standard_task_runner.py:63} INFO - Started process 2888 to run task
[2024-10-02T17:31:01.577+0000] {standard_task_runner.py:90} INFO - Running: ['***', 'tasks', 'run', 'etl_covid_europa_pipeline', 'extrair', 'scheduled__2024-08-05T00:00:00+00:00', '--job-id', '552', '--raw', '--subdir', 'DAGS_FOLDER/etl_pipeline.py', '--cfg-path', '/tmp/tmp0023wqfb']
[2024-10-02T17:31:01.579+0000] {standard_task_runner.py:91} INFO - Job 552: Subtask extrair
[2024-10-02T17:31:01.845+0000] {task_command.py:426} INFO - Running <TaskInstance: etl_covid_europa_pipeline.extrair scheduled__2024-08-05T00:00:00+00:00 [running]> on host 99de7dfc3871
[2024-10-02T17:31:01.937+0000] {taskinstance.py:2648} INFO - Exporting env vars: AIRFLOW_CTX_DAG_OWNER='***' AIRFLOW_CTX_DAG_ID='etl_covid_europa_pipeline' AIRFLOW_CTX_TASK_ID='extrair' AIRFLOW_CTX_EXECUTION_DATE='2024-08-05T00:00:00+00:00' AIRFLOW_CTX_TRY_NUMBER='1' AIRFLOW_CTX_DAG_RUN_ID='scheduled__2024-08-05T00:00:00+00:00'
[2024-10-02T17:31:01.938+0000] {taskinstance.py:430} INFO - ::endgroup::
[2024-10-02T17:31:07.063+0000] {python.py:237} INFO - Done. Returned value was: None
[2024-10-02T17:31:07.063+0000] {taskinstance.py:441} INFO - ::group::Post task execution logs
[2024-10-02T17:31:07.070+0000] {taskinstance.py:1206} INFO - Marking task as SUCCESS. dag_id=etl_covid_europa_pipeline, task_id=extrair, run_id=scheduled__2024-08-05T00:00:00+00:00, execution_date=20240805T000000, start_date=20241002T173101, end_date=20241002T173107
[2024-10-02T17:31:07.117+0000] {local_task_job_runner.py:240} INFO - Task exited with return code 0
[2024-10-02T17:31:07.144+0000] {taskinstance.py:3503} INFO - 1 downstream tasks scheduled from follow-on schedule check
[2024-10-02T17:31:07.147+0000] {local_task_job_runner.py:222} INFO - ::endgroup::
[2024-10-02T18:54:46.275+0000] {local_task_job_runner.py:120} INFO - ::group::Pre task execution logs
[2024-10-02T18:54:46.298+0000] {taskinstance.py:2076} INFO - Dependencies all met for dep_context=non-requeueable deps ti=<TaskInstance: etl_covid_europa_pipeline.extrair scheduled__2024-08-05T00:00:00+00:00 [queued]>
[2024-10-02T18:54:46.490+0000] {taskinstance.py:2076} INFO - Dependencies all met for dep_context=requeueable deps ti=<TaskInstance: etl_covid_europa_pipeline.extrair scheduled__2024-08-05T00:00:00+00:00 [queued]>
[2024-10-02T18:54:46.491+0000] {taskinstance.py:2306} INFO - Starting attempt 1 of 1
[2024-10-02T18:54:46.611+0000] {taskinstance.py:2330} INFO - Executing <Task(PythonOperator): extrair> on 2024-08-05 00:00:00+00:00
[2024-10-02T18:54:46.617+0000] {warnings.py:112} WARNING - /home/***/.local/lib/python3.12/site-packages/***/task/task_runner/standard_task_runner.py:61: DeprecationWarning: This process (pid=4641) is multi-threaded, use of fork() may lead to deadlocks in the child.
  pid = os.fork()

[2024-10-02T18:54:46.618+0000] {standard_task_runner.py:63} INFO - Started process 4667 to run task
[2024-10-02T18:54:46.618+0000] {standard_task_runner.py:90} INFO - Running: ['***', 'tasks', 'run', 'etl_covid_europa_pipeline', 'extrair', 'scheduled__2024-08-05T00:00:00+00:00', '--job-id', '780', '--raw', '--subdir', 'DAGS_FOLDER/etl_pipeline.py', '--cfg-path', '/tmp/tmp06qfb_5b']
[2024-10-02T18:54:46.620+0000] {standard_task_runner.py:91} INFO - Job 780: Subtask extrair
[2024-10-02T18:54:46.667+0000] {task_command.py:426} INFO - Running <TaskInstance: etl_covid_europa_pipeline.extrair scheduled__2024-08-05T00:00:00+00:00 [running]> on host 99de7dfc3871
[2024-10-02T18:54:46.763+0000] {taskinstance.py:2648} INFO - Exporting env vars: AIRFLOW_CTX_DAG_OWNER='***' AIRFLOW_CTX_DAG_ID='etl_covid_europa_pipeline' AIRFLOW_CTX_TASK_ID='extrair' AIRFLOW_CTX_EXECUTION_DATE='2024-08-05T00:00:00+00:00' AIRFLOW_CTX_TRY_NUMBER='1' AIRFLOW_CTX_DAG_RUN_ID='scheduled__2024-08-05T00:00:00+00:00'
[2024-10-02T18:54:46.766+0000] {taskinstance.py:430} INFO - ::endgroup::
[2024-10-02T18:54:53.094+0000] {python.py:237} INFO - Done. Returned value was: None
[2024-10-02T18:54:53.095+0000] {taskinstance.py:441} INFO - ::group::Post task execution logs
[2024-10-02T18:54:53.103+0000] {taskinstance.py:1206} INFO - Marking task as SUCCESS. dag_id=etl_covid_europa_pipeline, task_id=extrair, run_id=scheduled__2024-08-05T00:00:00+00:00, execution_date=20240805T000000, start_date=20241002T185446, end_date=20241002T185453
[2024-10-02T18:54:53.160+0000] {local_task_job_runner.py:240} INFO - Task exited with return code 0
[2024-10-02T18:54:53.190+0000] {taskinstance.py:3503} INFO - 1 downstream tasks scheduled from follow-on schedule check
[2024-10-02T18:54:53.197+0000] {local_task_job_runner.py:222} INFO - ::endgroup::
[2024-10-02T19:03:42.248+0000] {local_task_job_runner.py:120} INFO - ::group::Pre task execution logs
[2024-10-02T19:03:42.272+0000] {taskinstance.py:2076} INFO - Dependencies all met for dep_context=non-requeueable deps ti=<TaskInstance: etl_covid_europa_pipeline.extrair scheduled__2024-08-05T00:00:00+00:00 [queued]>
[2024-10-02T19:03:42.280+0000] {taskinstance.py:2076} INFO - Dependencies all met for dep_context=requeueable deps ti=<TaskInstance: etl_covid_europa_pipeline.extrair scheduled__2024-08-05T00:00:00+00:00 [queued]>
[2024-10-02T19:03:42.280+0000] {taskinstance.py:2306} INFO - Starting attempt 1 of 1
[2024-10-02T19:03:42.572+0000] {taskinstance.py:2330} INFO - Executing <Task(PythonOperator): extrair> on 2024-08-05 00:00:00+00:00
[2024-10-02T19:03:42.583+0000] {warnings.py:112} WARNING - /home/***/.local/lib/python3.12/site-packages/***/task/task_runner/standard_task_runner.py:61: DeprecationWarning: This process (pid=7929) is multi-threaded, use of fork() may lead to deadlocks in the child.
  pid = os.fork()

[2024-10-02T19:03:42.586+0000] {standard_task_runner.py:63} INFO - Started process 7946 to run task
[2024-10-02T19:03:42.584+0000] {standard_task_runner.py:90} INFO - Running: ['***', 'tasks', 'run', 'etl_covid_europa_pipeline', 'extrair', 'scheduled__2024-08-05T00:00:00+00:00', '--job-id', '1834', '--raw', '--subdir', 'DAGS_FOLDER/etl_pipeline.py', '--cfg-path', '/tmp/tmpyhdyam1z']
[2024-10-02T19:03:42.587+0000] {standard_task_runner.py:91} INFO - Job 1834: Subtask extrair
[2024-10-02T19:03:42.640+0000] {task_command.py:426} INFO - Running <TaskInstance: etl_covid_europa_pipeline.extrair scheduled__2024-08-05T00:00:00+00:00 [running]> on host 99de7dfc3871
[2024-10-02T19:03:42.743+0000] {taskinstance.py:2648} INFO - Exporting env vars: AIRFLOW_CTX_DAG_OWNER='***' AIRFLOW_CTX_DAG_ID='etl_covid_europa_pipeline' AIRFLOW_CTX_TASK_ID='extrair' AIRFLOW_CTX_EXECUTION_DATE='2024-08-05T00:00:00+00:00' AIRFLOW_CTX_TRY_NUMBER='1' AIRFLOW_CTX_DAG_RUN_ID='scheduled__2024-08-05T00:00:00+00:00'
[2024-10-02T19:03:42.745+0000] {taskinstance.py:430} INFO - ::endgroup::
[2024-10-02T19:03:48.621+0000] {python.py:237} INFO - Done. Returned value was: None
[2024-10-02T19:03:48.622+0000] {taskinstance.py:441} INFO - ::group::Post task execution logs
[2024-10-02T19:03:48.631+0000] {taskinstance.py:1206} INFO - Marking task as SUCCESS. dag_id=etl_covid_europa_pipeline, task_id=extrair, run_id=scheduled__2024-08-05T00:00:00+00:00, execution_date=20240805T000000, start_date=20241002T190342, end_date=20241002T190348
[2024-10-02T19:03:48.695+0000] {local_task_job_runner.py:240} INFO - Task exited with return code 0
[2024-10-02T19:03:48.723+0000] {taskinstance.py:3503} INFO - 1 downstream tasks scheduled from follow-on schedule check
[2024-10-02T19:03:48.725+0000] {local_task_job_runner.py:222} INFO - ::endgroup::
