[2024-10-02T17:27:29.170+0000] {local_task_job_runner.py:120} INFO - ::group::Pre task execution logs
[2024-10-02T17:27:29.200+0000] {taskinstance.py:2076} INFO - Dependencies all met for dep_context=non-requeueable deps ti=<TaskInstance: etl_covid_europa_pipeline.extrair scheduled__2024-02-13T00:00:00+00:00 [queued]>
[2024-10-02T17:27:29.209+0000] {taskinstance.py:2076} INFO - Dependencies all met for dep_context=requeueable deps ti=<TaskInstance: etl_covid_europa_pipeline.extrair scheduled__2024-02-13T00:00:00+00:00 [queued]>
[2024-10-02T17:27:29.210+0000] {taskinstance.py:2306} INFO - Starting attempt 1 of 1
[2024-10-02T17:27:29.430+0000] {taskinstance.py:2330} INFO - Executing <Task(PythonOperator): extrair> on 2024-02-13 00:00:00+00:00
[2024-10-02T17:27:29.437+0000] {warnings.py:112} WARNING - /home/***/.local/lib/python3.12/site-packages/***/task/task_runner/standard_task_runner.py:61: DeprecationWarning: This process (pid=1867) is multi-threaded, use of fork() may lead to deadlocks in the child.
  pid = os.fork()

[2024-10-02T17:27:29.439+0000] {standard_task_runner.py:63} INFO - Started process 1885 to run task
[2024-10-02T17:27:29.438+0000] {standard_task_runner.py:90} INFO - Running: ['***', 'tasks', 'run', 'etl_covid_europa_pipeline', 'extrair', 'scheduled__2024-02-13T00:00:00+00:00', '--job-id', '231', '--raw', '--subdir', 'DAGS_FOLDER/etl_pipeline.py', '--cfg-path', '/tmp/tmp7l26kgvx']
[2024-10-02T17:27:29.441+0000] {standard_task_runner.py:91} INFO - Job 231: Subtask extrair
[2024-10-02T17:27:29.494+0000] {task_command.py:426} INFO - Running <TaskInstance: etl_covid_europa_pipeline.extrair scheduled__2024-02-13T00:00:00+00:00 [running]> on host 99de7dfc3871
[2024-10-02T17:27:29.574+0000] {taskinstance.py:2648} INFO - Exporting env vars: AIRFLOW_CTX_DAG_OWNER='***' AIRFLOW_CTX_DAG_ID='etl_covid_europa_pipeline' AIRFLOW_CTX_TASK_ID='extrair' AIRFLOW_CTX_EXECUTION_DATE='2024-02-13T00:00:00+00:00' AIRFLOW_CTX_TRY_NUMBER='1' AIRFLOW_CTX_DAG_RUN_ID='scheduled__2024-02-13T00:00:00+00:00'
[2024-10-02T17:27:29.575+0000] {taskinstance.py:430} INFO - ::endgroup::
[2024-10-02T17:27:35.675+0000] {taskinstance.py:441} INFO - ::group::Post task execution logs
[2024-10-02T17:27:35.676+0000] {taskinstance.py:2905} ERROR - Task failed with exception
Traceback (most recent call last):
  File "/home/airflow/.local/lib/python3.12/site-packages/airflow/models/taskinstance.py", line 465, in _execute_task
    result = _execute_callable(context=context, **execute_callable_kwargs)
             ^^^^^^^^^^^^^^^^^^^^^^^^^^^^^^^^^^^^^^^^^^^^^^^^^^^^^^^^^^^^^
  File "/home/airflow/.local/lib/python3.12/site-packages/airflow/models/taskinstance.py", line 432, in _execute_callable
    return execute_callable(context=context, **execute_callable_kwargs)
           ^^^^^^^^^^^^^^^^^^^^^^^^^^^^^^^^^^^^^^^^^^^^^^^^^^^^^^^^^^^^
  File "/home/airflow/.local/lib/python3.12/site-packages/airflow/models/baseoperator.py", line 401, in wrapper
    return func(self, *args, **kwargs)
           ^^^^^^^^^^^^^^^^^^^^^^^^^^^
  File "/home/airflow/.local/lib/python3.12/site-packages/airflow/operators/python.py", line 235, in execute
    return_value = self.execute_callable()
                   ^^^^^^^^^^^^^^^^^^^^^^^
  File "/home/airflow/.local/lib/python3.12/site-packages/airflow/operators/python.py", line 252, in execute_callable
    return self.python_callable(*self.op_args, **self.op_kwargs)
           ^^^^^^^^^^^^^^^^^^^^^^^^^^^^^^^^^^^^^^^^^^^^^^^^^^^^^
  File "/opt/airflow/dags/etl_pipeline.py", line 10, in extrair
    df.to_csv('data/dados_covid_extraidos.csv', sep=';', index=False)
    ^^^^^^^^^^^^^^^^^^^^^^^^^^^^^^^^^^^^^^^^^^^^^^^^^^^^^^^^
  File "/home/airflow/.local/lib/python3.12/site-packages/pandas/core/generic.py", line 3902, in to_csv
    return DataFrameRenderer(formatter).to_csv(
           ^^^^^^^^^^^^^^^^^^^^^^^^^^^^^^^^^^^^
  File "/home/airflow/.local/lib/python3.12/site-packages/pandas/io/formats/format.py", line 1152, in to_csv
    csv_formatter.save()
  File "/home/airflow/.local/lib/python3.12/site-packages/pandas/io/formats/csvs.py", line 247, in save
    with get_handle(
         ^^^^^^^^^^^
  File "/home/airflow/.local/lib/python3.12/site-packages/pandas/io/common.py", line 863, in get_handle
    handle = open(
             ^^^^^
PermissionError: [Errno 13] Permission denied: 'data/dados_covid_extraidos.csv'
[2024-10-02T17:27:35.688+0000] {taskinstance.py:1206} INFO - Marking task as FAILED. dag_id=etl_covid_europa_pipeline, task_id=extrair, run_id=scheduled__2024-02-13T00:00:00+00:00, execution_date=20240213T000000, start_date=20241002T172729, end_date=20241002T172735
[2024-10-02T17:27:35.704+0000] {standard_task_runner.py:110} ERROR - Failed to execute job 231 for task extrair ([Errno 13] Permission denied: 'data/dados_covid_extraidos.csv'; 1885)
[2024-10-02T17:27:35.738+0000] {local_task_job_runner.py:240} INFO - Task exited with return code 1
[2024-10-02T17:27:35.756+0000] {taskinstance.py:3503} INFO - 0 downstream tasks scheduled from follow-on schedule check
[2024-10-02T17:27:35.759+0000] {local_task_job_runner.py:222} INFO - ::endgroup::
[2024-10-02T18:59:59.833+0000] {local_task_job_runner.py:120} INFO - ::group::Pre task execution logs
[2024-10-02T18:59:59.859+0000] {taskinstance.py:2076} INFO - Dependencies all met for dep_context=non-requeueable deps ti=<TaskInstance: etl_covid_europa_pipeline.extrair scheduled__2024-02-13T00:00:00+00:00 [queued]>
[2024-10-02T18:59:59.873+0000] {taskinstance.py:2076} INFO - Dependencies all met for dep_context=requeueable deps ti=<TaskInstance: etl_covid_europa_pipeline.extrair scheduled__2024-02-13T00:00:00+00:00 [queued]>
[2024-10-02T18:59:59.873+0000] {taskinstance.py:2306} INFO - Starting attempt 1 of 1
[2024-10-02T19:00:00.107+0000] {taskinstance.py:2330} INFO - Executing <Task(PythonOperator): extrair> on 2024-02-13 00:00:00+00:00
[2024-10-02T19:00:00.114+0000] {warnings.py:112} WARNING - /home/***/.local/lib/python3.12/site-packages/***/task/task_runner/standard_task_runner.py:61: DeprecationWarning: This process (pid=6430) is multi-threaded, use of fork() may lead to deadlocks in the child.
  pid = os.fork()

[2024-10-02T19:00:00.116+0000] {standard_task_runner.py:63} INFO - Started process 6447 to run task
[2024-10-02T19:00:00.116+0000] {standard_task_runner.py:90} INFO - Running: ['***', 'tasks', 'run', 'etl_covid_europa_pipeline', 'extrair', 'scheduled__2024-02-13T00:00:00+00:00', '--job-id', '1351', '--raw', '--subdir', 'DAGS_FOLDER/etl_pipeline.py', '--cfg-path', '/tmp/tmpfbtwi665']
[2024-10-02T19:00:00.118+0000] {standard_task_runner.py:91} INFO - Job 1351: Subtask extrair
[2024-10-02T19:00:00.167+0000] {task_command.py:426} INFO - Running <TaskInstance: etl_covid_europa_pipeline.extrair scheduled__2024-02-13T00:00:00+00:00 [running]> on host 99de7dfc3871
[2024-10-02T19:00:00.294+0000] {taskinstance.py:2648} INFO - Exporting env vars: AIRFLOW_CTX_DAG_OWNER='***' AIRFLOW_CTX_DAG_ID='etl_covid_europa_pipeline' AIRFLOW_CTX_TASK_ID='extrair' AIRFLOW_CTX_EXECUTION_DATE='2024-02-13T00:00:00+00:00' AIRFLOW_CTX_TRY_NUMBER='1' AIRFLOW_CTX_DAG_RUN_ID='scheduled__2024-02-13T00:00:00+00:00'
[2024-10-02T19:00:00.296+0000] {taskinstance.py:430} INFO - ::endgroup::
[2024-10-02T19:00:05.599+0000] {python.py:237} INFO - Done. Returned value was: None
[2024-10-02T19:00:05.600+0000] {taskinstance.py:441} INFO - ::group::Post task execution logs
[2024-10-02T19:00:05.614+0000] {taskinstance.py:1206} INFO - Marking task as SUCCESS. dag_id=etl_covid_europa_pipeline, task_id=extrair, run_id=scheduled__2024-02-13T00:00:00+00:00, execution_date=20240213T000000, start_date=20241002T185959, end_date=20241002T190005
[2024-10-02T19:00:05.821+0000] {local_task_job_runner.py:240} INFO - Task exited with return code 0
[2024-10-02T19:00:05.851+0000] {taskinstance.py:3503} INFO - 1 downstream tasks scheduled from follow-on schedule check
[2024-10-02T19:00:05.854+0000] {local_task_job_runner.py:222} INFO - ::endgroup::
[2024-10-02T19:26:01.861+0000] {local_task_job_runner.py:120} INFO - ::group::Pre task execution logs
[2024-10-02T19:26:01.881+0000] {taskinstance.py:2076} INFO - Dependencies all met for dep_context=non-requeueable deps ti=<TaskInstance: etl_covid_europa_pipeline.extrair scheduled__2024-02-13T00:00:00+00:00 [queued]>
[2024-10-02T19:26:02.065+0000] {taskinstance.py:2076} INFO - Dependencies all met for dep_context=requeueable deps ti=<TaskInstance: etl_covid_europa_pipeline.extrair scheduled__2024-02-13T00:00:00+00:00 [queued]>
[2024-10-02T19:26:02.066+0000] {taskinstance.py:2306} INFO - Starting attempt 1 of 1
[2024-10-02T19:26:02.123+0000] {taskinstance.py:2330} INFO - Executing <Task(PythonOperator): extrair> on 2024-02-13 00:00:00+00:00
[2024-10-02T19:26:02.130+0000] {warnings.py:112} WARNING - /home/***/.local/lib/python3.12/site-packages/***/task/task_runner/standard_task_runner.py:61: DeprecationWarning: This process (pid=9789) is multi-threaded, use of fork() may lead to deadlocks in the child.
  pid = os.fork()

[2024-10-02T19:26:02.131+0000] {standard_task_runner.py:63} INFO - Started process 9803 to run task
[2024-10-02T19:26:02.132+0000] {standard_task_runner.py:90} INFO - Running: ['***', 'tasks', 'run', 'etl_covid_europa_pipeline', 'extrair', 'scheduled__2024-02-13T00:00:00+00:00', '--job-id', '2359', '--raw', '--subdir', 'DAGS_FOLDER/etl_pipeline.py', '--cfg-path', '/tmp/tmprff5zl1h']
[2024-10-02T19:26:02.134+0000] {standard_task_runner.py:91} INFO - Job 2359: Subtask extrair
[2024-10-02T19:26:02.172+0000] {task_command.py:426} INFO - Running <TaskInstance: etl_covid_europa_pipeline.extrair scheduled__2024-02-13T00:00:00+00:00 [running]> on host 99de7dfc3871
[2024-10-02T19:26:02.260+0000] {taskinstance.py:2648} INFO - Exporting env vars: AIRFLOW_CTX_DAG_OWNER='***' AIRFLOW_CTX_DAG_ID='etl_covid_europa_pipeline' AIRFLOW_CTX_TASK_ID='extrair' AIRFLOW_CTX_EXECUTION_DATE='2024-02-13T00:00:00+00:00' AIRFLOW_CTX_TRY_NUMBER='1' AIRFLOW_CTX_DAG_RUN_ID='scheduled__2024-02-13T00:00:00+00:00'
[2024-10-02T19:26:02.264+0000] {taskinstance.py:430} INFO - ::endgroup::
[2024-10-02T19:26:10.073+0000] {python.py:237} INFO - Done. Returned value was: None
[2024-10-02T19:26:10.074+0000] {taskinstance.py:441} INFO - ::group::Post task execution logs
[2024-10-02T19:26:10.080+0000] {taskinstance.py:1206} INFO - Marking task as SUCCESS. dag_id=etl_covid_europa_pipeline, task_id=extrair, run_id=scheduled__2024-02-13T00:00:00+00:00, execution_date=20240213T000000, start_date=20241002T192601, end_date=20241002T192610
[2024-10-02T19:26:10.131+0000] {local_task_job_runner.py:240} INFO - Task exited with return code 0
[2024-10-02T19:26:10.151+0000] {taskinstance.py:3503} INFO - 1 downstream tasks scheduled from follow-on schedule check
[2024-10-02T19:26:10.154+0000] {local_task_job_runner.py:222} INFO - ::endgroup::
