[2024-10-02T17:28:58.130+0000] {local_task_job_runner.py:120} INFO - ::group::Pre task execution logs
[2024-10-02T17:28:58.151+0000] {taskinstance.py:2076} INFO - Dependencies all met for dep_context=non-requeueable deps ti=<TaskInstance: etl_covid_europa_pipeline.extrair scheduled__2024-04-28T00:00:00+00:00 [queued]>
[2024-10-02T17:28:58.160+0000] {taskinstance.py:2076} INFO - Dependencies all met for dep_context=requeueable deps ti=<TaskInstance: etl_covid_europa_pipeline.extrair scheduled__2024-04-28T00:00:00+00:00 [queued]>
[2024-10-02T17:28:58.160+0000] {taskinstance.py:2306} INFO - Starting attempt 1 of 1
[2024-10-02T17:28:58.374+0000] {taskinstance.py:2330} INFO - Executing <Task(PythonOperator): extrair> on 2024-04-28 00:00:00+00:00
[2024-10-02T17:28:58.380+0000] {warnings.py:112} WARNING - /home/***/.local/lib/python3.12/site-packages/***/task/task_runner/standard_task_runner.py:61: DeprecationWarning: This process (pid=2293) is multi-threaded, use of fork() may lead to deadlocks in the child.
  pid = os.fork()

[2024-10-02T17:28:58.382+0000] {standard_task_runner.py:63} INFO - Started process 2314 to run task
[2024-10-02T17:28:58.382+0000] {standard_task_runner.py:90} INFO - Running: ['***', 'tasks', 'run', 'etl_covid_europa_pipeline', 'extrair', 'scheduled__2024-04-28T00:00:00+00:00', '--job-id', '367', '--raw', '--subdir', 'DAGS_FOLDER/etl_pipeline.py', '--cfg-path', '/tmp/tmppq6szal6']
[2024-10-02T17:28:58.384+0000] {standard_task_runner.py:91} INFO - Job 367: Subtask extrair
[2024-10-02T17:28:58.442+0000] {task_command.py:426} INFO - Running <TaskInstance: etl_covid_europa_pipeline.extrair scheduled__2024-04-28T00:00:00+00:00 [running]> on host 99de7dfc3871
[2024-10-02T17:28:58.552+0000] {taskinstance.py:2648} INFO - Exporting env vars: AIRFLOW_CTX_DAG_OWNER='***' AIRFLOW_CTX_DAG_ID='etl_covid_europa_pipeline' AIRFLOW_CTX_TASK_ID='extrair' AIRFLOW_CTX_EXECUTION_DATE='2024-04-28T00:00:00+00:00' AIRFLOW_CTX_TRY_NUMBER='1' AIRFLOW_CTX_DAG_RUN_ID='scheduled__2024-04-28T00:00:00+00:00'
[2024-10-02T17:28:58.554+0000] {taskinstance.py:430} INFO - ::endgroup::
[2024-10-02T17:29:04.840+0000] {python.py:237} INFO - Done. Returned value was: None
[2024-10-02T17:29:04.841+0000] {taskinstance.py:441} INFO - ::group::Post task execution logs
[2024-10-02T17:29:04.850+0000] {taskinstance.py:1206} INFO - Marking task as SUCCESS. dag_id=etl_covid_europa_pipeline, task_id=extrair, run_id=scheduled__2024-04-28T00:00:00+00:00, execution_date=20240428T000000, start_date=20241002T172858, end_date=20241002T172904
[2024-10-02T17:29:04.889+0000] {local_task_job_runner.py:240} INFO - Task exited with return code 0
[2024-10-02T17:29:04.921+0000] {taskinstance.py:3503} INFO - 1 downstream tasks scheduled from follow-on schedule check
[2024-10-02T17:29:04.923+0000] {local_task_job_runner.py:222} INFO - ::endgroup::
[2024-10-02T19:01:36.658+0000] {local_task_job_runner.py:120} INFO - ::group::Pre task execution logs
[2024-10-02T19:01:36.685+0000] {taskinstance.py:2076} INFO - Dependencies all met for dep_context=non-requeueable deps ti=<TaskInstance: etl_covid_europa_pipeline.extrair scheduled__2024-04-28T00:00:00+00:00 [queued]>
[2024-10-02T19:01:36.932+0000] {taskinstance.py:2076} INFO - Dependencies all met for dep_context=requeueable deps ti=<TaskInstance: etl_covid_europa_pipeline.extrair scheduled__2024-04-28T00:00:00+00:00 [queued]>
[2024-10-02T19:01:36.933+0000] {taskinstance.py:2306} INFO - Starting attempt 1 of 1
[2024-10-02T19:01:37.003+0000] {taskinstance.py:2330} INFO - Executing <Task(PythonOperator): extrair> on 2024-04-28 00:00:00+00:00
[2024-10-02T19:01:37.012+0000] {warnings.py:112} WARNING - /home/***/.local/lib/python3.12/site-packages/***/task/task_runner/standard_task_runner.py:61: DeprecationWarning: This process (pid=7077) is multi-threaded, use of fork() may lead to deadlocks in the child.
  pid = os.fork()

[2024-10-02T19:01:37.014+0000] {standard_task_runner.py:63} INFO - Started process 7093 to run task
[2024-10-02T19:01:37.016+0000] {standard_task_runner.py:90} INFO - Running: ['***', 'tasks', 'run', 'etl_covid_europa_pipeline', 'extrair', 'scheduled__2024-04-28T00:00:00+00:00', '--job-id', '1560', '--raw', '--subdir', 'DAGS_FOLDER/etl_pipeline.py', '--cfg-path', '/tmp/tmp4y7qy_pu']
[2024-10-02T19:01:37.019+0000] {standard_task_runner.py:91} INFO - Job 1560: Subtask extrair
[2024-10-02T19:01:37.080+0000] {task_command.py:426} INFO - Running <TaskInstance: etl_covid_europa_pipeline.extrair scheduled__2024-04-28T00:00:00+00:00 [running]> on host 99de7dfc3871
[2024-10-02T19:01:37.184+0000] {taskinstance.py:2648} INFO - Exporting env vars: AIRFLOW_CTX_DAG_OWNER='***' AIRFLOW_CTX_DAG_ID='etl_covid_europa_pipeline' AIRFLOW_CTX_TASK_ID='extrair' AIRFLOW_CTX_EXECUTION_DATE='2024-04-28T00:00:00+00:00' AIRFLOW_CTX_TRY_NUMBER='1' AIRFLOW_CTX_DAG_RUN_ID='scheduled__2024-04-28T00:00:00+00:00'
[2024-10-02T19:01:37.187+0000] {taskinstance.py:430} INFO - ::endgroup::
[2024-10-02T19:01:42.040+0000] {python.py:237} INFO - Done. Returned value was: None
[2024-10-02T19:01:42.040+0000] {taskinstance.py:441} INFO - ::group::Post task execution logs
[2024-10-02T19:01:42.050+0000] {taskinstance.py:1206} INFO - Marking task as SUCCESS. dag_id=etl_covid_europa_pipeline, task_id=extrair, run_id=scheduled__2024-04-28T00:00:00+00:00, execution_date=20240428T000000, start_date=20241002T190136, end_date=20241002T190142
[2024-10-02T19:01:42.075+0000] {local_task_job_runner.py:240} INFO - Task exited with return code 0
[2024-10-02T19:01:42.094+0000] {taskinstance.py:3503} INFO - 1 downstream tasks scheduled from follow-on schedule check
[2024-10-02T19:01:42.096+0000] {local_task_job_runner.py:222} INFO - ::endgroup::
[2024-10-02T19:27:44.724+0000] {local_task_job_runner.py:120} INFO - ::group::Pre task execution logs
[2024-10-02T19:27:44.951+0000] {taskinstance.py:2076} INFO - Dependencies all met for dep_context=non-requeueable deps ti=<TaskInstance: etl_covid_europa_pipeline.extrair scheduled__2024-04-28T00:00:00+00:00 [queued]>
[2024-10-02T19:27:44.963+0000] {taskinstance.py:2076} INFO - Dependencies all met for dep_context=requeueable deps ti=<TaskInstance: etl_covid_europa_pipeline.extrair scheduled__2024-04-28T00:00:00+00:00 [queued]>
[2024-10-02T19:27:44.964+0000] {taskinstance.py:2306} INFO - Starting attempt 1 of 1
[2024-10-02T19:27:44.988+0000] {taskinstance.py:2330} INFO - Executing <Task(PythonOperator): extrair> on 2024-04-28 00:00:00+00:00
[2024-10-02T19:27:44.997+0000] {warnings.py:112} WARNING - /home/***/.local/lib/python3.12/site-packages/***/task/task_runner/standard_task_runner.py:61: DeprecationWarning: This process (pid=10508) is multi-threaded, use of fork() may lead to deadlocks in the child.
  pid = os.fork()

[2024-10-02T19:27:44.999+0000] {standard_task_runner.py:63} INFO - Started process 10526 to run task
[2024-10-02T19:27:45.002+0000] {standard_task_runner.py:90} INFO - Running: ['***', 'tasks', 'run', 'etl_covid_europa_pipeline', 'extrair', 'scheduled__2024-04-28T00:00:00+00:00', '--job-id', '2592', '--raw', '--subdir', 'DAGS_FOLDER/etl_pipeline_agrupar_continente.py', '--cfg-path', '/tmp/tmplu7jschl']
[2024-10-02T19:27:45.005+0000] {standard_task_runner.py:91} INFO - Job 2592: Subtask extrair
[2024-10-02T19:27:45.052+0000] {task_command.py:426} INFO - Running <TaskInstance: etl_covid_europa_pipeline.extrair scheduled__2024-04-28T00:00:00+00:00 [running]> on host 99de7dfc3871
[2024-10-02T19:27:45.154+0000] {taskinstance.py:2648} INFO - Exporting env vars: AIRFLOW_CTX_DAG_OWNER='***' AIRFLOW_CTX_DAG_ID='etl_covid_europa_pipeline' AIRFLOW_CTX_TASK_ID='extrair' AIRFLOW_CTX_EXECUTION_DATE='2024-04-28T00:00:00+00:00' AIRFLOW_CTX_TRY_NUMBER='1' AIRFLOW_CTX_DAG_RUN_ID='scheduled__2024-04-28T00:00:00+00:00'
[2024-10-02T19:27:45.155+0000] {taskinstance.py:430} INFO - ::endgroup::
[2024-10-02T19:27:51.141+0000] {python.py:237} INFO - Done. Returned value was: None
[2024-10-02T19:27:51.141+0000] {taskinstance.py:441} INFO - ::group::Post task execution logs
[2024-10-02T19:27:51.150+0000] {taskinstance.py:1206} INFO - Marking task as SUCCESS. dag_id=etl_covid_europa_pipeline, task_id=extrair, run_id=scheduled__2024-04-28T00:00:00+00:00, execution_date=20240428T000000, start_date=20241002T192744, end_date=20241002T192751
[2024-10-02T19:27:51.264+0000] {local_task_job_runner.py:240} INFO - Task exited with return code 0
[2024-10-02T19:27:51.298+0000] {taskinstance.py:3503} INFO - 1 downstream tasks scheduled from follow-on schedule check
[2024-10-02T19:27:51.302+0000] {local_task_job_runner.py:222} INFO - ::endgroup::
