[2024-10-02T17:31:55.776+0000] {local_task_job_runner.py:120} INFO - ::group::Pre task execution logs
[2024-10-02T17:31:55.801+0000] {taskinstance.py:2076} INFO - Dependencies all met for dep_context=non-requeueable deps ti=<TaskInstance: etl_covid_europa_pipeline.extrair scheduled__2024-09-26T00:00:00+00:00 [queued]>
[2024-10-02T17:31:55.809+0000] {taskinstance.py:2076} INFO - Dependencies all met for dep_context=requeueable deps ti=<TaskInstance: etl_covid_europa_pipeline.extrair scheduled__2024-09-26T00:00:00+00:00 [queued]>
[2024-10-02T17:31:55.809+0000] {taskinstance.py:2306} INFO - Starting attempt 1 of 1
[2024-10-02T17:31:56.065+0000] {taskinstance.py:2330} INFO - Executing <Task(PythonOperator): extrair> on 2024-09-26 00:00:00+00:00
[2024-10-02T17:31:56.072+0000] {warnings.py:112} WARNING - /home/***/.local/lib/python3.12/site-packages/***/task/task_runner/standard_task_runner.py:61: DeprecationWarning: This process (pid=3172) is multi-threaded, use of fork() may lead to deadlocks in the child.
  pid = os.fork()

[2024-10-02T17:31:56.074+0000] {standard_task_runner.py:63} INFO - Started process 3187 to run task
[2024-10-02T17:31:56.074+0000] {standard_task_runner.py:90} INFO - Running: ['***', 'tasks', 'run', 'etl_covid_europa_pipeline', 'extrair', 'scheduled__2024-09-26T00:00:00+00:00', '--job-id', '647', '--raw', '--subdir', 'DAGS_FOLDER/etl_pipeline.py', '--cfg-path', '/tmp/tmpxa0xn22g']
[2024-10-02T17:31:56.076+0000] {standard_task_runner.py:91} INFO - Job 647: Subtask extrair
[2024-10-02T17:31:56.124+0000] {task_command.py:426} INFO - Running <TaskInstance: etl_covid_europa_pipeline.extrair scheduled__2024-09-26T00:00:00+00:00 [running]> on host 99de7dfc3871
[2024-10-02T17:31:56.207+0000] {taskinstance.py:2648} INFO - Exporting env vars: AIRFLOW_CTX_DAG_OWNER='***' AIRFLOW_CTX_DAG_ID='etl_covid_europa_pipeline' AIRFLOW_CTX_TASK_ID='extrair' AIRFLOW_CTX_EXECUTION_DATE='2024-09-26T00:00:00+00:00' AIRFLOW_CTX_TRY_NUMBER='1' AIRFLOW_CTX_DAG_RUN_ID='scheduled__2024-09-26T00:00:00+00:00'
[2024-10-02T17:31:56.208+0000] {taskinstance.py:430} INFO - ::endgroup::
[2024-10-02T17:32:03.248+0000] {python.py:237} INFO - Done. Returned value was: None
[2024-10-02T17:32:03.249+0000] {taskinstance.py:441} INFO - ::group::Post task execution logs
[2024-10-02T17:32:03.259+0000] {taskinstance.py:1206} INFO - Marking task as SUCCESS. dag_id=etl_covid_europa_pipeline, task_id=extrair, run_id=scheduled__2024-09-26T00:00:00+00:00, execution_date=20240926T000000, start_date=20241002T173155, end_date=20241002T173203
[2024-10-02T17:32:03.306+0000] {local_task_job_runner.py:240} INFO - Task exited with return code 0
[2024-10-02T17:32:03.331+0000] {taskinstance.py:3503} INFO - 1 downstream tasks scheduled from follow-on schedule check
[2024-10-02T17:32:03.333+0000] {local_task_job_runner.py:222} INFO - ::endgroup::
[2024-10-02T18:55:37.557+0000] {local_task_job_runner.py:120} INFO - ::group::Pre task execution logs
[2024-10-02T18:55:37.581+0000] {taskinstance.py:2076} INFO - Dependencies all met for dep_context=non-requeueable deps ti=<TaskInstance: etl_covid_europa_pipeline.extrair scheduled__2024-09-26T00:00:00+00:00 [queued]>
[2024-10-02T18:55:37.725+0000] {taskinstance.py:2076} INFO - Dependencies all met for dep_context=requeueable deps ti=<TaskInstance: etl_covid_europa_pipeline.extrair scheduled__2024-09-26T00:00:00+00:00 [queued]>
[2024-10-02T18:55:37.726+0000] {taskinstance.py:2306} INFO - Starting attempt 1 of 1
[2024-10-02T18:55:37.737+0000] {taskinstance.py:2330} INFO - Executing <Task(PythonOperator): extrair> on 2024-09-26 00:00:00+00:00
[2024-10-02T18:55:37.741+0000] {warnings.py:112} WARNING - /home/***/.local/lib/python3.12/site-packages/***/task/task_runner/standard_task_runner.py:61: DeprecationWarning: This process (pid=5086) is multi-threaded, use of fork() may lead to deadlocks in the child.
  pid = os.fork()

[2024-10-02T18:55:37.743+0000] {standard_task_runner.py:63} INFO - Started process 5094 to run task
[2024-10-02T18:55:37.743+0000] {standard_task_runner.py:90} INFO - Running: ['***', 'tasks', 'run', 'etl_covid_europa_pipeline', 'extrair', 'scheduled__2024-09-26T00:00:00+00:00', '--job-id', '922', '--raw', '--subdir', 'DAGS_FOLDER/etl_pipeline.py', '--cfg-path', '/tmp/tmpse3q2h61']
[2024-10-02T18:55:37.745+0000] {standard_task_runner.py:91} INFO - Job 922: Subtask extrair
[2024-10-02T18:55:37.777+0000] {task_command.py:426} INFO - Running <TaskInstance: etl_covid_europa_pipeline.extrair scheduled__2024-09-26T00:00:00+00:00 [running]> on host 99de7dfc3871
[2024-10-02T18:55:37.855+0000] {taskinstance.py:2648} INFO - Exporting env vars: AIRFLOW_CTX_DAG_OWNER='***' AIRFLOW_CTX_DAG_ID='etl_covid_europa_pipeline' AIRFLOW_CTX_TASK_ID='extrair' AIRFLOW_CTX_EXECUTION_DATE='2024-09-26T00:00:00+00:00' AIRFLOW_CTX_TRY_NUMBER='1' AIRFLOW_CTX_DAG_RUN_ID='scheduled__2024-09-26T00:00:00+00:00'
[2024-10-02T18:55:37.858+0000] {taskinstance.py:430} INFO - ::endgroup::
[2024-10-02T18:55:47.126+0000] {python.py:237} INFO - Done. Returned value was: None
[2024-10-02T18:55:47.127+0000] {taskinstance.py:441} INFO - ::group::Post task execution logs
[2024-10-02T18:55:47.138+0000] {taskinstance.py:1206} INFO - Marking task as SUCCESS. dag_id=etl_covid_europa_pipeline, task_id=extrair, run_id=scheduled__2024-09-26T00:00:00+00:00, execution_date=20240926T000000, start_date=20241002T185537, end_date=20241002T185547
[2024-10-02T18:55:47.201+0000] {local_task_job_runner.py:240} INFO - Task exited with return code 0
[2024-10-02T18:55:47.210+0000] {local_task_job_runner.py:222} INFO - ::endgroup::
[2024-10-02T19:04:44.392+0000] {local_task_job_runner.py:120} INFO - ::group::Pre task execution logs
[2024-10-02T19:04:44.410+0000] {taskinstance.py:2076} INFO - Dependencies all met for dep_context=non-requeueable deps ti=<TaskInstance: etl_covid_europa_pipeline.extrair scheduled__2024-09-26T00:00:00+00:00 [queued]>
[2024-10-02T19:04:44.577+0000] {taskinstance.py:2076} INFO - Dependencies all met for dep_context=requeueable deps ti=<TaskInstance: etl_covid_europa_pipeline.extrair scheduled__2024-09-26T00:00:00+00:00 [queued]>
[2024-10-02T19:04:44.577+0000] {taskinstance.py:2306} INFO - Starting attempt 1 of 1
[2024-10-02T19:04:44.590+0000] {taskinstance.py:2330} INFO - Executing <Task(PythonOperator): extrair> on 2024-09-26 00:00:00+00:00
[2024-10-02T19:04:44.595+0000] {warnings.py:112} WARNING - /home/***/.local/lib/python3.12/site-packages/***/task/task_runner/standard_task_runner.py:61: DeprecationWarning: This process (pid=8378) is multi-threaded, use of fork() may lead to deadlocks in the child.
  pid = os.fork()

[2024-10-02T19:04:44.596+0000] {standard_task_runner.py:63} INFO - Started process 8390 to run task
[2024-10-02T19:04:44.596+0000] {standard_task_runner.py:90} INFO - Running: ['***', 'tasks', 'run', 'etl_covid_europa_pipeline', 'extrair', 'scheduled__2024-09-26T00:00:00+00:00', '--job-id', '1980', '--raw', '--subdir', 'DAGS_FOLDER/etl_pipeline.py', '--cfg-path', '/tmp/tmpib4a4d97']
[2024-10-02T19:04:44.598+0000] {standard_task_runner.py:91} INFO - Job 1980: Subtask extrair
[2024-10-02T19:04:44.639+0000] {task_command.py:426} INFO - Running <TaskInstance: etl_covid_europa_pipeline.extrair scheduled__2024-09-26T00:00:00+00:00 [running]> on host 99de7dfc3871
[2024-10-02T19:04:44.717+0000] {taskinstance.py:2648} INFO - Exporting env vars: AIRFLOW_CTX_DAG_OWNER='***' AIRFLOW_CTX_DAG_ID='etl_covid_europa_pipeline' AIRFLOW_CTX_TASK_ID='extrair' AIRFLOW_CTX_EXECUTION_DATE='2024-09-26T00:00:00+00:00' AIRFLOW_CTX_TRY_NUMBER='1' AIRFLOW_CTX_DAG_RUN_ID='scheduled__2024-09-26T00:00:00+00:00'
[2024-10-02T19:04:44.720+0000] {taskinstance.py:430} INFO - ::endgroup::
[2024-10-02T19:04:49.936+0000] {python.py:237} INFO - Done. Returned value was: None
[2024-10-02T19:04:49.937+0000] {taskinstance.py:441} INFO - ::group::Post task execution logs
[2024-10-02T19:04:49.944+0000] {taskinstance.py:1206} INFO - Marking task as SUCCESS. dag_id=etl_covid_europa_pipeline, task_id=extrair, run_id=scheduled__2024-09-26T00:00:00+00:00, execution_date=20240926T000000, start_date=20241002T190444, end_date=20241002T190449
[2024-10-02T19:04:49.978+0000] {local_task_job_runner.py:240} INFO - Task exited with return code 0
[2024-10-02T19:04:49.998+0000] {taskinstance.py:3503} INFO - 1 downstream tasks scheduled from follow-on schedule check
[2024-10-02T19:04:50.007+0000] {local_task_job_runner.py:222} INFO - ::endgroup::
