[2024-10-02T19:01:24.241+0000] {local_task_job_runner.py:120} INFO - ::group::Pre task execution logs
[2024-10-02T19:01:24.262+0000] {taskinstance.py:2076} INFO - Dependencies all met for dep_context=non-requeueable deps ti=<TaskInstance: etl_covid_europa_pipeline.carregar scheduled__2024-04-10T00:00:00+00:00 [queued]>
[2024-10-02T19:01:24.270+0000] {taskinstance.py:2076} INFO - Dependencies all met for dep_context=requeueable deps ti=<TaskInstance: etl_covid_europa_pipeline.carregar scheduled__2024-04-10T00:00:00+00:00 [queued]>
[2024-10-02T19:01:24.270+0000] {taskinstance.py:2306} INFO - Starting attempt 1 of 1
[2024-10-02T19:01:24.440+0000] {taskinstance.py:2330} INFO - Executing <Task(PythonOperator): carregar> on 2024-04-10 00:00:00+00:00
[2024-10-02T19:01:24.445+0000] {warnings.py:112} WARNING - /home/***/.local/lib/python3.12/site-packages/***/task/task_runner/standard_task_runner.py:61: DeprecationWarning: This process (pid=7013) is multi-threaded, use of fork() may lead to deadlocks in the child.
  pid = os.fork()

[2024-10-02T19:01:24.446+0000] {standard_task_runner.py:63} INFO - Started process 7021 to run task
[2024-10-02T19:01:24.446+0000] {standard_task_runner.py:90} INFO - Running: ['***', 'tasks', 'run', 'etl_covid_europa_pipeline', 'carregar', 'scheduled__2024-04-10T00:00:00+00:00', '--job-id', '1539', '--raw', '--subdir', 'DAGS_FOLDER/etl_pipeline.py', '--cfg-path', '/tmp/tmpzuadt56g']
[2024-10-02T19:01:24.448+0000] {standard_task_runner.py:91} INFO - Job 1539: Subtask carregar
[2024-10-02T19:01:24.487+0000] {task_command.py:426} INFO - Running <TaskInstance: etl_covid_europa_pipeline.carregar scheduled__2024-04-10T00:00:00+00:00 [running]> on host 99de7dfc3871
[2024-10-02T19:01:24.577+0000] {taskinstance.py:2648} INFO - Exporting env vars: AIRFLOW_CTX_DAG_OWNER='***' AIRFLOW_CTX_DAG_ID='etl_covid_europa_pipeline' AIRFLOW_CTX_TASK_ID='carregar' AIRFLOW_CTX_EXECUTION_DATE='2024-04-10T00:00:00+00:00' AIRFLOW_CTX_TRY_NUMBER='1' AIRFLOW_CTX_DAG_RUN_ID='scheduled__2024-04-10T00:00:00+00:00'
[2024-10-02T19:01:24.579+0000] {taskinstance.py:430} INFO - ::endgroup::
[2024-10-02T19:01:24.635+0000] {python.py:237} INFO - Done. Returned value was: None
[2024-10-02T19:01:24.636+0000] {taskinstance.py:441} INFO - ::group::Post task execution logs
[2024-10-02T19:01:24.652+0000] {taskinstance.py:1206} INFO - Marking task as SUCCESS. dag_id=etl_covid_europa_pipeline, task_id=carregar, run_id=scheduled__2024-04-10T00:00:00+00:00, execution_date=20240410T000000, start_date=20241002T190124, end_date=20241002T190124
[2024-10-02T19:01:24.700+0000] {local_task_job_runner.py:240} INFO - Task exited with return code 0
[2024-10-02T19:01:24.713+0000] {local_task_job_runner.py:222} INFO - ::endgroup::
[2024-10-02T19:27:36.598+0000] {local_task_job_runner.py:120} INFO - ::group::Pre task execution logs
[2024-10-02T19:27:36.835+0000] {taskinstance.py:2076} INFO - Dependencies all met for dep_context=non-requeueable deps ti=<TaskInstance: etl_covid_europa_pipeline.carregar scheduled__2024-04-10T00:00:00+00:00 [queued]>
[2024-10-02T19:27:36.848+0000] {taskinstance.py:2076} INFO - Dependencies all met for dep_context=requeueable deps ti=<TaskInstance: etl_covid_europa_pipeline.carregar scheduled__2024-04-10T00:00:00+00:00 [queued]>
[2024-10-02T19:27:36.848+0000] {taskinstance.py:2306} INFO - Starting attempt 1 of 1
[2024-10-02T19:27:36.863+0000] {taskinstance.py:2330} INFO - Executing <Task(PythonOperator): carregar> on 2024-04-10 00:00:00+00:00
[2024-10-02T19:27:36.872+0000] {warnings.py:112} WARNING - /home/***/.local/lib/python3.12/site-packages/***/task/task_runner/standard_task_runner.py:61: DeprecationWarning: This process (pid=10453) is multi-threaded, use of fork() may lead to deadlocks in the child.
  pid = os.fork()

[2024-10-02T19:27:36.874+0000] {standard_task_runner.py:63} INFO - Started process 10471 to run task
[2024-10-02T19:27:36.874+0000] {standard_task_runner.py:90} INFO - Running: ['***', 'tasks', 'run', 'etl_covid_europa_pipeline', 'carregar', 'scheduled__2024-04-10T00:00:00+00:00', '--job-id', '2574', '--raw', '--subdir', 'DAGS_FOLDER/etl_pipeline_agrupar_continente.py', '--cfg-path', '/tmp/tmputlk3v7s']
[2024-10-02T19:27:36.876+0000] {standard_task_runner.py:91} INFO - Job 2574: Subtask carregar
[2024-10-02T19:27:36.929+0000] {task_command.py:426} INFO - Running <TaskInstance: etl_covid_europa_pipeline.carregar scheduled__2024-04-10T00:00:00+00:00 [running]> on host 99de7dfc3871
[2024-10-02T19:27:37.027+0000] {taskinstance.py:2648} INFO - Exporting env vars: AIRFLOW_CTX_DAG_OWNER='***' AIRFLOW_CTX_DAG_ID='etl_covid_europa_pipeline' AIRFLOW_CTX_TASK_ID='carregar' AIRFLOW_CTX_EXECUTION_DATE='2024-04-10T00:00:00+00:00' AIRFLOW_CTX_TRY_NUMBER='1' AIRFLOW_CTX_DAG_RUN_ID='scheduled__2024-04-10T00:00:00+00:00'
[2024-10-02T19:27:37.028+0000] {taskinstance.py:430} INFO - ::endgroup::
[2024-10-02T19:27:37.089+0000] {python.py:237} INFO - Done. Returned value was: None
[2024-10-02T19:27:37.090+0000] {taskinstance.py:441} INFO - ::group::Post task execution logs
[2024-10-02T19:27:37.098+0000] {taskinstance.py:1206} INFO - Marking task as SUCCESS. dag_id=etl_covid_europa_pipeline, task_id=carregar, run_id=scheduled__2024-04-10T00:00:00+00:00, execution_date=20240410T000000, start_date=20241002T192736, end_date=20241002T192737
[2024-10-02T19:27:37.128+0000] {local_task_job_runner.py:240} INFO - Task exited with return code 0
[2024-10-02T19:27:37.145+0000] {taskinstance.py:3503} INFO - 0 downstream tasks scheduled from follow-on schedule check
[2024-10-02T19:27:37.147+0000] {local_task_job_runner.py:222} INFO - ::endgroup::
