[2024-10-02T18:58:24.855+0000] {local_task_job_runner.py:120} INFO - ::group::Pre task execution logs
[2024-10-02T18:58:24.878+0000] {taskinstance.py:2076} INFO - Dependencies all met for dep_context=non-requeueable deps ti=<TaskInstance: etl_covid_europa_pipeline.carregar scheduled__2023-11-28T00:00:00+00:00 [queued]>
[2024-10-02T18:58:25.088+0000] {taskinstance.py:2076} INFO - Dependencies all met for dep_context=requeueable deps ti=<TaskInstance: etl_covid_europa_pipeline.carregar scheduled__2023-11-28T00:00:00+00:00 [queued]>
[2024-10-02T18:58:25.089+0000] {taskinstance.py:2306} INFO - Starting attempt 1 of 1
[2024-10-02T18:58:25.103+0000] {taskinstance.py:2330} INFO - Executing <Task(PythonOperator): carregar> on 2023-11-28 00:00:00+00:00
[2024-10-02T18:58:25.108+0000] {warnings.py:112} WARNING - /home/***/.local/lib/python3.12/site-packages/***/task/task_runner/standard_task_runner.py:61: DeprecationWarning: This process (pid=5821) is multi-threaded, use of fork() may lead to deadlocks in the child.
  pid = os.fork()

[2024-10-02T18:58:25.109+0000] {standard_task_runner.py:63} INFO - Started process 5834 to run task
[2024-10-02T18:58:25.110+0000] {standard_task_runner.py:90} INFO - Running: ['***', 'tasks', 'run', 'etl_covid_europa_pipeline', 'carregar', 'scheduled__2023-11-28T00:00:00+00:00', '--job-id', '1156', '--raw', '--subdir', 'DAGS_FOLDER/etl_pipeline.py', '--cfg-path', '/tmp/tmpr90f59lp']
[2024-10-02T18:58:25.111+0000] {standard_task_runner.py:91} INFO - Job 1156: Subtask carregar
[2024-10-02T18:58:25.158+0000] {task_command.py:426} INFO - Running <TaskInstance: etl_covid_europa_pipeline.carregar scheduled__2023-11-28T00:00:00+00:00 [running]> on host 99de7dfc3871
[2024-10-02T18:58:25.255+0000] {taskinstance.py:2648} INFO - Exporting env vars: AIRFLOW_CTX_DAG_OWNER='***' AIRFLOW_CTX_DAG_ID='etl_covid_europa_pipeline' AIRFLOW_CTX_TASK_ID='carregar' AIRFLOW_CTX_EXECUTION_DATE='2023-11-28T00:00:00+00:00' AIRFLOW_CTX_TRY_NUMBER='1' AIRFLOW_CTX_DAG_RUN_ID='scheduled__2023-11-28T00:00:00+00:00'
[2024-10-02T18:58:25.257+0000] {taskinstance.py:430} INFO - ::endgroup::
[2024-10-02T18:58:25.322+0000] {python.py:237} INFO - Done. Returned value was: None
[2024-10-02T18:58:25.323+0000] {taskinstance.py:441} INFO - ::group::Post task execution logs
[2024-10-02T18:58:25.331+0000] {taskinstance.py:1206} INFO - Marking task as SUCCESS. dag_id=etl_covid_europa_pipeline, task_id=carregar, run_id=scheduled__2023-11-28T00:00:00+00:00, execution_date=20231128T000000, start_date=20241002T185824, end_date=20241002T185825
[2024-10-02T18:58:25.363+0000] {local_task_job_runner.py:240} INFO - Task exited with return code 0
[2024-10-02T18:58:25.382+0000] {taskinstance.py:3503} INFO - 0 downstream tasks scheduled from follow-on schedule check
[2024-10-02T18:58:25.389+0000] {local_task_job_runner.py:222} INFO - ::endgroup::
[2024-10-02T19:24:33.346+0000] {local_task_job_runner.py:120} INFO - ::group::Pre task execution logs
[2024-10-02T19:24:33.383+0000] {taskinstance.py:2076} INFO - Dependencies all met for dep_context=non-requeueable deps ti=<TaskInstance: etl_covid_europa_pipeline.carregar scheduled__2023-11-28T00:00:00+00:00 [queued]>
[2024-10-02T19:24:33.400+0000] {taskinstance.py:2076} INFO - Dependencies all met for dep_context=requeueable deps ti=<TaskInstance: etl_covid_europa_pipeline.carregar scheduled__2023-11-28T00:00:00+00:00 [queued]>
[2024-10-02T19:24:33.400+0000] {taskinstance.py:2306} INFO - Starting attempt 1 of 1
[2024-10-02T19:24:33.764+0000] {taskinstance.py:2330} INFO - Executing <Task(PythonOperator): carregar> on 2023-11-28 00:00:00+00:00
[2024-10-02T19:24:33.779+0000] {warnings.py:112} WARNING - /home/***/.local/lib/python3.12/site-packages/***/task/task_runner/standard_task_runner.py:61: DeprecationWarning: This process (pid=9150) is multi-threaded, use of fork() may lead to deadlocks in the child.
  pid = os.fork()

[2024-10-02T19:24:33.781+0000] {standard_task_runner.py:63} INFO - Started process 9175 to run task
[2024-10-02T19:24:33.781+0000] {standard_task_runner.py:90} INFO - Running: ['***', 'tasks', 'run', 'etl_covid_europa_pipeline', 'carregar', 'scheduled__2023-11-28T00:00:00+00:00', '--job-id', '2152', '--raw', '--subdir', 'DAGS_FOLDER/etl_pipeline.py', '--cfg-path', '/tmp/tmplx8upwpj']
[2024-10-02T19:24:33.786+0000] {standard_task_runner.py:91} INFO - Job 2152: Subtask carregar
[2024-10-02T19:24:33.862+0000] {task_command.py:426} INFO - Running <TaskInstance: etl_covid_europa_pipeline.carregar scheduled__2023-11-28T00:00:00+00:00 [running]> on host 99de7dfc3871
[2024-10-02T19:24:33.995+0000] {taskinstance.py:2648} INFO - Exporting env vars: AIRFLOW_CTX_DAG_OWNER='***' AIRFLOW_CTX_DAG_ID='etl_covid_europa_pipeline' AIRFLOW_CTX_TASK_ID='carregar' AIRFLOW_CTX_EXECUTION_DATE='2023-11-28T00:00:00+00:00' AIRFLOW_CTX_TRY_NUMBER='1' AIRFLOW_CTX_DAG_RUN_ID='scheduled__2023-11-28T00:00:00+00:00'
[2024-10-02T19:24:33.998+0000] {taskinstance.py:430} INFO - ::endgroup::
[2024-10-02T19:24:34.100+0000] {python.py:237} INFO - Done. Returned value was: None
[2024-10-02T19:24:34.102+0000] {taskinstance.py:441} INFO - ::group::Post task execution logs
[2024-10-02T19:24:34.114+0000] {taskinstance.py:1206} INFO - Marking task as SUCCESS. dag_id=etl_covid_europa_pipeline, task_id=carregar, run_id=scheduled__2023-11-28T00:00:00+00:00, execution_date=20231128T000000, start_date=20241002T192433, end_date=20241002T192434
[2024-10-02T19:24:34.162+0000] {local_task_job_runner.py:240} INFO - Task exited with return code 0
[2024-10-02T19:24:34.190+0000] {taskinstance.py:3503} INFO - 0 downstream tasks scheduled from follow-on schedule check
[2024-10-02T19:24:34.194+0000] {local_task_job_runner.py:222} INFO - ::endgroup::
