[2024-10-02T17:31:18.181+0000] {local_task_job_runner.py:120} INFO - ::group::Pre task execution logs
[2024-10-02T17:31:18.207+0000] {taskinstance.py:2076} INFO - Dependencies all met for dep_context=non-requeueable deps ti=<TaskInstance: etl_covid_europa_pipeline.extrair scheduled__2024-08-21T00:00:00+00:00 [queued]>
[2024-10-02T17:31:18.213+0000] {taskinstance.py:2076} INFO - Dependencies all met for dep_context=requeueable deps ti=<TaskInstance: etl_covid_europa_pipeline.extrair scheduled__2024-08-21T00:00:00+00:00 [queued]>
[2024-10-02T17:31:18.214+0000] {taskinstance.py:2306} INFO - Starting attempt 1 of 1
[2024-10-02T17:31:18.421+0000] {taskinstance.py:2330} INFO - Executing <Task(PythonOperator): extrair> on 2024-08-21 00:00:00+00:00
[2024-10-02T17:31:18.428+0000] {warnings.py:112} WARNING - /home/***/.local/lib/python3.12/site-packages/***/task/task_runner/standard_task_runner.py:61: DeprecationWarning: This process (pid=2962) is multi-threaded, use of fork() may lead to deadlocks in the child.
  pid = os.fork()

[2024-10-02T17:31:18.429+0000] {standard_task_runner.py:63} INFO - Started process 2978 to run task
[2024-10-02T17:31:18.429+0000] {standard_task_runner.py:90} INFO - Running: ['***', 'tasks', 'run', 'etl_covid_europa_pipeline', 'extrair', 'scheduled__2024-08-21T00:00:00+00:00', '--job-id', '579', '--raw', '--subdir', 'DAGS_FOLDER/etl_pipeline.py', '--cfg-path', '/tmp/tmpl61pgpg8']
[2024-10-02T17:31:18.430+0000] {standard_task_runner.py:91} INFO - Job 579: Subtask extrair
[2024-10-02T17:31:18.477+0000] {task_command.py:426} INFO - Running <TaskInstance: etl_covid_europa_pipeline.extrair scheduled__2024-08-21T00:00:00+00:00 [running]> on host 99de7dfc3871
[2024-10-02T17:31:18.555+0000] {taskinstance.py:2648} INFO - Exporting env vars: AIRFLOW_CTX_DAG_OWNER='***' AIRFLOW_CTX_DAG_ID='etl_covid_europa_pipeline' AIRFLOW_CTX_TASK_ID='extrair' AIRFLOW_CTX_EXECUTION_DATE='2024-08-21T00:00:00+00:00' AIRFLOW_CTX_TRY_NUMBER='1' AIRFLOW_CTX_DAG_RUN_ID='scheduled__2024-08-21T00:00:00+00:00'
[2024-10-02T17:31:18.557+0000] {taskinstance.py:430} INFO - ::endgroup::
[2024-10-02T17:31:25.315+0000] {python.py:237} INFO - Done. Returned value was: None
[2024-10-02T17:31:25.315+0000] {taskinstance.py:441} INFO - ::group::Post task execution logs
[2024-10-02T17:31:25.323+0000] {taskinstance.py:1206} INFO - Marking task as SUCCESS. dag_id=etl_covid_europa_pipeline, task_id=extrair, run_id=scheduled__2024-08-21T00:00:00+00:00, execution_date=20240821T000000, start_date=20241002T173118, end_date=20241002T173125
[2024-10-02T17:31:25.373+0000] {local_task_job_runner.py:240} INFO - Task exited with return code 0
[2024-10-02T17:31:25.399+0000] {taskinstance.py:3503} INFO - 1 downstream tasks scheduled from follow-on schedule check
[2024-10-02T17:31:25.404+0000] {local_task_job_runner.py:222} INFO - ::endgroup::
[2024-10-02T18:55:02.695+0000] {local_task_job_runner.py:120} INFO - ::group::Pre task execution logs
[2024-10-02T18:55:02.720+0000] {taskinstance.py:2076} INFO - Dependencies all met for dep_context=non-requeueable deps ti=<TaskInstance: etl_covid_europa_pipeline.extrair scheduled__2024-08-21T00:00:00+00:00 [queued]>
[2024-10-02T18:55:02.902+0000] {taskinstance.py:2076} INFO - Dependencies all met for dep_context=requeueable deps ti=<TaskInstance: etl_covid_europa_pipeline.extrair scheduled__2024-08-21T00:00:00+00:00 [queued]>
[2024-10-02T18:55:02.903+0000] {taskinstance.py:2306} INFO - Starting attempt 1 of 1
[2024-10-02T18:55:02.997+0000] {taskinstance.py:2330} INFO - Executing <Task(PythonOperator): extrair> on 2024-08-21 00:00:00+00:00
[2024-10-02T18:55:03.005+0000] {warnings.py:112} WARNING - /home/***/.local/lib/python3.12/site-packages/***/task/task_runner/standard_task_runner.py:61: DeprecationWarning: This process (pid=4786) is multi-threaded, use of fork() may lead to deadlocks in the child.
  pid = os.fork()

[2024-10-02T18:55:03.006+0000] {standard_task_runner.py:63} INFO - Started process 4801 to run task
[2024-10-02T18:55:03.006+0000] {standard_task_runner.py:90} INFO - Running: ['***', 'tasks', 'run', 'etl_covid_europa_pipeline', 'extrair', 'scheduled__2024-08-21T00:00:00+00:00', '--job-id', '825', '--raw', '--subdir', 'DAGS_FOLDER/etl_pipeline.py', '--cfg-path', '/tmp/tmpnd27ku_9']
[2024-10-02T18:55:03.009+0000] {standard_task_runner.py:91} INFO - Job 825: Subtask extrair
[2024-10-02T18:55:03.051+0000] {task_command.py:426} INFO - Running <TaskInstance: etl_covid_europa_pipeline.extrair scheduled__2024-08-21T00:00:00+00:00 [running]> on host 99de7dfc3871
[2024-10-02T18:55:03.151+0000] {taskinstance.py:2648} INFO - Exporting env vars: AIRFLOW_CTX_DAG_OWNER='***' AIRFLOW_CTX_DAG_ID='etl_covid_europa_pipeline' AIRFLOW_CTX_TASK_ID='extrair' AIRFLOW_CTX_EXECUTION_DATE='2024-08-21T00:00:00+00:00' AIRFLOW_CTX_TRY_NUMBER='1' AIRFLOW_CTX_DAG_RUN_ID='scheduled__2024-08-21T00:00:00+00:00'
[2024-10-02T18:55:03.154+0000] {taskinstance.py:430} INFO - ::endgroup::
[2024-10-02T18:55:10.401+0000] {python.py:237} INFO - Done. Returned value was: None
[2024-10-02T18:55:10.402+0000] {taskinstance.py:441} INFO - ::group::Post task execution logs
[2024-10-02T18:55:10.410+0000] {taskinstance.py:1206} INFO - Marking task as SUCCESS. dag_id=etl_covid_europa_pipeline, task_id=extrair, run_id=scheduled__2024-08-21T00:00:00+00:00, execution_date=20240821T000000, start_date=20241002T185502, end_date=20241002T185510
[2024-10-02T18:55:10.489+0000] {local_task_job_runner.py:240} INFO - Task exited with return code 0
[2024-10-02T18:55:10.513+0000] {taskinstance.py:3503} INFO - 1 downstream tasks scheduled from follow-on schedule check
[2024-10-02T18:55:10.515+0000] {local_task_job_runner.py:222} INFO - ::endgroup::
[2024-10-02T19:04:03.034+0000] {local_task_job_runner.py:120} INFO - ::group::Pre task execution logs
[2024-10-02T19:04:03.061+0000] {taskinstance.py:2076} INFO - Dependencies all met for dep_context=non-requeueable deps ti=<TaskInstance: etl_covid_europa_pipeline.extrair scheduled__2024-08-21T00:00:00+00:00 [queued]>
[2024-10-02T19:04:03.070+0000] {taskinstance.py:2076} INFO - Dependencies all met for dep_context=requeueable deps ti=<TaskInstance: etl_covid_europa_pipeline.extrair scheduled__2024-08-21T00:00:00+00:00 [queued]>
[2024-10-02T19:04:03.071+0000] {taskinstance.py:2306} INFO - Starting attempt 1 of 1
[2024-10-02T19:04:03.369+0000] {taskinstance.py:2330} INFO - Executing <Task(PythonOperator): extrair> on 2024-08-21 00:00:00+00:00
[2024-10-02T19:04:03.376+0000] {warnings.py:112} WARNING - /home/***/.local/lib/python3.12/site-packages/***/task/task_runner/standard_task_runner.py:61: DeprecationWarning: This process (pid=8067) is multi-threaded, use of fork() may lead to deadlocks in the child.
  pid = os.fork()

[2024-10-02T19:04:03.380+0000] {standard_task_runner.py:63} INFO - Started process 8084 to run task
[2024-10-02T19:04:03.379+0000] {standard_task_runner.py:90} INFO - Running: ['***', 'tasks', 'run', 'etl_covid_europa_pipeline', 'extrair', 'scheduled__2024-08-21T00:00:00+00:00', '--job-id', '1880', '--raw', '--subdir', 'DAGS_FOLDER/etl_pipeline.py', '--cfg-path', '/tmp/tmpd5ofs9kk']
[2024-10-02T19:04:03.385+0000] {standard_task_runner.py:91} INFO - Job 1880: Subtask extrair
[2024-10-02T19:04:03.435+0000] {task_command.py:426} INFO - Running <TaskInstance: etl_covid_europa_pipeline.extrair scheduled__2024-08-21T00:00:00+00:00 [running]> on host 99de7dfc3871
[2024-10-02T19:04:03.525+0000] {taskinstance.py:2648} INFO - Exporting env vars: AIRFLOW_CTX_DAG_OWNER='***' AIRFLOW_CTX_DAG_ID='etl_covid_europa_pipeline' AIRFLOW_CTX_TASK_ID='extrair' AIRFLOW_CTX_EXECUTION_DATE='2024-08-21T00:00:00+00:00' AIRFLOW_CTX_TRY_NUMBER='1' AIRFLOW_CTX_DAG_RUN_ID='scheduled__2024-08-21T00:00:00+00:00'
[2024-10-02T19:04:03.527+0000] {taskinstance.py:430} INFO - ::endgroup::
[2024-10-02T19:04:09.100+0000] {python.py:237} INFO - Done. Returned value was: None
[2024-10-02T19:04:09.101+0000] {taskinstance.py:441} INFO - ::group::Post task execution logs
[2024-10-02T19:04:09.112+0000] {taskinstance.py:1206} INFO - Marking task as SUCCESS. dag_id=etl_covid_europa_pipeline, task_id=extrair, run_id=scheduled__2024-08-21T00:00:00+00:00, execution_date=20240821T000000, start_date=20241002T190403, end_date=20241002T190409
[2024-10-02T19:04:09.163+0000] {local_task_job_runner.py:240} INFO - Task exited with return code 0
[2024-10-02T19:04:09.186+0000] {taskinstance.py:3503} INFO - 1 downstream tasks scheduled from follow-on schedule check
[2024-10-02T19:04:09.189+0000] {local_task_job_runner.py:222} INFO - ::endgroup::
