[2024-10-02T17:31:19.940+0000] {local_task_job_runner.py:120} INFO - ::group::Pre task execution logs
[2024-10-02T17:31:19.959+0000] {taskinstance.py:2076} INFO - Dependencies all met for dep_context=non-requeueable deps ti=<TaskInstance: etl_covid_europa_pipeline.extrair scheduled__2024-08-30T00:00:00+00:00 [queued]>
[2024-10-02T17:31:19.966+0000] {taskinstance.py:2076} INFO - Dependencies all met for dep_context=requeueable deps ti=<TaskInstance: etl_covid_europa_pipeline.extrair scheduled__2024-08-30T00:00:00+00:00 [queued]>
[2024-10-02T17:31:19.966+0000] {taskinstance.py:2306} INFO - Starting attempt 1 of 1
[2024-10-02T17:31:20.129+0000] {taskinstance.py:2330} INFO - Executing <Task(PythonOperator): extrair> on 2024-08-30 00:00:00+00:00
[2024-10-02T17:31:20.134+0000] {warnings.py:112} WARNING - /home/***/.local/lib/python3.12/site-packages/***/task/task_runner/standard_task_runner.py:61: DeprecationWarning: This process (pid=2990) is multi-threaded, use of fork() may lead to deadlocks in the child.
  pid = os.fork()

[2024-10-02T17:31:20.136+0000] {standard_task_runner.py:63} INFO - Started process 2998 to run task
[2024-10-02T17:31:20.136+0000] {standard_task_runner.py:90} INFO - Running: ['***', 'tasks', 'run', 'etl_covid_europa_pipeline', 'extrair', 'scheduled__2024-08-30T00:00:00+00:00', '--job-id', '588', '--raw', '--subdir', 'DAGS_FOLDER/etl_pipeline.py', '--cfg-path', '/tmp/tmpd1p43q4q']
[2024-10-02T17:31:20.138+0000] {standard_task_runner.py:91} INFO - Job 588: Subtask extrair
[2024-10-02T17:31:20.178+0000] {task_command.py:426} INFO - Running <TaskInstance: etl_covid_europa_pipeline.extrair scheduled__2024-08-30T00:00:00+00:00 [running]> on host 99de7dfc3871
[2024-10-02T17:31:20.248+0000] {taskinstance.py:2648} INFO - Exporting env vars: AIRFLOW_CTX_DAG_OWNER='***' AIRFLOW_CTX_DAG_ID='etl_covid_europa_pipeline' AIRFLOW_CTX_TASK_ID='extrair' AIRFLOW_CTX_EXECUTION_DATE='2024-08-30T00:00:00+00:00' AIRFLOW_CTX_TRY_NUMBER='1' AIRFLOW_CTX_DAG_RUN_ID='scheduled__2024-08-30T00:00:00+00:00'
[2024-10-02T17:31:20.249+0000] {taskinstance.py:430} INFO - ::endgroup::
[2024-10-02T17:31:26.893+0000] {python.py:237} INFO - Done. Returned value was: None
[2024-10-02T17:31:26.895+0000] {taskinstance.py:441} INFO - ::group::Post task execution logs
[2024-10-02T17:31:26.906+0000] {taskinstance.py:1206} INFO - Marking task as SUCCESS. dag_id=etl_covid_europa_pipeline, task_id=extrair, run_id=scheduled__2024-08-30T00:00:00+00:00, execution_date=20240830T000000, start_date=20241002T173119, end_date=20241002T173126
[2024-10-02T17:31:26.964+0000] {local_task_job_runner.py:240} INFO - Task exited with return code 0
[2024-10-02T17:31:26.990+0000] {taskinstance.py:3503} INFO - 1 downstream tasks scheduled from follow-on schedule check
[2024-10-02T17:31:26.994+0000] {local_task_job_runner.py:222} INFO - ::endgroup::
[2024-10-02T18:55:17.176+0000] {local_task_job_runner.py:120} INFO - ::group::Pre task execution logs
[2024-10-02T18:55:17.201+0000] {taskinstance.py:2076} INFO - Dependencies all met for dep_context=non-requeueable deps ti=<TaskInstance: etl_covid_europa_pipeline.extrair scheduled__2024-08-30T00:00:00+00:00 [queued]>
[2024-10-02T18:55:17.214+0000] {taskinstance.py:2076} INFO - Dependencies all met for dep_context=requeueable deps ti=<TaskInstance: etl_covid_europa_pipeline.extrair scheduled__2024-08-30T00:00:00+00:00 [queued]>
[2024-10-02T18:55:17.215+0000] {taskinstance.py:2306} INFO - Starting attempt 1 of 1
[2024-10-02T18:55:17.426+0000] {taskinstance.py:2330} INFO - Executing <Task(PythonOperator): extrair> on 2024-08-30 00:00:00+00:00
[2024-10-02T18:55:17.435+0000] {warnings.py:112} WARNING - /home/***/.local/lib/python3.12/site-packages/***/task/task_runner/standard_task_runner.py:61: DeprecationWarning: This process (pid=4902) is multi-threaded, use of fork() may lead to deadlocks in the child.
  pid = os.fork()

[2024-10-02T18:55:17.437+0000] {standard_task_runner.py:63} INFO - Started process 4919 to run task
[2024-10-02T18:55:17.437+0000] {standard_task_runner.py:90} INFO - Running: ['***', 'tasks', 'run', 'etl_covid_europa_pipeline', 'extrair', 'scheduled__2024-08-30T00:00:00+00:00', '--job-id', '863', '--raw', '--subdir', 'DAGS_FOLDER/etl_pipeline.py', '--cfg-path', '/tmp/tmp_cn2u23t']
[2024-10-02T18:55:17.439+0000] {standard_task_runner.py:91} INFO - Job 863: Subtask extrair
[2024-10-02T18:55:17.484+0000] {task_command.py:426} INFO - Running <TaskInstance: etl_covid_europa_pipeline.extrair scheduled__2024-08-30T00:00:00+00:00 [running]> on host 99de7dfc3871
[2024-10-02T18:55:17.590+0000] {taskinstance.py:2648} INFO - Exporting env vars: AIRFLOW_CTX_DAG_OWNER='***' AIRFLOW_CTX_DAG_ID='etl_covid_europa_pipeline' AIRFLOW_CTX_TASK_ID='extrair' AIRFLOW_CTX_EXECUTION_DATE='2024-08-30T00:00:00+00:00' AIRFLOW_CTX_TRY_NUMBER='1' AIRFLOW_CTX_DAG_RUN_ID='scheduled__2024-08-30T00:00:00+00:00'
[2024-10-02T18:55:17.592+0000] {taskinstance.py:430} INFO - ::endgroup::
[2024-10-02T18:55:23.464+0000] {python.py:237} INFO - Done. Returned value was: None
[2024-10-02T18:55:23.465+0000] {taskinstance.py:441} INFO - ::group::Post task execution logs
[2024-10-02T18:55:23.474+0000] {taskinstance.py:1206} INFO - Marking task as SUCCESS. dag_id=etl_covid_europa_pipeline, task_id=extrair, run_id=scheduled__2024-08-30T00:00:00+00:00, execution_date=20240830T000000, start_date=20241002T185517, end_date=20241002T185523
[2024-10-02T18:55:23.497+0000] {local_task_job_runner.py:240} INFO - Task exited with return code 0
[2024-10-02T18:55:23.527+0000] {taskinstance.py:3503} INFO - 1 downstream tasks scheduled from follow-on schedule check
[2024-10-02T18:55:23.529+0000] {local_task_job_runner.py:222} INFO - ::endgroup::
[2024-10-02T19:04:04.538+0000] {local_task_job_runner.py:120} INFO - ::group::Pre task execution logs
[2024-10-02T19:04:04.561+0000] {taskinstance.py:2076} INFO - Dependencies all met for dep_context=non-requeueable deps ti=<TaskInstance: etl_covid_europa_pipeline.extrair scheduled__2024-08-30T00:00:00+00:00 [queued]>
[2024-10-02T19:04:04.753+0000] {taskinstance.py:2076} INFO - Dependencies all met for dep_context=requeueable deps ti=<TaskInstance: etl_covid_europa_pipeline.extrair scheduled__2024-08-30T00:00:00+00:00 [queued]>
[2024-10-02T19:04:04.754+0000] {taskinstance.py:2306} INFO - Starting attempt 1 of 1
[2024-10-02T19:04:04.833+0000] {taskinstance.py:2330} INFO - Executing <Task(PythonOperator): extrair> on 2024-08-30 00:00:00+00:00
[2024-10-02T19:04:04.840+0000] {warnings.py:112} WARNING - /home/***/.local/lib/python3.12/site-packages/***/task/task_runner/standard_task_runner.py:61: DeprecationWarning: This process (pid=8091) is multi-threaded, use of fork() may lead to deadlocks in the child.
  pid = os.fork()

[2024-10-02T19:04:04.841+0000] {standard_task_runner.py:63} INFO - Started process 8106 to run task
[2024-10-02T19:04:04.841+0000] {standard_task_runner.py:90} INFO - Running: ['***', 'tasks', 'run', 'etl_covid_europa_pipeline', 'extrair', 'scheduled__2024-08-30T00:00:00+00:00', '--job-id', '1889', '--raw', '--subdir', 'DAGS_FOLDER/etl_pipeline.py', '--cfg-path', '/tmp/tmpmbtfl8zt']
[2024-10-02T19:04:04.843+0000] {standard_task_runner.py:91} INFO - Job 1889: Subtask extrair
[2024-10-02T19:04:04.891+0000] {task_command.py:426} INFO - Running <TaskInstance: etl_covid_europa_pipeline.extrair scheduled__2024-08-30T00:00:00+00:00 [running]> on host 99de7dfc3871
[2024-10-02T19:04:04.968+0000] {taskinstance.py:2648} INFO - Exporting env vars: AIRFLOW_CTX_DAG_OWNER='***' AIRFLOW_CTX_DAG_ID='etl_covid_europa_pipeline' AIRFLOW_CTX_TASK_ID='extrair' AIRFLOW_CTX_EXECUTION_DATE='2024-08-30T00:00:00+00:00' AIRFLOW_CTX_TRY_NUMBER='1' AIRFLOW_CTX_DAG_RUN_ID='scheduled__2024-08-30T00:00:00+00:00'
[2024-10-02T19:04:04.972+0000] {taskinstance.py:430} INFO - ::endgroup::
[2024-10-02T19:04:10.132+0000] {python.py:237} INFO - Done. Returned value was: None
[2024-10-02T19:04:10.132+0000] {taskinstance.py:441} INFO - ::group::Post task execution logs
[2024-10-02T19:04:10.142+0000] {taskinstance.py:1206} INFO - Marking task as SUCCESS. dag_id=etl_covid_europa_pipeline, task_id=extrair, run_id=scheduled__2024-08-30T00:00:00+00:00, execution_date=20240830T000000, start_date=20241002T190404, end_date=20241002T190410
[2024-10-02T19:04:10.311+0000] {local_task_job_runner.py:240} INFO - Task exited with return code 0
[2024-10-02T19:04:10.340+0000] {taskinstance.py:3503} INFO - 1 downstream tasks scheduled from follow-on schedule check
[2024-10-02T19:04:10.343+0000] {local_task_job_runner.py:222} INFO - ::endgroup::
