[2024-10-02T17:30:26.335+0000] {local_task_job_runner.py:120} INFO - ::group::Pre task execution logs
[2024-10-02T17:30:26.361+0000] {taskinstance.py:2076} INFO - Dependencies all met for dep_context=non-requeueable deps ti=<TaskInstance: etl_covid_europa_pipeline.extrair scheduled__2024-07-02T00:00:00+00:00 [queued]>
[2024-10-02T17:30:26.369+0000] {taskinstance.py:2076} INFO - Dependencies all met for dep_context=requeueable deps ti=<TaskInstance: etl_covid_europa_pipeline.extrair scheduled__2024-07-02T00:00:00+00:00 [queued]>
[2024-10-02T17:30:26.369+0000] {taskinstance.py:2306} INFO - Starting attempt 1 of 1
[2024-10-02T17:30:26.562+0000] {taskinstance.py:2330} INFO - Executing <Task(PythonOperator): extrair> on 2024-07-02 00:00:00+00:00
[2024-10-02T17:30:26.568+0000] {warnings.py:112} WARNING - /home/***/.local/lib/python3.12/site-packages/***/task/task_runner/standard_task_runner.py:61: DeprecationWarning: This process (pid=2680) is multi-threaded, use of fork() may lead to deadlocks in the child.
  pid = os.fork()

[2024-10-02T17:30:26.570+0000] {standard_task_runner.py:63} INFO - Started process 2695 to run task
[2024-10-02T17:30:26.570+0000] {standard_task_runner.py:90} INFO - Running: ['***', 'tasks', 'run', 'etl_covid_europa_pipeline', 'extrair', 'scheduled__2024-07-02T00:00:00+00:00', '--job-id', '488', '--raw', '--subdir', 'DAGS_FOLDER/etl_pipeline.py', '--cfg-path', '/tmp/tmpjrak6_rf']
[2024-10-02T17:30:26.572+0000] {standard_task_runner.py:91} INFO - Job 488: Subtask extrair
[2024-10-02T17:30:26.619+0000] {task_command.py:426} INFO - Running <TaskInstance: etl_covid_europa_pipeline.extrair scheduled__2024-07-02T00:00:00+00:00 [running]> on host 99de7dfc3871
[2024-10-02T17:30:26.705+0000] {taskinstance.py:2648} INFO - Exporting env vars: AIRFLOW_CTX_DAG_OWNER='***' AIRFLOW_CTX_DAG_ID='etl_covid_europa_pipeline' AIRFLOW_CTX_TASK_ID='extrair' AIRFLOW_CTX_EXECUTION_DATE='2024-07-02T00:00:00+00:00' AIRFLOW_CTX_TRY_NUMBER='1' AIRFLOW_CTX_DAG_RUN_ID='scheduled__2024-07-02T00:00:00+00:00'
[2024-10-02T17:30:26.707+0000] {taskinstance.py:430} INFO - ::endgroup::
[2024-10-02T17:30:37.350+0000] {python.py:237} INFO - Done. Returned value was: None
[2024-10-02T17:30:37.351+0000] {taskinstance.py:441} INFO - ::group::Post task execution logs
[2024-10-02T17:30:37.359+0000] {taskinstance.py:1206} INFO - Marking task as SUCCESS. dag_id=etl_covid_europa_pipeline, task_id=extrair, run_id=scheduled__2024-07-02T00:00:00+00:00, execution_date=20240702T000000, start_date=20241002T173026, end_date=20241002T173037
[2024-10-02T17:30:37.400+0000] {local_task_job_runner.py:240} INFO - Task exited with return code 0
[2024-10-02T17:30:37.427+0000] {taskinstance.py:3503} INFO - 1 downstream tasks scheduled from follow-on schedule check
[2024-10-02T17:30:37.430+0000] {local_task_job_runner.py:222} INFO - ::endgroup::
[2024-10-02T18:54:04.228+0000] {local_task_job_runner.py:120} INFO - ::group::Pre task execution logs
[2024-10-02T18:54:04.259+0000] {taskinstance.py:2076} INFO - Dependencies all met for dep_context=non-requeueable deps ti=<TaskInstance: etl_covid_europa_pipeline.extrair scheduled__2024-07-02T00:00:00+00:00 [queued]>
[2024-10-02T18:54:04.267+0000] {taskinstance.py:2076} INFO - Dependencies all met for dep_context=requeueable deps ti=<TaskInstance: etl_covid_europa_pipeline.extrair scheduled__2024-07-02T00:00:00+00:00 [queued]>
[2024-10-02T18:54:04.267+0000] {taskinstance.py:2306} INFO - Starting attempt 1 of 1
[2024-10-02T18:54:04.478+0000] {taskinstance.py:2330} INFO - Executing <Task(PythonOperator): extrair> on 2024-07-02 00:00:00+00:00
[2024-10-02T18:54:04.487+0000] {warnings.py:112} WARNING - /home/***/.local/lib/python3.12/site-packages/***/task/task_runner/standard_task_runner.py:61: DeprecationWarning: This process (pid=4335) is multi-threaded, use of fork() may lead to deadlocks in the child.
  pid = os.fork()

[2024-10-02T18:54:04.490+0000] {standard_task_runner.py:63} INFO - Started process 4353 to run task
[2024-10-02T18:54:04.488+0000] {standard_task_runner.py:90} INFO - Running: ['***', 'tasks', 'run', 'etl_covid_europa_pipeline', 'extrair', 'scheduled__2024-07-02T00:00:00+00:00', '--job-id', '680', '--raw', '--subdir', 'DAGS_FOLDER/etl_pipeline.py', '--cfg-path', '/tmp/tmprq0s917o']
[2024-10-02T18:54:04.491+0000] {standard_task_runner.py:91} INFO - Job 680: Subtask extrair
[2024-10-02T18:54:04.556+0000] {task_command.py:426} INFO - Running <TaskInstance: etl_covid_europa_pipeline.extrair scheduled__2024-07-02T00:00:00+00:00 [running]> on host 99de7dfc3871
[2024-10-02T18:54:04.646+0000] {taskinstance.py:2648} INFO - Exporting env vars: AIRFLOW_CTX_DAG_OWNER='***' AIRFLOW_CTX_DAG_ID='etl_covid_europa_pipeline' AIRFLOW_CTX_TASK_ID='extrair' AIRFLOW_CTX_EXECUTION_DATE='2024-07-02T00:00:00+00:00' AIRFLOW_CTX_TRY_NUMBER='1' AIRFLOW_CTX_DAG_RUN_ID='scheduled__2024-07-02T00:00:00+00:00'
[2024-10-02T18:54:04.648+0000] {taskinstance.py:430} INFO - ::endgroup::
[2024-10-02T18:54:10.445+0000] {python.py:237} INFO - Done. Returned value was: None
[2024-10-02T18:54:10.445+0000] {taskinstance.py:441} INFO - ::group::Post task execution logs
[2024-10-02T18:54:10.453+0000] {taskinstance.py:1206} INFO - Marking task as SUCCESS. dag_id=etl_covid_europa_pipeline, task_id=extrair, run_id=scheduled__2024-07-02T00:00:00+00:00, execution_date=20240702T000000, start_date=20241002T185404, end_date=20241002T185410
[2024-10-02T18:54:10.513+0000] {local_task_job_runner.py:240} INFO - Task exited with return code 0
[2024-10-02T18:54:10.538+0000] {taskinstance.py:3503} INFO - 1 downstream tasks scheduled from follow-on schedule check
[2024-10-02T18:54:10.542+0000] {local_task_job_runner.py:222} INFO - ::endgroup::
[2024-10-02T19:03:06.139+0000] {local_task_job_runner.py:120} INFO - ::group::Pre task execution logs
[2024-10-02T19:03:06.344+0000] {taskinstance.py:2076} INFO - Dependencies all met for dep_context=non-requeueable deps ti=<TaskInstance: etl_covid_europa_pipeline.extrair scheduled__2024-07-02T00:00:00+00:00 [queued]>
[2024-10-02T19:03:06.354+0000] {taskinstance.py:2076} INFO - Dependencies all met for dep_context=requeueable deps ti=<TaskInstance: etl_covid_europa_pipeline.extrair scheduled__2024-07-02T00:00:00+00:00 [queued]>
[2024-10-02T19:03:06.354+0000] {taskinstance.py:2306} INFO - Starting attempt 1 of 1
[2024-10-02T19:03:06.371+0000] {taskinstance.py:2330} INFO - Executing <Task(PythonOperator): extrair> on 2024-07-02 00:00:00+00:00
[2024-10-02T19:03:06.377+0000] {warnings.py:112} WARNING - /home/***/.local/lib/python3.12/site-packages/***/task/task_runner/standard_task_runner.py:61: DeprecationWarning: This process (pid=7634) is multi-threaded, use of fork() may lead to deadlocks in the child.
  pid = os.fork()

[2024-10-02T19:03:06.379+0000] {standard_task_runner.py:63} INFO - Started process 7648 to run task
[2024-10-02T19:03:06.379+0000] {standard_task_runner.py:90} INFO - Running: ['***', 'tasks', 'run', 'etl_covid_europa_pipeline', 'extrair', 'scheduled__2024-07-02T00:00:00+00:00', '--job-id', '1737', '--raw', '--subdir', 'DAGS_FOLDER/etl_pipeline.py', '--cfg-path', '/tmp/tmpzui32ile']
[2024-10-02T19:03:06.381+0000] {standard_task_runner.py:91} INFO - Job 1737: Subtask extrair
[2024-10-02T19:03:06.428+0000] {task_command.py:426} INFO - Running <TaskInstance: etl_covid_europa_pipeline.extrair scheduled__2024-07-02T00:00:00+00:00 [running]> on host 99de7dfc3871
[2024-10-02T19:03:06.523+0000] {taskinstance.py:2648} INFO - Exporting env vars: AIRFLOW_CTX_DAG_OWNER='***' AIRFLOW_CTX_DAG_ID='etl_covid_europa_pipeline' AIRFLOW_CTX_TASK_ID='extrair' AIRFLOW_CTX_EXECUTION_DATE='2024-07-02T00:00:00+00:00' AIRFLOW_CTX_TRY_NUMBER='1' AIRFLOW_CTX_DAG_RUN_ID='scheduled__2024-07-02T00:00:00+00:00'
[2024-10-02T19:03:06.524+0000] {taskinstance.py:430} INFO - ::endgroup::
[2024-10-02T19:03:12.961+0000] {python.py:237} INFO - Done. Returned value was: None
[2024-10-02T19:03:12.961+0000] {taskinstance.py:441} INFO - ::group::Post task execution logs
[2024-10-02T19:03:12.971+0000] {taskinstance.py:1206} INFO - Marking task as SUCCESS. dag_id=etl_covid_europa_pipeline, task_id=extrair, run_id=scheduled__2024-07-02T00:00:00+00:00, execution_date=20240702T000000, start_date=20241002T190306, end_date=20241002T190312
[2024-10-02T19:03:13.009+0000] {local_task_job_runner.py:240} INFO - Task exited with return code 0
[2024-10-02T19:03:13.047+0000] {taskinstance.py:3503} INFO - 1 downstream tasks scheduled from follow-on schedule check
[2024-10-02T19:03:13.054+0000] {local_task_job_runner.py:222} INFO - ::endgroup::
