[2024-10-02T17:28:58.608+0000] {local_task_job_runner.py:120} INFO - ::group::Pre task execution logs
[2024-10-02T17:28:58.635+0000] {taskinstance.py:2076} INFO - Dependencies all met for dep_context=non-requeueable deps ti=<TaskInstance: etl_covid_europa_pipeline.extrair scheduled__2024-05-01T00:00:00+00:00 [queued]>
[2024-10-02T17:28:58.644+0000] {taskinstance.py:2076} INFO - Dependencies all met for dep_context=requeueable deps ti=<TaskInstance: etl_covid_europa_pipeline.extrair scheduled__2024-05-01T00:00:00+00:00 [queued]>
[2024-10-02T17:28:58.645+0000] {taskinstance.py:2306} INFO - Starting attempt 1 of 1
[2024-10-02T17:28:58.849+0000] {taskinstance.py:2330} INFO - Executing <Task(PythonOperator): extrair> on 2024-05-01 00:00:00+00:00
[2024-10-02T17:28:58.857+0000] {warnings.py:112} WARNING - /home/***/.local/lib/python3.12/site-packages/***/task/task_runner/standard_task_runner.py:61: DeprecationWarning: This process (pid=2306) is multi-threaded, use of fork() may lead to deadlocks in the child.
  pid = os.fork()

[2024-10-02T17:28:58.858+0000] {standard_task_runner.py:63} INFO - Started process 2323 to run task
[2024-10-02T17:28:58.859+0000] {standard_task_runner.py:90} INFO - Running: ['***', 'tasks', 'run', 'etl_covid_europa_pipeline', 'extrair', 'scheduled__2024-05-01T00:00:00+00:00', '--job-id', '370', '--raw', '--subdir', 'DAGS_FOLDER/etl_pipeline.py', '--cfg-path', '/tmp/tmplwpzp2_f']
[2024-10-02T17:28:58.861+0000] {standard_task_runner.py:91} INFO - Job 370: Subtask extrair
[2024-10-02T17:28:58.914+0000] {task_command.py:426} INFO - Running <TaskInstance: etl_covid_europa_pipeline.extrair scheduled__2024-05-01T00:00:00+00:00 [running]> on host 99de7dfc3871
[2024-10-02T17:28:58.998+0000] {taskinstance.py:2648} INFO - Exporting env vars: AIRFLOW_CTX_DAG_OWNER='***' AIRFLOW_CTX_DAG_ID='etl_covid_europa_pipeline' AIRFLOW_CTX_TASK_ID='extrair' AIRFLOW_CTX_EXECUTION_DATE='2024-05-01T00:00:00+00:00' AIRFLOW_CTX_TRY_NUMBER='1' AIRFLOW_CTX_DAG_RUN_ID='scheduled__2024-05-01T00:00:00+00:00'
[2024-10-02T17:28:59.000+0000] {taskinstance.py:430} INFO - ::endgroup::
[2024-10-02T17:29:05.918+0000] {python.py:237} INFO - Done. Returned value was: None
[2024-10-02T17:29:05.919+0000] {taskinstance.py:441} INFO - ::group::Post task execution logs
[2024-10-02T17:29:05.928+0000] {taskinstance.py:1206} INFO - Marking task as SUCCESS. dag_id=etl_covid_europa_pipeline, task_id=extrair, run_id=scheduled__2024-05-01T00:00:00+00:00, execution_date=20240501T000000, start_date=20241002T172858, end_date=20241002T172905
[2024-10-02T17:29:05.964+0000] {local_task_job_runner.py:240} INFO - Task exited with return code 0
[2024-10-02T17:29:05.990+0000] {taskinstance.py:3503} INFO - 1 downstream tasks scheduled from follow-on schedule check
[2024-10-02T17:29:05.993+0000] {local_task_job_runner.py:222} INFO - ::endgroup::
[2024-10-02T19:01:37.274+0000] {local_task_job_runner.py:120} INFO - ::group::Pre task execution logs
[2024-10-02T19:01:37.303+0000] {taskinstance.py:2076} INFO - Dependencies all met for dep_context=non-requeueable deps ti=<TaskInstance: etl_covid_europa_pipeline.extrair scheduled__2024-05-01T00:00:00+00:00 [queued]>
[2024-10-02T19:01:37.524+0000] {taskinstance.py:2076} INFO - Dependencies all met for dep_context=requeueable deps ti=<TaskInstance: etl_covid_europa_pipeline.extrair scheduled__2024-05-01T00:00:00+00:00 [queued]>
[2024-10-02T19:01:37.525+0000] {taskinstance.py:2306} INFO - Starting attempt 1 of 1
[2024-10-02T19:01:37.546+0000] {taskinstance.py:2330} INFO - Executing <Task(PythonOperator): extrair> on 2024-05-01 00:00:00+00:00
[2024-10-02T19:01:37.553+0000] {warnings.py:112} WARNING - /home/***/.local/lib/python3.12/site-packages/***/task/task_runner/standard_task_runner.py:61: DeprecationWarning: This process (pid=7083) is multi-threaded, use of fork() may lead to deadlocks in the child.
  pid = os.fork()

[2024-10-02T19:01:37.555+0000] {standard_task_runner.py:63} INFO - Started process 7102 to run task
[2024-10-02T19:01:37.554+0000] {standard_task_runner.py:90} INFO - Running: ['***', 'tasks', 'run', 'etl_covid_europa_pipeline', 'extrair', 'scheduled__2024-05-01T00:00:00+00:00', '--job-id', '1563', '--raw', '--subdir', 'DAGS_FOLDER/etl_pipeline.py', '--cfg-path', '/tmp/tmpd4y6e2ni']
[2024-10-02T19:01:37.556+0000] {standard_task_runner.py:91} INFO - Job 1563: Subtask extrair
[2024-10-02T19:01:37.600+0000] {task_command.py:426} INFO - Running <TaskInstance: etl_covid_europa_pipeline.extrair scheduled__2024-05-01T00:00:00+00:00 [running]> on host 99de7dfc3871
[2024-10-02T19:01:37.696+0000] {taskinstance.py:2648} INFO - Exporting env vars: AIRFLOW_CTX_DAG_OWNER='***' AIRFLOW_CTX_DAG_ID='etl_covid_europa_pipeline' AIRFLOW_CTX_TASK_ID='extrair' AIRFLOW_CTX_EXECUTION_DATE='2024-05-01T00:00:00+00:00' AIRFLOW_CTX_TRY_NUMBER='1' AIRFLOW_CTX_DAG_RUN_ID='scheduled__2024-05-01T00:00:00+00:00'
[2024-10-02T19:01:37.699+0000] {taskinstance.py:430} INFO - ::endgroup::
[2024-10-02T19:01:43.435+0000] {python.py:237} INFO - Done. Returned value was: None
[2024-10-02T19:01:43.435+0000] {taskinstance.py:441} INFO - ::group::Post task execution logs
[2024-10-02T19:01:43.446+0000] {taskinstance.py:1206} INFO - Marking task as SUCCESS. dag_id=etl_covid_europa_pipeline, task_id=extrair, run_id=scheduled__2024-05-01T00:00:00+00:00, execution_date=20240501T000000, start_date=20241002T190137, end_date=20241002T190143
[2024-10-02T19:01:43.622+0000] {local_task_job_runner.py:240} INFO - Task exited with return code 0
[2024-10-02T19:01:43.651+0000] {taskinstance.py:3503} INFO - 1 downstream tasks scheduled from follow-on schedule check
[2024-10-02T19:01:43.654+0000] {local_task_job_runner.py:222} INFO - ::endgroup::
[2024-10-02T19:27:45.246+0000] {local_task_job_runner.py:120} INFO - ::group::Pre task execution logs
[2024-10-02T19:27:45.483+0000] {taskinstance.py:2076} INFO - Dependencies all met for dep_context=non-requeueable deps ti=<TaskInstance: etl_covid_europa_pipeline.extrair scheduled__2024-05-01T00:00:00+00:00 [queued]>
[2024-10-02T19:27:45.493+0000] {taskinstance.py:2076} INFO - Dependencies all met for dep_context=requeueable deps ti=<TaskInstance: etl_covid_europa_pipeline.extrair scheduled__2024-05-01T00:00:00+00:00 [queued]>
[2024-10-02T19:27:45.495+0000] {taskinstance.py:2306} INFO - Starting attempt 1 of 1
[2024-10-02T19:27:45.651+0000] {taskinstance.py:2330} INFO - Executing <Task(PythonOperator): extrair> on 2024-05-01 00:00:00+00:00
[2024-10-02T19:27:45.658+0000] {warnings.py:112} WARNING - /home/***/.local/lib/python3.12/site-packages/***/task/task_runner/standard_task_runner.py:61: DeprecationWarning: This process (pid=10514) is multi-threaded, use of fork() may lead to deadlocks in the child.
  pid = os.fork()

[2024-10-02T19:27:45.660+0000] {standard_task_runner.py:63} INFO - Started process 10534 to run task
[2024-10-02T19:27:45.660+0000] {standard_task_runner.py:90} INFO - Running: ['***', 'tasks', 'run', 'etl_covid_europa_pipeline', 'extrair', 'scheduled__2024-05-01T00:00:00+00:00', '--job-id', '2595', '--raw', '--subdir', 'DAGS_FOLDER/etl_pipeline_agrupar_continente.py', '--cfg-path', '/tmp/tmpcfjy_pqg']
[2024-10-02T19:27:45.663+0000] {standard_task_runner.py:91} INFO - Job 2595: Subtask extrair
[2024-10-02T19:27:45.714+0000] {task_command.py:426} INFO - Running <TaskInstance: etl_covid_europa_pipeline.extrair scheduled__2024-05-01T00:00:00+00:00 [running]> on host 99de7dfc3871
[2024-10-02T19:27:45.843+0000] {taskinstance.py:2648} INFO - Exporting env vars: AIRFLOW_CTX_DAG_OWNER='***' AIRFLOW_CTX_DAG_ID='etl_covid_europa_pipeline' AIRFLOW_CTX_TASK_ID='extrair' AIRFLOW_CTX_EXECUTION_DATE='2024-05-01T00:00:00+00:00' AIRFLOW_CTX_TRY_NUMBER='1' AIRFLOW_CTX_DAG_RUN_ID='scheduled__2024-05-01T00:00:00+00:00'
[2024-10-02T19:27:45.846+0000] {taskinstance.py:430} INFO - ::endgroup::
[2024-10-02T19:27:51.478+0000] {python.py:237} INFO - Done. Returned value was: None
[2024-10-02T19:27:51.480+0000] {taskinstance.py:441} INFO - ::group::Post task execution logs
[2024-10-02T19:27:51.496+0000] {taskinstance.py:1206} INFO - Marking task as SUCCESS. dag_id=etl_covid_europa_pipeline, task_id=extrair, run_id=scheduled__2024-05-01T00:00:00+00:00, execution_date=20240501T000000, start_date=20241002T192745, end_date=20241002T192751
[2024-10-02T19:27:51.565+0000] {local_task_job_runner.py:240} INFO - Task exited with return code 0
[2024-10-02T19:27:51.603+0000] {taskinstance.py:3503} INFO - 1 downstream tasks scheduled from follow-on schedule check
[2024-10-02T19:27:51.607+0000] {local_task_job_runner.py:222} INFO - ::endgroup::
