[2024-10-02T18:59:41.232+0000] {local_task_job_runner.py:120} INFO - ::group::Pre task execution logs
[2024-10-02T18:59:41.266+0000] {taskinstance.py:2076} INFO - Dependencies all met for dep_context=non-requeueable deps ti=<TaskInstance: etl_covid_europa_pipeline.transformar scheduled__2024-01-30T00:00:00+00:00 [queued]>
[2024-10-02T18:59:41.512+0000] {taskinstance.py:2076} INFO - Dependencies all met for dep_context=requeueable deps ti=<TaskInstance: etl_covid_europa_pipeline.transformar scheduled__2024-01-30T00:00:00+00:00 [queued]>
[2024-10-02T18:59:41.512+0000] {taskinstance.py:2306} INFO - Starting attempt 1 of 1
[2024-10-02T18:59:41.536+0000] {taskinstance.py:2330} INFO - Executing <Task(PythonOperator): transformar> on 2024-01-30 00:00:00+00:00
[2024-10-02T18:59:41.543+0000] {warnings.py:112} WARNING - /home/***/.local/lib/python3.12/site-packages/***/task/task_runner/standard_task_runner.py:61: DeprecationWarning: This process (pid=6347) is multi-threaded, use of fork() may lead to deadlocks in the child.
  pid = os.fork()

[2024-10-02T18:59:41.545+0000] {standard_task_runner.py:63} INFO - Started process 6372 to run task
[2024-10-02T18:59:41.544+0000] {standard_task_runner.py:90} INFO - Running: ['***', 'tasks', 'run', 'etl_covid_europa_pipeline', 'transformar', 'scheduled__2024-01-30T00:00:00+00:00', '--job-id', '1328', '--raw', '--subdir', 'DAGS_FOLDER/etl_pipeline.py', '--cfg-path', '/tmp/tmp_8s1msp0']
[2024-10-02T18:59:41.549+0000] {standard_task_runner.py:91} INFO - Job 1328: Subtask transformar
[2024-10-02T18:59:41.613+0000] {task_command.py:426} INFO - Running <TaskInstance: etl_covid_europa_pipeline.transformar scheduled__2024-01-30T00:00:00+00:00 [running]> on host 99de7dfc3871
[2024-10-02T18:59:41.741+0000] {taskinstance.py:2648} INFO - Exporting env vars: AIRFLOW_CTX_DAG_OWNER='***' AIRFLOW_CTX_DAG_ID='etl_covid_europa_pipeline' AIRFLOW_CTX_TASK_ID='transformar' AIRFLOW_CTX_EXECUTION_DATE='2024-01-30T00:00:00+00:00' AIRFLOW_CTX_TRY_NUMBER='1' AIRFLOW_CTX_DAG_RUN_ID='scheduled__2024-01-30T00:00:00+00:00'
[2024-10-02T18:59:41.746+0000] {taskinstance.py:430} INFO - ::endgroup::
[2024-10-02T18:59:41.955+0000] {python.py:237} INFO - Done. Returned value was: None
[2024-10-02T18:59:41.956+0000] {taskinstance.py:441} INFO - ::group::Post task execution logs
[2024-10-02T18:59:41.968+0000] {taskinstance.py:1206} INFO - Marking task as SUCCESS. dag_id=etl_covid_europa_pipeline, task_id=transformar, run_id=scheduled__2024-01-30T00:00:00+00:00, execution_date=20240130T000000, start_date=20241002T185941, end_date=20241002T185941
[2024-10-02T18:59:42.165+0000] {local_task_job_runner.py:240} INFO - Task exited with return code 0
[2024-10-02T18:59:42.201+0000] {taskinstance.py:3503} INFO - 1 downstream tasks scheduled from follow-on schedule check
[2024-10-02T18:59:42.205+0000] {local_task_job_runner.py:222} INFO - ::endgroup::
[2024-10-02T19:25:48.215+0000] {local_task_job_runner.py:120} INFO - ::group::Pre task execution logs
[2024-10-02T19:25:48.655+0000] {taskinstance.py:2076} INFO - Dependencies all met for dep_context=non-requeueable deps ti=<TaskInstance: etl_covid_europa_pipeline.transformar scheduled__2024-01-30T00:00:00+00:00 [queued]>
[2024-10-02T19:25:48.678+0000] {taskinstance.py:2076} INFO - Dependencies all met for dep_context=requeueable deps ti=<TaskInstance: etl_covid_europa_pipeline.transformar scheduled__2024-01-30T00:00:00+00:00 [queued]>
[2024-10-02T19:25:48.679+0000] {taskinstance.py:2306} INFO - Starting attempt 1 of 1
[2024-10-02T19:25:48.742+0000] {taskinstance.py:2330} INFO - Executing <Task(PythonOperator): transformar> on 2024-01-30 00:00:00+00:00
[2024-10-02T19:25:48.773+0000] {warnings.py:112} WARNING - /home/***/.local/lib/python3.12/site-packages/***/task/task_runner/standard_task_runner.py:61: DeprecationWarning: This process (pid=9673) is multi-threaded, use of fork() may lead to deadlocks in the child.
  pid = os.fork()

[2024-10-02T19:25:48.776+0000] {standard_task_runner.py:90} INFO - Running: ['***', 'tasks', 'run', 'etl_covid_europa_pipeline', 'transformar', 'scheduled__2024-01-30T00:00:00+00:00', '--job-id', '2322', '--raw', '--subdir', 'DAGS_FOLDER/etl_pipeline.py', '--cfg-path', '/tmp/tmpj1hvd0ya']
[2024-10-02T19:25:48.793+0000] {standard_task_runner.py:63} INFO - Started process 9711 to run task
[2024-10-02T19:25:48.814+0000] {standard_task_runner.py:91} INFO - Job 2322: Subtask transformar
[2024-10-02T19:25:48.960+0000] {task_command.py:426} INFO - Running <TaskInstance: etl_covid_europa_pipeline.transformar scheduled__2024-01-30T00:00:00+00:00 [running]> on host 99de7dfc3871
[2024-10-02T19:25:49.154+0000] {taskinstance.py:2648} INFO - Exporting env vars: AIRFLOW_CTX_DAG_OWNER='***' AIRFLOW_CTX_DAG_ID='etl_covid_europa_pipeline' AIRFLOW_CTX_TASK_ID='transformar' AIRFLOW_CTX_EXECUTION_DATE='2024-01-30T00:00:00+00:00' AIRFLOW_CTX_TRY_NUMBER='1' AIRFLOW_CTX_DAG_RUN_ID='scheduled__2024-01-30T00:00:00+00:00'
[2024-10-02T19:25:49.156+0000] {taskinstance.py:430} INFO - ::endgroup::
[2024-10-02T19:25:49.448+0000] {python.py:237} INFO - Done. Returned value was: None
[2024-10-02T19:25:49.455+0000] {taskinstance.py:441} INFO - ::group::Post task execution logs
[2024-10-02T19:25:49.486+0000] {taskinstance.py:1206} INFO - Marking task as SUCCESS. dag_id=etl_covid_europa_pipeline, task_id=transformar, run_id=scheduled__2024-01-30T00:00:00+00:00, execution_date=20240130T000000, start_date=20241002T192548, end_date=20241002T192549
[2024-10-02T19:25:49.569+0000] {local_task_job_runner.py:240} INFO - Task exited with return code 0
[2024-10-02T19:25:49.585+0000] {local_task_job_runner.py:222} INFO - ::endgroup::
