[2024-10-02T17:26:55.330+0000] {local_task_job_runner.py:120} INFO - ::group::Pre task execution logs
[2024-10-02T17:26:55.355+0000] {taskinstance.py:2076} INFO - Dependencies all met for dep_context=non-requeueable deps ti=<TaskInstance: etl_covid_europa_pipeline.extrair scheduled__2024-01-17T00:00:00+00:00 [queued]>
[2024-10-02T17:26:55.362+0000] {taskinstance.py:2076} INFO - Dependencies all met for dep_context=requeueable deps ti=<TaskInstance: etl_covid_europa_pipeline.extrair scheduled__2024-01-17T00:00:00+00:00 [queued]>
[2024-10-02T17:26:55.362+0000] {taskinstance.py:2306} INFO - Starting attempt 1 of 1
[2024-10-02T17:26:55.516+0000] {taskinstance.py:2330} INFO - Executing <Task(PythonOperator): extrair> on 2024-01-17 00:00:00+00:00
[2024-10-02T17:26:55.523+0000] {warnings.py:112} WARNING - /home/***/.local/lib/python3.12/site-packages/***/task/task_runner/standard_task_runner.py:61: DeprecationWarning: This process (pid=1782) is multi-threaded, use of fork() may lead to deadlocks in the child.
  pid = os.fork()

[2024-10-02T17:26:55.524+0000] {standard_task_runner.py:63} INFO - Started process 1790 to run task
[2024-10-02T17:26:55.524+0000] {standard_task_runner.py:90} INFO - Running: ['***', 'tasks', 'run', 'etl_covid_europa_pipeline', 'extrair', 'scheduled__2024-01-17T00:00:00+00:00', '--job-id', '204', '--raw', '--subdir', 'DAGS_FOLDER/etl_pipeline.py', '--cfg-path', '/tmp/tmp1jjofcex']
[2024-10-02T17:26:55.526+0000] {standard_task_runner.py:91} INFO - Job 204: Subtask extrair
[2024-10-02T17:26:55.563+0000] {task_command.py:426} INFO - Running <TaskInstance: etl_covid_europa_pipeline.extrair scheduled__2024-01-17T00:00:00+00:00 [running]> on host 99de7dfc3871
[2024-10-02T17:26:55.644+0000] {taskinstance.py:2648} INFO - Exporting env vars: AIRFLOW_CTX_DAG_OWNER='***' AIRFLOW_CTX_DAG_ID='etl_covid_europa_pipeline' AIRFLOW_CTX_TASK_ID='extrair' AIRFLOW_CTX_EXECUTION_DATE='2024-01-17T00:00:00+00:00' AIRFLOW_CTX_TRY_NUMBER='1' AIRFLOW_CTX_DAG_RUN_ID='scheduled__2024-01-17T00:00:00+00:00'
[2024-10-02T17:26:55.645+0000] {taskinstance.py:430} INFO - ::endgroup::
[2024-10-02T17:27:02.094+0000] {taskinstance.py:441} INFO - ::group::Post task execution logs
[2024-10-02T17:27:02.095+0000] {taskinstance.py:2905} ERROR - Task failed with exception
Traceback (most recent call last):
  File "/home/airflow/.local/lib/python3.12/site-packages/airflow/models/taskinstance.py", line 465, in _execute_task
    result = _execute_callable(context=context, **execute_callable_kwargs)
             ^^^^^^^^^^^^^^^^^^^^^^^^^^^^^^^^^^^^^^^^^^^^^^^^^^^^^^^^^^^^^
  File "/home/airflow/.local/lib/python3.12/site-packages/airflow/models/taskinstance.py", line 432, in _execute_callable
    return execute_callable(context=context, **execute_callable_kwargs)
           ^^^^^^^^^^^^^^^^^^^^^^^^^^^^^^^^^^^^^^^^^^^^^^^^^^^^^^^^^^^^
  File "/home/airflow/.local/lib/python3.12/site-packages/airflow/models/baseoperator.py", line 401, in wrapper
    return func(self, *args, **kwargs)
           ^^^^^^^^^^^^^^^^^^^^^^^^^^^
  File "/home/airflow/.local/lib/python3.12/site-packages/airflow/operators/python.py", line 235, in execute
    return_value = self.execute_callable()
                   ^^^^^^^^^^^^^^^^^^^^^^^
  File "/home/airflow/.local/lib/python3.12/site-packages/airflow/operators/python.py", line 252, in execute_callable
    return self.python_callable(*self.op_args, **self.op_kwargs)
           ^^^^^^^^^^^^^^^^^^^^^^^^^^^^^^^^^^^^^^^^^^^^^^^^^^^^^
  File "/opt/airflow/dags/etl_pipeline.py", line 10, in extrair
    df.to_csv('data/dados_covid_extraidos.csv', index=False)
  File "/home/airflow/.local/lib/python3.12/site-packages/pandas/core/generic.py", line 3902, in to_csv
    return DataFrameRenderer(formatter).to_csv(
           ^^^^^^^^^^^^^^^^^^^^^^^^^^^^^^^^^^^^
  File "/home/airflow/.local/lib/python3.12/site-packages/pandas/io/formats/format.py", line 1152, in to_csv
    csv_formatter.save()
  File "/home/airflow/.local/lib/python3.12/site-packages/pandas/io/formats/csvs.py", line 247, in save
    with get_handle(
         ^^^^^^^^^^^
  File "/home/airflow/.local/lib/python3.12/site-packages/pandas/io/common.py", line 863, in get_handle
    handle = open(
             ^^^^^
PermissionError: [Errno 13] Permission denied: 'data/dados_covid_extraidos.csv'
[2024-10-02T17:27:02.107+0000] {taskinstance.py:1206} INFO - Marking task as FAILED. dag_id=etl_covid_europa_pipeline, task_id=extrair, run_id=scheduled__2024-01-17T00:00:00+00:00, execution_date=20240117T000000, start_date=20241002T172655, end_date=20241002T172702
[2024-10-02T17:27:02.116+0000] {standard_task_runner.py:110} ERROR - Failed to execute job 204 for task extrair ([Errno 13] Permission denied: 'data/dados_covid_extraidos.csv'; 1790)
[2024-10-02T17:27:02.166+0000] {local_task_job_runner.py:240} INFO - Task exited with return code 1
[2024-10-02T17:27:02.173+0000] {local_task_job_runner.py:222} INFO - ::endgroup::
[2024-10-02T18:59:05.663+0000] {local_task_job_runner.py:120} INFO - ::group::Pre task execution logs
[2024-10-02T18:59:05.697+0000] {taskinstance.py:2076} INFO - Dependencies all met for dep_context=non-requeueable deps ti=<TaskInstance: etl_covid_europa_pipeline.extrair scheduled__2024-01-17T00:00:00+00:00 [queued]>
[2024-10-02T18:59:05.978+0000] {taskinstance.py:2076} INFO - Dependencies all met for dep_context=requeueable deps ti=<TaskInstance: etl_covid_europa_pipeline.extrair scheduled__2024-01-17T00:00:00+00:00 [queued]>
[2024-10-02T18:59:05.978+0000] {taskinstance.py:2306} INFO - Starting attempt 1 of 1
[2024-10-02T18:59:05.998+0000] {taskinstance.py:2330} INFO - Executing <Task(PythonOperator): extrair> on 2024-01-17 00:00:00+00:00
[2024-10-02T18:59:06.007+0000] {warnings.py:112} WARNING - /home/***/.local/lib/python3.12/site-packages/***/task/task_runner/standard_task_runner.py:61: DeprecationWarning: This process (pid=6147) is multi-threaded, use of fork() may lead to deadlocks in the child.
  pid = os.fork()

[2024-10-02T18:59:06.009+0000] {standard_task_runner.py:63} INFO - Started process 6161 to run task
[2024-10-02T18:59:06.009+0000] {standard_task_runner.py:90} INFO - Running: ['***', 'tasks', 'run', 'etl_covid_europa_pipeline', 'extrair', 'scheduled__2024-01-17T00:00:00+00:00', '--job-id', '1262', '--raw', '--subdir', 'DAGS_FOLDER/etl_pipeline.py', '--cfg-path', '/tmp/tmpm7dwyaof']
[2024-10-02T18:59:06.014+0000] {standard_task_runner.py:91} INFO - Job 1262: Subtask extrair
[2024-10-02T18:59:06.070+0000] {task_command.py:426} INFO - Running <TaskInstance: etl_covid_europa_pipeline.extrair scheduled__2024-01-17T00:00:00+00:00 [running]> on host 99de7dfc3871
[2024-10-02T18:59:06.178+0000] {taskinstance.py:2648} INFO - Exporting env vars: AIRFLOW_CTX_DAG_OWNER='***' AIRFLOW_CTX_DAG_ID='etl_covid_europa_pipeline' AIRFLOW_CTX_TASK_ID='extrair' AIRFLOW_CTX_EXECUTION_DATE='2024-01-17T00:00:00+00:00' AIRFLOW_CTX_TRY_NUMBER='1' AIRFLOW_CTX_DAG_RUN_ID='scheduled__2024-01-17T00:00:00+00:00'
[2024-10-02T18:59:06.182+0000] {taskinstance.py:430} INFO - ::endgroup::
[2024-10-02T18:59:12.659+0000] {python.py:237} INFO - Done. Returned value was: None
[2024-10-02T18:59:12.661+0000] {taskinstance.py:441} INFO - ::group::Post task execution logs
[2024-10-02T18:59:12.673+0000] {taskinstance.py:1206} INFO - Marking task as SUCCESS. dag_id=etl_covid_europa_pipeline, task_id=extrair, run_id=scheduled__2024-01-17T00:00:00+00:00, execution_date=20240117T000000, start_date=20241002T185905, end_date=20241002T185912
[2024-10-02T18:59:12.733+0000] {local_task_job_runner.py:240} INFO - Task exited with return code 0
[2024-10-02T18:59:12.770+0000] {taskinstance.py:3503} INFO - 1 downstream tasks scheduled from follow-on schedule check
[2024-10-02T18:59:12.782+0000] {local_task_job_runner.py:222} INFO - ::endgroup::
[2024-10-02T19:25:37.555+0000] {local_task_job_runner.py:120} INFO - ::group::Pre task execution logs
[2024-10-02T19:25:37.749+0000] {taskinstance.py:2076} INFO - Dependencies all met for dep_context=non-requeueable deps ti=<TaskInstance: etl_covid_europa_pipeline.extrair scheduled__2024-01-17T00:00:00+00:00 [queued]>
[2024-10-02T19:25:37.756+0000] {taskinstance.py:2076} INFO - Dependencies all met for dep_context=requeueable deps ti=<TaskInstance: etl_covid_europa_pipeline.extrair scheduled__2024-01-17T00:00:00+00:00 [queued]>
[2024-10-02T19:25:37.757+0000] {taskinstance.py:2306} INFO - Starting attempt 1 of 1
[2024-10-02T19:25:37.770+0000] {taskinstance.py:2330} INFO - Executing <Task(PythonOperator): extrair> on 2024-01-17 00:00:00+00:00
[2024-10-02T19:25:37.777+0000] {warnings.py:112} WARNING - /home/***/.local/lib/python3.12/site-packages/***/task/task_runner/standard_task_runner.py:61: DeprecationWarning: This process (pid=9607) is multi-threaded, use of fork() may lead to deadlocks in the child.
  pid = os.fork()

[2024-10-02T19:25:37.778+0000] {standard_task_runner.py:63} INFO - Started process 9621 to run task
[2024-10-02T19:25:37.779+0000] {standard_task_runner.py:90} INFO - Running: ['***', 'tasks', 'run', 'etl_covid_europa_pipeline', 'extrair', 'scheduled__2024-01-17T00:00:00+00:00', '--job-id', '2299', '--raw', '--subdir', 'DAGS_FOLDER/etl_pipeline.py', '--cfg-path', '/tmp/tmpkdgmhuqu']
[2024-10-02T19:25:37.781+0000] {standard_task_runner.py:91} INFO - Job 2299: Subtask extrair
[2024-10-02T19:25:37.829+0000] {task_command.py:426} INFO - Running <TaskInstance: etl_covid_europa_pipeline.extrair scheduled__2024-01-17T00:00:00+00:00 [running]> on host 99de7dfc3871
[2024-10-02T19:25:37.922+0000] {taskinstance.py:2648} INFO - Exporting env vars: AIRFLOW_CTX_DAG_OWNER='***' AIRFLOW_CTX_DAG_ID='etl_covid_europa_pipeline' AIRFLOW_CTX_TASK_ID='extrair' AIRFLOW_CTX_EXECUTION_DATE='2024-01-17T00:00:00+00:00' AIRFLOW_CTX_TRY_NUMBER='1' AIRFLOW_CTX_DAG_RUN_ID='scheduled__2024-01-17T00:00:00+00:00'
[2024-10-02T19:25:37.925+0000] {taskinstance.py:430} INFO - ::endgroup::
[2024-10-02T19:25:44.753+0000] {python.py:237} INFO - Done. Returned value was: None
[2024-10-02T19:25:44.754+0000] {taskinstance.py:441} INFO - ::group::Post task execution logs
[2024-10-02T19:25:44.763+0000] {taskinstance.py:1206} INFO - Marking task as SUCCESS. dag_id=etl_covid_europa_pipeline, task_id=extrair, run_id=scheduled__2024-01-17T00:00:00+00:00, execution_date=20240117T000000, start_date=20241002T192537, end_date=20241002T192544
[2024-10-02T19:25:44.890+0000] {local_task_job_runner.py:240} INFO - Task exited with return code 0
[2024-10-02T19:25:44.917+0000] {taskinstance.py:3503} INFO - 1 downstream tasks scheduled from follow-on schedule check
[2024-10-02T19:25:44.920+0000] {local_task_job_runner.py:222} INFO - ::endgroup::
